TRIPS LISP core build date: Sep 20 12:11
;; Lisp image mode is :DUMP
;; Re-initializing Lisp IO...
comm: initialize-socket: localhost:6232
io: initialize-socket: localhost:6232
;; Initial Lisp gc...
;; Starting all Lisp components...
;; loading parameters from #P"/Users/parisakordjamshidi/step/TRIPS/config/lisp/../../../etc/trips-step/params.lisp"
; loading #P"/Users/parisakordjamshidi/step/TRIPS/config/lisp/../../../etc/trips-step/params.lisp"

 ;;; loading grammar...

;; loading #P"/Users/parisakordjamshidi/step/TRIPS/config/lisp/../../../src/Parser/Grammar/hierarchical-features.lisp"
;Loaded "/Users/parisakordjamshidi/step/TRIPS/config/lisp/../../../src/Parser/Grammar/hierarchical-features.lisp"
;; loading #P"/Users/parisakordjamshidi/step/TRIPS/config/lisp/../../../src/Parser/Grammar/phrase-grammar.lisp"
;Loaded "/Users/parisakordjamshidi/step/TRIPS/config/lisp/../../../src/Parser/Grammar/phrase-grammar.lisp"
;; loading #P"/Users/parisakordjamshidi/step/TRIPS/config/lisp/../../../src/Parser/Grammar/time-grammar.lisp"
;Loaded "/Users/parisakordjamshidi/step/TRIPS/config/lisp/../../../src/Parser/Grammar/time-grammar.lisp"
;; loading #P"/Users/parisakordjamshidi/step/TRIPS/config/lisp/../../../src/Parser/Grammar/clause-grammar.lisp"
;Loaded "/Users/parisakordjamshidi/step/TRIPS/config/lisp/../../../src/Parser/Grammar/clause-grammar.lisp"
;; loading #P"/Users/parisakordjamshidi/step/TRIPS/config/lisp/../../../src/Parser/Grammar/adverbial-grammar.lisp"
;Loaded "/Users/parisakordjamshidi/step/TRIPS/config/lisp/../../../src/Parser/Grammar/adverbial-grammar.lisp"
;; loading #P"/Users/parisakordjamshidi/step/TRIPS/config/lisp/../../../src/Parser/Grammar/procedures.lisp"
;Loaded "/Users/parisakordjamshidi/step/TRIPS/config/lisp/../../../src/Parser/Grammar/procedures.lisp"

Running with customized parser settings:
 ((PARSER::*IN-SYSTEM* :STEP) (PARSER::*WORD-LENGTH* 7)
  (PARSER::*SCORE-LENGTH-MULTIPLIER* 0.4) (PARSER::*SCORE-CORNER-MULTIPLIER* 0)
  (PARSER::*USE-TAGS-AS-FILTER* T) (PARSER::*BAD-TAG-MULTIPLIER* 0.98)
  (PARSER::*SKELETON-CONSTIT-CATS* '(W::NP W::CP W::VP W::ADVBL W::S))
  (PARSER::*SKELETON-BOOST-FACTOR* 1.01)
  ((SETF (PARSER::BARRIER-PENALTY PARSER::*CHART*) 0.99))
  (PARSER::*KR-TYPE-INFO-DESIRED* '(:WNSENSE))
  (PARSER::*NO-POSITIONS-IN-LF* NIL) ((PARSER::SETMAXNUMBERENTRIES 5000))
  ((PARSER::SETMAXCHARTSIZE 5000))
  ((SETF (PARSER::NUMBER-PARSES-TO-FIND PARSER::*CHART*) 10))
  ((SETF (PARSER::FLEXIBLE-SEMANTIC-MATCHING PARSER::*CHART*) T))
  ((SETF (PARSER::NUMBER-PARSES-DESIRED PARSER::*CHART*) 4))
  (PARSER::*INCLUDE-PARSE-TREE-IN-MESSAGES* '(W::LEX))
  (PARSER::*SEMANTIC-SKELETON-SCORING-ENABLED* T)
  ((PARSER::CUSTOMIZE-COST-TABLE
    '((ONT::SA_QUERY 1.2) (ONT::SA_IDENTIFY 2) (ONT::SA_PRED-FRAGMENT 2)
      (ONT::SA_REQUEST 1.2) (ONT::SA_YN-QUESTION 1.2) (ONT::SA_CONFIRM 1.3)
      (ONT::SA_WH-QUESTION 1.2) (ONT::SA_TELL 1) (W::CP 2) (W::VP 2)
      (W::PUNC 0.5)))))

; file: /Users/parisakordjamshidi/step/etc/trips-step/params.lisp
; in: SETQ IM::*NO-BA-MODE*
;     (SETQ IM::*NO-BA-MODE* T)
; 
; caught WARNING:
;   undefined variable: IM::*NO-BA-MODE*
; 
; compilation unit finished
;   Undefined variable:
;     IM::*NO-BA-MODE*
;   caught 1 WARNING condition
;; starting OLD-TRIPS-COMPONENT: LXM
;; starting DFC-COMPONENT: PARSER
;; starting DFC-COMPONENT: IM
; loading #P"/Users/parisakordjamshidi/step/TRIPS/config/lisp/../../../src/OntologyManager/Data/LFdata/feature-declarations.lisp"
;Loaded "/Users/parisakordjamshidi/step/TRIPS/config/lisp/../../../src/OntologyManager/Data/LFdata/feature-declarations.lisp"
; loading #P"/Users/parisakordjamshidi/step/TRIPS/config/lisp/../../../src/OntologyManager/Data/LFdata/feature-types.lisp"
;Loaded "/Users/parisakordjamshidi/step/TRIPS/config/lisp/../../../src/OntologyManager/Data/LFdata/feature-types.lisp"
; loading #P"/Users/parisakordjamshidi/step/TRIPS/config/lisp/../../../src/OntologyManager/Data/LFdata/root-types.lisp"
;Loaded "/Users/parisakordjamshidi/step/TRIPS/config/lisp/../../../src/OntologyManager/Data/LFdata/root-types.lisp"
; loading #P"/Users/parisakordjamshidi/step/TRIPS/config/lisp/../../../src/OntologyManager/Data/LFdata/speech-acts.lisp"
;Loaded "/Users/parisakordjamshidi/step/TRIPS/config/lisp/../../../src/OntologyManager/Data/LFdata/speech-acts.lisp"
; loading #P"/Users/parisakordjamshidi/step/TRIPS/config/lisp/../../../src/OntologyManager/Data/LFdata/predicates.lisp"
;Loaded "/Users/parisakordjamshidi/step/TRIPS/config/lisp/../../../src/OntologyManager/Data/LFdata/predicates.lisp"
; loading #P"/Users/parisakordjamshidi/step/TRIPS/config/lisp/../../../src/OntologyManager/Data/LFdata/time-location-types.lisp"
;Loaded "/Users/parisakordjamshidi/step/TRIPS/config/lisp/../../../src/OntologyManager/Data/LFdata/time-location-types.lisp"
; loading #P"/Users/parisakordjamshidi/step/TRIPS/config/lisp/../../../src/OntologyManager/Data/LFdata/physobj.lisp"
;Loaded "/Users/parisakordjamshidi/step/TRIPS/config/lisp/../../../src/OntologyManager/Data/LFdata/physobj.lisp"
; loading #P"/Users/parisakordjamshidi/step/TRIPS/config/lisp/../../../src/OntologyManager/Data/LFdata/situation-types.lisp"
;Loaded "/Users/parisakordjamshidi/step/TRIPS/config/lisp/../../../src/OntologyManager/Data/LFdata/situation-types.lisp"
; loading #P"/Users/parisakordjamshidi/step/TRIPS/config/lisp/../../../src/OntologyManager/Data/LFdata/abstract-types.lisp"
;; starting DFC-COMPONENT: WEBPARSER
;Loaded "/Users/parisakordjamshidi/step/TRIPS/config/lisp/../../../src/OntologyManager/Data/LFdata/abstract-types.lisp"
; loading #P"/Users/parisakordjamshidi/step/TRIPS/config/lisp/../../../src/OntologyManager/Data/LFdata/property-val.lisp"
;; Initial thread sleeping practically forever
;Loaded "/Users/parisakordjamshidi/step/TRIPS/config/lisp/../../../src/OntologyManager/Data/LFdata/property-val.lisp"
; loading #P"/Users/parisakordjamshidi/step/TRIPS/config/lisp/../../../src/OntologyManager/Data/LFdata/domain-and-attribute-types.lisp"
;Loaded "/Users/parisakordjamshidi/step/TRIPS/config/lisp/../../../src/OntologyManager/Data/LFdata/domain-and-attribute-types.lisp"
; loading #P"/Users/parisakordjamshidi/step/TRIPS/config/lisp/../../../src/OntologyManager/Data/LFdata/specific-situation-types.lisp"
;Loaded "/Users/parisakordjamshidi/step/TRIPS/config/lisp/../../../src/OntologyManager/Data/LFdata/specific-situation-types.lisp"
; loading #P"/Users/parisakordjamshidi/step/TRIPS/config/lisp/../../../src/OntologyManager/Data/LFdata/social-contract.lisp"
;Loaded "/Users/parisakordjamshidi/step/TRIPS/config/lisp/../../../src/OntologyManager/Data/LFdata/social-contract.lisp"
; loading #P"/Users/parisakordjamshidi/step/TRIPS/config/lisp/../../../src/OntologyManager/Data/LFdata/music-terminology.lisp"
;Loaded "/Users/parisakordjamshidi/step/TRIPS/config/lisp/../../../src/OntologyManager/Data/LFdata/music-terminology.lisp"
;; om: loading scenario: default
; loading #P"/Users/parisakordjamshidi/step/TRIPS/config/lisp/../../../src/OntologyManager/Data/Domains/default/defsys.lisp"
;; om: loading transforms for scenario: default
; loading #P"/Users/parisakordjamshidi/step/TRIPS/config/lisp/../../../src/OntologyManager/Data/LFTransforms/default/defsys.lisp"
; loading #P"/Users/parisakordjamshidi/step/TRIPS/config/lisp/../../../src/OntologyManager/Data/LFTransforms/default/default-rules.lisp"
;Loaded "/Users/parisakordjamshidi/step/TRIPS/config/lisp/../../../src/OntologyManager/Data/LFTransforms/default/default-rules.lisp"
;; om: done loading scenario: default
im: new channel: DESKTOP
im: new channel: DESKTOP
lxm: warning: Invalid sense definition for word W::OF:
  #S(LEXICONMANAGER::SENSE-DEFINITION
     :POS W::ADV
     :LF NIL
     :SEM NIL
     :PREF 0.99
     :NONHIERARCHY-LF NIL
     :SYNTAX NIL
     :BOOST-WORD NIL
     :META-DATA (:ORIGIN LEXICONMANAGER::CARDIAC :ENTRY-DATE 20090427
                 :CHANGE-DATE NIL :COMMENTS NIL)
     :PROTOTYPICAL-WORD NIL
     :LF-PARENT ONT::LIKELIHOOD
     :LF-FORM W::OF-COURSE
     :TEMPL LEXICONMANAGER::PRED-S-VP-TEMPL
     :PARAMS NIL)
  Syntax-semantic mapping
  #S(LEXICONMANAGER::WORD-SYNSEM-MAP
     :NAME LEXICONMANAGER::ARGUMENT
     :SLOT ONT::FIGURE
     :OPTIONAL NIL
     :MAPONLY NIL
     :VARNAME LEXICONMANAGER::ARGUMENT
     :SYNTCAT W::S
     :SYNTFEAT ((W::LF LEXICONMANAGER::?ARGUMENTLF)
                (W::SORT LEXICONMANAGER::?ARGUMENTSORT)
                (W::SUBJVAR LEXICONMANAGER::?ARGUMENTSUBJVAR)
                (W::LEX LEXICONMANAGER::?ARGUMENTLEX)
                (W::VAR LEXICONMANAGER::?ARGUMENTVAR)
                (W::AGR LEXICONMANAGER::?ARGUMENTAGR)
                (W::CASE LEXICONMANAGER::?ARGUMENTCASE)))
  incompatible with allowed semantic role list
  NIL
  - no role ONT::FIGURE present
im: new channel: DESKTOP
lxm: warning: Invalid sense definition for word W::OF:
  #S(LEXICONMANAGER::SENSE-DEFINITION
     :POS W::ADV
     :LF NIL
     :SEM NIL
     :PREF 0.99
     :NONHIERARCHY-LF NIL
     :SYNTAX NIL
     :BOOST-WORD NIL
     :META-DATA (:ORIGIN LEXICONMANAGER::CARDIAC :ENTRY-DATE 20090427
                 :CHANGE-DATE NIL :COMMENTS NIL)
     :PROTOTYPICAL-WORD NIL
     :LF-PARENT ONT::LIKELIHOOD
     :LF-FORM W::OF-COURSE
     :TEMPL LEXICONMANAGER::PRED-S-VP-TEMPL
     :PARAMS NIL)
  Syntax-semantic mapping
  #S(LEXICONMANAGER::WORD-SYNSEM-MAP
     :NAME LEXICONMANAGER::ARGUMENT
     :SLOT ONT::FIGURE
     :OPTIONAL NIL
     :MAPONLY NIL
     :VARNAME LEXICONMANAGER::ARGUMENT
     :SYNTCAT W::S
     :SYNTFEAT ((W::LF LEXICONMANAGER::?ARGUMENTLF)
                (W::SORT LEXICONMANAGER::?ARGUMENTSORT)
                (W::SUBJVAR LEXICONMANAGER::?ARGUMENTSUBJVAR)
                (W::LEX LEXICONMANAGER::?ARGUMENTLEX)
                (W::VAR LEXICONMANAGER::?ARGUMENTVAR)
                (W::AGR LEXICONMANAGER::?ARGUMENTAGR)
                (W::CASE LEXICONMANAGER::?ARGUMENTCASE)))
  incompatible with allowed semantic role list
  NIL
  - no role ONT::FIGURE present
im: new channel: DESKTOP
im: new channel: DESKTOP
lxm: warning: Invalid sense definition for word W::OF:
  #S(LEXICONMANAGER::SENSE-DEFINITION
     :POS W::ADV
     :LF NIL
     :SEM NIL
     :PREF 0.99
     :NONHIERARCHY-LF NIL
     :SYNTAX NIL
     :BOOST-WORD NIL
     :META-DATA (:ORIGIN LEXICONMANAGER::CARDIAC :ENTRY-DATE 20090427
                 :CHANGE-DATE NIL :COMMENTS NIL)
     :PROTOTYPICAL-WORD NIL
     :LF-PARENT ONT::LIKELIHOOD
     :LF-FORM W::OF-COURSE
     :TEMPL LEXICONMANAGER::PRED-S-VP-TEMPL
     :PARAMS NIL)
  Syntax-semantic mapping
  #S(LEXICONMANAGER::WORD-SYNSEM-MAP
     :NAME LEXICONMANAGER::ARGUMENT
     :SLOT ONT::FIGURE
     :OPTIONAL NIL
     :MAPONLY NIL
     :VARNAME LEXICONMANAGER::ARGUMENT
     :SYNTCAT W::S
     :SYNTFEAT ((W::LF LEXICONMANAGER::?ARGUMENTLF)
                (W::SORT LEXICONMANAGER::?ARGUMENTSORT)
                (W::SUBJVAR LEXICONMANAGER::?ARGUMENTSUBJVAR)
                (W::LEX LEXICONMANAGER::?ARGUMENTLEX)
                (W::VAR LEXICONMANAGER::?ARGUMENTVAR)
                (W::AGR LEXICONMANAGER::?ARGUMENTAGR)
                (W::CASE LEXICONMANAGER::?ARGUMENTCASE)))
  incompatible with allowed semantic role list
  NIL
  - no role ONT::FIGURE present
im: new channel: DESKTOP
lxm: warning: Invalid sense definition for word W::OF:
  #S(LEXICONMANAGER::SENSE-DEFINITION
     :POS W::ADV
     :LF NIL
     :SEM NIL
     :PREF 0.99
     :NONHIERARCHY-LF NIL
     :SYNTAX NIL
     :BOOST-WORD NIL
     :META-DATA (:ORIGIN LEXICONMANAGER::CARDIAC :ENTRY-DATE 20090427
                 :CHANGE-DATE NIL :COMMENTS NIL)
     :PROTOTYPICAL-WORD NIL
     :LF-PARENT ONT::LIKELIHOOD
     :LF-FORM W::OF-COURSE
     :TEMPL LEXICONMANAGER::PRED-S-VP-TEMPL
     :PARAMS NIL)
  Syntax-semantic mapping
  #S(LEXICONMANAGER::WORD-SYNSEM-MAP
     :NAME LEXICONMANAGER::ARGUMENT
     :SLOT ONT::FIGURE
     :OPTIONAL NIL
     :MAPONLY NIL
     :VARNAME LEXICONMANAGER::ARGUMENT
     :SYNTCAT W::S
     :SYNTFEAT ((W::LF LEXICONMANAGER::?ARGUMENTLF)
                (W::SORT LEXICONMANAGER::?ARGUMENTSORT)
                (W::SUBJVAR LEXICONMANAGER::?ARGUMENTSUBJVAR)
                (W::LEX LEXICONMANAGER::?ARGUMENTLEX)
                (W::VAR LEXICONMANAGER::?ARGUMENTVAR)
                (W::AGR LEXICONMANAGER::?ARGUMENTAGR)
                (W::CASE LEXICONMANAGER::?ARGUMENTCASE)))
  incompatible with allowed semantic role list
  NIL
  - no role ONT::FIGURE present
im: new channel: DESKTOP
lfontology: warning:  Incompatible feature values (F::TIME-SPAN F::ATOMIC) and (F::TIME-SPAN
                                                                                F::EXTENDED) in for child ((F::TIME-SPAN
                                                                                                            F::ATOMIC)
                                                                                                           (F::TYPE
                                                                                                            ONT::ACTIVE-PERCEPTION)
                                                                                                           (F::ASPECT
                                                                                                            F::STATIC)
                                                                                                           (F::CONTAINER
                                                                                                            -)
                                                                                                           (F::INFORMATION
                                                                                                            F::MENTAL-CONSTRUCT)
                                                                                                           (F::INTENTIONAL
                                                                                                            -)) of parent ((F::TIME-SPAN
                                                                                                                            F::EXTENDED))
lxm: warning: Invalid sense definition for word W::OF:
  #S(LEXICONMANAGER::SENSE-DEFINITION
     :POS W::ADV
     :LF NIL
     :SEM NIL
     :PREF 0.99
     :NONHIERARCHY-LF NIL
     :SYNTAX NIL
     :BOOST-WORD NIL
     :META-DATA (:ORIGIN LEXICONMANAGER::CARDIAC :ENTRY-DATE 20090427
                 :CHANGE-DATE NIL :COMMENTS NIL)
     :PROTOTYPICAL-WORD NIL
     :LF-PARENT ONT::LIKELIHOOD
     :LF-FORM W::OF-COURSE
     :TEMPL LEXICONMANAGER::PRED-S-VP-TEMPL
     :PARAMS NIL)
  Syntax-semantic mapping
  #S(LEXICONMANAGER::WORD-SYNSEM-MAP
     :NAME LEXICONMANAGER::ARGUMENT
     :SLOT ONT::FIGURE
     :OPTIONAL NIL
     :MAPONLY NIL
     :VARNAME LEXICONMANAGER::ARGUMENT
     :SYNTCAT W::S
     :SYNTFEAT ((W::LF LEXICONMANAGER::?ARGUMENTLF)
                (W::SORT LEXICONMANAGER::?ARGUMENTSORT)
                (W::SUBJVAR LEXICONMANAGER::?ARGUMENTSUBJVAR)
                (W::LEX LEXICONMANAGER::?ARGUMENTLEX)
                (W::VAR LEXICONMANAGER::?ARGUMENTVAR)
                (W::AGR LEXICONMANAGER::?ARGUMENTAGR)
                (W::CASE LEXICONMANAGER::?ARGUMENTCASE)))
  incompatible with allowed semantic role list
  NIL
  - no role ONT::FIGURE present
im: new channel: DESKTOP
im: new channel: DESKTOP
im: new channel: DESKTOP
lxm: warning: Invalid sense definition for word W::OF:
  #S(LEXICONMANAGER::SENSE-DEFINITION
     :POS W::ADV
     :LF NIL
     :SEM NIL
     :PREF 0.99
     :NONHIERARCHY-LF NIL
     :SYNTAX NIL
     :BOOST-WORD NIL
     :META-DATA (:ORIGIN LEXICONMANAGER::CARDIAC :ENTRY-DATE 20090427
                 :CHANGE-DATE NIL :COMMENTS NIL)
     :PROTOTYPICAL-WORD NIL
     :LF-PARENT ONT::LIKELIHOOD
     :LF-FORM W::OF-COURSE
     :TEMPL LEXICONMANAGER::PRED-S-VP-TEMPL
     :PARAMS NIL)
  Syntax-semantic mapping
  #S(LEXICONMANAGER::WORD-SYNSEM-MAP
     :NAME LEXICONMANAGER::ARGUMENT
     :SLOT ONT::FIGURE
     :OPTIONAL NIL
     :MAPONLY NIL
     :VARNAME LEXICONMANAGER::ARGUMENT
     :SYNTCAT W::S
     :SYNTFEAT ((W::LF LEXICONMANAGER::?ARGUMENTLF)
                (W::SORT LEXICONMANAGER::?ARGUMENTSORT)
                (W::SUBJVAR LEXICONMANAGER::?ARGUMENTSUBJVAR)
                (W::LEX LEXICONMANAGER::?ARGUMENTLEX)
                (W::VAR LEXICONMANAGER::?ARGUMENTVAR)
                (W::AGR LEXICONMANAGER::?ARGUMENTAGR)
                (W::CASE LEXICONMANAGER::?ARGUMENTCASE)))
  incompatible with allowed semantic role list
  NIL
  - no role ONT::FIGURE present
im: new channel: DESKTOP
lxm: warning: Invalid sense definition for word W::OF:
  #S(LEXICONMANAGER::SENSE-DEFINITION
     :POS W::ADV
     :LF NIL
     :SEM NIL
     :PREF 0.99
     :NONHIERARCHY-LF NIL
     :SYNTAX NIL
     :BOOST-WORD NIL
     :META-DATA (:ORIGIN LEXICONMANAGER::CARDIAC :ENTRY-DATE 20090427
                 :CHANGE-DATE NIL :COMMENTS NIL)
     :PROTOTYPICAL-WORD NIL
     :LF-PARENT ONT::LIKELIHOOD
     :LF-FORM W::OF-COURSE
     :TEMPL LEXICONMANAGER::PRED-S-VP-TEMPL
     :PARAMS NIL)
  Syntax-semantic mapping
  #S(LEXICONMANAGER::WORD-SYNSEM-MAP
     :NAME LEXICONMANAGER::ARGUMENT
     :SLOT ONT::FIGURE
     :OPTIONAL NIL
     :MAPONLY NIL
     :VARNAME LEXICONMANAGER::ARGUMENT
     :SYNTCAT W::S
     :SYNTFEAT ((W::LF LEXICONMANAGER::?ARGUMENTLF)
                (W::SORT LEXICONMANAGER::?ARGUMENTSORT)
                (W::SUBJVAR LEXICONMANAGER::?ARGUMENTSUBJVAR)
                (W::LEX LEXICONMANAGER::?ARGUMENTLEX)
                (W::VAR LEXICONMANAGER::?ARGUMENTVAR)
                (W::AGR LEXICONMANAGER::?ARGUMENTAGR)
                (W::CASE LEXICONMANAGER::?ARGUMENTCASE)))
  incompatible with allowed semantic role list
  NIL
  - no role ONT::FIGURE present
im: new channel: DESKTOP
lxm: warning: Invalid sense definition for word W::OF:
  #S(LEXICONMANAGER::SENSE-DEFINITION
     :POS W::ADV
     :LF NIL
     :SEM NIL
     :PREF 0.99
     :NONHIERARCHY-LF NIL
     :SYNTAX NIL
     :BOOST-WORD NIL
     :META-DATA (:ORIGIN LEXICONMANAGER::CARDIAC :ENTRY-DATE 20090427
                 :CHANGE-DATE NIL :COMMENTS NIL)
     :PROTOTYPICAL-WORD NIL
     :LF-PARENT ONT::LIKELIHOOD
     :LF-FORM W::OF-COURSE
     :TEMPL LEXICONMANAGER::PRED-S-VP-TEMPL
     :PARAMS NIL)
  Syntax-semantic mapping
  #S(LEXICONMANAGER::WORD-SYNSEM-MAP
     :NAME LEXICONMANAGER::ARGUMENT
     :SLOT ONT::FIGURE
     :OPTIONAL NIL
     :MAPONLY NIL
     :VARNAME LEXICONMANAGER::ARGUMENT
     :SYNTCAT W::S
     :SYNTFEAT ((W::LF LEXICONMANAGER::?ARGUMENTLF)
                (W::SORT LEXICONMANAGER::?ARGUMENTSORT)
                (W::SUBJVAR LEXICONMANAGER::?ARGUMENTSUBJVAR)
                (W::LEX LEXICONMANAGER::?ARGUMENTLEX)
                (W::VAR LEXICONMANAGER::?ARGUMENTVAR)
                (W::AGR LEXICONMANAGER::?ARGUMENTAGR)
                (W::CASE LEXICONMANAGER::?ARGUMENTCASE)))
  incompatible with allowed semantic role list
  NIL
  - no role ONT::FIGURE present
im: new channel: DESKTOP
lxm: warning: Invalid sense definition for word W::OF:
  #S(LEXICONMANAGER::SENSE-DEFINITION
     :POS W::ADV
     :LF NIL
     :SEM NIL
     :PREF 0.99
     :NONHIERARCHY-LF NIL
     :SYNTAX NIL
     :BOOST-WORD NIL
     :META-DATA (:ORIGIN LEXICONMANAGER::CARDIAC :ENTRY-DATE 20090427
                 :CHANGE-DATE NIL :COMMENTS NIL)
     :PROTOTYPICAL-WORD NIL
     :LF-PARENT ONT::LIKELIHOOD
     :LF-FORM W::OF-COURSE
     :TEMPL LEXICONMANAGER::PRED-S-VP-TEMPL
     :PARAMS NIL)
  Syntax-semantic mapping
  #S(LEXICONMANAGER::WORD-SYNSEM-MAP
     :NAME LEXICONMANAGER::ARGUMENT
     :SLOT ONT::FIGURE
     :OPTIONAL NIL
     :MAPONLY NIL
     :VARNAME LEXICONMANAGER::ARGUMENT
     :SYNTCAT W::S
     :SYNTFEAT ((W::LF LEXICONMANAGER::?ARGUMENTLF)
                (W::SORT LEXICONMANAGER::?ARGUMENTSORT)
                (W::SUBJVAR LEXICONMANAGER::?ARGUMENTSUBJVAR)
                (W::LEX LEXICONMANAGER::?ARGUMENTLEX)
                (W::VAR LEXICONMANAGER::?ARGUMENTVAR)
                (W::AGR LEXICONMANAGER::?ARGUMENTAGR)
                (W::CASE LEXICONMANAGER::?ARGUMENTCASE)))
  incompatible with allowed semantic role list
  NIL
  - no role ONT::FIGURE present
im: new channel: DESKTOP
im: new channel: DESKTOP
lxm: warning: Invalid sense definition for word W::OF:
  #S(LEXICONMANAGER::SENSE-DEFINITION
     :POS W::ADV
     :LF NIL
     :SEM NIL
     :PREF 0.99
     :NONHIERARCHY-LF NIL
     :SYNTAX NIL
     :BOOST-WORD NIL
     :META-DATA (:ORIGIN LEXICONMANAGER::CARDIAC :ENTRY-DATE 20090427
                 :CHANGE-DATE NIL :COMMENTS NIL)
     :PROTOTYPICAL-WORD NIL
     :LF-PARENT ONT::LIKELIHOOD
     :LF-FORM W::OF-COURSE
     :TEMPL LEXICONMANAGER::PRED-S-VP-TEMPL
     :PARAMS NIL)
  Syntax-semantic mapping
  #S(LEXICONMANAGER::WORD-SYNSEM-MAP
     :NAME LEXICONMANAGER::ARGUMENT
     :SLOT ONT::FIGURE
     :OPTIONAL NIL
     :MAPONLY NIL
     :VARNAME LEXICONMANAGER::ARGUMENT
     :SYNTCAT W::S
     :SYNTFEAT ((W::LF LEXICONMANAGER::?ARGUMENTLF)
                (W::SORT LEXICONMANAGER::?ARGUMENTSORT)
                (W::SUBJVAR LEXICONMANAGER::?ARGUMENTSUBJVAR)
                (W::LEX LEXICONMANAGER::?ARGUMENTLEX)
                (W::VAR LEXICONMANAGER::?ARGUMENTVAR)
                (W::AGR LEXICONMANAGER::?ARGUMENTAGR)
                (W::CASE LEXICONMANAGER::?ARGUMENTCASE)))
  incompatible with allowed semantic role list
  NIL
  - no role ONT::FIGURE present
im: new channel: DESKTOP
lxm: warning: Invalid sense definition for word W::OF:
  #S(LEXICONMANAGER::SENSE-DEFINITION
     :POS W::ADV
     :LF NIL
     :SEM NIL
     :PREF 0.99
     :NONHIERARCHY-LF NIL
     :SYNTAX NIL
     :BOOST-WORD NIL
     :META-DATA (:ORIGIN LEXICONMANAGER::CARDIAC :ENTRY-DATE 20090427
                 :CHANGE-DATE NIL :COMMENTS NIL)
     :PROTOTYPICAL-WORD NIL
     :LF-PARENT ONT::LIKELIHOOD
     :LF-FORM W::OF-COURSE
     :TEMPL LEXICONMANAGER::PRED-S-VP-TEMPL
     :PARAMS NIL)
  Syntax-semantic mapping
  #S(LEXICONMANAGER::WORD-SYNSEM-MAP
     :NAME LEXICONMANAGER::ARGUMENT
     :SLOT ONT::FIGURE
     :OPTIONAL NIL
     :MAPONLY NIL
     :VARNAME LEXICONMANAGER::ARGUMENT
     :SYNTCAT W::S
     :SYNTFEAT ((W::LF LEXICONMANAGER::?ARGUMENTLF)
                (W::SORT LEXICONMANAGER::?ARGUMENTSORT)
                (W::SUBJVAR LEXICONMANAGER::?ARGUMENTSUBJVAR)
                (W::LEX LEXICONMANAGER::?ARGUMENTLEX)
                (W::VAR LEXICONMANAGER::?ARGUMENTVAR)
                (W::AGR LEXICONMANAGER::?ARGUMENTAGR)
                (W::CASE LEXICONMANAGER::?ARGUMENTCASE)))
  incompatible with allowed semantic role list
  NIL
  - no role ONT::FIGURE present
im: new channel: DESKTOP
lxm: warning: Invalid sense definition for word W::OF:
  #S(LEXICONMANAGER::SENSE-DEFINITION
     :POS W::ADV
     :LF NIL
     :SEM NIL
     :PREF 0.99
     :NONHIERARCHY-LF NIL
     :SYNTAX NIL
     :BOOST-WORD NIL
     :META-DATA (:ORIGIN LEXICONMANAGER::CARDIAC :ENTRY-DATE 20090427
                 :CHANGE-DATE NIL :COMMENTS NIL)
     :PROTOTYPICAL-WORD NIL
     :LF-PARENT ONT::LIKELIHOOD
     :LF-FORM W::OF-COURSE
     :TEMPL LEXICONMANAGER::PRED-S-VP-TEMPL
     :PARAMS NIL)
  Syntax-semantic mapping
  #S(LEXICONMANAGER::WORD-SYNSEM-MAP
     :NAME LEXICONMANAGER::ARGUMENT
     :SLOT ONT::FIGURE
     :OPTIONAL NIL
     :MAPONLY NIL
     :VARNAME LEXICONMANAGER::ARGUMENT
     :SYNTCAT W::S
     :SYNTFEAT ((W::LF LEXICONMANAGER::?ARGUMENTLF)
                (W::SORT LEXICONMANAGER::?ARGUMENTSORT)
                (W::SUBJVAR LEXICONMANAGER::?ARGUMENTSUBJVAR)
                (W::LEX LEXICONMANAGER::?ARGUMENTLEX)
                (W::VAR LEXICONMANAGER::?ARGUMENTVAR)
                (W::AGR LEXICONMANAGER::?ARGUMENTAGR)
                (W::CASE LEXICONMANAGER::?ARGUMENTCASE)))
  incompatible with allowed semantic role list
  NIL
  - no role ONT::FIGURE present
im: new channel: DESKTOP
im: new channel: DESKTOP
lxm: warning: Invalid sense definition for word W::OF:
  #S(LEXICONMANAGER::SENSE-DEFINITION
     :POS W::ADV
     :LF NIL
     :SEM NIL
     :PREF 0.99
     :NONHIERARCHY-LF NIL
     :SYNTAX NIL
     :BOOST-WORD NIL
     :META-DATA (:ORIGIN LEXICONMANAGER::CARDIAC :ENTRY-DATE 20090427
                 :CHANGE-DATE NIL :COMMENTS NIL)
     :PROTOTYPICAL-WORD NIL
     :LF-PARENT ONT::LIKELIHOOD
     :LF-FORM W::OF-COURSE
     :TEMPL LEXICONMANAGER::PRED-S-VP-TEMPL
     :PARAMS NIL)
  Syntax-semantic mapping
  #S(LEXICONMANAGER::WORD-SYNSEM-MAP
     :NAME LEXICONMANAGER::ARGUMENT
     :SLOT ONT::FIGURE
     :OPTIONAL NIL
     :MAPONLY NIL
     :VARNAME LEXICONMANAGER::ARGUMENT
     :SYNTCAT W::S
     :SYNTFEAT ((W::LF LEXICONMANAGER::?ARGUMENTLF)
                (W::SORT LEXICONMANAGER::?ARGUMENTSORT)
                (W::SUBJVAR LEXICONMANAGER::?ARGUMENTSUBJVAR)
                (W::LEX LEXICONMANAGER::?ARGUMENTLEX)
                (W::VAR LEXICONMANAGER::?ARGUMENTVAR)
                (W::AGR LEXICONMANAGER::?ARGUMENTAGR)
                (W::CASE LEXICONMANAGER::?ARGUMENTCASE)))
  incompatible with allowed semantic role list
  NIL
  - no role ONT::FIGURE present
im: new channel: DESKTOP
lxm: warning: Invalid sense definition for word W::OF:
  #S(LEXICONMANAGER::SENSE-DEFINITION
     :POS W::ADV
     :LF NIL
     :SEM NIL
     :PREF 0.99
     :NONHIERARCHY-LF NIL
     :SYNTAX NIL
     :BOOST-WORD NIL
     :META-DATA (:ORIGIN LEXICONMANAGER::CARDIAC :ENTRY-DATE 20090427
                 :CHANGE-DATE NIL :COMMENTS NIL)
     :PROTOTYPICAL-WORD NIL
     :LF-PARENT ONT::LIKELIHOOD
     :LF-FORM W::OF-COURSE
     :TEMPL LEXICONMANAGER::PRED-S-VP-TEMPL
     :PARAMS NIL)
  Syntax-semantic mapping
  #S(LEXICONMANAGER::WORD-SYNSEM-MAP
     :NAME LEXICONMANAGER::ARGUMENT
     :SLOT ONT::FIGURE
     :OPTIONAL NIL
     :MAPONLY NIL
     :VARNAME LEXICONMANAGER::ARGUMENT
     :SYNTCAT W::S
     :SYNTFEAT ((W::LF LEXICONMANAGER::?ARGUMENTLF)
                (W::SORT LEXICONMANAGER::?ARGUMENTSORT)
                (W::SUBJVAR LEXICONMANAGER::?ARGUMENTSUBJVAR)
                (W::LEX LEXICONMANAGER::?ARGUMENTLEX)
                (W::VAR LEXICONMANAGER::?ARGUMENTVAR)
                (W::AGR LEXICONMANAGER::?ARGUMENTAGR)
                (W::CASE LEXICONMANAGER::?ARGUMENTCASE)))
  incompatible with allowed semantic role list
  NIL
  - no role ONT::FIGURE present
im: new channel: DESKTOP
lxm: warning: Invalid sense definition for word W::OF:
  #S(LEXICONMANAGER::SENSE-DEFINITION
     :POS W::ADV
     :LF NIL
     :SEM NIL
     :PREF 0.99
     :NONHIERARCHY-LF NIL
     :SYNTAX NIL
     :BOOST-WORD NIL
     :META-DATA (:ORIGIN LEXICONMANAGER::CARDIAC :ENTRY-DATE 20090427
                 :CHANGE-DATE NIL :COMMENTS NIL)
     :PROTOTYPICAL-WORD NIL
     :LF-PARENT ONT::LIKELIHOOD
     :LF-FORM W::OF-COURSE
     :TEMPL LEXICONMANAGER::PRED-S-VP-TEMPL
     :PARAMS NIL)
  Syntax-semantic mapping
  #S(LEXICONMANAGER::WORD-SYNSEM-MAP
     :NAME LEXICONMANAGER::ARGUMENT
     :SLOT ONT::FIGURE
     :OPTIONAL NIL
     :MAPONLY NIL
     :VARNAME LEXICONMANAGER::ARGUMENT
     :SYNTCAT W::S
     :SYNTFEAT ((W::LF LEXICONMANAGER::?ARGUMENTLF)
                (W::SORT LEXICONMANAGER::?ARGUMENTSORT)
                (W::SUBJVAR LEXICONMANAGER::?ARGUMENTSUBJVAR)
                (W::LEX LEXICONMANAGER::?ARGUMENTLEX)
                (W::VAR LEXICONMANAGER::?ARGUMENTVAR)
                (W::AGR LEXICONMANAGER::?ARGUMENTAGR)
                (W::CASE LEXICONMANAGER::?ARGUMENTCASE)))
  incompatible with allowed semantic role list
  NIL
  - no role ONT::FIGURE present
im: new channel: DESKTOP
im: new channel: DESKTOP
im: new channel: DESKTOP
im: new channel: DESKTOP
lxm: warning: Invalid sense definition for word W::OF:
  #S(LEXICONMANAGER::SENSE-DEFINITION
     :POS W::ADV
     :LF NIL
     :SEM NIL
     :PREF 0.99
     :NONHIERARCHY-LF NIL
     :SYNTAX NIL
     :BOOST-WORD NIL
     :META-DATA (:ORIGIN LEXICONMANAGER::CARDIAC :ENTRY-DATE 20090427
                 :CHANGE-DATE NIL :COMMENTS NIL)
     :PROTOTYPICAL-WORD NIL
     :LF-PARENT ONT::LIKELIHOOD
     :LF-FORM W::OF-COURSE
     :TEMPL LEXICONMANAGER::PRED-S-VP-TEMPL
     :PARAMS NIL)
  Syntax-semantic mapping
  #S(LEXICONMANAGER::WORD-SYNSEM-MAP
     :NAME LEXICONMANAGER::ARGUMENT
     :SLOT ONT::FIGURE
     :OPTIONAL NIL
     :MAPONLY NIL
     :VARNAME LEXICONMANAGER::ARGUMENT
     :SYNTCAT W::S
     :SYNTFEAT ((W::LF LEXICONMANAGER::?ARGUMENTLF)
                (W::SORT LEXICONMANAGER::?ARGUMENTSORT)
                (W::SUBJVAR LEXICONMANAGER::?ARGUMENTSUBJVAR)
                (W::LEX LEXICONMANAGER::?ARGUMENTLEX)
                (W::VAR LEXICONMANAGER::?ARGUMENTVAR)
                (W::AGR LEXICONMANAGER::?ARGUMENTAGR)
                (W::CASE LEXICONMANAGER::?ARGUMENTCASE)))
  incompatible with allowed semantic role list
  NIL
  - no role ONT::FIGURE present
im: new channel: DESKTOP
im: new channel: DESKTOP
im: new channel: DESKTOP
lxm: warning: Invalid sense definition for word W::OF:
  #S(LEXICONMANAGER::SENSE-DEFINITION
     :POS W::ADV
     :LF NIL
     :SEM NIL
     :PREF 0.99
     :NONHIERARCHY-LF NIL
     :SYNTAX NIL
     :BOOST-WORD NIL
     :META-DATA (:ORIGIN LEXICONMANAGER::CARDIAC :ENTRY-DATE 20090427
                 :CHANGE-DATE NIL :COMMENTS NIL)
     :PROTOTYPICAL-WORD NIL
     :LF-PARENT ONT::LIKELIHOOD
     :LF-FORM W::OF-COURSE
     :TEMPL LEXICONMANAGER::PRED-S-VP-TEMPL
     :PARAMS NIL)
  Syntax-semantic mapping
  #S(LEXICONMANAGER::WORD-SYNSEM-MAP
     :NAME LEXICONMANAGER::ARGUMENT
     :SLOT ONT::FIGURE
     :OPTIONAL NIL
     :MAPONLY NIL
     :VARNAME LEXICONMANAGER::ARGUMENT
     :SYNTCAT W::S
     :SYNTFEAT ((W::LF LEXICONMANAGER::?ARGUMENTLF)
                (W::SORT LEXICONMANAGER::?ARGUMENTSORT)
                (W::SUBJVAR LEXICONMANAGER::?ARGUMENTSUBJVAR)
                (W::LEX LEXICONMANAGER::?ARGUMENTLEX)
                (W::VAR LEXICONMANAGER::?ARGUMENTVAR)
                (W::AGR LEXICONMANAGER::?ARGUMENTAGR)
                (W::CASE LEXICONMANAGER::?ARGUMENTCASE)))
  incompatible with allowed semantic role list
  NIL
  - no role ONT::FIGURE present
lxm: warning: Invalid sense definition for word W::OF:
  #S(LEXICONMANAGER::SENSE-DEFINITION
     :POS W::ADV
     :LF NIL
     :SEM NIL
     :PREF 0.99
     :NONHIERARCHY-LF NIL
     :SYNTAX NIL
     :BOOST-WORD NIL
     :META-DATA (:ORIGIN LEXICONMANAGER::CARDIAC :ENTRY-DATE 20090427
                 :CHANGE-DATE NIL :COMMENTS NIL)
     :PROTOTYPICAL-WORD NIL
     :LF-PARENT ONT::LIKELIHOOD
     :LF-FORM W::OF-COURSE
     :TEMPL LEXICONMANAGER::PRED-S-VP-TEMPL
     :PARAMS NIL)
  Syntax-semantic mapping
  #S(LEXICONMANAGER::WORD-SYNSEM-MAP
     :NAME LEXICONMANAGER::ARGUMENT
     :SLOT ONT::FIGURE
     :OPTIONAL NIL
     :MAPONLY NIL
     :VARNAME LEXICONMANAGER::ARGUMENT
     :SYNTCAT W::S
     :SYNTFEAT ((W::LF LEXICONMANAGER::?ARGUMENTLF)
                (W::SORT LEXICONMANAGER::?ARGUMENTSORT)
                (W::SUBJVAR LEXICONMANAGER::?ARGUMENTSUBJVAR)
                (W::LEX LEXICONMANAGER::?ARGUMENTLEX)
                (W::VAR LEXICONMANAGER::?ARGUMENTVAR)
                (W::AGR LEXICONMANAGER::?ARGUMENTAGR)
                (W::CASE LEXICONMANAGER::?ARGUMENTCASE)))
  incompatible with allowed semantic role list
  NIL
  - no role ONT::FIGURE present
im: new channel: DESKTOP
im: new channel: DESKTOP
im: new channel: DESKTOP
lxm: warning: Invalid sense definition for word W::OF:
  #S(LEXICONMANAGER::SENSE-DEFINITION
     :POS W::ADV
     :LF NIL
     :SEM NIL
     :PREF 0.99
     :NONHIERARCHY-LF NIL
     :SYNTAX NIL
     :BOOST-WORD NIL
     :META-DATA (:ORIGIN LEXICONMANAGER::CARDIAC :ENTRY-DATE 20090427
                 :CHANGE-DATE NIL :COMMENTS NIL)
     :PROTOTYPICAL-WORD NIL
     :LF-PARENT ONT::LIKELIHOOD
     :LF-FORM W::OF-COURSE
     :TEMPL LEXICONMANAGER::PRED-S-VP-TEMPL
     :PARAMS NIL)
  Syntax-semantic mapping
  #S(LEXICONMANAGER::WORD-SYNSEM-MAP
     :NAME LEXICONMANAGER::ARGUMENT
     :SLOT ONT::FIGURE
     :OPTIONAL NIL
     :MAPONLY NIL
     :VARNAME LEXICONMANAGER::ARGUMENT
     :SYNTCAT W::S
     :SYNTFEAT ((W::LF LEXICONMANAGER::?ARGUMENTLF)
                (W::SORT LEXICONMANAGER::?ARGUMENTSORT)
                (W::SUBJVAR LEXICONMANAGER::?ARGUMENTSUBJVAR)
                (W::LEX LEXICONMANAGER::?ARGUMENTLEX)
                (W::VAR LEXICONMANAGER::?ARGUMENTVAR)
                (W::AGR LEXICONMANAGER::?ARGUMENTAGR)
                (W::CASE LEXICONMANAGER::?ARGUMENTCASE)))
  incompatible with allowed semantic role list
  NIL
  - no role ONT::FIGURE present
im: new channel: DESKTOP
lxm: warning: Invalid sense definition for word W::OF:
  #S(LEXICONMANAGER::SENSE-DEFINITION
     :POS W::ADV
     :LF NIL
     :SEM NIL
     :PREF 0.99
     :NONHIERARCHY-LF NIL
     :SYNTAX NIL
     :BOOST-WORD NIL
     :META-DATA (:ORIGIN LEXICONMANAGER::CARDIAC :ENTRY-DATE 20090427
                 :CHANGE-DATE NIL :COMMENTS NIL)
     :PROTOTYPICAL-WORD NIL
     :LF-PARENT ONT::LIKELIHOOD
     :LF-FORM W::OF-COURSE
     :TEMPL LEXICONMANAGER::PRED-S-VP-TEMPL
     :PARAMS NIL)
  Syntax-semantic mapping
  #S(LEXICONMANAGER::WORD-SYNSEM-MAP
     :NAME LEXICONMANAGER::ARGUMENT
     :SLOT ONT::FIGURE
     :OPTIONAL NIL
     :MAPONLY NIL
     :VARNAME LEXICONMANAGER::ARGUMENT
     :SYNTCAT W::S
     :SYNTFEAT ((W::LF LEXICONMANAGER::?ARGUMENTLF)
                (W::SORT LEXICONMANAGER::?ARGUMENTSORT)
                (W::SUBJVAR LEXICONMANAGER::?ARGUMENTSUBJVAR)
                (W::LEX LEXICONMANAGER::?ARGUMENTLEX)
                (W::VAR LEXICONMANAGER::?ARGUMENTVAR)
                (W::AGR LEXICONMANAGER::?ARGUMENTAGR)
                (W::CASE LEXICONMANAGER::?ARGUMENTCASE)))
  incompatible with allowed semantic role list
  NIL
  - no role ONT::FIGURE present
im: new channel: DESKTOP
im: new channel: DESKTOP
im: new channel: DESKTOP
lxm: warning: Invalid sense definition for word W::OF:
  #S(LEXICONMANAGER::SENSE-DEFINITION
     :POS W::ADV
     :LF NIL
     :SEM NIL
     :PREF 0.99
     :NONHIERARCHY-LF NIL
     :SYNTAX NIL
     :BOOST-WORD NIL
     :META-DATA (:ORIGIN LEXICONMANAGER::CARDIAC :ENTRY-DATE 20090427
                 :CHANGE-DATE NIL :COMMENTS NIL)
     :PROTOTYPICAL-WORD NIL
     :LF-PARENT ONT::LIKELIHOOD
     :LF-FORM W::OF-COURSE
     :TEMPL LEXICONMANAGER::PRED-S-VP-TEMPL
     :PARAMS NIL)
  Syntax-semantic mapping
  #S(LEXICONMANAGER::WORD-SYNSEM-MAP
     :NAME LEXICONMANAGER::ARGUMENT
     :SLOT ONT::FIGURE
     :OPTIONAL NIL
     :MAPONLY NIL
     :VARNAME LEXICONMANAGER::ARGUMENT
     :SYNTCAT W::S
     :SYNTFEAT ((W::LF LEXICONMANAGER::?ARGUMENTLF)
                (W::SORT LEXICONMANAGER::?ARGUMENTSORT)
                (W::SUBJVAR LEXICONMANAGER::?ARGUMENTSUBJVAR)
                (W::LEX LEXICONMANAGER::?ARGUMENTLEX)
                (W::VAR LEXICONMANAGER::?ARGUMENTVAR)
                (W::AGR LEXICONMANAGER::?ARGUMENTAGR)
                (W::CASE LEXICONMANAGER::?ARGUMENTCASE)))
  incompatible with allowed semantic role list
  NIL
  - no role ONT::FIGURE present
im: new channel: DESKTOP
lxm: warning: Invalid sense definition for word W::OF:
  #S(LEXICONMANAGER::SENSE-DEFINITION
     :POS W::ADV
     :LF NIL
     :SEM NIL
     :PREF 0.99
     :NONHIERARCHY-LF NIL
     :SYNTAX NIL
     :BOOST-WORD NIL
     :META-DATA (:ORIGIN LEXICONMANAGER::CARDIAC :ENTRY-DATE 20090427
                 :CHANGE-DATE NIL :COMMENTS NIL)
     :PROTOTYPICAL-WORD NIL
     :LF-PARENT ONT::LIKELIHOOD
     :LF-FORM W::OF-COURSE
     :TEMPL LEXICONMANAGER::PRED-S-VP-TEMPL
     :PARAMS NIL)
  Syntax-semantic mapping
  #S(LEXICONMANAGER::WORD-SYNSEM-MAP
     :NAME LEXICONMANAGER::ARGUMENT
     :SLOT ONT::FIGURE
     :OPTIONAL NIL
     :MAPONLY NIL
     :VARNAME LEXICONMANAGER::ARGUMENT
     :SYNTCAT W::S
     :SYNTFEAT ((W::LF LEXICONMANAGER::?ARGUMENTLF)
                (W::SORT LEXICONMANAGER::?ARGUMENTSORT)
                (W::SUBJVAR LEXICONMANAGER::?ARGUMENTSUBJVAR)
                (W::LEX LEXICONMANAGER::?ARGUMENTLEX)
                (W::VAR LEXICONMANAGER::?ARGUMENTVAR)
                (W::AGR LEXICONMANAGER::?ARGUMENTAGR)
                (W::CASE LEXICONMANAGER::?ARGUMENTCASE)))
  incompatible with allowed semantic role list
  NIL
  - no role ONT::FIGURE present
im: new channel: DESKTOP
im: new channel: DESKTOP
im: new channel: DESKTOP
lxm: warning: Invalid sense definition for word W::OF:
  #S(LEXICONMANAGER::SENSE-DEFINITION
     :POS W::ADV
     :LF NIL
     :SEM NIL
     :PREF 0.99
     :NONHIERARCHY-LF NIL
     :SYNTAX NIL
     :BOOST-WORD NIL
     :META-DATA (:ORIGIN LEXICONMANAGER::CARDIAC :ENTRY-DATE 20090427
                 :CHANGE-DATE NIL :COMMENTS NIL)
     :PROTOTYPICAL-WORD NIL
     :LF-PARENT ONT::LIKELIHOOD
     :LF-FORM W::OF-COURSE
     :TEMPL LEXICONMANAGER::PRED-S-VP-TEMPL
     :PARAMS NIL)
  Syntax-semantic mapping
  #S(LEXICONMANAGER::WORD-SYNSEM-MAP
     :NAME LEXICONMANAGER::ARGUMENT
     :SLOT ONT::FIGURE
     :OPTIONAL NIL
     :MAPONLY NIL
     :VARNAME LEXICONMANAGER::ARGUMENT
     :SYNTCAT W::S
     :SYNTFEAT ((W::LF LEXICONMANAGER::?ARGUMENTLF)
                (W::SORT LEXICONMANAGER::?ARGUMENTSORT)
                (W::SUBJVAR LEXICONMANAGER::?ARGUMENTSUBJVAR)
                (W::LEX LEXICONMANAGER::?ARGUMENTLEX)
                (W::VAR LEXICONMANAGER::?ARGUMENTVAR)
                (W::AGR LEXICONMANAGER::?ARGUMENTAGR)
                (W::CASE LEXICONMANAGER::?ARGUMENTCASE)))
  incompatible with allowed semantic role list
  NIL
  - no role ONT::FIGURE present
lxm: warning: Invalid sense definition for word W::OF:
  #S(LEXICONMANAGER::SENSE-DEFINITION
     :POS W::ADV
     :LF NIL
     :SEM NIL
     :PREF 0.99
     :NONHIERARCHY-LF NIL
     :SYNTAX NIL
     :BOOST-WORD NIL
     :META-DATA (:ORIGIN LEXICONMANAGER::CARDIAC :ENTRY-DATE 20090427
                 :CHANGE-DATE NIL :COMMENTS NIL)
     :PROTOTYPICAL-WORD NIL
     :LF-PARENT ONT::LIKELIHOOD
     :LF-FORM W::OF-COURSE
     :TEMPL LEXICONMANAGER::PRED-S-VP-TEMPL
     :PARAMS NIL)
  Syntax-semantic mapping
  #S(LEXICONMANAGER::WORD-SYNSEM-MAP
     :NAME LEXICONMANAGER::ARGUMENT
     :SLOT ONT::FIGURE
     :OPTIONAL NIL
     :MAPONLY NIL
     :VARNAME LEXICONMANAGER::ARGUMENT
     :SYNTCAT W::S
     :SYNTFEAT ((W::LF LEXICONMANAGER::?ARGUMENTLF)
                (W::SORT LEXICONMANAGER::?ARGUMENTSORT)
                (W::SUBJVAR LEXICONMANAGER::?ARGUMENTSUBJVAR)
                (W::LEX LEXICONMANAGER::?ARGUMENTLEX)
                (W::VAR LEXICONMANAGER::?ARGUMENTVAR)
                (W::AGR LEXICONMANAGER::?ARGUMENTAGR)
                (W::CASE LEXICONMANAGER::?ARGUMENTCASE)))
  incompatible with allowed semantic role list
  NIL
  - no role ONT::FIGURE present
lxm: warning: Invalid sense definition for word W::OF:
  #S(LEXICONMANAGER::SENSE-DEFINITION
     :POS W::ADV
     :LF NIL
     :SEM NIL
     :PREF 0.99
     :NONHIERARCHY-LF NIL
     :SYNTAX NIL
     :BOOST-WORD NIL
     :META-DATA (:ORIGIN LEXICONMANAGER::CARDIAC :ENTRY-DATE 20090427
                 :CHANGE-DATE NIL :COMMENTS NIL)
     :PROTOTYPICAL-WORD NIL
     :LF-PARENT ONT::LIKELIHOOD
     :LF-FORM W::OF-COURSE
     :TEMPL LEXICONMANAGER::PRED-S-VP-TEMPL
     :PARAMS NIL)
  Syntax-semantic mapping
  #S(LEXICONMANAGER::WORD-SYNSEM-MAP
     :NAME LEXICONMANAGER::ARGUMENT
     :SLOT ONT::FIGURE
     :OPTIONAL NIL
     :MAPONLY NIL
     :VARNAME LEXICONMANAGER::ARGUMENT
     :SYNTCAT W::S
     :SYNTFEAT ((W::LF LEXICONMANAGER::?ARGUMENTLF)
                (W::SORT LEXICONMANAGER::?ARGUMENTSORT)
                (W::SUBJVAR LEXICONMANAGER::?ARGUMENTSUBJVAR)
                (W::LEX LEXICONMANAGER::?ARGUMENTLEX)
                (W::VAR LEXICONMANAGER::?ARGUMENTVAR)
                (W::AGR LEXICONMANAGER::?ARGUMENTAGR)
                (W::CASE LEXICONMANAGER::?ARGUMENTCASE)))
  incompatible with allowed semantic role list
  NIL
  - no role ONT::FIGURE present
im: new channel: DESKTOP
lxm: warning: Invalid sense definition for word W::OF:
  #S(LEXICONMANAGER::SENSE-DEFINITION
     :POS W::ADV
     :LF NIL
     :SEM NIL
     :PREF 0.99
     :NONHIERARCHY-LF NIL
     :SYNTAX NIL
     :BOOST-WORD NIL
     :META-DATA (:ORIGIN LEXICONMANAGER::CARDIAC :ENTRY-DATE 20090427
                 :CHANGE-DATE NIL :COMMENTS NIL)
     :PROTOTYPICAL-WORD NIL
     :LF-PARENT ONT::LIKELIHOOD
     :LF-FORM W::OF-COURSE
     :TEMPL LEXICONMANAGER::PRED-S-VP-TEMPL
     :PARAMS NIL)
  Syntax-semantic mapping
  #S(LEXICONMANAGER::WORD-SYNSEM-MAP
     :NAME LEXICONMANAGER::ARGUMENT
     :SLOT ONT::FIGURE
     :OPTIONAL NIL
     :MAPONLY NIL
     :VARNAME LEXICONMANAGER::ARGUMENT
     :SYNTCAT W::S
     :SYNTFEAT ((W::LF LEXICONMANAGER::?ARGUMENTLF)
                (W::SORT LEXICONMANAGER::?ARGUMENTSORT)
                (W::SUBJVAR LEXICONMANAGER::?ARGUMENTSUBJVAR)
                (W::LEX LEXICONMANAGER::?ARGUMENTLEX)
                (W::VAR LEXICONMANAGER::?ARGUMENTVAR)
                (W::AGR LEXICONMANAGER::?ARGUMENTAGR)
                (W::CASE LEXICONMANAGER::?ARGUMENTCASE)))
  incompatible with allowed semantic role list
  NIL
  - no role ONT::FIGURE present
im: new channel: DESKTOP
im: new channel: DESKTOP
im: new channel: DESKTOP
im: new channel: DESKTOP
lxm: warning: Invalid sense definition for word W::OF:
  #S(LEXICONMANAGER::SENSE-DEFINITION
     :POS W::ADV
     :LF NIL
     :SEM NIL
     :PREF 0.99
     :NONHIERARCHY-LF NIL
     :SYNTAX NIL
     :BOOST-WORD NIL
     :META-DATA (:ORIGIN LEXICONMANAGER::CARDIAC :ENTRY-DATE 20090427
                 :CHANGE-DATE NIL :COMMENTS NIL)
     :PROTOTYPICAL-WORD NIL
     :LF-PARENT ONT::LIKELIHOOD
     :LF-FORM W::OF-COURSE
     :TEMPL LEXICONMANAGER::PRED-S-VP-TEMPL
     :PARAMS NIL)
  Syntax-semantic mapping
  #S(LEXICONMANAGER::WORD-SYNSEM-MAP
     :NAME LEXICONMANAGER::ARGUMENT
     :SLOT ONT::FIGURE
     :OPTIONAL NIL
     :MAPONLY NIL
     :VARNAME LEXICONMANAGER::ARGUMENT
     :SYNTCAT W::S
     :SYNTFEAT ((W::LF LEXICONMANAGER::?ARGUMENTLF)
                (W::SORT LEXICONMANAGER::?ARGUMENTSORT)
                (W::SUBJVAR LEXICONMANAGER::?ARGUMENTSUBJVAR)
                (W::LEX LEXICONMANAGER::?ARGUMENTLEX)
                (W::VAR LEXICONMANAGER::?ARGUMENTVAR)
                (W::AGR LEXICONMANAGER::?ARGUMENTAGR)
                (W::CASE LEXICONMANAGER::?ARGUMENTCASE)))
  incompatible with allowed semantic role list
  NIL
  - no role ONT::FIGURE present
im: new channel: DESKTOP
im: new channel: DESKTOP
lxm: warning: Invalid sense definition for word W::OF:
  #S(LEXICONMANAGER::SENSE-DEFINITION
     :POS W::ADV
     :LF NIL
     :SEM NIL
     :PREF 0.99
     :NONHIERARCHY-LF NIL
     :SYNTAX NIL
     :BOOST-WORD NIL
     :META-DATA (:ORIGIN LEXICONMANAGER::CARDIAC :ENTRY-DATE 20090427
                 :CHANGE-DATE NIL :COMMENTS NIL)
     :PROTOTYPICAL-WORD NIL
     :LF-PARENT ONT::LIKELIHOOD
     :LF-FORM W::OF-COURSE
     :TEMPL LEXICONMANAGER::PRED-S-VP-TEMPL
     :PARAMS NIL)
  Syntax-semantic mapping
  #S(LEXICONMANAGER::WORD-SYNSEM-MAP
     :NAME LEXICONMANAGER::ARGUMENT
     :SLOT ONT::FIGURE
     :OPTIONAL NIL
     :MAPONLY NIL
     :VARNAME LEXICONMANAGER::ARGUMENT
     :SYNTCAT W::S
     :SYNTFEAT ((W::LF LEXICONMANAGER::?ARGUMENTLF)
                (W::SORT LEXICONMANAGER::?ARGUMENTSORT)
                (W::SUBJVAR LEXICONMANAGER::?ARGUMENTSUBJVAR)
                (W::LEX LEXICONMANAGER::?ARGUMENTLEX)
                (W::VAR LEXICONMANAGER::?ARGUMENTVAR)
                (W::AGR LEXICONMANAGER::?ARGUMENTAGR)
                (W::CASE LEXICONMANAGER::?ARGUMENTCASE)))
  incompatible with allowed semantic role list
  NIL
  - no role ONT::FIGURE present
im: new channel: DESKTOP
im: new channel: DESKTOP
im: new channel: DESKTOP
im: new channel: DESKTOP
im: new channel: DESKTOP
im: new channel: DESKTOP
im: new channel: DESKTOP
im: new channel: DESKTOP
im: new channel: DESKTOP
lxm: warning: Invalid sense definition for word W::OF:
  #S(LEXICONMANAGER::SENSE-DEFINITION
     :POS W::ADV
     :LF NIL
     :SEM NIL
     :PREF 0.99
     :NONHIERARCHY-LF NIL
     :SYNTAX NIL
     :BOOST-WORD NIL
     :META-DATA (:ORIGIN LEXICONMANAGER::CARDIAC :ENTRY-DATE 20090427
                 :CHANGE-DATE NIL :COMMENTS NIL)
     :PROTOTYPICAL-WORD NIL
     :LF-PARENT ONT::LIKELIHOOD
     :LF-FORM W::OF-COURSE
     :TEMPL LEXICONMANAGER::PRED-S-VP-TEMPL
     :PARAMS NIL)
  Syntax-semantic mapping
  #S(LEXICONMANAGER::WORD-SYNSEM-MAP
     :NAME LEXICONMANAGER::ARGUMENT
     :SLOT ONT::FIGURE
     :OPTIONAL NIL
     :MAPONLY NIL
     :VARNAME LEXICONMANAGER::ARGUMENT
     :SYNTCAT W::S
     :SYNTFEAT ((W::LF LEXICONMANAGER::?ARGUMENTLF)
                (W::SORT LEXICONMANAGER::?ARGUMENTSORT)
                (W::SUBJVAR LEXICONMANAGER::?ARGUMENTSUBJVAR)
                (W::LEX LEXICONMANAGER::?ARGUMENTLEX)
                (W::VAR LEXICONMANAGER::?ARGUMENTVAR)
                (W::AGR LEXICONMANAGER::?ARGUMENTAGR)
                (W::CASE LEXICONMANAGER::?ARGUMENTCASE)))
  incompatible with allowed semantic role list
  NIL
  - no role ONT::FIGURE present
im: new channel: DESKTOP
lxm: warning: Invalid sense definition for word W::OF:
  #S(LEXICONMANAGER::SENSE-DEFINITION
     :POS W::ADV
     :LF NIL
     :SEM NIL
     :PREF 0.99
     :NONHIERARCHY-LF NIL
     :SYNTAX NIL
     :BOOST-WORD NIL
     :META-DATA (:ORIGIN LEXICONMANAGER::CARDIAC :ENTRY-DATE 20090427
                 :CHANGE-DATE NIL :COMMENTS NIL)
     :PROTOTYPICAL-WORD NIL
     :LF-PARENT ONT::LIKELIHOOD
     :LF-FORM W::OF-COURSE
     :TEMPL LEXICONMANAGER::PRED-S-VP-TEMPL
     :PARAMS NIL)
  Syntax-semantic mapping
  #S(LEXICONMANAGER::WORD-SYNSEM-MAP
     :NAME LEXICONMANAGER::ARGUMENT
     :SLOT ONT::FIGURE
     :OPTIONAL NIL
     :MAPONLY NIL
     :VARNAME LEXICONMANAGER::ARGUMENT
     :SYNTCAT W::S
     :SYNTFEAT ((W::LF LEXICONMANAGER::?ARGUMENTLF)
                (W::SORT LEXICONMANAGER::?ARGUMENTSORT)
                (W::SUBJVAR LEXICONMANAGER::?ARGUMENTSUBJVAR)
                (W::LEX LEXICONMANAGER::?ARGUMENTLEX)
                (W::VAR LEXICONMANAGER::?ARGUMENTVAR)
                (W::AGR LEXICONMANAGER::?ARGUMENTAGR)
                (W::CASE LEXICONMANAGER::?ARGUMENTCASE)))
  incompatible with allowed semantic role list
  NIL
  - no role ONT::FIGURE present
im: new channel: DESKTOP
im: new channel: DESKTOP
lxm: warning: Invalid sense definition for word W::OF:
  #S(LEXICONMANAGER::SENSE-DEFINITION
     :POS W::ADV
     :LF NIL
     :SEM NIL
     :PREF 0.99
     :NONHIERARCHY-LF NIL
     :SYNTAX NIL
     :BOOST-WORD NIL
     :META-DATA (:ORIGIN LEXICONMANAGER::CARDIAC :ENTRY-DATE 20090427
                 :CHANGE-DATE NIL :COMMENTS NIL)
     :PROTOTYPICAL-WORD NIL
     :LF-PARENT ONT::LIKELIHOOD
     :LF-FORM W::OF-COURSE
     :TEMPL LEXICONMANAGER::PRED-S-VP-TEMPL
     :PARAMS NIL)
  Syntax-semantic mapping
  #S(LEXICONMANAGER::WORD-SYNSEM-MAP
     :NAME LEXICONMANAGER::ARGUMENT
     :SLOT ONT::FIGURE
     :OPTIONAL NIL
     :MAPONLY NIL
     :VARNAME LEXICONMANAGER::ARGUMENT
     :SYNTCAT W::S
     :SYNTFEAT ((W::LF LEXICONMANAGER::?ARGUMENTLF)
                (W::SORT LEXICONMANAGER::?ARGUMENTSORT)
                (W::SUBJVAR LEXICONMANAGER::?ARGUMENTSUBJVAR)
                (W::LEX LEXICONMANAGER::?ARGUMENTLEX)
                (W::VAR LEXICONMANAGER::?ARGUMENTVAR)
                (W::AGR LEXICONMANAGER::?ARGUMENTAGR)
                (W::CASE LEXICONMANAGER::?ARGUMENTCASE)))
  incompatible with allowed semantic role list
  NIL
  - no role ONT::FIGURE present
im: new channel: DESKTOP
im: new channel: DESKTOP
lxm: warning: Invalid sense definition for word W::OF:
  #S(LEXICONMANAGER::SENSE-DEFINITION
     :POS W::ADV
     :LF NIL
     :SEM NIL
     :PREF 0.99
     :NONHIERARCHY-LF NIL
     :SYNTAX NIL
     :BOOST-WORD NIL
     :META-DATA (:ORIGIN LEXICONMANAGER::CARDIAC :ENTRY-DATE 20090427
                 :CHANGE-DATE NIL :COMMENTS NIL)
     :PROTOTYPICAL-WORD NIL
     :LF-PARENT ONT::LIKELIHOOD
     :LF-FORM W::OF-COURSE
     :TEMPL LEXICONMANAGER::PRED-S-VP-TEMPL
     :PARAMS NIL)
  Syntax-semantic mapping
  #S(LEXICONMANAGER::WORD-SYNSEM-MAP
     :NAME LEXICONMANAGER::ARGUMENT
     :SLOT ONT::FIGURE
     :OPTIONAL NIL
     :MAPONLY NIL
     :VARNAME LEXICONMANAGER::ARGUMENT
     :SYNTCAT W::S
     :SYNTFEAT ((W::LF LEXICONMANAGER::?ARGUMENTLF)
                (W::SORT LEXICONMANAGER::?ARGUMENTSORT)
                (W::SUBJVAR LEXICONMANAGER::?ARGUMENTSUBJVAR)
                (W::LEX LEXICONMANAGER::?ARGUMENTLEX)
                (W::VAR LEXICONMANAGER::?ARGUMENTVAR)
                (W::AGR LEXICONMANAGER::?ARGUMENTAGR)
                (W::CASE LEXICONMANAGER::?ARGUMENTCASE)))
  incompatible with allowed semantic role list
  NIL
  - no role ONT::FIGURE present
im: new channel: DESKTOP
im: new channel: DESKTOP
im: new channel: DESKTOP
im: new channel: DESKTOP
im: new channel: DESKTOP
lxm: warning: Invalid sense definition for word W::OF:
  #S(LEXICONMANAGER::SENSE-DEFINITION
     :POS W::ADV
     :LF NIL
     :SEM NIL
     :PREF 0.99
     :NONHIERARCHY-LF NIL
     :SYNTAX NIL
     :BOOST-WORD NIL
     :META-DATA (:ORIGIN LEXICONMANAGER::CARDIAC :ENTRY-DATE 20090427
                 :CHANGE-DATE NIL :COMMENTS NIL)
     :PROTOTYPICAL-WORD NIL
     :LF-PARENT ONT::LIKELIHOOD
     :LF-FORM W::OF-COURSE
     :TEMPL LEXICONMANAGER::PRED-S-VP-TEMPL
     :PARAMS NIL)
  Syntax-semantic mapping
  #S(LEXICONMANAGER::WORD-SYNSEM-MAP
     :NAME LEXICONMANAGER::ARGUMENT
     :SLOT ONT::FIGURE
     :OPTIONAL NIL
     :MAPONLY NIL
     :VARNAME LEXICONMANAGER::ARGUMENT
     :SYNTCAT W::S
     :SYNTFEAT ((W::LF LEXICONMANAGER::?ARGUMENTLF)
                (W::SORT LEXICONMANAGER::?ARGUMENTSORT)
                (W::SUBJVAR LEXICONMANAGER::?ARGUMENTSUBJVAR)
                (W::LEX LEXICONMANAGER::?ARGUMENTLEX)
                (W::VAR LEXICONMANAGER::?ARGUMENTVAR)
                (W::AGR LEXICONMANAGER::?ARGUMENTAGR)
                (W::CASE LEXICONMANAGER::?ARGUMENTCASE)))
  incompatible with allowed semantic role list
  NIL
  - no role ONT::FIGURE present
