2,269c2,40
< <?xml-stylesheet type="text/xsl" href="../style/parser-interface.xsl"?>
< <!DOCTYPE trips-parser-output SYSTEM "../trips-parser-output.dtd">
< <trips-parser-output parser-build-date="2017-09-20T12:11:02-0500" system="STEP" extsformat="svg" tagsformat="hidden" treecontents="phrase" treeformat="LinGO" lfformat="svg" semantic-skeleton-scoring="T" rule-sets="" input="a group picture of happy people wearing orange hats and white and orange sleeveless shirts .
< ">
< <debug>
< 
<  FOUNDS SEQUENCE from constit (% W::NP (W::BARE-SEQUENCE -) (W::CONSTRAINT -)
<                                  (W::MASS W::BARE) (W::GENERATED +)
<                                  (W::POSTADVBL +)
<                                  (W::SEM ?8607:(?71012:(F::PHYS-OBJ
<                                                         F::ABSTR-OBJ) NIL))
<                                  (W::LF (% W::DESCRIPTION (W::STATUS ONT::DEFINITE)
<                                            (W::VAR V167395)
<                                            (W::SORT W::INDIVIDUAL)
<                                            (W::LEX (W::A))
<                                            (W::CLASS ONT::SEQUENCE)
<                                            (W::CONSTRAINT (% &amp; (W::NAME-OF (W::A))
<                                                              (W::VAL (W::A))))
<                                            (W::LEX W::A) (W::SEM ?71010)
<                                            (W::TRANSFORM ?71011)))
<                                  (W::CASE ?71009:(W::SUB W::OBJ -))
<                                  (W::AGR ?71008) (W::CLASS ONT::ANY-SEM)
<                                  (W::VAR V167395) (W::SORT W::PRED) (W::NAME -)
<                                  (W::PRO -) (W::CHANGEAGR -) (W::LEX W::A)
<                                  (W::HEADCAT W::VALUE) (W::TRANSFORM -)
<                                  (W::REFL -) (1 RNUMBER167536))
< *last-utt-id*=NIL  utt-id+32
< *last-utt-id*=32  utt-id+NIL</debug><utt><words><lisp>(W::A W::GROUP W::PICTURE W::OF W::HAPPY W::PEOPLE W::WEARING W::ORANGE W::HATS
<  W::AND W::WHITE W::AND W::ORANGE W::SLEEVELESS W::SHIRTS W::PUNC-PERIOD)</lisp><word>A</word><word>GROUP</word><word>PICTURE</word><word>OF</word><word>HAPPY</word><word>PEOPLE</word><word>WEARING</word><word>ORANGE</word><word>HATS</word><word>AND</word><word>WHITE</word><word>AND</word><word>ORANGE</word><word>SLEEVELESS</word><word>SHIRTS</word><word>PUNC-PERIOD</word></words><tags><lisp>((WORD &quot;a&quot; :FRAME (0 1) :SENSE-INFO
<   ((:PENN-PARTS-OF-SPEECH (DT) :TRIPS-PARTS-OF-SPEECH (W::ART W::QUAN W::PRO)))
<   :UTTNUM 32 :CHANNEL DESKTOP :DIRECTION INPUT)
<  (WORD &quot;group&quot; :FRAME (2 7) :SENSE-INFO
<   ((:PENN-PARTS-OF-SPEECH (NN) :TRIPS-PARTS-OF-SPEECH (W::N))) :UTTNUM 32
<   :CHANNEL DESKTOP :DIRECTION INPUT)
<  (WORD &quot;picture&quot; :FRAME (8 15) :SENSE-INFO
<   ((:PENN-PARTS-OF-SPEECH (NN) :TRIPS-PARTS-OF-SPEECH (W::N))) :UTTNUM 32
<   :CHANNEL DESKTOP :DIRECTION INPUT)
<  (PREFER &quot;a group picture&quot; :FRAME (0 15) :PENN-CATS (NP) :TRIPS-CATS (W::NP)
<   :SCORE 18.668 :UTTNUM 32 :CHANNEL DESKTOP :DIRECTION INPUT)
<  (WORD &quot;of&quot; :FRAME (16 18) :SENSE-INFO
<   ((:PENN-PARTS-OF-SPEECH (IN) :TRIPS-PARTS-OF-SPEECH (W::PREP W::ADV)))
<   :UTTNUM 32 :CHANNEL DESKTOP :DIRECTION INPUT)
<  (WORD &quot;happy&quot; :FRAME (19 24) :SENSE-INFO
<   ((:PENN-PARTS-OF-SPEECH (JJ) :TRIPS-PARTS-OF-SPEECH (W::ADJ))) :UTTNUM 32
<   :CHANNEL DESKTOP :DIRECTION INPUT)
<  (WORD &quot;people&quot; :FRAME (25 31) :SENSE-INFO
<   ((:PENN-PARTS-OF-SPEECH (NNS) :TRIPS-PARTS-OF-SPEECH (W::N))) :UTTNUM 32
<   :CHANNEL DESKTOP :DIRECTION INPUT)
<  (PREFER &quot;happy people&quot; :FRAME (19 31) :PENN-CATS (NP) :TRIPS-CATS (W::NP)
<   :SCORE 17.675 :UTTNUM 32 :CHANNEL DESKTOP :DIRECTION INPUT)
<  (PREFER &quot;of happy people&quot; :FRAME (16 31) :PENN-CATS (PP) :TRIPS-CATS (W::PP)
<   :SCORE 18.742 :UTTNUM 32 :CHANNEL DESKTOP :DIRECTION INPUT)
<  (PREFER &quot;a group picture of happy people&quot; :FRAME (0 31) :PENN-CATS (NP)
<   :TRIPS-CATS (W::NP) :SCORE 38.072 :UTTNUM 32 :CHANNEL DESKTOP :DIRECTION
<   INPUT)
<  (WORD &quot;wearing&quot; :FRAME (32 39) :SENSE-INFO
<   ((:PENN-PARTS-OF-SPEECH (VBG) :TRIPS-PARTS-OF-SPEECH (W::V))) :UTTNUM 32
<   :CHANNEL DESKTOP :DIRECTION INPUT)
<  (WORD &quot;orange&quot; :FRAME (40 46) :SENSE-INFO
<   ((:PENN-PARTS-OF-SPEECH (NN JJ) :TRIPS-PARTS-OF-SPEECH (W::N W::ADJ)))
<   :UTTNUM 32 :CHANNEL DESKTOP :DIRECTION INPUT)
<  (WORD &quot;hats&quot; :FRAME (47 51) :SENSE-INFO
<   ((:PENN-PARTS-OF-SPEECH (NNS) :TRIPS-PARTS-OF-SPEECH (W::N))) :UTTNUM 32
<   :CHANNEL DESKTOP :DIRECTION INPUT)
<  (PREFER &quot;orange hats&quot; :FRAME (40 51) :PENN-CATS (NP) :TRIPS-CATS (W::NP)
<   :SCORE 22.655 :UTTNUM 32 :CHANNEL DESKTOP :DIRECTION INPUT)
<  (WORD &quot;and&quot; :FRAME (52 55) :SENSE-INFO
<   ((:PENN-PARTS-OF-SPEECH (CC) :TRIPS-PARTS-OF-SPEECH (W::CONJ))) :UTTNUM 32
<   :CHANNEL DESKTOP :DIRECTION INPUT)
<  (WORD &quot;white&quot; :FRAME (56 61) :SENSE-INFO
<   ((:PENN-PARTS-OF-SPEECH (JJ) :TRIPS-PARTS-OF-SPEECH (W::ADJ))) :UTTNUM 32
<   :CHANNEL DESKTOP :DIRECTION INPUT)
<  (WORD &quot;and&quot; :FRAME (62 65) :SENSE-INFO
<   ((:PENN-PARTS-OF-SPEECH (CC) :TRIPS-PARTS-OF-SPEECH (W::CONJ))) :UTTNUM 32
<   :CHANNEL DESKTOP :DIRECTION INPUT)
<  (WORD &quot;orange&quot; :FRAME (66 72) :SENSE-INFO
<   ((:PENN-PARTS-OF-SPEECH (JJ) :TRIPS-PARTS-OF-SPEECH (W::ADJ))) :UTTNUM 32
<   :CHANNEL DESKTOP :DIRECTION INPUT)
<  (WORD &quot;sleeveless&quot; :FRAME (73 83) :SENSE-INFO
<   ((:PENN-PARTS-OF-SPEECH (JJ NNS) :TRIPS-PARTS-OF-SPEECH (W::ADJ W::N)))
<   :UTTNUM 32 :CHANNEL DESKTOP :DIRECTION INPUT)
<  (WORD &quot;shirts&quot; :FRAME (84 90) :SENSE-INFO
<   ((:PENN-PARTS-OF-SPEECH (NNS) :TRIPS-PARTS-OF-SPEECH (W::N))) :UTTNUM 32
<   :CHANNEL DESKTOP :DIRECTION INPUT)
<  (PREFER &quot;white and orange sleeveless shirts&quot; :FRAME (56 90) :PENN-CATS (NP)
<   :TRIPS-CATS (W::NP) :SCORE 51.843 :UTTNUM 32 :CHANNEL DESKTOP :DIRECTION
<   INPUT)
<  (PREFER &quot;orange hats and white and orange sleeveless shirts&quot; :FRAME (40 90)
<   :PENN-CATS (NP) :TRIPS-CATS (W::NP) :SCORE 78.388 :UTTNUM 32 :CHANNEL DESKTOP
<   :DIRECTION INPUT)
<  (PREFER &quot;wearing orange hats and white and orange sleeveless shirts&quot; :FRAME
<   (32 90) :PENN-CATS (VP) :TRIPS-CATS (W::VP) :SCORE 87.516 :UTTNUM 32 :CHANNEL
<   DESKTOP :DIRECTION INPUT)
<  (WORD &quot;.&quot; :FRAME (91 91) :SENSE-INFO
<   ((:PENN-PARTS-OF-SPEECH (FULL_STOP) :TRIPS-PARTS-OF-SPEECH (W::PUNC)))
<   :UTTNUM 32 :CHANNEL DESKTOP :DIRECTION INPUT)
<  (PREFER
<   &quot;a group picture of happy people wearing orange hats and white and orange sleeveless shirts .&quot;
<   :FRAME (0 91) :PENN-CATS (NP) :TRIPS-CATS (W::NP) :SCORE 130.938 :UTTNUM 32
<   :CHANNEL DESKTOP :DIRECTION INPUT))</lisp><word lex="a" start="0" end="1"><sense-info penn-parts-of-speech="DT" trips-parts-of-speech="ART,QUAN,PRO" /></word><word lex="group" start="2" end="7"><sense-info penn-parts-of-speech="NN" trips-parts-of-speech="N" /></word><word lex="picture" start="8" end="15"><sense-info penn-parts-of-speech="NN" trips-parts-of-speech="N" /></word><prefer text="a group picture" start="0" end="15" penn-cats="NP" score="18.668" /><word lex="of" start="16" end="18"><sense-info penn-parts-of-speech="IN" trips-parts-of-speech="PREP,ADV" /></word><word lex="happy" start="19" end="24"><sense-info penn-parts-of-speech="JJ" trips-parts-of-speech="ADJ" /></word><word lex="people" start="25" end="31"><sense-info penn-parts-of-speech="NNS" trips-parts-of-speech="N" /></word><prefer text="happy people" start="19" end="31" penn-cats="NP" score="17.675" /><prefer text="of happy people" start="16" end="31" penn-cats="PP" score="18.742" /><prefer text="a group picture of happy people" start="0" end="31" penn-cats="NP" score="38.072" /><word lex="wearing" start="32" end="39"><sense-info penn-parts-of-speech="VBG" trips-parts-of-speech="V" /></word><word lex="orange" start="40" end="46"><sense-info penn-parts-of-speech="NN,JJ" trips-parts-of-speech="N,ADJ" /></word><word lex="hats" start="47" end="51"><sense-info penn-parts-of-speech="NNS" trips-parts-of-speech="N" /></word><prefer text="orange hats" start="40" end="51" penn-cats="NP" score="22.655" /><word lex="and" start="52" end="55"><sense-info penn-parts-of-speech="CC" trips-parts-of-speech="CONJ" /></word><word lex="white" start="56" end="61"><sense-info penn-parts-of-speech="JJ" trips-parts-of-speech="ADJ" /></word><word lex="and" start="62" end="65"><sense-info penn-parts-of-speech="CC" trips-parts-of-speech="CONJ" /></word><word lex="orange" start="66" end="72"><sense-info penn-parts-of-speech="JJ" trips-parts-of-speech="ADJ" /></word><word lex="sleeveless" start="73" end="83"><sense-info penn-parts-of-speech="JJ,NNS" trips-parts-of-speech="ADJ,N" /></word><word lex="shirts" start="84" end="90"><sense-info penn-parts-of-speech="NNS" trips-parts-of-speech="N" /></word><prefer text="white and orange sleeveless shirts" start="56" end="90" penn-cats="NP" score="51.843" /><prefer text="orange hats and white and orange sleeveless shirts" start="40" end="90" penn-cats="NP" score="78.388" /><prefer text="wearing orange hats and white and orange sleeveless shirts" start="32" end="90" penn-cats="VP" score="87.516" /><word lex="." start="91" end="91"><sense-info penn-parts-of-speech="FULL_STOP" trips-parts-of-speech="PUNC" /></word><prefer text="a group picture of happy people wearing orange hats and white and orange sleeveless shirts ." start="0" end="91" penn-cats="NP" score="130.938" /></tags><tree><lisp>(UTT
<  (UTT
<   (NP (SPEC (DET (ART A)))
<    (N1
<     (N1 (N1 (N GROUP))
<      (N1 (N PICTURE)
<       (PP (PREP OF) (NP (N1 (ADJP (ADJ1 (ADJ HAPPY))) (N1 (N PEOPLE)))))))
<     (CP
<      (VP
<       (VP- (V WEARING)
<        (NP (NP (N1 (ADJP (ADJ1 (ADJ ORANGE))) (N1 (N HATS)))) (CONJ AND)
<         (NP
<          (N1
<           (ADJP (ADJP (ADJ1 (ADJ WHITE))) (CONJ AND)
<            (ADJP (ADJ1 (ADJ ORANGE))))
<           (N1 (ADJP (ADJ1 (ADJ SLEEVELESS))) (N1 (N SHIRTS))))))))))))
<  (PUNC PUNC-PERIOD))</lisp><UTT><UTT><NP><SPEC><DET><ART>A</ART></DET></SPEC><N1><N1><N1><N>GROUP</N></N1><N1><N>PICTURE</N><PP><PREP>OF</PREP><NP><N1><ADJP><ADJ1><ADJ>HAPPY</ADJ></ADJ1></ADJP><N1><N>PEOPLE</N></N1></N1></NP></PP></N1></N1><CP><VP><VP-><V>WEARING</V><NP><NP><N1><ADJP><ADJ1><ADJ>ORANGE</ADJ></ADJ1></ADJP><N1><N>HATS</N></N1></N1></NP><CONJ>AND</CONJ><NP><N1><ADJP><ADJP><ADJ1><ADJ>WHITE</ADJ></ADJ1></ADJP><CONJ>AND</CONJ><ADJP><ADJ1><ADJ>ORANGE</ADJ></ADJ1></ADJP></ADJP><N1><ADJP><ADJ1><ADJ>SLEEVELESS</ADJ></ADJ1></ADJP><N1><N>SHIRTS</N></N1></N1></N1></NP></NP></VP-></VP></CP></N1></NP></UTT><PUNC>PUNC-PERIOD</PUNC></UTT></tree><terms root="#V170718"><lisp>((ONT::SPEECHACT ONT::V170718 ONT::SA_IDENTIFY :PUNCTYPE W::DECL :CONTENT
<   ONT::V166540 :START 0 :END 91)
<  (ONT::A ONT::V166540 (:* ONT::IMAGE W::PICTURE) :ASSOC-WITH ONT::V166530
<   :FIGURE ONT::V166559 :MOD ONT::V166565 :START 0 :END 91)
<  (ONT::KIND ONT::V166530 (:* ONT::GROUP-OBJECT W::GROUP) :START 0 :END 91)
<  (ONT::INDEF-SET ONT::V166559 (:* ONT::PERSON W::PERSON) :MOD ONT::V166552
<   :START 16 :END 32)
<  (ONT::F ONT::V166552 (:* ONT::EUPHORIC W::HAPPY) :FIGURE ONT::V166559 :START
<   19 :END 25)
<  (ONT::F ONT::V166565 (:* ONT::WEAR W::WEAR) :AGENT ONT::V166540 :NEUTRAL
<   ONT::V166582 :VFORM W::ING :START 32 :END 91)
<  (ONT::INDEF-SET ONT::V166582 ONT::ATTIRE :OPERATOR ONT::AND :SEQUENCE
<   (ONT::V166578 ONT::V166619) :START 40 :END 91)
<  (ONT::INDEF-SET ONT::V166578 (:* ONT::ATTIRE W::HAT) :MOD ONT::V166571 :START
<   40 :END 52)
<  (ONT::F ONT::V166571 (:* ONT::ORANGE W::ORANGE) :FIGURE ONT::V166578 :SCALE
<   ONT::ORANGE*1--07--00 :START 40 :END 47)
<  (ONT::INDEF-SET ONT::V166619 (:* ONT::ATTIRE W::SHIRT) :MOD ONT::V166662 :MOD
<   ONT::V166616 :START 56 :END 91)
<  (ONT::F ONT::V166662 ONT::COLOR-VAL :SEQUENCE (ONT::V166591 ONT::V166608)
<   :OPERATOR ONT::AND :START 56 :END 73)
<  (ONT::F ONT::V166591 (:* ONT::WHITE W::WHITE) :FIGURE ONT::V166619 :SCALE
<   ONT::WHITE*1--07--00 :START 56 :END 62)
<  (ONT::F ONT::V166608 (:* ONT::ORANGE W::ORANGE) :FIGURE ONT::V166619 :SCALE
<   ONT::ORANGE*1--07--00 :START 66 :END 73)
<  (ONT::F ONT::V166616 (:* ONT::MODIFIER W::SLEEVELESS) :FIGURE ONT::V166619
<   :START 73 :END 84))</lisp><rdf:RDF
<   xmlns:rdf="http://www.w3.org/1999/02/22-rdf-syntax-ns#"
<   xmlns:role="http://www.cs.rochester.edu/research/trips/role#"
<   xmlns:LF="http://www.cs.rochester.edu/research/trips/LF#">
<   <rdf:Description rdf:ID="V170718">
<     <LF:indicator>SPEECHACT</LF:indicator>
<     <LF:type>SA_IDENTIFY</LF:type>
<     <role:PUNCTYPE>DECL</role:PUNCTYPE>
<     <role:CONTENT rdf:resource="#V166540" />
<     <LF:start>0</LF:start>
<     <LF:end>91</LF:end>
<   </rdf:Description>
<   <rdf:Description rdf:ID="V166540">
<     <LF:indicator>A</LF:indicator>
<     <LF:type>IMAGE</LF:type>
<     <LF:word>PICTURE</LF:word>
<     <role:ASSOC-WITH rdf:resource="#V166530" />
<     <role:FIGURE rdf:resource="#V166559" />
<     <role:MOD rdf:resource="#V166565" />
<     <LF:start>0</LF:start>
<     <LF:end>91</LF:end>
<   </rdf:Description>
<   <rdf:Description rdf:ID="V166530">
<     <LF:indicator>KIND</LF:indicator>
<     <LF:type>GROUP-OBJECT</LF:type>
<     <LF:word>GROUP</LF:word>
<     <LF:start>0</LF:start>
<     <LF:end>91</LF:end>
<   </rdf:Description>
<   <rdf:Description rdf:ID="V166559">
<     <LF:indicator>INDEF-SET</LF:indicator>
<     <LF:type>PERSON</LF:type>
<     <LF:word>PERSON</LF:word>
<     <role:MOD rdf:resource="#V166552" />
<     <LF:start>16</LF:start>
<     <LF:end>32</LF:end>
<   </rdf:Description>
<   <rdf:Description rdf:ID="V166552">
<     <LF:indicator>F</LF:indicator>
<     <LF:type>EUPHORIC</LF:type>
<     <LF:word>HAPPY</LF:word>
<     <role:FIGURE rdf:resource="#V166559" />
<     <LF:start>19</LF:start>
<     <LF:end>25</LF:end>
<   </rdf:Description>
<   <rdf:Description rdf:ID="V166565">
<     <LF:indicator>F</LF:indicator>
<     <LF:type>WEAR</LF:type>
<     <LF:word>WEAR</LF:word>
<     <role:AGENT rdf:resource="#V166540" />
<     <role:NEUTRAL rdf:resource="#V166582" />
<     <role:VFORM>ING</role:VFORM>
<     <LF:start>32</LF:start>
<     <LF:end>91</LF:end>
<   </rdf:Description>
<   <rdf:Description rdf:ID="V166582">
<     <LF:indicator>INDEF-SET</LF:indicator>
<     <LF:type>ATTIRE</LF:type>
<     <role:OPERATOR>AND</role:OPERATOR>
<     <role:SEQUENCE rdf:resource="#V166578" />
<     <role:SEQUENCE1 rdf:resource="#V166619" />
<     <LF:start>40</LF:start>
<     <LF:end>91</LF:end>
<   </rdf:Description>
<   <rdf:Description rdf:ID="V166578">
<     <LF:indicator>INDEF-SET</LF:indicator>
<     <LF:type>ATTIRE</LF:type>
<     <LF:word>HAT</LF:word>
<     <role:MOD rdf:resource="#V166571" />
<     <LF:start>40</LF:start>
<     <LF:end>52</LF:end>
<   </rdf:Description>
<   <rdf:Description rdf:ID="V166571">
<     <LF:indicator>F</LF:indicator>
<     <LF:type>ORANGE</LF:type>
<     <LF:word>ORANGE</LF:word>
<     <role:FIGURE rdf:resource="#V166578" />
<     <role:SCALE>ORANGE*1--07--00</role:SCALE>
<     <LF:start>40</LF:start>
<     <LF:end>47</LF:end>
<   </rdf:Description>
<   <rdf:Description rdf:ID="V166619">
<     <LF:indicator>INDEF-SET</LF:indicator>
<     <LF:type>ATTIRE</LF:type>
<     <LF:word>SHIRT</LF:word>
<     <role:MOD rdf:resource="#V166662" />
<     <role:MOD rdf:resource="#V166616" />
<     <LF:start>56</LF:start>
<     <LF:end>91</LF:end>
<   </rdf:Description>
<   <rdf:Description rdf:ID="V166662">
<     <LF:indicator>F</LF:indicator>
<     <LF:type>COLOR-VAL</LF:type>
<     <role:SEQUENCE rdf:resource="#V166591" />
<     <role:SEQUENCE1 rdf:resource="#V166608" />
<     <role:OPERATOR>AND</role:OPERATOR>
<     <LF:start>56</LF:start>
<     <LF:end>73</LF:end>
<   </rdf:Description>
<   <rdf:Description rdf:ID="V166591">
<     <LF:indicator>F</LF:indicator>
<     <LF:type>WHITE</LF:type>
<     <LF:word>WHITE</LF:word>
<     <role:FIGURE rdf:resource="#V166619" />
<     <role:SCALE>WHITE*1--07--00</role:SCALE>
<     <LF:start>56</LF:start>
<     <LF:end>62</LF:end>
<   </rdf:Description>
<   <rdf:Description rdf:ID="V166608">
<     <LF:indicator>F</LF:indicator>
<     <LF:type>ORANGE</LF:type>
<     <LF:word>ORANGE</LF:word>
<     <role:FIGURE rdf:resource="#V166619" />
<     <role:SCALE>ORANGE*1--07--00</role:SCALE>
<     <LF:start>66</LF:start>
<     <LF:end>73</LF:end>
<   </rdf:Description>
<   <rdf:Description rdf:ID="V166616">
<     <LF:indicator>F</LF:indicator>
<     <LF:type>MODIFIER</LF:type>
<     <LF:word>SLEEVELESS</LF:word>
<     <role:FIGURE rdf:resource="#V166619" />
<     <LF:start>73</LF:start>
<     <LF:end>84</LF:end>
<   </rdf:Description>
< </rdf:RDF>
< </terms></utt></trips-parser-output>
\ No newline at end of file
---
> <SpRL>
>  <SCENE>
>   <SENTENCE id="s1" indicator="SPEECHACT" type="SA_IDENTIFY" PUNCTYPE="DECL" start="0" end="91">
>    <TEXT>a group picture of happy people wearing orange hats and white and orange sleeveless shirts .</TEXT>
>    <RELATION id="1" head="V170718" res="V166540" label="CONTENT"/>
>    <PHRASE id="V166540" indicator="A" type="IMAGE" text="PICTURE" start="0" end="91"/>
>    <RELATION id="2" head="V166540" res="V166530" label="ASSOC-WITH"/>
>    <RELATION id="3" head="V166540" res="V166559" label="FIGURE"/>
>    <RELATION id="4" head="V166540" res="V166565" label="MOD"/>
>    <PHRASE id="V166530" indicator="KIND" type="GROUP-OBJECT" text="GROUP" start="0" end="91"/>
>    <PHRASE id="V166559" indicator="INDEF-SET" type="PERSON" text="PERSON" start="16" end="32"/>
>    <RELATION id="5" head="V166559" res="V166552" label="MOD"/>
>    <PHRASE id="V166552" indicator="F" type="EUPHORIC" text="HAPPY" start="19" end="25"/>
>    <RELATION id="6" head="V166552" res="V166559" label="FIGURE"/>
>    <PHRASE id="V166565" indicator="F" type="WEAR" text="WEAR" VFORM="ING" start="32" end="91"/>
>    <RELATION id="7" head="V166565" res="V166540" label="AGENT"/>
>    <RELATION id="8" head="V166565" res="V166582" label="NEUTRAL"/>
>    <PHRASE id="V166582" indicator="INDEF-SET" type="ATTIRE" OPERATOR="AND" start="40" end="91"/>
>    <RELATION id="9" head="V166582" res="V166578" label="SEQUENCE"/>
>    <RELATION id="10" head="V166582" res="V166619" label="SEQUENCE1"/>
>    <PHRASE id="V166578" indicator="INDEF-SET" type="ATTIRE" text="HAT" start="40" end="52"/>
>    <RELATION id="11" head="V166578" res="V166571" label="MOD"/>
>    <PHRASE id="V166571" indicator="F" type="ORANGE" text="ORANGE" SCALE="ORANGE*1--07--00" start="40" end="47"/>
>    <RELATION id="12" head="V166571" res="V166578" label="FIGURE"/>
>    <PHRASE id="V166619" indicator="INDEF-SET" type="ATTIRE" text="SHIRT" start="56" end="91"/>
>    <RELATION id="13" head="V166619" res="V166662" label="MOD"/>
>    <RELATION id="14" head="V166619" res="V166616" label="MOD"/>
>    <PHRASE id="V166662" indicator="F" type="COLOR-VAL" OPERATOR="AND" start="56" end="73"/>
>    <RELATION id="15" head="V166662" res="V166591" label="SEQUENCE"/>
>    <RELATION id="16" head="V166662" res="V166608" label="SEQUENCE1"/>
>    <PHRASE id="V166591" indicator="F" type="WHITE" text="WHITE" SCALE="WHITE*1--07--00" start="56" end="62"/>
>    <RELATION id="17" head="V166591" res="V166619" label="FIGURE"/>
>    <PHRASE id="V166608" indicator="F" type="ORANGE" text="ORANGE" SCALE="ORANGE*1--07--00" start="66" end="73"/>
>    <RELATION id="18" head="V166608" res="V166619" label="FIGURE"/>
>    <PHRASE id="V166616" indicator="F" type="MODIFIER" text="SLEEVELESS" start="73" end="84"/>
>    <RELATION id="19" head="V166616" res="V166619" label="FIGURE"/>
>   </SENTENCE>
>  </SCENE>
> </SpRL>
