2,453c2,56
< <?xml-stylesheet type="text/xsl" href="../style/parser-interface.xsl"?>
< <!DOCTYPE trips-parser-output SYSTEM "../trips-parser-output.dtd">
< <trips-parser-output parser-build-date="2017-09-20T12:11:02-0500" system="STEP" extsformat="svg" tagsformat="hidden" treecontents="phrase" treeformat="LinGO" lfformat="svg" semantic-skeleton-scoring="T" rule-sets="" input="a dark-skinned , dark-haired boy wearing a blue tee-shirt ( one sleeve green , the other one pink ) is standing in a classroom .
< ">
< <debug>
< 
<  FOUNDS SEQUENCE from constit (% W::NP (W::BARE-SEQUENCE -) (W::CONSTRAINT -)
<                                  (W::MASS W::BARE) (W::GENERATED +)
<                                  (W::POSTADVBL +)
<                                  (W::SEM ?8607:(?422806:(F::PHYS-OBJ
<                                                          F::ABSTR-OBJ) NIL))
<                                  (W::LF (% W::DESCRIPTION (W::STATUS ONT::DEFINITE)
<                                            (W::VAR V201707)
<                                            (W::SORT W::INDIVIDUAL)
<                                            (W::LEX (W::A))
<                                            (W::CLASS ONT::SEQUENCE)
<                                            (W::CONSTRAINT (% &amp; (W::NAME-OF (W::A))
<                                                              (W::VAL (W::A))))
<                                            (W::LEX W::A) (W::SEM ?422804)
<                                            (W::TRANSFORM ?422805)))
<                                  (W::CASE ?422803:(W::SUB W::OBJ -))
<                                  (W::AGR ?422802) (W::CLASS ONT::ANY-SEM)
<                                  (W::VAR V201707) (W::SORT W::PRED) (W::NAME -)
<                                  (W::PRO -) (W::CHANGEAGR -) (W::LEX W::A)
<                                  (W::HEADCAT W::VALUE) (W::TRANSFORM -)
<                                  (W::REFL -) (1 RNUMBER202731))
< 
<  FOUNDS SEQUENCE from constit (% W::NP (W::BARE-SEQUENCE -) (W::CONSTRAINT -)
<                                  (W::MASS W::BARE) (W::GENERATED +)
<                                  (W::POSTADVBL +)
<                                  (W::SEM ?8607:(?423101:(F::PHYS-OBJ
<                                                          F::ABSTR-OBJ) NIL))
<                                  (W::LF (% W::DESCRIPTION (W::STATUS ONT::DEFINITE)
<                                            (W::VAR V201710)
<                                            (W::SORT W::INDIVIDUAL)
<                                            (W::LEX (W::A))
<                                            (W::CLASS ONT::SEQUENCE)
<                                            (W::CONSTRAINT (% &amp; (W::NAME-OF (W::A))
<                                                              (W::VAL (W::A))))
<                                            (W::LEX W::A) (W::SEM ?423099)
<                                            (W::TRANSFORM ?423100)))
<                                  (W::CASE ?423098:(W::SUB W::OBJ -))
<                                  (W::AGR ?423097) (W::CLASS ONT::ANY-SEM)
<                                  (W::VAR V201710) (W::SORT W::PRED) (W::NAME -)
<                                  (W::PRO -) (W::CHANGEAGR -) (W::LEX W::A)
<                                  (W::HEADCAT W::VALUE) (W::TRANSFORM -)
<                                  (W::REFL -) (1 RNUMBER202733))
< 
<  FOUNDS SEQUENCE from constit (% W::NP (W::BARE-SEQUENCE -) (W::CONSTRAINT -)
<                                  (W::MASS W::BARE) (W::GENERATED +)
<                                  (W::POSTADVBL +)
<                                  (W::SEM ?8607:(?423414:(F::PHYS-OBJ
<                                                          F::ABSTR-OBJ) NIL))
<                                  (W::LF (% W::DESCRIPTION (W::STATUS ONT::DEFINITE)
<                                            (W::VAR V201713)
<                                            (W::SORT W::INDIVIDUAL)
<                                            (W::LEX (W::A))
<                                            (W::CLASS ONT::SEQUENCE)
<                                            (W::CONSTRAINT (% &amp; (W::NAME-OF (W::A))
<                                                              (W::VAL (W::A))))
<                                            (W::LEX W::A) (W::SEM ?423412)
<                                            (W::TRANSFORM ?423413)))
<                                  (W::CASE ?423411:(W::SUB W::OBJ -))
<                                  (W::AGR ?423410) (W::CLASS ONT::ANY-SEM)
<                                  (W::VAR V201713) (W::SORT W::PRED) (W::NAME -)
<                                  (W::PRO -) (W::CHANGEAGR -) (W::LEX W::A)
<                                  (W::HEADCAT W::VALUE) (W::TRANSFORM -)
<                                  (W::REFL -) (1 RNUMBER202735))
< *last-utt-id*=NIL  utt-id+37
< *last-utt-id*=37  utt-id+37
< *last-utt-id*=37  utt-id+37
< *last-utt-id*=37  utt-id+37
< *last-utt-id*=37  utt-id+NIL</debug><compound-communication-act>
< <utt><words><lisp>(W::A)</lisp><word>A</word></words><tags><lisp>((WORD &quot;a&quot; :FRAME (0 1) :SENSE-INFO
<   ((:PENN-PARTS-OF-SPEECH (DT) :TRIPS-PARTS-OF-SPEECH (W::ART W::QUAN W::PRO)))
<   :UTTNUM 37 :CHANNEL DESKTOP :DIRECTION INPUT))</lisp><word lex="a" start="0" end="1"><sense-info penn-parts-of-speech="DT" trips-parts-of-speech="ART,QUAN,PRO" /></word></tags><tree><lisp>(NP (NAME (VALUE A)))</lisp><NP><NAME><VALUE>A</VALUE></NAME></NP></tree><terms root="#V197638"><lisp>((ONT::THE ONT::V197638 ONT::LETTER-SYMBOL :NAME-OF (W::A) :START 0 :END 2))</lisp><rdf:RDF
<   xmlns:rdf="http://www.w3.org/1999/02/22-rdf-syntax-ns#"
<   xmlns:role="http://www.cs.rochester.edu/research/trips/role#"
<   xmlns:LF="http://www.cs.rochester.edu/research/trips/LF#">
<   <rdf:Description rdf:ID="V197638">
<     <LF:indicator>THE</LF:indicator>
<     <LF:type>LETTER-SYMBOL</LF:type>
<     <role:NAME-OF>(A)</role:NAME-OF>
<     <LF:start>0</LF:start>
<     <LF:end>2</LF:end>
<   </rdf:Description>
< </rdf:RDF>
< </terms></utt><utt><words><lisp>(W::DARK W::SKINNED W::PUNC-COMMA)</lisp><word>DARK</word><word>SKINNED</word><word>PUNC-COMMA</word></words><tags><lisp>((WORD &quot;dark&quot; :FRAME (2 5) :SENSE-INFO
<   ((:PENN-PARTS-OF-SPEECH (NN) :TRIPS-PARTS-OF-SPEECH (W::N))) :UTTNUM 37
<   :CHANNEL DESKTOP :DIRECTION INPUT)
<  (WORD &quot;-&quot; :FRAME (6 6) :SENSE-INFO
<   ((:PENN-PARTS-OF-SPEECH (COLON) :TRIPS-PARTS-OF-SPEECH (W::PUNC))) :UTTNUM 37
<   :CHANNEL DESKTOP :DIRECTION INPUT)
<  (WORD &quot;skinned&quot; :FRAME (7 14) :SENSE-INFO
<   ((:PENN-PARTS-OF-SPEECH (VBD) :TRIPS-PARTS-OF-SPEECH (W::V))) :UTTNUM 37
<   :CHANNEL DESKTOP :DIRECTION INPUT)
<  (WORD &quot;dark-skinned&quot; :FRAME (2 14) :SENSE-INFO
<   ((:PENN-PARTS-OF-SPEECH (JJ) :TRIPS-PARTS-OF-SPEECH (W::ADJ) :WN-SENSE-KEYS
<     (&quot;dark-skinned%5:00:00&quot;)))
<   :UTTNUM 37 :CHANNEL DESKTOP :DIRECTION INPUT)
<  (WORD &quot;,&quot; :FRAME (15 16) :SENSE-INFO
<   ((:PENN-PARTS-OF-SPEECH (COMMA) :TRIPS-PARTS-OF-SPEECH (W::PUNC))) :UTTNUM 37
<   :CHANNEL DESKTOP :DIRECTION INPUT))</lisp><word lex="dark" start="2" end="5"><sense-info penn-parts-of-speech="NN" trips-parts-of-speech="N" /></word><word lex="-" start="6" end="6"><sense-info penn-parts-of-speech="COLON" trips-parts-of-speech="PUNC" /></word><word lex="skinned" start="7" end="14"><sense-info penn-parts-of-speech="VBD" trips-parts-of-speech="V" /></word><word lex="dark-skinned" start="2" end="14"><sense-info penn-parts-of-speech="JJ" trips-parts-of-speech="ADJ" wn-sense-keys="dark-skinned%5:00:00" /></word><word lex="," start="15" end="16"><sense-info penn-parts-of-speech="COMMA" trips-parts-of-speech="PUNC" /></word></tags><tree><lisp>(UTT (UTT (S (NP (N1 (N DARK))) (VP (VP- (V SKINNED))))) (PUNC PUNC-COMMA))</lisp><UTT><UTT><S><NP><N1><N>DARK</N></N1></NP><VP><VP-><V>SKINNED</V></VP-></VP></S></UTT><PUNC>PUNC-COMMA</PUNC></UTT></tree><terms root="#V206251"><lisp>((ONT::SPEECHACT ONT::V206251 ONT::SA_TELL :CONTENT ONT::V197673 :START 2 :END
<   17)
<  (ONT::F ONT::V197673 (:* ONT::MOVE W::SKINNED) :AFFECTED ONT::V197664 :TENSE
<   W::PAST :START 2 :END 15)
<  (ONT::BARE ONT::V197664 (:* ONT::LIGHT W::DARK) :START 2 :END 6))</lisp><rdf:RDF
<   xmlns:rdf="http://www.w3.org/1999/02/22-rdf-syntax-ns#"
<   xmlns:role="http://www.cs.rochester.edu/research/trips/role#"
<   xmlns:LF="http://www.cs.rochester.edu/research/trips/LF#">
<   <rdf:Description rdf:ID="V206251">
<     <LF:indicator>SPEECHACT</LF:indicator>
<     <LF:type>SA_TELL</LF:type>
<     <role:CONTENT rdf:resource="#V197673" />
<     <LF:start>2</LF:start>
<     <LF:end>17</LF:end>
<   </rdf:Description>
<   <rdf:Description rdf:ID="V197673">
<     <LF:indicator>F</LF:indicator>
<     <LF:type>MOVE</LF:type>
<     <LF:word>SKINNED</LF:word>
<     <role:AFFECTED rdf:resource="#V197664" />
<     <role:TENSE>PAST</role:TENSE>
<     <LF:start>2</LF:start>
<     <LF:end>15</LF:end>
<   </rdf:Description>
<   <rdf:Description rdf:ID="V197664">
<     <LF:indicator>BARE</LF:indicator>
<     <LF:type>LIGHT</LF:type>
<     <LF:word>DARK</LF:word>
<     <LF:start>2</LF:start>
<     <LF:end>6</LF:end>
<   </rdf:Description>
< </rdf:RDF>
< </terms></utt><utt><words><lisp>(W::DARK W::PUNC-MINUS W::HAIRED W::BOY W::WEARING W::A W::BLUE W::TEE
<  W::PUNC-MINUS W::SHIRT)</lisp><word>DARK</word><word>PUNC-MINUS</word><word>HAIRED</word><word>BOY</word><word>WEARING</word><word>A</word><word>BLUE</word><word>TEE</word><word>PUNC-MINUS</word><word>SHIRT</word></words><tags><lisp>((WORD &quot;dark&quot; :FRAME (17 20) :SENSE-INFO
<   ((:PENN-PARTS-OF-SPEECH (JJ) :TRIPS-PARTS-OF-SPEECH (W::ADJ))) :UTTNUM 37
<   :CHANNEL DESKTOP :DIRECTION INPUT)
<  (WORD &quot;-&quot; :FRAME (21 21) :SENSE-INFO
<   ((:PENN-PARTS-OF-SPEECH (COLON) :TRIPS-PARTS-OF-SPEECH (W::PUNC))) :UTTNUM 37
<   :CHANNEL DESKTOP :DIRECTION INPUT)
<  (WORD &quot;haired&quot; :FRAME (22 28) :SENSE-INFO
<   ((:PENN-PARTS-OF-SPEECH (VBN) :TRIPS-PARTS-OF-SPEECH (W::V))) :UTTNUM 37
<   :CHANNEL DESKTOP :DIRECTION INPUT)
<  (WORD &quot;dark-haired&quot; :FRAME (17 28) :SENSE-INFO
<   ((:PENN-PARTS-OF-SPEECH (JJ) :TRIPS-PARTS-OF-SPEECH (W::ADJ) :WN-SENSE-KEYS
<     (&quot;dark-haired%5:00:00&quot;)))
<   :UTTNUM 37 :CHANNEL DESKTOP :DIRECTION INPUT)
<  (WORD &quot;boy&quot; :FRAME (29 32) :SENSE-INFO
<   ((:PENN-PARTS-OF-SPEECH (NN) :TRIPS-PARTS-OF-SPEECH (W::N))) :UTTNUM 37
<   :CHANNEL DESKTOP :DIRECTION INPUT)
<  (PREFER &quot;a dark-skinned , dark-haired boy&quot; :FRAME (0 32) :PENN-CATS (NP)
<   :TRIPS-CATS (W::NP) :SCORE 40.958 :UTTNUM 37 :CHANNEL DESKTOP :DIRECTION
<   INPUT)
<  (WORD &quot;wearing&quot; :FRAME (33 40) :SENSE-INFO
<   ((:PENN-PARTS-OF-SPEECH (VBG) :TRIPS-PARTS-OF-SPEECH (W::V))) :UTTNUM 37
<   :CHANNEL DESKTOP :DIRECTION INPUT)
<  (WORD &quot;a&quot; :FRAME (41 42) :SENSE-INFO
<   ((:PENN-PARTS-OF-SPEECH (DT) :TRIPS-PARTS-OF-SPEECH (W::ART W::QUAN W::PRO)))
<   :UTTNUM 37 :CHANNEL DESKTOP :DIRECTION INPUT)
<  (WORD &quot;blue&quot; :FRAME (43 47) :SENSE-INFO
<   ((:PENN-PARTS-OF-SPEECH (NN JJ) :TRIPS-PARTS-OF-SPEECH (W::N W::ADJ)))
<   :UTTNUM 37 :CHANNEL DESKTOP :DIRECTION INPUT)
<  (WORD &quot;tee&quot; :FRAME (48 50) :SENSE-INFO
<   ((:PENN-PARTS-OF-SPEECH (NN) :TRIPS-PARTS-OF-SPEECH (W::N))) :UTTNUM 37
<   :CHANNEL DESKTOP :DIRECTION INPUT)
<  (WORD &quot;-&quot; :FRAME (51 51) :SENSE-INFO
<   ((:PENN-PARTS-OF-SPEECH (COLON) :TRIPS-PARTS-OF-SPEECH (W::PUNC))) :UTTNUM 37
<   :CHANNEL DESKTOP :DIRECTION INPUT)
<  (WORD &quot;shirt&quot; :FRAME (52 57) :SENSE-INFO
<   ((:PENN-PARTS-OF-SPEECH (NN) :TRIPS-PARTS-OF-SPEECH (W::N))) :UTTNUM 37
<   :CHANNEL DESKTOP :DIRECTION INPUT)
<  (WORD &quot;tee-shirt&quot; :FRAME (48 57) :SENSE-INFO
<   ((:PENN-PARTS-OF-SPEECH (NN) :TRIPS-PARTS-OF-SPEECH (W::N))) :UTTNUM 37
<   :CHANNEL DESKTOP :DIRECTION INPUT)
<  (PREFER &quot;a blue tee-shirt&quot; :FRAME (41 57) :PENN-CATS (NP) :TRIPS-CATS (W::NP)
<   :SCORE 25.304 :UTTNUM 37 :CHANNEL DESKTOP :DIRECTION INPUT)
<  (WORD &quot;(&quot; :FRAME (58 59) :SENSE-INFO
<   ((:PENN-PARTS-OF-SPEECH (NN -LRB-) :TRIPS-PARTS-OF-SPEECH (W::N))) :UTTNUM 37
<   :CHANNEL DESKTOP :DIRECTION INPUT))</lisp><word lex="dark" start="17" end="20"><sense-info penn-parts-of-speech="JJ" trips-parts-of-speech="ADJ" /></word><word lex="-" start="21" end="21"><sense-info penn-parts-of-speech="COLON" trips-parts-of-speech="PUNC" /></word><word lex="haired" start="22" end="28"><sense-info penn-parts-of-speech="VBN" trips-parts-of-speech="V" /></word><word lex="dark-haired" start="17" end="28"><sense-info penn-parts-of-speech="JJ" trips-parts-of-speech="ADJ" wn-sense-keys="dark-haired%5:00:00" /></word><word lex="boy" start="29" end="32"><sense-info penn-parts-of-speech="NN" trips-parts-of-speech="N" /></word><prefer text="a dark-skinned , dark-haired boy" start="0" end="32" penn-cats="NP" score="40.958" /><word lex="wearing" start="33" end="40"><sense-info penn-parts-of-speech="VBG" trips-parts-of-speech="V" /></word><word lex="a" start="41" end="42"><sense-info penn-parts-of-speech="DT" trips-parts-of-speech="ART,QUAN,PRO" /></word><word lex="blue" start="43" end="47"><sense-info penn-parts-of-speech="NN,JJ" trips-parts-of-speech="N,ADJ" /></word><word lex="tee" start="48" end="50"><sense-info penn-parts-of-speech="NN" trips-parts-of-speech="N" /></word><word lex="-" start="51" end="51"><sense-info penn-parts-of-speech="COLON" trips-parts-of-speech="PUNC" /></word><word lex="shirt" start="52" end="57"><sense-info penn-parts-of-speech="NN" trips-parts-of-speech="N" /></word><word lex="tee-shirt" start="48" end="57"><sense-info penn-parts-of-speech="NN" trips-parts-of-speech="N" /></word><prefer text="a blue tee-shirt" start="41" end="57" penn-cats="NP" score="25.304" /><word lex="(" start="58" end="59"><sense-info penn-parts-of-speech="NN,-LRB-" trips-parts-of-speech="N" /></word></tags><tree><lisp>(NP
<  (N1 (N1 (ADJP (ADJ1 (ADJ DARK PUNC-MINUS HAIRED))) (N1 (N BOY)))
<   (CP
<    (VP
<     (VP- (V WEARING)
<      (NP (SPEC (DET (ART A)))
<       (N1 (ADJP (ADJ1 (ADJ BLUE))) (N1 (N TEE PUNC-MINUS SHIRT)))))))))</lisp><NP><N1><N1><ADJP><ADJ1><ADJ>DARK PUNC-MINUS HAIRED</ADJ></ADJ1></ADJP><N1><N>BOY</N></N1></N1><CP><VP><VP-><V>WEARING</V><NP><SPEC><DET><ART>A</ART></DET></SPEC><N1><ADJP><ADJ1><ADJ>BLUE</ADJ></ADJ1></ADJP><N1><N>TEE PUNC-MINUS SHIRT</N></N1></N1></NP></VP-></VP></CP></N1></NP></tree><terms root="#V197714"><lisp>((ONT::BARE ONT::V197714 (:* ONT::MALE-CHILD W::BOY) :MOD ONT::V197720 :MOD
<   ONT::V197711 :START 17 :END 58)
<  (ONT::F ONT::V197711 (:* ONT::MODIFIER W::DARK-PUNC-MINUS-HAIRED) :FIGURE
<   ONT::V197714 :START 17 :END 29 :WNSENSE &quot;dark-haired%5:00:00&quot;)
<  (ONT::F ONT::V197720 (:* ONT::WEAR W::WEAR) :AGENT ONT::V197714 :NEUTRAL
<   ONT::V197794 :VFORM W::ING :START 33 :END 58)
<  (ONT::A ONT::V197794 (:* ONT::ATTIRE W::TEE-PUNC-MINUS-SHIRT) :MOD
<   ONT::V197767 :START 41 :END 58)
<  (ONT::F ONT::V197767 (:* ONT::BLUE W::BLUE) :FIGURE ONT::V197794 :SCALE
<   ONT::COLOR-SCALE :START 43 :END 48))</lisp><rdf:RDF
<   xmlns:rdf="http://www.w3.org/1999/02/22-rdf-syntax-ns#"
<   xmlns:role="http://www.cs.rochester.edu/research/trips/role#"
<   xmlns:LF="http://www.cs.rochester.edu/research/trips/LF#">
<   <rdf:Description rdf:ID="V197714">
<     <LF:indicator>BARE</LF:indicator>
<     <LF:type>MALE-CHILD</LF:type>
<     <LF:word>BOY</LF:word>
<     <role:MOD rdf:resource="#V197720" />
<     <role:MOD rdf:resource="#V197711" />
<     <LF:start>17</LF:start>
<     <LF:end>58</LF:end>
<   </rdf:Description>
<   <rdf:Description rdf:ID="V197711">
<     <LF:indicator>F</LF:indicator>
<     <LF:type>MODIFIER</LF:type>
<     <LF:word>DARK-PUNC-MINUS-HAIRED</LF:word>
<     <role:FIGURE rdf:resource="#V197714" />
<     <LF:start>17</LF:start>
<     <LF:end>29</LF:end>
<     <role:WNSENSE>dark-haired%5:00:00</role:WNSENSE>
<   </rdf:Description>
<   <rdf:Description rdf:ID="V197720">
<     <LF:indicator>F</LF:indicator>
<     <LF:type>WEAR</LF:type>
<     <LF:word>WEAR</LF:word>
<     <role:AGENT rdf:resource="#V197714" />
<     <role:NEUTRAL rdf:resource="#V197794" />
<     <role:VFORM>ING</role:VFORM>
<     <LF:start>33</LF:start>
<     <LF:end>58</LF:end>
<   </rdf:Description>
<   <rdf:Description rdf:ID="V197794">
<     <LF:indicator>A</LF:indicator>
<     <LF:type>ATTIRE</LF:type>
<     <LF:word>TEE-PUNC-MINUS-SHIRT</LF:word>
<     <role:MOD rdf:resource="#V197767" />
<     <LF:start>41</LF:start>
<     <LF:end>58</LF:end>
<   </rdf:Description>
<   <rdf:Description rdf:ID="V197767">
<     <LF:indicator>F</LF:indicator>
<     <LF:type>BLUE</LF:type>
<     <LF:word>BLUE</LF:word>
<     <role:FIGURE rdf:resource="#V197794" />
<     <role:SCALE>COLOR-SCALE</role:SCALE>
<     <LF:start>43</LF:start>
<     <LF:end>48</LF:end>
<   </rdf:Description>
< </rdf:RDF>
< </terms></utt><utt><words><lisp>(W::ONE W::SLEEVE W::GREEN W::PUNC-COMMA W::THE W::OTHER W::ONE W::PINK
<  W::END-PAREN W::IS W::STANDING W::IN W::A W::CLASSROOM)</lisp><word>ONE</word><word>SLEEVE</word><word>GREEN</word><word>PUNC-COMMA</word><word>THE</word><word>OTHER</word><word>ONE</word><word>PINK</word><word>END-PAREN</word><word>IS</word><word>STANDING</word><word>IN</word><word>A</word><word>CLASSROOM</word></words><tags><lisp>((WORD &quot;one&quot; :FRAME (60 63) :SENSE-INFO
<   ((:PENN-PARTS-OF-SPEECH (CD) :TRIPS-PARTS-OF-SPEECH
<     (W::NUMBER W::NUMBER-UNIT)))
<   :UTTNUM 37 :CHANNEL DESKTOP :DIRECTION INPUT)
<  (WORD &quot;sleeve&quot; :FRAME (64 70) :SENSE-INFO
<   ((:PENN-PARTS-OF-SPEECH (NN JJ) :TRIPS-PARTS-OF-SPEECH (W::N W::ADJ)))
<   :UTTNUM 37 :CHANNEL DESKTOP :DIRECTION INPUT)
<  (WORD &quot;green&quot; :FRAME (71 76) :SENSE-INFO
<   ((:PENN-PARTS-OF-SPEECH (NN) :TRIPS-PARTS-OF-SPEECH (W::N))) :UTTNUM 37
<   :CHANNEL DESKTOP :DIRECTION INPUT)
<  (PREFER &quot;one sleeve green&quot; :FRAME (60 76) :PENN-CATS (NP) :TRIPS-CATS (W::NP)
<   :SCORE 34.934 :UTTNUM 37 :CHANNEL DESKTOP :DIRECTION INPUT)
<  (WORD &quot;,&quot; :FRAME (77 78) :SENSE-INFO
<   ((:PENN-PARTS-OF-SPEECH (COMMA) :TRIPS-PARTS-OF-SPEECH (W::PUNC))) :UTTNUM 37
<   :CHANNEL DESKTOP :DIRECTION INPUT)
<  (WORD &quot;the&quot; :FRAME (79 82) :SENSE-INFO
<   ((:PENN-PARTS-OF-SPEECH (DT) :TRIPS-PARTS-OF-SPEECH (W::ART W::QUAN W::PRO)))
<   :UTTNUM 37 :CHANNEL DESKTOP :DIRECTION INPUT)
<  (WORD &quot;other&quot; :FRAME (83 88) :SENSE-INFO
<   ((:PENN-PARTS-OF-SPEECH (JJ) :TRIPS-PARTS-OF-SPEECH (W::ADJ))) :UTTNUM 37
<   :CHANNEL DESKTOP :DIRECTION INPUT)
<  (WORD &quot;one&quot; :FRAME (89 92) :SENSE-INFO
<   ((:PENN-PARTS-OF-SPEECH (CD) :TRIPS-PARTS-OF-SPEECH
<     (W::NUMBER W::NUMBER-UNIT)))
<   :UTTNUM 37 :CHANNEL DESKTOP :DIRECTION INPUT)
<  (WORD &quot;pink&quot; :FRAME (93 97) :SENSE-INFO
<   ((:PENN-PARTS-OF-SPEECH (JJ NNS) :TRIPS-PARTS-OF-SPEECH (W::ADJ W::N)))
<   :UTTNUM 37 :CHANNEL DESKTOP :DIRECTION INPUT)
<  (PREFER &quot;the other one pink&quot; :FRAME (79 97) :PENN-CATS (NP) :TRIPS-CATS
<   (W::NP) :SCORE 28.886 :UTTNUM 37 :CHANNEL DESKTOP :DIRECTION INPUT)
<  (PREFER &quot;one sleeve green , the other one pink&quot; :FRAME (60 97) :PENN-CATS (NP)
<   :TRIPS-CATS (W::NP) :SCORE 64.924 :UTTNUM 37 :CHANNEL DESKTOP :DIRECTION
<   INPUT)
<  (WORD &quot;)&quot; :FRAME (98 99) :SENSE-INFO
<   ((:PENN-PARTS-OF-SPEECH (NN -RRB-) :TRIPS-PARTS-OF-SPEECH (W::N))) :UTTNUM 37
<   :CHANNEL DESKTOP :DIRECTION INPUT)
<  (PREFER &quot;( one sleeve green , the other one pink )&quot; :FRAME (58 99) :PENN-CATS
<   (PRN) :SCORE 67.398 :UTTNUM 37 :CHANNEL DESKTOP :DIRECTION INPUT)
<  (PREFER &quot;a blue tee-shirt ( one sleeve green , the other one pink )&quot; :FRAME
<   (41 99) :PENN-CATS (NP) :TRIPS-CATS (W::NP) :SCORE 97.086 :UTTNUM 37 :CHANNEL
<   DESKTOP :DIRECTION INPUT)
<  (PREFER &quot;wearing a blue tee-shirt ( one sleeve green , the other one pink )&quot;
<   :FRAME (33 99) :PENN-CATS (VP) :TRIPS-CATS (W::VP) :SCORE 107.866 :UTTNUM 37
<   :CHANNEL DESKTOP :DIRECTION INPUT)
<  (PREFER
<   &quot;a dark-skinned , dark-haired boy wearing a blue tee-shirt ( one sleeve green , the other one pink )&quot;
<   :FRAME (0 99) :PENN-CATS (NP) :TRIPS-CATS (W::NP) :SCORE 151.386 :UTTNUM 37
<   :CHANNEL DESKTOP :DIRECTION INPUT)
<  (WORD &quot;is&quot; :FRAME (100 102) :SENSE-INFO
<   ((:PENN-PARTS-OF-SPEECH (VBZ) :TRIPS-PARTS-OF-SPEECH (W::V))) :UTTNUM 37
<   :CHANNEL DESKTOP :DIRECTION INPUT)
<  (WORD &quot;standing&quot; :FRAME (103 111) :SENSE-INFO
<   ((:PENN-PARTS-OF-SPEECH (VBG) :TRIPS-PARTS-OF-SPEECH (W::V))) :UTTNUM 37
<   :CHANNEL DESKTOP :DIRECTION INPUT)
<  (WORD &quot;in&quot; :FRAME (112 114) :SENSE-INFO
<   ((:PENN-PARTS-OF-SPEECH (RP IN) :TRIPS-PARTS-OF-SPEECH
<     (W::PART W::PREP W::ADV)))
<   :UTTNUM 37 :CHANNEL DESKTOP :DIRECTION INPUT)
<  (WORD &quot;standing in&quot; :FRAME (103 114) :SENSE-INFO
<   ((:PENN-PARTS-OF-SPEECH (VBG) :TRIPS-PARTS-OF-SPEECH (W::V) :WN-SENSE-KEYS
<     (&quot;stand_in%2:40:00&quot;)))
<   :UTTNUM 37 :CHANNEL DESKTOP :DIRECTION INPUT)
<  (WORD &quot;a&quot; :FRAME (115 116) :SENSE-INFO
<   ((:PENN-PARTS-OF-SPEECH (DT) :TRIPS-PARTS-OF-SPEECH (W::ART W::QUAN W::PRO)))
<   :UTTNUM 37 :CHANNEL DESKTOP :DIRECTION INPUT)
<  (WORD &quot;classroom&quot; :FRAME (117 126) :SENSE-INFO
<   ((:PENN-PARTS-OF-SPEECH (NN) :TRIPS-PARTS-OF-SPEECH (W::N))) :UTTNUM 37
<   :CHANNEL DESKTOP :DIRECTION INPUT)
<  (PREFER &quot;a classroom&quot; :FRAME (115 126) :PENN-CATS (NP) :TRIPS-CATS (W::NP)
<   :SCORE 13.862 :UTTNUM 37 :CHANNEL DESKTOP :DIRECTION INPUT)
<  (PREFER &quot;in a classroom&quot; :FRAME (112 126) :PENN-CATS (PP) :TRIPS-CATS (W::PP)
<   :SCORE 16.087 :UTTNUM 37 :CHANNEL DESKTOP :DIRECTION INPUT)
<  (PREFER &quot;standing in a classroom&quot; :FRAME (103 126) :PENN-CATS (VP) :TRIPS-CATS
<   (W::VP) :SCORE 25.261 :UTTNUM 37 :CHANNEL DESKTOP :DIRECTION INPUT)
<  (PREFER &quot;is standing in a classroom&quot; :FRAME (100 126) :PENN-CATS (VP)
<   :TRIPS-CATS (W::VP) :SCORE 29.521 :UTTNUM 37 :CHANNEL DESKTOP :DIRECTION
<   INPUT)
<  (WORD &quot;.&quot; :FRAME (127 127) :SENSE-INFO
<   ((:PENN-PARTS-OF-SPEECH (FULL_STOP) :TRIPS-PARTS-OF-SPEECH (W::PUNC)))
<   :UTTNUM 37 :CHANNEL DESKTOP :DIRECTION INPUT)
<  (PREFER
<   &quot;a dark-skinned , dark-haired boy wearing a blue tee-shirt ( one sleeve green , the other one pink ) is standing in a classroom .&quot;
<   :FRAME (0 127) :PENN-CATS (S) :SCORE 184.821 :UTTNUM 37 :CHANNEL DESKTOP
<   :DIRECTION INPUT))</lisp><word lex="one" start="60" end="63"><sense-info penn-parts-of-speech="CD" trips-parts-of-speech="NUMBER,NUMBER-UNIT" /></word><word lex="sleeve" start="64" end="70"><sense-info penn-parts-of-speech="NN,JJ" trips-parts-of-speech="N,ADJ" /></word><word lex="green" start="71" end="76"><sense-info penn-parts-of-speech="NN" trips-parts-of-speech="N" /></word><prefer text="one sleeve green" start="60" end="76" penn-cats="NP" score="34.934" /><word lex="," start="77" end="78"><sense-info penn-parts-of-speech="COMMA" trips-parts-of-speech="PUNC" /></word><word lex="the" start="79" end="82"><sense-info penn-parts-of-speech="DT" trips-parts-of-speech="ART,QUAN,PRO" /></word><word lex="other" start="83" end="88"><sense-info penn-parts-of-speech="JJ" trips-parts-of-speech="ADJ" /></word><word lex="one" start="89" end="92"><sense-info penn-parts-of-speech="CD" trips-parts-of-speech="NUMBER,NUMBER-UNIT" /></word><word lex="pink" start="93" end="97"><sense-info penn-parts-of-speech="JJ,NNS" trips-parts-of-speech="ADJ,N" /></word><prefer text="the other one pink" start="79" end="97" penn-cats="NP" score="28.886" /><prefer text="one sleeve green , the other one pink" start="60" end="97" penn-cats="NP" score="64.924" /><word lex=")" start="98" end="99"><sense-info penn-parts-of-speech="NN,-RRB-" trips-parts-of-speech="N" /></word><prefer text="( one sleeve green , the other one pink )" start="58" end="99" penn-cats="PRN" score="67.398" /><prefer text="a blue tee-shirt ( one sleeve green , the other one pink )" start="41" end="99" penn-cats="NP" score="97.086" /><prefer text="wearing a blue tee-shirt ( one sleeve green , the other one pink )" start="33" end="99" penn-cats="VP" score="107.866" /><prefer text="a dark-skinned , dark-haired boy wearing a blue tee-shirt ( one sleeve green , the other one pink )" start="0" end="99" penn-cats="NP" score="151.386" /><word lex="is" start="100" end="102"><sense-info penn-parts-of-speech="VBZ" trips-parts-of-speech="V" /></word><word lex="standing" start="103" end="111"><sense-info penn-parts-of-speech="VBG" trips-parts-of-speech="V" /></word><word lex="in" start="112" end="114"><sense-info penn-parts-of-speech="RP,IN" trips-parts-of-speech="PART,PREP,ADV" /></word><word lex="standing in" start="103" end="114"><sense-info penn-parts-of-speech="VBG" trips-parts-of-speech="V" wn-sense-keys="stand_in%2:40:00" /></word><word lex="a" start="115" end="116"><sense-info penn-parts-of-speech="DT" trips-parts-of-speech="ART,QUAN,PRO" /></word><word lex="classroom" start="117" end="126"><sense-info penn-parts-of-speech="NN" trips-parts-of-speech="N" /></word><prefer text="a classroom" start="115" end="126" penn-cats="NP" score="13.862" /><prefer text="in a classroom" start="112" end="126" penn-cats="PP" score="16.087" /><prefer text="standing in a classroom" start="103" end="126" penn-cats="VP" score="25.261" /><prefer text="is standing in a classroom" start="100" end="126" penn-cats="VP" score="29.521" /><word lex="." start="127" end="127"><sense-info penn-parts-of-speech="FULL_STOP" trips-parts-of-speech="PUNC" /></word><prefer text="a dark-skinned , dark-haired boy wearing a blue tee-shirt ( one sleeve green , the other one pink ) is standing in a classroom ." start="0" end="127" penn-cats="S" score="184.821" /></tags><tree><lisp>(PUNC START-PAREN)</lisp><PUNC>START-PAREN</PUNC></tree><terms root="#V204347"><lisp>((ONT::SPEECHACT ONT::V204347 ONT::SA_TELL :CONTENT ONT::V197880 :START 60 :END
<   127)
<  (ONT::F ONT::V197880 (:* ONT::BE W::BE) :NEUTRAL ONT::V197821 :NEUTRAL1
<   ONT::V197897 :TENSE W::PRES :START 60 :END 127)
<  (ONT::A ONT::V197821 (:* ONT::COLOR-SCALE W::GREEN) :PARENTHETICAL
<   ONT::V198979 :SIZE ONT::V198017 :ASSOC-WITH ONT::V197811 :START 60 :END 100)
<  (ONT::KIND ONT::V197811 (:* ONT::COVERING W::SLEEVE) :START 60 :END 100)
<  (ONT::A ONT::V198017 ONT::NUMBER :VALUE 1 :START 60 :END 100)
<  (ONT::SPEECHACT ONT::V198989 ONT::SA_IDENTIFY :CONTENT ONT::V198979 :START 79
<   :END 98)
<  (ONT::THE ONT::V198979 (:* ONT::COLOR-SCALE W::PINK) :FIGURE ONT::V197852 :MOD
<   ONT::V197845 :START 79 :END 98)
<  (ONT::F ONT::V197852 (:* ONT::REFERENTIAL-SEM W::ONE) :START 79 :END 98)
<  (ONT::F ONT::V197845 (:* ONT::OTHER W::OTHER) :INTENSITY ONT::HI :FIGURE
<   ONT::V198979 :START 83 :END 89)
<  (ONT::BARE ONT::V197897 (:* ONT::BE-AT-LOC W::STAND) :LOCATION ONT::V197906
<   :START 103 :END 127)
<  (ONT::F ONT::V197906 (:* ONT::IN-LOC W::IN) :GROUND ONT::V198008 :FIGURE
<   ONT::V197897 :START 112 :END 127)
<  (ONT::A ONT::V198008 (:* ONT::INTERNAL-ENCLOSURE W::CLASSROOM) :START 115 :END
<   127))</lisp><rdf:RDF
<   xmlns:rdf="http://www.w3.org/1999/02/22-rdf-syntax-ns#"
<   xmlns:role="http://www.cs.rochester.edu/research/trips/role#"
<   xmlns:LF="http://www.cs.rochester.edu/research/trips/LF#">
<   <rdf:Description rdf:ID="V204347">
<     <LF:indicator>SPEECHACT</LF:indicator>
<     <LF:type>SA_TELL</LF:type>
<     <role:CONTENT rdf:resource="#V197880" />
<     <LF:start>60</LF:start>
<     <LF:end>127</LF:end>
<   </rdf:Description>
<   <rdf:Description rdf:ID="V197880">
<     <LF:indicator>F</LF:indicator>
<     <LF:type>BE</LF:type>
<     <LF:word>BE</LF:word>
<     <role:NEUTRAL rdf:resource="#V197821" />
<     <role:NEUTRAL1 rdf:resource="#V197897" />
<     <role:TENSE>PRES</role:TENSE>
<     <LF:start>60</LF:start>
<     <LF:end>127</LF:end>
<   </rdf:Description>
<   <rdf:Description rdf:ID="V197821">
<     <LF:indicator>A</LF:indicator>
<     <LF:type>COLOR-SCALE</LF:type>
<     <LF:word>GREEN</LF:word>
<     <role:PARENTHETICAL rdf:resource="#V198979" />
<     <role:SIZE rdf:resource="#V198017" />
<     <role:ASSOC-WITH rdf:resource="#V197811" />
<     <LF:start>60</LF:start>
<     <LF:end>100</LF:end>
<   </rdf:Description>
<   <rdf:Description rdf:ID="V197811">
<     <LF:indicator>KIND</LF:indicator>
<     <LF:type>COVERING</LF:type>
<     <LF:word>SLEEVE</LF:word>
<     <LF:start>60</LF:start>
<     <LF:end>100</LF:end>
<   </rdf:Description>
<   <rdf:Description rdf:ID="V198017">
<     <LF:indicator>A</LF:indicator>
<     <LF:type>NUMBER</LF:type>
<     <role:VALUE>1</role:VALUE>
<     <LF:start>60</LF:start>
<     <LF:end>100</LF:end>
<   </rdf:Description>
<   <rdf:Description rdf:ID="V198989">
<     <LF:indicator>SPEECHACT</LF:indicator>
<     <LF:type>SA_IDENTIFY</LF:type>
<     <role:CONTENT rdf:resource="#V198979" />
<     <LF:start>79</LF:start>
<     <LF:end>98</LF:end>
<   </rdf:Description>
<   <rdf:Description rdf:ID="V198979">
<     <LF:indicator>THE</LF:indicator>
<     <LF:type>COLOR-SCALE</LF:type>
<     <LF:word>PINK</LF:word>
<     <role:FIGURE rdf:resource="#V197852" />
<     <role:MOD rdf:resource="#V197845" />
<     <LF:start>79</LF:start>
<     <LF:end>98</LF:end>
<   </rdf:Description>
<   <rdf:Description rdf:ID="V197852">
<     <LF:indicator>F</LF:indicator>
<     <LF:type>REFERENTIAL-SEM</LF:type>
<     <LF:word>ONE</LF:word>
<     <LF:start>79</LF:start>
<     <LF:end>98</LF:end>
<   </rdf:Description>
<   <rdf:Description rdf:ID="V197845">
<     <LF:indicator>F</LF:indicator>
<     <LF:type>OTHER</LF:type>
<     <LF:word>OTHER</LF:word>
<     <role:INTENSITY>HI</role:INTENSITY>
<     <role:FIGURE rdf:resource="#V198979" />
<     <LF:start>83</LF:start>
<     <LF:end>89</LF:end>
<   </rdf:Description>
<   <rdf:Description rdf:ID="V197897">
<     <LF:indicator>BARE</LF:indicator>
<     <LF:type>BE-AT-LOC</LF:type>
<     <LF:word>STAND</LF:word>
<     <role:LOCATION rdf:resource="#V197906" />
<     <LF:start>103</LF:start>
<     <LF:end>127</LF:end>
<   </rdf:Description>
<   <rdf:Description rdf:ID="V197906">
<     <LF:indicator>F</LF:indicator>
<     <LF:type>IN-LOC</LF:type>
<     <LF:word>IN</LF:word>
<     <role:GROUND rdf:resource="#V198008" />
<     <role:FIGURE rdf:resource="#V197897" />
<     <LF:start>112</LF:start>
<     <LF:end>127</LF:end>
<   </rdf:Description>
<   <rdf:Description rdf:ID="V198008">
<     <LF:indicator>A</LF:indicator>
<     <LF:type>INTERNAL-ENCLOSURE</LF:type>
<     <LF:word>CLASSROOM</LF:word>
<     <LF:start>115</LF:start>
<     <LF:end>127</LF:end>
<   </rdf:Description>
< </rdf:RDF>
< </terms></utt></compound-communication-act>
< </trips-parser-output>
\ No newline at end of file
---
> <SpRL>
>  <SCENE>
>   <SENTENCE id="s1" indicator="THE" type="LETTER-SYMBOL" NAME-OF="(A)" start="0" end="2">
>    <TEXT>a d</TEXT>
>   </SENTENCE>
>   <SENTENCE id="s2" indicator="SPEECHACT" type="SA_TELL" start="2" end="17">
>    <TEXT>dark-skinned , d</TEXT>
>    <RELATION id="1" head="V206251" res="V197673" label="CONTENT"/>
>    <PHRASE id="V197673" indicator="F" type="MOVE" text="SKINNED" TENSE="PAST" start="2" end="15"/>
>    <RELATION id="2" head="V197673" res="V197664" label="AFFECTED"/>
>    <PHRASE id="V197664" indicator="BARE" type="LIGHT" text="DARK" start="2" end="6"/>
>   </SENTENCE>
>   <SENTENCE id="s3" indicator="BARE" type="MALE-CHILD" text="BOY" start="17" end="58">
>    <TEXT>dark-haired boy wearing a blue tee-shirt (</TEXT>
>    <RELATION id="3" head="V197714" res="V197720" label="MOD"/>
>    <RELATION id="4" head="V197714" res="V197711" label="MOD"/>
>    <PHRASE id="V197711" indicator="F" type="MODIFIER" text="DARK-PUNC-MINUS-HAIRED" start="17" end="29" WNSENSE="dark-haired%5:00:00"/>
>    <RELATION id="5" head="V197711" res="V197714" label="FIGURE"/>
>    <PHRASE id="V197720" indicator="F" type="WEAR" text="WEAR" VFORM="ING" start="33" end="58"/>
>    <RELATION id="6" head="V197720" res="V197714" label="AGENT"/>
>    <RELATION id="7" head="V197720" res="V197794" label="NEUTRAL"/>
>    <PHRASE id="V197794" indicator="A" type="ATTIRE" text="TEE-PUNC-MINUS-SHIRT" start="41" end="58"/>
>    <RELATION id="8" head="V197794" res="V197767" label="MOD"/>
>    <PHRASE id="V197767" indicator="F" type="BLUE" text="BLUE" SCALE="COLOR-SCALE" start="43" end="48"/>
>    <RELATION id="9" head="V197767" res="V197794" label="FIGURE"/>
>   </SENTENCE>
>   <SENTENCE id="s4" indicator="SPEECHACT" type="SA_TELL" start="60" end="127">
>    <TEXT>one sleeve green , the other one pink ) is standing in a classroom .</TEXT>
>    <RELATION id="10" head="V204347" res="V197880" label="CONTENT"/>
>    <PHRASE id="V197880" indicator="F" type="BE" text="BE" TENSE="PRES" start="60" end="127"/>
>    <RELATION id="11" head="V197880" res="V197821" label="NEUTRAL"/>
>    <RELATION id="12" head="V197880" res="V197897" label="NEUTRAL1"/>
>    <PHRASE id="V197821" indicator="A" type="COLOR-SCALE" text="GREEN" start="60" end="100"/>
>    <RELATION id="13" head="V197821" res="V198979" label="PARENTHETICAL"/>
>    <RELATION id="14" head="V197821" res="V198017" label="SIZE"/>
>    <RELATION id="15" head="V197821" res="V197811" label="ASSOC-WITH"/>
>    <PHRASE id="V197811" indicator="KIND" type="COVERING" text="SLEEVE" start="60" end="100"/>
>    <PHRASE id="V198017" indicator="A" type="NUMBER" VALUE="1" start="60" end="100"/>
>    <PHRASE id="V198989" indicator="SPEECHACT" type="SA_IDENTIFY" start="79" end="98"/>
>    <RELATION id="16" head="V198989" res="V198979" label="CONTENT"/>
>    <PHRASE id="V198979" indicator="THE" type="COLOR-SCALE" text="PINK" start="79" end="98"/>
>    <RELATION id="17" head="V198979" res="V197852" label="FIGURE"/>
>    <RELATION id="18" head="V198979" res="V197845" label="MOD"/>
>    <PHRASE id="V197852" indicator="F" type="REFERENTIAL-SEM" text="ONE" start="79" end="98"/>
>    <PHRASE id="V197845" indicator="F" type="OTHER" text="OTHER" INTENSITY="HI" start="83" end="89"/>
>    <RELATION id="19" head="V197845" res="V198979" label="FIGURE"/>
>    <PHRASE id="V197897" indicator="BARE" type="BE-AT-LOC" text="STAND" start="103" end="127"/>
>    <RELATION id="20" head="V197897" res="V197906" label="LOCATION"/>
>    <PHRASE id="V197906" indicator="F" type="IN-LOC" text="IN" start="112" end="127"/>
>    <RELATION id="21" head="V197906" res="V198008" label="GROUND"/>
>    <RELATION id="22" head="V197906" res="V197897" label="FIGURE"/>
>    <PHRASE id="V198008" indicator="A" type="INTERNAL-ENCLOSURE" text="CLASSROOM" start="115" end="127"/>
>   </SENTENCE>
>  </SCENE>
> </SpRL>
