<LOG DATE="23/10/2017" TIME="13:11:26" FILE="/Users/parisakordjamshidi/step/TRIPS/Systems/STEP/batch4/LEXICONMANAGER.log">

<SEND T="13:11:26">
  (REGISTER :NAME LEXICONMANAGER :GROUP SYSTEM)
</SEND>

<SEND T="13:11:26">
  (SUBSCRIBE :CONTENT (REQUEST &KEY :CONTENT (GET-LF . *)))
</SEND>

<SEND T="13:11:26">
  (SUBSCRIBE :CONTENT (REQUEST &KEY :CONTENT (ADD-NAMES . *)))
</SEND>

<SEND T="13:11:26">
  (SUBSCRIBE :CONTENT (REQUEST &KEY :CONTENT (ADD-LEX-ENTRY . *)))
</SEND>

<SEND T="13:11:26">
  (SUBSCRIBE :CONTENT (REQUEST &KEY :CONTENT (GET-ALIASES . *)))
</SEND>

<SEND T="13:11:26">
  (TELL :CONTENT (MODULE-STATUS READY))
</SEND>

<RECEIVE T="13:12:02">
  (REQUEST :RECEIVER LEXICONMANAGER :CONTENT (IS-DEFINED-WORD W::COLOURED)
   :REPLY-WITH TEXTTAGGER1 :SENDER TEXTTAGGER)
</RECEIVE>

<SEND T="13:12:02">
  (TELL :RECEIVER TEXTTAGGER :IN-REPLY-TO TEXTTAGGER1 :CONTENT T)
</SEND>

<RECEIVE T="13:12:34">
  (REQUEST :RECEIVER LEXICONMANAGER :CONTENT (IS-DEFINED-WORD W::DESK)
   :REPLY-WITH TEXTTAGGER2 :SENDER TEXTTAGGER)
</RECEIVE>

<SEND T="13:12:34">
  (TELL :RECEIVER TEXTTAGGER :IN-REPLY-TO TEXTTAGGER2 :CONTENT T)
</SEND>

<RECEIVE T="13:12:56">
  (REQUEST :RECEIVER LEXICONMANAGER :CONTENT (IS-DEFINED-WORD W::COLLAR)
   :REPLY-WITH TEXTTAGGER3 :SENDER TEXTTAGGER)
</RECEIVE>

<SEND T="13:12:56">
  (TELL :RECEIVER TEXTTAGGER :IN-REPLY-TO TEXTTAGGER3 :CONTENT T)
</SEND>

<RECEIVE T="13:13:51">
  (REQUEST :RECEIVER LEXICONMANAGER :CONTENT (IS-DEFINED-WORD W::COLOURFUL)
   :REPLY-WITH TEXTTAGGER4 :SENDER TEXTTAGGER)
</RECEIVE>

<SEND T="13:13:51">
  (TELL :RECEIVER TEXTTAGGER :IN-REPLY-TO TEXTTAGGER4 :CONTENT T)
</SEND>

<RECEIVE T="13:15:07">
  (REQUEST :RECEIVER LEXICONMANAGER :CONTENT (IS-DEFINED-WORD W::PANTS)
   :REPLY-WITH TEXTTAGGER5 :SENDER TEXTTAGGER)
</RECEIVE>

<SEND T="13:15:07">
  (TELL :RECEIVER TEXTTAGGER :IN-REPLY-TO TEXTTAGGER5 :CONTENT T)
</SEND>

<RECEIVE T="13:15:26">
  (REQUEST :RECEIVER LEXICONMANAGER :CONTENT (IS-DEFINED-WORD W::OUTSIDE)
   :REPLY-WITH TEXTTAGGER6 :SENDER TEXTTAGGER)
</RECEIVE>

<SEND T="13:15:26">
  (TELL :RECEIVER TEXTTAGGER :IN-REPLY-TO TEXTTAGGER6 :CONTENT T)
</SEND>

<RECEIVE T="13:26:43">
  (REQUEST :RECEIVER LEXICONMANAGER :CONTENT (IS-DEFINED-WORD W::COAT)
   :REPLY-WITH TEXTTAGGER7 :SENDER TEXTTAGGER)
</RECEIVE>

<SEND T="13:26:43">
  (TELL :RECEIVER TEXTTAGGER :IN-REPLY-TO TEXTTAGGER7 :CONTENT T)
</SEND>

<RECEIVE T="13:28:06">
  (REQUEST :RECEIVER LEXICONMANAGER :CONTENT (IS-DEFINED-WORD W::COMIC)
   :REPLY-WITH TEXTTAGGER8 :SENDER TEXTTAGGER)
</RECEIVE>

<SEND T="13:28:06">
  (TELL :RECEIVER TEXTTAGGER :IN-REPLY-TO TEXTTAGGER8 :CONTENT T)
</SEND>

<RECEIVE T="13:58:28">
  (REQUEST :RECEIVER LEXICONMANAGER :CONTENT (IS-DEFINED-WORD W::CORRIDOR)
   :REPLY-WITH TEXTTAGGER9 :SENDER TEXTTAGGER)
</RECEIVE>

<SEND T="13:58:28">
  (TELL :RECEIVER TEXTTAGGER :IN-REPLY-TO TEXTTAGGER9 :CONTENT T)
</SEND>

<RECEIVE T="13:58:28">
  (REQUEST :RECEIVER LEXICONMANAGER :CONTENT (IS-DEFINED-WORD W::DESKS)
   :REPLY-WITH TEXTTAGGER10 :SENDER TEXTTAGGER)
</RECEIVE>

<SEND T="13:58:28">
  (TELL :RECEIVER TEXTTAGGER :IN-REPLY-TO TEXTTAGGER10 :CONTENT T)
</SEND>

<RECEIVE T="13:58:52">
  (REQUEST :RECEIVER LEXICONMANAGER :CONTENT (IS-DEFINED-WORD W::SURFING)
   :REPLY-WITH TEXTTAGGER11 :SENDER TEXTTAGGER)
</RECEIVE>

<SEND T="13:58:52">
  (TELL :RECEIVER TEXTTAGGER :IN-REPLY-TO TEXTTAGGER11 :CONTENT T)
</SEND>

<RECEIVE T="14:00:53">
  NIL
</RECEIVE>

