2,311c2,44
< <?xml-stylesheet type="text/xsl" href="../style/parser-interface.xsl"?>
< <!DOCTYPE trips-parser-output SYSTEM "../trips-parser-output.dtd">
< <trips-parser-output parser-build-date="2017-09-20T12:11:02-0500" system="STEP" extsformat="svg" tagsformat="hidden" treecontents="phrase" treeformat="LinGO" lfformat="svg" semantic-skeleton-scoring="T" rule-sets="" input="a dark-skinned , dark-haired girl in a black blouse is standing in a classroom in front of a wooden wall .
< ">
< <debug>
< *last-utt-id*=NIL  utt-id+29
< *last-utt-id*=29  utt-id+29
< *last-utt-id*=29  utt-id+29
< *last-utt-id*=29  utt-id+29
< *last-utt-id*=29  utt-id+NIL</debug><compound-communication-act>
< <utt><words><lisp>(W::DARK W::PUNC-MINUS W::SKINNED)</lisp><word>DARK</word><word>PUNC-MINUS</word><word>SKINNED</word></words><tags><lisp>((WORD &quot;a&quot; :FRAME (0 1) :SENSE-INFO
<   ((:PENN-PARTS-OF-SPEECH (DT) :TRIPS-PARTS-OF-SPEECH (W::ART W::QUAN W::PRO)))
<   :UTTNUM 29 :CHANNEL DESKTOP :DIRECTION INPUT)
<  (WORD &quot;dark&quot; :FRAME (2 5) :SENSE-INFO
<   ((:PENN-PARTS-OF-SPEECH (NN) :TRIPS-PARTS-OF-SPEECH (W::N))) :UTTNUM 29
<   :CHANNEL DESKTOP :DIRECTION INPUT)
<  (WORD &quot;-&quot; :FRAME (6 6) :SENSE-INFO
<   ((:PENN-PARTS-OF-SPEECH (COLON) :TRIPS-PARTS-OF-SPEECH (W::PUNC))) :UTTNUM 29
<   :CHANNEL DESKTOP :DIRECTION INPUT)
<  (WORD &quot;skinned&quot; :FRAME (7 14) :SENSE-INFO
<   ((:PENN-PARTS-OF-SPEECH (VBD) :TRIPS-PARTS-OF-SPEECH (W::V))) :UTTNUM 29
<   :CHANNEL DESKTOP :DIRECTION INPUT)
<  (WORD &quot;dark-skinned&quot; :FRAME (2 14) :SENSE-INFO
<   ((:PENN-PARTS-OF-SPEECH (JJ) :TRIPS-PARTS-OF-SPEECH (W::ADJ) :WN-SENSE-KEYS
<     (&quot;dark-skinned%5:00:00&quot;)))
<   :UTTNUM 29 :CHANNEL DESKTOP :DIRECTION INPUT)
<  (WORD &quot;,&quot; :FRAME (15 16) :SENSE-INFO
<   ((:PENN-PARTS-OF-SPEECH (COMMA) :TRIPS-PARTS-OF-SPEECH (W::PUNC))) :UTTNUM 29
<   :CHANNEL DESKTOP :DIRECTION INPUT))</lisp><word lex="a" start="0" end="1"><sense-info penn-parts-of-speech="DT" trips-parts-of-speech="ART,QUAN,PRO" /></word><word lex="dark" start="2" end="5"><sense-info penn-parts-of-speech="NN" trips-parts-of-speech="N" /></word><word lex="-" start="6" end="6"><sense-info penn-parts-of-speech="COLON" trips-parts-of-speech="PUNC" /></word><word lex="skinned" start="7" end="14"><sense-info penn-parts-of-speech="VBD" trips-parts-of-speech="V" /></word><word lex="dark-skinned" start="2" end="14"><sense-info penn-parts-of-speech="JJ" trips-parts-of-speech="ADJ" wn-sense-keys="dark-skinned%5:00:00" /></word><word lex="," start="15" end="16"><sense-info penn-parts-of-speech="COMMA" trips-parts-of-speech="PUNC" /></word></tags><tree><lisp>(DET (ART A))</lisp><DET><ART>A</ART></DET></tree><terms root="#V272437"><lisp>((ONT::F ONT::V272437 (:* ONT::MODIFIER W::DARK-PUNC-MINUS-SKINNED) :START 2
<   :END 15 :WNSENSE &quot;dark-skinned%5:00:00&quot;))</lisp><rdf:RDF
<   xmlns:rdf="http://www.w3.org/1999/02/22-rdf-syntax-ns#"
<   xmlns:role="http://www.cs.rochester.edu/research/trips/role#"
<   xmlns:LF="http://www.cs.rochester.edu/research/trips/LF#">
<   <rdf:Description rdf:ID="V272437">
<     <LF:indicator>F</LF:indicator>
<     <LF:type>MODIFIER</LF:type>
<     <LF:word>DARK-PUNC-MINUS-SKINNED</LF:word>
<     <LF:start>2</LF:start>
<     <LF:end>15</LF:end>
<     <role:WNSENSE>dark-skinned%5:00:00</role:WNSENSE>
<   </rdf:Description>
< </rdf:RDF>
< </terms></utt><utt><words><lisp>(W::DARK W::PUNC-MINUS W::HAIRED W::GIRL)</lisp><word>DARK</word><word>PUNC-MINUS</word><word>HAIRED</word><word>GIRL</word></words><tags><lisp>((WORD &quot;dark&quot; :FRAME (17 20) :SENSE-INFO
<   ((:PENN-PARTS-OF-SPEECH (JJ) :TRIPS-PARTS-OF-SPEECH (W::ADJ))) :UTTNUM 29
<   :CHANNEL DESKTOP :DIRECTION INPUT)
<  (WORD &quot;-&quot; :FRAME (21 21) :SENSE-INFO
<   ((:PENN-PARTS-OF-SPEECH (COLON) :TRIPS-PARTS-OF-SPEECH (W::PUNC))) :UTTNUM 29
<   :CHANNEL DESKTOP :DIRECTION INPUT)
<  (WORD &quot;haired&quot; :FRAME (22 28) :SENSE-INFO
<   ((:PENN-PARTS-OF-SPEECH (VBN) :TRIPS-PARTS-OF-SPEECH (W::V))) :UTTNUM 29
<   :CHANNEL DESKTOP :DIRECTION INPUT)
<  (WORD &quot;dark-haired&quot; :FRAME (17 28) :SENSE-INFO
<   ((:PENN-PARTS-OF-SPEECH (JJ) :TRIPS-PARTS-OF-SPEECH (W::ADJ) :WN-SENSE-KEYS
<     (&quot;dark-haired%5:00:00&quot;)))
<   :UTTNUM 29 :CHANNEL DESKTOP :DIRECTION INPUT)
<  (WORD &quot;girl&quot; :FRAME (29 33) :SENSE-INFO
<   ((:PENN-PARTS-OF-SPEECH (NN) :TRIPS-PARTS-OF-SPEECH (W::N))) :UTTNUM 29
<   :CHANNEL DESKTOP :DIRECTION INPUT)
<  (PREFER &quot;a dark-skinned , dark-haired girl&quot; :FRAME (0 33) :PENN-CATS (NP)
<   :TRIPS-CATS (W::NP) :SCORE 41.32 :UTTNUM 29 :CHANNEL DESKTOP :DIRECTION
<   INPUT))</lisp><word lex="dark" start="17" end="20"><sense-info penn-parts-of-speech="JJ" trips-parts-of-speech="ADJ" /></word><word lex="-" start="21" end="21"><sense-info penn-parts-of-speech="COLON" trips-parts-of-speech="PUNC" /></word><word lex="haired" start="22" end="28"><sense-info penn-parts-of-speech="VBN" trips-parts-of-speech="V" /></word><word lex="dark-haired" start="17" end="28"><sense-info penn-parts-of-speech="JJ" trips-parts-of-speech="ADJ" wn-sense-keys="dark-haired%5:00:00" /></word><word lex="girl" start="29" end="33"><sense-info penn-parts-of-speech="NN" trips-parts-of-speech="N" /></word><prefer text="a dark-skinned , dark-haired girl" start="0" end="33" penn-cats="NP" score="41.32" /></tags><tree><lisp>(ADJP (ADJ1 (ADJ DARK PUNC-MINUS SKINNED)))</lisp><ADJP><ADJ1><ADJ>DARK PUNC-MINUS SKINNED</ADJ></ADJ1></ADJP></tree><terms root="#V272464"><lisp>((ONT::BARE ONT::V272464 (:* ONT::FEMALE-CHILD W::GIRL) :MOD ONT::V272461
<   :START 17 :END 34)
<  (ONT::F ONT::V272461 (:* ONT::MODIFIER W::DARK-PUNC-MINUS-HAIRED) :FIGURE
<   ONT::V272464 :START 17 :END 29 :WNSENSE &quot;dark-haired%5:00:00&quot;))</lisp><rdf:RDF
<   xmlns:rdf="http://www.w3.org/1999/02/22-rdf-syntax-ns#"
<   xmlns:role="http://www.cs.rochester.edu/research/trips/role#"
<   xmlns:LF="http://www.cs.rochester.edu/research/trips/LF#">
<   <rdf:Description rdf:ID="V272464">
<     <LF:indicator>BARE</LF:indicator>
<     <LF:type>FEMALE-CHILD</LF:type>
<     <LF:word>GIRL</LF:word>
<     <role:MOD rdf:resource="#V272461" />
<     <LF:start>17</LF:start>
<     <LF:end>34</LF:end>
<   </rdf:Description>
<   <rdf:Description rdf:ID="V272461">
<     <LF:indicator>F</LF:indicator>
<     <LF:type>MODIFIER</LF:type>
<     <LF:word>DARK-PUNC-MINUS-HAIRED</LF:word>
<     <role:FIGURE rdf:resource="#V272464" />
<     <LF:start>17</LF:start>
<     <LF:end>29</LF:end>
<     <role:WNSENSE>dark-haired%5:00:00</role:WNSENSE>
<   </rdf:Description>
< </rdf:RDF>
< </terms></utt><utt><words><lisp>(W::IN)</lisp><word>IN</word></words><tags><lisp>((WORD &quot;in&quot; :FRAME (34 36) :SENSE-INFO
<   ((:PENN-PARTS-OF-SPEECH (IN) :TRIPS-PARTS-OF-SPEECH (W::PREP W::ADV)))
<   :UTTNUM 29 :CHANNEL DESKTOP :DIRECTION INPUT))</lisp><word lex="in" start="34" end="36"><sense-info penn-parts-of-speech="IN" trips-parts-of-speech="PREP,ADV" /></word></tags><tree><lisp>(PUNC PUNC-COMMA)</lisp><PUNC>PUNC-COMMA</PUNC></tree><terms root="#V272472"><lisp>((ONT::F ONT::V272472 (:* ONT::DIRECTION W::IN) :START 34 :END 37))</lisp><rdf:RDF
<   xmlns:rdf="http://www.w3.org/1999/02/22-rdf-syntax-ns#"
<   xmlns:role="http://www.cs.rochester.edu/research/trips/role#"
<   xmlns:LF="http://www.cs.rochester.edu/research/trips/LF#">
<   <rdf:Description rdf:ID="V272472">
<     <LF:indicator>F</LF:indicator>
<     <LF:type>DIRECTION</LF:type>
<     <LF:word>IN</LF:word>
<     <LF:start>34</LF:start>
<     <LF:end>37</LF:end>
<   </rdf:Description>
< </rdf:RDF>
< </terms></utt><utt><words><lisp>(W::A W::BLACK W::BLOUSE W::IS W::STANDING W::IN W::A W::CLASSROOM W::IN
<  W::FRONT W::OF W::A W::WOODEN W::WALL W::PUNC-PERIOD)</lisp><word>A</word><word>BLACK</word><word>BLOUSE</word><word>IS</word><word>STANDING</word><word>IN</word><word>A</word><word>CLASSROOM</word><word>IN</word><word>FRONT</word><word>OF</word><word>A</word><word>WOODEN</word><word>WALL</word><word>PUNC-PERIOD</word></words><tags><lisp>((WORD &quot;a&quot; :FRAME (37 38) :SENSE-INFO
<   ((:PENN-PARTS-OF-SPEECH (DT) :TRIPS-PARTS-OF-SPEECH (W::ART W::QUAN W::PRO)))
<   :UTTNUM 29 :CHANNEL DESKTOP :DIRECTION INPUT)
<  (WORD &quot;black&quot; :FRAME (39 44) :SENSE-INFO
<   ((:PENN-PARTS-OF-SPEECH (JJ) :TRIPS-PARTS-OF-SPEECH (W::ADJ))) :UTTNUM 29
<   :CHANNEL DESKTOP :DIRECTION INPUT)
<  (WORD &quot;blouse&quot; :FRAME (45 51) :SENSE-INFO
<   ((:PENN-PARTS-OF-SPEECH (NN) :TRIPS-PARTS-OF-SPEECH (W::N))) :UTTNUM 29
<   :CHANNEL DESKTOP :DIRECTION INPUT)
<  (PREFER &quot;a black blouse&quot; :FRAME (37 51) :PENN-CATS (NP) :TRIPS-CATS (W::NP)
<   :SCORE 25.92 :UTTNUM 29 :CHANNEL DESKTOP :DIRECTION INPUT)
<  (PREFER &quot;in a black blouse&quot; :FRAME (34 51) :PENN-CATS (PP) :TRIPS-CATS (W::PP)
<   :SCORE 28.172 :UTTNUM 29 :CHANNEL DESKTOP :DIRECTION INPUT)
<  (PREFER &quot;a dark-skinned , dark-haired girl in a black blouse&quot; :FRAME (0 51)
<   :PENN-CATS (NP) :TRIPS-CATS (W::NP) :SCORE 69.859 :UTTNUM 29 :CHANNEL DESKTOP
<   :DIRECTION INPUT)
<  (WORD &quot;is&quot; :FRAME (52 54) :SENSE-INFO
<   ((:PENN-PARTS-OF-SPEECH (VBZ) :TRIPS-PARTS-OF-SPEECH (W::V))) :UTTNUM 29
<   :CHANNEL DESKTOP :DIRECTION INPUT)
<  (WORD &quot;standing&quot; :FRAME (55 63) :SENSE-INFO
<   ((:PENN-PARTS-OF-SPEECH (VBG) :TRIPS-PARTS-OF-SPEECH (W::V))) :UTTNUM 29
<   :CHANNEL DESKTOP :DIRECTION INPUT)
<  (WORD &quot;in&quot; :FRAME (64 66) :SENSE-INFO
<   ((:PENN-PARTS-OF-SPEECH (RP IN) :TRIPS-PARTS-OF-SPEECH
<     (W::PART W::PREP W::ADV)))
<   :UTTNUM 29 :CHANNEL DESKTOP :DIRECTION INPUT)
<  (WORD &quot;standing in&quot; :FRAME (55 66) :SENSE-INFO
<   ((:PENN-PARTS-OF-SPEECH (VBG) :TRIPS-PARTS-OF-SPEECH (W::V) :WN-SENSE-KEYS
<     (&quot;stand_in%2:40:00&quot;)))
<   :UTTNUM 29 :CHANNEL DESKTOP :DIRECTION INPUT)
<  (WORD &quot;a&quot; :FRAME (67 68) :SENSE-INFO
<   ((:PENN-PARTS-OF-SPEECH (DT) :TRIPS-PARTS-OF-SPEECH (W::ART W::QUAN W::PRO)))
<   :UTTNUM 29 :CHANNEL DESKTOP :DIRECTION INPUT)
<  (WORD &quot;classroom&quot; :FRAME (69 78) :SENSE-INFO
<   ((:PENN-PARTS-OF-SPEECH (NN) :TRIPS-PARTS-OF-SPEECH (W::N))) :UTTNUM 29
<   :CHANNEL DESKTOP :DIRECTION INPUT)
<  (PREFER &quot;a classroom&quot; :FRAME (67 78) :PENN-CATS (NP) :TRIPS-CATS (W::NP)
<   :SCORE 13.447 :UTTNUM 29 :CHANNEL DESKTOP :DIRECTION INPUT)
<  (WORD &quot;in&quot; :FRAME (79 81) :SENSE-INFO
<   ((:PENN-PARTS-OF-SPEECH (IN) :TRIPS-PARTS-OF-SPEECH (W::PREP W::ADV)))
<   :UTTNUM 29 :CHANNEL DESKTOP :DIRECTION INPUT)
<  (WORD &quot;front&quot; :FRAME (82 87) :SENSE-INFO
<   ((:PENN-PARTS-OF-SPEECH (NN) :TRIPS-PARTS-OF-SPEECH (W::N))) :UTTNUM 29
<   :CHANNEL DESKTOP :DIRECTION INPUT)
<  (PREFER &quot;front&quot; :FRAME (82 87) :PENN-CATS (NP) :TRIPS-CATS (W::NP) :SCORE
<   10.944 :UTTNUM 29 :CHANNEL DESKTOP :DIRECTION INPUT)
<  (WORD &quot;in front&quot; :FRAME (79 87) :SENSE-INFO
<   ((:PENN-PARTS-OF-SPEECH (RB) :TRIPS-PARTS-OF-SPEECH (W::ADV) :WN-SENSE-KEYS
<     (&quot;in_front%4:02:00&quot;)))
<   :UTTNUM 29 :CHANNEL DESKTOP :DIRECTION INPUT)
<  (WORD &quot;of&quot; :FRAME (88 90) :SENSE-INFO
<   ((:PENN-PARTS-OF-SPEECH (IN) :TRIPS-PARTS-OF-SPEECH (W::PREP W::ADV)))
<   :UTTNUM 29 :CHANNEL DESKTOP :DIRECTION INPUT)
<  (WORD &quot;a&quot; :FRAME (91 92) :SENSE-INFO
<   ((:PENN-PARTS-OF-SPEECH (DT) :TRIPS-PARTS-OF-SPEECH (W::ART W::QUAN W::PRO)))
<   :UTTNUM 29 :CHANNEL DESKTOP :DIRECTION INPUT)
<  (WORD &quot;wooden&quot; :FRAME (93 99) :SENSE-INFO
<   ((:PENN-PARTS-OF-SPEECH (JJ) :TRIPS-PARTS-OF-SPEECH (W::ADJ))) :UTTNUM 29
<   :CHANNEL DESKTOP :DIRECTION INPUT)
<  (WORD &quot;wall&quot; :FRAME (100 104) :SENSE-INFO
<   ((:PENN-PARTS-OF-SPEECH (NN) :TRIPS-PARTS-OF-SPEECH (W::N))) :UTTNUM 29
<   :CHANNEL DESKTOP :DIRECTION INPUT)
<  (PREFER &quot;a wooden wall&quot; :FRAME (91 104) :PENN-CATS (NP) :TRIPS-CATS (W::NP)
<   :SCORE 22.382 :UTTNUM 29 :CHANNEL DESKTOP :DIRECTION INPUT)
<  (PREFER &quot;of a wooden wall&quot; :FRAME (88 104) :PENN-CATS (PP) :TRIPS-CATS (W::PP)
<   :SCORE 23.449 :UTTNUM 29 :CHANNEL DESKTOP :DIRECTION INPUT)
<  (PREFER &quot;front of a wooden wall&quot; :FRAME (82 104) :PENN-CATS (NP) :TRIPS-CATS
<   (W::NP) :SCORE 34.934 :UTTNUM 29 :CHANNEL DESKTOP :DIRECTION INPUT)
<  (PREFER &quot;in front of a wooden wall&quot; :FRAME (79 104) :PENN-CATS (PP)
<   :TRIPS-CATS (W::PP) :SCORE 38.53 :UTTNUM 29 :CHANNEL DESKTOP :DIRECTION
<   INPUT)
<  (PREFER &quot;a classroom in front of a wooden wall&quot; :FRAME (67 104) :PENN-CATS
<   (NP) :TRIPS-CATS (W::NP) :SCORE 52.518 :UTTNUM 29 :CHANNEL DESKTOP :DIRECTION
<   INPUT)
<  (PREFER &quot;in a classroom in front of a wooden wall&quot; :FRAME (64 104) :PENN-CATS
<   (PP) :TRIPS-CATS (W::PP) :SCORE 55.726 :UTTNUM 29 :CHANNEL DESKTOP :DIRECTION
<   INPUT)
<  (PREFER &quot;standing in a classroom in front of a wooden wall&quot; :FRAME (55 104)
<   :PENN-CATS (VP) :TRIPS-CATS (W::VP) :SCORE 64.9 :UTTNUM 29 :CHANNEL DESKTOP
<   :DIRECTION INPUT)
<  (PREFER &quot;is standing in a classroom in front of a wooden wall&quot; :FRAME (52 104)
<   :PENN-CATS (VP) :TRIPS-CATS (W::VP) :SCORE 69.16 :UTTNUM 29 :CHANNEL DESKTOP
<   :DIRECTION INPUT)
<  (WORD &quot;.&quot; :FRAME (105 105) :SENSE-INFO
<   ((:PENN-PARTS-OF-SPEECH (FULL_STOP) :TRIPS-PARTS-OF-SPEECH (W::PUNC)))
<   :UTTNUM 29 :CHANNEL DESKTOP :DIRECTION INPUT)
<  (PREFER
<   &quot;a dark-skinned , dark-haired girl in a black blouse is standing in a classroom in front of a wooden wall .&quot;
<   :FRAME (0 105) :PENN-CATS (S) :SCORE 141.848 :UTTNUM 29 :CHANNEL DESKTOP
<   :DIRECTION INPUT))</lisp><word lex="a" start="37" end="38"><sense-info penn-parts-of-speech="DT" trips-parts-of-speech="ART,QUAN,PRO" /></word><word lex="black" start="39" end="44"><sense-info penn-parts-of-speech="JJ" trips-parts-of-speech="ADJ" /></word><word lex="blouse" start="45" end="51"><sense-info penn-parts-of-speech="NN" trips-parts-of-speech="N" /></word><prefer text="a black blouse" start="37" end="51" penn-cats="NP" score="25.92" /><prefer text="in a black blouse" start="34" end="51" penn-cats="PP" score="28.172" /><prefer text="a dark-skinned , dark-haired girl in a black blouse" start="0" end="51" penn-cats="NP" score="69.859" /><word lex="is" start="52" end="54"><sense-info penn-parts-of-speech="VBZ" trips-parts-of-speech="V" /></word><word lex="standing" start="55" end="63"><sense-info penn-parts-of-speech="VBG" trips-parts-of-speech="V" /></word><word lex="in" start="64" end="66"><sense-info penn-parts-of-speech="RP,IN" trips-parts-of-speech="PART,PREP,ADV" /></word><word lex="standing in" start="55" end="66"><sense-info penn-parts-of-speech="VBG" trips-parts-of-speech="V" wn-sense-keys="stand_in%2:40:00" /></word><word lex="a" start="67" end="68"><sense-info penn-parts-of-speech="DT" trips-parts-of-speech="ART,QUAN,PRO" /></word><word lex="classroom" start="69" end="78"><sense-info penn-parts-of-speech="NN" trips-parts-of-speech="N" /></word><prefer text="a classroom" start="67" end="78" penn-cats="NP" score="13.447" /><word lex="in" start="79" end="81"><sense-info penn-parts-of-speech="IN" trips-parts-of-speech="PREP,ADV" /></word><word lex="front" start="82" end="87"><sense-info penn-parts-of-speech="NN" trips-parts-of-speech="N" /></word><prefer text="front" start="82" end="87" penn-cats="NP" score="10.944" /><word lex="in front" start="79" end="87"><sense-info penn-parts-of-speech="RB" trips-parts-of-speech="ADV" wn-sense-keys="in_front%4:02:00" /></word><word lex="of" start="88" end="90"><sense-info penn-parts-of-speech="IN" trips-parts-of-speech="PREP,ADV" /></word><word lex="a" start="91" end="92"><sense-info penn-parts-of-speech="DT" trips-parts-of-speech="ART,QUAN,PRO" /></word><word lex="wooden" start="93" end="99"><sense-info penn-parts-of-speech="JJ" trips-parts-of-speech="ADJ" /></word><word lex="wall" start="100" end="104"><sense-info penn-parts-of-speech="NN" trips-parts-of-speech="N" /></word><prefer text="a wooden wall" start="91" end="104" penn-cats="NP" score="22.382" /><prefer text="of a wooden wall" start="88" end="104" penn-cats="PP" score="23.449" /><prefer text="front of a wooden wall" start="82" end="104" penn-cats="NP" score="34.934" /><prefer text="in front of a wooden wall" start="79" end="104" penn-cats="PP" score="38.53" /><prefer text="a classroom in front of a wooden wall" start="67" end="104" penn-cats="NP" score="52.518" /><prefer text="in a classroom in front of a wooden wall" start="64" end="104" penn-cats="PP" score="55.726" /><prefer text="standing in a classroom in front of a wooden wall" start="55" end="104" penn-cats="VP" score="64.9" /><prefer text="is standing in a classroom in front of a wooden wall" start="52" end="104" penn-cats="VP" score="69.16" /><word lex="." start="105" end="105"><sense-info penn-parts-of-speech="FULL_STOP" trips-parts-of-speech="PUNC" /></word><prefer text="a dark-skinned , dark-haired girl in a black blouse is standing in a classroom in front of a wooden wall ." start="0" end="105" penn-cats="S" score="141.848" /></tags><tree><lisp>(NP (N1 (ADJP (ADJ1 (ADJ DARK PUNC-MINUS HAIRED))) (N1 (N GIRL))))</lisp><NP><N1><ADJP><ADJ1><ADJ>DARK PUNC-MINUS HAIRED</ADJ></ADJ1></ADJP><N1><N>GIRL</N></N1></N1></NP></tree><terms root="#V273831"><lisp>((ONT::SPEECHACT ONT::V273831 ONT::SA_TELL :PUNCTYPE W::DECL :CONTENT
<   ONT::V272573 :START 37 :END 105)
<  (ONT::F ONT::V272573 (:* ONT::BE W::BE) :NEUTRAL ONT::V272564 :NEUTRAL1
<   ONT::V272590 :TENSE W::PRES :START 37 :END 105)
<  (ONT::A ONT::V272564 (:* ONT::ATTIRE W::BLOUSE) :MOD ONT::V272561 :START 37
<   :END 52)
<  (ONT::F ONT::V272561 (:* ONT::BLACK W::BLACK) :FIGURE ONT::V272564 :SCALE
<   ONT::BLACKNESS*1--07--00 :START 39 :END 45)
<  (ONT::BARE ONT::V272590 (:* ONT::BE-AT-LOC W::STAND) :LOCATION ONT::V272599
<   :START 55 :END 105)
<  (ONT::F ONT::V272599 (:* ONT::IN-LOC W::IN) :GROUND ONT::V272701 :FIGURE
<   ONT::V272590 :START 64 :END 105)
<  (ONT::A ONT::V272701 (:* ONT::INTERNAL-ENCLOSURE W::CLASSROOM) :LOCATION
<   ONT::V272708 :START 67 :END 105)
<  (ONT::F ONT::V272708 (:* ONT::IN-LOC W::IN) :GROUND ONT::V272757 :FIGURE
<   ONT::V272701 :START 79 :END 105)
<  (ONT::BARE ONT::V272757 (:* ONT::OBJECT-DEPENDENT-LOCATION W::FRONT) :FIGURE
<   ONT::V272866 :START 82 :END 105)
<  (ONT::A ONT::V272866 (:* ONT::STRUCTURE-INTERNAL-COMPONENT W::WALL) :MOD
<   ONT::V272860 :START 88 :END 105)
<  (ONT::F ONT::V272860 (:* ONT::AWKWARD-VAL W::WOODEN) :FIGURE ONT::V272866
<   :START 93 :END 100))</lisp><rdf:RDF
<   xmlns:rdf="http://www.w3.org/1999/02/22-rdf-syntax-ns#"
<   xmlns:role="http://www.cs.rochester.edu/research/trips/role#"
<   xmlns:LF="http://www.cs.rochester.edu/research/trips/LF#">
<   <rdf:Description rdf:ID="V273831">
<     <LF:indicator>SPEECHACT</LF:indicator>
<     <LF:type>SA_TELL</LF:type>
<     <role:PUNCTYPE>DECL</role:PUNCTYPE>
<     <role:CONTENT rdf:resource="#V272573" />
<     <LF:start>37</LF:start>
<     <LF:end>105</LF:end>
<   </rdf:Description>
<   <rdf:Description rdf:ID="V272573">
<     <LF:indicator>F</LF:indicator>
<     <LF:type>BE</LF:type>
<     <LF:word>BE</LF:word>
<     <role:NEUTRAL rdf:resource="#V272564" />
<     <role:NEUTRAL1 rdf:resource="#V272590" />
<     <role:TENSE>PRES</role:TENSE>
<     <LF:start>37</LF:start>
<     <LF:end>105</LF:end>
<   </rdf:Description>
<   <rdf:Description rdf:ID="V272564">
<     <LF:indicator>A</LF:indicator>
<     <LF:type>ATTIRE</LF:type>
<     <LF:word>BLOUSE</LF:word>
<     <role:MOD rdf:resource="#V272561" />
<     <LF:start>37</LF:start>
<     <LF:end>52</LF:end>
<   </rdf:Description>
<   <rdf:Description rdf:ID="V272561">
<     <LF:indicator>F</LF:indicator>
<     <LF:type>BLACK</LF:type>
<     <LF:word>BLACK</LF:word>
<     <role:FIGURE rdf:resource="#V272564" />
<     <role:SCALE>BLACKNESS*1--07--00</role:SCALE>
<     <LF:start>39</LF:start>
<     <LF:end>45</LF:end>
<   </rdf:Description>
<   <rdf:Description rdf:ID="V272590">
<     <LF:indicator>BARE</LF:indicator>
<     <LF:type>BE-AT-LOC</LF:type>
<     <LF:word>STAND</LF:word>
<     <role:LOCATION rdf:resource="#V272599" />
<     <LF:start>55</LF:start>
<     <LF:end>105</LF:end>
<   </rdf:Description>
<   <rdf:Description rdf:ID="V272599">
<     <LF:indicator>F</LF:indicator>
<     <LF:type>IN-LOC</LF:type>
<     <LF:word>IN</LF:word>
<     <role:GROUND rdf:resource="#V272701" />
<     <role:FIGURE rdf:resource="#V272590" />
<     <LF:start>64</LF:start>
<     <LF:end>105</LF:end>
<   </rdf:Description>
<   <rdf:Description rdf:ID="V272701">
<     <LF:indicator>A</LF:indicator>
<     <LF:type>INTERNAL-ENCLOSURE</LF:type>
<     <LF:word>CLASSROOM</LF:word>
<     <role:LOCATION rdf:resource="#V272708" />
<     <LF:start>67</LF:start>
<     <LF:end>105</LF:end>
<   </rdf:Description>
<   <rdf:Description rdf:ID="V272708">
<     <LF:indicator>F</LF:indicator>
<     <LF:type>IN-LOC</LF:type>
<     <LF:word>IN</LF:word>
<     <role:GROUND rdf:resource="#V272757" />
<     <role:FIGURE rdf:resource="#V272701" />
<     <LF:start>79</LF:start>
<     <LF:end>105</LF:end>
<   </rdf:Description>
<   <rdf:Description rdf:ID="V272757">
<     <LF:indicator>BARE</LF:indicator>
<     <LF:type>OBJECT-DEPENDENT-LOCATION</LF:type>
<     <LF:word>FRONT</LF:word>
<     <role:FIGURE rdf:resource="#V272866" />
<     <LF:start>82</LF:start>
<     <LF:end>105</LF:end>
<   </rdf:Description>
<   <rdf:Description rdf:ID="V272866">
<     <LF:indicator>A</LF:indicator>
<     <LF:type>STRUCTURE-INTERNAL-COMPONENT</LF:type>
<     <LF:word>WALL</LF:word>
<     <role:MOD rdf:resource="#V272860" />
<     <LF:start>88</LF:start>
<     <LF:end>105</LF:end>
<   </rdf:Description>
<   <rdf:Description rdf:ID="V272860">
<     <LF:indicator>F</LF:indicator>
<     <LF:type>AWKWARD-VAL</LF:type>
<     <LF:word>WOODEN</LF:word>
<     <role:FIGURE rdf:resource="#V272866" />
<     <LF:start>93</LF:start>
<     <LF:end>100</LF:end>
<   </rdf:Description>
< </rdf:RDF>
< </terms></utt></compound-communication-act>
< </trips-parser-output>
\ No newline at end of file
---
> <SpRL>
>  <SCENE>
>   <SENTENCE id="s1" indicator="F" type="MODIFIER" text="DARK-PUNC-MINUS-SKINNED" start="2" end="15" WNSENSE="dark-skinned%5:00:00">
>    <TEXT>dark-skinned ,</TEXT>
>   </SENTENCE>
>   <SENTENCE id="s2" indicator="BARE" type="FEMALE-CHILD" text="GIRL" start="17" end="34">
>    <TEXT>dark-haired girl i</TEXT>
>    <RELATION id="1" head="V272464" res="V272461" label="MOD"/>
>    <PHRASE id="V272461" indicator="F" type="MODIFIER" text="DARK-PUNC-MINUS-HAIRED" start="17" end="29" WNSENSE="dark-haired%5:00:00"/>
>    <RELATION id="2" head="V272461" res="V272464" label="FIGURE"/>
>   </SENTENCE>
>   <SENTENCE id="s3" indicator="F" type="DIRECTION" text="IN" start="34" end="37">
>    <TEXT>in a</TEXT>
>   </SENTENCE>
>   <SENTENCE id="s4" indicator="SPEECHACT" type="SA_TELL" PUNCTYPE="DECL" start="37" end="105">
>    <TEXT>a black blouse is standing in a classroom in front of a wooden wall .</TEXT>
>    <RELATION id="3" head="V273831" res="V272573" label="CONTENT"/>
>    <PHRASE id="V272573" indicator="F" type="BE" text="BE" TENSE="PRES" start="37" end="105"/>
>    <RELATION id="4" head="V272573" res="V272564" label="NEUTRAL"/>
>    <RELATION id="5" head="V272573" res="V272590" label="NEUTRAL1"/>
>    <PHRASE id="V272564" indicator="A" type="ATTIRE" text="BLOUSE" start="37" end="52"/>
>    <RELATION id="6" head="V272564" res="V272561" label="MOD"/>
>    <PHRASE id="V272561" indicator="F" type="BLACK" text="BLACK" SCALE="BLACKNESS*1--07--00" start="39" end="45"/>
>    <RELATION id="7" head="V272561" res="V272564" label="FIGURE"/>
>    <PHRASE id="V272590" indicator="BARE" type="BE-AT-LOC" text="STAND" start="55" end="105"/>
>    <RELATION id="8" head="V272590" res="V272599" label="LOCATION"/>
>    <PHRASE id="V272599" indicator="F" type="IN-LOC" text="IN" start="64" end="105"/>
>    <RELATION id="9" head="V272599" res="V272701" label="GROUND"/>
>    <RELATION id="10" head="V272599" res="V272590" label="FIGURE"/>
>    <PHRASE id="V272701" indicator="A" type="INTERNAL-ENCLOSURE" text="CLASSROOM" start="67" end="105"/>
>    <RELATION id="11" head="V272701" res="V272708" label="LOCATION"/>
>    <PHRASE id="V272708" indicator="F" type="IN-LOC" text="IN" start="79" end="105"/>
>    <RELATION id="12" head="V272708" res="V272757" label="GROUND"/>
>    <RELATION id="13" head="V272708" res="V272701" label="FIGURE"/>
>    <PHRASE id="V272757" indicator="BARE" type="OBJECT-DEPENDENT-LOCATION" text="FRONT" start="82" end="105"/>
>    <RELATION id="14" head="V272757" res="V272866" label="FIGURE"/>
>    <PHRASE id="V272866" indicator="A" type="STRUCTURE-INTERNAL-COMPONENT" text="WALL" start="88" end="105"/>
>    <RELATION id="15" head="V272866" res="V272860" label="MOD"/>
>    <PHRASE id="V272860" indicator="F" type="AWKWARD-VAL" text="WOODEN" start="93" end="100"/>
>    <RELATION id="16" head="V272860" res="V272866" label="FIGURE"/>
>   </SENTENCE>
>  </SCENE>
> </SpRL>
