2,403c2,49
< <?xml-stylesheet type="text/xsl" href="../style/parser-interface.xsl"?>
< <!DOCTYPE trips-parser-output SYSTEM "../trips-parser-output.dtd">
< <trips-parser-output parser-build-date="2017-09-20T12:11:02-0500" system="STEP" extsformat="svg" tagsformat="hidden" treecontents="phrase" treeformat="LinGO" lfformat="svg" semantic-skeleton-scoring="T" rule-sets="" input="a dark-skinned , dark-haired girl in a white tee-shirt is sitting at a desk in a classroom .
< ">
< <debug>
< 
<  FOUNDS SEQUENCE from constit (% W::NP (W::BARE-SEQUENCE -) (W::CONSTRAINT -)
<                                  (W::MASS W::BARE) (W::GENERATED +)
<                                  (W::POSTADVBL +)
<                                  (W::SEM ?8607:(?162637:(F::PHYS-OBJ
<                                                          F::ABSTR-OBJ) NIL))
<                                  (W::LF (% W::DESCRIPTION (W::STATUS ONT::DEFINITE)
<                                            (W::VAR V482596)
<                                            (W::SORT W::INDIVIDUAL)
<                                            (W::LEX (W::A))
<                                            (W::CLASS ONT::SEQUENCE)
<                                            (W::CONSTRAINT (% &amp; (W::NAME-OF (W::A))
<                                                              (W::VAL (W::A))))
<                                            (W::LEX W::A) (W::SEM ?162635)
<                                            (W::TRANSFORM ?162636)))
<                                  (W::CASE ?162634:(W::SUB W::OBJ -))
<                                  (W::AGR ?162633) (W::CLASS ONT::ANY-SEM)
<                                  (W::VAR V482596) (W::SORT W::PRED) (W::NAME -)
<                                  (W::PRO -) (W::CHANGEAGR -) (W::LEX W::A)
<                                  (W::HEADCAT W::VALUE) (W::TRANSFORM -)
<                                  (W::REFL -) (1 RNUMBER482917))
< 
<  FOUNDS SEQUENCE from constit (% W::NP (W::BARE-SEQUENCE -) (W::CONSTRAINT -)
<                                  (W::MASS W::BARE) (W::GENERATED +)
<                                  (W::POSTADVBL +)
<                                  (W::SEM ?8607:(?162932:(F::PHYS-OBJ
<                                                          F::ABSTR-OBJ) NIL))
<                                  (W::LF (% W::DESCRIPTION (W::STATUS ONT::DEFINITE)
<                                            (W::VAR V482599)
<                                            (W::SORT W::INDIVIDUAL)
<                                            (W::LEX (W::A))
<                                            (W::CLASS ONT::SEQUENCE)
<                                            (W::CONSTRAINT (% &amp; (W::NAME-OF (W::A))
<                                                              (W::VAL (W::A))))
<                                            (W::LEX W::A) (W::SEM ?162930)
<                                            (W::TRANSFORM ?162931)))
<                                  (W::CASE ?162929:(W::SUB W::OBJ -))
<                                  (W::AGR ?162928) (W::CLASS ONT::ANY-SEM)
<                                  (W::VAR V482599) (W::SORT W::PRED) (W::NAME -)
<                                  (W::PRO -) (W::CHANGEAGR -) (W::LEX W::A)
<                                  (W::HEADCAT W::VALUE) (W::TRANSFORM -)
<                                  (W::REFL -) (1 RNUMBER482919))
< 
<  FOUNDS SEQUENCE from constit (% W::NP (W::BARE-SEQUENCE -) (W::CONSTRAINT -)
<                                  (W::MASS W::BARE) (W::GENERATED +)
<                                  (W::POSTADVBL +)
<                                  (W::SEM ?8607:(?163246:(F::PHYS-OBJ
<                                                          F::ABSTR-OBJ) NIL))
<                                  (W::LF (% W::DESCRIPTION (W::STATUS ONT::DEFINITE)
<                                            (W::VAR V482602)
<                                            (W::SORT W::INDIVIDUAL)
<                                            (W::LEX (W::A))
<                                            (W::CLASS ONT::SEQUENCE)
<                                            (W::CONSTRAINT (% &amp; (W::NAME-OF (W::A))
<                                                              (W::VAL (W::A))))
<                                            (W::LEX W::A) (W::SEM ?163244)
<                                            (W::TRANSFORM ?163245)))
<                                  (W::CASE ?163243:(W::SUB W::OBJ -))
<                                  (W::AGR ?163242) (W::CLASS ONT::ANY-SEM)
<                                  (W::VAR V482602) (W::SORT W::PRED) (W::NAME -)
<                                  (W::PRO -) (W::CHANGEAGR -) (W::LEX W::A)
<                                  (W::HEADCAT W::VALUE) (W::TRANSFORM -)
<                                  (W::REFL -) (1 RNUMBER482921))
< 
<  FOUNDS SEQUENCE from constit (% W::NP (W::BARE-SEQUENCE -) (W::CONSTRAINT -)
<                                  (W::MASS W::BARE) (W::GENERATED +)
<                                  (W::POSTADVBL +)
<                                  (W::SEM ?8607:(?163556:(F::PHYS-OBJ
<                                                          F::ABSTR-OBJ) NIL))
<                                  (W::LF (% W::DESCRIPTION (W::STATUS ONT::DEFINITE)
<                                            (W::VAR V482605)
<                                            (W::SORT W::INDIVIDUAL)
<                                            (W::LEX (W::A))
<                                            (W::CLASS ONT::SEQUENCE)
<                                            (W::CONSTRAINT (% &amp; (W::NAME-OF (W::A))
<                                                              (W::VAL (W::A))))
<                                            (W::LEX W::A) (W::SEM ?163554)
<                                            (W::TRANSFORM ?163555)))
<                                  (W::CASE ?163553:(W::SUB W::OBJ -))
<                                  (W::AGR ?163552) (W::CLASS ONT::ANY-SEM)
<                                  (W::VAR V482605) (W::SORT W::PRED) (W::NAME -)
<                                  (W::PRO -) (W::CHANGEAGR -) (W::LEX W::A)
<                                  (W::HEADCAT W::VALUE) (W::TRANSFORM -)
<                                  (W::REFL -) (1 RNUMBER482923))
< *last-utt-id*=NIL  utt-id+56
< *last-utt-id*=56  utt-id+56
< *last-utt-id*=56  utt-id+56
< *last-utt-id*=56  utt-id+56
< *last-utt-id*=56  utt-id+NIL</debug><compound-communication-act>
< <utt><words><lisp>(W::A)</lisp><word>A</word></words><tags><lisp>((WORD &quot;a&quot; :FRAME (0 1) :SENSE-INFO
<   ((:PENN-PARTS-OF-SPEECH (DT) :TRIPS-PARTS-OF-SPEECH (W::ART W::QUAN W::PRO)))
<   :UTTNUM 56 :CHANNEL DESKTOP :DIRECTION INPUT))</lisp><word lex="a" start="0" end="1"><sense-info penn-parts-of-speech="DT" trips-parts-of-speech="ART,QUAN,PRO" /></word></tags><tree><lisp>(NP (NAME (VALUE A)))</lisp><NP><NAME><VALUE>A</VALUE></NAME></NP></tree><terms root="#V476254"><lisp>((ONT::THE ONT::V476254 ONT::LETTER-SYMBOL :NAME-OF (W::A) :START 0 :END 2))</lisp><rdf:RDF
<   xmlns:rdf="http://www.w3.org/1999/02/22-rdf-syntax-ns#"
<   xmlns:role="http://www.cs.rochester.edu/research/trips/role#"
<   xmlns:LF="http://www.cs.rochester.edu/research/trips/LF#">
<   <rdf:Description rdf:ID="V476254">
<     <LF:indicator>THE</LF:indicator>
<     <LF:type>LETTER-SYMBOL</LF:type>
<     <role:NAME-OF>(A)</role:NAME-OF>
<     <LF:start>0</LF:start>
<     <LF:end>2</LF:end>
<   </rdf:Description>
< </rdf:RDF>
< </terms></utt><utt><words><lisp>(W::DARK W::SKINNED W::PUNC-COMMA W::DARK W::PUNC-MINUS W::HAIRED)</lisp><word>DARK</word><word>SKINNED</word><word>PUNC-COMMA</word><word>DARK</word><word>PUNC-MINUS</word><word>HAIRED</word></words><tags><lisp>((WORD &quot;dark&quot; :FRAME (2 5) :SENSE-INFO
<   ((:PENN-PARTS-OF-SPEECH (NN) :TRIPS-PARTS-OF-SPEECH (W::N))) :UTTNUM 56
<   :CHANNEL DESKTOP :DIRECTION INPUT)
<  (WORD &quot;-&quot; :FRAME (6 6) :SENSE-INFO
<   ((:PENN-PARTS-OF-SPEECH (COLON) :TRIPS-PARTS-OF-SPEECH (W::PUNC))) :UTTNUM 56
<   :CHANNEL DESKTOP :DIRECTION INPUT)
<  (WORD &quot;skinned&quot; :FRAME (7 14) :SENSE-INFO
<   ((:PENN-PARTS-OF-SPEECH (VBD) :TRIPS-PARTS-OF-SPEECH (W::V))) :UTTNUM 56
<   :CHANNEL DESKTOP :DIRECTION INPUT)
<  (WORD &quot;dark-skinned&quot; :FRAME (2 14) :SENSE-INFO
<   ((:PENN-PARTS-OF-SPEECH (JJ) :TRIPS-PARTS-OF-SPEECH (W::ADJ) :WN-SENSE-KEYS
<     (&quot;dark-skinned%5:00:00&quot;)))
<   :UTTNUM 56 :CHANNEL DESKTOP :DIRECTION INPUT)
<  (WORD &quot;,&quot; :FRAME (15 16) :SENSE-INFO
<   ((:PENN-PARTS-OF-SPEECH (COMMA) :TRIPS-PARTS-OF-SPEECH (W::PUNC))) :UTTNUM 56
<   :CHANNEL DESKTOP :DIRECTION INPUT)
<  (WORD &quot;dark&quot; :FRAME (17 20) :SENSE-INFO
<   ((:PENN-PARTS-OF-SPEECH (JJ) :TRIPS-PARTS-OF-SPEECH (W::ADJ))) :UTTNUM 56
<   :CHANNEL DESKTOP :DIRECTION INPUT)
<  (WORD &quot;-&quot; :FRAME (21 21) :SENSE-INFO
<   ((:PENN-PARTS-OF-SPEECH (COLON) :TRIPS-PARTS-OF-SPEECH (W::PUNC))) :UTTNUM 56
<   :CHANNEL DESKTOP :DIRECTION INPUT)
<  (WORD &quot;haired&quot; :FRAME (22 28) :SENSE-INFO
<   ((:PENN-PARTS-OF-SPEECH (VBN) :TRIPS-PARTS-OF-SPEECH (W::V))) :UTTNUM 56
<   :CHANNEL DESKTOP :DIRECTION INPUT)
<  (WORD &quot;dark-haired&quot; :FRAME (17 28) :SENSE-INFO
<   ((:PENN-PARTS-OF-SPEECH (JJ) :TRIPS-PARTS-OF-SPEECH (W::ADJ) :WN-SENSE-KEYS
<     (&quot;dark-haired%5:00:00&quot;)))
<   :UTTNUM 56 :CHANNEL DESKTOP :DIRECTION INPUT))</lisp><word lex="dark" start="2" end="5"><sense-info penn-parts-of-speech="NN" trips-parts-of-speech="N" /></word><word lex="-" start="6" end="6"><sense-info penn-parts-of-speech="COLON" trips-parts-of-speech="PUNC" /></word><word lex="skinned" start="7" end="14"><sense-info penn-parts-of-speech="VBD" trips-parts-of-speech="V" /></word><word lex="dark-skinned" start="2" end="14"><sense-info penn-parts-of-speech="JJ" trips-parts-of-speech="ADJ" wn-sense-keys="dark-skinned%5:00:00" /></word><word lex="," start="15" end="16"><sense-info penn-parts-of-speech="COMMA" trips-parts-of-speech="PUNC" /></word><word lex="dark" start="17" end="20"><sense-info penn-parts-of-speech="JJ" trips-parts-of-speech="ADJ" /></word><word lex="-" start="21" end="21"><sense-info penn-parts-of-speech="COLON" trips-parts-of-speech="PUNC" /></word><word lex="haired" start="22" end="28"><sense-info penn-parts-of-speech="VBN" trips-parts-of-speech="V" /></word><word lex="dark-haired" start="17" end="28"><sense-info penn-parts-of-speech="JJ" trips-parts-of-speech="ADJ" wn-sense-keys="dark-haired%5:00:00" /></word></tags><tree><lisp>(UTT
<  (S (S (NP (N1 (N DARK))) (VP (VP- (V SKINNED)))) (PUNC PUNC-COMMA)
<   (ADJP (ADJ1 (ADJ DARK PUNC-MINUS HAIRED)))))</lisp><UTT><S><S><NP><N1><N>DARK</N></N1></NP><VP><VP-><V>SKINNED</V></VP-></VP></S><PUNC>PUNC-COMMA</PUNC><ADJP><ADJ1><ADJ>DARK PUNC-MINUS HAIRED</ADJ></ADJ1></ADJP></S></UTT></tree><terms root="#V486386"><lisp>((ONT::SPEECHACT ONT::V486386 ONT::SA_TELL :CONTENT ONT::V476289 :START 2 :END
<   29)
<  (ONT::F ONT::V476289 (:* ONT::MOVE W::SKINNED) :TIME ONT::V486372 :AFFECTED
<   ONT::V476280 :TENSE W::PAST :START 2 :END 29)
<  (ONT::F ONT::V486372 ONT::EVENT-TIME-REL :FIGURE ONT::V476289 :GROUND
<   ONT::V476327 :START 2 :END 29)
<  (ONT::BARE ONT::V476280 (:* ONT::LIGHT W::DARK) :START 2 :END 6)
<  (ONT::F ONT::V476327 (:* ONT::MODIFIER W::DARK-PUNC-MINUS-HAIRED) :FIGURE
<   ONT::V476280 :START 17 :END 29 :WNSENSE &quot;dark-haired%5:00:00&quot;))</lisp><rdf:RDF
<   xmlns:rdf="http://www.w3.org/1999/02/22-rdf-syntax-ns#"
<   xmlns:role="http://www.cs.rochester.edu/research/trips/role#"
<   xmlns:LF="http://www.cs.rochester.edu/research/trips/LF#">
<   <rdf:Description rdf:ID="V486386">
<     <LF:indicator>SPEECHACT</LF:indicator>
<     <LF:type>SA_TELL</LF:type>
<     <role:CONTENT rdf:resource="#V476289" />
<     <LF:start>2</LF:start>
<     <LF:end>29</LF:end>
<   </rdf:Description>
<   <rdf:Description rdf:ID="V476289">
<     <LF:indicator>F</LF:indicator>
<     <LF:type>MOVE</LF:type>
<     <LF:word>SKINNED</LF:word>
<     <role:TIME rdf:resource="#V486372" />
<     <role:AFFECTED rdf:resource="#V476280" />
<     <role:TENSE>PAST</role:TENSE>
<     <LF:start>2</LF:start>
<     <LF:end>29</LF:end>
<   </rdf:Description>
<   <rdf:Description rdf:ID="V486372">
<     <LF:indicator>F</LF:indicator>
<     <LF:type>EVENT-TIME-REL</LF:type>
<     <role:FIGURE rdf:resource="#V476289" />
<     <role:GROUND rdf:resource="#V476327" />
<     <LF:start>2</LF:start>
<     <LF:end>29</LF:end>
<   </rdf:Description>
<   <rdf:Description rdf:ID="V476280">
<     <LF:indicator>BARE</LF:indicator>
<     <LF:type>LIGHT</LF:type>
<     <LF:word>DARK</LF:word>
<     <LF:start>2</LF:start>
<     <LF:end>6</LF:end>
<   </rdf:Description>
<   <rdf:Description rdf:ID="V476327">
<     <LF:indicator>F</LF:indicator>
<     <LF:type>MODIFIER</LF:type>
<     <LF:word>DARK-PUNC-MINUS-HAIRED</LF:word>
<     <role:FIGURE rdf:resource="#V476280" />
<     <LF:start>17</LF:start>
<     <LF:end>29</LF:end>
<     <role:WNSENSE>dark-haired%5:00:00</role:WNSENSE>
<   </rdf:Description>
< </rdf:RDF>
< </terms></utt><utt><words><lisp>(W::GIRL)</lisp><word>GIRL</word></words><tags><lisp>((WORD &quot;girl&quot; :FRAME (29 33) :SENSE-INFO
<   ((:PENN-PARTS-OF-SPEECH (NN) :TRIPS-PARTS-OF-SPEECH (W::N))) :UTTNUM 56
<   :CHANNEL DESKTOP :DIRECTION INPUT)
<  (PREFER &quot;a dark-skinned , dark-haired girl&quot; :FRAME (0 33) :PENN-CATS (NP)
<   :TRIPS-CATS (W::NP) :SCORE 41.32 :UTTNUM 56 :CHANNEL DESKTOP :DIRECTION
<   INPUT))</lisp><word lex="girl" start="29" end="33"><sense-info penn-parts-of-speech="NN" trips-parts-of-speech="N" /></word><prefer text="a dark-skinned , dark-haired girl" start="0" end="33" penn-cats="NP" score="41.32" /></tags><tree><lisp>(NP (N1 (N GIRL)))</lisp><NP><N1><N>GIRL</N></N1></NP></tree><terms root="#V476330"><lisp>((ONT::BARE ONT::V476330 (:* ONT::FEMALE-CHILD W::GIRL) :START 29 :END 34))</lisp><rdf:RDF
<   xmlns:rdf="http://www.w3.org/1999/02/22-rdf-syntax-ns#"
<   xmlns:role="http://www.cs.rochester.edu/research/trips/role#"
<   xmlns:LF="http://www.cs.rochester.edu/research/trips/LF#">
<   <rdf:Description rdf:ID="V476330">
<     <LF:indicator>BARE</LF:indicator>
<     <LF:type>FEMALE-CHILD</LF:type>
<     <LF:word>GIRL</LF:word>
<     <LF:start>29</LF:start>
<     <LF:end>34</LF:end>
<   </rdf:Description>
< </rdf:RDF>
< </terms></utt><utt><words><lisp>(W::IN W::A W::WHITE W::TEE W::PUNC-MINUS W::SHIRT W::IS W::SITTING W::AT W::A
<  W::DESK W::IN W::A W::CLASSROOM W::PUNC-PERIOD)</lisp><word>IN</word><word>A</word><word>WHITE</word><word>TEE</word><word>PUNC-MINUS</word><word>SHIRT</word><word>IS</word><word>SITTING</word><word>AT</word><word>A</word><word>DESK</word><word>IN</word><word>A</word><word>CLASSROOM</word><word>PUNC-PERIOD</word></words><tags><lisp>((WORD &quot;in&quot; :FRAME (34 36) :SENSE-INFO
<   ((:PENN-PARTS-OF-SPEECH (IN) :TRIPS-PARTS-OF-SPEECH (W::PREP W::ADV)))
<   :UTTNUM 56 :CHANNEL DESKTOP :DIRECTION INPUT)
<  (WORD &quot;a&quot; :FRAME (37 38) :SENSE-INFO
<   ((:PENN-PARTS-OF-SPEECH (DT) :TRIPS-PARTS-OF-SPEECH (W::ART W::QUAN W::PRO)))
<   :UTTNUM 56 :CHANNEL DESKTOP :DIRECTION INPUT)
<  (WORD &quot;white&quot; :FRAME (39 44) :SENSE-INFO
<   ((:PENN-PARTS-OF-SPEECH (JJ) :TRIPS-PARTS-OF-SPEECH (W::ADJ))) :UTTNUM 56
<   :CHANNEL DESKTOP :DIRECTION INPUT)
<  (WORD &quot;tee&quot; :FRAME (45 47) :SENSE-INFO
<   ((:PENN-PARTS-OF-SPEECH (NN) :TRIPS-PARTS-OF-SPEECH (W::N))) :UTTNUM 56
<   :CHANNEL DESKTOP :DIRECTION INPUT)
<  (WORD &quot;-&quot; :FRAME (48 48) :SENSE-INFO
<   ((:PENN-PARTS-OF-SPEECH (COLON) :TRIPS-PARTS-OF-SPEECH (W::PUNC))) :UTTNUM 56
<   :CHANNEL DESKTOP :DIRECTION INPUT)
<  (WORD &quot;shirt&quot; :FRAME (49 54) :SENSE-INFO
<   ((:PENN-PARTS-OF-SPEECH (NN) :TRIPS-PARTS-OF-SPEECH (W::N))) :UTTNUM 56
<   :CHANNEL DESKTOP :DIRECTION INPUT)
<  (WORD &quot;tee-shirt&quot; :FRAME (45 54) :SENSE-INFO
<   ((:PENN-PARTS-OF-SPEECH (NN) :TRIPS-PARTS-OF-SPEECH (W::N))) :UTTNUM 56
<   :CHANNEL DESKTOP :DIRECTION INPUT)
<  (PREFER &quot;a white tee-shirt&quot; :FRAME (37 54) :PENN-CATS (NP) :TRIPS-CATS (W::NP)
<   :SCORE 24.269 :UTTNUM 56 :CHANNEL DESKTOP :DIRECTION INPUT)
<  (PREFER &quot;in a white tee-shirt&quot; :FRAME (34 54) :PENN-CATS (PP) :TRIPS-CATS
<   (W::PP) :SCORE 26.521 :UTTNUM 56 :CHANNEL DESKTOP :DIRECTION INPUT)
<  (PREFER &quot;a dark-skinned , dark-haired girl in a white tee-shirt&quot; :FRAME (0 54)
<   :PENN-CATS (NP) :TRIPS-CATS (W::NP) :SCORE 68.207 :UTTNUM 56 :CHANNEL DESKTOP
<   :DIRECTION INPUT)
<  (WORD &quot;is&quot; :FRAME (55 57) :SENSE-INFO
<   ((:PENN-PARTS-OF-SPEECH (VBZ) :TRIPS-PARTS-OF-SPEECH (W::V))) :UTTNUM 56
<   :CHANNEL DESKTOP :DIRECTION INPUT)
<  (WORD &quot;sitting&quot; :FRAME (58 65) :SENSE-INFO
<   ((:PENN-PARTS-OF-SPEECH (VBG) :TRIPS-PARTS-OF-SPEECH (W::V))) :UTTNUM 56
<   :CHANNEL DESKTOP :DIRECTION INPUT)
<  (WORD &quot;at&quot; :FRAME (66 68) :SENSE-INFO
<   ((:PENN-PARTS-OF-SPEECH (IN) :TRIPS-PARTS-OF-SPEECH (W::PREP W::ADV)))
<   :UTTNUM 56 :CHANNEL DESKTOP :DIRECTION INPUT)
<  (WORD &quot;a&quot; :FRAME (69 70) :SENSE-INFO
<   ((:PENN-PARTS-OF-SPEECH (DT) :TRIPS-PARTS-OF-SPEECH (W::ART W::QUAN W::PRO)))
<   :UTTNUM 56 :CHANNEL DESKTOP :DIRECTION INPUT)
<  (WORD &quot;desk&quot; :FRAME (71 75) :SENSE-INFO
<   ((:PENN-PARTS-OF-SPEECH (NN) :TRIPS-PARTS-OF-SPEECH (W::N))) :UTTNUM 56
<   :CHANNEL DESKTOP :DIRECTION INPUT)
<  (PREFER &quot;a desk&quot; :FRAME (69 75) :PENN-CATS (NP) :TRIPS-CATS (W::NP) :SCORE
<   12.143 :UTTNUM 56 :CHANNEL DESKTOP :DIRECTION INPUT)
<  (WORD &quot;in&quot; :FRAME (76 78) :SENSE-INFO
<   ((:PENN-PARTS-OF-SPEECH (IN) :TRIPS-PARTS-OF-SPEECH (W::PREP W::ADV)))
<   :UTTNUM 56 :CHANNEL DESKTOP :DIRECTION INPUT)
<  (WORD &quot;a&quot; :FRAME (79 80) :SENSE-INFO
<   ((:PENN-PARTS-OF-SPEECH (DT) :TRIPS-PARTS-OF-SPEECH (W::ART W::QUAN W::PRO)))
<   :UTTNUM 56 :CHANNEL DESKTOP :DIRECTION INPUT)
<  (WORD &quot;classroom&quot; :FRAME (81 90) :SENSE-INFO
<   ((:PENN-PARTS-OF-SPEECH (NN) :TRIPS-PARTS-OF-SPEECH (W::N))) :UTTNUM 56
<   :CHANNEL DESKTOP :DIRECTION INPUT)
<  (PREFER &quot;a classroom&quot; :FRAME (79 90) :PENN-CATS (NP) :TRIPS-CATS (W::NP)
<   :SCORE 13.862 :UTTNUM 56 :CHANNEL DESKTOP :DIRECTION INPUT)
<  (PREFER &quot;in a classroom&quot; :FRAME (76 90) :PENN-CATS (PP) :TRIPS-CATS (W::PP)
<   :SCORE 16.114 :UTTNUM 56 :CHANNEL DESKTOP :DIRECTION INPUT)
<  (PREFER &quot;a desk in a classroom&quot; :FRAME (69 90) :PENN-CATS (NP) :TRIPS-CATS
<   (W::NP) :SCORE 28.797 :UTTNUM 56 :CHANNEL DESKTOP :DIRECTION INPUT)
<  (PREFER &quot;at a desk in a classroom&quot; :FRAME (66 90) :PENN-CATS (PP) :TRIPS-CATS
<   (W::PP) :SCORE 33.108 :UTTNUM 56 :CHANNEL DESKTOP :DIRECTION INPUT)
<  (PREFER &quot;sitting at a desk in a classroom&quot; :FRAME (58 90) :PENN-CATS (VP)
<   :TRIPS-CATS (W::VP) :SCORE 41.805 :UTTNUM 56 :CHANNEL DESKTOP :DIRECTION
<   INPUT)
<  (PREFER &quot;is sitting at a desk in a classroom&quot; :FRAME (55 90) :PENN-CATS (VP)
<   :TRIPS-CATS (W::VP) :SCORE 46.065 :UTTNUM 56 :CHANNEL DESKTOP :DIRECTION
<   INPUT)
<  (WORD &quot;.&quot; :FRAME (91 91) :SENSE-INFO
<   ((:PENN-PARTS-OF-SPEECH (FULL_STOP) :TRIPS-PARTS-OF-SPEECH (W::PUNC)))
<   :UTTNUM 56 :CHANNEL DESKTOP :DIRECTION INPUT)
<  (PREFER
<   &quot;a dark-skinned , dark-haired girl in a white tee-shirt is sitting at a desk in a classroom .&quot;
<   :FRAME (0 91) :PENN-CATS (S) :SCORE 117.101 :UTTNUM 56 :CHANNEL DESKTOP
<   :DIRECTION INPUT))</lisp><word lex="in" start="34" end="36"><sense-info penn-parts-of-speech="IN" trips-parts-of-speech="PREP,ADV" /></word><word lex="a" start="37" end="38"><sense-info penn-parts-of-speech="DT" trips-parts-of-speech="ART,QUAN,PRO" /></word><word lex="white" start="39" end="44"><sense-info penn-parts-of-speech="JJ" trips-parts-of-speech="ADJ" /></word><word lex="tee" start="45" end="47"><sense-info penn-parts-of-speech="NN" trips-parts-of-speech="N" /></word><word lex="-" start="48" end="48"><sense-info penn-parts-of-speech="COLON" trips-parts-of-speech="PUNC" /></word><word lex="shirt" start="49" end="54"><sense-info penn-parts-of-speech="NN" trips-parts-of-speech="N" /></word><word lex="tee-shirt" start="45" end="54"><sense-info penn-parts-of-speech="NN" trips-parts-of-speech="N" /></word><prefer text="a white tee-shirt" start="37" end="54" penn-cats="NP" score="24.269" /><prefer text="in a white tee-shirt" start="34" end="54" penn-cats="PP" score="26.521" /><prefer text="a dark-skinned , dark-haired girl in a white tee-shirt" start="0" end="54" penn-cats="NP" score="68.207" /><word lex="is" start="55" end="57"><sense-info penn-parts-of-speech="VBZ" trips-parts-of-speech="V" /></word><word lex="sitting" start="58" end="65"><sense-info penn-parts-of-speech="VBG" trips-parts-of-speech="V" /></word><word lex="at" start="66" end="68"><sense-info penn-parts-of-speech="IN" trips-parts-of-speech="PREP,ADV" /></word><word lex="a" start="69" end="70"><sense-info penn-parts-of-speech="DT" trips-parts-of-speech="ART,QUAN,PRO" /></word><word lex="desk" start="71" end="75"><sense-info penn-parts-of-speech="NN" trips-parts-of-speech="N" /></word><prefer text="a desk" start="69" end="75" penn-cats="NP" score="12.143" /><word lex="in" start="76" end="78"><sense-info penn-parts-of-speech="IN" trips-parts-of-speech="PREP,ADV" /></word><word lex="a" start="79" end="80"><sense-info penn-parts-of-speech="DT" trips-parts-of-speech="ART,QUAN,PRO" /></word><word lex="classroom" start="81" end="90"><sense-info penn-parts-of-speech="NN" trips-parts-of-speech="N" /></word><prefer text="a classroom" start="79" end="90" penn-cats="NP" score="13.862" /><prefer text="in a classroom" start="76" end="90" penn-cats="PP" score="16.114" /><prefer text="a desk in a classroom" start="69" end="90" penn-cats="NP" score="28.797" /><prefer text="at a desk in a classroom" start="66" end="90" penn-cats="PP" score="33.108" /><prefer text="sitting at a desk in a classroom" start="58" end="90" penn-cats="VP" score="41.805" /><prefer text="is sitting at a desk in a classroom" start="55" end="90" penn-cats="VP" score="46.065" /><word lex="." start="91" end="91"><sense-info penn-parts-of-speech="FULL_STOP" trips-parts-of-speech="PUNC" /></word><prefer text="a dark-skinned , dark-haired girl in a white tee-shirt is sitting at a desk in a classroom ." start="0" end="91" penn-cats="S" score="117.101" /></tags><tree><lisp>(UTT
<  (UTT
<   (S
<    (ADVBL (ADV IN)
<     (NP (SPEC (DET (ART A)))
<      (N1 (ADJP (ADJ1 (ADJ WHITE))) (N1 (N TEE PUNC-MINUS SHIRT)))))
<    (S (V IS) (NP (N1 (V SITTING)))
<     (ADVBL (ADV AT) (NP (SPEC (DET (ART A))) (N1 (N DESK))))
<     (PRED (ADVBL (ADV IN) (NP (SPEC (DET (ART A))) (N1 (N CLASSROOM))))))))
<  (PUNC PUNC-PERIOD))</lisp><UTT><UTT><S><ADVBL><ADV>IN</ADV><NP><SPEC><DET><ART>A</ART></DET></SPEC><N1><ADJP><ADJ1><ADJ>WHITE</ADJ></ADJ1></ADJP><N1><N>TEE PUNC-MINUS SHIRT</N></N1></N1></NP></ADVBL><S><V>IS</V><NP><N1><V>SITTING</V></N1></NP><ADVBL><ADV>AT</ADV><NP><SPEC><DET><ART>A</ART></DET></SPEC><N1><N>DESK</N></N1></NP></ADVBL><PRED><ADVBL><ADV>IN</ADV><NP><SPEC><DET><ART>A</ART></DET></SPEC><N1><N>CLASSROOM</N></N1></NP></ADVBL></PRED></S></S></UTT><PUNC>PUNC-PERIOD</PUNC></UTT></tree><terms root="#V482430"><lisp>((ONT::SPEECHACT ONT::V482430 ONT::SA_YN-QUESTION :PUNCTYPE W::DECL :CONTENT
<   ONT::V476457 :START 34 :END 91)
<  (ONT::F ONT::V476457 (:* ONT::HAVE-PROPERTY W::BE) :NEUTRAL ONT::V476474
<   :FORMAL ONT::V476554 :LOCATION ONT::V476337 :LOCATION ONT::V476494 :START 34
<   :END 91)
<  (ONT::F ONT::V476337 (:* ONT::IN-LOC W::IN) :GROUND ONT::V476449 :FIGURE
<   ONT::V476457 :START 34 :END 55)
<  (ONT::A ONT::V476449 (:* ONT::ATTIRE W::TEE-PUNC-MINUS-SHIRT) :MOD
<   ONT::V476427 :START 37 :END 55)
<  (ONT::F ONT::V476427 (:* ONT::WHITE W::WHITE) :FIGURE ONT::V476449 :SCALE
<   ONT::WHITE*1--07--00 :START 39 :END 45)
<  (ONT::BARE ONT::V476474 (:* ONT::BODY-MOVEMENT W::SIT-DOWN) :START 58 :END 66)
<  (ONT::F ONT::V476494 (:* ONT::AT-LOC W::AT) :GROUND ONT::V476547 :FIGURE
<   ONT::V476457 :START 66 :END 76)
<  (ONT::A ONT::V476547 (:* ONT::FURNISHINGS W::DESK) :START 69 :END 76)
<  (ONT::F ONT::V476554 (:* ONT::IN-LOC W::IN) :GROUND ONT::V476644 :FIGURE
<   ONT::V476474 :START 76 :END 91)
<  (ONT::A ONT::V476644 (:* ONT::INTERNAL-ENCLOSURE W::CLASSROOM) :START 79 :END
<   91))</lisp><rdf:RDF
<   xmlns:rdf="http://www.w3.org/1999/02/22-rdf-syntax-ns#"
<   xmlns:role="http://www.cs.rochester.edu/research/trips/role#"
<   xmlns:LF="http://www.cs.rochester.edu/research/trips/LF#">
<   <rdf:Description rdf:ID="V482430">
<     <LF:indicator>SPEECHACT</LF:indicator>
<     <LF:type>SA_YN-QUESTION</LF:type>
<     <role:PUNCTYPE>DECL</role:PUNCTYPE>
<     <role:CONTENT rdf:resource="#V476457" />
<     <LF:start>34</LF:start>
<     <LF:end>91</LF:end>
<   </rdf:Description>
<   <rdf:Description rdf:ID="V476457">
<     <LF:indicator>F</LF:indicator>
<     <LF:type>HAVE-PROPERTY</LF:type>
<     <LF:word>BE</LF:word>
<     <role:NEUTRAL rdf:resource="#V476474" />
<     <role:FORMAL rdf:resource="#V476554" />
<     <role:LOCATION rdf:resource="#V476337" />
<     <role:LOCATION rdf:resource="#V476494" />
<     <LF:start>34</LF:start>
<     <LF:end>91</LF:end>
<   </rdf:Description>
<   <rdf:Description rdf:ID="V476337">
<     <LF:indicator>F</LF:indicator>
<     <LF:type>IN-LOC</LF:type>
<     <LF:word>IN</LF:word>
<     <role:GROUND rdf:resource="#V476449" />
<     <role:FIGURE rdf:resource="#V476457" />
<     <LF:start>34</LF:start>
<     <LF:end>55</LF:end>
<   </rdf:Description>
<   <rdf:Description rdf:ID="V476449">
<     <LF:indicator>A</LF:indicator>
<     <LF:type>ATTIRE</LF:type>
<     <LF:word>TEE-PUNC-MINUS-SHIRT</LF:word>
<     <role:MOD rdf:resource="#V476427" />
<     <LF:start>37</LF:start>
<     <LF:end>55</LF:end>
<   </rdf:Description>
<   <rdf:Description rdf:ID="V476427">
<     <LF:indicator>F</LF:indicator>
<     <LF:type>WHITE</LF:type>
<     <LF:word>WHITE</LF:word>
<     <role:FIGURE rdf:resource="#V476449" />
<     <role:SCALE>WHITE*1--07--00</role:SCALE>
<     <LF:start>39</LF:start>
<     <LF:end>45</LF:end>
<   </rdf:Description>
<   <rdf:Description rdf:ID="V476474">
<     <LF:indicator>BARE</LF:indicator>
<     <LF:type>BODY-MOVEMENT</LF:type>
<     <LF:word>SIT-DOWN</LF:word>
<     <LF:start>58</LF:start>
<     <LF:end>66</LF:end>
<   </rdf:Description>
<   <rdf:Description rdf:ID="V476494">
<     <LF:indicator>F</LF:indicator>
<     <LF:type>AT-LOC</LF:type>
<     <LF:word>AT</LF:word>
<     <role:GROUND rdf:resource="#V476547" />
<     <role:FIGURE rdf:resource="#V476457" />
<     <LF:start>66</LF:start>
<     <LF:end>76</LF:end>
<   </rdf:Description>
<   <rdf:Description rdf:ID="V476547">
<     <LF:indicator>A</LF:indicator>
<     <LF:type>FURNISHINGS</LF:type>
<     <LF:word>DESK</LF:word>
<     <LF:start>69</LF:start>
<     <LF:end>76</LF:end>
<   </rdf:Description>
<   <rdf:Description rdf:ID="V476554">
<     <LF:indicator>F</LF:indicator>
<     <LF:type>IN-LOC</LF:type>
<     <LF:word>IN</LF:word>
<     <role:GROUND rdf:resource="#V476644" />
<     <role:FIGURE rdf:resource="#V476474" />
<     <LF:start>76</LF:start>
<     <LF:end>91</LF:end>
<   </rdf:Description>
<   <rdf:Description rdf:ID="V476644">
<     <LF:indicator>A</LF:indicator>
<     <LF:type>INTERNAL-ENCLOSURE</LF:type>
<     <LF:word>CLASSROOM</LF:word>
<     <LF:start>79</LF:start>
<     <LF:end>91</LF:end>
<   </rdf:Description>
< </rdf:RDF>
< </terms></utt></compound-communication-act>
< </trips-parser-output>
\ No newline at end of file
---
> <SpRL>
>  <SCENE>
>   <SENTENCE id="s1" indicator="THE" type="LETTER-SYMBOL" NAME-OF="(A)" start="0" end="2">
>    <TEXT>a d</TEXT>
>   </SENTENCE>
>   <SENTENCE id="s2" indicator="SPEECHACT" type="SA_TELL" start="2" end="29">
>    <TEXT>dark-skinned , dark-haired g</TEXT>
>    <RELATION id="1" head="V486386" res="V476289" label="CONTENT"/>
>    <PHRASE id="V476289" indicator="F" type="MOVE" text="SKINNED" TENSE="PAST" start="2" end="29"/>
>    <RELATION id="2" head="V476289" res="V486372" label="TIME"/>
>    <RELATION id="3" head="V476289" res="V476280" label="AFFECTED"/>
>    <PHRASE id="V486372" indicator="F" type="EVENT-TIME-REL" start="2" end="29"/>
>    <RELATION id="4" head="V486372" res="V476289" label="FIGURE"/>
>    <RELATION id="5" head="V486372" res="V476327" label="GROUND"/>
>    <PHRASE id="V476280" indicator="BARE" type="LIGHT" text="DARK" start="2" end="6"/>
>    <PHRASE id="V476327" indicator="F" type="MODIFIER" text="DARK-PUNC-MINUS-HAIRED" start="17" end="29" WNSENSE="dark-haired%5:00:00"/>
>    <RELATION id="6" head="V476327" res="V476280" label="FIGURE"/>
>   </SENTENCE>
>   <SENTENCE id="s3" indicator="BARE" type="FEMALE-CHILD" text="GIRL" start="29" end="34">
>    <TEXT>girl i</TEXT>
>   </SENTENCE>
>   <SENTENCE id="s4" indicator="SPEECHACT" type="SA_YN-QUESTION" PUNCTYPE="DECL" start="34" end="91">
>    <TEXT>in a white tee-shirt is sitting at a desk in a classroom .</TEXT>
>    <RELATION id="7" head="V482430" res="V476457" label="CONTENT"/>
>    <PHRASE id="V476457" indicator="F" type="HAVE-PROPERTY" text="BE" start="34" end="91"/>
>    <RELATION id="8" head="V476457" res="V476474" label="NEUTRAL"/>
>    <RELATION id="9" head="V476457" res="V476554" label="FORMAL"/>
>    <RELATION id="10" head="V476457" res="V476337" label="LOCATION"/>
>    <RELATION id="11" head="V476457" res="V476494" label="LOCATION"/>
>    <PHRASE id="V476337" indicator="F" type="IN-LOC" text="IN" start="34" end="55"/>
>    <RELATION id="12" head="V476337" res="V476449" label="GROUND"/>
>    <RELATION id="13" head="V476337" res="V476457" label="FIGURE"/>
>    <PHRASE id="V476449" indicator="A" type="ATTIRE" text="TEE-PUNC-MINUS-SHIRT" start="37" end="55"/>
>    <RELATION id="14" head="V476449" res="V476427" label="MOD"/>
>    <PHRASE id="V476427" indicator="F" type="WHITE" text="WHITE" SCALE="WHITE*1--07--00" start="39" end="45"/>
>    <RELATION id="15" head="V476427" res="V476449" label="FIGURE"/>
>    <PHRASE id="V476474" indicator="BARE" type="BODY-MOVEMENT" text="SIT-DOWN" start="58" end="66"/>
>    <PHRASE id="V476494" indicator="F" type="AT-LOC" text="AT" start="66" end="76"/>
>    <RELATION id="16" head="V476494" res="V476547" label="GROUND"/>
>    <RELATION id="17" head="V476494" res="V476457" label="FIGURE"/>
>    <PHRASE id="V476547" indicator="A" type="FURNISHINGS" text="DESK" start="69" end="76"/>
>    <PHRASE id="V476554" indicator="F" type="IN-LOC" text="IN" start="76" end="91"/>
>    <RELATION id="18" head="V476554" res="V476644" label="GROUND"/>
>    <RELATION id="19" head="V476554" res="V476474" label="FIGURE"/>
>    <PHRASE id="V476644" indicator="A" type="INTERNAL-ENCLOSURE" text="CLASSROOM" start="79" end="91"/>
>   </SENTENCE>
>  </SCENE>
> </SpRL>
