2,384c2,53
< <?xml-stylesheet type="text/xsl" href="../style/parser-interface.xsl"?>
< <!DOCTYPE trips-parser-output SYSTEM "../trips-parser-output.dtd">
< <trips-parser-output parser-build-date="2017-09-20T12:11:02-0500" system="STEP" extsformat="svg" tagsformat="hidden" treecontents="phrase" treeformat="LinGO" lfformat="svg" semantic-skeleton-scoring="T" rule-sets="" input="a dark-skinned , dark-haired boy wearing dark blue dungarees and a light blue and pink pullover is standing in front of a brick-wall .
< ">
< <debug>
< *last-utt-id*=NIL  utt-id+23
< *last-utt-id*=23  utt-id+23
< *last-utt-id*=23  utt-id+23
< *last-utt-id*=23  utt-id+23
< *last-utt-id*=23  utt-id+NIL</debug><compound-communication-act>
< <utt><words><lisp>(W::DARK W::PUNC-MINUS W::SKINNED)</lisp><word>DARK</word><word>PUNC-MINUS</word><word>SKINNED</word></words><tags><lisp>((WORD &quot;a&quot; :FRAME (0 1) :SENSE-INFO
<   ((:PENN-PARTS-OF-SPEECH (DT) :TRIPS-PARTS-OF-SPEECH (W::ART W::QUAN W::PRO)))
<   :UTTNUM 23 :CHANNEL DESKTOP :DIRECTION INPUT)
<  (WORD &quot;dark&quot; :FRAME (2 5) :SENSE-INFO
<   ((:PENN-PARTS-OF-SPEECH (NN) :TRIPS-PARTS-OF-SPEECH (W::N))) :UTTNUM 23
<   :CHANNEL DESKTOP :DIRECTION INPUT)
<  (WORD &quot;-&quot; :FRAME (6 6) :SENSE-INFO
<   ((:PENN-PARTS-OF-SPEECH (COLON) :TRIPS-PARTS-OF-SPEECH (W::PUNC))) :UTTNUM 23
<   :CHANNEL DESKTOP :DIRECTION INPUT)
<  (WORD &quot;skinned&quot; :FRAME (7 14) :SENSE-INFO
<   ((:PENN-PARTS-OF-SPEECH (VBD) :TRIPS-PARTS-OF-SPEECH (W::V))) :UTTNUM 23
<   :CHANNEL DESKTOP :DIRECTION INPUT)
<  (WORD &quot;dark-skinned&quot; :FRAME (2 14) :SENSE-INFO
<   ((:PENN-PARTS-OF-SPEECH (JJ) :TRIPS-PARTS-OF-SPEECH (W::ADJ) :WN-SENSE-KEYS
<     (&quot;dark-skinned%5:00:00&quot;)))
<   :UTTNUM 23 :CHANNEL DESKTOP :DIRECTION INPUT)
<  (WORD &quot;,&quot; :FRAME (15 16) :SENSE-INFO
<   ((:PENN-PARTS-OF-SPEECH (COMMA) :TRIPS-PARTS-OF-SPEECH (W::PUNC))) :UTTNUM 23
<   :CHANNEL DESKTOP :DIRECTION INPUT))</lisp><word lex="a" start="0" end="1"><sense-info penn-parts-of-speech="DT" trips-parts-of-speech="ART,QUAN,PRO" /></word><word lex="dark" start="2" end="5"><sense-info penn-parts-of-speech="NN" trips-parts-of-speech="N" /></word><word lex="-" start="6" end="6"><sense-info penn-parts-of-speech="COLON" trips-parts-of-speech="PUNC" /></word><word lex="skinned" start="7" end="14"><sense-info penn-parts-of-speech="VBD" trips-parts-of-speech="V" /></word><word lex="dark-skinned" start="2" end="14"><sense-info penn-parts-of-speech="JJ" trips-parts-of-speech="ADJ" wn-sense-keys="dark-skinned%5:00:00" /></word><word lex="," start="15" end="16"><sense-info penn-parts-of-speech="COMMA" trips-parts-of-speech="PUNC" /></word></tags><tree><lisp>(DET (ART A))</lisp><DET><ART>A</ART></DET></tree><terms root="#V206915"><lisp>((ONT::F ONT::V206915 (:* ONT::MODIFIER W::DARK-PUNC-MINUS-SKINNED) :START 2
<   :END 15 :WNSENSE &quot;dark-skinned%5:00:00&quot;))</lisp><rdf:RDF
<   xmlns:rdf="http://www.w3.org/1999/02/22-rdf-syntax-ns#"
<   xmlns:role="http://www.cs.rochester.edu/research/trips/role#"
<   xmlns:LF="http://www.cs.rochester.edu/research/trips/LF#">
<   <rdf:Description rdf:ID="V206915">
<     <LF:indicator>F</LF:indicator>
<     <LF:type>MODIFIER</LF:type>
<     <LF:word>DARK-PUNC-MINUS-SKINNED</LF:word>
<     <LF:start>2</LF:start>
<     <LF:end>15</LF:end>
<     <role:WNSENSE>dark-skinned%5:00:00</role:WNSENSE>
<   </rdf:Description>
< </rdf:RDF>
< </terms></utt><utt><words><lisp>(W::DARK W::PUNC-MINUS W::HAIRED W::BOY)</lisp><word>DARK</word><word>PUNC-MINUS</word><word>HAIRED</word><word>BOY</word></words><tags><lisp>((WORD &quot;dark&quot; :FRAME (17 20) :SENSE-INFO
<   ((:PENN-PARTS-OF-SPEECH (JJ) :TRIPS-PARTS-OF-SPEECH (W::ADJ))) :UTTNUM 23
<   :CHANNEL DESKTOP :DIRECTION INPUT)
<  (WORD &quot;-&quot; :FRAME (21 21) :SENSE-INFO
<   ((:PENN-PARTS-OF-SPEECH (COLON) :TRIPS-PARTS-OF-SPEECH (W::PUNC))) :UTTNUM 23
<   :CHANNEL DESKTOP :DIRECTION INPUT)
<  (WORD &quot;haired&quot; :FRAME (22 28) :SENSE-INFO
<   ((:PENN-PARTS-OF-SPEECH (VBN) :TRIPS-PARTS-OF-SPEECH (W::V))) :UTTNUM 23
<   :CHANNEL DESKTOP :DIRECTION INPUT)
<  (WORD &quot;dark-haired&quot; :FRAME (17 28) :SENSE-INFO
<   ((:PENN-PARTS-OF-SPEECH (JJ) :TRIPS-PARTS-OF-SPEECH (W::ADJ) :WN-SENSE-KEYS
<     (&quot;dark-haired%5:00:00&quot;)))
<   :UTTNUM 23 :CHANNEL DESKTOP :DIRECTION INPUT)
<  (WORD &quot;boy&quot; :FRAME (29 32) :SENSE-INFO
<   ((:PENN-PARTS-OF-SPEECH (NN) :TRIPS-PARTS-OF-SPEECH (W::N))) :UTTNUM 23
<   :CHANNEL DESKTOP :DIRECTION INPUT)
<  (PREFER &quot;a dark-skinned , dark-haired boy&quot; :FRAME (0 32) :PENN-CATS (NP)
<   :TRIPS-CATS (W::NP) :SCORE 40.958 :UTTNUM 23 :CHANNEL DESKTOP :DIRECTION
<   INPUT))</lisp><word lex="dark" start="17" end="20"><sense-info penn-parts-of-speech="JJ" trips-parts-of-speech="ADJ" /></word><word lex="-" start="21" end="21"><sense-info penn-parts-of-speech="COLON" trips-parts-of-speech="PUNC" /></word><word lex="haired" start="22" end="28"><sense-info penn-parts-of-speech="VBN" trips-parts-of-speech="V" /></word><word lex="dark-haired" start="17" end="28"><sense-info penn-parts-of-speech="JJ" trips-parts-of-speech="ADJ" wn-sense-keys="dark-haired%5:00:00" /></word><word lex="boy" start="29" end="32"><sense-info penn-parts-of-speech="NN" trips-parts-of-speech="N" /></word><prefer text="a dark-skinned , dark-haired boy" start="0" end="32" penn-cats="NP" score="40.958" /></tags><tree><lisp>(ADJP (ADJ1 (ADJ DARK PUNC-MINUS SKINNED)))</lisp><ADJP><ADJ1><ADJ>DARK PUNC-MINUS SKINNED</ADJ></ADJ1></ADJP></tree><terms root="#V206942"><lisp>((ONT::BARE ONT::V206942 (:* ONT::MALE-CHILD W::BOY) :MOD ONT::V206939 :START
<   17 :END 33)
<  (ONT::F ONT::V206939 (:* ONT::MODIFIER W::DARK-PUNC-MINUS-HAIRED) :FIGURE
<   ONT::V206942 :START 17 :END 29 :WNSENSE &quot;dark-haired%5:00:00&quot;))</lisp><rdf:RDF
<   xmlns:rdf="http://www.w3.org/1999/02/22-rdf-syntax-ns#"
<   xmlns:role="http://www.cs.rochester.edu/research/trips/role#"
<   xmlns:LF="http://www.cs.rochester.edu/research/trips/LF#">
<   <rdf:Description rdf:ID="V206942">
<     <LF:indicator>BARE</LF:indicator>
<     <LF:type>MALE-CHILD</LF:type>
<     <LF:word>BOY</LF:word>
<     <role:MOD rdf:resource="#V206939" />
<     <LF:start>17</LF:start>
<     <LF:end>33</LF:end>
<   </rdf:Description>
<   <rdf:Description rdf:ID="V206939">
<     <LF:indicator>F</LF:indicator>
<     <LF:type>MODIFIER</LF:type>
<     <LF:word>DARK-PUNC-MINUS-HAIRED</LF:word>
<     <role:FIGURE rdf:resource="#V206942" />
<     <LF:start>17</LF:start>
<     <LF:end>29</LF:end>
<     <role:WNSENSE>dark-haired%5:00:00</role:WNSENSE>
<   </rdf:Description>
< </rdf:RDF>
< </terms></utt><utt><words><lisp>(W::WEARING W::DARK W::BLUE W::DUNGAREES W::AND W::A W::LIGHT W::BLUE W::AND
<  W::PINK W::PULLOVER)</lisp><word>WEARING</word><word>DARK</word><word>BLUE</word><word>DUNGAREES</word><word>AND</word><word>A</word><word>LIGHT</word><word>BLUE</word><word>AND</word><word>PINK</word><word>PULLOVER</word></words><tags><lisp>((WORD &quot;wearing&quot; :FRAME (33 40) :SENSE-INFO
<   ((:PENN-PARTS-OF-SPEECH (VBG) :TRIPS-PARTS-OF-SPEECH (W::V))) :UTTNUM 23
<   :CHANNEL DESKTOP :DIRECTION INPUT)
<  (WORD &quot;dark&quot; :FRAME (41 45) :SENSE-INFO
<   ((:PENN-PARTS-OF-SPEECH (JJ) :TRIPS-PARTS-OF-SPEECH (W::ADJ))) :UTTNUM 23
<   :CHANNEL DESKTOP :DIRECTION INPUT)
<  (WORD &quot;blue&quot; :FRAME (46 50) :SENSE-INFO
<   ((:PENN-PARTS-OF-SPEECH (NN JJ) :TRIPS-PARTS-OF-SPEECH (W::N W::ADJ)))
<   :UTTNUM 23 :CHANNEL DESKTOP :DIRECTION INPUT)
<  (WORD &quot;dark blue&quot; :FRAME (41 50) :SENSE-INFO
<   ((:PENN-PARTS-OF-SPEECH (NN) :TRIPS-PARTS-OF-SPEECH (W::N) :WN-SENSE-KEYS
<     (&quot;dark_blue%1:07:00&quot;)))
<   :UTTNUM 23 :CHANNEL DESKTOP :DIRECTION INPUT)
<  (WORD &quot;dungarees&quot; :FRAME (51 60) :SENSE-INFO
<   ((:PENN-PARTS-OF-SPEECH (NNS) :TRIPS-PARTS-OF-SPEECH (W::N))) :UTTNUM 23
<   :CHANNEL DESKTOP :DIRECTION INPUT)
<  (PREFER &quot;dark blue dungarees&quot; :FRAME (41 60) :PENN-CATS (NP) :TRIPS-CATS
<   (W::NP) :SCORE 33.648 :UTTNUM 23 :CHANNEL DESKTOP :DIRECTION INPUT)
<  (WORD &quot;and&quot; :FRAME (61 64) :SENSE-INFO
<   ((:PENN-PARTS-OF-SPEECH (CC) :TRIPS-PARTS-OF-SPEECH (W::CONJ))) :UTTNUM 23
<   :CHANNEL DESKTOP :DIRECTION INPUT)
<  (WORD &quot;a&quot; :FRAME (65 66) :SENSE-INFO
<   ((:PENN-PARTS-OF-SPEECH (DT) :TRIPS-PARTS-OF-SPEECH (W::ART W::QUAN W::PRO)))
<   :UTTNUM 23 :CHANNEL DESKTOP :DIRECTION INPUT)
<  (WORD &quot;light&quot; :FRAME (67 72) :SENSE-INFO
<   ((:PENN-PARTS-OF-SPEECH (NN JJ) :TRIPS-PARTS-OF-SPEECH (W::N W::ADJ)))
<   :UTTNUM 23 :CHANNEL DESKTOP :DIRECTION INPUT)
<  (WORD &quot;blue&quot; :FRAME (73 77) :SENSE-INFO
<   ((:PENN-PARTS-OF-SPEECH (JJ) :TRIPS-PARTS-OF-SPEECH (W::ADJ))) :UTTNUM 23
<   :CHANNEL DESKTOP :DIRECTION INPUT)
<  (WORD &quot;and&quot; :FRAME (78 81) :SENSE-INFO
<   ((:PENN-PARTS-OF-SPEECH (CC) :TRIPS-PARTS-OF-SPEECH (W::CONJ))) :UTTNUM 23
<   :CHANNEL DESKTOP :DIRECTION INPUT)
<  (WORD &quot;pink&quot; :FRAME (82 86) :SENSE-INFO
<   ((:PENN-PARTS-OF-SPEECH (JJ) :TRIPS-PARTS-OF-SPEECH (W::ADJ))) :UTTNUM 23
<   :CHANNEL DESKTOP :DIRECTION INPUT)
<  (PREFER &quot;blue and pink&quot; :FRAME (73 86) :PENN-CATS (ADJP) :TRIPS-CATS (W::ADJP)
<   :SCORE 20.688 :UTTNUM 23 :CHANNEL DESKTOP :DIRECTION INPUT)
<  (WORD &quot;pullover&quot; :FRAME (87 95) :SENSE-INFO
<   ((:PENN-PARTS-OF-SPEECH (NN) :TRIPS-PARTS-OF-SPEECH (W::N))) :UTTNUM 23
<   :CHANNEL DESKTOP :DIRECTION INPUT)
<  (PREFER &quot;a light blue and pink pullover&quot; :FRAME (65 95) :PENN-CATS (NP)
<   :TRIPS-CATS (W::NP) :SCORE 47.38 :UTTNUM 23 :CHANNEL DESKTOP :DIRECTION
<   INPUT)
<  (PREFER &quot;dark blue dungarees and a light blue and pink pullover&quot; :FRAME
<   (41 95) :PENN-CATS (NP) :TRIPS-CATS (W::NP) :SCORE 87.867 :UTTNUM 23 :CHANNEL
<   DESKTOP :DIRECTION INPUT)
<  (PREFER &quot;wearing dark blue dungarees and a light blue and pink pullover&quot;
<   :FRAME (33 95) :PENN-CATS (VP) :TRIPS-CATS (W::VP) :SCORE 96.995 :UTTNUM 23
<   :CHANNEL DESKTOP :DIRECTION INPUT)
<  (PREFER
<   &quot;a dark-skinned , dark-haired boy wearing dark blue dungarees and a light blue and pink pullover&quot;
<   :FRAME (0 95) :PENN-CATS (NP) :TRIPS-CATS (W::NP) :SCORE 140.515 :UTTNUM 23
<   :CHANNEL DESKTOP :DIRECTION INPUT))</lisp><word lex="wearing" start="33" end="40"><sense-info penn-parts-of-speech="VBG" trips-parts-of-speech="V" /></word><word lex="dark" start="41" end="45"><sense-info penn-parts-of-speech="JJ" trips-parts-of-speech="ADJ" /></word><word lex="blue" start="46" end="50"><sense-info penn-parts-of-speech="NN,JJ" trips-parts-of-speech="N,ADJ" /></word><word lex="dark blue" start="41" end="50"><sense-info penn-parts-of-speech="NN" trips-parts-of-speech="N" wn-sense-keys="dark_blue%1:07:00" /></word><word lex="dungarees" start="51" end="60"><sense-info penn-parts-of-speech="NNS" trips-parts-of-speech="N" /></word><prefer text="dark blue dungarees" start="41" end="60" penn-cats="NP" score="33.648" /><word lex="and" start="61" end="64"><sense-info penn-parts-of-speech="CC" trips-parts-of-speech="CONJ" /></word><word lex="a" start="65" end="66"><sense-info penn-parts-of-speech="DT" trips-parts-of-speech="ART,QUAN,PRO" /></word><word lex="light" start="67" end="72"><sense-info penn-parts-of-speech="NN,JJ" trips-parts-of-speech="N,ADJ" /></word><word lex="blue" start="73" end="77"><sense-info penn-parts-of-speech="JJ" trips-parts-of-speech="ADJ" /></word><word lex="and" start="78" end="81"><sense-info penn-parts-of-speech="CC" trips-parts-of-speech="CONJ" /></word><word lex="pink" start="82" end="86"><sense-info penn-parts-of-speech="JJ" trips-parts-of-speech="ADJ" /></word><prefer text="blue and pink" start="73" end="86" penn-cats="ADJP" score="20.688" /><word lex="pullover" start="87" end="95"><sense-info penn-parts-of-speech="NN" trips-parts-of-speech="N" /></word><prefer text="a light blue and pink pullover" start="65" end="95" penn-cats="NP" score="47.38" /><prefer text="dark blue dungarees and a light blue and pink pullover" start="41" end="95" penn-cats="NP" score="87.867" /><prefer text="wearing dark blue dungarees and a light blue and pink pullover" start="33" end="95" penn-cats="VP" score="96.995" /><prefer text="a dark-skinned , dark-haired boy wearing dark blue dungarees and a light blue and pink pullover" start="0" end="95" penn-cats="NP" score="140.515" /></tags><tree><lisp>(PUNC PUNC-COMMA)</lisp><PUNC>PUNC-COMMA</PUNC></tree><terms root="#V206948"><lisp>((ONT::F ONT::V206948 (:* ONT::WEAR W::WEAR) :NEUTRAL ONT::V206985 :VFORM
<   W::ING :START 33 :END 96)
<  (ONT::INDEF-SET ONT::V206985 ONT::MANUFACTURED-OBJECT :OPERATOR ONT::AND
<   :SEQUENCE (ONT::V206981 ONT::V207084) :START 41 :END 96)
<  (ONT::INDEF-SET ONT::V206981 (:* ONT::MANUFACTURED-OBJECT W::DUNGAREES) :MOD
<   ONT::V206955 :MOD ONT::V206961 :START 41 :END 61)
<  (ONT::F ONT::V206955 (:* ONT::DARK-IN-COLOR-VAL W::DARK) :FIGURE ONT::V206981
<   :START 41 :END 46)
<  (ONT::F ONT::V206961 (:* ONT::BLUE W::BLUE) :FIGURE ONT::V206981 :SCALE
<   ONT::COLOR-SCALE :START 46 :END 51)
<  (ONT::A ONT::V207084 (:* ONT::ATTIRE W::PULLOVER) :MOD ONT::V207035 :MOD
<   ONT::V207385 :START 65 :END 96)
<  (ONT::F ONT::V207035 (:* ONT::LIGHTWEIGHT W::LIGHT) :ORIENTATION ONT::LESS
<   :INTENSITY ONT::HI :FIGURE ONT::V207084 :SCALE ONT::WEIGHT-SCALE :START 67
<   :END 73)
<  (ONT::F ONT::V207385 ONT::COLOR-VAL :SEQUENCE (ONT::V207060 ONT::V207076)
<   :OPERATOR ONT::AND :START 73 :END 87)
<  (ONT::F ONT::V207060 (:* ONT::BLUE W::BLUE) :FIGURE ONT::V207084 :SCALE
<   ONT::COLOR-SCALE :START 73 :END 78)
<  (ONT::F ONT::V207076 (:* ONT::PINK W::PINK) :FIGURE ONT::V207084 :SCALE
<   ONT::PINK*1--07--00 :START 82 :END 87))</lisp><rdf:RDF
<   xmlns:rdf="http://www.w3.org/1999/02/22-rdf-syntax-ns#"
<   xmlns:role="http://www.cs.rochester.edu/research/trips/role#"
<   xmlns:LF="http://www.cs.rochester.edu/research/trips/LF#">
<   <rdf:Description rdf:ID="V206948">
<     <LF:indicator>F</LF:indicator>
<     <LF:type>WEAR</LF:type>
<     <LF:word>WEAR</LF:word>
<     <role:NEUTRAL rdf:resource="#V206985" />
<     <role:VFORM>ING</role:VFORM>
<     <LF:start>33</LF:start>
<     <LF:end>96</LF:end>
<   </rdf:Description>
<   <rdf:Description rdf:ID="V206985">
<     <LF:indicator>INDEF-SET</LF:indicator>
<     <LF:type>MANUFACTURED-OBJECT</LF:type>
<     <role:OPERATOR>AND</role:OPERATOR>
<     <role:SEQUENCE rdf:resource="#V206981" />
<     <role:SEQUENCE1 rdf:resource="#V207084" />
<     <LF:start>41</LF:start>
<     <LF:end>96</LF:end>
<   </rdf:Description>
<   <rdf:Description rdf:ID="V206981">
<     <LF:indicator>INDEF-SET</LF:indicator>
<     <LF:type>MANUFACTURED-OBJECT</LF:type>
<     <LF:word>DUNGAREES</LF:word>
<     <role:MOD rdf:resource="#V206955" />
<     <role:MOD rdf:resource="#V206961" />
<     <LF:start>41</LF:start>
<     <LF:end>61</LF:end>
<   </rdf:Description>
<   <rdf:Description rdf:ID="V206955">
<     <LF:indicator>F</LF:indicator>
<     <LF:type>DARK-IN-COLOR-VAL</LF:type>
<     <LF:word>DARK</LF:word>
<     <role:FIGURE rdf:resource="#V206981" />
<     <LF:start>41</LF:start>
<     <LF:end>46</LF:end>
<   </rdf:Description>
<   <rdf:Description rdf:ID="V206961">
<     <LF:indicator>F</LF:indicator>
<     <LF:type>BLUE</LF:type>
<     <LF:word>BLUE</LF:word>
<     <role:FIGURE rdf:resource="#V206981" />
<     <role:SCALE>COLOR-SCALE</role:SCALE>
<     <LF:start>46</LF:start>
<     <LF:end>51</LF:end>
<   </rdf:Description>
<   <rdf:Description rdf:ID="V207084">
<     <LF:indicator>A</LF:indicator>
<     <LF:type>ATTIRE</LF:type>
<     <LF:word>PULLOVER</LF:word>
<     <role:MOD rdf:resource="#V207035" />
<     <role:MOD rdf:resource="#V207385" />
<     <LF:start>65</LF:start>
<     <LF:end>96</LF:end>
<   </rdf:Description>
<   <rdf:Description rdf:ID="V207035">
<     <LF:indicator>F</LF:indicator>
<     <LF:type>LIGHTWEIGHT</LF:type>
<     <LF:word>LIGHT</LF:word>
<     <role:ORIENTATION>LESS</role:ORIENTATION>
<     <role:INTENSITY>HI</role:INTENSITY>
<     <role:FIGURE rdf:resource="#V207084" />
<     <role:SCALE>WEIGHT-SCALE</role:SCALE>
<     <LF:start>67</LF:start>
<     <LF:end>73</LF:end>
<   </rdf:Description>
<   <rdf:Description rdf:ID="V207385">
<     <LF:indicator>F</LF:indicator>
<     <LF:type>COLOR-VAL</LF:type>
<     <role:SEQUENCE rdf:resource="#V207060" />
<     <role:SEQUENCE1 rdf:resource="#V207076" />
<     <role:OPERATOR>AND</role:OPERATOR>
<     <LF:start>73</LF:start>
<     <LF:end>87</LF:end>
<   </rdf:Description>
<   <rdf:Description rdf:ID="V207060">
<     <LF:indicator>F</LF:indicator>
<     <LF:type>BLUE</LF:type>
<     <LF:word>BLUE</LF:word>
<     <role:FIGURE rdf:resource="#V207084" />
<     <role:SCALE>COLOR-SCALE</role:SCALE>
<     <LF:start>73</LF:start>
<     <LF:end>78</LF:end>
<   </rdf:Description>
<   <rdf:Description rdf:ID="V207076">
<     <LF:indicator>F</LF:indicator>
<     <LF:type>PINK</LF:type>
<     <LF:word>PINK</LF:word>
<     <role:FIGURE rdf:resource="#V207084" />
<     <role:SCALE>PINK*1--07--00</role:SCALE>
<     <LF:start>82</LF:start>
<     <LF:end>87</LF:end>
<   </rdf:Description>
< </rdf:RDF>
< </terms></utt><utt><words><lisp>(W::IS W::STANDING W::IN W::FRONT W::OF W::A W::BRICK W::PUNC-MINUS W::WALL
<  W::PUNC-PERIOD)</lisp><word>IS</word><word>STANDING</word><word>IN</word><word>FRONT</word><word>OF</word><word>A</word><word>BRICK</word><word>PUNC-MINUS</word><word>WALL</word><word>PUNC-PERIOD</word></words><tags><lisp>((WORD &quot;is&quot; :FRAME (96 98) :SENSE-INFO
<   ((:PENN-PARTS-OF-SPEECH (VBZ) :TRIPS-PARTS-OF-SPEECH (W::V))) :UTTNUM 23
<   :CHANNEL DESKTOP :DIRECTION INPUT)
<  (WORD &quot;standing&quot; :FRAME (99 107) :SENSE-INFO
<   ((:PENN-PARTS-OF-SPEECH (VBG) :TRIPS-PARTS-OF-SPEECH (W::V))) :UTTNUM 23
<   :CHANNEL DESKTOP :DIRECTION INPUT)
<  (WORD &quot;in&quot; :FRAME (108 110) :SENSE-INFO
<   ((:PENN-PARTS-OF-SPEECH (IN) :TRIPS-PARTS-OF-SPEECH (W::PREP W::ADV)))
<   :UTTNUM 23 :CHANNEL DESKTOP :DIRECTION INPUT)
<  (WORD &quot;standing in&quot; :FRAME (99 110) :SENSE-INFO
<   ((:PENN-PARTS-OF-SPEECH (VBG) :TRIPS-PARTS-OF-SPEECH (W::V) :WN-SENSE-KEYS
<     (&quot;stand_in%2:40:00&quot;)))
<   :UTTNUM 23 :CHANNEL DESKTOP :DIRECTION INPUT)
<  (WORD &quot;front&quot; :FRAME (111 116) :SENSE-INFO
<   ((:PENN-PARTS-OF-SPEECH (NN) :TRIPS-PARTS-OF-SPEECH (W::N))) :UTTNUM 23
<   :CHANNEL DESKTOP :DIRECTION INPUT)
<  (PREFER &quot;front&quot; :FRAME (111 116) :PENN-CATS (NP) :TRIPS-CATS (W::NP) :SCORE
<   10.944 :UTTNUM 23 :CHANNEL DESKTOP :DIRECTION INPUT)
<  (WORD &quot;in front&quot; :FRAME (108 116) :SENSE-INFO
<   ((:PENN-PARTS-OF-SPEECH (RB) :TRIPS-PARTS-OF-SPEECH (W::ADV) :WN-SENSE-KEYS
<     (&quot;in_front%4:02:00&quot;)))
<   :UTTNUM 23 :CHANNEL DESKTOP :DIRECTION INPUT)
<  (WORD &quot;of&quot; :FRAME (117 119) :SENSE-INFO
<   ((:PENN-PARTS-OF-SPEECH (IN) :TRIPS-PARTS-OF-SPEECH (W::PREP W::ADV)))
<   :UTTNUM 23 :CHANNEL DESKTOP :DIRECTION INPUT)
<  (WORD &quot;a&quot; :FRAME (120 121) :SENSE-INFO
<   ((:PENN-PARTS-OF-SPEECH (DT) :TRIPS-PARTS-OF-SPEECH (W::ART W::QUAN W::PRO)))
<   :UTTNUM 23 :CHANNEL DESKTOP :DIRECTION INPUT)
<  (WORD &quot;brick&quot; :FRAME (122 126) :SENSE-INFO
<   ((:PENN-PARTS-OF-SPEECH (NN) :TRIPS-PARTS-OF-SPEECH (W::N))) :UTTNUM 23
<   :CHANNEL DESKTOP :DIRECTION INPUT)
<  (WORD &quot;-&quot; :FRAME (127 127) :SENSE-INFO
<   ((:PENN-PARTS-OF-SPEECH (COLON) :TRIPS-PARTS-OF-SPEECH (W::PUNC))) :UTTNUM 23
<   :CHANNEL DESKTOP :DIRECTION INPUT)
<  (WORD &quot;wall&quot; :FRAME (128 132) :SENSE-INFO
<   ((:PENN-PARTS-OF-SPEECH (NN) :TRIPS-PARTS-OF-SPEECH (W::N))) :UTTNUM 23
<   :CHANNEL DESKTOP :DIRECTION INPUT)
<  (WORD &quot;brick-wall&quot; :FRAME (122 132) :SENSE-INFO
<   ((:PENN-PARTS-OF-SPEECH (NN) :TRIPS-PARTS-OF-SPEECH (W::N))) :UTTNUM 23
<   :CHANNEL DESKTOP :DIRECTION INPUT)
<  (PREFER &quot;a brick-wall&quot; :FRAME (120 132) :PENN-CATS (NP) :TRIPS-CATS (W::NP)
<   :SCORE 17.068 :UTTNUM 23 :CHANNEL DESKTOP :DIRECTION INPUT)
<  (PREFER &quot;of a brick-wall&quot; :FRAME (117 132) :PENN-CATS (PP) :TRIPS-CATS (W::PP)
<   :SCORE 18.136 :UTTNUM 23 :CHANNEL DESKTOP :DIRECTION INPUT)
<  (PREFER &quot;front of a brick-wall&quot; :FRAME (111 132) :PENN-CATS (NP) :TRIPS-CATS
<   (W::NP) :SCORE 29.621 :UTTNUM 23 :CHANNEL DESKTOP :DIRECTION INPUT)
<  (PREFER &quot;in front of a brick-wall&quot; :FRAME (108 132) :PENN-CATS (PP)
<   :TRIPS-CATS (W::PP) :SCORE 32.829 :UTTNUM 23 :CHANNEL DESKTOP :DIRECTION
<   INPUT)
<  (PREFER &quot;standing in front of a brick-wall&quot; :FRAME (99 132) :PENN-CATS (VP)
<   :TRIPS-CATS (W::VP) :SCORE 42.003 :UTTNUM 23 :CHANNEL DESKTOP :DIRECTION
<   INPUT)
<  (PREFER &quot;is standing in front of a brick-wall&quot; :FRAME (96 132) :PENN-CATS (VP)
<   :TRIPS-CATS (W::VP) :SCORE 46.263 :UTTNUM 23 :CHANNEL DESKTOP :DIRECTION
<   INPUT)
<  (WORD &quot;.&quot; :FRAME (133 133) :SENSE-INFO
<   ((:PENN-PARTS-OF-SPEECH (FULL_STOP) :TRIPS-PARTS-OF-SPEECH (W::PUNC)))
<   :UTTNUM 23 :CHANNEL DESKTOP :DIRECTION INPUT)
<  (PREFER
<   &quot;a dark-skinned , dark-haired boy wearing dark blue dungarees and a light blue and pink pullover is standing in front of a brick-wall .&quot;
<   :FRAME (0 133) :PENN-CATS (S) :SCORE 190.692 :UTTNUM 23 :CHANNEL DESKTOP
<   :DIRECTION INPUT))</lisp><word lex="is" start="96" end="98"><sense-info penn-parts-of-speech="VBZ" trips-parts-of-speech="V" /></word><word lex="standing" start="99" end="107"><sense-info penn-parts-of-speech="VBG" trips-parts-of-speech="V" /></word><word lex="in" start="108" end="110"><sense-info penn-parts-of-speech="IN" trips-parts-of-speech="PREP,ADV" /></word><word lex="standing in" start="99" end="110"><sense-info penn-parts-of-speech="VBG" trips-parts-of-speech="V" wn-sense-keys="stand_in%2:40:00" /></word><word lex="front" start="111" end="116"><sense-info penn-parts-of-speech="NN" trips-parts-of-speech="N" /></word><prefer text="front" start="111" end="116" penn-cats="NP" score="10.944" /><word lex="in front" start="108" end="116"><sense-info penn-parts-of-speech="RB" trips-parts-of-speech="ADV" wn-sense-keys="in_front%4:02:00" /></word><word lex="of" start="117" end="119"><sense-info penn-parts-of-speech="IN" trips-parts-of-speech="PREP,ADV" /></word><word lex="a" start="120" end="121"><sense-info penn-parts-of-speech="DT" trips-parts-of-speech="ART,QUAN,PRO" /></word><word lex="brick" start="122" end="126"><sense-info penn-parts-of-speech="NN" trips-parts-of-speech="N" /></word><word lex="-" start="127" end="127"><sense-info penn-parts-of-speech="COLON" trips-parts-of-speech="PUNC" /></word><word lex="wall" start="128" end="132"><sense-info penn-parts-of-speech="NN" trips-parts-of-speech="N" /></word><word lex="brick-wall" start="122" end="132"><sense-info penn-parts-of-speech="NN" trips-parts-of-speech="N" /></word><prefer text="a brick-wall" start="120" end="132" penn-cats="NP" score="17.068" /><prefer text="of a brick-wall" start="117" end="132" penn-cats="PP" score="18.136" /><prefer text="front of a brick-wall" start="111" end="132" penn-cats="NP" score="29.621" /><prefer text="in front of a brick-wall" start="108" end="132" penn-cats="PP" score="32.829" /><prefer text="standing in front of a brick-wall" start="99" end="132" penn-cats="VP" score="42.003" /><prefer text="is standing in front of a brick-wall" start="96" end="132" penn-cats="VP" score="46.263" /><word lex="." start="133" end="133"><sense-info penn-parts-of-speech="FULL_STOP" trips-parts-of-speech="PUNC" /></word><prefer text="a dark-skinned , dark-haired boy wearing dark blue dungarees and a light blue and pink pullover is standing in front of a brick-wall ." start="0" end="133" penn-cats="S" score="190.692" /></tags><tree><lisp>(NP (N1 (ADJP (ADJ1 (ADJ DARK PUNC-MINUS HAIRED))) (N1 (N BOY))))</lisp><NP><N1><ADJP><ADJ1><ADJ>DARK PUNC-MINUS HAIRED</ADJ></ADJ1></ADJP><N1><N>BOY</N></N1></N1></NP></tree><terms root="#V211516"><lisp>((ONT::SPEECHACT ONT::V211516 ONT::SA_YN-QUESTION :PUNCTYPE W::DECL :CONTENT
<   ONT::V207093 :START 96 :END 133)
<  (ONT::F ONT::V207093 (:* ONT::BE W::BE) :NEUTRAL ONT::V207174 :NEUTRAL1
<   ONT::V207180 :TENSE W::PRES :START 96 :END 133)
<  (ONT::BARE ONT::V207174 (:* ONT::EXCHANGE W::STANDING-IN) :START 99 :END 111
<   :WNSENSE &quot;stand_in%2:40:00&quot;)
<  (ONT::BARE ONT::V207180 (:* ONT::OBJECT-DEPENDENT-LOCATION W::FRONT) :FIGURE
<   ONT::V207288 :START 111 :END 133)
<  (ONT::A ONT::V207288 (:* ONT::STRUCTURE-INTERNAL-COMPONENT W::WALL)
<   :ASSOC-WITH ONT::V207282 :START 117 :END 133)
<  (ONT::KIND ONT::V207282 (:* ONT::MATERIAL W::BRICK) :START 117 :END 133))</lisp><rdf:RDF
<   xmlns:rdf="http://www.w3.org/1999/02/22-rdf-syntax-ns#"
<   xmlns:role="http://www.cs.rochester.edu/research/trips/role#"
<   xmlns:LF="http://www.cs.rochester.edu/research/trips/LF#">
<   <rdf:Description rdf:ID="V211516">
<     <LF:indicator>SPEECHACT</LF:indicator>
<     <LF:type>SA_YN-QUESTION</LF:type>
<     <role:PUNCTYPE>DECL</role:PUNCTYPE>
<     <role:CONTENT rdf:resource="#V207093" />
<     <LF:start>96</LF:start>
<     <LF:end>133</LF:end>
<   </rdf:Description>
<   <rdf:Description rdf:ID="V207093">
<     <LF:indicator>F</LF:indicator>
<     <LF:type>BE</LF:type>
<     <LF:word>BE</LF:word>
<     <role:NEUTRAL rdf:resource="#V207174" />
<     <role:NEUTRAL1 rdf:resource="#V207180" />
<     <role:TENSE>PRES</role:TENSE>
<     <LF:start>96</LF:start>
<     <LF:end>133</LF:end>
<   </rdf:Description>
<   <rdf:Description rdf:ID="V207174">
<     <LF:indicator>BARE</LF:indicator>
<     <LF:type>EXCHANGE</LF:type>
<     <LF:word>STANDING-IN</LF:word>
<     <LF:start>99</LF:start>
<     <LF:end>111</LF:end>
<     <role:WNSENSE>stand_in%2:40:00</role:WNSENSE>
<   </rdf:Description>
<   <rdf:Description rdf:ID="V207180">
<     <LF:indicator>BARE</LF:indicator>
<     <LF:type>OBJECT-DEPENDENT-LOCATION</LF:type>
<     <LF:word>FRONT</LF:word>
<     <role:FIGURE rdf:resource="#V207288" />
<     <LF:start>111</LF:start>
<     <LF:end>133</LF:end>
<   </rdf:Description>
<   <rdf:Description rdf:ID="V207288">
<     <LF:indicator>A</LF:indicator>
<     <LF:type>STRUCTURE-INTERNAL-COMPONENT</LF:type>
<     <LF:word>WALL</LF:word>
<     <role:ASSOC-WITH rdf:resource="#V207282" />
<     <LF:start>117</LF:start>
<     <LF:end>133</LF:end>
<   </rdf:Description>
<   <rdf:Description rdf:ID="V207282">
<     <LF:indicator>KIND</LF:indicator>
<     <LF:type>MATERIAL</LF:type>
<     <LF:word>BRICK</LF:word>
<     <LF:start>117</LF:start>
<     <LF:end>133</LF:end>
<   </rdf:Description>
< </rdf:RDF>
< </terms></utt></compound-communication-act>
< </trips-parser-output>
\ No newline at end of file
---
> <SpRL>
>  <SCENE>
>   <SENTENCE id="s1" indicator="F" type="MODIFIER" text="DARK-PUNC-MINUS-SKINNED" start="2" end="15" WNSENSE="dark-skinned%5:00:00">
>    <TEXT>dark-skinned ,</TEXT>
>   </SENTENCE>
>   <SENTENCE id="s2" indicator="BARE" type="MALE-CHILD" text="BOY" start="17" end="33">
>    <TEXT>dark-haired boy w</TEXT>
>    <RELATION id="1" head="V206942" res="V206939" label="MOD"/>
>    <PHRASE id="V206939" indicator="F" type="MODIFIER" text="DARK-PUNC-MINUS-HAIRED" start="17" end="29" WNSENSE="dark-haired%5:00:00"/>
>    <RELATION id="2" head="V206939" res="V206942" label="FIGURE"/>
>   </SENTENCE>
>   <SENTENCE id="s3" indicator="F" type="WEAR" text="WEAR" VFORM="ING" start="33" end="96">
>    <TEXT>wearing dark blue dungarees and a light blue and pink pullover i</TEXT>
>    <RELATION id="3" head="V206948" res="V206985" label="NEUTRAL"/>
>    <PHRASE id="V206985" indicator="INDEF-SET" type="MANUFACTURED-OBJECT" OPERATOR="AND" start="41" end="96"/>
>    <RELATION id="4" head="V206985" res="V206981" label="SEQUENCE"/>
>    <RELATION id="5" head="V206985" res="V207084" label="SEQUENCE1"/>
>    <PHRASE id="V206981" indicator="INDEF-SET" type="MANUFACTURED-OBJECT" text="DUNGAREES" start="41" end="61"/>
>    <RELATION id="6" head="V206981" res="V206955" label="MOD"/>
>    <RELATION id="7" head="V206981" res="V206961" label="MOD"/>
>    <PHRASE id="V206955" indicator="F" type="DARK-IN-COLOR-VAL" text="DARK" start="41" end="46"/>
>    <RELATION id="8" head="V206955" res="V206981" label="FIGURE"/>
>    <PHRASE id="V206961" indicator="F" type="BLUE" text="BLUE" SCALE="COLOR-SCALE" start="46" end="51"/>
>    <RELATION id="9" head="V206961" res="V206981" label="FIGURE"/>
>    <PHRASE id="V207084" indicator="A" type="ATTIRE" text="PULLOVER" start="65" end="96"/>
>    <RELATION id="10" head="V207084" res="V207035" label="MOD"/>
>    <RELATION id="11" head="V207084" res="V207385" label="MOD"/>
>    <PHRASE id="V207035" indicator="F" type="LIGHTWEIGHT" text="LIGHT" ORIENTATION="LESS" INTENSITY="HI" SCALE="WEIGHT-SCALE" start="67" end="73"/>
>    <RELATION id="12" head="V207035" res="V207084" label="FIGURE"/>
>    <PHRASE id="V207385" indicator="F" type="COLOR-VAL" OPERATOR="AND" start="73" end="87"/>
>    <RELATION id="13" head="V207385" res="V207060" label="SEQUENCE"/>
>    <RELATION id="14" head="V207385" res="V207076" label="SEQUENCE1"/>
>    <PHRASE id="V207060" indicator="F" type="BLUE" text="BLUE" SCALE="COLOR-SCALE" start="73" end="78"/>
>    <RELATION id="15" head="V207060" res="V207084" label="FIGURE"/>
>    <PHRASE id="V207076" indicator="F" type="PINK" text="PINK" SCALE="PINK*1--07--00" start="82" end="87"/>
>    <RELATION id="16" head="V207076" res="V207084" label="FIGURE"/>
>   </SENTENCE>
>   <SENTENCE id="s4" indicator="SPEECHACT" type="SA_YN-QUESTION" PUNCTYPE="DECL" start="96" end="133">
>    <TEXT>is standing in front of a brick-wall .</TEXT>
>    <RELATION id="17" head="V211516" res="V207093" label="CONTENT"/>
>    <PHRASE id="V207093" indicator="F" type="BE" text="BE" TENSE="PRES" start="96" end="133"/>
>    <RELATION id="18" head="V207093" res="V207174" label="NEUTRAL"/>
>    <RELATION id="19" head="V207093" res="V207180" label="NEUTRAL1"/>
>    <PHRASE id="V207174" indicator="BARE" type="EXCHANGE" text="STANDING-IN" start="99" end="111" WNSENSE="stand_in%2:40:00"/>
>    <PHRASE id="V207180" indicator="BARE" type="OBJECT-DEPENDENT-LOCATION" text="FRONT" start="111" end="133"/>
>    <RELATION id="20" head="V207180" res="V207288" label="FIGURE"/>
>    <PHRASE id="V207288" indicator="A" type="STRUCTURE-INTERNAL-COMPONENT" text="WALL" start="117" end="133"/>
>    <RELATION id="21" head="V207288" res="V207282" label="ASSOC-WITH"/>
>    <PHRASE id="V207282" indicator="KIND" type="MATERIAL" text="BRICK" start="117" end="133"/>
>   </SENTENCE>
>  </SCENE>
> </SpRL>
