2,351c2,41
< <?xml-stylesheet type="text/xsl" href="../style/parser-interface.xsl"?>
< <!DOCTYPE trips-parser-output SYSTEM "../trips-parser-output.dtd">
< <trips-parser-output parser-build-date="2017-09-20T12:11:02-0500" system="STEP" extsformat="svg" tagsformat="hidden" treecontents="phrase" treeformat="LinGO" lfformat="svg" semantic-skeleton-scoring="T" rule-sets="" input="a dark-skinned , dark-haired girl is sitting at a desk and wearing a white pullover with an emblem .
< ">
< <debug>
< 
<  FOUNDS SEQUENCE from constit (% W::NP (W::BARE-SEQUENCE -) (W::CONSTRAINT -)
<                                  (W::MASS W::BARE) (W::GENERATED +)
<                                  (W::POSTADVBL +)
<                                  (W::SEM ?8607:(?87005:(F::PHYS-OBJ
<                                                         F::ABSTR-OBJ) NIL))
<                                  (W::LF (% W::DESCRIPTION (W::STATUS ONT::DEFINITE)
<                                            (W::VAR V116338)
<                                            (W::SORT W::INDIVIDUAL)
<                                            (W::LEX (W::A))
<                                            (W::CLASS ONT::SEQUENCE)
<                                            (W::CONSTRAINT (% &amp; (W::NAME-OF (W::A))
<                                                              (W::VAL (W::A))))
<                                            (W::LEX W::A) (W::SEM ?87003)
<                                            (W::TRANSFORM ?87004)))
<                                  (W::CASE ?87002:(W::SUB W::OBJ -))
<                                  (W::AGR ?87001) (W::CLASS ONT::ANY-SEM)
<                                  (W::VAR V116338) (W::SORT W::PRED) (W::NAME -)
<                                  (W::PRO -) (W::CHANGEAGR -) (W::LEX W::A)
<                                  (W::HEADCAT W::VALUE) (W::TRANSFORM -)
<                                  (W::REFL -) (1 RNUMBER116516))
< 
<  FOUNDS SEQUENCE from constit (% W::NP (W::BARE-SEQUENCE -) (W::CONSTRAINT -)
<                                  (W::MASS W::BARE) (W::GENERATED +)
<                                  (W::POSTADVBL +)
<                                  (W::SEM ?8607:(?87300:(F::PHYS-OBJ
<                                                         F::ABSTR-OBJ) NIL))
<                                  (W::LF (% W::DESCRIPTION (W::STATUS ONT::DEFINITE)
<                                            (W::VAR V116341)
<                                            (W::SORT W::INDIVIDUAL)
<                                            (W::LEX (W::A))
<                                            (W::CLASS ONT::SEQUENCE)
<                                            (W::CONSTRAINT (% &amp; (W::NAME-OF (W::A))
<                                                              (W::VAL (W::A))))
<                                            (W::LEX W::A) (W::SEM ?87298)
<                                            (W::TRANSFORM ?87299)))
<                                  (W::CASE ?87297:(W::SUB W::OBJ -))
<                                  (W::AGR ?87296) (W::CLASS ONT::ANY-SEM)
<                                  (W::VAR V116341) (W::SORT W::PRED) (W::NAME -)
<                                  (W::PRO -) (W::CHANGEAGR -) (W::LEX W::A)
<                                  (W::HEADCAT W::VALUE) (W::TRANSFORM -)
<                                  (W::REFL -) (1 RNUMBER116518))
< 
<  FOUNDS SEQUENCE from constit (% W::NP (W::BARE-SEQUENCE -) (W::CONSTRAINT -)
<                                  (W::MASS W::BARE) (W::GENERATED +)
<                                  (W::POSTADVBL +)
<                                  (W::SEM ?8607:(?87609:(F::PHYS-OBJ
<                                                         F::ABSTR-OBJ) NIL))
<                                  (W::LF (% W::DESCRIPTION (W::STATUS ONT::DEFINITE)
<                                            (W::VAR V116344)
<                                            (W::SORT W::INDIVIDUAL)
<                                            (W::LEX (W::A))
<                                            (W::CLASS ONT::SEQUENCE)
<                                            (W::CONSTRAINT (% &amp; (W::NAME-OF (W::A))
<                                                              (W::VAL (W::A))))
<                                            (W::LEX W::A) (W::SEM ?87607)
<                                            (W::TRANSFORM ?87608)))
<                                  (W::CASE ?87606:(W::SUB W::OBJ -))
<                                  (W::AGR ?87605) (W::CLASS ONT::ANY-SEM)
<                                  (W::VAR V116344) (W::SORT W::PRED) (W::NAME -)
<                                  (W::PRO -) (W::CHANGEAGR -) (W::LEX W::A)
<                                  (W::HEADCAT W::VALUE) (W::TRANSFORM -)
<                                  (W::REFL -) (1 RNUMBER116520))
< *last-utt-id*=NIL  utt-id+11
< *last-utt-id*=11  utt-id+11
< *last-utt-id*=11  utt-id+NIL</debug><compound-communication-act>
< <utt><words><lisp>(W::A W::DARK W::PUNC-MINUS W::SKINNED W::DARK W::PUNC-MINUS W::HAIRED W::GIRL
<  W::IS W::SITTING W::AT W::A W::DESK)</lisp><word>A</word><word>DARK</word><word>PUNC-MINUS</word><word>SKINNED</word><word>DARK</word><word>PUNC-MINUS</word><word>HAIRED</word><word>GIRL</word><word>IS</word><word>SITTING</word><word>AT</word><word>A</word><word>DESK</word></words><tags><lisp>((WORD &quot;a&quot; :FRAME (0 1) :SENSE-INFO
<   ((:PENN-PARTS-OF-SPEECH (DT) :TRIPS-PARTS-OF-SPEECH (W::ART W::QUAN W::PRO)))
<   :UTTNUM 11 :CHANNEL DESKTOP :DIRECTION INPUT)
<  (WORD &quot;dark&quot; :FRAME (2 5) :SENSE-INFO
<   ((:PENN-PARTS-OF-SPEECH (NN) :TRIPS-PARTS-OF-SPEECH (W::N))) :UTTNUM 11
<   :CHANNEL DESKTOP :DIRECTION INPUT)
<  (WORD &quot;-&quot; :FRAME (6 6) :SENSE-INFO
<   ((:PENN-PARTS-OF-SPEECH (COLON) :TRIPS-PARTS-OF-SPEECH (W::PUNC))) :UTTNUM 11
<   :CHANNEL DESKTOP :DIRECTION INPUT)
<  (WORD &quot;skinned&quot; :FRAME (7 14) :SENSE-INFO
<   ((:PENN-PARTS-OF-SPEECH (VBD) :TRIPS-PARTS-OF-SPEECH (W::V))) :UTTNUM 11
<   :CHANNEL DESKTOP :DIRECTION INPUT)
<  (WORD &quot;dark-skinned&quot; :FRAME (2 14) :SENSE-INFO
<   ((:PENN-PARTS-OF-SPEECH (JJ) :TRIPS-PARTS-OF-SPEECH (W::ADJ) :WN-SENSE-KEYS
<     (&quot;dark-skinned%5:00:00&quot;)))
<   :UTTNUM 11 :CHANNEL DESKTOP :DIRECTION INPUT)
<  (WORD &quot;,&quot; :FRAME (15 16) :SENSE-INFO
<   ((:PENN-PARTS-OF-SPEECH (COMMA) :TRIPS-PARTS-OF-SPEECH (W::PUNC))) :UTTNUM 11
<   :CHANNEL DESKTOP :DIRECTION INPUT)
<  (WORD &quot;dark&quot; :FRAME (17 20) :SENSE-INFO
<   ((:PENN-PARTS-OF-SPEECH (JJ) :TRIPS-PARTS-OF-SPEECH (W::ADJ))) :UTTNUM 11
<   :CHANNEL DESKTOP :DIRECTION INPUT)
<  (WORD &quot;-&quot; :FRAME (21 21) :SENSE-INFO
<   ((:PENN-PARTS-OF-SPEECH (COLON) :TRIPS-PARTS-OF-SPEECH (W::PUNC))) :UTTNUM 11
<   :CHANNEL DESKTOP :DIRECTION INPUT)
<  (WORD &quot;haired&quot; :FRAME (22 28) :SENSE-INFO
<   ((:PENN-PARTS-OF-SPEECH (VBN) :TRIPS-PARTS-OF-SPEECH (W::V))) :UTTNUM 11
<   :CHANNEL DESKTOP :DIRECTION INPUT)
<  (WORD &quot;dark-haired&quot; :FRAME (17 28) :SENSE-INFO
<   ((:PENN-PARTS-OF-SPEECH (JJ) :TRIPS-PARTS-OF-SPEECH (W::ADJ) :WN-SENSE-KEYS
<     (&quot;dark-haired%5:00:00&quot;)))
<   :UTTNUM 11 :CHANNEL DESKTOP :DIRECTION INPUT)
<  (WORD &quot;girl&quot; :FRAME (29 33) :SENSE-INFO
<   ((:PENN-PARTS-OF-SPEECH (NN) :TRIPS-PARTS-OF-SPEECH (W::N))) :UTTNUM 11
<   :CHANNEL DESKTOP :DIRECTION INPUT)
<  (PREFER &quot;a dark-skinned , dark-haired girl&quot; :FRAME (0 33) :PENN-CATS (NP)
<   :TRIPS-CATS (W::NP) :SCORE 43.42 :UTTNUM 11 :CHANNEL DESKTOP :DIRECTION
<   INPUT)
<  (WORD &quot;is&quot; :FRAME (34 36) :SENSE-INFO
<   ((:PENN-PARTS-OF-SPEECH (VBZ) :TRIPS-PARTS-OF-SPEECH (W::V))) :UTTNUM 11
<   :CHANNEL DESKTOP :DIRECTION INPUT)
<  (WORD &quot;sitting&quot; :FRAME (37 44) :SENSE-INFO
<   ((:PENN-PARTS-OF-SPEECH (VBG) :TRIPS-PARTS-OF-SPEECH (W::V))) :UTTNUM 11
<   :CHANNEL DESKTOP :DIRECTION INPUT)
<  (WORD &quot;at&quot; :FRAME (45 47) :SENSE-INFO
<   ((:PENN-PARTS-OF-SPEECH (IN) :TRIPS-PARTS-OF-SPEECH (W::PREP W::ADV)))
<   :UTTNUM 11 :CHANNEL DESKTOP :DIRECTION INPUT)
<  (WORD &quot;a&quot; :FRAME (48 49) :SENSE-INFO
<   ((:PENN-PARTS-OF-SPEECH (DT) :TRIPS-PARTS-OF-SPEECH (W::ART W::QUAN W::PRO)))
<   :UTTNUM 11 :CHANNEL DESKTOP :DIRECTION INPUT)
<  (WORD &quot;desk&quot; :FRAME (50 54) :SENSE-INFO
<   ((:PENN-PARTS-OF-SPEECH (NN) :TRIPS-PARTS-OF-SPEECH (W::N))) :UTTNUM 11
<   :CHANNEL DESKTOP :DIRECTION INPUT)
<  (PREFER &quot;a desk&quot; :FRAME (48 54) :PENN-CATS (NP) :TRIPS-CATS (W::NP) :SCORE
<   12.558 :UTTNUM 11 :CHANNEL DESKTOP :DIRECTION INPUT)
<  (PREFER &quot;at a desk&quot; :FRAME (45 54) :PENN-CATS (PP) :TRIPS-CATS (W::PP) :SCORE
<   15.886 :UTTNUM 11 :CHANNEL DESKTOP :DIRECTION INPUT)
<  (PREFER &quot;sitting at a desk&quot; :FRAME (37 54) :PENN-CATS (VP) :TRIPS-CATS (W::VP)
<   :SCORE 24.583 :UTTNUM 11 :CHANNEL DESKTOP :DIRECTION INPUT))</lisp><word lex="a" start="0" end="1"><sense-info penn-parts-of-speech="DT" trips-parts-of-speech="ART,QUAN,PRO" /></word><word lex="dark" start="2" end="5"><sense-info penn-parts-of-speech="NN" trips-parts-of-speech="N" /></word><word lex="-" start="6" end="6"><sense-info penn-parts-of-speech="COLON" trips-parts-of-speech="PUNC" /></word><word lex="skinned" start="7" end="14"><sense-info penn-parts-of-speech="VBD" trips-parts-of-speech="V" /></word><word lex="dark-skinned" start="2" end="14"><sense-info penn-parts-of-speech="JJ" trips-parts-of-speech="ADJ" wn-sense-keys="dark-skinned%5:00:00" /></word><word lex="," start="15" end="16"><sense-info penn-parts-of-speech="COMMA" trips-parts-of-speech="PUNC" /></word><word lex="dark" start="17" end="20"><sense-info penn-parts-of-speech="JJ" trips-parts-of-speech="ADJ" /></word><word lex="-" start="21" end="21"><sense-info penn-parts-of-speech="COLON" trips-parts-of-speech="PUNC" /></word><word lex="haired" start="22" end="28"><sense-info penn-parts-of-speech="VBN" trips-parts-of-speech="V" /></word><word lex="dark-haired" start="17" end="28"><sense-info penn-parts-of-speech="JJ" trips-parts-of-speech="ADJ" wn-sense-keys="dark-haired%5:00:00" /></word><word lex="girl" start="29" end="33"><sense-info penn-parts-of-speech="NN" trips-parts-of-speech="N" /></word><prefer text="a dark-skinned , dark-haired girl" start="0" end="33" penn-cats="NP" score="43.42" /><word lex="is" start="34" end="36"><sense-info penn-parts-of-speech="VBZ" trips-parts-of-speech="V" /></word><word lex="sitting" start="37" end="44"><sense-info penn-parts-of-speech="VBG" trips-parts-of-speech="V" /></word><word lex="at" start="45" end="47"><sense-info penn-parts-of-speech="IN" trips-parts-of-speech="PREP,ADV" /></word><word lex="a" start="48" end="49"><sense-info penn-parts-of-speech="DT" trips-parts-of-speech="ART,QUAN,PRO" /></word><word lex="desk" start="50" end="54"><sense-info penn-parts-of-speech="NN" trips-parts-of-speech="N" /></word><prefer text="a desk" start="48" end="54" penn-cats="NP" score="12.558" /><prefer text="at a desk" start="45" end="54" penn-cats="PP" score="15.886" /><prefer text="sitting at a desk" start="37" end="54" penn-cats="VP" score="24.583" /></tags><tree><lisp>(UTT
<  (S
<   (NP (SPEC (DET (ART A)))
<    (N1 (ADJP (ADJ1 (ADJ DARK PUNC-MINUS SKINNED)))
<     (N1 (ADJP (ADJ1 (ADJ DARK PUNC-MINUS HAIRED))) (N1 (N GIRL)))))
<   (VP
<    (VP- (AUX (V IS))
<     (VP- (VP- (V SITTING))
<      (ADVBL (ADV AT) (NP (SPEC (DET (ART A))) (N1 (N DESK)))))))))</lisp><UTT><S><NP><SPEC><DET><ART>A</ART></DET></SPEC><N1><ADJP><ADJ1><ADJ>DARK PUNC-MINUS SKINNED</ADJ></ADJ1></ADJP><N1><ADJP><ADJ1><ADJ>DARK PUNC-MINUS HAIRED</ADJ></ADJ1></ADJP><N1><N>GIRL</N></N1></N1></N1></NP><VP><VP-><AUX><V>IS</V></AUX><VP-><VP-><V>SITTING</V></VP-><ADVBL><ADV>AT</ADV><NP><SPEC><DET><ART>A</ART></DET></SPEC><N1><N>DESK</N></N1></NP></ADVBL></VP-></VP-></VP></S></UTT></tree><terms root="#V125196"><lisp>((ONT::SPEECHACT ONT::V125196 ONT::SA_TELL :CONTENT ONT::V114073 :START 0 :END
<   55)
<  (ONT::F ONT::V114073 (:* ONT::BODY-MOVEMENT-PLACE W::SIT) :RESULT ONT::V114090
<   :AGENT ONT::V114045 :TENSE W::PRES :PROGR + :START 0 :END 55)
<  (ONT::A ONT::V114045 (:* ONT::FEMALE-CHILD W::GIRL) :MOD ONT::V114018 :MOD
<   ONT::V114042 :START 0 :END 34)
<  (ONT::F ONT::V114018 (:* ONT::MODIFIER W::DARK-PUNC-MINUS-SKINNED) :FIGURE
<   ONT::V114045 :START 2 :END 15 :WNSENSE &quot;dark-skinned%5:00:00&quot;)
<  (ONT::F ONT::V114042 (:* ONT::MODIFIER W::DARK-PUNC-MINUS-HAIRED) :FIGURE
<   ONT::V114045 :START 17 :END 29 :WNSENSE &quot;dark-haired%5:00:00&quot;)
<  (ONT::F ONT::V114090 (:* ONT::AT-LOC W::AT) :GROUND ONT::V114143 :FIGURE
<   ONT::V114045 :START 45 :END 55)
<  (ONT::A ONT::V114143 (:* ONT::FURNISHINGS W::DESK) :START 48 :END 55))</lisp><rdf:RDF
<   xmlns:rdf="http://www.w3.org/1999/02/22-rdf-syntax-ns#"
<   xmlns:role="http://www.cs.rochester.edu/research/trips/role#"
<   xmlns:LF="http://www.cs.rochester.edu/research/trips/LF#">
<   <rdf:Description rdf:ID="V125196">
<     <LF:indicator>SPEECHACT</LF:indicator>
<     <LF:type>SA_TELL</LF:type>
<     <role:CONTENT rdf:resource="#V114073" />
<     <LF:start>0</LF:start>
<     <LF:end>55</LF:end>
<   </rdf:Description>
<   <rdf:Description rdf:ID="V114073">
<     <LF:indicator>F</LF:indicator>
<     <LF:type>BODY-MOVEMENT-PLACE</LF:type>
<     <LF:word>SIT</LF:word>
<     <role:RESULT rdf:resource="#V114090" />
<     <role:AGENT rdf:resource="#V114045" />
<     <role:TENSE>PRES</role:TENSE>
<     <role:PROGR>+</role:PROGR>
<     <LF:start>0</LF:start>
<     <LF:end>55</LF:end>
<   </rdf:Description>
<   <rdf:Description rdf:ID="V114045">
<     <LF:indicator>A</LF:indicator>
<     <LF:type>FEMALE-CHILD</LF:type>
<     <LF:word>GIRL</LF:word>
<     <role:MOD rdf:resource="#V114018" />
<     <role:MOD rdf:resource="#V114042" />
<     <LF:start>0</LF:start>
<     <LF:end>34</LF:end>
<   </rdf:Description>
<   <rdf:Description rdf:ID="V114018">
<     <LF:indicator>F</LF:indicator>
<     <LF:type>MODIFIER</LF:type>
<     <LF:word>DARK-PUNC-MINUS-SKINNED</LF:word>
<     <role:FIGURE rdf:resource="#V114045" />
<     <LF:start>2</LF:start>
<     <LF:end>15</LF:end>
<     <role:WNSENSE>dark-skinned%5:00:00</role:WNSENSE>
<   </rdf:Description>
<   <rdf:Description rdf:ID="V114042">
<     <LF:indicator>F</LF:indicator>
<     <LF:type>MODIFIER</LF:type>
<     <LF:word>DARK-PUNC-MINUS-HAIRED</LF:word>
<     <role:FIGURE rdf:resource="#V114045" />
<     <LF:start>17</LF:start>
<     <LF:end>29</LF:end>
<     <role:WNSENSE>dark-haired%5:00:00</role:WNSENSE>
<   </rdf:Description>
<   <rdf:Description rdf:ID="V114090">
<     <LF:indicator>F</LF:indicator>
<     <LF:type>AT-LOC</LF:type>
<     <LF:word>AT</LF:word>
<     <role:GROUND rdf:resource="#V114143" />
<     <role:FIGURE rdf:resource="#V114045" />
<     <LF:start>45</LF:start>
<     <LF:end>55</LF:end>
<   </rdf:Description>
<   <rdf:Description rdf:ID="V114143">
<     <LF:indicator>A</LF:indicator>
<     <LF:type>FURNISHINGS</LF:type>
<     <LF:word>DESK</LF:word>
<     <LF:start>48</LF:start>
<     <LF:end>55</LF:end>
<   </rdf:Description>
< </rdf:RDF>
< </terms></utt><utt><words><lisp>(W::AND W::WEARING W::A W::WHITE W::PULLOVER W::WITH W::AN W::EMBLEM
<  W::PUNC-PERIOD)</lisp><word>AND</word><word>WEARING</word><word>A</word><word>WHITE</word><word>PULLOVER</word><word>WITH</word><word>AN</word><word>EMBLEM</word><word>PUNC-PERIOD</word></words><tags><lisp>((WORD &quot;and&quot; :FRAME (55 58) :SENSE-INFO
<   ((:PENN-PARTS-OF-SPEECH (CC) :TRIPS-PARTS-OF-SPEECH (W::CONJ))) :UTTNUM 11
<   :CHANNEL DESKTOP :DIRECTION INPUT)
<  (WORD &quot;wearing&quot; :FRAME (59 66) :SENSE-INFO
<   ((:PENN-PARTS-OF-SPEECH (VBG) :TRIPS-PARTS-OF-SPEECH (W::V))) :UTTNUM 11
<   :CHANNEL DESKTOP :DIRECTION INPUT)
<  (WORD &quot;a&quot; :FRAME (67 68) :SENSE-INFO
<   ((:PENN-PARTS-OF-SPEECH (DT) :TRIPS-PARTS-OF-SPEECH (W::ART W::QUAN W::PRO)))
<   :UTTNUM 11 :CHANNEL DESKTOP :DIRECTION INPUT)
<  (WORD &quot;white&quot; :FRAME (69 74) :SENSE-INFO
<   ((:PENN-PARTS-OF-SPEECH (JJ) :TRIPS-PARTS-OF-SPEECH (W::ADJ))) :UTTNUM 11
<   :CHANNEL DESKTOP :DIRECTION INPUT)
<  (WORD &quot;pullover&quot; :FRAME (75 83) :SENSE-INFO
<   ((:PENN-PARTS-OF-SPEECH (NN) :TRIPS-PARTS-OF-SPEECH (W::N))) :UTTNUM 11
<   :CHANNEL DESKTOP :DIRECTION INPUT)
<  (PREFER &quot;a white pullover&quot; :FRAME (67 83) :PENN-CATS (NP) :TRIPS-CATS (W::NP)
<   :SCORE 23.103 :UTTNUM 11 :CHANNEL DESKTOP :DIRECTION INPUT)
<  (WORD &quot;with&quot; :FRAME (84 88) :SENSE-INFO
<   ((:PENN-PARTS-OF-SPEECH (IN) :TRIPS-PARTS-OF-SPEECH (W::PREP W::ADV)))
<   :UTTNUM 11 :CHANNEL DESKTOP :DIRECTION INPUT)
<  (WORD &quot;an&quot; :FRAME (89 91) :SENSE-INFO
<   ((:PENN-PARTS-OF-SPEECH (DT) :TRIPS-PARTS-OF-SPEECH (W::ART W::QUAN W::PRO)))
<   :UTTNUM 11 :CHANNEL DESKTOP :DIRECTION INPUT)
<  (WORD &quot;emblem&quot; :FRAME (92 98) :SENSE-INFO
<   ((:PENN-PARTS-OF-SPEECH (NN) :TRIPS-PARTS-OF-SPEECH (W::N))) :UTTNUM 11
<   :CHANNEL DESKTOP :DIRECTION INPUT)
<  (PREFER &quot;an emblem&quot; :FRAME (89 98) :PENN-CATS (NP) :TRIPS-CATS (W::NP) :SCORE
<   17.413 :UTTNUM 11 :CHANNEL DESKTOP :DIRECTION INPUT)
<  (PREFER &quot;with an emblem&quot; :FRAME (84 98) :PENN-CATS (PP) :TRIPS-CATS (W::PP)
<   :SCORE 20.68 :UTTNUM 11 :CHANNEL DESKTOP :DIRECTION INPUT)
<  (PREFER &quot;wearing a white pullover with an emblem&quot; :FRAME (59 98) :PENN-CATS
<   (VP) :TRIPS-CATS (W::VP) :SCORE 53.491 :UTTNUM 11 :CHANNEL DESKTOP :DIRECTION
<   INPUT)
<  (PREFER &quot;sitting at a desk and wearing a white pullover with an emblem&quot; :FRAME
<   (37 98) :PENN-CATS (VP) :TRIPS-CATS (W::VP) :SCORE 82.754 :UTTNUM 11 :CHANNEL
<   DESKTOP :DIRECTION INPUT)
<  (PREFER &quot;is sitting at a desk and wearing a white pullover with an emblem&quot;
<   :FRAME (34 98) :PENN-CATS (VP) :TRIPS-CATS (W::VP) :SCORE 87.014 :UTTNUM 11
<   :CHANNEL DESKTOP :DIRECTION INPUT)
<  (WORD &quot;.&quot; :FRAME (99 99) :SENSE-INFO
<   ((:PENN-PARTS-OF-SPEECH (FULL_STOP) :TRIPS-PARTS-OF-SPEECH (W::PUNC)))
<   :UTTNUM 11 :CHANNEL DESKTOP :DIRECTION INPUT)
<  (PREFER
<   &quot;a dark-skinned , dark-haired girl is sitting at a desk and wearing a white pullover with an emblem .&quot;
<   :FRAME (0 99) :PENN-CATS (S) :SCORE 131.576 :UTTNUM 11 :CHANNEL DESKTOP
<   :DIRECTION INPUT))</lisp><word lex="and" start="55" end="58"><sense-info penn-parts-of-speech="CC" trips-parts-of-speech="CONJ" /></word><word lex="wearing" start="59" end="66"><sense-info penn-parts-of-speech="VBG" trips-parts-of-speech="V" /></word><word lex="a" start="67" end="68"><sense-info penn-parts-of-speech="DT" trips-parts-of-speech="ART,QUAN,PRO" /></word><word lex="white" start="69" end="74"><sense-info penn-parts-of-speech="JJ" trips-parts-of-speech="ADJ" /></word><word lex="pullover" start="75" end="83"><sense-info penn-parts-of-speech="NN" trips-parts-of-speech="N" /></word><prefer text="a white pullover" start="67" end="83" penn-cats="NP" score="23.103" /><word lex="with" start="84" end="88"><sense-info penn-parts-of-speech="IN" trips-parts-of-speech="PREP,ADV" /></word><word lex="an" start="89" end="91"><sense-info penn-parts-of-speech="DT" trips-parts-of-speech="ART,QUAN,PRO" /></word><word lex="emblem" start="92" end="98"><sense-info penn-parts-of-speech="NN" trips-parts-of-speech="N" /></word><prefer text="an emblem" start="89" end="98" penn-cats="NP" score="17.413" /><prefer text="with an emblem" start="84" end="98" penn-cats="PP" score="20.68" /><prefer text="wearing a white pullover with an emblem" start="59" end="98" penn-cats="VP" score="53.491" /><prefer text="sitting at a desk and wearing a white pullover with an emblem" start="37" end="98" penn-cats="VP" score="82.754" /><prefer text="is sitting at a desk and wearing a white pullover with an emblem" start="34" end="98" penn-cats="VP" score="87.014" /><word lex="." start="99" end="99"><sense-info penn-parts-of-speech="FULL_STOP" trips-parts-of-speech="PUNC" /></word><prefer text="a dark-skinned , dark-haired girl is sitting at a desk and wearing a white pullover with an emblem ." start="0" end="99" penn-cats="S" score="131.576" /></tags><tree><lisp>(UTT
<  (UTT (ADVBL (ADV AND))
<   (UTT
<    (NP
<     (VP
<      (VP- (V WEARING)
<       (NP (SPEC (DET (ART A)))
<        (N1 (N1 (ADJP (ADJ1 (ADJ WHITE))) (N1 (N PULLOVER)))
<         (ADVBL (ADV WITH) (NP (SPEC (DET (ART AN))) (N1 (N EMBLEM)))))))))))
<  (PUNC PUNC-PERIOD))</lisp><UTT><UTT><ADVBL><ADV>AND</ADV></ADVBL><UTT><NP><VP><VP-><V>WEARING</V><NP><SPEC><DET><ART>A</ART></DET></SPEC><N1><N1><ADJP><ADJ1><ADJ>WHITE</ADJ></ADJ1></ADJP><N1><N>PULLOVER</N></N1></N1><ADVBL><ADV>WITH</ADV><NP><SPEC><DET><ART>AN</ART></DET></SPEC><N1><N>EMBLEM</N></N1></NP></ADVBL></N1></NP></VP-></VP></NP></UTT></UTT><PUNC>PUNC-PERIOD</PUNC></UTT></tree><terms root="#V114500"><lisp>((ONT::SPEECHACT ONT::V114500 ONT::SA_IDENTIFY :PUNCTYPE W::DECL :CONTENT
<   ONT::V114159 :MOD ONT::V114148 :START 55 :END 99)
<  (ONT::F ONT::V114148 (:* ONT::CONJUNCT W::AND) :FIGURE ONT::V114500 :START 55
<   :END 59)
<  (ONT::BARE ONT::V114159 (:* ONT::WEAR W::WEAR) :NEUTRAL ONT::V114214 :START 59
<   :END 99)
<  (ONT::A ONT::V114214 (:* ONT::ATTIRE W::PULLOVER) :MOD ONT::V114218 :MOD
<   ONT::V114206 :START 67 :END 99)
<  (ONT::F ONT::V114206 (:* ONT::WHITE W::WHITE) :FIGURE ONT::V114214 :SCALE
<   ONT::WHITE*1--07--00 :START 69 :END 75)
<  (ONT::F ONT::V114218 (:* ONT::ASSOC-WITH W::WITH) :GROUND ONT::V114234 :FIGURE
<   ONT::V114214 :START 84 :END 99)
<  (ONT::A ONT::V114234 (:* ONT::MANUFACTURED-OBJECT W::EMBLEM) :START 89 :END
<   99))</lisp><rdf:RDF
<   xmlns:rdf="http://www.w3.org/1999/02/22-rdf-syntax-ns#"
<   xmlns:role="http://www.cs.rochester.edu/research/trips/role#"
<   xmlns:LF="http://www.cs.rochester.edu/research/trips/LF#">
<   <rdf:Description rdf:ID="V114500">
<     <LF:indicator>SPEECHACT</LF:indicator>
<     <LF:type>SA_IDENTIFY</LF:type>
<     <role:PUNCTYPE>DECL</role:PUNCTYPE>
<     <role:CONTENT rdf:resource="#V114159" />
<     <role:MOD rdf:resource="#V114148" />
<     <LF:start>55</LF:start>
<     <LF:end>99</LF:end>
<   </rdf:Description>
<   <rdf:Description rdf:ID="V114148">
<     <LF:indicator>F</LF:indicator>
<     <LF:type>CONJUNCT</LF:type>
<     <LF:word>AND</LF:word>
<     <role:FIGURE rdf:resource="#V114500" />
<     <LF:start>55</LF:start>
<     <LF:end>59</LF:end>
<   </rdf:Description>
<   <rdf:Description rdf:ID="V114159">
<     <LF:indicator>BARE</LF:indicator>
<     <LF:type>WEAR</LF:type>
<     <LF:word>WEAR</LF:word>
<     <role:NEUTRAL rdf:resource="#V114214" />
<     <LF:start>59</LF:start>
<     <LF:end>99</LF:end>
<   </rdf:Description>
<   <rdf:Description rdf:ID="V114214">
<     <LF:indicator>A</LF:indicator>
<     <LF:type>ATTIRE</LF:type>
<     <LF:word>PULLOVER</LF:word>
<     <role:MOD rdf:resource="#V114218" />
<     <role:MOD rdf:resource="#V114206" />
<     <LF:start>67</LF:start>
<     <LF:end>99</LF:end>
<   </rdf:Description>
<   <rdf:Description rdf:ID="V114206">
<     <LF:indicator>F</LF:indicator>
<     <LF:type>WHITE</LF:type>
<     <LF:word>WHITE</LF:word>
<     <role:FIGURE rdf:resource="#V114214" />
<     <role:SCALE>WHITE*1--07--00</role:SCALE>
<     <LF:start>69</LF:start>
<     <LF:end>75</LF:end>
<   </rdf:Description>
<   <rdf:Description rdf:ID="V114218">
<     <LF:indicator>F</LF:indicator>
<     <LF:type>ASSOC-WITH</LF:type>
<     <LF:word>WITH</LF:word>
<     <role:GROUND rdf:resource="#V114234" />
<     <role:FIGURE rdf:resource="#V114214" />
<     <LF:start>84</LF:start>
<     <LF:end>99</LF:end>
<   </rdf:Description>
<   <rdf:Description rdf:ID="V114234">
<     <LF:indicator>A</LF:indicator>
<     <LF:type>MANUFACTURED-OBJECT</LF:type>
<     <LF:word>EMBLEM</LF:word>
<     <LF:start>89</LF:start>
<     <LF:end>99</LF:end>
<   </rdf:Description>
< </rdf:RDF>
< </terms></utt></compound-communication-act>
< </trips-parser-output>
\ No newline at end of file
---
> <SpRL>
>  <SCENE>
>   <SENTENCE id="s1" indicator="SPEECHACT" type="SA_TELL" start="0" end="55">
>    <TEXT>a dark-skinned , dark-haired girl is sitting at a desk a</TEXT>
>    <RELATION id="1" head="V125196" res="V114073" label="CONTENT"/>
>    <PHRASE id="V114073" indicator="F" type="BODY-MOVEMENT-PLACE" text="SIT" TENSE="PRES" PROGR="+" start="0" end="55"/>
>    <RELATION id="2" head="V114073" res="V114090" label="RESULT"/>
>    <RELATION id="3" head="V114073" res="V114045" label="AGENT"/>
>    <PHRASE id="V114045" indicator="A" type="FEMALE-CHILD" text="GIRL" start="0" end="34"/>
>    <RELATION id="4" head="V114045" res="V114018" label="MOD"/>
>    <RELATION id="5" head="V114045" res="V114042" label="MOD"/>
>    <PHRASE id="V114018" indicator="F" type="MODIFIER" text="DARK-PUNC-MINUS-SKINNED" start="2" end="15" WNSENSE="dark-skinned%5:00:00"/>
>    <RELATION id="6" head="V114018" res="V114045" label="FIGURE"/>
>    <PHRASE id="V114042" indicator="F" type="MODIFIER" text="DARK-PUNC-MINUS-HAIRED" start="17" end="29" WNSENSE="dark-haired%5:00:00"/>
>    <RELATION id="7" head="V114042" res="V114045" label="FIGURE"/>
>    <PHRASE id="V114090" indicator="F" type="AT-LOC" text="AT" start="45" end="55"/>
>    <RELATION id="8" head="V114090" res="V114143" label="GROUND"/>
>    <RELATION id="9" head="V114090" res="V114045" label="FIGURE"/>
>    <PHRASE id="V114143" indicator="A" type="FURNISHINGS" text="DESK" start="48" end="55"/>
>   </SENTENCE>
>   <SENTENCE id="s2" indicator="SPEECHACT" type="SA_IDENTIFY" PUNCTYPE="DECL" start="55" end="99">
>    <TEXT>and wearing a white pullover with an emblem .</TEXT>
>    <RELATION id="10" head="V114500" res="V114159" label="CONTENT"/>
>    <RELATION id="11" head="V114500" res="V114148" label="MOD"/>
>    <PHRASE id="V114148" indicator="F" type="CONJUNCT" text="AND" start="55" end="59"/>
>    <RELATION id="12" head="V114148" res="V114500" label="FIGURE"/>
>    <PHRASE id="V114159" indicator="BARE" type="WEAR" text="WEAR" start="59" end="99"/>
>    <RELATION id="13" head="V114159" res="V114214" label="NEUTRAL"/>
>    <PHRASE id="V114214" indicator="A" type="ATTIRE" text="PULLOVER" start="67" end="99"/>
>    <RELATION id="14" head="V114214" res="V114218" label="MOD"/>
>    <RELATION id="15" head="V114214" res="V114206" label="MOD"/>
>    <PHRASE id="V114206" indicator="F" type="WHITE" text="WHITE" SCALE="WHITE*1--07--00" start="69" end="75"/>
>    <RELATION id="16" head="V114206" res="V114214" label="FIGURE"/>
>    <PHRASE id="V114218" indicator="F" type="ASSOC-WITH" text="WITH" start="84" end="99"/>
>    <RELATION id="17" head="V114218" res="V114234" label="GROUND"/>
>    <RELATION id="18" head="V114218" res="V114214" label="FIGURE"/>
>    <PHRASE id="V114234" indicator="A" type="MANUFACTURED-OBJECT" text="EMBLEM" start="89" end="99"/>
>   </SENTENCE>
>  </SCENE>
> </SpRL>
