<LOG DATE="23/10/2017" TIME="14:01:01" FILE="/Users/parisakordjamshidi/step/TRIPS/Systems/STEP/batch8/LEXICONMANAGER.log">

<SEND T="14:01:01">
  (REGISTER :NAME LEXICONMANAGER :GROUP SYSTEM)
</SEND>

<SEND T="14:01:01">
  (SUBSCRIBE :CONTENT (REQUEST &KEY :CONTENT (GET-LF . *)))
</SEND>

<SEND T="14:01:01">
  (SUBSCRIBE :CONTENT (REQUEST &KEY :CONTENT (ADD-NAMES . *)))
</SEND>

<SEND T="14:01:01">
  (SUBSCRIBE :CONTENT (REQUEST &KEY :CONTENT (ADD-LEX-ENTRY . *)))
</SEND>

<SEND T="14:01:01">
  (SUBSCRIBE :CONTENT (REQUEST &KEY :CONTENT (GET-ALIASES . *)))
</SEND>

<SEND T="14:01:01">
  (TELL :CONTENT (MODULE-STATUS READY))
</SEND>

<RECEIVE T="14:01:32">
  (REQUEST :RECEIVER LEXICONMANAGER :CONTENT (IS-DEFINED-WORD W::UNDER)
   :REPLY-WITH TEXTTAGGER1 :SENDER TEXTTAGGER)
</RECEIVE>

<SEND T="14:01:32">
  (TELL :RECEIVER TEXTTAGGER :IN-REPLY-TO TEXTTAGGER1 :CONTENT T)
</SEND>

<RECEIVE T="14:01:32">
  (REQUEST :RECEIVER LEXICONMANAGER :CONTENT (IS-DEFINED-WORD W::PANTS)
   :REPLY-WITH TEXTTAGGER2 :SENDER TEXTTAGGER)
</RECEIVE>

<SEND T="14:01:32">
  (TELL :RECEIVER TEXTTAGGER :IN-REPLY-TO TEXTTAGGER2 :CONTENT T)
</SEND>

<RECEIVE T="14:02:57">
  (REQUEST :RECEIVER LEXICONMANAGER :CONTENT (IS-DEFINED-WORD W::DISTANCE)
   :REPLY-WITH TEXTTAGGER3 :SENDER TEXTTAGGER)
</RECEIVE>

<SEND T="14:02:57">
  (TELL :RECEIVER TEXTTAGGER :IN-REPLY-TO TEXTTAGGER3 :CONTENT T)
</SEND>

<RECEIVE T="14:03:15">
  (REQUEST :RECEIVER LEXICONMANAGER :CONTENT (IS-DEFINED-WORD W::OUTSIDE)
   :REPLY-WITH TEXTTAGGER4 :SENDER TEXTTAGGER)
</RECEIVE>

<SEND T="14:03:15">
  (TELL :RECEIVER TEXTTAGGER :IN-REPLY-TO TEXTTAGGER4 :CONTENT T)
</SEND>

<RECEIVE T="14:03:55">
  (REQUEST :RECEIVER LEXICONMANAGER :CONTENT (IS-DEFINED-WORD W::COLOURFUL)
   :REPLY-WITH TEXTTAGGER5 :SENDER TEXTTAGGER)
</RECEIVE>

<SEND T="14:03:55">
  (TELL :RECEIVER TEXTTAGGER :IN-REPLY-TO TEXTTAGGER5 :CONTENT T)
</SEND>

<RECEIVE T="14:06:04">
  (REQUEST :RECEIVER LEXICONMANAGER :CONTENT (IS-DEFINED-WORD W::COMMODE)
   :REPLY-WITH TEXTTAGGER6 :SENDER TEXTTAGGER)
</RECEIVE>

<SEND T="14:06:04">
  (TELL :RECEIVER TEXTTAGGER :IN-REPLY-TO TEXTTAGGER6 :CONTENT T)
</SEND>

<RECEIVE T="14:06:29">
  (REQUEST :RECEIVER LEXICONMANAGER :CONTENT (IS-DEFINED-WORD W::INTERIOR)
   :REPLY-WITH TEXTTAGGER7 :SENDER TEXTTAGGER)
</RECEIVE>

<SEND T="14:06:29">
  (TELL :RECEIVER TEXTTAGGER :IN-REPLY-TO TEXTTAGGER7 :CONTENT T)
</SEND>

<RECEIVE T="14:07:03">
  (REQUEST :RECEIVER LEXICONMANAGER :CONTENT (IS-DEFINED-WORD W::DESK)
   :REPLY-WITH TEXTTAGGER8 :SENDER TEXTTAGGER)
</RECEIVE>

<SEND T="14:07:03">
  (TELL :RECEIVER TEXTTAGGER :IN-REPLY-TO TEXTTAGGER8 :CONTENT T)
</SEND>

<RECEIVE T="14:08:22">
  (REQUEST :RECEIVER LEXICONMANAGER :CONTENT (IS-DEFINED-WORD W::ARCHES)
   :REPLY-WITH TEXTTAGGER9 :SENDER TEXTTAGGER)
</RECEIVE>

<SEND T="14:08:22">
  (TELL :RECEIVER TEXTTAGGER :IN-REPLY-TO TEXTTAGGER9 :CONTENT T)
</SEND>

<RECEIVE T="14:10:02">
  (REQUEST :RECEIVER LEXICONMANAGER :CONTENT (IS-DEFINED-WORD W::SURROUND)
   :REPLY-WITH TEXTTAGGER10 :SENDER TEXTTAGGER)
</RECEIVE>

<SEND T="14:10:02">
  (TELL :RECEIVER TEXTTAGGER :IN-REPLY-TO TEXTTAGGER10 :CONTENT T)
</SEND>

<RECEIVE T="14:10:02">
  (REQUEST :RECEIVER LEXICONMANAGER :CONTENT (IS-DEFINED-WORD W::COURTYARD)
   :REPLY-WITH TEXTTAGGER11 :SENDER TEXTTAGGER)
</RECEIVE>

<SEND T="14:10:02">
  (TELL :RECEIVER TEXTTAGGER :IN-REPLY-TO TEXTTAGGER11 :CONTENT T)
</SEND>

<RECEIVE T="14:26:19">
  (REQUEST :RECEIVER LEXICONMANAGER :CONTENT (IS-DEFINED-WORD W::PHOTOGRAPH)
   :REPLY-WITH TEXTTAGGER12 :SENDER TEXTTAGGER)
</RECEIVE>

<SEND T="14:26:19">
  (TELL :RECEIVER TEXTTAGGER :IN-REPLY-TO TEXTTAGGER12 :CONTENT T)
</SEND>

<RECEIVE T="15:08:46">
  (REQUEST :RECEIVER LEXICONMANAGER :CONTENT (IS-DEFINED-WORD W::ARCHED)
   :REPLY-WITH TEXTTAGGER13 :SENDER TEXTTAGGER)
</RECEIVE>

<SEND T="15:08:46">
  (TELL :RECEIVER TEXTTAGGER :IN-REPLY-TO TEXTTAGGER13 :CONTENT T)
</SEND>

<RECEIVE T="15:08:46">
  (REQUEST :RECEIVER LEXICONMANAGER :CONTENT (IS-DEFINED-WORD W::REVOLVING)
   :REPLY-WITH TEXTTAGGER14 :SENDER TEXTTAGGER)
</RECEIVE>

<SEND T="15:08:46">
  (TELL :RECEIVER TEXTTAGGER :IN-REPLY-TO TEXTTAGGER14 :CONTENT T)
</SEND>

<RECEIVE T="16:38:40">
  (REQUEST :RECEIVER LEXICONMANAGER :CONTENT (IS-DEFINED-WORD W::COBBLED)
   :REPLY-WITH TEXTTAGGER15 :SENDER TEXTTAGGER)
</RECEIVE>

<SEND T="16:38:40">
  (TELL :RECEIVER TEXTTAGGER :IN-REPLY-TO TEXTTAGGER15 :CONTENT T)
</SEND>

<RECEIVE T="16:38:45">
  (REQUEST :RECEIVER LEXICONMANAGER :CONTENT (IS-DEFINED-WORD W::FOREGROUND)
   :REPLY-WITH TEXTTAGGER16 :SENDER TEXTTAGGER)
</RECEIVE>

<SEND T="16:38:45">
  (TELL :RECEIVER TEXTTAGGER :IN-REPLY-TO TEXTTAGGER16 :CONTENT T)
</SEND>

<RECEIVE T="16:38:46">
  NIL
</RECEIVE>

