2,201c2,29
< <?xml-stylesheet type="text/xsl" href="../style/parser-interface.xsl"?>
< <!DOCTYPE trips-parser-output SYSTEM "../trips-parser-output.dtd">
< <trips-parser-output parser-build-date="2017-09-20T12:11:02-0500" system="STEP" extsformat="svg" tagsformat="hidden" treecontents="phrase" treeformat="LinGO" lfformat="svg" semantic-skeleton-scoring="T" rule-sets="" input="an inner courtyard with a fountain and flower pots in the centre .
< ">
< <debug>
< 
<  FOUNDS SEQUENCE from constit (% W::NP (W::BARE-SEQUENCE -) (W::CONSTRAINT -)
<                                  (W::MASS W::BARE) (W::GENERATED +)
<                                  (W::POSTADVBL +)
<                                  (W::SEM ?8607:(?27535:(F::PHYS-OBJ
<                                                         F::ABSTR-OBJ) NIL))
<                                  (W::LF (% W::DESCRIPTION (W::STATUS ONT::DEFINITE)
<                                            (W::VAR V242691)
<                                            (W::SORT W::INDIVIDUAL)
<                                            (W::LEX (W::A))
<                                            (W::CLASS ONT::SEQUENCE)
<                                            (W::CONSTRAINT (% &amp; (W::NAME-OF (W::A))
<                                                              (W::VAL (W::A))))
<                                            (W::LEX W::A) (W::SEM ?27533)
<                                            (W::TRANSFORM ?27534)))
<                                  (W::CASE ?27532:(W::SUB W::OBJ -))
<                                  (W::AGR ?27531) (W::CLASS ONT::ANY-SEM)
<                                  (W::VAR V242691) (W::SORT W::PRED) (W::NAME -)
<                                  (W::PRO -) (W::CHANGEAGR -) (W::LEX W::A)
<                                  (W::HEADCAT W::VALUE) (W::TRANSFORM -)
<                                  (W::REFL -) (1 RNUMBER242761))
< *last-utt-id*=NIL  utt-id+29
< *last-utt-id*=29  utt-id+NIL</debug><utt><words><lisp>(W::AN W::INNER W::COURTYARD W::WITH W::A W::FOUNTAIN W::AND W::FLOWER W::POTS
<  W::IN W::THE W::CENTRE W::PUNC-PERIOD)</lisp><word>AN</word><word>INNER</word><word>COURTYARD</word><word>WITH</word><word>A</word><word>FOUNTAIN</word><word>AND</word><word>FLOWER</word><word>POTS</word><word>IN</word><word>THE</word><word>CENTRE</word><word>PUNC-PERIOD</word></words><tags><lisp>((WORD &quot;an&quot; :FRAME (0 2) :SENSE-INFO
<   ((:PENN-PARTS-OF-SPEECH (DT) :TRIPS-PARTS-OF-SPEECH (W::ART W::QUAN W::PRO)))
<   :UTTNUM 29 :CHANNEL DESKTOP :DIRECTION INPUT)
<  (WORD &quot;inner&quot; :FRAME (3 8) :SENSE-INFO
<   ((:PENN-PARTS-OF-SPEECH (JJ) :TRIPS-PARTS-OF-SPEECH (W::ADJ))) :UTTNUM 29
<   :CHANNEL DESKTOP :DIRECTION INPUT)
<  (WORD &quot;courtyard&quot; :FRAME (9 18) :SENSE-INFO
<   ((:PENN-PARTS-OF-SPEECH (NN) :TRIPS-PARTS-OF-SPEECH (W::N))) :UTTNUM 29
<   :CHANNEL DESKTOP :DIRECTION INPUT)
<  (PREFER &quot;an inner courtyard&quot; :FRAME (0 18) :PENN-CATS (NP) :TRIPS-CATS (W::NP)
<   :SCORE 25.431 :UTTNUM 29 :CHANNEL DESKTOP :DIRECTION INPUT)
<  (WORD &quot;with&quot; :FRAME (19 23) :SENSE-INFO
<   ((:PENN-PARTS-OF-SPEECH (IN) :TRIPS-PARTS-OF-SPEECH (W::PREP W::ADV)))
<   :UTTNUM 29 :CHANNEL DESKTOP :DIRECTION INPUT)
<  (WORD &quot;a&quot; :FRAME (24 25) :SENSE-INFO
<   ((:PENN-PARTS-OF-SPEECH (DT) :TRIPS-PARTS-OF-SPEECH (W::ART W::QUAN W::PRO)))
<   :UTTNUM 29 :CHANNEL DESKTOP :DIRECTION INPUT)
<  (WORD &quot;fountain&quot; :FRAME (26 34) :SENSE-INFO
<   ((:PENN-PARTS-OF-SPEECH (NN) :TRIPS-PARTS-OF-SPEECH (W::N))) :UTTNUM 29
<   :CHANNEL DESKTOP :DIRECTION INPUT)
<  (WORD &quot;and&quot; :FRAME (35 38) :SENSE-INFO
<   ((:PENN-PARTS-OF-SPEECH (CC) :TRIPS-PARTS-OF-SPEECH (W::CONJ))) :UTTNUM 29
<   :CHANNEL DESKTOP :DIRECTION INPUT)
<  (WORD &quot;flower&quot; :FRAME (39 45) :SENSE-INFO
<   ((:PENN-PARTS-OF-SPEECH (NN) :TRIPS-PARTS-OF-SPEECH (W::N))) :UTTNUM 29
<   :CHANNEL DESKTOP :DIRECTION INPUT)
<  (PREFER &quot;a fountain and flower&quot; :FRAME (24 45) :PENN-CATS (NP) :TRIPS-CATS
<   (W::NP) :SCORE 31.232 :UTTNUM 29 :CHANNEL DESKTOP :DIRECTION INPUT)
<  (PREFER &quot;with a fountain and flower&quot; :FRAME (19 45) :PENN-CATS (PP)
<   :TRIPS-CATS (W::PP) :SCORE 35.032 :UTTNUM 29 :CHANNEL DESKTOP :DIRECTION
<   INPUT)
<  (PREFER &quot;an inner courtyard with a fountain and flower&quot; :FRAME (0 45)
<   :PENN-CATS (NP) :TRIPS-CATS (W::NP) :SCORE 60.83 :UTTNUM 29 :CHANNEL DESKTOP
<   :DIRECTION INPUT)
<  (WORD &quot;pots&quot; :FRAME (46 50) :SENSE-INFO
<   ((:PENN-PARTS-OF-SPEECH (NNS VBZ) :TRIPS-PARTS-OF-SPEECH (W::N W::V)))
<   :UTTNUM 29 :CHANNEL DESKTOP :DIRECTION INPUT)
<  (WORD &quot;in&quot; :FRAME (51 53) :SENSE-INFO
<   ((:PENN-PARTS-OF-SPEECH (IN) :TRIPS-PARTS-OF-SPEECH (W::PREP W::ADV)))
<   :UTTNUM 29 :CHANNEL DESKTOP :DIRECTION INPUT)
<  (WORD &quot;the&quot; :FRAME (54 57) :SENSE-INFO
<   ((:PENN-PARTS-OF-SPEECH (DT) :TRIPS-PARTS-OF-SPEECH (W::ART W::QUAN W::PRO)))
<   :UTTNUM 29 :CHANNEL DESKTOP :DIRECTION INPUT)
<  (WORD &quot;centre&quot; :FRAME (58 64) :SENSE-INFO
<   ((:PENN-PARTS-OF-SPEECH (NN) :TRIPS-PARTS-OF-SPEECH (W::N)
<     :ALTERNATE-SPELLINGS (&quot;center&quot;)))
<   :UTTNUM 29 :CHANNEL DESKTOP :DIRECTION INPUT)
<  (PREFER &quot;the centre&quot; :FRAME (54 64) :PENN-CATS (NP) :TRIPS-CATS (W::NP) :SCORE
<   10.085 :UTTNUM 29 :CHANNEL DESKTOP :DIRECTION INPUT)
<  (PREFER &quot;in the centre&quot; :FRAME (51 64) :PENN-CATS (PP) :TRIPS-CATS (W::PP)
<   :SCORE 12.31 :UTTNUM 29 :CHANNEL DESKTOP :DIRECTION INPUT)
<  (PREFER &quot;pots in the centre&quot; :FRAME (46 64) :PENN-CATS (VP) :TRIPS-CATS
<   (W::VP) :SCORE 28.49 :UTTNUM 29 :CHANNEL DESKTOP :DIRECTION INPUT)
<  (WORD &quot;.&quot; :FRAME (65 65) :SENSE-INFO
<   ((:PENN-PARTS-OF-SPEECH (FULL_STOP) :TRIPS-PARTS-OF-SPEECH (W::PUNC)))
<   :UTTNUM 29 :CHANNEL DESKTOP :DIRECTION INPUT)
<  (PREFER &quot;an inner courtyard with a fountain and flower pots in the centre .&quot;
<   :FRAME (0 65) :PENN-CATS (S) :SCORE 92.149 :UTTNUM 29 :CHANNEL DESKTOP
<   :DIRECTION INPUT))</lisp><word lex="an" start="0" end="2"><sense-info penn-parts-of-speech="DT" trips-parts-of-speech="ART,QUAN,PRO" /></word><word lex="inner" start="3" end="8"><sense-info penn-parts-of-speech="JJ" trips-parts-of-speech="ADJ" /></word><word lex="courtyard" start="9" end="18"><sense-info penn-parts-of-speech="NN" trips-parts-of-speech="N" /></word><prefer text="an inner courtyard" start="0" end="18" penn-cats="NP" score="25.431" /><word lex="with" start="19" end="23"><sense-info penn-parts-of-speech="IN" trips-parts-of-speech="PREP,ADV" /></word><word lex="a" start="24" end="25"><sense-info penn-parts-of-speech="DT" trips-parts-of-speech="ART,QUAN,PRO" /></word><word lex="fountain" start="26" end="34"><sense-info penn-parts-of-speech="NN" trips-parts-of-speech="N" /></word><word lex="and" start="35" end="38"><sense-info penn-parts-of-speech="CC" trips-parts-of-speech="CONJ" /></word><word lex="flower" start="39" end="45"><sense-info penn-parts-of-speech="NN" trips-parts-of-speech="N" /></word><prefer text="a fountain and flower" start="24" end="45" penn-cats="NP" score="31.232" /><prefer text="with a fountain and flower" start="19" end="45" penn-cats="PP" score="35.032" /><prefer text="an inner courtyard with a fountain and flower" start="0" end="45" penn-cats="NP" score="60.83" /><word lex="pots" start="46" end="50"><sense-info penn-parts-of-speech="NNS,VBZ" trips-parts-of-speech="N,V" /></word><word lex="in" start="51" end="53"><sense-info penn-parts-of-speech="IN" trips-parts-of-speech="PREP,ADV" /></word><word lex="the" start="54" end="57"><sense-info penn-parts-of-speech="DT" trips-parts-of-speech="ART,QUAN,PRO" /></word><word lex="centre" start="58" end="64"><sense-info penn-parts-of-speech="NN" trips-parts-of-speech="N" alternate-spellings="center" /></word><prefer text="the centre" start="54" end="64" penn-cats="NP" score="10.085" /><prefer text="in the centre" start="51" end="64" penn-cats="PP" score="12.31" /><prefer text="pots in the centre" start="46" end="64" penn-cats="VP" score="28.49" /><word lex="." start="65" end="65"><sense-info penn-parts-of-speech="FULL_STOP" trips-parts-of-speech="PUNC" /></word><prefer text="an inner courtyard with a fountain and flower pots in the centre ." start="0" end="65" penn-cats="S" score="92.149" /></tags><tree><lisp>(UTT
<  (UTT
<   (NP (SPEC (DET (ART AN)))
<    (N1
<     (N1 (N1 (ADJP (ADJ1 (ADJ INNER))) (N1 (N COURTYARD)))
<      (ADVBL (ADV WITH)
<       (NP (NP (SPEC (DET (ART A))) (N1 (N FOUNTAIN))) (CONJ AND)
<        (NP (N1 (N1 (N FLOWER)) (N1 (N POTS)))))))
<     (ADVBL (ADV IN) (NP (SPEC (DET (ART THE))) (N1 (N CENTRE)))))))
<  (PUNC PUNC-PERIOD))</lisp><UTT><UTT><NP><SPEC><DET><ART>AN</ART></DET></SPEC><N1><N1><N1><ADJP><ADJ1><ADJ>INNER</ADJ></ADJ1></ADJP><N1><N>COURTYARD</N></N1></N1><ADVBL><ADV>WITH</ADV><NP><NP><SPEC><DET><ART>A</ART></DET></SPEC><N1><N>FOUNTAIN</N></N1></NP><CONJ>AND</CONJ><NP><N1><N1><N>FLOWER</N></N1><N1><N>POTS</N></N1></N1></NP></NP></ADVBL></N1><ADVBL><ADV>IN</ADV><NP><SPEC><DET><ART>THE</ART></DET></SPEC><N1><N>CENTRE</N></N1></NP></ADVBL></N1></NP></UTT><PUNC>PUNC-PERIOD</PUNC></UTT></tree><terms root="#V243404"><lisp>((ONT::SPEECHACT ONT::V243404 ONT::SA_IDENTIFY :PUNCTYPE W::DECL :CONTENT
<   ONT::V242018 :START 0 :END 65)
<  (ONT::A ONT::V242018 (:* ONT::MANUFACTURED-OBJECT W::COURTYARD) :LOCATION
<   ONT::V242133 :MOD ONT::V242022 :MOD ONT::V242014 :START 0 :END 65)
<  (ONT::F ONT::V242014 (:* ONT::INTERNAL W::INNER) :FIGURE ONT::V242018 :START 3
<   :END 9)
<  (ONT::F ONT::V242022 (:* ONT::ASSOC-WITH W::WITH) :GROUND ONT::V242083 :FIGURE
<   ONT::V242018 :START 19 :END 51)
<  (ONT::INDEF-SET ONT::V242083 ONT::MANUFACTURED-OBJECT :OPERATOR ONT::AND
<   :SEQUENCE (ONT::V242076 ONT::V242101) :START 24 :END 51)
<  (ONT::A ONT::V242076 (:* ONT::MANUFACTURED-OBJECT W::FOUNTAIN) :START 24 :END
<   35)
<  (ONT::INDEF-SET ONT::V242101 (:* ONT::POT W::POT) :ASSOC-WITH ONT::V242096
<   :START 39 :END 51)
<  (ONT::KIND ONT::V242096 (:* ONT::PLANT W::FLOWER) :START 39 :END 51)
<  (ONT::F ONT::V242133 (:* ONT::IN-LOC W::IN) :GROUND ONT::V242189 :FIGURE
<   ONT::V242018 :START 51 :END 65)
<  (ONT::THE ONT::V242189 (:* ONT::CENTER W::CENTRE) :START 54 :END 65))</lisp><rdf:RDF
<   xmlns:rdf="http://www.w3.org/1999/02/22-rdf-syntax-ns#"
<   xmlns:role="http://www.cs.rochester.edu/research/trips/role#"
<   xmlns:LF="http://www.cs.rochester.edu/research/trips/LF#">
<   <rdf:Description rdf:ID="V243404">
<     <LF:indicator>SPEECHACT</LF:indicator>
<     <LF:type>SA_IDENTIFY</LF:type>
<     <role:PUNCTYPE>DECL</role:PUNCTYPE>
<     <role:CONTENT rdf:resource="#V242018" />
<     <LF:start>0</LF:start>
<     <LF:end>65</LF:end>
<   </rdf:Description>
<   <rdf:Description rdf:ID="V242018">
<     <LF:indicator>A</LF:indicator>
<     <LF:type>MANUFACTURED-OBJECT</LF:type>
<     <LF:word>COURTYARD</LF:word>
<     <role:LOCATION rdf:resource="#V242133" />
<     <role:MOD rdf:resource="#V242022" />
<     <role:MOD rdf:resource="#V242014" />
<     <LF:start>0</LF:start>
<     <LF:end>65</LF:end>
<   </rdf:Description>
<   <rdf:Description rdf:ID="V242014">
<     <LF:indicator>F</LF:indicator>
<     <LF:type>INTERNAL</LF:type>
<     <LF:word>INNER</LF:word>
<     <role:FIGURE rdf:resource="#V242018" />
<     <LF:start>3</LF:start>
<     <LF:end>9</LF:end>
<   </rdf:Description>
<   <rdf:Description rdf:ID="V242022">
<     <LF:indicator>F</LF:indicator>
<     <LF:type>ASSOC-WITH</LF:type>
<     <LF:word>WITH</LF:word>
<     <role:GROUND rdf:resource="#V242083" />
<     <role:FIGURE rdf:resource="#V242018" />
<     <LF:start>19</LF:start>
<     <LF:end>51</LF:end>
<   </rdf:Description>
<   <rdf:Description rdf:ID="V242083">
<     <LF:indicator>INDEF-SET</LF:indicator>
<     <LF:type>MANUFACTURED-OBJECT</LF:type>
<     <role:OPERATOR>AND</role:OPERATOR>
<     <role:SEQUENCE rdf:resource="#V242076" />
<     <role:SEQUENCE1 rdf:resource="#V242101" />
<     <LF:start>24</LF:start>
<     <LF:end>51</LF:end>
<   </rdf:Description>
<   <rdf:Description rdf:ID="V242076">
<     <LF:indicator>A</LF:indicator>
<     <LF:type>MANUFACTURED-OBJECT</LF:type>
<     <LF:word>FOUNTAIN</LF:word>
<     <LF:start>24</LF:start>
<     <LF:end>35</LF:end>
<   </rdf:Description>
<   <rdf:Description rdf:ID="V242101">
<     <LF:indicator>INDEF-SET</LF:indicator>
<     <LF:type>POT</LF:type>
<     <LF:word>POT</LF:word>
<     <role:ASSOC-WITH rdf:resource="#V242096" />
<     <LF:start>39</LF:start>
<     <LF:end>51</LF:end>
<   </rdf:Description>
<   <rdf:Description rdf:ID="V242096">
<     <LF:indicator>KIND</LF:indicator>
<     <LF:type>PLANT</LF:type>
<     <LF:word>FLOWER</LF:word>
<     <LF:start>39</LF:start>
<     <LF:end>51</LF:end>
<   </rdf:Description>
<   <rdf:Description rdf:ID="V242133">
<     <LF:indicator>F</LF:indicator>
<     <LF:type>IN-LOC</LF:type>
<     <LF:word>IN</LF:word>
<     <role:GROUND rdf:resource="#V242189" />
<     <role:FIGURE rdf:resource="#V242018" />
<     <LF:start>51</LF:start>
<     <LF:end>65</LF:end>
<   </rdf:Description>
<   <rdf:Description rdf:ID="V242189">
<     <LF:indicator>THE</LF:indicator>
<     <LF:type>CENTER</LF:type>
<     <LF:word>CENTRE</LF:word>
<     <LF:start>54</LF:start>
<     <LF:end>65</LF:end>
<   </rdf:Description>
< </rdf:RDF>
< </terms></utt></trips-parser-output>
\ No newline at end of file
---
> <SpRL>
>  <SCENE>
>   <SENTENCE id="s1" indicator="SPEECHACT" type="SA_IDENTIFY" PUNCTYPE="DECL" start="0" end="65">
>    <TEXT>an inner courtyard with a fountain and flower pots in the centre .</TEXT>
>    <RELATION id="1" head="V243404" res="V242018" label="CONTENT"/>
>    <PHRASE id="V242018" indicator="A" type="MANUFACTURED-OBJECT" text="COURTYARD" start="0" end="65"/>
>    <RELATION id="2" head="V242018" res="V242133" label="LOCATION"/>
>    <RELATION id="3" head="V242018" res="V242022" label="MOD"/>
>    <RELATION id="4" head="V242018" res="V242014" label="MOD"/>
>    <PHRASE id="V242014" indicator="F" type="INTERNAL" text="INNER" start="3" end="9"/>
>    <RELATION id="5" head="V242014" res="V242018" label="FIGURE"/>
>    <PHRASE id="V242022" indicator="F" type="ASSOC-WITH" text="WITH" start="19" end="51"/>
>    <RELATION id="6" head="V242022" res="V242083" label="GROUND"/>
>    <RELATION id="7" head="V242022" res="V242018" label="FIGURE"/>
>    <PHRASE id="V242083" indicator="INDEF-SET" type="MANUFACTURED-OBJECT" OPERATOR="AND" start="24" end="51"/>
>    <RELATION id="8" head="V242083" res="V242076" label="SEQUENCE"/>
>    <RELATION id="9" head="V242083" res="V242101" label="SEQUENCE1"/>
>    <PHRASE id="V242076" indicator="A" type="MANUFACTURED-OBJECT" text="FOUNTAIN" start="24" end="35"/>
>    <PHRASE id="V242101" indicator="INDEF-SET" type="POT" text="POT" start="39" end="51"/>
>    <RELATION id="10" head="V242101" res="V242096" label="ASSOC-WITH"/>
>    <PHRASE id="V242096" indicator="KIND" type="PLANT" text="FLOWER" start="39" end="51"/>
>    <PHRASE id="V242133" indicator="F" type="IN-LOC" text="IN" start="51" end="65"/>
>    <RELATION id="11" head="V242133" res="V242189" label="GROUND"/>
>    <RELATION id="12" head="V242133" res="V242018" label="FIGURE"/>
>    <PHRASE id="V242189" indicator="THE" type="CENTER" text="CENTRE" start="54" end="65"/>
>   </SENTENCE>
>  </SCENE>
> </SpRL>
