<LOG DATE="23/10/2017" TIME="13:11:11" FILE="/Users/parisakordjamshidi/step/TRIPS/Systems/STEP/batch1/LEXICONMANAGER.log">

<SEND T="13:11:11">
  (REGISTER :NAME LEXICONMANAGER :GROUP SYSTEM)
</SEND>

<SEND T="13:11:11">
  (SUBSCRIBE :CONTENT (REQUEST &KEY :CONTENT (GET-LF . *)))
</SEND>

<SEND T="13:11:11">
  (SUBSCRIBE :CONTENT (REQUEST &KEY :CONTENT (ADD-NAMES . *)))
</SEND>

<SEND T="13:11:11">
  (SUBSCRIBE :CONTENT (REQUEST &KEY :CONTENT (ADD-LEX-ENTRY . *)))
</SEND>

<SEND T="13:11:11">
  (SUBSCRIBE :CONTENT (REQUEST &KEY :CONTENT (GET-ALIASES . *)))
</SEND>

<SEND T="13:11:11">
  (TELL :CONTENT (MODULE-STATUS READY))
</SEND>

<RECEIVE T="13:11:20">
  (REQUEST :RECEIVER LEXICONMANAGER :CONTENT (IS-DEFINED-WORD W::OUTSIDE)
   :REPLY-WITH TEXTTAGGER1 :SENDER TEXTTAGGER)
</RECEIVE>

<SEND T="13:11:20">
  (TELL :RECEIVER TEXTTAGGER :IN-REPLY-TO TEXTTAGGER1 :CONTENT T)
</SEND>

<RECEIVE T="13:11:30">
  (REQUEST :RECEIVER LEXICONMANAGER :CONTENT (IS-DEFINED-WORD W::FOREGROUND)
   :REPLY-WITH TEXTTAGGER2 :SENDER TEXTTAGGER)
</RECEIVE>

<SEND T="13:11:30">
  (TELL :RECEIVER TEXTTAGGER :IN-REPLY-TO TEXTTAGGER2 :CONTENT T)
</SEND>

<RECEIVE T="13:11:54">
  (REQUEST :RECEIVER LEXICONMANAGER :CONTENT (IS-DEFINED-WORD W::COLUMN)
   :REPLY-WITH TEXTTAGGER3 :SENDER TEXTTAGGER)
</RECEIVE>

<SEND T="13:11:54">
  (TELL :RECEIVER TEXTTAGGER :IN-REPLY-TO TEXTTAGGER3 :CONTENT T)
</SEND>

<RECEIVE T="13:12:01">
  (REQUEST :RECEIVER LEXICONMANAGER :CONTENT (IS-DEFINED-WORD W::REED)
   :REPLY-WITH TEXTTAGGER4 :SENDER TEXTTAGGER)
</RECEIVE>

<SEND T="13:12:01">
  (TELL :RECEIVER TEXTTAGGER :IN-REPLY-TO TEXTTAGGER4 :CONTENT T)
</SEND>

<RECEIVE T="13:12:09">
  (REQUEST :RECEIVER LEXICONMANAGER :CONTENT (IS-DEFINED-WORD W::PANTS)
   :REPLY-WITH TEXTTAGGER5 :SENDER TEXTTAGGER)
</RECEIVE>

<SEND T="13:12:09">
  (TELL :RECEIVER TEXTTAGGER :IN-REPLY-TO TEXTTAGGER5 :CONTENT T)
</SEND>

<RECEIVE T="13:12:38">
  (REQUEST :RECEIVER LEXICONMANAGER :CONTENT (IS-DEFINED-WORD W::MIDDLE)
   :REPLY-WITH TEXTTAGGER6 :SENDER TEXTTAGGER)
</RECEIVE>

<SEND T="13:12:38">
  (TELL :RECEIVER TEXTTAGGER :IN-REPLY-TO TEXTTAGGER6 :CONTENT T)
</SEND>

<RECEIVE T="13:12:56">
  (REQUEST :RECEIVER LEXICONMANAGER :CONTENT (IS-DEFINED-WORD W::COUNTRY)
   :REPLY-WITH TEXTTAGGER7 :SENDER TEXTTAGGER)
</RECEIVE>

<SEND T="13:12:56">
  (TELL :RECEIVER TEXTTAGGER :IN-REPLY-TO TEXTTAGGER7 :CONTENT T)
</SEND>

<RECEIVE T="13:14:00">
  (REQUEST :RECEIVER LEXICONMANAGER :CONTENT (IS-DEFINED-WORD W::PERSON)
   :REPLY-WITH TEXTTAGGER8 :SENDER TEXTTAGGER)
</RECEIVE>

<SEND T="13:14:00">
  (TELL :RECEIVER TEXTTAGGER :IN-REPLY-TO TEXTTAGGER8 :CONTENT T)
</SEND>

<RECEIVE T="13:14:04">
  (REQUEST :RECEIVER LEXICONMANAGER :CONTENT (IS-DEFINED-WORD W::UNFINISHED)
   :REPLY-WITH TEXTTAGGER9 :SENDER TEXTTAGGER)
</RECEIVE>

<SEND T="13:14:04">
  (TELL :RECEIVER TEXTTAGGER :IN-REPLY-TO TEXTTAGGER9 :CONTENT T)
</SEND>

<RECEIVE T="13:14:12">
  (REQUEST :RECEIVER LEXICONMANAGER :CONTENT (IS-DEFINED-WORD W::CONSTRUCTION)
   :REPLY-WITH TEXTTAGGER10 :SENDER TEXTTAGGER)
</RECEIVE>

<SEND T="13:14:12">
  (TELL :RECEIVER TEXTTAGGER :IN-REPLY-TO TEXTTAGGER10 :CONTENT T)
</SEND>

<RECEIVE T="13:14:19">
  (REQUEST :RECEIVER LEXICONMANAGER :CONTENT (IS-DEFINED-WORD W::CORNERS)
   :REPLY-WITH TEXTTAGGER11 :SENDER TEXTTAGGER)
</RECEIVE>

<SEND T="13:14:19">
  (TELL :RECEIVER TEXTTAGGER :IN-REPLY-TO TEXTTAGGER11 :CONTENT T)
</SEND>

<RECEIVE T="13:20:03">
  (REQUEST :RECEIVER LEXICONMANAGER :CONTENT (IS-DEFINED-WORD W::PREPARING)
   :REPLY-WITH TEXTTAGGER12 :SENDER TEXTTAGGER)
</RECEIVE>

<SEND T="13:20:03">
  (TELL :RECEIVER TEXTTAGGER :IN-REPLY-TO TEXTTAGGER12 :CONTENT T)
</SEND>

<RECEIVE T="13:21:30">
  (REQUEST :RECEIVER LEXICONMANAGER :CONTENT (IS-DEFINED-WORD W::PRESENT)
   :REPLY-WITH TEXTTAGGER13 :SENDER TEXTTAGGER)
</RECEIVE>

<SEND T="13:21:30">
  (TELL :RECEIVER TEXTTAGGER :IN-REPLY-TO TEXTTAGGER13 :CONTENT T)
</SEND>

<RECEIVE T="13:21:42">
  (REQUEST :RECEIVER LEXICONMANAGER :CONTENT (IS-DEFINED-WORD W::DESK)
   :REPLY-WITH TEXTTAGGER14 :SENDER TEXTTAGGER)
</RECEIVE>

<SEND T="13:21:42">
  (TELL :RECEIVER TEXTTAGGER :IN-REPLY-TO TEXTTAGGER14 :CONTENT T)
</SEND>

<RECEIVE T="13:29:14">
  (REQUEST :RECEIVER LEXICONMANAGER :CONTENT (IS-DEFINED-WORD W::DESKS)
   :REPLY-WITH TEXTTAGGER15 :SENDER TEXTTAGGER)
</RECEIVE>

<SEND T="13:29:14">
  (TELL :RECEIVER TEXTTAGGER :IN-REPLY-TO TEXTTAGGER15 :CONTENT T)
</SEND>

<RECEIVE T="13:41:53">
  (REQUEST :RECEIVER LEXICONMANAGER :CONTENT (IS-DEFINED-WORD W::COMIC)
   :REPLY-WITH TEXTTAGGER16 :SENDER TEXTTAGGER)
</RECEIVE>

<SEND T="13:41:53">
  (TELL :RECEIVER TEXTTAGGER :IN-REPLY-TO TEXTTAGGER16 :CONTENT T)
</SEND>

<RECEIVE T="13:58:24">
  NIL
</RECEIVE>

