2,266c2,41
< <?xml-stylesheet type="text/xsl" href="../style/parser-interface.xsl"?>
< <!DOCTYPE trips-parser-output SYSTEM "../trips-parser-output.dtd">
< <trips-parser-output parser-build-date="2017-09-20T12:11:02-0500" system="STEP" extsformat="svg" tagsformat="hidden" treecontents="phrase" treeformat="LinGO" lfformat="svg" semantic-skeleton-scoring="T" rule-sets="" input="and one man with sunglasses in the very last row , looking out the window too .
< ">
< <debug>
< *last-utt-id*=NIL  utt-id+57
< *last-utt-id*=57  utt-id+57
< *last-utt-id*=57  utt-id+NIL</debug><compound-communication-act>
< <utt><words><lisp>(W::AND W::ONE W::MAN W::WITH W::SUNGLASSES W::IN W::THE W::VERY W::LAST W::ROW
<  W::PUNC-COMMA)</lisp><word>AND</word><word>ONE</word><word>MAN</word><word>WITH</word><word>SUNGLASSES</word><word>IN</word><word>THE</word><word>VERY</word><word>LAST</word><word>ROW</word><word>PUNC-COMMA</word></words><tags><lisp>((WORD &quot;and&quot; :FRAME (0 3) :SENSE-INFO
<   ((:PENN-PARTS-OF-SPEECH (CC) :TRIPS-PARTS-OF-SPEECH (W::CONJ))) :UTTNUM 57
<   :CHANNEL DESKTOP :DIRECTION INPUT)
<  (WORD &quot;one&quot; :FRAME (4 7) :SENSE-INFO
<   ((:PENN-PARTS-OF-SPEECH (CD) :TRIPS-PARTS-OF-SPEECH
<     (W::NUMBER W::NUMBER-UNIT)))
<   :UTTNUM 57 :CHANNEL DESKTOP :DIRECTION INPUT)
<  (PREFER &quot;and one&quot; :FRAME (0 7) :PENN-CATS (QP) :SCORE 12.27 :UTTNUM 57
<   :CHANNEL DESKTOP :DIRECTION INPUT)
<  (WORD &quot;man&quot; :FRAME (8 11) :SENSE-INFO
<   ((:PENN-PARTS-OF-SPEECH (NN) :TRIPS-PARTS-OF-SPEECH (W::N))) :UTTNUM 57
<   :CHANNEL DESKTOP :DIRECTION INPUT)
<  (PREFER &quot;and one man&quot; :FRAME (0 11) :PENN-CATS (NP) :TRIPS-CATS (W::NP) :SCORE
<   23.898 :UTTNUM 57 :CHANNEL DESKTOP :DIRECTION INPUT)
<  (WORD &quot;with&quot; :FRAME (12 16) :SENSE-INFO
<   ((:PENN-PARTS-OF-SPEECH (IN) :TRIPS-PARTS-OF-SPEECH (W::PREP W::ADV)))
<   :UTTNUM 57 :CHANNEL DESKTOP :DIRECTION INPUT)
<  (WORD &quot;sunglasses&quot; :FRAME (17 27) :SENSE-INFO
<   ((:PENN-PARTS-OF-SPEECH (NNS) :TRIPS-PARTS-OF-SPEECH (W::N))) :UTTNUM 57
<   :CHANNEL DESKTOP :DIRECTION INPUT)
<  (PREFER &quot;sunglasses&quot; :FRAME (17 27) :PENN-CATS (NP) :TRIPS-CATS (W::NP) :SCORE
<   13.734 :UTTNUM 57 :CHANNEL DESKTOP :DIRECTION INPUT)
<  (WORD &quot;in&quot; :FRAME (28 30) :SENSE-INFO
<   ((:PENN-PARTS-OF-SPEECH (IN) :TRIPS-PARTS-OF-SPEECH (W::PREP W::ADV)))
<   :UTTNUM 57 :CHANNEL DESKTOP :DIRECTION INPUT)
<  (WORD &quot;the&quot; :FRAME (31 34) :SENSE-INFO
<   ((:PENN-PARTS-OF-SPEECH (DT) :TRIPS-PARTS-OF-SPEECH (W::ART W::QUAN W::PRO)))
<   :UTTNUM 57 :CHANNEL DESKTOP :DIRECTION INPUT)
<  (WORD &quot;very&quot; :FRAME (35 39) :SENSE-INFO
<   ((:PENN-PARTS-OF-SPEECH (RB) :TRIPS-PARTS-OF-SPEECH (W::ADV))) :UTTNUM 57
<   :CHANNEL DESKTOP :DIRECTION INPUT)
<  (WORD &quot;last&quot; :FRAME (40 44) :SENSE-INFO
<   ((:PENN-PARTS-OF-SPEECH (JJ) :TRIPS-PARTS-OF-SPEECH (W::ADJ))) :UTTNUM 57
<   :CHANNEL DESKTOP :DIRECTION INPUT)
<  (WORD &quot;row&quot; :FRAME (45 48) :SENSE-INFO
<   ((:PENN-PARTS-OF-SPEECH (NN) :TRIPS-PARTS-OF-SPEECH (W::N))) :UTTNUM 57
<   :CHANNEL DESKTOP :DIRECTION INPUT)
<  (PREFER &quot;the very last row&quot; :FRAME (31 48) :PENN-CATS (NP) :TRIPS-CATS (W::NP)
<   :SCORE 26.58 :UTTNUM 57 :CHANNEL DESKTOP :DIRECTION INPUT)
<  (PREFER &quot;in the very last row&quot; :FRAME (28 48) :PENN-CATS (PP) :TRIPS-CATS
<   (W::PP) :SCORE 28.831 :UTTNUM 57 :CHANNEL DESKTOP :DIRECTION INPUT)
<  (PREFER &quot;sunglasses in the very last row&quot; :FRAME (17 48) :PENN-CATS (NP)
<   :TRIPS-CATS (W::NP) :SCORE 43.106 :UTTNUM 57 :CHANNEL DESKTOP :DIRECTION
<   INPUT)
<  (PREFER &quot;with sunglasses in the very last row&quot; :FRAME (12 48) :PENN-CATS (PP)
<   :TRIPS-CATS (W::PP) :SCORE 48.25 :UTTNUM 57 :CHANNEL DESKTOP :DIRECTION
<   INPUT)
<  (PREFER &quot;and one man with sunglasses in the very last row&quot; :FRAME (0 48)
<   :PENN-CATS (NP) :TRIPS-CATS (W::NP) :SCORE 74.899 :UTTNUM 57 :CHANNEL DESKTOP
<   :DIRECTION INPUT)
<  (WORD &quot;,&quot; :FRAME (49 50) :SENSE-INFO
<   ((:PENN-PARTS-OF-SPEECH (COMMA) :TRIPS-PARTS-OF-SPEECH (W::PUNC))) :UTTNUM 57
<   :CHANNEL DESKTOP :DIRECTION INPUT))</lisp><word lex="and" start="0" end="3"><sense-info penn-parts-of-speech="CC" trips-parts-of-speech="CONJ" /></word><word lex="one" start="4" end="7"><sense-info penn-parts-of-speech="CD" trips-parts-of-speech="NUMBER,NUMBER-UNIT" /></word><prefer text="and one" start="0" end="7" penn-cats="QP" score="12.27" /><word lex="man" start="8" end="11"><sense-info penn-parts-of-speech="NN" trips-parts-of-speech="N" /></word><prefer text="and one man" start="0" end="11" penn-cats="NP" score="23.898" /><word lex="with" start="12" end="16"><sense-info penn-parts-of-speech="IN" trips-parts-of-speech="PREP,ADV" /></word><word lex="sunglasses" start="17" end="27"><sense-info penn-parts-of-speech="NNS" trips-parts-of-speech="N" /></word><prefer text="sunglasses" start="17" end="27" penn-cats="NP" score="13.734" /><word lex="in" start="28" end="30"><sense-info penn-parts-of-speech="IN" trips-parts-of-speech="PREP,ADV" /></word><word lex="the" start="31" end="34"><sense-info penn-parts-of-speech="DT" trips-parts-of-speech="ART,QUAN,PRO" /></word><word lex="very" start="35" end="39"><sense-info penn-parts-of-speech="RB" trips-parts-of-speech="ADV" /></word><word lex="last" start="40" end="44"><sense-info penn-parts-of-speech="JJ" trips-parts-of-speech="ADJ" /></word><word lex="row" start="45" end="48"><sense-info penn-parts-of-speech="NN" trips-parts-of-speech="N" /></word><prefer text="the very last row" start="31" end="48" penn-cats="NP" score="26.58" /><prefer text="in the very last row" start="28" end="48" penn-cats="PP" score="28.831" /><prefer text="sunglasses in the very last row" start="17" end="48" penn-cats="NP" score="43.106" /><prefer text="with sunglasses in the very last row" start="12" end="48" penn-cats="PP" score="48.25" /><prefer text="and one man with sunglasses in the very last row" start="0" end="48" penn-cats="NP" score="74.899" /><word lex="," start="49" end="50"><sense-info penn-parts-of-speech="COMMA" trips-parts-of-speech="PUNC" /></word></tags><tree><lisp>(UTT
<  (UTT (ADVBL (ADV AND))
<   (UTT
<    (NP (SPEC (NUMBER ONE))
<     (N1 (N1 (N MAN))
<      (ADVBL (ADV WITH)
<       (NP
<        (N1 (N1 (N SUNGLASSES))
<         (ADVBL (ADV IN)
<          (NP (SPEC (DET (ART THE)))
<           (N1 (ADJP (ADVBL (ADV VERY)) (ADJP (ADJ1 (ADJ LAST))))
<            (N1 (N ROW))))))))))))
<  (PUNC PUNC-COMMA))</lisp><UTT><UTT><ADVBL><ADV>AND</ADV></ADVBL><UTT><NP><SPEC><NUMBER>ONE</NUMBER></SPEC><N1><N1><N>MAN</N></N1><ADVBL><ADV>WITH</ADV><NP><N1><N1><N>SUNGLASSES</N></N1><ADVBL><ADV>IN</ADV><NP><SPEC><DET><ART>THE</ART></DET></SPEC><N1><ADJP><ADVBL><ADV>VERY</ADV></ADVBL><ADJP><ADJ1><ADJ>LAST</ADJ></ADJ1></ADJP></ADJP><N1><N>ROW</N></N1></N1></NP></ADVBL></N1></NP></ADVBL></N1></NP></UTT></UTT><PUNC>PUNC-COMMA</PUNC></UTT></tree><terms root="#V297466"><lisp>((ONT::SPEECHACT ONT::V297466 ONT::SA_IDENTIFY :CONTENT ONT::V293542 :MOD
<   ONT::V293524 :START 0 :END 51)
<  (ONT::F ONT::V293524 (:* ONT::CONJUNCT W::AND) :FIGURE ONT::V297466 :START 0
<   :END 4)
<  (ONT::A ONT::V293542 (:* ONT::MALE-PERSON W::MAN) :SIZE ONT::V293754 :MOD
<   ONT::V293546 :START 4 :END 49)
<  (ONT::A ONT::V293754 ONT::NUMBER :VALUE 1 :START 4 :END 49)
<  (ONT::F ONT::V293546 (:* ONT::ASSOC-WITH W::WITH) :GROUND ONT::V293559 :FIGURE
<   ONT::V293542 :START 12 :END 49)
<  (ONT::INDEF-SET ONT::V293559 (:* ONT::DEVICE W::SUNGLASSES) :LOCATION
<   ONT::V293569 :START 17 :END 49)
<  (ONT::F ONT::V293569 (:* ONT::IN-LOC W::IN) :GROUND ONT::V293646 :FIGURE
<   ONT::V293559 :START 28 :END 49)
<  (ONT::THE ONT::V293646 (:* ONT::ROW-FORMATION W::ROW) :MOD ONT::V293631 :START
<   31 :END 49)
<  (ONT::F ONT::V293631 (:* ONT::LAST-VAL W::LAST) :FIGURE ONT::V293646 :DEGREE
<   ONT::V293625 :START 35 :END 45)
<  (ONT::F ONT::V293625 (:* ONT::DEGREE-MODIFIER-HIGH W::VERY) :FIGURE
<   ONT::V293631 :START 35 :END 40))</lisp><rdf:RDF
<   xmlns:rdf="http://www.w3.org/1999/02/22-rdf-syntax-ns#"
<   xmlns:role="http://www.cs.rochester.edu/research/trips/role#"
<   xmlns:LF="http://www.cs.rochester.edu/research/trips/LF#">
<   <rdf:Description rdf:ID="V297466">
<     <LF:indicator>SPEECHACT</LF:indicator>
<     <LF:type>SA_IDENTIFY</LF:type>
<     <role:CONTENT rdf:resource="#V293542" />
<     <role:MOD rdf:resource="#V293524" />
<     <LF:start>0</LF:start>
<     <LF:end>51</LF:end>
<   </rdf:Description>
<   <rdf:Description rdf:ID="V293524">
<     <LF:indicator>F</LF:indicator>
<     <LF:type>CONJUNCT</LF:type>
<     <LF:word>AND</LF:word>
<     <role:FIGURE rdf:resource="#V297466" />
<     <LF:start>0</LF:start>
<     <LF:end>4</LF:end>
<   </rdf:Description>
<   <rdf:Description rdf:ID="V293542">
<     <LF:indicator>A</LF:indicator>
<     <LF:type>MALE-PERSON</LF:type>
<     <LF:word>MAN</LF:word>
<     <role:SIZE rdf:resource="#V293754" />
<     <role:MOD rdf:resource="#V293546" />
<     <LF:start>4</LF:start>
<     <LF:end>49</LF:end>
<   </rdf:Description>
<   <rdf:Description rdf:ID="V293754">
<     <LF:indicator>A</LF:indicator>
<     <LF:type>NUMBER</LF:type>
<     <role:VALUE>1</role:VALUE>
<     <LF:start>4</LF:start>
<     <LF:end>49</LF:end>
<   </rdf:Description>
<   <rdf:Description rdf:ID="V293546">
<     <LF:indicator>F</LF:indicator>
<     <LF:type>ASSOC-WITH</LF:type>
<     <LF:word>WITH</LF:word>
<     <role:GROUND rdf:resource="#V293559" />
<     <role:FIGURE rdf:resource="#V293542" />
<     <LF:start>12</LF:start>
<     <LF:end>49</LF:end>
<   </rdf:Description>
<   <rdf:Description rdf:ID="V293559">
<     <LF:indicator>INDEF-SET</LF:indicator>
<     <LF:type>DEVICE</LF:type>
<     <LF:word>SUNGLASSES</LF:word>
<     <role:LOCATION rdf:resource="#V293569" />
<     <LF:start>17</LF:start>
<     <LF:end>49</LF:end>
<   </rdf:Description>
<   <rdf:Description rdf:ID="V293569">
<     <LF:indicator>F</LF:indicator>
<     <LF:type>IN-LOC</LF:type>
<     <LF:word>IN</LF:word>
<     <role:GROUND rdf:resource="#V293646" />
<     <role:FIGURE rdf:resource="#V293559" />
<     <LF:start>28</LF:start>
<     <LF:end>49</LF:end>
<   </rdf:Description>
<   <rdf:Description rdf:ID="V293646">
<     <LF:indicator>THE</LF:indicator>
<     <LF:type>ROW-FORMATION</LF:type>
<     <LF:word>ROW</LF:word>
<     <role:MOD rdf:resource="#V293631" />
<     <LF:start>31</LF:start>
<     <LF:end>49</LF:end>
<   </rdf:Description>
<   <rdf:Description rdf:ID="V293631">
<     <LF:indicator>F</LF:indicator>
<     <LF:type>LAST-VAL</LF:type>
<     <LF:word>LAST</LF:word>
<     <role:FIGURE rdf:resource="#V293646" />
<     <role:DEGREE rdf:resource="#V293625" />
<     <LF:start>35</LF:start>
<     <LF:end>45</LF:end>
<   </rdf:Description>
<   <rdf:Description rdf:ID="V293625">
<     <LF:indicator>F</LF:indicator>
<     <LF:type>DEGREE-MODIFIER-HIGH</LF:type>
<     <LF:word>VERY</LF:word>
<     <role:FIGURE rdf:resource="#V293631" />
<     <LF:start>35</LF:start>
<     <LF:end>40</LF:end>
<   </rdf:Description>
< </rdf:RDF>
< </terms></utt><utt><words><lisp>(W::LOOKING W::OUT W::THE W::WINDOW W::TOO W::PUNC-PERIOD)</lisp><word>LOOKING</word><word>OUT</word><word>THE</word><word>WINDOW</word><word>TOO</word><word>PUNC-PERIOD</word></words><tags><lisp>((WORD &quot;looking&quot; :FRAME (51 58) :SENSE-INFO
<   ((:PENN-PARTS-OF-SPEECH (VBG) :TRIPS-PARTS-OF-SPEECH (W::V))) :UTTNUM 57
<   :CHANNEL DESKTOP :DIRECTION INPUT)
<  (WORD &quot;out&quot; :FRAME (59 62) :SENSE-INFO
<   ((:PENN-PARTS-OF-SPEECH (RP) :TRIPS-PARTS-OF-SPEECH (W::PART))) :UTTNUM 57
<   :CHANNEL DESKTOP :DIRECTION INPUT)
<  (PREFER &quot;out&quot; :FRAME (59 62) :PENN-CATS (PRT) :TRIPS-CATS (W::PART) :SCORE
<   1.594 :UTTNUM 57 :CHANNEL DESKTOP :DIRECTION INPUT)
<  (WORD &quot;looking out&quot; :FRAME (51 62) :SENSE-INFO
<   ((:PENN-PARTS-OF-SPEECH (VBG) :TRIPS-PARTS-OF-SPEECH (W::V) :WN-SENSE-KEYS
<     (&quot;look_out%2:33:10&quot; &quot;look_out%2:39:00&quot;)))
<   :UTTNUM 57 :CHANNEL DESKTOP :DIRECTION INPUT)
<  (WORD &quot;the&quot; :FRAME (63 66) :SENSE-INFO
<   ((:PENN-PARTS-OF-SPEECH (DT) :TRIPS-PARTS-OF-SPEECH (W::ART W::QUAN W::PRO)))
<   :UTTNUM 57 :CHANNEL DESKTOP :DIRECTION INPUT)
<  (WORD &quot;window&quot; :FRAME (67 73) :SENSE-INFO
<   ((:PENN-PARTS-OF-SPEECH (NN) :TRIPS-PARTS-OF-SPEECH (W::N))) :UTTNUM 57
<   :CHANNEL DESKTOP :DIRECTION INPUT)
<  (PREFER &quot;the window&quot; :FRAME (63 73) :PENN-CATS (NP) :TRIPS-CATS (W::NP) :SCORE
<   11.428 :UTTNUM 57 :CHANNEL DESKTOP :DIRECTION INPUT)
<  (WORD &quot;too&quot; :FRAME (74 77) :SENSE-INFO
<   ((:PENN-PARTS-OF-SPEECH (RB) :TRIPS-PARTS-OF-SPEECH (W::ADV))) :UTTNUM 57
<   :CHANNEL DESKTOP :DIRECTION INPUT)
<  (PREFER &quot;too&quot; :FRAME (74 77) :PENN-CATS (ADVP) :TRIPS-CATS (W::ADVBL) :SCORE
<   5.535 :UTTNUM 57 :CHANNEL DESKTOP :DIRECTION INPUT)
<  (PREFER &quot;looking out the window too&quot; :FRAME (51 77) :PENN-CATS (VP)
<   :TRIPS-CATS (W::VP) :SCORE 30.766 :UTTNUM 57 :CHANNEL DESKTOP :DIRECTION
<   INPUT)
<  (WORD &quot;.&quot; :FRAME (78 78) :SENSE-INFO
<   ((:PENN-PARTS-OF-SPEECH (FULL_STOP) :TRIPS-PARTS-OF-SPEECH (W::PUNC)))
<   :UTTNUM 57 :CHANNEL DESKTOP :DIRECTION INPUT)
<  (PREFER
<   &quot;and one man with sunglasses in the very last row , looking out the window too .&quot;
<   :FRAME (0 78) :PENN-CATS (S) :SCORE 116.243 :UTTNUM 57 :CHANNEL DESKTOP
<   :DIRECTION INPUT))</lisp><word lex="looking" start="51" end="58"><sense-info penn-parts-of-speech="VBG" trips-parts-of-speech="V" /></word><word lex="out" start="59" end="62"><sense-info penn-parts-of-speech="RP" trips-parts-of-speech="PART" /></word><prefer text="out" start="59" end="62" penn-cats="PRT" score="1.594" /><word lex="looking out" start="51" end="62"><sense-info penn-parts-of-speech="VBG" trips-parts-of-speech="V" wn-sense-keys="look_out%2:33:10,look_out%2:39:00" /></word><word lex="the" start="63" end="66"><sense-info penn-parts-of-speech="DT" trips-parts-of-speech="ART,QUAN,PRO" /></word><word lex="window" start="67" end="73"><sense-info penn-parts-of-speech="NN" trips-parts-of-speech="N" /></word><prefer text="the window" start="63" end="73" penn-cats="NP" score="11.428" /><word lex="too" start="74" end="77"><sense-info penn-parts-of-speech="RB" trips-parts-of-speech="ADV" /></word><prefer text="too" start="74" end="77" penn-cats="ADVP" score="5.535" /><prefer text="looking out the window too" start="51" end="77" penn-cats="VP" score="30.766" /><word lex="." start="78" end="78"><sense-info penn-parts-of-speech="FULL_STOP" trips-parts-of-speech="PUNC" /></word><prefer text="and one man with sunglasses in the very last row , looking out the window too ." start="0" end="78" penn-cats="S" score="116.243" /></tags><tree><lisp>(UTT
<  (UTT
<   (NP
<    (VP
<     (VP- (VP- (V LOOKING OUT) (NP (SPEC (DET (ART THE))) (N1 (N WINDOW))))
<      (ADVBL (ADV TOO))))))
<  (PUNC PUNC-PERIOD))</lisp><UTT><UTT><NP><VP><VP-><VP-><V>LOOKING OUT</V><NP><SPEC><DET><ART>THE</ART></DET></SPEC><N1><N>WINDOW</N></N1></NP></VP-><ADVBL><ADV>TOO</ADV></ADVBL></VP-></VP></NP></UTT><PUNC>PUNC-PERIOD</PUNC></UTT></tree><terms root="#V293957"><lisp>((ONT::SPEECHACT ONT::V293957 ONT::SA_IDENTIFY :PUNCTYPE W::DECL :CONTENT
<   ONT::V293711 :START 51 :END 78)
<  (ONT::BARE ONT::V293711 (:* ONT::ACTIVE-PERCEPTION W::LOOKING-OUT) :NEUTRAL
<   ONT::V293737 :MOD ONT::V293742 :START 51 :END 78 :WNSENSE &quot;look_out%2:33:10&quot;)
<  (ONT::THE ONT::V293737 (:* ONT::DISPLAY W::WINDOW) :START 63 :END 74)
<  (ONT::F ONT::V293742 (:* ONT::ADDITIVE W::TOO) :FIGURE ONT::V293711 :START 74
<   :END 78))</lisp><rdf:RDF
<   xmlns:rdf="http://www.w3.org/1999/02/22-rdf-syntax-ns#"
<   xmlns:role="http://www.cs.rochester.edu/research/trips/role#"
<   xmlns:LF="http://www.cs.rochester.edu/research/trips/LF#">
<   <rdf:Description rdf:ID="V293957">
<     <LF:indicator>SPEECHACT</LF:indicator>
<     <LF:type>SA_IDENTIFY</LF:type>
<     <role:PUNCTYPE>DECL</role:PUNCTYPE>
<     <role:CONTENT rdf:resource="#V293711" />
<     <LF:start>51</LF:start>
<     <LF:end>78</LF:end>
<   </rdf:Description>
<   <rdf:Description rdf:ID="V293711">
<     <LF:indicator>BARE</LF:indicator>
<     <LF:type>ACTIVE-PERCEPTION</LF:type>
<     <LF:word>LOOKING-OUT</LF:word>
<     <role:NEUTRAL rdf:resource="#V293737" />
<     <role:MOD rdf:resource="#V293742" />
<     <LF:start>51</LF:start>
<     <LF:end>78</LF:end>
<     <role:WNSENSE>look_out%2:33:10</role:WNSENSE>
<   </rdf:Description>
<   <rdf:Description rdf:ID="V293737">
<     <LF:indicator>THE</LF:indicator>
<     <LF:type>DISPLAY</LF:type>
<     <LF:word>WINDOW</LF:word>
<     <LF:start>63</LF:start>
<     <LF:end>74</LF:end>
<   </rdf:Description>
<   <rdf:Description rdf:ID="V293742">
<     <LF:indicator>F</LF:indicator>
<     <LF:type>ADDITIVE</LF:type>
<     <LF:word>TOO</LF:word>
<     <role:FIGURE rdf:resource="#V293711" />
<     <LF:start>74</LF:start>
<     <LF:end>78</LF:end>
<   </rdf:Description>
< </rdf:RDF>
< </terms></utt></compound-communication-act>
< </trips-parser-output>
\ No newline at end of file
---
> <SpRL>
>  <SCENE>
>   <SENTENCE id="s1" indicator="SPEECHACT" type="SA_IDENTIFY" start="0" end="51">
>    <TEXT>and one man with sunglasses in the very last row , l</TEXT>
>    <RELATION id="1" head="V297466" res="V293542" label="CONTENT"/>
>    <RELATION id="2" head="V297466" res="V293524" label="MOD"/>
>    <PHRASE id="V293524" indicator="F" type="CONJUNCT" text="AND" start="0" end="4"/>
>    <RELATION id="3" head="V293524" res="V297466" label="FIGURE"/>
>    <PHRASE id="V293542" indicator="A" type="MALE-PERSON" text="MAN" start="4" end="49"/>
>    <RELATION id="4" head="V293542" res="V293754" label="SIZE"/>
>    <RELATION id="5" head="V293542" res="V293546" label="MOD"/>
>    <PHRASE id="V293754" indicator="A" type="NUMBER" VALUE="1" start="4" end="49"/>
>    <PHRASE id="V293546" indicator="F" type="ASSOC-WITH" text="WITH" start="12" end="49"/>
>    <RELATION id="6" head="V293546" res="V293559" label="GROUND"/>
>    <RELATION id="7" head="V293546" res="V293542" label="FIGURE"/>
>    <PHRASE id="V293559" indicator="INDEF-SET" type="DEVICE" text="SUNGLASSES" start="17" end="49"/>
>    <RELATION id="8" head="V293559" res="V293569" label="LOCATION"/>
>    <PHRASE id="V293569" indicator="F" type="IN-LOC" text="IN" start="28" end="49"/>
>    <RELATION id="9" head="V293569" res="V293646" label="GROUND"/>
>    <RELATION id="10" head="V293569" res="V293559" label="FIGURE"/>
>    <PHRASE id="V293646" indicator="THE" type="ROW-FORMATION" text="ROW" start="31" end="49"/>
>    <RELATION id="11" head="V293646" res="V293631" label="MOD"/>
>    <PHRASE id="V293631" indicator="F" type="LAST-VAL" text="LAST" start="35" end="45"/>
>    <RELATION id="12" head="V293631" res="V293646" label="FIGURE"/>
>    <RELATION id="13" head="V293631" res="V293625" label="DEGREE"/>
>    <PHRASE id="V293625" indicator="F" type="DEGREE-MODIFIER-HIGH" text="VERY" start="35" end="40"/>
>    <RELATION id="14" head="V293625" res="V293631" label="FIGURE"/>
>   </SENTENCE>
>   <SENTENCE id="s2" indicator="SPEECHACT" type="SA_IDENTIFY" PUNCTYPE="DECL" start="51" end="78">
>    <TEXT>looking out the window too .</TEXT>
>    <RELATION id="15" head="V293957" res="V293711" label="CONTENT"/>
>    <PHRASE id="V293711" indicator="BARE" type="ACTIVE-PERCEPTION" text="LOOKING-OUT" start="51" end="78" WNSENSE="look_out%2:33:10"/>
>    <RELATION id="16" head="V293711" res="V293737" label="NEUTRAL"/>
>    <RELATION id="17" head="V293711" res="V293742" label="MOD"/>
>    <PHRASE id="V293737" indicator="THE" type="DISPLAY" text="WINDOW" start="63" end="74"/>
>    <PHRASE id="V293742" indicator="F" type="ADDITIVE" text="TOO" start="74" end="78"/>
>    <RELATION id="18" head="V293742" res="V293711" label="FIGURE"/>
>   </SENTENCE>
>  </SCENE>
> </SpRL>
