2,170c2,26
< <?xml-stylesheet type="text/xsl" href="../style/parser-interface.xsl"?>
< <!DOCTYPE trips-parser-output SYSTEM "../trips-parser-output.dtd">
< <trips-parser-output parser-build-date="2017-09-20T12:11:02-0500" system="STEP" extsformat="svg" tagsformat="hidden" treecontents="phrase" treeformat="LinGO" lfformat="svg" semantic-skeleton-scoring="T" rule-sets="" input="a large grey and black building behind it .
< ">
< <debug>
< 
<  FOUNDS SEQUENCE from constit (% W::NP (W::BARE-SEQUENCE -) (W::CONSTRAINT -)
<                                  (W::MASS W::BARE) (W::GENERATED +)
<                                  (W::POSTADVBL +)
<                                  (W::SEM ?8607:(?26346:(F::PHYS-OBJ
<                                                         F::ABSTR-OBJ) NIL))
<                                  (W::LF (% W::DESCRIPTION (W::STATUS ONT::DEFINITE)
<                                            (W::VAR V39718)
<                                            (W::SORT W::INDIVIDUAL)
<                                            (W::LEX (W::A))
<                                            (W::CLASS ONT::SEQUENCE)
<                                            (W::CONSTRAINT (% &amp; (W::NAME-OF (W::A))
<                                                              (W::VAL (W::A))))
<                                            (W::LEX W::A) (W::SEM ?26344)
<                                            (W::TRANSFORM ?26345)))
<                                  (W::CASE ?26343:(W::SUB W::OBJ -))
<                                  (W::AGR ?26342) (W::CLASS ONT::ANY-SEM)
<                                  (W::VAR V39718) (W::SORT W::PRED) (W::NAME -)
<                                  (W::PRO -) (W::CHANGEAGR -) (W::LEX W::A)
<                                  (W::HEADCAT W::VALUE) (W::TRANSFORM -)
<                                  (W::REFL -) (1 RNUMBER39739))
< *last-utt-id*=NIL  utt-id+5
< *last-utt-id*=5  utt-id+NIL</debug><utt><words><lisp>(W::A W::LARGE W::GREY W::AND W::BLACK W::BUILDING W::BEHIND W::IT
<  W::PUNC-PERIOD)</lisp><word>A</word><word>LARGE</word><word>GREY</word><word>AND</word><word>BLACK</word><word>BUILDING</word><word>BEHIND</word><word>IT</word><word>PUNC-PERIOD</word></words><tags><lisp>((WORD &quot;a&quot; :FRAME (0 1) :SENSE-INFO
<   ((:PENN-PARTS-OF-SPEECH (DT) :TRIPS-PARTS-OF-SPEECH (W::ART W::QUAN W::PRO)))
<   :UTTNUM 5 :CHANNEL DESKTOP :DIRECTION INPUT)
<  (WORD &quot;large&quot; :FRAME (2 7) :SENSE-INFO
<   ((:PENN-PARTS-OF-SPEECH (JJ) :TRIPS-PARTS-OF-SPEECH (W::ADJ))) :UTTNUM 5
<   :CHANNEL DESKTOP :DIRECTION INPUT)
<  (WORD &quot;grey&quot; :FRAME (8 12) :SENSE-INFO
<   ((:PENN-PARTS-OF-SPEECH (NN JJ) :TRIPS-PARTS-OF-SPEECH (W::N W::ADJ)
<     :ALTERNATE-SPELLINGS (&quot;gray&quot;)))
<   :UTTNUM 5 :CHANNEL DESKTOP :DIRECTION INPUT)
<  (WORD &quot;and&quot; :FRAME (13 16) :SENSE-INFO
<   ((:PENN-PARTS-OF-SPEECH (CC) :TRIPS-PARTS-OF-SPEECH (W::CONJ))) :UTTNUM 5
<   :CHANNEL DESKTOP :DIRECTION INPUT)
<  (WORD &quot;black&quot; :FRAME (17 22) :SENSE-INFO
<   ((:PENN-PARTS-OF-SPEECH (JJ) :TRIPS-PARTS-OF-SPEECH (W::ADJ))) :UTTNUM 5
<   :CHANNEL DESKTOP :DIRECTION INPUT)
<  (PREFER &quot;grey and black&quot; :FRAME (8 22) :PENN-CATS (ADJP) :TRIPS-CATS (W::ADJP)
<   :SCORE 17.923 :UTTNUM 5 :CHANNEL DESKTOP :DIRECTION INPUT)
<  (WORD &quot;building&quot; :FRAME (23 31) :SENSE-INFO
<   ((:PENN-PARTS-OF-SPEECH (NN) :TRIPS-PARTS-OF-SPEECH (W::N))) :UTTNUM 5
<   :CHANNEL DESKTOP :DIRECTION INPUT)
<  (PREFER &quot;a large grey and black building&quot; :FRAME (0 31) :PENN-CATS (NP)
<   :TRIPS-CATS (W::NP) :SCORE 37.338 :UTTNUM 5 :CHANNEL DESKTOP :DIRECTION
<   INPUT)
<  (WORD &quot;behind&quot; :FRAME (32 38) :SENSE-INFO
<   ((:PENN-PARTS-OF-SPEECH (IN) :TRIPS-PARTS-OF-SPEECH (W::PREP W::ADV)))
<   :UTTNUM 5 :CHANNEL DESKTOP :DIRECTION INPUT)
<  (WORD &quot;it&quot; :FRAME (39 41) :SENSE-INFO
<   ((:PENN-PARTS-OF-SPEECH (PRP) :TRIPS-PARTS-OF-SPEECH (W::PRO))) :UTTNUM 5
<   :CHANNEL DESKTOP :DIRECTION INPUT)
<  (PREFER &quot;it&quot; :FRAME (39 41) :PENN-CATS (NP) :TRIPS-CATS (W::NP) :SCORE 5.613
<   :UTTNUM 5 :CHANNEL DESKTOP :DIRECTION INPUT)
<  (PREFER &quot;behind it&quot; :FRAME (32 41) :PENN-CATS (PP) :TRIPS-CATS (W::PP) :SCORE
<   13.385 :UTTNUM 5 :CHANNEL DESKTOP :DIRECTION INPUT)
<  (WORD &quot;.&quot; :FRAME (42 42) :SENSE-INFO
<   ((:PENN-PARTS-OF-SPEECH (FULL_STOP) :TRIPS-PARTS-OF-SPEECH (W::PUNC)))
<   :UTTNUM 5 :CHANNEL DESKTOP :DIRECTION INPUT)
<  (PREFER &quot;a large grey and black building behind it .&quot; :FRAME (0 42) :PENN-CATS
<   (NP) :TRIPS-CATS (W::NP) :SCORE 57.662 :UTTNUM 5 :CHANNEL DESKTOP :DIRECTION
<   INPUT))</lisp><word lex="a" start="0" end="1"><sense-info penn-parts-of-speech="DT" trips-parts-of-speech="ART,QUAN,PRO" /></word><word lex="large" start="2" end="7"><sense-info penn-parts-of-speech="JJ" trips-parts-of-speech="ADJ" /></word><word lex="grey" start="8" end="12"><sense-info penn-parts-of-speech="NN,JJ" trips-parts-of-speech="N,ADJ" alternate-spellings="gray" /></word><word lex="and" start="13" end="16"><sense-info penn-parts-of-speech="CC" trips-parts-of-speech="CONJ" /></word><word lex="black" start="17" end="22"><sense-info penn-parts-of-speech="JJ" trips-parts-of-speech="ADJ" /></word><prefer text="grey and black" start="8" end="22" penn-cats="ADJP" score="17.923" /><word lex="building" start="23" end="31"><sense-info penn-parts-of-speech="NN" trips-parts-of-speech="N" /></word><prefer text="a large grey and black building" start="0" end="31" penn-cats="NP" score="37.338" /><word lex="behind" start="32" end="38"><sense-info penn-parts-of-speech="IN" trips-parts-of-speech="PREP,ADV" /></word><word lex="it" start="39" end="41"><sense-info penn-parts-of-speech="PRP" trips-parts-of-speech="PRO" /></word><prefer text="it" start="39" end="41" penn-cats="NP" score="5.613" /><prefer text="behind it" start="32" end="41" penn-cats="PP" score="13.385" /><word lex="." start="42" end="42"><sense-info penn-parts-of-speech="FULL_STOP" trips-parts-of-speech="PUNC" /></word><prefer text="a large grey and black building behind it ." start="0" end="42" penn-cats="NP" score="57.662" /></tags><tree><lisp>(UTT
<  (UTT
<   (NP (SPEC (DET (ART A)))
<    (N1
<     (N1 (ADJP (ADJ1 (ADJ LARGE)))
<      (N1 (ADJP (ADJP (ADJ1 (ADJ GREY))) (CONJ AND) (ADJP (ADJ1 (ADJ BLACK))))
<       (N1 (N BUILDING))))
<     (ADVBL (ADV BEHIND) (NP (PRO IT))))))
<  (PUNC PUNC-PERIOD))</lisp><UTT><UTT><NP><SPEC><DET><ART>A</ART></DET></SPEC><N1><N1><ADJP><ADJ1><ADJ>LARGE</ADJ></ADJ1></ADJP><N1><ADJP><ADJP><ADJ1><ADJ>GREY</ADJ></ADJ1></ADJP><CONJ>AND</CONJ><ADJP><ADJ1><ADJ>BLACK</ADJ></ADJ1></ADJP></ADJP><N1><N>BUILDING</N></N1></N1></N1><ADVBL><ADV>BEHIND</ADV><NP><PRO>IT</PRO></NP></ADVBL></N1></NP></UTT><PUNC>PUNC-PERIOD</PUNC></UTT></tree><terms root="#V39420"><lisp>((ONT::SPEECHACT ONT::V39420 ONT::SA_IDENTIFY :PUNCTYPE W::DECL :CONTENT
<   ONT::V39326 :START 0 :END 42)
<  (ONT::A ONT::V39326 (:* ONT::GENERAL-STRUCTURE W::BUILDING) :LOCATION
<   ONT::V39339 :MOD ONT::V39299 :MOD ONT::V39369 :START 0 :END 42)
<  (ONT::F ONT::V39299 (:* ONT::LARGE W::LARGE) :ORIENTATION ONT::MORE :INTENSITY
<   ONT::MED :FIGURE ONT::V39326 :SCALE ONT::SIZE-SCALE :START 2 :END 8)
<  (ONT::F ONT::V39369 ONT::COLOR-VAL :SEQUENCE (ONT::V39302 ONT::V39321)
<   :OPERATOR ONT::AND :START 8 :END 23)
<  (ONT::F ONT::V39302 (:* ONT::GRAY W::GREY) :FIGURE ONT::V39326 :SCALE
<   ONT::GREYNESS*1--07--00 :START 8 :END 13)
<  (ONT::F ONT::V39321 (:* ONT::BLACK W::BLACK) :FIGURE ONT::V39326 :SCALE
<   ONT::BLACKNESS*1--07--00 :START 17 :END 23)
<  (ONT::F ONT::V39339 (:* ONT::BACK W::BEHIND) :GROUND ONT::V39342 :FIGURE
<   ONT::V39326 :START 32 :END 42)
<  (ONT::PRO ONT::V39342 (:* ONT::REFERENTIAL-SEM W::IT) :PROFORM W::IT :START 39
<   :END 42))</lisp><rdf:RDF
<   xmlns:rdf="http://www.w3.org/1999/02/22-rdf-syntax-ns#"
<   xmlns:role="http://www.cs.rochester.edu/research/trips/role#"
<   xmlns:LF="http://www.cs.rochester.edu/research/trips/LF#">
<   <rdf:Description rdf:ID="V39420">
<     <LF:indicator>SPEECHACT</LF:indicator>
<     <LF:type>SA_IDENTIFY</LF:type>
<     <role:PUNCTYPE>DECL</role:PUNCTYPE>
<     <role:CONTENT rdf:resource="#V39326" />
<     <LF:start>0</LF:start>
<     <LF:end>42</LF:end>
<   </rdf:Description>
<   <rdf:Description rdf:ID="V39326">
<     <LF:indicator>A</LF:indicator>
<     <LF:type>GENERAL-STRUCTURE</LF:type>
<     <LF:word>BUILDING</LF:word>
<     <role:LOCATION rdf:resource="#V39339" />
<     <role:MOD rdf:resource="#V39299" />
<     <role:MOD rdf:resource="#V39369" />
<     <LF:start>0</LF:start>
<     <LF:end>42</LF:end>
<   </rdf:Description>
<   <rdf:Description rdf:ID="V39299">
<     <LF:indicator>F</LF:indicator>
<     <LF:type>LARGE</LF:type>
<     <LF:word>LARGE</LF:word>
<     <role:ORIENTATION>MORE</role:ORIENTATION>
<     <role:INTENSITY>MED</role:INTENSITY>
<     <role:FIGURE rdf:resource="#V39326" />
<     <role:SCALE>SIZE-SCALE</role:SCALE>
<     <LF:start>2</LF:start>
<     <LF:end>8</LF:end>
<   </rdf:Description>
<   <rdf:Description rdf:ID="V39369">
<     <LF:indicator>F</LF:indicator>
<     <LF:type>COLOR-VAL</LF:type>
<     <role:SEQUENCE rdf:resource="#V39302" />
<     <role:SEQUENCE1 rdf:resource="#V39321" />
<     <role:OPERATOR>AND</role:OPERATOR>
<     <LF:start>8</LF:start>
<     <LF:end>23</LF:end>
<   </rdf:Description>
<   <rdf:Description rdf:ID="V39302">
<     <LF:indicator>F</LF:indicator>
<     <LF:type>GRAY</LF:type>
<     <LF:word>GREY</LF:word>
<     <role:FIGURE rdf:resource="#V39326" />
<     <role:SCALE>GREYNESS*1--07--00</role:SCALE>
<     <LF:start>8</LF:start>
<     <LF:end>13</LF:end>
<   </rdf:Description>
<   <rdf:Description rdf:ID="V39321">
<     <LF:indicator>F</LF:indicator>
<     <LF:type>BLACK</LF:type>
<     <LF:word>BLACK</LF:word>
<     <role:FIGURE rdf:resource="#V39326" />
<     <role:SCALE>BLACKNESS*1--07--00</role:SCALE>
<     <LF:start>17</LF:start>
<     <LF:end>23</LF:end>
<   </rdf:Description>
<   <rdf:Description rdf:ID="V39339">
<     <LF:indicator>F</LF:indicator>
<     <LF:type>BACK</LF:type>
<     <LF:word>BEHIND</LF:word>
<     <role:GROUND rdf:resource="#V39342" />
<     <role:FIGURE rdf:resource="#V39326" />
<     <LF:start>32</LF:start>
<     <LF:end>42</LF:end>
<   </rdf:Description>
<   <rdf:Description rdf:ID="V39342">
<     <LF:indicator>PRO</LF:indicator>
<     <LF:type>REFERENTIAL-SEM</LF:type>
<     <LF:word>IT</LF:word>
<     <role:PROFORM>IT</role:PROFORM>
<     <LF:start>39</LF:start>
<     <LF:end>42</LF:end>
<   </rdf:Description>
< </rdf:RDF>
< </terms></utt></trips-parser-output>
\ No newline at end of file
---
> <SpRL>
>  <SCENE>
>   <SENTENCE id="s1" indicator="SPEECHACT" type="SA_IDENTIFY" PUNCTYPE="DECL" start="0" end="42">
>    <TEXT>a large grey and black building behind it .</TEXT>
>    <RELATION id="1" head="V39420" res="V39326" label="CONTENT"/>
>    <PHRASE id="V39326" indicator="A" type="GENERAL-STRUCTURE" text="BUILDING" start="0" end="42"/>
>    <RELATION id="2" head="V39326" res="V39339" label="LOCATION"/>
>    <RELATION id="3" head="V39326" res="V39299" label="MOD"/>
>    <RELATION id="4" head="V39326" res="V39369" label="MOD"/>
>    <PHRASE id="V39299" indicator="F" type="LARGE" text="LARGE" ORIENTATION="MORE" INTENSITY="MED" SCALE="SIZE-SCALE" start="2" end="8"/>
>    <RELATION id="5" head="V39299" res="V39326" label="FIGURE"/>
>    <PHRASE id="V39369" indicator="F" type="COLOR-VAL" OPERATOR="AND" start="8" end="23"/>
>    <RELATION id="6" head="V39369" res="V39302" label="SEQUENCE"/>
>    <RELATION id="7" head="V39369" res="V39321" label="SEQUENCE1"/>
>    <PHRASE id="V39302" indicator="F" type="GRAY" text="GREY" SCALE="GREYNESS*1--07--00" start="8" end="13"/>
>    <RELATION id="8" head="V39302" res="V39326" label="FIGURE"/>
>    <PHRASE id="V39321" indicator="F" type="BLACK" text="BLACK" SCALE="BLACKNESS*1--07--00" start="17" end="23"/>
>    <RELATION id="9" head="V39321" res="V39326" label="FIGURE"/>
>    <PHRASE id="V39339" indicator="F" type="BACK" text="BEHIND" start="32" end="42"/>
>    <RELATION id="10" head="V39339" res="V39342" label="GROUND"/>
>    <RELATION id="11" head="V39339" res="V39326" label="FIGURE"/>
>    <PHRASE id="V39342" indicator="PRO" type="REFERENTIAL-SEM" text="IT" PROFORM="IT" start="39" end="42"/>
>   </SENTENCE>
>  </SCENE>
> </SpRL>
