2,299c2,45
< <?xml-stylesheet type="text/xsl" href="../style/parser-interface.xsl"?>
< <!DOCTYPE trips-parser-output SYSTEM "../trips-parser-output.dtd">
< <trips-parser-output parser-build-date="2017-09-20T12:11:02-0500" system="STEP" extsformat="svg" tagsformat="hidden" treecontents="phrase" treeformat="LinGO" lfformat="svg" semantic-skeleton-scoring="T" rule-sets="" input="six of the tourists are standing behind them and are watching them , one tourist is taking a photo .
< ">
< <debug>
< *last-utt-id*=NIL  utt-id+60
< *last-utt-id*=60  utt-id+60
< *last-utt-id*=60  utt-id+NIL
< *last-utt-id*=NIL  utt-id+60
< *last-utt-id*=60  utt-id+NIL</debug><compound-communication-act>
< <utt><words><lisp>(W::SIX W::OF W::THE W::TOURISTS)</lisp><word>SIX</word><word>OF</word><word>THE</word><word>TOURISTS</word></words><tags><lisp>((WORD &quot;six&quot; :FRAME (0 3) :SENSE-INFO
<   ((:PENN-PARTS-OF-SPEECH (CD) :TRIPS-PARTS-OF-SPEECH
<     (W::NUMBER W::NUMBER-UNIT)))
<   :UTTNUM 60 :CHANNEL DESKTOP :DIRECTION INPUT)
<  (PREFER &quot;six&quot; :FRAME (0 3) :PENN-CATS (NP) :TRIPS-CATS (W::NP) :SCORE 8.69
<   :UTTNUM 60 :CHANNEL DESKTOP :DIRECTION INPUT)
<  (WORD &quot;of&quot; :FRAME (4 6) :SENSE-INFO
<   ((:PENN-PARTS-OF-SPEECH (IN) :TRIPS-PARTS-OF-SPEECH (W::PREP W::ADV)))
<   :UTTNUM 60 :CHANNEL DESKTOP :DIRECTION INPUT)
<  (WORD &quot;the&quot; :FRAME (7 10) :SENSE-INFO
<   ((:PENN-PARTS-OF-SPEECH (DT) :TRIPS-PARTS-OF-SPEECH (W::ART W::QUAN W::PRO)))
<   :UTTNUM 60 :CHANNEL DESKTOP :DIRECTION INPUT)
<  (WORD &quot;tourists&quot; :FRAME (11 19) :SENSE-INFO
<   ((:PENN-PARTS-OF-SPEECH (NNS) :TRIPS-PARTS-OF-SPEECH (W::N))) :UTTNUM 60
<   :CHANNEL DESKTOP :DIRECTION INPUT)
<  (PREFER &quot;the tourists&quot; :FRAME (7 19) :PENN-CATS (NP) :TRIPS-CATS (W::NP)
<   :SCORE 12.443 :UTTNUM 60 :CHANNEL DESKTOP :DIRECTION INPUT)
<  (PREFER &quot;of the tourists&quot; :FRAME (4 19) :PENN-CATS (PP) :TRIPS-CATS (W::PP)
<   :SCORE 13.511 :UTTNUM 60 :CHANNEL DESKTOP :DIRECTION INPUT)
<  (PREFER &quot;six of the tourists&quot; :FRAME (0 19) :PENN-CATS (NP) :TRIPS-CATS
<   (W::NP) :SCORE 22.567 :UTTNUM 60 :CHANNEL DESKTOP :DIRECTION INPUT))</lisp><word lex="six" start="0" end="3"><sense-info penn-parts-of-speech="CD" trips-parts-of-speech="NUMBER,NUMBER-UNIT" /></word><prefer text="six" start="0" end="3" penn-cats="NP" score="8.69" /><word lex="of" start="4" end="6"><sense-info penn-parts-of-speech="IN" trips-parts-of-speech="PREP,ADV" /></word><word lex="the" start="7" end="10"><sense-info penn-parts-of-speech="DT" trips-parts-of-speech="ART,QUAN,PRO" /></word><word lex="tourists" start="11" end="19"><sense-info penn-parts-of-speech="NNS" trips-parts-of-speech="N" /></word><prefer text="the tourists" start="7" end="19" penn-cats="NP" score="12.443" /><prefer text="of the tourists" start="4" end="19" penn-cats="PP" score="13.511" /><prefer text="six of the tourists" start="0" end="19" penn-cats="NP" score="22.567" /></tags><tree><lisp>(NP
<  (N1 (N1 (NAME (TIME-VALUE (NUMBER SIX))))
<   (ADVBL (ADV OF) (NP (SPEC (DET (ART THE))) (N1 (N TOURISTS))))))</lisp><NP><N1><N1><NAME><TIME-VALUE><NUMBER>SIX</NUMBER></TIME-VALUE></NAME></N1><ADVBL><ADV>OF</ADV><NP><SPEC><DET><ART>THE</ART></DET></SPEC><N1><N>TOURISTS</N></N1></NP></ADVBL></N1></NP></tree><terms root="#V317541"><lisp>((ONT::BARE ONT::V317541 ONT::TIME-LOC :HOUR 6 :MOD ONT::V317545 :START 0 :END
<   20)
<  (ONT::F ONT::V317545 (:* ONT::CONTAIN-RELN W::OF) :GROUND ONT::V317559 :FIGURE
<   ONT::V317541 :START 4 :END 20)
<  (ONT::THE-SET ONT::V317559 (:* ONT::TRAVELLER W::TOURISTS) :START 7 :END 20))</lisp><rdf:RDF
<   xmlns:rdf="http://www.w3.org/1999/02/22-rdf-syntax-ns#"
<   xmlns:role="http://www.cs.rochester.edu/research/trips/role#"
<   xmlns:LF="http://www.cs.rochester.edu/research/trips/LF#">
<   <rdf:Description rdf:ID="V317541">
<     <LF:indicator>BARE</LF:indicator>
<     <LF:type>TIME-LOC</LF:type>
<     <role:HOUR>6</role:HOUR>
<     <role:MOD rdf:resource="#V317545" />
<     <LF:start>0</LF:start>
<     <LF:end>20</LF:end>
<   </rdf:Description>
<   <rdf:Description rdf:ID="V317545">
<     <LF:indicator>F</LF:indicator>
<     <LF:type>CONTAIN-RELN</LF:type>
<     <LF:word>OF</LF:word>
<     <role:GROUND rdf:resource="#V317559" />
<     <role:FIGURE rdf:resource="#V317541" />
<     <LF:start>4</LF:start>
<     <LF:end>20</LF:end>
<   </rdf:Description>
<   <rdf:Description rdf:ID="V317559">
<     <LF:indicator>THE-SET</LF:indicator>
<     <LF:type>TRAVELLER</LF:type>
<     <LF:word>TOURISTS</LF:word>
<     <LF:start>7</LF:start>
<     <LF:end>20</LF:end>
<   </rdf:Description>
< </rdf:RDF>
< </terms></utt><utt><words><lisp>(W::ARE W::STANDING W::BEHIND W::THEM W::AND W::ARE W::WATCHING W::THEM
<  W::PUNC-COMMA)</lisp><word>ARE</word><word>STANDING</word><word>BEHIND</word><word>THEM</word><word>AND</word><word>ARE</word><word>WATCHING</word><word>THEM</word><word>PUNC-COMMA</word></words><tags><lisp>((WORD &quot;are&quot; :FRAME (20 23) :SENSE-INFO
<   ((:PENN-PARTS-OF-SPEECH (VBP) :TRIPS-PARTS-OF-SPEECH (W::V))) :UTTNUM 60
<   :CHANNEL DESKTOP :DIRECTION INPUT)
<  (WORD &quot;standing&quot; :FRAME (24 32) :SENSE-INFO
<   ((:PENN-PARTS-OF-SPEECH (VBG) :TRIPS-PARTS-OF-SPEECH (W::V))) :UTTNUM 60
<   :CHANNEL DESKTOP :DIRECTION INPUT)
<  (WORD &quot;behind&quot; :FRAME (33 39) :SENSE-INFO
<   ((:PENN-PARTS-OF-SPEECH (IN) :TRIPS-PARTS-OF-SPEECH (W::PREP W::ADV)))
<   :UTTNUM 60 :CHANNEL DESKTOP :DIRECTION INPUT)
<  (WORD &quot;them&quot; :FRAME (40 44) :SENSE-INFO
<   ((:PENN-PARTS-OF-SPEECH (PRP) :TRIPS-PARTS-OF-SPEECH (W::PRO))) :UTTNUM 60
<   :CHANNEL DESKTOP :DIRECTION INPUT)
<  (PREFER &quot;them&quot; :FRAME (40 44) :PENN-CATS (NP) :TRIPS-CATS (W::NP) :SCORE 7.534
<   :UTTNUM 60 :CHANNEL DESKTOP :DIRECTION INPUT)
<  (PREFER &quot;behind them&quot; :FRAME (33 44) :PENN-CATS (PP) :TRIPS-CATS (W::PP)
<   :SCORE 15.017 :UTTNUM 60 :CHANNEL DESKTOP :DIRECTION INPUT)
<  (PREFER &quot;standing behind them&quot; :FRAME (24 44) :PENN-CATS (VP) :TRIPS-CATS
<   (W::VP) :SCORE 24.191 :UTTNUM 60 :CHANNEL DESKTOP :DIRECTION INPUT)
<  (PREFER &quot;are standing behind them&quot; :FRAME (20 44) :PENN-CATS (VP) :TRIPS-CATS
<   (W::VP) :SCORE 29.906 :UTTNUM 60 :CHANNEL DESKTOP :DIRECTION INPUT)
<  (WORD &quot;and&quot; :FRAME (45 48) :SENSE-INFO
<   ((:PENN-PARTS-OF-SPEECH (CC) :TRIPS-PARTS-OF-SPEECH (W::CONJ))) :UTTNUM 60
<   :CHANNEL DESKTOP :DIRECTION INPUT)
<  (WORD &quot;are&quot; :FRAME (49 52) :SENSE-INFO
<   ((:PENN-PARTS-OF-SPEECH (VBP) :TRIPS-PARTS-OF-SPEECH (W::V))) :UTTNUM 60
<   :CHANNEL DESKTOP :DIRECTION INPUT)
<  (WORD &quot;watching&quot; :FRAME (53 61) :SENSE-INFO
<   ((:PENN-PARTS-OF-SPEECH (VBG) :TRIPS-PARTS-OF-SPEECH (W::V))) :UTTNUM 60
<   :CHANNEL DESKTOP :DIRECTION INPUT)
<  (WORD &quot;them&quot; :FRAME (62 66) :SENSE-INFO
<   ((:PENN-PARTS-OF-SPEECH (PRP) :TRIPS-PARTS-OF-SPEECH (W::PRO))) :UTTNUM 60
<   :CHANNEL DESKTOP :DIRECTION INPUT)
<  (PREFER &quot;them&quot; :FRAME (62 66) :PENN-CATS (NP) :TRIPS-CATS (W::NP) :SCORE 5.879
<   :UTTNUM 60 :CHANNEL DESKTOP :DIRECTION INPUT)
<  (PREFER &quot;watching them&quot; :FRAME (53 66) :PENN-CATS (VP) :TRIPS-CATS (W::VP)
<   :SCORE 13.929 :UTTNUM 60 :CHANNEL DESKTOP :DIRECTION INPUT)
<  (PREFER &quot;are watching them&quot; :FRAME (49 66) :PENN-CATS (VP) :TRIPS-CATS (W::VP)
<   :SCORE 19.645 :UTTNUM 60 :CHANNEL DESKTOP :DIRECTION INPUT)
<  (PREFER &quot;are standing behind them and are watching them&quot; :FRAME (20 66)
<   :PENN-CATS (VP) :TRIPS-CATS (W::VP) :SCORE 53.824 :UTTNUM 60 :CHANNEL DESKTOP
<   :DIRECTION INPUT)
<  (PREFER &quot;six of the tourists are standing behind them and are watching them&quot;
<   :FRAME (0 66) :PENN-CATS (S) :SCORE 78.887 :UTTNUM 60 :CHANNEL DESKTOP
<   :DIRECTION INPUT)
<  (WORD &quot;,&quot; :FRAME (67 67) :SENSE-INFO
<   ((:PENN-PARTS-OF-SPEECH (COMMA) :TRIPS-PARTS-OF-SPEECH (W::PUNC))) :UTTNUM 60
<   :CHANNEL DESKTOP :DIRECTION INPUT))</lisp><word lex="are" start="20" end="23"><sense-info penn-parts-of-speech="VBP" trips-parts-of-speech="V" /></word><word lex="standing" start="24" end="32"><sense-info penn-parts-of-speech="VBG" trips-parts-of-speech="V" /></word><word lex="behind" start="33" end="39"><sense-info penn-parts-of-speech="IN" trips-parts-of-speech="PREP,ADV" /></word><word lex="them" start="40" end="44"><sense-info penn-parts-of-speech="PRP" trips-parts-of-speech="PRO" /></word><prefer text="them" start="40" end="44" penn-cats="NP" score="7.534" /><prefer text="behind them" start="33" end="44" penn-cats="PP" score="15.017" /><prefer text="standing behind them" start="24" end="44" penn-cats="VP" score="24.191" /><prefer text="are standing behind them" start="20" end="44" penn-cats="VP" score="29.906" /><word lex="and" start="45" end="48"><sense-info penn-parts-of-speech="CC" trips-parts-of-speech="CONJ" /></word><word lex="are" start="49" end="52"><sense-info penn-parts-of-speech="VBP" trips-parts-of-speech="V" /></word><word lex="watching" start="53" end="61"><sense-info penn-parts-of-speech="VBG" trips-parts-of-speech="V" /></word><word lex="them" start="62" end="66"><sense-info penn-parts-of-speech="PRP" trips-parts-of-speech="PRO" /></word><prefer text="them" start="62" end="66" penn-cats="NP" score="5.879" /><prefer text="watching them" start="53" end="66" penn-cats="VP" score="13.929" /><prefer text="are watching them" start="49" end="66" penn-cats="VP" score="19.645" /><prefer text="are standing behind them and are watching them" start="20" end="66" penn-cats="VP" score="53.824" /><prefer text="six of the tourists are standing behind them and are watching them" start="0" end="66" penn-cats="S" score="78.887" /><word lex="," start="67" end="67"><sense-info penn-parts-of-speech="COMMA" trips-parts-of-speech="PUNC" /></word></tags><tree><lisp>(UTT
<  (UTT
<   (VP
<    (VP-
<     (VP- (AUX (V ARE))
<      (VP- (VP- (V STANDING)) (ADVBL (ADV BEHIND) (NP (PRO THEM)))))
<     (CONJ AND) (VP- (AUX (V ARE)) (VP- (V WATCHING) (NP (PRO THEM)))))))
<  (PUNC PUNC-COMMA))</lisp><UTT><UTT><VP><VP-><VP-><AUX><V>ARE</V></AUX><VP-><VP-><V>STANDING</V></VP-><ADVBL><ADV>BEHIND</ADV><NP><PRO>THEM</PRO></NP></ADVBL></VP-></VP-><CONJ>AND</CONJ><VP-><AUX><V>ARE</V></AUX><VP-><V>WATCHING</V><NP><PRO>THEM</PRO></NP></VP-></VP-></VP-></VP></UTT><PUNC>PUNC-COMMA</PUNC></UTT></tree><terms root="#V318435"><lisp>((ONT::SPEECHACT ONT::V318435 ONT::SA_TELL :CONTENT ONT::V318206 :START 20 :END
<   67)
<  (ONT::F ONT::V318206 ONT::SITUATION-ROOT :OPERATOR ONT::AND :SEQUENCE
<   (ONT::V317583 ONT::V317622) :TENSE W::PRES :START 20 :END 67)
<  (ONT::F ONT::V317622 (:* ONT::SCRUTINY W::WATCH) :AGENT ONT::V318436 :NEUTRAL
<   ONT::V317627 :START 20 :END 67)
<  (ONT::F ONT::V317583 (:* ONT::BE-AT-LOC W::STAND) :NEUTRAL ONT::V318436
<   :LOCATION ONT::V317588 :START 20 :END 67)
<  (ONT::IMPRO ONT::V318436 ONT::REFERENTIAL-SEM :PROFORM W::SUBJ :START 20 :END
<   67)
<  (ONT::F ONT::V317588 (:* ONT::BACK W::BEHIND) :GROUND ONT::V317591 :FIGURE
<   ONT::V317583 :START 33 :END 45)
<  (ONT::PRO-SET ONT::V317591 (:* ONT::REFERENTIAL-SEM W::THEM) :PROFORM W::THEM
<   :START 40 :END 45 :COREF ONT::V317559)
<  (ONT::PRO-SET ONT::V317627 (:* ONT::REFERENTIAL-SEM W::THEM) :PROFORM W::THEM
<   :START 62 :END 67 :COREF ONT::V317559))</lisp><rdf:RDF
<   xmlns:rdf="http://www.w3.org/1999/02/22-rdf-syntax-ns#"
<   xmlns:role="http://www.cs.rochester.edu/research/trips/role#"
<   xmlns:LF="http://www.cs.rochester.edu/research/trips/LF#">
<   <rdf:Description rdf:ID="V318435">
<     <LF:indicator>SPEECHACT</LF:indicator>
<     <LF:type>SA_TELL</LF:type>
<     <role:CONTENT rdf:resource="#V318206" />
<     <LF:start>20</LF:start>
<     <LF:end>67</LF:end>
<   </rdf:Description>
<   <rdf:Description rdf:ID="V318206">
<     <LF:indicator>F</LF:indicator>
<     <LF:type>SITUATION-ROOT</LF:type>
<     <role:OPERATOR>AND</role:OPERATOR>
<     <role:SEQUENCE rdf:resource="#V317583" />
<     <role:SEQUENCE1 rdf:resource="#V317622" />
<     <role:TENSE>PRES</role:TENSE>
<     <LF:start>20</LF:start>
<     <LF:end>67</LF:end>
<   </rdf:Description>
<   <rdf:Description rdf:ID="V317622">
<     <LF:indicator>F</LF:indicator>
<     <LF:type>SCRUTINY</LF:type>
<     <LF:word>WATCH</LF:word>
<     <role:AGENT rdf:resource="#V318436" />
<     <role:NEUTRAL rdf:resource="#V317627" />
<     <LF:start>20</LF:start>
<     <LF:end>67</LF:end>
<   </rdf:Description>
<   <rdf:Description rdf:ID="V317583">
<     <LF:indicator>F</LF:indicator>
<     <LF:type>BE-AT-LOC</LF:type>
<     <LF:word>STAND</LF:word>
<     <role:NEUTRAL rdf:resource="#V318436" />
<     <role:LOCATION rdf:resource="#V317588" />
<     <LF:start>20</LF:start>
<     <LF:end>67</LF:end>
<   </rdf:Description>
<   <rdf:Description rdf:ID="V318436">
<     <LF:indicator>IMPRO</LF:indicator>
<     <LF:type>REFERENTIAL-SEM</LF:type>
<     <role:PROFORM>SUBJ</role:PROFORM>
<     <LF:start>20</LF:start>
<     <LF:end>67</LF:end>
<   </rdf:Description>
<   <rdf:Description rdf:ID="V317588">
<     <LF:indicator>F</LF:indicator>
<     <LF:type>BACK</LF:type>
<     <LF:word>BEHIND</LF:word>
<     <role:GROUND rdf:resource="#V317591" />
<     <role:FIGURE rdf:resource="#V317583" />
<     <LF:start>33</LF:start>
<     <LF:end>45</LF:end>
<   </rdf:Description>
<   <rdf:Description rdf:ID="V317591">
<     <LF:indicator>PRO-SET</LF:indicator>
<     <LF:type>REFERENTIAL-SEM</LF:type>
<     <LF:word>THEM</LF:word>
<     <role:PROFORM>THEM</role:PROFORM>
<     <LF:start>40</LF:start>
<     <LF:end>45</LF:end>
<     <role:COREF rdf:resource="#V317559" />
<   </rdf:Description>
<   <rdf:Description rdf:ID="V317627">
<     <LF:indicator>PRO-SET</LF:indicator>
<     <LF:type>REFERENTIAL-SEM</LF:type>
<     <LF:word>THEM</LF:word>
<     <role:PROFORM>THEM</role:PROFORM>
<     <LF:start>62</LF:start>
<     <LF:end>67</LF:end>
<     <role:COREF rdf:resource="#V317559" />
<   </rdf:Description>
< </rdf:RDF>
< </terms></utt></compound-communication-act>
< <utt><words><lisp>(W::ONE W::TOURIST W::IS W::TAKING W::A W::PHOTO W::PUNC-PERIOD)</lisp><word>ONE</word><word>TOURIST</word><word>IS</word><word>TAKING</word><word>A</word><word>PHOTO</word><word>PUNC-PERIOD</word></words><tags><lisp>((WORD &quot;one&quot; :FRAME (69 72) :SENSE-INFO
<   ((:PENN-PARTS-OF-SPEECH (CD) :TRIPS-PARTS-OF-SPEECH
<     (W::NUMBER W::NUMBER-UNIT)))
<   :UTTNUM 60 :CHANNEL DESKTOP :DIRECTION INPUT)
<  (WORD &quot;tourist&quot; :FRAME (73 80) :SENSE-INFO
<   ((:PENN-PARTS-OF-SPEECH (NN) :TRIPS-PARTS-OF-SPEECH (W::N))) :UTTNUM 60
<   :CHANNEL DESKTOP :DIRECTION INPUT)
<  (PREFER &quot;one tourist&quot; :FRAME (69 80) :PENN-CATS (NP) :TRIPS-CATS (W::NP)
<   :SCORE 18.286 :UTTNUM 60 :CHANNEL DESKTOP :DIRECTION INPUT)
<  (WORD &quot;is&quot; :FRAME (81 83) :SENSE-INFO
<   ((:PENN-PARTS-OF-SPEECH (VBZ) :TRIPS-PARTS-OF-SPEECH (W::V))) :UTTNUM 60
<   :CHANNEL DESKTOP :DIRECTION INPUT)
<  (WORD &quot;taking&quot; :FRAME (84 90) :SENSE-INFO
<   ((:PENN-PARTS-OF-SPEECH (VBG) :TRIPS-PARTS-OF-SPEECH (W::V))) :UTTNUM 60
<   :CHANNEL DESKTOP :DIRECTION INPUT)
<  (WORD &quot;a&quot; :FRAME (91 92) :SENSE-INFO
<   ((:PENN-PARTS-OF-SPEECH (DT) :TRIPS-PARTS-OF-SPEECH (W::ART W::QUAN W::PRO)))
<   :UTTNUM 60 :CHANNEL DESKTOP :DIRECTION INPUT)
<  (WORD &quot;photo&quot; :FRAME (93 98) :SENSE-INFO
<   ((:PENN-PARTS-OF-SPEECH (NN) :TRIPS-PARTS-OF-SPEECH (W::N))) :UTTNUM 60
<   :CHANNEL DESKTOP :DIRECTION INPUT)
<  (PREFER &quot;a photo&quot; :FRAME (91 98) :PENN-CATS (NP) :TRIPS-CATS (W::NP) :SCORE
<   13.465 :UTTNUM 60 :CHANNEL DESKTOP :DIRECTION INPUT)
<  (PREFER &quot;taking a photo&quot; :FRAME (84 98) :PENN-CATS (VP) :TRIPS-CATS (W::VP)
<   :SCORE 20.131 :UTTNUM 60 :CHANNEL DESKTOP :DIRECTION INPUT)
<  (PREFER &quot;is taking a photo&quot; :FRAME (81 98) :PENN-CATS (VP) :TRIPS-CATS (W::VP)
<   :SCORE 24.392 :UTTNUM 60 :CHANNEL DESKTOP :DIRECTION INPUT)
<  (WORD &quot;.&quot; :FRAME (99 99) :SENSE-INFO
<   ((:PENN-PARTS-OF-SPEECH (FULL_STOP) :TRIPS-PARTS-OF-SPEECH (W::PUNC)))
<   :UTTNUM 60 :CHANNEL DESKTOP :DIRECTION INPUT))</lisp><word lex="one" start="69" end="72"><sense-info penn-parts-of-speech="CD" trips-parts-of-speech="NUMBER,NUMBER-UNIT" /></word><word lex="tourist" start="73" end="80"><sense-info penn-parts-of-speech="NN" trips-parts-of-speech="N" /></word><prefer text="one tourist" start="69" end="80" penn-cats="NP" score="18.286" /><word lex="is" start="81" end="83"><sense-info penn-parts-of-speech="VBZ" trips-parts-of-speech="V" /></word><word lex="taking" start="84" end="90"><sense-info penn-parts-of-speech="VBG" trips-parts-of-speech="V" /></word><word lex="a" start="91" end="92"><sense-info penn-parts-of-speech="DT" trips-parts-of-speech="ART,QUAN,PRO" /></word><word lex="photo" start="93" end="98"><sense-info penn-parts-of-speech="NN" trips-parts-of-speech="N" /></word><prefer text="a photo" start="91" end="98" penn-cats="NP" score="13.465" /><prefer text="taking a photo" start="84" end="98" penn-cats="VP" score="20.131" /><prefer text="is taking a photo" start="81" end="98" penn-cats="VP" score="24.392" /><word lex="." start="99" end="99"><sense-info penn-parts-of-speech="FULL_STOP" trips-parts-of-speech="PUNC" /></word></tags><tree><lisp>(UTT
<  (UTT
<   (S (NP (SPEC (NUMBER ONE)) (N1 (N TOURIST)))
<    (VP
<     (VP- (AUX (V IS))
<      (VP- (V TAKING) (NP (SPEC (DET (ART A))) (N1 (N PHOTO))))))))
<  (PUNC PUNC-PERIOD))</lisp><UTT><UTT><S><NP><SPEC><NUMBER>ONE</NUMBER></SPEC><N1><N>TOURIST</N></N1></NP><VP><VP-><AUX><V>IS</V></AUX><VP-><V>TAKING</V><NP><SPEC><DET><ART>A</ART></DET></SPEC><N1><N>PHOTO</N></N1></NP></VP-></VP-></VP></S></UTT><PUNC>PUNC-PERIOD</PUNC></UTT></tree><terms root="#V332247"><lisp>((ONT::SPEECHACT ONT::V332247 ONT::SA_TELL :PUNCTYPE W::DECL :CONTENT
<   ONT::V331537 :START 69 :END 99)
<  (ONT::F ONT::V331537 (:* ONT::CREATE W::TAKE) :AGENT ONT::V331497
<   :AFFECTED-RESULT ONT::V331608 :TENSE W::PRES :PROGR + :START 69 :END 99)
<  (ONT::A ONT::V331497 (:* ONT::TRAVELLER W::TOURIST) :SIZE ONT::V331617 :START
<   69 :END 81)
<  (ONT::A ONT::V331617 ONT::NUMBER :VALUE 1 :START 69 :END 81)
<  (ONT::A ONT::V331608 (:* ONT::IMAGE W::PHOTO) :START 91 :END 99))</lisp><rdf:RDF
<   xmlns:rdf="http://www.w3.org/1999/02/22-rdf-syntax-ns#"
<   xmlns:role="http://www.cs.rochester.edu/research/trips/role#"
<   xmlns:LF="http://www.cs.rochester.edu/research/trips/LF#">
<   <rdf:Description rdf:ID="V332247">
<     <LF:indicator>SPEECHACT</LF:indicator>
<     <LF:type>SA_TELL</LF:type>
<     <role:PUNCTYPE>DECL</role:PUNCTYPE>
<     <role:CONTENT rdf:resource="#V331537" />
<     <LF:start>69</LF:start>
<     <LF:end>99</LF:end>
<   </rdf:Description>
<   <rdf:Description rdf:ID="V331537">
<     <LF:indicator>F</LF:indicator>
<     <LF:type>CREATE</LF:type>
<     <LF:word>TAKE</LF:word>
<     <role:AGENT rdf:resource="#V331497" />
<     <role:AFFECTED-RESULT rdf:resource="#V331608" />
<     <role:TENSE>PRES</role:TENSE>
<     <role:PROGR>+</role:PROGR>
<     <LF:start>69</LF:start>
<     <LF:end>99</LF:end>
<   </rdf:Description>
<   <rdf:Description rdf:ID="V331497">
<     <LF:indicator>A</LF:indicator>
<     <LF:type>TRAVELLER</LF:type>
<     <LF:word>TOURIST</LF:word>
<     <role:SIZE rdf:resource="#V331617" />
<     <LF:start>69</LF:start>
<     <LF:end>81</LF:end>
<   </rdf:Description>
<   <rdf:Description rdf:ID="V331617">
<     <LF:indicator>A</LF:indicator>
<     <LF:type>NUMBER</LF:type>
<     <role:VALUE>1</role:VALUE>
<     <LF:start>69</LF:start>
<     <LF:end>81</LF:end>
<   </rdf:Description>
<   <rdf:Description rdf:ID="V331608">
<     <LF:indicator>A</LF:indicator>
<     <LF:type>IMAGE</LF:type>
<     <LF:word>PHOTO</LF:word>
<     <LF:start>91</LF:start>
<     <LF:end>99</LF:end>
<   </rdf:Description>
< </rdf:RDF>
< </terms></utt></trips-parser-output>
\ No newline at end of file
---
> <SpRL>
>  <SCENE>
>   <SENTENCE id="s1" indicator="BARE" type="TIME-LOC" HOUR="6" start="0" end="20">
>    <TEXT>six of the tourists a</TEXT>
>    <RELATION id="1" head="V317541" res="V317545" label="MOD"/>
>    <PHRASE id="V317545" indicator="F" type="CONTAIN-RELN" text="OF" start="4" end="20"/>
>    <RELATION id="2" head="V317545" res="V317559" label="GROUND"/>
>    <RELATION id="3" head="V317545" res="V317541" label="FIGURE"/>
>    <PHRASE id="V317559" indicator="THE-SET" type="TRAVELLER" text="TOURISTS" start="7" end="20"/>
>   </SENTENCE>
>   <SENTENCE id="s2" indicator="SPEECHACT" type="SA_TELL" start="20" end="67">
>    <TEXT>are standing behind them and are watching them ,</TEXT>
>    <RELATION id="4" head="V318435" res="V318206" label="CONTENT"/>
>    <PHRASE id="V318206" indicator="F" type="SITUATION-ROOT" OPERATOR="AND" TENSE="PRES" start="20" end="67"/>
>    <RELATION id="5" head="V318206" res="V317583" label="SEQUENCE"/>
>    <RELATION id="6" head="V318206" res="V317622" label="SEQUENCE1"/>
>    <PHRASE id="V317622" indicator="F" type="SCRUTINY" text="WATCH" start="20" end="67"/>
>    <RELATION id="7" head="V317622" res="V318436" label="AGENT"/>
>    <RELATION id="8" head="V317622" res="V317627" label="NEUTRAL"/>
>    <PHRASE id="V317583" indicator="F" type="BE-AT-LOC" text="STAND" start="20" end="67"/>
>    <RELATION id="9" head="V317583" res="V318436" label="NEUTRAL"/>
>    <RELATION id="10" head="V317583" res="V317588" label="LOCATION"/>
>    <PHRASE id="V318436" indicator="IMPRO" type="REFERENTIAL-SEM" PROFORM="SUBJ" start="20" end="67"/>
>    <PHRASE id="V317588" indicator="F" type="BACK" text="BEHIND" start="33" end="45"/>
>    <RELATION id="11" head="V317588" res="V317591" label="GROUND"/>
>    <RELATION id="12" head="V317588" res="V317583" label="FIGURE"/>
>    <PHRASE id="V317591" indicator="PRO-SET" type="REFERENTIAL-SEM" text="THEM" PROFORM="THEM" start="40" end="45"/>
>    <RELATION id="13" head="V317591" res="V317559" label="COREF"/>
>    <PHRASE id="V317627" indicator="PRO-SET" type="REFERENTIAL-SEM" text="THEM" PROFORM="THEM" start="62" end="67"/>
>    <RELATION id="14" head="V317627" res="V317559" label="COREF"/>
>   </SENTENCE>
>   <SENTENCE id="s3" indicator="SPEECHACT" type="SA_TELL" PUNCTYPE="DECL" start="69" end="99">
>    <TEXT>one tourist is taking a photo .</TEXT>
>    <RELATION id="15" head="V332247" res="V331537" label="CONTENT"/>
>    <PHRASE id="V331537" indicator="F" type="CREATE" text="TAKE" TENSE="PRES" PROGR="+" start="69" end="99"/>
>    <RELATION id="16" head="V331537" res="V331497" label="AGENT"/>
>    <RELATION id="17" head="V331537" res="V331608" label="AFFECTED-RESULT"/>
>    <PHRASE id="V331497" indicator="A" type="TRAVELLER" text="TOURIST" start="69" end="81"/>
>    <RELATION id="18" head="V331497" res="V331617" label="SIZE"/>
>    <PHRASE id="V331617" indicator="A" type="NUMBER" VALUE="1" start="69" end="81"/>
>    <PHRASE id="V331608" indicator="A" type="IMAGE" text="PHOTO" start="91" end="99"/>
>   </SENTENCE>
>  </SCENE>
> </SpRL>
