2,278c2,35
< <?xml-stylesheet type="text/xsl" href="../style/parser-interface.xsl"?>
< <!DOCTYPE trips-parser-output SYSTEM "../trips-parser-output.dtd">
< <trips-parser-output parser-build-date="2017-09-20T12:11:02-0500" system="STEP" extsformat="svg" tagsformat="hidden" treecontents="phrase" treeformat="LinGO" lfformat="svg" semantic-skeleton-scoring="T" rule-sets="" input="dark-skinned , dark-haired girl with a pigtail wearing a black jacket with colourful flowers .
< ">
< <debug>
< 
<  FOUNDS SEQUENCE from constit (% W::NP (W::BARE-SEQUENCE -) (W::CONSTRAINT -)
<                                  (W::MASS W::BARE) (W::GENERATED +)
<                                  (W::POSTADVBL +)
<                                  (W::SEM ?8607:(?32606:(F::PHYS-OBJ
<                                                         F::ABSTR-OBJ) NIL))
<                                  (W::LF (% W::DESCRIPTION (W::STATUS ONT::DEFINITE)
<                                            (W::VAR V255091)
<                                            (W::SORT W::INDIVIDUAL)
<                                            (W::LEX (W::A))
<                                            (W::CLASS ONT::SEQUENCE)
<                                            (W::CONSTRAINT (% &amp; (W::NAME-OF (W::A))
<                                                              (W::VAL (W::A))))
<                                            (W::LEX W::A) (W::SEM ?32604)
<                                            (W::TRANSFORM ?32605)))
<                                  (W::CASE ?32603:(W::SUB W::OBJ -))
<                                  (W::AGR ?32602) (W::CLASS ONT::ANY-SEM)
<                                  (W::VAR V255091) (W::SORT W::PRED) (W::NAME -)
<                                  (W::PRO -) (W::CHANGEAGR -) (W::LEX W::A)
<                                  (W::HEADCAT W::VALUE) (W::TRANSFORM -)
<                                  (W::REFL -) (1 RNUMBER255135))
< 
<  FOUNDS SEQUENCE from constit (% W::NP (W::BARE-SEQUENCE -) (W::CONSTRAINT -)
<                                  (W::MASS W::BARE) (W::GENERATED +)
<                                  (W::POSTADVBL +)
<                                  (W::SEM ?8607:(?32935:(F::PHYS-OBJ
<                                                         F::ABSTR-OBJ) NIL))
<                                  (W::LF (% W::DESCRIPTION (W::STATUS ONT::DEFINITE)
<                                            (W::VAR V255094)
<                                            (W::SORT W::INDIVIDUAL)
<                                            (W::LEX (W::A))
<                                            (W::CLASS ONT::SEQUENCE)
<                                            (W::CONSTRAINT (% &amp; (W::NAME-OF (W::A))
<                                                              (W::VAL (W::A))))
<                                            (W::LEX W::A) (W::SEM ?32933)
<                                            (W::TRANSFORM ?32934)))
<                                  (W::CASE ?32932:(W::SUB W::OBJ -))
<                                  (W::AGR ?32931) (W::CLASS ONT::ANY-SEM)
<                                  (W::VAR V255094) (W::SORT W::PRED) (W::NAME -)
<                                  (W::PRO -) (W::CHANGEAGR -) (W::LEX W::A)
<                                  (W::HEADCAT W::VALUE) (W::TRANSFORM -)
<                                  (W::REFL -) (1 RNUMBER255137))
< *last-utt-id*=NIL  utt-id+52
< *last-utt-id*=52  utt-id+NIL</debug><utt><words><lisp>(W::DARK W::PUNC-MINUS W::SKINNED W::DARK W::PUNC-MINUS W::HAIRED W::GIRL
<  W::WITH W::A W::PIGTAIL W::WEARING W::A W::BLACK W::JACKET W::WITH
<  W::COLOURFUL W::FLOWERS)</lisp><word>DARK</word><word>PUNC-MINUS</word><word>SKINNED</word><word>DARK</word><word>PUNC-MINUS</word><word>HAIRED</word><word>GIRL</word><word>WITH</word><word>A</word><word>PIGTAIL</word><word>WEARING</word><word>A</word><word>BLACK</word><word>JACKET</word><word>WITH</word><word>COLOURFUL</word><word>FLOWERS</word></words><tags><lisp>((WORD &quot;dark&quot; :FRAME (0 3) :SENSE-INFO
<   ((:PENN-PARTS-OF-SPEECH (JJ) :TRIPS-PARTS-OF-SPEECH (W::ADJ))) :UTTNUM 52
<   :CHANNEL DESKTOP :DIRECTION INPUT)
<  (WORD &quot;-&quot; :FRAME (4 4) :SENSE-INFO
<   ((:PENN-PARTS-OF-SPEECH (COLON) :TRIPS-PARTS-OF-SPEECH (W::PUNC))) :UTTNUM 52
<   :CHANNEL DESKTOP :DIRECTION INPUT)
<  (WORD &quot;skinned&quot; :FRAME (5 12) :SENSE-INFO
<   ((:PENN-PARTS-OF-SPEECH (VBD) :TRIPS-PARTS-OF-SPEECH (W::V))) :UTTNUM 52
<   :CHANNEL DESKTOP :DIRECTION INPUT)
<  (WORD &quot;dark-skinned&quot; :FRAME (0 12) :SENSE-INFO
<   ((:PENN-PARTS-OF-SPEECH (JJ) :TRIPS-PARTS-OF-SPEECH (W::ADJ) :WN-SENSE-KEYS
<     (&quot;dark-skinned%5:00:00&quot;)))
<   :UTTNUM 52 :CHANNEL DESKTOP :DIRECTION INPUT)
<  (WORD &quot;,&quot; :FRAME (13 14) :SENSE-INFO
<   ((:PENN-PARTS-OF-SPEECH (COMMA) :TRIPS-PARTS-OF-SPEECH (W::PUNC))) :UTTNUM 52
<   :CHANNEL DESKTOP :DIRECTION INPUT)
<  (WORD &quot;dark&quot; :FRAME (15 18) :SENSE-INFO
<   ((:PENN-PARTS-OF-SPEECH (JJ) :TRIPS-PARTS-OF-SPEECH (W::ADJ))) :UTTNUM 52
<   :CHANNEL DESKTOP :DIRECTION INPUT)
<  (WORD &quot;-&quot; :FRAME (19 19) :SENSE-INFO
<   ((:PENN-PARTS-OF-SPEECH (COLON) :TRIPS-PARTS-OF-SPEECH (W::PUNC))) :UTTNUM 52
<   :CHANNEL DESKTOP :DIRECTION INPUT)
<  (WORD &quot;haired&quot; :FRAME (20 26) :SENSE-INFO
<   ((:PENN-PARTS-OF-SPEECH (VBN) :TRIPS-PARTS-OF-SPEECH (W::V))) :UTTNUM 52
<   :CHANNEL DESKTOP :DIRECTION INPUT)
<  (WORD &quot;dark-haired&quot; :FRAME (15 26) :SENSE-INFO
<   ((:PENN-PARTS-OF-SPEECH (JJ) :TRIPS-PARTS-OF-SPEECH (W::ADJ) :WN-SENSE-KEYS
<     (&quot;dark-haired%5:00:00&quot;)))
<   :UTTNUM 52 :CHANNEL DESKTOP :DIRECTION INPUT)
<  (WORD &quot;girl&quot; :FRAME (27 31) :SENSE-INFO
<   ((:PENN-PARTS-OF-SPEECH (NN) :TRIPS-PARTS-OF-SPEECH (W::N))) :UTTNUM 52
<   :CHANNEL DESKTOP :DIRECTION INPUT)
<  (PREFER &quot;dark-skinned , dark-haired girl&quot; :FRAME (0 31) :PENN-CATS (NP)
<   :TRIPS-CATS (W::NP) :SCORE 41.265 :UTTNUM 52 :CHANNEL DESKTOP :DIRECTION
<   INPUT)
<  (WORD &quot;with&quot; :FRAME (32 36) :SENSE-INFO
<   ((:PENN-PARTS-OF-SPEECH (IN) :TRIPS-PARTS-OF-SPEECH (W::PREP W::ADV)))
<   :UTTNUM 52 :CHANNEL DESKTOP :DIRECTION INPUT)
<  (WORD &quot;a&quot; :FRAME (37 38) :SENSE-INFO
<   ((:PENN-PARTS-OF-SPEECH (DT) :TRIPS-PARTS-OF-SPEECH (W::ART W::QUAN W::PRO)))
<   :UTTNUM 52 :CHANNEL DESKTOP :DIRECTION INPUT)
<  (WORD &quot;pigtail&quot; :FRAME (39 46) :SENSE-INFO
<   ((:PENN-PARTS-OF-SPEECH (NN) :TRIPS-PARTS-OF-SPEECH (W::N))) :UTTNUM 52
<   :CHANNEL DESKTOP :DIRECTION INPUT)
<  (PREFER &quot;a pigtail&quot; :FRAME (37 46) :PENN-CATS (NP) :TRIPS-CATS (W::NP) :SCORE
<   16.179 :UTTNUM 52 :CHANNEL DESKTOP :DIRECTION INPUT)
<  (WORD &quot;wearing&quot; :FRAME (47 54) :SENSE-INFO
<   ((:PENN-PARTS-OF-SPEECH (VBG) :TRIPS-PARTS-OF-SPEECH (W::V))) :UTTNUM 52
<   :CHANNEL DESKTOP :DIRECTION INPUT)
<  (WORD &quot;a&quot; :FRAME (55 56) :SENSE-INFO
<   ((:PENN-PARTS-OF-SPEECH (DT) :TRIPS-PARTS-OF-SPEECH (W::ART W::QUAN W::PRO)))
<   :UTTNUM 52 :CHANNEL DESKTOP :DIRECTION INPUT)
<  (WORD &quot;black&quot; :FRAME (57 62) :SENSE-INFO
<   ((:PENN-PARTS-OF-SPEECH (JJ) :TRIPS-PARTS-OF-SPEECH (W::ADJ))) :UTTNUM 52
<   :CHANNEL DESKTOP :DIRECTION INPUT)
<  (WORD &quot;jacket&quot; :FRAME (63 69) :SENSE-INFO
<   ((:PENN-PARTS-OF-SPEECH (NN) :TRIPS-PARTS-OF-SPEECH (W::N))) :UTTNUM 52
<   :CHANNEL DESKTOP :DIRECTION INPUT)
<  (PREFER &quot;a black jacket&quot; :FRAME (55 69) :PENN-CATS (NP) :TRIPS-CATS (W::NP)
<   :SCORE 20.944 :UTTNUM 52 :CHANNEL DESKTOP :DIRECTION INPUT)
<  (WORD &quot;with&quot; :FRAME (70 74) :SENSE-INFO
<   ((:PENN-PARTS-OF-SPEECH (IN) :TRIPS-PARTS-OF-SPEECH (W::PREP W::ADV)))
<   :UTTNUM 52 :CHANNEL DESKTOP :DIRECTION INPUT)
<  (WORD &quot;colourful&quot; :FRAME (75 84) :SENSE-INFO
<   ((:PENN-PARTS-OF-SPEECH (JJ) :TRIPS-PARTS-OF-SPEECH (W::ADJ)
<     :ALTERNATE-SPELLINGS (&quot;colorful&quot;)))
<   :UTTNUM 52 :CHANNEL DESKTOP :DIRECTION INPUT)
<  (WORD &quot;flowers&quot; :FRAME (85 92) :SENSE-INFO
<   ((:PENN-PARTS-OF-SPEECH (NNS) :TRIPS-PARTS-OF-SPEECH (W::N))) :UTTNUM 52
<   :CHANNEL DESKTOP :DIRECTION INPUT)
<  (PREFER &quot;colourful flowers&quot; :FRAME (75 92) :PENN-CATS (NP) :TRIPS-CATS (W::NP)
<   :SCORE 23.932 :UTTNUM 52 :CHANNEL DESKTOP :DIRECTION INPUT)
<  (PREFER &quot;with colourful flowers&quot; :FRAME (70 92) :PENN-CATS (PP) :TRIPS-CATS
<   (W::PP) :SCORE 27.2 :UTTNUM 52 :CHANNEL DESKTOP :DIRECTION INPUT)
<  (PREFER &quot;wearing a black jacket with colourful flowers&quot; :FRAME (47 92)
<   :PENN-CATS (VP) :TRIPS-CATS (W::VP) :SCORE 57.852 :UTTNUM 52 :CHANNEL DESKTOP
<   :DIRECTION INPUT)
<  (PREFER &quot;a pigtail wearing a black jacket with colourful flowers&quot; :FRAME
<   (37 92) :PENN-CATS (NP) :TRIPS-CATS (W::NP) :SCORE 77.068 :UTTNUM 52 :CHANNEL
<   DESKTOP :DIRECTION INPUT)
<  (PREFER &quot;with a pigtail wearing a black jacket with colourful flowers&quot; :FRAME
<   (32 92) :PENN-CATS (PP) :TRIPS-CATS (W::PP) :SCORE 81.128 :UTTNUM 52 :CHANNEL
<   DESKTOP :DIRECTION INPUT)
<  (WORD &quot;.&quot; :FRAME (93 93) :SENSE-INFO
<   ((:PENN-PARTS-OF-SPEECH (FULL_STOP) :TRIPS-PARTS-OF-SPEECH (W::PUNC)))
<   :UTTNUM 52 :CHANNEL DESKTOP :DIRECTION INPUT)
<  (PREFER
<   &quot;dark-skinned , dark-haired girl with a pigtail wearing a black jacket with colourful flowers .&quot;
<   :FRAME (0 93) :PENN-CATS (NP) :TRIPS-CATS (W::NP) :SCORE 125.466 :UTTNUM 52
<   :CHANNEL DESKTOP :DIRECTION INPUT))</lisp><word lex="dark" start="0" end="3"><sense-info penn-parts-of-speech="JJ" trips-parts-of-speech="ADJ" /></word><word lex="-" start="4" end="4"><sense-info penn-parts-of-speech="COLON" trips-parts-of-speech="PUNC" /></word><word lex="skinned" start="5" end="12"><sense-info penn-parts-of-speech="VBD" trips-parts-of-speech="V" /></word><word lex="dark-skinned" start="0" end="12"><sense-info penn-parts-of-speech="JJ" trips-parts-of-speech="ADJ" wn-sense-keys="dark-skinned%5:00:00" /></word><word lex="," start="13" end="14"><sense-info penn-parts-of-speech="COMMA" trips-parts-of-speech="PUNC" /></word><word lex="dark" start="15" end="18"><sense-info penn-parts-of-speech="JJ" trips-parts-of-speech="ADJ" /></word><word lex="-" start="19" end="19"><sense-info penn-parts-of-speech="COLON" trips-parts-of-speech="PUNC" /></word><word lex="haired" start="20" end="26"><sense-info penn-parts-of-speech="VBN" trips-parts-of-speech="V" /></word><word lex="dark-haired" start="15" end="26"><sense-info penn-parts-of-speech="JJ" trips-parts-of-speech="ADJ" wn-sense-keys="dark-haired%5:00:00" /></word><word lex="girl" start="27" end="31"><sense-info penn-parts-of-speech="NN" trips-parts-of-speech="N" /></word><prefer text="dark-skinned , dark-haired girl" start="0" end="31" penn-cats="NP" score="41.265" /><word lex="with" start="32" end="36"><sense-info penn-parts-of-speech="IN" trips-parts-of-speech="PREP,ADV" /></word><word lex="a" start="37" end="38"><sense-info penn-parts-of-speech="DT" trips-parts-of-speech="ART,QUAN,PRO" /></word><word lex="pigtail" start="39" end="46"><sense-info penn-parts-of-speech="NN" trips-parts-of-speech="N" /></word><prefer text="a pigtail" start="37" end="46" penn-cats="NP" score="16.179" /><word lex="wearing" start="47" end="54"><sense-info penn-parts-of-speech="VBG" trips-parts-of-speech="V" /></word><word lex="a" start="55" end="56"><sense-info penn-parts-of-speech="DT" trips-parts-of-speech="ART,QUAN,PRO" /></word><word lex="black" start="57" end="62"><sense-info penn-parts-of-speech="JJ" trips-parts-of-speech="ADJ" /></word><word lex="jacket" start="63" end="69"><sense-info penn-parts-of-speech="NN" trips-parts-of-speech="N" /></word><prefer text="a black jacket" start="55" end="69" penn-cats="NP" score="20.944" /><word lex="with" start="70" end="74"><sense-info penn-parts-of-speech="IN" trips-parts-of-speech="PREP,ADV" /></word><word lex="colourful" start="75" end="84"><sense-info penn-parts-of-speech="JJ" trips-parts-of-speech="ADJ" alternate-spellings="colorful" /></word><word lex="flowers" start="85" end="92"><sense-info penn-parts-of-speech="NNS" trips-parts-of-speech="N" /></word><prefer text="colourful flowers" start="75" end="92" penn-cats="NP" score="23.932" /><prefer text="with colourful flowers" start="70" end="92" penn-cats="PP" score="27.2" /><prefer text="wearing a black jacket with colourful flowers" start="47" end="92" penn-cats="VP" score="57.852" /><prefer text="a pigtail wearing a black jacket with colourful flowers" start="37" end="92" penn-cats="NP" score="77.068" /><prefer text="with a pigtail wearing a black jacket with colourful flowers" start="32" end="92" penn-cats="PP" score="81.128" /><word lex="." start="93" end="93"><sense-info penn-parts-of-speech="FULL_STOP" trips-parts-of-speech="PUNC" /></word><prefer text="dark-skinned , dark-haired girl with a pigtail wearing a black jacket with colourful flowers ." start="0" end="93" penn-cats="NP" score="125.466" /></tags><tree><lisp>(NP
<  (N1
<   (N1 (ADJP (ADJ1 (ADJ DARK PUNC-MINUS SKINNED)))
<    (N1 (ADJP (ADJ1 (ADJ DARK PUNC-MINUS HAIRED))) (N1 (N GIRL))))
<   (ADVBL (ADV WITH)
<    (NP (SPEC (DET (ART A)))
<     (N1 (N1 (N PIGTAIL))
<      (CP
<       (VP
<        (VP- (V WEARING)
<         (NP (SPEC (DET (ART A)))
<          (N1 (N1 (ADJP (ADJ1 (ADJ BLACK))) (N1 (N JACKET)))
<           (ADVBL (ADV WITH)
<            (NP (N1 (ADJP (ADJ1 (ADJ COLOURFUL))) (N1 (N FLOWERS)))))))))))))))</lisp><NP><N1><N1><ADJP><ADJ1><ADJ>DARK PUNC-MINUS SKINNED</ADJ></ADJ1></ADJP><N1><ADJP><ADJ1><ADJ>DARK PUNC-MINUS HAIRED</ADJ></ADJ1></ADJP><N1><N>GIRL</N></N1></N1></N1><ADVBL><ADV>WITH</ADV><NP><SPEC><DET><ART>A</ART></DET></SPEC><N1><N1><N>PIGTAIL</N></N1><CP><VP><VP-><V>WEARING</V><NP><SPEC><DET><ART>A</ART></DET></SPEC><N1><N1><ADJP><ADJ1><ADJ>BLACK</ADJ></ADJ1></ADJP><N1><N>JACKET</N></N1></N1><ADVBL><ADV>WITH</ADV><NP><N1><ADJP><ADJ1><ADJ>COLOURFUL</ADJ></ADJ1></ADJP><N1><N>FLOWERS</N></N1></N1></NP></ADVBL></N1></NP></VP-></VP></CP></N1></NP></ADVBL></N1></NP></tree><terms root="#V254516"><lisp>((ONT::BARE ONT::V254516 (:* ONT::FEMALE-CHILD W::GIRL) :MOD ONT::V254520 :MOD
<   ONT::V254489 :MOD ONT::V254513 :START 0 :END 93)
<  (ONT::F ONT::V254489 (:* ONT::MODIFIER W::DARK-PUNC-MINUS-SKINNED) :FIGURE
<   ONT::V254516 :START 0 :END 13 :WNSENSE &quot;dark-skinned%5:00:00&quot;)
<  (ONT::F ONT::V254513 (:* ONT::MODIFIER W::DARK-PUNC-MINUS-HAIRED) :FIGURE
<   ONT::V254516 :START 15 :END 27 :WNSENSE &quot;dark-haired%5:00:00&quot;)
<  (ONT::F ONT::V254520 (:* ONT::ASSOC-WITH W::WITH) :GROUND ONT::V254574 :FIGURE
<   ONT::V254516 :START 32 :END 93)
<  (ONT::A ONT::V254574 (:* ONT::NATURAL-OBJECT W::PIGTAIL) :MOD ONT::V254580
<   :START 37 :END 93)
<  (ONT::F ONT::V254580 (:* ONT::WEAR W::WEAR) :AGENT ONT::V254574 :NEUTRAL
<   ONT::V254630 :VFORM W::ING :START 47 :END 93)
<  (ONT::A ONT::V254630 (:* ONT::ATTIRE W::JACKET) :MOD ONT::V254634 :MOD
<   ONT::V254627 :START 55 :END 93)
<  (ONT::F ONT::V254627 (:* ONT::BLACK W::BLACK) :FIGURE ONT::V254630 :SCALE
<   ONT::BLACKNESS*1--07--00 :START 57 :END 63)
<  (ONT::F ONT::V254634 (:* ONT::ASSOC-WITH W::WITH) :GROUND ONT::V254653 :FIGURE
<   ONT::V254630 :START 70 :END 93)
<  (ONT::INDEF-SET ONT::V254653 (:* ONT::PLANT W::FLOWER) :MOD ONT::V254647
<   :START 75 :END 93)
<  (ONT::F ONT::V254647 (:* ONT::MODIFIER W::COLOURFUL) :FIGURE ONT::V254653
<   :START 75 :END 85))</lisp><rdf:RDF
<   xmlns:rdf="http://www.w3.org/1999/02/22-rdf-syntax-ns#"
<   xmlns:role="http://www.cs.rochester.edu/research/trips/role#"
<   xmlns:LF="http://www.cs.rochester.edu/research/trips/LF#">
<   <rdf:Description rdf:ID="V254516">
<     <LF:indicator>BARE</LF:indicator>
<     <LF:type>FEMALE-CHILD</LF:type>
<     <LF:word>GIRL</LF:word>
<     <role:MOD rdf:resource="#V254520" />
<     <role:MOD rdf:resource="#V254489" />
<     <role:MOD rdf:resource="#V254513" />
<     <LF:start>0</LF:start>
<     <LF:end>93</LF:end>
<   </rdf:Description>
<   <rdf:Description rdf:ID="V254489">
<     <LF:indicator>F</LF:indicator>
<     <LF:type>MODIFIER</LF:type>
<     <LF:word>DARK-PUNC-MINUS-SKINNED</LF:word>
<     <role:FIGURE rdf:resource="#V254516" />
<     <LF:start>0</LF:start>
<     <LF:end>13</LF:end>
<     <role:WNSENSE>dark-skinned%5:00:00</role:WNSENSE>
<   </rdf:Description>
<   <rdf:Description rdf:ID="V254513">
<     <LF:indicator>F</LF:indicator>
<     <LF:type>MODIFIER</LF:type>
<     <LF:word>DARK-PUNC-MINUS-HAIRED</LF:word>
<     <role:FIGURE rdf:resource="#V254516" />
<     <LF:start>15</LF:start>
<     <LF:end>27</LF:end>
<     <role:WNSENSE>dark-haired%5:00:00</role:WNSENSE>
<   </rdf:Description>
<   <rdf:Description rdf:ID="V254520">
<     <LF:indicator>F</LF:indicator>
<     <LF:type>ASSOC-WITH</LF:type>
<     <LF:word>WITH</LF:word>
<     <role:GROUND rdf:resource="#V254574" />
<     <role:FIGURE rdf:resource="#V254516" />
<     <LF:start>32</LF:start>
<     <LF:end>93</LF:end>
<   </rdf:Description>
<   <rdf:Description rdf:ID="V254574">
<     <LF:indicator>A</LF:indicator>
<     <LF:type>NATURAL-OBJECT</LF:type>
<     <LF:word>PIGTAIL</LF:word>
<     <role:MOD rdf:resource="#V254580" />
<     <LF:start>37</LF:start>
<     <LF:end>93</LF:end>
<   </rdf:Description>
<   <rdf:Description rdf:ID="V254580">
<     <LF:indicator>F</LF:indicator>
<     <LF:type>WEAR</LF:type>
<     <LF:word>WEAR</LF:word>
<     <role:AGENT rdf:resource="#V254574" />
<     <role:NEUTRAL rdf:resource="#V254630" />
<     <role:VFORM>ING</role:VFORM>
<     <LF:start>47</LF:start>
<     <LF:end>93</LF:end>
<   </rdf:Description>
<   <rdf:Description rdf:ID="V254630">
<     <LF:indicator>A</LF:indicator>
<     <LF:type>ATTIRE</LF:type>
<     <LF:word>JACKET</LF:word>
<     <role:MOD rdf:resource="#V254634" />
<     <role:MOD rdf:resource="#V254627" />
<     <LF:start>55</LF:start>
<     <LF:end>93</LF:end>
<   </rdf:Description>
<   <rdf:Description rdf:ID="V254627">
<     <LF:indicator>F</LF:indicator>
<     <LF:type>BLACK</LF:type>
<     <LF:word>BLACK</LF:word>
<     <role:FIGURE rdf:resource="#V254630" />
<     <role:SCALE>BLACKNESS*1--07--00</role:SCALE>
<     <LF:start>57</LF:start>
<     <LF:end>63</LF:end>
<   </rdf:Description>
<   <rdf:Description rdf:ID="V254634">
<     <LF:indicator>F</LF:indicator>
<     <LF:type>ASSOC-WITH</LF:type>
<     <LF:word>WITH</LF:word>
<     <role:GROUND rdf:resource="#V254653" />
<     <role:FIGURE rdf:resource="#V254630" />
<     <LF:start>70</LF:start>
<     <LF:end>93</LF:end>
<   </rdf:Description>
<   <rdf:Description rdf:ID="V254653">
<     <LF:indicator>INDEF-SET</LF:indicator>
<     <LF:type>PLANT</LF:type>
<     <LF:word>FLOWER</LF:word>
<     <role:MOD rdf:resource="#V254647" />
<     <LF:start>75</LF:start>
<     <LF:end>93</LF:end>
<   </rdf:Description>
<   <rdf:Description rdf:ID="V254647">
<     <LF:indicator>F</LF:indicator>
<     <LF:type>MODIFIER</LF:type>
<     <LF:word>COLOURFUL</LF:word>
<     <role:FIGURE rdf:resource="#V254653" />
<     <LF:start>75</LF:start>
<     <LF:end>85</LF:end>
<   </rdf:Description>
< </rdf:RDF>
< </terms></utt></trips-parser-output>
\ No newline at end of file
---
> <SpRL>
>  <SCENE>
>   <SENTENCE id="s1" indicator="BARE" type="FEMALE-CHILD" text="GIRL" start="0" end="93">
>    <TEXT>dark-skinned , dark-haired girl with a pigtail wearing a black jacket with colourful flowers .</TEXT>
>    <RELATION id="1" head="V254516" res="V254520" label="MOD"/>
>    <RELATION id="2" head="V254516" res="V254489" label="MOD"/>
>    <RELATION id="3" head="V254516" res="V254513" label="MOD"/>
>    <PHRASE id="V254489" indicator="F" type="MODIFIER" text="DARK-PUNC-MINUS-SKINNED" start="0" end="13" WNSENSE="dark-skinned%5:00:00"/>
>    <RELATION id="4" head="V254489" res="V254516" label="FIGURE"/>
>    <PHRASE id="V254513" indicator="F" type="MODIFIER" text="DARK-PUNC-MINUS-HAIRED" start="15" end="27" WNSENSE="dark-haired%5:00:00"/>
>    <RELATION id="5" head="V254513" res="V254516" label="FIGURE"/>
>    <PHRASE id="V254520" indicator="F" type="ASSOC-WITH" text="WITH" start="32" end="93"/>
>    <RELATION id="6" head="V254520" res="V254574" label="GROUND"/>
>    <RELATION id="7" head="V254520" res="V254516" label="FIGURE"/>
>    <PHRASE id="V254574" indicator="A" type="NATURAL-OBJECT" text="PIGTAIL" start="37" end="93"/>
>    <RELATION id="8" head="V254574" res="V254580" label="MOD"/>
>    <PHRASE id="V254580" indicator="F" type="WEAR" text="WEAR" VFORM="ING" start="47" end="93"/>
>    <RELATION id="9" head="V254580" res="V254574" label="AGENT"/>
>    <RELATION id="10" head="V254580" res="V254630" label="NEUTRAL"/>
>    <PHRASE id="V254630" indicator="A" type="ATTIRE" text="JACKET" start="55" end="93"/>
>    <RELATION id="11" head="V254630" res="V254634" label="MOD"/>
>    <RELATION id="12" head="V254630" res="V254627" label="MOD"/>
>    <PHRASE id="V254627" indicator="F" type="BLACK" text="BLACK" SCALE="BLACKNESS*1--07--00" start="57" end="63"/>
>    <RELATION id="13" head="V254627" res="V254630" label="FIGURE"/>
>    <PHRASE id="V254634" indicator="F" type="ASSOC-WITH" text="WITH" start="70" end="93"/>
>    <RELATION id="14" head="V254634" res="V254653" label="GROUND"/>
>    <RELATION id="15" head="V254634" res="V254630" label="FIGURE"/>
>    <PHRASE id="V254653" indicator="INDEF-SET" type="PLANT" text="FLOWER" start="75" end="93"/>
>    <RELATION id="16" head="V254653" res="V254647" label="MOD"/>
>    <PHRASE id="V254647" indicator="F" type="MODIFIER" text="COLOURFUL" start="75" end="85"/>
>    <RELATION id="17" head="V254647" res="V254653" label="FIGURE"/>
>   </SENTENCE>
>  </SCENE>
> </SpRL>
