2,382c2,57
< <?xml-stylesheet type="text/xsl" href="../style/parser-interface.xsl"?>
< <!DOCTYPE trips-parser-output SYSTEM "../trips-parser-output.dtd">
< <trips-parser-output parser-build-date="2017-09-20T12:11:02-0500" system="STEP" extsformat="svg" tagsformat="hidden" treecontents="phrase" treeformat="LinGO" lfformat="svg" semantic-skeleton-scoring="T" rule-sets="" input="a dark-haired , dark-skinned boy wearing a grey Nike cap and a grey pullover is standing in front of a grey wall .
< ">
< <debug>
< *last-utt-id*=NIL  utt-id+67
< *last-utt-id*=67  utt-id+67
< *last-utt-id*=67  utt-id+67
< *last-utt-id*=67  utt-id+67
< *last-utt-id*=67  utt-id+NIL</debug><compound-communication-act>
< <utt><words><lisp>(W::DARK W::PUNC-MINUS W::HAIRED)</lisp><word>DARK</word><word>PUNC-MINUS</word><word>HAIRED</word></words><tags><lisp>((WORD &quot;a&quot; :FRAME (0 1) :SENSE-INFO
<   ((:PENN-PARTS-OF-SPEECH (DT) :TRIPS-PARTS-OF-SPEECH (W::ART W::QUAN W::PRO)))
<   :UTTNUM 67 :CHANNEL DESKTOP :DIRECTION INPUT)
<  (WORD &quot;dark&quot; :FRAME (2 5) :SENSE-INFO
<   ((:PENN-PARTS-OF-SPEECH (NN) :TRIPS-PARTS-OF-SPEECH (W::N))) :UTTNUM 67
<   :CHANNEL DESKTOP :DIRECTION INPUT)
<  (WORD &quot;-&quot; :FRAME (6 6) :SENSE-INFO
<   ((:PENN-PARTS-OF-SPEECH (COLON) :TRIPS-PARTS-OF-SPEECH (W::PUNC))) :UTTNUM 67
<   :CHANNEL DESKTOP :DIRECTION INPUT)
<  (WORD &quot;haired&quot; :FRAME (7 13) :SENSE-INFO
<   ((:PENN-PARTS-OF-SPEECH (JJ) :TRIPS-PARTS-OF-SPEECH (W::ADJ))) :UTTNUM 67
<   :CHANNEL DESKTOP :DIRECTION INPUT)
<  (WORD &quot;dark-haired&quot; :FRAME (2 13) :SENSE-INFO
<   ((:PENN-PARTS-OF-SPEECH (JJ) :TRIPS-PARTS-OF-SPEECH (W::ADJ) :WN-SENSE-KEYS
<     (&quot;dark-haired%5:00:00&quot;)))
<   :UTTNUM 67 :CHANNEL DESKTOP :DIRECTION INPUT)
<  (WORD &quot;,&quot; :FRAME (14 15) :SENSE-INFO
<   ((:PENN-PARTS-OF-SPEECH (COMMA) :TRIPS-PARTS-OF-SPEECH (W::PUNC))) :UTTNUM 67
<   :CHANNEL DESKTOP :DIRECTION INPUT))</lisp><word lex="a" start="0" end="1"><sense-info penn-parts-of-speech="DT" trips-parts-of-speech="ART,QUAN,PRO" /></word><word lex="dark" start="2" end="5"><sense-info penn-parts-of-speech="NN" trips-parts-of-speech="N" /></word><word lex="-" start="6" end="6"><sense-info penn-parts-of-speech="COLON" trips-parts-of-speech="PUNC" /></word><word lex="haired" start="7" end="13"><sense-info penn-parts-of-speech="JJ" trips-parts-of-speech="ADJ" /></word><word lex="dark-haired" start="2" end="13"><sense-info penn-parts-of-speech="JJ" trips-parts-of-speech="ADJ" wn-sense-keys="dark-haired%5:00:00" /></word><word lex="," start="14" end="15"><sense-info penn-parts-of-speech="COMMA" trips-parts-of-speech="PUNC" /></word></tags><tree><lisp>(DET (ART A))</lisp><DET><ART>A</ART></DET></tree><terms root="#V329855"><lisp>((ONT::F ONT::V329855 (:* ONT::MODIFIER W::DARK-PUNC-MINUS-HAIRED) :START 2
<   :END 14 :WNSENSE &quot;dark-haired%5:00:00&quot;))</lisp><rdf:RDF
<   xmlns:rdf="http://www.w3.org/1999/02/22-rdf-syntax-ns#"
<   xmlns:role="http://www.cs.rochester.edu/research/trips/role#"
<   xmlns:LF="http://www.cs.rochester.edu/research/trips/LF#">
<   <rdf:Description rdf:ID="V329855">
<     <LF:indicator>F</LF:indicator>
<     <LF:type>MODIFIER</LF:type>
<     <LF:word>DARK-PUNC-MINUS-HAIRED</LF:word>
<     <LF:start>2</LF:start>
<     <LF:end>14</LF:end>
<     <role:WNSENSE>dark-haired%5:00:00</role:WNSENSE>
<   </rdf:Description>
< </rdf:RDF>
< </terms></utt><utt><words><lisp>(W::DARK)</lisp><word>DARK</word></words><tags><lisp>((WORD &quot;dark&quot; :FRAME (16 19) :SENSE-INFO
<   ((:PENN-PARTS-OF-SPEECH (JJ) :TRIPS-PARTS-OF-SPEECH (W::ADJ))) :UTTNUM 67
<   :CHANNEL DESKTOP :DIRECTION INPUT)
<  (WORD &quot;-&quot; :FRAME (20 20) :SENSE-INFO
<   ((:PENN-PARTS-OF-SPEECH (COLON) :TRIPS-PARTS-OF-SPEECH (W::PUNC))) :UTTNUM 67
<   :CHANNEL DESKTOP :DIRECTION INPUT))</lisp><word lex="dark" start="16" end="19"><sense-info penn-parts-of-speech="JJ" trips-parts-of-speech="ADJ" /></word><word lex="-" start="20" end="20"><sense-info penn-parts-of-speech="COLON" trips-parts-of-speech="PUNC" /></word></tags><tree><lisp>(ADJP (ADJ1 (ADJ DARK PUNC-MINUS HAIRED)))</lisp><ADJP><ADJ1><ADJ>DARK PUNC-MINUS HAIRED</ADJ></ADJ1></ADJP></tree><terms root="#V329862"><lisp>((ONT::F ONT::V329862 (:* ONT::DARK-IN-COLOR-VAL W::DARK) :START 16 :END 20))</lisp><rdf:RDF
<   xmlns:rdf="http://www.w3.org/1999/02/22-rdf-syntax-ns#"
<   xmlns:role="http://www.cs.rochester.edu/research/trips/role#"
<   xmlns:LF="http://www.cs.rochester.edu/research/trips/LF#">
<   <rdf:Description rdf:ID="V329862">
<     <LF:indicator>F</LF:indicator>
<     <LF:type>DARK-IN-COLOR-VAL</LF:type>
<     <LF:word>DARK</LF:word>
<     <LF:start>16</LF:start>
<     <LF:end>20</LF:end>
<   </rdf:Description>
< </rdf:RDF>
< </terms></utt><utt><words><lisp>(W::SKINNED W::BOY W::WEARING W::A W::GREY W::NIKE W::CAP)</lisp><word>SKINNED</word><word>BOY</word><word>WEARING</word><word>A</word><word>GREY</word><word>NIKE</word><word>CAP</word></words><tags><lisp>((WORD &quot;skinned&quot; :FRAME (21 28) :SENSE-INFO
<   ((:PENN-PARTS-OF-SPEECH (VBN) :TRIPS-PARTS-OF-SPEECH (W::V))) :UTTNUM 67
<   :CHANNEL DESKTOP :DIRECTION INPUT)
<  (WORD &quot;dark-skinned&quot; :FRAME (16 28) :SENSE-INFO
<   ((:PENN-PARTS-OF-SPEECH (JJ) :TRIPS-PARTS-OF-SPEECH (W::ADJ) :WN-SENSE-KEYS
<     (&quot;dark-skinned%5:00:00&quot;)))
<   :UTTNUM 67 :CHANNEL DESKTOP :DIRECTION INPUT)
<  (WORD &quot;boy&quot; :FRAME (29 32) :SENSE-INFO
<   ((:PENN-PARTS-OF-SPEECH (NN) :TRIPS-PARTS-OF-SPEECH (W::N))) :UTTNUM 67
<   :CHANNEL DESKTOP :DIRECTION INPUT)
<  (PREFER &quot;a dark-haired , dark-skinned boy&quot; :FRAME (0 32) :PENN-CATS (NP)
<   :TRIPS-CATS (W::NP) :SCORE 40.958 :UTTNUM 67 :CHANNEL DESKTOP :DIRECTION
<   INPUT)
<  (WORD &quot;wearing&quot; :FRAME (33 40) :SENSE-INFO
<   ((:PENN-PARTS-OF-SPEECH (VBG) :TRIPS-PARTS-OF-SPEECH (W::V))) :UTTNUM 67
<   :CHANNEL DESKTOP :DIRECTION INPUT)
<  (WORD &quot;a&quot; :FRAME (41 42) :SENSE-INFO
<   ((:PENN-PARTS-OF-SPEECH (DT) :TRIPS-PARTS-OF-SPEECH (W::ART W::QUAN W::PRO)))
<   :UTTNUM 67 :CHANNEL DESKTOP :DIRECTION INPUT)
<  (WORD &quot;grey&quot; :FRAME (43 47) :SENSE-INFO
<   ((:PENN-PARTS-OF-SPEECH (NN JJ) :TRIPS-PARTS-OF-SPEECH (W::N W::ADJ)
<     :ALTERNATE-SPELLINGS (&quot;gray&quot;)))
<   :UTTNUM 67 :CHANNEL DESKTOP :DIRECTION INPUT)
<  (WORD &quot;Nike&quot; :FRAME (48 52) :SENSE-INFO
<   ((:PENN-PARTS-OF-SPEECH (NNP) :TRIPS-PARTS-OF-SPEECH (W::NAME) :ONT-TYPES
<     (ONT::ORGANIZATION)))
<   :UTTNUM 67 :CHANNEL DESKTOP :DIRECTION INPUT)
<  (WORD &quot;cap&quot; :FRAME (53 56) :SENSE-INFO
<   ((:PENN-PARTS-OF-SPEECH (NN) :TRIPS-PARTS-OF-SPEECH (W::N))) :UTTNUM 67
<   :CHANNEL DESKTOP :DIRECTION INPUT)
<  (PREFER &quot;a grey Nike cap&quot; :FRAME (41 56) :PENN-CATS (NP) :TRIPS-CATS (W::NP)
<   :SCORE 36.989 :UTTNUM 67 :CHANNEL DESKTOP :DIRECTION INPUT))</lisp><word lex="skinned" start="21" end="28"><sense-info penn-parts-of-speech="VBN" trips-parts-of-speech="V" /></word><word lex="dark-skinned" start="16" end="28"><sense-info penn-parts-of-speech="JJ" trips-parts-of-speech="ADJ" wn-sense-keys="dark-skinned%5:00:00" /></word><word lex="boy" start="29" end="32"><sense-info penn-parts-of-speech="NN" trips-parts-of-speech="N" /></word><prefer text="a dark-haired , dark-skinned boy" start="0" end="32" penn-cats="NP" score="40.958" /><word lex="wearing" start="33" end="40"><sense-info penn-parts-of-speech="VBG" trips-parts-of-speech="V" /></word><word lex="a" start="41" end="42"><sense-info penn-parts-of-speech="DT" trips-parts-of-speech="ART,QUAN,PRO" /></word><word lex="grey" start="43" end="47"><sense-info penn-parts-of-speech="NN,JJ" trips-parts-of-speech="N,ADJ" alternate-spellings="gray" /></word><word lex="Nike" start="48" end="52"><sense-info penn-parts-of-speech="NNP" trips-parts-of-speech="NAME" ont-types="ORGANIZATION" /></word><word lex="cap" start="53" end="56"><sense-info penn-parts-of-speech="NN" trips-parts-of-speech="N" /></word><prefer text="a grey Nike cap" start="41" end="56" penn-cats="NP" score="36.989" /></tags><tree><lisp>(PUNC PUNC-COMMA)</lisp><PUNC>PUNC-COMMA</PUNC></tree><terms root="#V339139"><lisp>((ONT::SPEECHACT ONT::V339139 ONT::SA_REQUEST :CONTENT ONT::V329874 :START 21
<   :END 57)
<  (ONT::F ONT::V329874 (:* ONT::MOVE W::SKINNED) :AGENT ONT::V339137 :AFFECTED
<   ONT::V329889 :TIME ONT::V330585 :TENSE W::PRES :VFORM W::BASE :START 21 :END
<   57)
<  (ONT::IMPRO ONT::V339137 ONT::PERSON :PROFORM W::*YOU* :START 21 :END 57
<   :COREF SYS)
<  (ONT::BARE ONT::V329889 (:* ONT::MALE-CHILD W::BOY) :START 29 :END 33)
<  (ONT::F ONT::V330585 ONT::IMPLICIT-OVERLAP :FIGURE ONT::V329874 :GROUND
<   ONT::V329895 :START 33 :END 57)
<  (ONT::F ONT::V329895 (:* ONT::WEAR W::WEAR) :NEUTRAL ONT::V329956 :VFORM
<   W::ING :START 33 :END 57)
<  (ONT::A ONT::V329956 (:* ONT::ATTIRE W::CAP) :ASSOC-WITH ONT::V329953 :START
<   41 :END 57)
<  (ONT::KIND ONT::V329953 (:* ONT::ORGANIZATION W::NIKE) :NAME-OF W::NIKE :MOD
<   ONT::V329942 :START 41 :END 57)
<  (ONT::F ONT::V329942 (:* ONT::GRAY W::GREY) :FIGURE ONT::V329953 :SCALE
<   ONT::GREYNESS*1--07--00 :START 43 :END 48))</lisp><rdf:RDF
<   xmlns:rdf="http://www.w3.org/1999/02/22-rdf-syntax-ns#"
<   xmlns:role="http://www.cs.rochester.edu/research/trips/role#"
<   xmlns:LF="http://www.cs.rochester.edu/research/trips/LF#">
<   <rdf:Description rdf:ID="V339139">
<     <LF:indicator>SPEECHACT</LF:indicator>
<     <LF:type>SA_REQUEST</LF:type>
<     <role:CONTENT rdf:resource="#V329874" />
<     <LF:start>21</LF:start>
<     <LF:end>57</LF:end>
<   </rdf:Description>
<   <rdf:Description rdf:ID="V329874">
<     <LF:indicator>F</LF:indicator>
<     <LF:type>MOVE</LF:type>
<     <LF:word>SKINNED</LF:word>
<     <role:AGENT rdf:resource="#V339137" />
<     <role:AFFECTED rdf:resource="#V329889" />
<     <role:TIME rdf:resource="#V330585" />
<     <role:TENSE>PRES</role:TENSE>
<     <role:VFORM>BASE</role:VFORM>
<     <LF:start>21</LF:start>
<     <LF:end>57</LF:end>
<   </rdf:Description>
<   <rdf:Description rdf:ID="V339137">
<     <LF:indicator>IMPRO</LF:indicator>
<     <LF:type>PERSON</LF:type>
<     <role:PROFORM>*YOU*</role:PROFORM>
<     <LF:start>21</LF:start>
<     <LF:end>57</LF:end>
<     <role:COREF>SYS</role:COREF>
<   </rdf:Description>
<   <rdf:Description rdf:ID="V329889">
<     <LF:indicator>BARE</LF:indicator>
<     <LF:type>MALE-CHILD</LF:type>
<     <LF:word>BOY</LF:word>
<     <LF:start>29</LF:start>
<     <LF:end>33</LF:end>
<   </rdf:Description>
<   <rdf:Description rdf:ID="V330585">
<     <LF:indicator>F</LF:indicator>
<     <LF:type>IMPLICIT-OVERLAP</LF:type>
<     <role:FIGURE rdf:resource="#V329874" />
<     <role:GROUND rdf:resource="#V329895" />
<     <LF:start>33</LF:start>
<     <LF:end>57</LF:end>
<   </rdf:Description>
<   <rdf:Description rdf:ID="V329895">
<     <LF:indicator>F</LF:indicator>
<     <LF:type>WEAR</LF:type>
<     <LF:word>WEAR</LF:word>
<     <role:NEUTRAL rdf:resource="#V329956" />
<     <role:VFORM>ING</role:VFORM>
<     <LF:start>33</LF:start>
<     <LF:end>57</LF:end>
<   </rdf:Description>
<   <rdf:Description rdf:ID="V329956">
<     <LF:indicator>A</LF:indicator>
<     <LF:type>ATTIRE</LF:type>
<     <LF:word>CAP</LF:word>
<     <role:ASSOC-WITH rdf:resource="#V329953" />
<     <LF:start>41</LF:start>
<     <LF:end>57</LF:end>
<   </rdf:Description>
<   <rdf:Description rdf:ID="V329953">
<     <LF:indicator>KIND</LF:indicator>
<     <LF:type>ORGANIZATION</LF:type>
<     <LF:word>NIKE</LF:word>
<     <role:NAME-OF>NIKE</role:NAME-OF>
<     <role:MOD rdf:resource="#V329942" />
<     <LF:start>41</LF:start>
<     <LF:end>57</LF:end>
<   </rdf:Description>
<   <rdf:Description rdf:ID="V329942">
<     <LF:indicator>F</LF:indicator>
<     <LF:type>GRAY</LF:type>
<     <LF:word>GREY</LF:word>
<     <role:FIGURE rdf:resource="#V329953" />
<     <role:SCALE>GREYNESS*1--07--00</role:SCALE>
<     <LF:start>43</LF:start>
<     <LF:end>48</LF:end>
<   </rdf:Description>
< </rdf:RDF>
< </terms></utt><utt><words><lisp>(W::AND W::A W::GREY W::PULLOVER W::IS W::STANDING W::IN W::FRONT W::OF W::A
<  W::GREY W::WALL)</lisp><word>AND</word><word>A</word><word>GREY</word><word>PULLOVER</word><word>IS</word><word>STANDING</word><word>IN</word><word>FRONT</word><word>OF</word><word>A</word><word>GREY</word><word>WALL</word></words><tags><lisp>((WORD &quot;and&quot; :FRAME (57 60) :SENSE-INFO
<   ((:PENN-PARTS-OF-SPEECH (CC) :TRIPS-PARTS-OF-SPEECH (W::CONJ))) :UTTNUM 67
<   :CHANNEL DESKTOP :DIRECTION INPUT)
<  (WORD &quot;a&quot; :FRAME (61 62) :SENSE-INFO
<   ((:PENN-PARTS-OF-SPEECH (DT) :TRIPS-PARTS-OF-SPEECH (W::ART W::QUAN W::PRO)))
<   :UTTNUM 67 :CHANNEL DESKTOP :DIRECTION INPUT)
<  (WORD &quot;grey&quot; :FRAME (63 67) :SENSE-INFO
<   ((:PENN-PARTS-OF-SPEECH (NN JJ) :TRIPS-PARTS-OF-SPEECH (W::N W::ADJ)
<     :ALTERNATE-SPELLINGS (&quot;gray&quot;)))
<   :UTTNUM 67 :CHANNEL DESKTOP :DIRECTION INPUT)
<  (WORD &quot;pullover&quot; :FRAME (68 76) :SENSE-INFO
<   ((:PENN-PARTS-OF-SPEECH (NN) :TRIPS-PARTS-OF-SPEECH (W::N))) :UTTNUM 67
<   :CHANNEL DESKTOP :DIRECTION INPUT)
<  (PREFER &quot;a grey pullover&quot; :FRAME (61 76) :PENN-CATS (NP) :TRIPS-CATS (W::NP)
<   :SCORE 25.395 :UTTNUM 67 :CHANNEL DESKTOP :DIRECTION INPUT)
<  (PREFER &quot;a grey Nike cap and a grey pullover&quot; :FRAME (41 76) :PENN-CATS (NP)
<   :TRIPS-CATS (W::NP) :SCORE 66.274 :UTTNUM 67 :CHANNEL DESKTOP :DIRECTION
<   INPUT)
<  (PREFER &quot;wearing a grey Nike cap and a grey pullover&quot; :FRAME (33 76)
<   :PENN-CATS (VP) :TRIPS-CATS (W::VP) :SCORE 75.402 :UTTNUM 67 :CHANNEL DESKTOP
<   :DIRECTION INPUT)
<  (PREFER
<   &quot;a dark-haired , dark-skinned boy wearing a grey Nike cap and a grey pullover&quot;
<   :FRAME (0 76) :PENN-CATS (NP) :TRIPS-CATS (W::NP) :SCORE 118.921 :UTTNUM 67
<   :CHANNEL DESKTOP :DIRECTION INPUT)
<  (WORD &quot;is&quot; :FRAME (77 79) :SENSE-INFO
<   ((:PENN-PARTS-OF-SPEECH (VBZ) :TRIPS-PARTS-OF-SPEECH (W::V))) :UTTNUM 67
<   :CHANNEL DESKTOP :DIRECTION INPUT)
<  (WORD &quot;standing&quot; :FRAME (80 88) :SENSE-INFO
<   ((:PENN-PARTS-OF-SPEECH (VBG) :TRIPS-PARTS-OF-SPEECH (W::V))) :UTTNUM 67
<   :CHANNEL DESKTOP :DIRECTION INPUT)
<  (WORD &quot;in&quot; :FRAME (89 91) :SENSE-INFO
<   ((:PENN-PARTS-OF-SPEECH (IN) :TRIPS-PARTS-OF-SPEECH (W::PREP W::ADV)))
<   :UTTNUM 67 :CHANNEL DESKTOP :DIRECTION INPUT)
<  (WORD &quot;standing in&quot; :FRAME (80 91) :SENSE-INFO
<   ((:PENN-PARTS-OF-SPEECH (VBG) :TRIPS-PARTS-OF-SPEECH (W::V) :WN-SENSE-KEYS
<     (&quot;stand_in%2:40:00&quot;)))
<   :UTTNUM 67 :CHANNEL DESKTOP :DIRECTION INPUT)
<  (WORD &quot;front&quot; :FRAME (92 97) :SENSE-INFO
<   ((:PENN-PARTS-OF-SPEECH (NN) :TRIPS-PARTS-OF-SPEECH (W::N))) :UTTNUM 67
<   :CHANNEL DESKTOP :DIRECTION INPUT)
<  (PREFER &quot;front&quot; :FRAME (92 97) :PENN-CATS (NP) :TRIPS-CATS (W::NP) :SCORE
<   10.944 :UTTNUM 67 :CHANNEL DESKTOP :DIRECTION INPUT)
<  (WORD &quot;in front&quot; :FRAME (89 97) :SENSE-INFO
<   ((:PENN-PARTS-OF-SPEECH (RB) :TRIPS-PARTS-OF-SPEECH (W::ADV) :WN-SENSE-KEYS
<     (&quot;in_front%4:02:00&quot;)))
<   :UTTNUM 67 :CHANNEL DESKTOP :DIRECTION INPUT)
<  (WORD &quot;of&quot; :FRAME (98 100) :SENSE-INFO
<   ((:PENN-PARTS-OF-SPEECH (IN) :TRIPS-PARTS-OF-SPEECH (W::PREP W::ADV)))
<   :UTTNUM 67 :CHANNEL DESKTOP :DIRECTION INPUT)
<  (WORD &quot;a&quot; :FRAME (101 102) :SENSE-INFO
<   ((:PENN-PARTS-OF-SPEECH (DT) :TRIPS-PARTS-OF-SPEECH (W::ART W::QUAN W::PRO)))
<   :UTTNUM 67 :CHANNEL DESKTOP :DIRECTION INPUT)
<  (WORD &quot;grey&quot; :FRAME (103 107) :SENSE-INFO
<   ((:PENN-PARTS-OF-SPEECH (NN JJ) :TRIPS-PARTS-OF-SPEECH (W::N W::ADJ)
<     :ALTERNATE-SPELLINGS (&quot;gray&quot;)))
<   :UTTNUM 67 :CHANNEL DESKTOP :DIRECTION INPUT)
<  (WORD &quot;wall&quot; :FRAME (108 112) :SENSE-INFO
<   ((:PENN-PARTS-OF-SPEECH (NN) :TRIPS-PARTS-OF-SPEECH (W::N))) :UTTNUM 67
<   :CHANNEL DESKTOP :DIRECTION INPUT)
<  (PREFER &quot;a grey wall&quot; :FRAME (101 112) :PENN-CATS (NP) :TRIPS-CATS (W::NP)
<   :SCORE 22.185 :UTTNUM 67 :CHANNEL DESKTOP :DIRECTION INPUT)
<  (PREFER &quot;of a grey wall&quot; :FRAME (98 112) :PENN-CATS (PP) :TRIPS-CATS (W::PP)
<   :SCORE 23.253 :UTTNUM 67 :CHANNEL DESKTOP :DIRECTION INPUT)
<  (PREFER &quot;front of a grey wall&quot; :FRAME (92 112) :PENN-CATS (NP) :TRIPS-CATS
<   (W::NP) :SCORE 34.738 :UTTNUM 67 :CHANNEL DESKTOP :DIRECTION INPUT)
<  (PREFER &quot;in front of a grey wall&quot; :FRAME (89 112) :PENN-CATS (PP) :TRIPS-CATS
<   (W::PP) :SCORE 37.946 :UTTNUM 67 :CHANNEL DESKTOP :DIRECTION INPUT)
<  (PREFER &quot;standing in front of a grey wall&quot; :FRAME (80 112) :PENN-CATS (VP)
<   :TRIPS-CATS (W::VP) :SCORE 47.12 :UTTNUM 67 :CHANNEL DESKTOP :DIRECTION
<   INPUT)
<  (PREFER &quot;is standing in front of a grey wall&quot; :FRAME (77 112) :PENN-CATS (VP)
<   :TRIPS-CATS (W::VP) :SCORE 51.38 :UTTNUM 67 :CHANNEL DESKTOP :DIRECTION
<   INPUT)
<  (WORD &quot;.&quot; :FRAME (113 113) :SENSE-INFO
<   ((:PENN-PARTS-OF-SPEECH (FULL_STOP) :TRIPS-PARTS-OF-SPEECH (W::PUNC)))
<   :UTTNUM 67 :CHANNEL DESKTOP :DIRECTION INPUT)
<  (PREFER
<   &quot;a dark-haired , dark-skinned boy wearing a grey Nike cap and a grey pullover is standing in front of a grey wall .&quot;
<   :FRAME (0 113) :PENN-CATS (S) :SCORE 174.215 :UTTNUM 67 :CHANNEL DESKTOP
<   :DIRECTION INPUT))</lisp><word lex="and" start="57" end="60"><sense-info penn-parts-of-speech="CC" trips-parts-of-speech="CONJ" /></word><word lex="a" start="61" end="62"><sense-info penn-parts-of-speech="DT" trips-parts-of-speech="ART,QUAN,PRO" /></word><word lex="grey" start="63" end="67"><sense-info penn-parts-of-speech="NN,JJ" trips-parts-of-speech="N,ADJ" alternate-spellings="gray" /></word><word lex="pullover" start="68" end="76"><sense-info penn-parts-of-speech="NN" trips-parts-of-speech="N" /></word><prefer text="a grey pullover" start="61" end="76" penn-cats="NP" score="25.395" /><prefer text="a grey Nike cap and a grey pullover" start="41" end="76" penn-cats="NP" score="66.274" /><prefer text="wearing a grey Nike cap and a grey pullover" start="33" end="76" penn-cats="VP" score="75.402" /><prefer text="a dark-haired , dark-skinned boy wearing a grey Nike cap and a grey pullover" start="0" end="76" penn-cats="NP" score="118.921" /><word lex="is" start="77" end="79"><sense-info penn-parts-of-speech="VBZ" trips-parts-of-speech="V" /></word><word lex="standing" start="80" end="88"><sense-info penn-parts-of-speech="VBG" trips-parts-of-speech="V" /></word><word lex="in" start="89" end="91"><sense-info penn-parts-of-speech="IN" trips-parts-of-speech="PREP,ADV" /></word><word lex="standing in" start="80" end="91"><sense-info penn-parts-of-speech="VBG" trips-parts-of-speech="V" wn-sense-keys="stand_in%2:40:00" /></word><word lex="front" start="92" end="97"><sense-info penn-parts-of-speech="NN" trips-parts-of-speech="N" /></word><prefer text="front" start="92" end="97" penn-cats="NP" score="10.944" /><word lex="in front" start="89" end="97"><sense-info penn-parts-of-speech="RB" trips-parts-of-speech="ADV" wn-sense-keys="in_front%4:02:00" /></word><word lex="of" start="98" end="100"><sense-info penn-parts-of-speech="IN" trips-parts-of-speech="PREP,ADV" /></word><word lex="a" start="101" end="102"><sense-info penn-parts-of-speech="DT" trips-parts-of-speech="ART,QUAN,PRO" /></word><word lex="grey" start="103" end="107"><sense-info penn-parts-of-speech="NN,JJ" trips-parts-of-speech="N,ADJ" alternate-spellings="gray" /></word><word lex="wall" start="108" end="112"><sense-info penn-parts-of-speech="NN" trips-parts-of-speech="N" /></word><prefer text="a grey wall" start="101" end="112" penn-cats="NP" score="22.185" /><prefer text="of a grey wall" start="98" end="112" penn-cats="PP" score="23.253" /><prefer text="front of a grey wall" start="92" end="112" penn-cats="NP" score="34.738" /><prefer text="in front of a grey wall" start="89" end="112" penn-cats="PP" score="37.946" /><prefer text="standing in front of a grey wall" start="80" end="112" penn-cats="VP" score="47.12" /><prefer text="is standing in front of a grey wall" start="77" end="112" penn-cats="VP" score="51.38" /><word lex="." start="113" end="113"><sense-info penn-parts-of-speech="FULL_STOP" trips-parts-of-speech="PUNC" /></word><prefer text="a dark-haired , dark-skinned boy wearing a grey Nike cap and a grey pullover is standing in front of a grey wall ." start="0" end="113" penn-cats="S" score="174.215" /></tags><tree><lisp>(ADJP (ADJ1 (ADJ DARK)))</lisp><ADJP><ADJ1><ADJ>DARK</ADJ></ADJ1></ADJP></tree><terms root="#V330980"><lisp>((ONT::SPEECHACT ONT::V330980 ONT::SA_TELL :CONTENT ONT::V330031 :MOD
<   ONT::V329963 :START 57 :END 113)
<  (ONT::F ONT::V329963 (:* ONT::CONJUNCT W::AND) :FIGURE ONT::V330980 :START 57
<   :END 61)
<  (ONT::F ONT::V330031 (:* ONT::BE W::BE) :NEUTRAL ONT::V330022 :NEUTRAL1
<   ONT::V330048 :TENSE W::PRES :START 61 :END 113)
<  (ONT::A ONT::V330022 (:* ONT::ATTIRE W::PULLOVER) :MOD ONT::V330012 :START 61
<   :END 77)
<  (ONT::F ONT::V330012 (:* ONT::GRAY W::GREY) :FIGURE ONT::V330022 :SCALE
<   ONT::GREYNESS*1--07--00 :START 63 :END 68)
<  (ONT::BARE ONT::V330048 (:* ONT::BE-AT-LOC W::STAND) :LOCATION ONT::V330057
<   :START 80 :END 113)
<  (ONT::F ONT::V330057 (:* ONT::IN-LOC W::IN) :GROUND ONT::V330118 :FIGURE
<   ONT::V330048 :START 89 :END 113)
<  (ONT::BARE ONT::V330118 (:* ONT::OBJECT-DEPENDENT-LOCATION W::FRONT) :FIGURE
<   ONT::V330229 :START 92 :END 113)
<  (ONT::A ONT::V330229 (:* ONT::STRUCTURE-INTERNAL-COMPONENT W::WALL) :MOD
<   ONT::V330220 :START 98 :END 113)
<  (ONT::F ONT::V330220 (:* ONT::GRAY W::GREY) :FIGURE ONT::V330229 :SCALE
<   ONT::GREYNESS*1--07--00 :START 103 :END 108))</lisp><rdf:RDF
<   xmlns:rdf="http://www.w3.org/1999/02/22-rdf-syntax-ns#"
<   xmlns:role="http://www.cs.rochester.edu/research/trips/role#"
<   xmlns:LF="http://www.cs.rochester.edu/research/trips/LF#">
<   <rdf:Description rdf:ID="V330980">
<     <LF:indicator>SPEECHACT</LF:indicator>
<     <LF:type>SA_TELL</LF:type>
<     <role:CONTENT rdf:resource="#V330031" />
<     <role:MOD rdf:resource="#V329963" />
<     <LF:start>57</LF:start>
<     <LF:end>113</LF:end>
<   </rdf:Description>
<   <rdf:Description rdf:ID="V329963">
<     <LF:indicator>F</LF:indicator>
<     <LF:type>CONJUNCT</LF:type>
<     <LF:word>AND</LF:word>
<     <role:FIGURE rdf:resource="#V330980" />
<     <LF:start>57</LF:start>
<     <LF:end>61</LF:end>
<   </rdf:Description>
<   <rdf:Description rdf:ID="V330031">
<     <LF:indicator>F</LF:indicator>
<     <LF:type>BE</LF:type>
<     <LF:word>BE</LF:word>
<     <role:NEUTRAL rdf:resource="#V330022" />
<     <role:NEUTRAL1 rdf:resource="#V330048" />
<     <role:TENSE>PRES</role:TENSE>
<     <LF:start>61</LF:start>
<     <LF:end>113</LF:end>
<   </rdf:Description>
<   <rdf:Description rdf:ID="V330022">
<     <LF:indicator>A</LF:indicator>
<     <LF:type>ATTIRE</LF:type>
<     <LF:word>PULLOVER</LF:word>
<     <role:MOD rdf:resource="#V330012" />
<     <LF:start>61</LF:start>
<     <LF:end>77</LF:end>
<   </rdf:Description>
<   <rdf:Description rdf:ID="V330012">
<     <LF:indicator>F</LF:indicator>
<     <LF:type>GRAY</LF:type>
<     <LF:word>GREY</LF:word>
<     <role:FIGURE rdf:resource="#V330022" />
<     <role:SCALE>GREYNESS*1--07--00</role:SCALE>
<     <LF:start>63</LF:start>
<     <LF:end>68</LF:end>
<   </rdf:Description>
<   <rdf:Description rdf:ID="V330048">
<     <LF:indicator>BARE</LF:indicator>
<     <LF:type>BE-AT-LOC</LF:type>
<     <LF:word>STAND</LF:word>
<     <role:LOCATION rdf:resource="#V330057" />
<     <LF:start>80</LF:start>
<     <LF:end>113</LF:end>
<   </rdf:Description>
<   <rdf:Description rdf:ID="V330057">
<     <LF:indicator>F</LF:indicator>
<     <LF:type>IN-LOC</LF:type>
<     <LF:word>IN</LF:word>
<     <role:GROUND rdf:resource="#V330118" />
<     <role:FIGURE rdf:resource="#V330048" />
<     <LF:start>89</LF:start>
<     <LF:end>113</LF:end>
<   </rdf:Description>
<   <rdf:Description rdf:ID="V330118">
<     <LF:indicator>BARE</LF:indicator>
<     <LF:type>OBJECT-DEPENDENT-LOCATION</LF:type>
<     <LF:word>FRONT</LF:word>
<     <role:FIGURE rdf:resource="#V330229" />
<     <LF:start>92</LF:start>
<     <LF:end>113</LF:end>
<   </rdf:Description>
<   <rdf:Description rdf:ID="V330229">
<     <LF:indicator>A</LF:indicator>
<     <LF:type>STRUCTURE-INTERNAL-COMPONENT</LF:type>
<     <LF:word>WALL</LF:word>
<     <role:MOD rdf:resource="#V330220" />
<     <LF:start>98</LF:start>
<     <LF:end>113</LF:end>
<   </rdf:Description>
<   <rdf:Description rdf:ID="V330220">
<     <LF:indicator>F</LF:indicator>
<     <LF:type>GRAY</LF:type>
<     <LF:word>GREY</LF:word>
<     <role:FIGURE rdf:resource="#V330229" />
<     <role:SCALE>GREYNESS*1--07--00</role:SCALE>
<     <LF:start>103</LF:start>
<     <LF:end>108</LF:end>
<   </rdf:Description>
< </rdf:RDF>
< </terms></utt></compound-communication-act>
< </trips-parser-output>
\ No newline at end of file
---
> <SpRL>
>  <SCENE>
>   <SENTENCE id="s1" indicator="F" type="MODIFIER" text="DARK-PUNC-MINUS-HAIRED" start="2" end="14" WNSENSE="dark-haired%5:00:00">
>    <TEXT>dark-haired ,</TEXT>
>   </SENTENCE>
>   <SENTENCE id="s2" indicator="F" type="DARK-IN-COLOR-VAL" text="DARK" start="16" end="20">
>    <TEXT>dark-</TEXT>
>   </SENTENCE>
>   <SENTENCE id="s3" indicator="SPEECHACT" type="SA_REQUEST" start="21" end="57">
>    <TEXT>skinned boy wearing a grey Nike cap a</TEXT>
>    <RELATION id="1" head="V339139" res="V329874" label="CONTENT"/>
>    <PHRASE id="V329874" indicator="F" type="MOVE" text="SKINNED" TENSE="PRES" VFORM="BASE" start="21" end="57"/>
>    <RELATION id="2" head="V329874" res="V339137" label="AGENT"/>
>    <RELATION id="3" head="V329874" res="V329889" label="AFFECTED"/>
>    <RELATION id="4" head="V329874" res="V330585" label="TIME"/>
>    <PHRASE id="V339137" indicator="IMPRO" type="PERSON" PROFORM="*YOU*" start="21" end="57" COREF="SYS"/>
>    <PHRASE id="V329889" indicator="BARE" type="MALE-CHILD" text="BOY" start="29" end="33"/>
>    <PHRASE id="V330585" indicator="F" type="IMPLICIT-OVERLAP" start="33" end="57"/>
>    <RELATION id="5" head="V330585" res="V329874" label="FIGURE"/>
>    <RELATION id="6" head="V330585" res="V329895" label="GROUND"/>
>    <PHRASE id="V329895" indicator="F" type="WEAR" text="WEAR" VFORM="ING" start="33" end="57"/>
>    <RELATION id="7" head="V329895" res="V329956" label="NEUTRAL"/>
>    <PHRASE id="V329956" indicator="A" type="ATTIRE" text="CAP" start="41" end="57"/>
>    <RELATION id="8" head="V329956" res="V329953" label="ASSOC-WITH"/>
>    <PHRASE id="V329953" indicator="KIND" type="ORGANIZATION" text="NIKE" NAME-OF="NIKE" start="41" end="57"/>
>    <RELATION id="9" head="V329953" res="V329942" label="MOD"/>
>    <PHRASE id="V329942" indicator="F" type="GRAY" text="GREY" SCALE="GREYNESS*1--07--00" start="43" end="48"/>
>    <RELATION id="10" head="V329942" res="V329953" label="FIGURE"/>
>   </SENTENCE>
>   <SENTENCE id="s4" indicator="SPEECHACT" type="SA_TELL" start="57" end="113">
>    <TEXT>and a grey pullover is standing in front of a grey wall .</TEXT>
>    <RELATION id="11" head="V330980" res="V330031" label="CONTENT"/>
>    <RELATION id="12" head="V330980" res="V329963" label="MOD"/>
>    <PHRASE id="V329963" indicator="F" type="CONJUNCT" text="AND" start="57" end="61"/>
>    <RELATION id="13" head="V329963" res="V330980" label="FIGURE"/>
>    <PHRASE id="V330031" indicator="F" type="BE" text="BE" TENSE="PRES" start="61" end="113"/>
>    <RELATION id="14" head="V330031" res="V330022" label="NEUTRAL"/>
>    <RELATION id="15" head="V330031" res="V330048" label="NEUTRAL1"/>
>    <PHRASE id="V330022" indicator="A" type="ATTIRE" text="PULLOVER" start="61" end="77"/>
>    <RELATION id="16" head="V330022" res="V330012" label="MOD"/>
>    <PHRASE id="V330012" indicator="F" type="GRAY" text="GREY" SCALE="GREYNESS*1--07--00" start="63" end="68"/>
>    <RELATION id="17" head="V330012" res="V330022" label="FIGURE"/>
>    <PHRASE id="V330048" indicator="BARE" type="BE-AT-LOC" text="STAND" start="80" end="113"/>
>    <RELATION id="18" head="V330048" res="V330057" label="LOCATION"/>
>    <PHRASE id="V330057" indicator="F" type="IN-LOC" text="IN" start="89" end="113"/>
>    <RELATION id="19" head="V330057" res="V330118" label="GROUND"/>
>    <RELATION id="20" head="V330057" res="V330048" label="FIGURE"/>
>    <PHRASE id="V330118" indicator="BARE" type="OBJECT-DEPENDENT-LOCATION" text="FRONT" start="92" end="113"/>
>    <RELATION id="21" head="V330118" res="V330229" label="FIGURE"/>
>    <PHRASE id="V330229" indicator="A" type="STRUCTURE-INTERNAL-COMPONENT" text="WALL" start="98" end="113"/>
>    <RELATION id="22" head="V330229" res="V330220" label="MOD"/>
>    <PHRASE id="V330220" indicator="F" type="GRAY" text="GREY" SCALE="GREYNESS*1--07--00" start="103" end="108"/>
>    <RELATION id="23" head="V330220" res="V330229" label="FIGURE"/>
>   </SENTENCE>
>  </SCENE>
> </SpRL>
