2,280c2,45
< <?xml-stylesheet type="text/xsl" href="../style/parser-interface.xsl"?>
< <!DOCTYPE trips-parser-output SYSTEM "../trips-parser-output.dtd">
< <trips-parser-output parser-build-date="2017-09-20T12:11:02-0500" system="STEP" extsformat="svg" tagsformat="hidden" treecontents="phrase" treeformat="LinGO" lfformat="svg" semantic-skeleton-scoring="T" rule-sets="" input="grey wall of a house on the right , reddish house with some wood on the left in the background .
< ">
< <debug>
< *last-utt-id*=NIL  utt-id+69
< *last-utt-id*=69  utt-id+NIL
< *last-utt-id*=NIL  utt-id+69
< *last-utt-id*=69  utt-id+NIL</debug><utt><words><lisp>(W::GREY W::WALL W::OF W::A W::HOUSE W::ON W::THE W::RIGHT W::PUNC-COMMA)</lisp><word>GREY</word><word>WALL</word><word>OF</word><word>A</word><word>HOUSE</word><word>ON</word><word>THE</word><word>RIGHT</word><word>PUNC-COMMA</word></words><tags><lisp>((WORD &quot;grey&quot; :FRAME (0 4) :SENSE-INFO
<   ((:PENN-PARTS-OF-SPEECH (NN JJ) :TRIPS-PARTS-OF-SPEECH (W::N W::ADJ)
<     :ALTERNATE-SPELLINGS (&quot;gray&quot;)))
<   :UTTNUM 69 :CHANNEL DESKTOP :DIRECTION INPUT)
<  (WORD &quot;wall&quot; :FRAME (5 9) :SENSE-INFO
<   ((:PENN-PARTS-OF-SPEECH (NN) :TRIPS-PARTS-OF-SPEECH (W::N))) :UTTNUM 69
<   :CHANNEL DESKTOP :DIRECTION INPUT)
<  (PREFER &quot;grey wall&quot; :FRAME (0 9) :PENN-CATS (NP) :TRIPS-CATS (W::NP) :SCORE
<   21.573 :UTTNUM 69 :CHANNEL DESKTOP :DIRECTION INPUT)
<  (WORD &quot;of&quot; :FRAME (10 12) :SENSE-INFO
<   ((:PENN-PARTS-OF-SPEECH (IN) :TRIPS-PARTS-OF-SPEECH (W::PREP W::ADV)))
<   :UTTNUM 69 :CHANNEL DESKTOP :DIRECTION INPUT)
<  (WORD &quot;a&quot; :FRAME (13 14) :SENSE-INFO
<   ((:PENN-PARTS-OF-SPEECH (DT) :TRIPS-PARTS-OF-SPEECH (W::ART W::QUAN W::PRO)))
<   :UTTNUM 69 :CHANNEL DESKTOP :DIRECTION INPUT)
<  (WORD &quot;house&quot; :FRAME (15 20) :SENSE-INFO
<   ((:PENN-PARTS-OF-SPEECH (NN) :TRIPS-PARTS-OF-SPEECH (W::N))) :UTTNUM 69
<   :CHANNEL DESKTOP :DIRECTION INPUT)
<  (PREFER &quot;a house&quot; :FRAME (13 20) :PENN-CATS (NP) :TRIPS-CATS (W::NP) :SCORE
<   10.534 :UTTNUM 69 :CHANNEL DESKTOP :DIRECTION INPUT)
<  (PREFER &quot;of a house&quot; :FRAME (10 20) :PENN-CATS (PP) :TRIPS-CATS (W::PP) :SCORE
<   11.601 :UTTNUM 69 :CHANNEL DESKTOP :DIRECTION INPUT)
<  (WORD &quot;on&quot; :FRAME (21 23) :SENSE-INFO
<   ((:PENN-PARTS-OF-SPEECH (IN) :TRIPS-PARTS-OF-SPEECH (W::PREP W::ADV)))
<   :UTTNUM 69 :CHANNEL DESKTOP :DIRECTION INPUT)
<  (WORD &quot;the&quot; :FRAME (24 27) :SENSE-INFO
<   ((:PENN-PARTS-OF-SPEECH (DT) :TRIPS-PARTS-OF-SPEECH (W::ART W::QUAN W::PRO)))
<   :UTTNUM 69 :CHANNEL DESKTOP :DIRECTION INPUT)
<  (WORD &quot;right&quot; :FRAME (28 33) :SENSE-INFO
<   ((:PENN-PARTS-OF-SPEECH (NN JJ) :TRIPS-PARTS-OF-SPEECH (W::N W::ADJ)))
<   :UTTNUM 69 :CHANNEL DESKTOP :DIRECTION INPUT)
<  (WORD &quot;,&quot; :FRAME (34 34) :SENSE-INFO
<   ((:PENN-PARTS-OF-SPEECH (COMMA) :TRIPS-PARTS-OF-SPEECH (W::PUNC))) :UTTNUM 69
<   :CHANNEL DESKTOP :DIRECTION INPUT))</lisp><word lex="grey" start="0" end="4"><sense-info penn-parts-of-speech="NN,JJ" trips-parts-of-speech="N,ADJ" alternate-spellings="gray" /></word><word lex="wall" start="5" end="9"><sense-info penn-parts-of-speech="NN" trips-parts-of-speech="N" /></word><prefer text="grey wall" start="0" end="9" penn-cats="NP" score="21.573" /><word lex="of" start="10" end="12"><sense-info penn-parts-of-speech="IN" trips-parts-of-speech="PREP,ADV" /></word><word lex="a" start="13" end="14"><sense-info penn-parts-of-speech="DT" trips-parts-of-speech="ART,QUAN,PRO" /></word><word lex="house" start="15" end="20"><sense-info penn-parts-of-speech="NN" trips-parts-of-speech="N" /></word><prefer text="a house" start="13" end="20" penn-cats="NP" score="10.534" /><prefer text="of a house" start="10" end="20" penn-cats="PP" score="11.601" /><word lex="on" start="21" end="23"><sense-info penn-parts-of-speech="IN" trips-parts-of-speech="PREP,ADV" /></word><word lex="the" start="24" end="27"><sense-info penn-parts-of-speech="DT" trips-parts-of-speech="ART,QUAN,PRO" /></word><word lex="right" start="28" end="33"><sense-info penn-parts-of-speech="NN,JJ" trips-parts-of-speech="N,ADJ" /></word><word lex="," start="34" end="34"><sense-info penn-parts-of-speech="COMMA" trips-parts-of-speech="PUNC" /></word></tags><tree><lisp>(NP
<  (N1
<   (N1 (N1 (ADJP (ADJ1 (ADJ GREY))) (N1 (N WALL)))
<    (ADVBL (ADV OF) (NP (SPEC (DET (ART A))) (N1 (N HOUSE)))))
<   (ADVBL (ADV ON)
<    (NP (NP (SPEC (DET (ART THE))) (N1 (N RIGHT))) (PUNC PUNC-COMMA)))))</lisp><NP><N1><N1><N1><ADJP><ADJ1><ADJ>GREY</ADJ></ADJ1></ADJP><N1><N>WALL</N></N1></N1><ADVBL><ADV>OF</ADV><NP><SPEC><DET><ART>A</ART></DET></SPEC><N1><N>HOUSE</N></N1></NP></ADVBL></N1><ADVBL><ADV>ON</ADV><NP><NP><SPEC><DET><ART>THE</ART></DET></SPEC><N1><N>RIGHT</N></N1></NP><PUNC>PUNC-COMMA</PUNC></NP></ADVBL></N1></NP></tree><terms root="#V357803"><lisp>((ONT::BARE ONT::V357803 (:* ONT::STRUCTURE-INTERNAL-COMPONENT W::WALL)
<   :LOCATION ONT::V357867 :MOD ONT::V357808 :MOD ONT::V357794 :START 0 :END 34)
<  (ONT::F ONT::V357794 (:* ONT::GRAY W::GREY) :FIGURE ONT::V357803 :SCALE
<   ONT::GREYNESS*1--07--00 :START 0 :END 5)
<  (ONT::F ONT::V357808 (:* ONT::CONTAIN-RELN W::OF) :GROUND ONT::V357858 :FIGURE
<   ONT::V357803 :START 10 :END 21)
<  (ONT::A ONT::V357858 (:* ONT::LODGING W::HOUSE) :START 13 :END 21)
<  (ONT::F ONT::V357867 (:* ONT::ON W::ON) :GROUND ONT::V357904 :FIGURE
<   ONT::V357803 :START 21 :END 34)
<  (ONT::THE ONT::V357904 (:* ONT::RIGHT-LOC W::RIGHT) :START 24 :END 34))</lisp><rdf:RDF
<   xmlns:rdf="http://www.w3.org/1999/02/22-rdf-syntax-ns#"
<   xmlns:role="http://www.cs.rochester.edu/research/trips/role#"
<   xmlns:LF="http://www.cs.rochester.edu/research/trips/LF#">
<   <rdf:Description rdf:ID="V357803">
<     <LF:indicator>BARE</LF:indicator>
<     <LF:type>STRUCTURE-INTERNAL-COMPONENT</LF:type>
<     <LF:word>WALL</LF:word>
<     <role:LOCATION rdf:resource="#V357867" />
<     <role:MOD rdf:resource="#V357808" />
<     <role:MOD rdf:resource="#V357794" />
<     <LF:start>0</LF:start>
<     <LF:end>34</LF:end>
<   </rdf:Description>
<   <rdf:Description rdf:ID="V357794">
<     <LF:indicator>F</LF:indicator>
<     <LF:type>GRAY</LF:type>
<     <LF:word>GREY</LF:word>
<     <role:FIGURE rdf:resource="#V357803" />
<     <role:SCALE>GREYNESS*1--07--00</role:SCALE>
<     <LF:start>0</LF:start>
<     <LF:end>5</LF:end>
<   </rdf:Description>
<   <rdf:Description rdf:ID="V357808">
<     <LF:indicator>F</LF:indicator>
<     <LF:type>CONTAIN-RELN</LF:type>
<     <LF:word>OF</LF:word>
<     <role:GROUND rdf:resource="#V357858" />
<     <role:FIGURE rdf:resource="#V357803" />
<     <LF:start>10</LF:start>
<     <LF:end>21</LF:end>
<   </rdf:Description>
<   <rdf:Description rdf:ID="V357858">
<     <LF:indicator>A</LF:indicator>
<     <LF:type>LODGING</LF:type>
<     <LF:word>HOUSE</LF:word>
<     <LF:start>13</LF:start>
<     <LF:end>21</LF:end>
<   </rdf:Description>
<   <rdf:Description rdf:ID="V357867">
<     <LF:indicator>F</LF:indicator>
<     <LF:type>ON</LF:type>
<     <LF:word>ON</LF:word>
<     <role:GROUND rdf:resource="#V357904" />
<     <role:FIGURE rdf:resource="#V357803" />
<     <LF:start>21</LF:start>
<     <LF:end>34</LF:end>
<   </rdf:Description>
<   <rdf:Description rdf:ID="V357904">
<     <LF:indicator>THE</LF:indicator>
<     <LF:type>RIGHT-LOC</LF:type>
<     <LF:word>RIGHT</LF:word>
<     <LF:start>24</LF:start>
<     <LF:end>34</LF:end>
<   </rdf:Description>
< </rdf:RDF>
< </terms></utt><utt><words><lisp>(W::REDDISH W::HOUSE W::WITH W::SOME W::WOOD W::ON W::THE W::LEFT W::IN W::THE
<  W::BACKGROUND W::PUNC-PERIOD)</lisp><word>REDDISH</word><word>HOUSE</word><word>WITH</word><word>SOME</word><word>WOOD</word><word>ON</word><word>THE</word><word>LEFT</word><word>IN</word><word>THE</word><word>BACKGROUND</word><word>PUNC-PERIOD</word></words><tags><lisp>((WORD &quot;reddish&quot; :FRAME (36 43) :SENSE-INFO
<   ((:PENN-PARTS-OF-SPEECH (VB JJ) :TRIPS-PARTS-OF-SPEECH (W::V W::ADJ)))
<   :UTTNUM 69 :CHANNEL DESKTOP :DIRECTION INPUT)
<  (WORD &quot;house&quot; :FRAME (44 49) :SENSE-INFO
<   ((:PENN-PARTS-OF-SPEECH (NN) :TRIPS-PARTS-OF-SPEECH (W::N))) :UTTNUM 69
<   :CHANNEL DESKTOP :DIRECTION INPUT)
<  (WORD &quot;with&quot; :FRAME (50 54) :SENSE-INFO
<   ((:PENN-PARTS-OF-SPEECH (IN) :TRIPS-PARTS-OF-SPEECH (W::PREP W::ADV)))
<   :UTTNUM 69 :CHANNEL DESKTOP :DIRECTION INPUT)
<  (WORD &quot;some&quot; :FRAME (55 59) :SENSE-INFO
<   ((:PENN-PARTS-OF-SPEECH (DT) :TRIPS-PARTS-OF-SPEECH (W::ART W::QUAN W::PRO)))
<   :UTTNUM 69 :CHANNEL DESKTOP :DIRECTION INPUT)
<  (WORD &quot;wood&quot; :FRAME (60 64) :SENSE-INFO
<   ((:PENN-PARTS-OF-SPEECH (NN) :TRIPS-PARTS-OF-SPEECH (W::N))) :UTTNUM 69
<   :CHANNEL DESKTOP :DIRECTION INPUT)
<  (PREFER &quot;some wood&quot; :FRAME (55 64) :PENN-CATS (NP) :TRIPS-CATS (W::NP) :SCORE
<   15.197 :UTTNUM 69 :CHANNEL DESKTOP :DIRECTION INPUT)
<  (WORD &quot;on&quot; :FRAME (65 67) :SENSE-INFO
<   ((:PENN-PARTS-OF-SPEECH (IN) :TRIPS-PARTS-OF-SPEECH (W::PREP W::ADV)))
<   :UTTNUM 69 :CHANNEL DESKTOP :DIRECTION INPUT)
<  (WORD &quot;the&quot; :FRAME (68 71) :SENSE-INFO
<   ((:PENN-PARTS-OF-SPEECH (DT) :TRIPS-PARTS-OF-SPEECH (W::ART W::QUAN W::PRO)))
<   :UTTNUM 69 :CHANNEL DESKTOP :DIRECTION INPUT)
<  (WORD &quot;left&quot; :FRAME (72 76) :SENSE-INFO
<   ((:PENN-PARTS-OF-SPEECH (NN) :TRIPS-PARTS-OF-SPEECH (W::N))) :UTTNUM 69
<   :CHANNEL DESKTOP :DIRECTION INPUT)
<  (PREFER &quot;the left&quot; :FRAME (68 76) :PENN-CATS (NP) :TRIPS-CATS (W::NP) :SCORE
<   12.645 :UTTNUM 69 :CHANNEL DESKTOP :DIRECTION INPUT)
<  (WORD &quot;in&quot; :FRAME (77 79) :SENSE-INFO
<   ((:PENN-PARTS-OF-SPEECH (IN) :TRIPS-PARTS-OF-SPEECH (W::PREP W::ADV)))
<   :UTTNUM 69 :CHANNEL DESKTOP :DIRECTION INPUT)
<  (WORD &quot;the&quot; :FRAME (80 83) :SENSE-INFO
<   ((:PENN-PARTS-OF-SPEECH (DT) :TRIPS-PARTS-OF-SPEECH (W::ART W::QUAN W::PRO)))
<   :UTTNUM 69 :CHANNEL DESKTOP :DIRECTION INPUT)
<  (WORD &quot;background&quot; :FRAME (84 94) :SENSE-INFO
<   ((:PENN-PARTS-OF-SPEECH (NN) :TRIPS-PARTS-OF-SPEECH (W::N))) :UTTNUM 69
<   :CHANNEL DESKTOP :DIRECTION INPUT)
<  (PREFER &quot;the background&quot; :FRAME (80 94) :PENN-CATS (NP) :TRIPS-CATS (W::NP)
<   :SCORE 11.972 :UTTNUM 69 :CHANNEL DESKTOP :DIRECTION INPUT)
<  (PREFER &quot;in the background&quot; :FRAME (77 94) :PENN-CATS (PP) :TRIPS-CATS (W::PP)
<   :SCORE 14.224 :UTTNUM 69 :CHANNEL DESKTOP :DIRECTION INPUT)
<  (PREFER &quot;the left in the background&quot; :FRAME (68 94) :PENN-CATS (NP)
<   :TRIPS-CATS (W::NP) :SCORE 27.409 :UTTNUM 69 :CHANNEL DESKTOP :DIRECTION
<   INPUT)
<  (PREFER &quot;on the left in the background&quot; :FRAME (65 94) :PENN-CATS (PP)
<   :TRIPS-CATS (W::PP) :SCORE 32.259 :UTTNUM 69 :CHANNEL DESKTOP :DIRECTION
<   INPUT)
<  (PREFER &quot;some wood on the left in the background&quot; :FRAME (55 94) :PENN-CATS
<   (NP) :TRIPS-CATS (W::NP) :SCORE 47.997 :UTTNUM 69 :CHANNEL DESKTOP :DIRECTION
<   INPUT)
<  (PREFER &quot;with some wood on the left in the background&quot; :FRAME (50 94)
<   :PENN-CATS (PP) :TRIPS-CATS (W::PP) :SCORE 53.142 :UTTNUM 69 :CHANNEL DESKTOP
<   :DIRECTION INPUT)
<  (WORD &quot;.&quot; :FRAME (95 95) :SENSE-INFO
<   ((:PENN-PARTS-OF-SPEECH (FULL_STOP) :TRIPS-PARTS-OF-SPEECH (W::PUNC)))
<   :UTTNUM 69 :CHANNEL DESKTOP :DIRECTION INPUT))</lisp><word lex="reddish" start="36" end="43"><sense-info penn-parts-of-speech="VB,JJ" trips-parts-of-speech="V,ADJ" /></word><word lex="house" start="44" end="49"><sense-info penn-parts-of-speech="NN" trips-parts-of-speech="N" /></word><word lex="with" start="50" end="54"><sense-info penn-parts-of-speech="IN" trips-parts-of-speech="PREP,ADV" /></word><word lex="some" start="55" end="59"><sense-info penn-parts-of-speech="DT" trips-parts-of-speech="ART,QUAN,PRO" /></word><word lex="wood" start="60" end="64"><sense-info penn-parts-of-speech="NN" trips-parts-of-speech="N" /></word><prefer text="some wood" start="55" end="64" penn-cats="NP" score="15.197" /><word lex="on" start="65" end="67"><sense-info penn-parts-of-speech="IN" trips-parts-of-speech="PREP,ADV" /></word><word lex="the" start="68" end="71"><sense-info penn-parts-of-speech="DT" trips-parts-of-speech="ART,QUAN,PRO" /></word><word lex="left" start="72" end="76"><sense-info penn-parts-of-speech="NN" trips-parts-of-speech="N" /></word><prefer text="the left" start="68" end="76" penn-cats="NP" score="12.645" /><word lex="in" start="77" end="79"><sense-info penn-parts-of-speech="IN" trips-parts-of-speech="PREP,ADV" /></word><word lex="the" start="80" end="83"><sense-info penn-parts-of-speech="DT" trips-parts-of-speech="ART,QUAN,PRO" /></word><word lex="background" start="84" end="94"><sense-info penn-parts-of-speech="NN" trips-parts-of-speech="N" /></word><prefer text="the background" start="80" end="94" penn-cats="NP" score="11.972" /><prefer text="in the background" start="77" end="94" penn-cats="PP" score="14.224" /><prefer text="the left in the background" start="68" end="94" penn-cats="NP" score="27.409" /><prefer text="on the left in the background" start="65" end="94" penn-cats="PP" score="32.259" /><prefer text="some wood on the left in the background" start="55" end="94" penn-cats="NP" score="47.997" /><prefer text="with some wood on the left in the background" start="50" end="94" penn-cats="PP" score="53.142" /><word lex="." start="95" end="95"><sense-info penn-parts-of-speech="FULL_STOP" trips-parts-of-speech="PUNC" /></word></tags><tree><lisp>(UTT
<  (UTT
<   (NP
<    (N1 (N1 (ADJP (ADJ1 (ADJ REDDISH))) (N1 (N HOUSE)))
<     (ADVBL (ADV WITH)
<      (NP (SPEC (QUAN SOME))
<       (N1 (N1 (N WOOD))
<        (ADVBL (ADV ON)
<         (NP (SPEC (DET (ART THE)))
<          (N1 (N1 (N LEFT))
<           (ADVBL (ADV IN)
<            (NP (SPEC (DET (ART THE))) (N1 (N BACKGROUND)))))))))))))
<  (PUNC PUNC-PERIOD))</lisp><UTT><UTT><NP><N1><N1><ADJP><ADJ1><ADJ>REDDISH</ADJ></ADJ1></ADJP><N1><N>HOUSE</N></N1></N1><ADVBL><ADV>WITH</ADV><NP><SPEC><QUAN>SOME</QUAN></SPEC><N1><N1><N>WOOD</N></N1><ADVBL><ADV>ON</ADV><NP><SPEC><DET><ART>THE</ART></DET></SPEC><N1><N1><N>LEFT</N></N1><ADVBL><ADV>IN</ADV><NP><SPEC><DET><ART>THE</ART></DET></SPEC><N1><N>BACKGROUND</N></N1></NP></ADVBL></N1></NP></ADVBL></N1></NP></ADVBL></N1></NP></UTT><PUNC>PUNC-PERIOD</PUNC></UTT></tree><terms root="#V359081"><lisp>((ONT::SPEECHACT ONT::V359081 ONT::SA_IDENTIFY :PUNCTYPE W::DECL :CONTENT
<   ONT::V358453 :START 36 :END 95)
<  (ONT::BARE ONT::V358453 (:* ONT::LODGING W::HOUSE) :MOD ONT::V358458 :MOD
<   ONT::V358447 :START 36 :END 95)
<  (ONT::F ONT::V358447 (:* ONT::RED W::REDDISH) :FIGURE ONT::V358453 :SCALE
<   ONT::COLOR-SCALE :START 36 :END 44)
<  (ONT::F ONT::V358458 (:* ONT::ASSOC-WITH W::WITH) :GROUND ONT::V358477 :FIGURE
<   ONT::V358453 :START 50 :END 95)
<  (ONT::SM ONT::V358477 (:* ONT::MATERIAL W::WOOD) :QUAN ONT::SM :LOCATION
<   ONT::V358485 :START 55 :END 95)
<  (ONT::F ONT::V358485 (:* ONT::ON W::ON) :GROUND ONT::V358519 :FIGURE
<   ONT::V358477 :START 65 :END 95)
<  (ONT::THE ONT::V358519 (:* ONT::LEFT-LOC W::LEFT) :LOCATION ONT::V358547
<   :START 68 :END 95 :COREF ONT::V357904)
<  (ONT::F ONT::V358547 (:* ONT::IN-LOC W::IN) :GROUND ONT::V358603 :FIGURE
<   ONT::V358519 :START 77 :END 95)
<  (ONT::THE ONT::V358603 (:* ONT::IMAGE W::BACKGROUND) :START 80 :END 95))</lisp><rdf:RDF
<   xmlns:rdf="http://www.w3.org/1999/02/22-rdf-syntax-ns#"
<   xmlns:role="http://www.cs.rochester.edu/research/trips/role#"
<   xmlns:LF="http://www.cs.rochester.edu/research/trips/LF#">
<   <rdf:Description rdf:ID="V359081">
<     <LF:indicator>SPEECHACT</LF:indicator>
<     <LF:type>SA_IDENTIFY</LF:type>
<     <role:PUNCTYPE>DECL</role:PUNCTYPE>
<     <role:CONTENT rdf:resource="#V358453" />
<     <LF:start>36</LF:start>
<     <LF:end>95</LF:end>
<   </rdf:Description>
<   <rdf:Description rdf:ID="V358453">
<     <LF:indicator>BARE</LF:indicator>
<     <LF:type>LODGING</LF:type>
<     <LF:word>HOUSE</LF:word>
<     <role:MOD rdf:resource="#V358458" />
<     <role:MOD rdf:resource="#V358447" />
<     <LF:start>36</LF:start>
<     <LF:end>95</LF:end>
<   </rdf:Description>
<   <rdf:Description rdf:ID="V358447">
<     <LF:indicator>F</LF:indicator>
<     <LF:type>RED</LF:type>
<     <LF:word>REDDISH</LF:word>
<     <role:FIGURE rdf:resource="#V358453" />
<     <role:SCALE>COLOR-SCALE</role:SCALE>
<     <LF:start>36</LF:start>
<     <LF:end>44</LF:end>
<   </rdf:Description>
<   <rdf:Description rdf:ID="V358458">
<     <LF:indicator>F</LF:indicator>
<     <LF:type>ASSOC-WITH</LF:type>
<     <LF:word>WITH</LF:word>
<     <role:GROUND rdf:resource="#V358477" />
<     <role:FIGURE rdf:resource="#V358453" />
<     <LF:start>50</LF:start>
<     <LF:end>95</LF:end>
<   </rdf:Description>
<   <rdf:Description rdf:ID="V358477">
<     <LF:indicator>SM</LF:indicator>
<     <LF:type>MATERIAL</LF:type>
<     <LF:word>WOOD</LF:word>
<     <role:QUAN>SM</role:QUAN>
<     <role:LOCATION rdf:resource="#V358485" />
<     <LF:start>55</LF:start>
<     <LF:end>95</LF:end>
<   </rdf:Description>
<   <rdf:Description rdf:ID="V358485">
<     <LF:indicator>F</LF:indicator>
<     <LF:type>ON</LF:type>
<     <LF:word>ON</LF:word>
<     <role:GROUND rdf:resource="#V358519" />
<     <role:FIGURE rdf:resource="#V358477" />
<     <LF:start>65</LF:start>
<     <LF:end>95</LF:end>
<   </rdf:Description>
<   <rdf:Description rdf:ID="V358519">
<     <LF:indicator>THE</LF:indicator>
<     <LF:type>LEFT-LOC</LF:type>
<     <LF:word>LEFT</LF:word>
<     <role:LOCATION rdf:resource="#V358547" />
<     <LF:start>68</LF:start>
<     <LF:end>95</LF:end>
<     <role:COREF rdf:resource="#V357904" />
<   </rdf:Description>
<   <rdf:Description rdf:ID="V358547">
<     <LF:indicator>F</LF:indicator>
<     <LF:type>IN-LOC</LF:type>
<     <LF:word>IN</LF:word>
<     <role:GROUND rdf:resource="#V358603" />
<     <role:FIGURE rdf:resource="#V358519" />
<     <LF:start>77</LF:start>
<     <LF:end>95</LF:end>
<   </rdf:Description>
<   <rdf:Description rdf:ID="V358603">
<     <LF:indicator>THE</LF:indicator>
<     <LF:type>IMAGE</LF:type>
<     <LF:word>BACKGROUND</LF:word>
<     <LF:start>80</LF:start>
<     <LF:end>95</LF:end>
<   </rdf:Description>
< </rdf:RDF>
< </terms></utt></trips-parser-output>
\ No newline at end of file
---
> <SpRL>
>  <SCENE>
>   <SENTENCE id="s1" indicator="BARE" type="STRUCTURE-INTERNAL-COMPONENT" text="WALL" start="0" end="34">
>    <TEXT>grey wall of a house on the right ,</TEXT>
>    <RELATION id="1" head="V357803" res="V357867" label="LOCATION"/>
>    <RELATION id="2" head="V357803" res="V357808" label="MOD"/>
>    <RELATION id="3" head="V357803" res="V357794" label="MOD"/>
>    <PHRASE id="V357794" indicator="F" type="GRAY" text="GREY" SCALE="GREYNESS*1--07--00" start="0" end="5"/>
>    <RELATION id="4" head="V357794" res="V357803" label="FIGURE"/>
>    <PHRASE id="V357808" indicator="F" type="CONTAIN-RELN" text="OF" start="10" end="21"/>
>    <RELATION id="5" head="V357808" res="V357858" label="GROUND"/>
>    <RELATION id="6" head="V357808" res="V357803" label="FIGURE"/>
>    <PHRASE id="V357858" indicator="A" type="LODGING" text="HOUSE" start="13" end="21"/>
>    <PHRASE id="V357867" indicator="F" type="ON" text="ON" start="21" end="34"/>
>    <RELATION id="7" head="V357867" res="V357904" label="GROUND"/>
>    <RELATION id="8" head="V357867" res="V357803" label="FIGURE"/>
>    <PHRASE id="V357904" indicator="THE" type="RIGHT-LOC" text="RIGHT" start="24" end="34"/>
>   </SENTENCE>
>   <SENTENCE id="s2" indicator="SPEECHACT" type="SA_IDENTIFY" PUNCTYPE="DECL" start="36" end="95">
>    <TEXT>reddish house with some wood on the left in the background .</TEXT>
>    <RELATION id="9" head="V359081" res="V358453" label="CONTENT"/>
>    <PHRASE id="V358453" indicator="BARE" type="LODGING" text="HOUSE" start="36" end="95"/>
>    <RELATION id="10" head="V358453" res="V358458" label="MOD"/>
>    <RELATION id="11" head="V358453" res="V358447" label="MOD"/>
>    <PHRASE id="V358447" indicator="F" type="RED" text="REDDISH" SCALE="COLOR-SCALE" start="36" end="44"/>
>    <RELATION id="12" head="V358447" res="V358453" label="FIGURE"/>
>    <PHRASE id="V358458" indicator="F" type="ASSOC-WITH" text="WITH" start="50" end="95"/>
>    <RELATION id="13" head="V358458" res="V358477" label="GROUND"/>
>    <RELATION id="14" head="V358458" res="V358453" label="FIGURE"/>
>    <PHRASE id="V358477" indicator="SM" type="MATERIAL" text="WOOD" QUAN="SM" start="55" end="95"/>
>    <RELATION id="15" head="V358477" res="V358485" label="LOCATION"/>
>    <PHRASE id="V358485" indicator="F" type="ON" text="ON" start="65" end="95"/>
>    <RELATION id="16" head="V358485" res="V358519" label="GROUND"/>
>    <RELATION id="17" head="V358485" res="V358477" label="FIGURE"/>
>    <PHRASE id="V358519" indicator="THE" type="LEFT-LOC" text="LEFT" start="68" end="95"/>
>    <RELATION id="18" head="V358519" res="V358547" label="LOCATION"/>
>    <RELATION id="19" head="V358519" res="V357904" label="COREF"/>
>    <PHRASE id="V358547" indicator="F" type="IN-LOC" text="IN" start="77" end="95"/>
>    <RELATION id="20" head="V358547" res="V358603" label="GROUND"/>
>    <RELATION id="21" head="V358547" res="V358519" label="FIGURE"/>
>    <PHRASE id="V358603" indicator="THE" type="IMAGE" text="BACKGROUND" start="80" end="95"/>
>   </SENTENCE>
>  </SCENE>
> </SpRL>
