<LOG DATE="23/10/2017" TIME="13:59:37" FILE="/Users/parisakordjamshidi/step/TRIPS/Systems/STEP/batch7/LEXICONMANAGER.log">

<SEND T="13:59:37">
  (REGISTER :NAME LEXICONMANAGER :GROUP SYSTEM)
</SEND>

<SEND T="13:59:37">
  (SUBSCRIBE :CONTENT (REQUEST &KEY :CONTENT (GET-LF . *)))
</SEND>

<SEND T="13:59:37">
  (SUBSCRIBE :CONTENT (REQUEST &KEY :CONTENT (ADD-NAMES . *)))
</SEND>

<SEND T="13:59:37">
  (SUBSCRIBE :CONTENT (REQUEST &KEY :CONTENT (ADD-LEX-ENTRY . *)))
</SEND>

<SEND T="13:59:37">
  (SUBSCRIBE :CONTENT (REQUEST &KEY :CONTENT (GET-ALIASES . *)))
</SEND>

<SEND T="13:59:37">
  (TELL :CONTENT (MODULE-STATUS READY))
</SEND>

<RECEIVE T="14:00:25">
  (REQUEST :RECEIVER LEXICONMANAGER :CONTENT (IS-DEFINED-WORD W::DISTANCE)
   :REPLY-WITH TEXTTAGGER1 :SENDER TEXTTAGGER)
</RECEIVE>

<SEND T="14:00:25">
  (TELL :RECEIVER TEXTTAGGER :IN-REPLY-TO TEXTTAGGER1 :CONTENT T)
</SEND>

<RECEIVE T="14:01:16">
  (REQUEST :RECEIVER LEXICONMANAGER :CONTENT (IS-DEFINED-WORD W::COUPLE)
   :REPLY-WITH TEXTTAGGER2 :SENDER TEXTTAGGER)
</RECEIVE>

<SEND T="14:01:16">
  (TELL :RECEIVER TEXTTAGGER :IN-REPLY-TO TEXTTAGGER2 :CONTENT T)
</SEND>

<RECEIVE T="14:03:17">
  (REQUEST :RECEIVER LEXICONMANAGER :CONTENT (IS-DEFINED-WORD W::UNDERNEATH)
   :REPLY-WITH TEXTTAGGER3 :SENDER TEXTTAGGER)
</RECEIVE>

<SEND T="14:03:17">
  (TELL :RECEIVER TEXTTAGGER :IN-REPLY-TO TEXTTAGGER3 :CONTENT T)
</SEND>

<RECEIVE T="14:05:30">
  (REQUEST :RECEIVER LEXICONMANAGER :CONTENT (IS-DEFINED-WORD W::COLOURFUL)
   :REPLY-WITH TEXTTAGGER4 :SENDER TEXTTAGGER)
</RECEIVE>

<SEND T="14:05:30">
  (TELL :RECEIVER TEXTTAGGER :IN-REPLY-TO TEXTTAGGER4 :CONTENT T)
</SEND>

<RECEIVE T="14:07:08">
  (REQUEST :RECEIVER LEXICONMANAGER :CONTENT (IS-DEFINED-WORD W::OVERCAST)
   :REPLY-WITH TEXTTAGGER5 :SENDER TEXTTAGGER)
</RECEIVE>

<SEND T="14:07:08">
  (TELL :RECEIVER TEXTTAGGER :IN-REPLY-TO TEXTTAGGER5 :CONTENT T)
</SEND>

<RECEIVE T="14:07:09">
  (REQUEST :RECEIVER LEXICONMANAGER :CONTENT (IS-DEFINED-WORD W::DISTANT)
   :REPLY-WITH TEXTTAGGER6 :SENDER TEXTTAGGER)
</RECEIVE>

<SEND T="14:07:09">
  (TELL :RECEIVER TEXTTAGGER :IN-REPLY-TO TEXTTAGGER6 :CONTENT T)
</SEND>

<RECEIVE T="14:10:14">
  (REQUEST :RECEIVER LEXICONMANAGER :CONTENT (IS-DEFINED-WORD W::COLOURED)
   :REPLY-WITH TEXTTAGGER7 :SENDER TEXTTAGGER)
</RECEIVE>

<SEND T="14:10:14">
  (TELL :RECEIVER TEXTTAGGER :IN-REPLY-TO TEXTTAGGER7 :CONTENT T)
</SEND>

<RECEIVE T="14:10:14">
  (REQUEST :RECEIVER LEXICONMANAGER :CONTENT (IS-DEFINED-WORD W::CONIFER)
   :REPLY-WITH TEXTTAGGER8 :SENDER TEXTTAGGER)
</RECEIVE>

<SEND T="14:10:14">
  (TELL :RECEIVER TEXTTAGGER :IN-REPLY-TO TEXTTAGGER8 :CONTENT T)
</SEND>

<RECEIVE T="16:38:43">
  (REQUEST :RECEIVER LEXICONMANAGER :CONTENT (IS-DEFINED-WORD W::PANTS)
   :REPLY-WITH TEXTTAGGER9 :SENDER TEXTTAGGER)
</RECEIVE>

<SEND T="16:38:43">
  (TELL :RECEIVER TEXTTAGGER :IN-REPLY-TO TEXTTAGGER9 :CONTENT T)
</SEND>

<RECEIVE T="16:39:21">
  NIL
</RECEIVE>

