2,179c2,27
< <?xml-stylesheet type="text/xsl" href="../style/parser-interface.xsl"?>
< <!DOCTYPE trips-parser-output SYSTEM "../trips-parser-output.dtd">
< <trips-parser-output parser-build-date="2017-09-20T12:11:02-0500" system="STEP" extsformat="svg" tagsformat="hidden" treecontents="phrase" treeformat="LinGO" lfformat="svg" semantic-skeleton-scoring="T" rule-sets="" input="a grey brick wall and short grass in the background .
< ">
< <debug>
< 
<  FOUNDS SEQUENCE from constit (% W::NP (W::BARE-SEQUENCE -) (W::CONSTRAINT -)
<                                  (W::MASS W::BARE) (W::GENERATED +)
<                                  (W::POSTADVBL +)
<                                  (W::SEM ?8607:(?20122:(F::PHYS-OBJ
<                                                         F::ABSTR-OBJ) NIL))
<                                  (W::LF (% W::DESCRIPTION (W::STATUS ONT::DEFINITE)
<                                            (W::VAR V179550)
<                                            (W::SORT W::INDIVIDUAL)
<                                            (W::LEX (W::A))
<                                            (W::CLASS ONT::SEQUENCE)
<                                            (W::CONSTRAINT (% &amp; (W::NAME-OF (W::A))
<                                                              (W::VAL (W::A))))
<                                            (W::LEX W::A) (W::SEM ?20120)
<                                            (W::TRANSFORM ?20121)))
<                                  (W::CASE ?20119:(W::SUB W::OBJ -))
<                                  (W::AGR ?20118) (W::CLASS ONT::ANY-SEM)
<                                  (W::VAR V179550) (W::SORT W::PRED) (W::NAME -)
<                                  (W::PRO -) (W::CHANGEAGR -) (W::LEX W::A)
<                                  (W::HEADCAT W::VALUE) (W::TRANSFORM -)
<                                  (W::REFL -) (1 RNUMBER179579))
< *last-utt-id*=NIL  utt-id+28
< *last-utt-id*=28  utt-id+NIL</debug><utt><words><lisp>(W::A W::GREY W::BRICK W::WALL W::AND W::SHORT W::GRASS W::IN W::THE
<  W::BACKGROUND W::PUNC-PERIOD)</lisp><word>A</word><word>GREY</word><word>BRICK</word><word>WALL</word><word>AND</word><word>SHORT</word><word>GRASS</word><word>IN</word><word>THE</word><word>BACKGROUND</word><word>PUNC-PERIOD</word></words><tags><lisp>((WORD &quot;a&quot; :FRAME (0 1) :SENSE-INFO
<   ((:PENN-PARTS-OF-SPEECH (DT) :TRIPS-PARTS-OF-SPEECH (W::ART W::QUAN W::PRO)))
<   :UTTNUM 28 :CHANNEL DESKTOP :DIRECTION INPUT)
<  (WORD &quot;grey&quot; :FRAME (2 6) :SENSE-INFO
<   ((:PENN-PARTS-OF-SPEECH (NN JJ) :TRIPS-PARTS-OF-SPEECH (W::N W::ADJ)
<     :ALTERNATE-SPELLINGS (&quot;gray&quot;)))
<   :UTTNUM 28 :CHANNEL DESKTOP :DIRECTION INPUT)
<  (WORD &quot;brick&quot; :FRAME (7 12) :SENSE-INFO
<   ((:PENN-PARTS-OF-SPEECH (NN) :TRIPS-PARTS-OF-SPEECH (W::N))) :UTTNUM 28
<   :CHANNEL DESKTOP :DIRECTION INPUT)
<  (WORD &quot;wall&quot; :FRAME (13 17) :SENSE-INFO
<   ((:PENN-PARTS-OF-SPEECH (NN) :TRIPS-PARTS-OF-SPEECH (W::N))) :UTTNUM 28
<   :CHANNEL DESKTOP :DIRECTION INPUT)
<  (WORD &quot;and&quot; :FRAME (18 21) :SENSE-INFO
<   ((:PENN-PARTS-OF-SPEECH (CC) :TRIPS-PARTS-OF-SPEECH (W::CONJ))) :UTTNUM 28
<   :CHANNEL DESKTOP :DIRECTION INPUT)
<  (WORD &quot;short&quot; :FRAME (22 27) :SENSE-INFO
<   ((:PENN-PARTS-OF-SPEECH (JJ) :TRIPS-PARTS-OF-SPEECH (W::ADJ))) :UTTNUM 28
<   :CHANNEL DESKTOP :DIRECTION INPUT)
<  (WORD &quot;grass&quot; :FRAME (28 33) :SENSE-INFO
<   ((:PENN-PARTS-OF-SPEECH (NN) :TRIPS-PARTS-OF-SPEECH (W::N))) :UTTNUM 28
<   :CHANNEL DESKTOP :DIRECTION INPUT)
<  (PREFER &quot;a grey brick wall and short grass&quot; :FRAME (0 33) :PENN-CATS (NP)
<   :TRIPS-CATS (W::NP) :SCORE 60.494 :UTTNUM 28 :CHANNEL DESKTOP :DIRECTION
<   INPUT)
<  (WORD &quot;in&quot; :FRAME (34 36) :SENSE-INFO
<   ((:PENN-PARTS-OF-SPEECH (IN) :TRIPS-PARTS-OF-SPEECH (W::PREP W::ADV)))
<   :UTTNUM 28 :CHANNEL DESKTOP :DIRECTION INPUT)
<  (WORD &quot;the&quot; :FRAME (37 40) :SENSE-INFO
<   ((:PENN-PARTS-OF-SPEECH (DT) :TRIPS-PARTS-OF-SPEECH (W::ART W::QUAN W::PRO)))
<   :UTTNUM 28 :CHANNEL DESKTOP :DIRECTION INPUT)
<  (WORD &quot;background&quot; :FRAME (41 51) :SENSE-INFO
<   ((:PENN-PARTS-OF-SPEECH (NN) :TRIPS-PARTS-OF-SPEECH (W::N))) :UTTNUM 28
<   :CHANNEL DESKTOP :DIRECTION INPUT)
<  (PREFER &quot;the background&quot; :FRAME (37 51) :PENN-CATS (NP) :TRIPS-CATS (W::NP)
<   :SCORE 11.972 :UTTNUM 28 :CHANNEL DESKTOP :DIRECTION INPUT)
<  (PREFER &quot;in the background&quot; :FRAME (34 51) :PENN-CATS (PP) :TRIPS-CATS (W::PP)
<   :SCORE 14.224 :UTTNUM 28 :CHANNEL DESKTOP :DIRECTION INPUT)
<  (WORD &quot;.&quot; :FRAME (52 52) :SENSE-INFO
<   ((:PENN-PARTS-OF-SPEECH (FULL_STOP) :TRIPS-PARTS-OF-SPEECH (W::PUNC)))
<   :UTTNUM 28 :CHANNEL DESKTOP :DIRECTION INPUT)
<  (PREFER &quot;a grey brick wall and short grass in the background .&quot; :FRAME (0 52)
<   :PENN-CATS (NP) :TRIPS-CATS (W::NP) :SCORE 77.201 :UTTNUM 28 :CHANNEL DESKTOP
<   :DIRECTION INPUT))</lisp><word lex="a" start="0" end="1"><sense-info penn-parts-of-speech="DT" trips-parts-of-speech="ART,QUAN,PRO" /></word><word lex="grey" start="2" end="6"><sense-info penn-parts-of-speech="NN,JJ" trips-parts-of-speech="N,ADJ" alternate-spellings="gray" /></word><word lex="brick" start="7" end="12"><sense-info penn-parts-of-speech="NN" trips-parts-of-speech="N" /></word><word lex="wall" start="13" end="17"><sense-info penn-parts-of-speech="NN" trips-parts-of-speech="N" /></word><word lex="and" start="18" end="21"><sense-info penn-parts-of-speech="CC" trips-parts-of-speech="CONJ" /></word><word lex="short" start="22" end="27"><sense-info penn-parts-of-speech="JJ" trips-parts-of-speech="ADJ" /></word><word lex="grass" start="28" end="33"><sense-info penn-parts-of-speech="NN" trips-parts-of-speech="N" /></word><prefer text="a grey brick wall and short grass" start="0" end="33" penn-cats="NP" score="60.494" /><word lex="in" start="34" end="36"><sense-info penn-parts-of-speech="IN" trips-parts-of-speech="PREP,ADV" /></word><word lex="the" start="37" end="40"><sense-info penn-parts-of-speech="DT" trips-parts-of-speech="ART,QUAN,PRO" /></word><word lex="background" start="41" end="51"><sense-info penn-parts-of-speech="NN" trips-parts-of-speech="N" /></word><prefer text="the background" start="37" end="51" penn-cats="NP" score="11.972" /><prefer text="in the background" start="34" end="51" penn-cats="PP" score="14.224" /><word lex="." start="52" end="52"><sense-info penn-parts-of-speech="FULL_STOP" trips-parts-of-speech="PUNC" /></word><prefer text="a grey brick wall and short grass in the background ." start="0" end="52" penn-cats="NP" score="77.201" /></tags><tree><lisp>(UTT
<  (UTT
<   (NP
<    (NP (SPEC (DET (ART A)))
<     (N1 (N1 (ADJP (ADJ1 (ADJ GREY))) (N1 (N BRICK))) (N1 (N WALL))))
<    (CONJ AND)
<    (NP
<     (N1 (N1 (ADJP (ADJ1 (ADJ SHORT))) (N1 (N GRASS)))
<      (ADVBL (ADV IN) (NP (SPEC (DET (ART THE))) (N1 (N BACKGROUND))))))))
<  (PUNC PUNC-PERIOD))</lisp><UTT><UTT><NP><NP><SPEC><DET><ART>A</ART></DET></SPEC><N1><N1><ADJP><ADJ1><ADJ>GREY</ADJ></ADJ1></ADJP><N1><N>BRICK</N></N1></N1><N1><N>WALL</N></N1></N1></NP><CONJ>AND</CONJ><NP><N1><N1><ADJP><ADJ1><ADJ>SHORT</ADJ></ADJ1></ADJP><N1><N>GRASS</N></N1></N1><ADVBL><ADV>IN</ADV><NP><SPEC><DET><ART>THE</ART></DET></SPEC><N1><N>BACKGROUND</N></N1></NP></ADVBL></N1></NP></NP></UTT><PUNC>PUNC-PERIOD</PUNC></UTT></tree><terms root="#V179588"><lisp>((ONT::SPEECHACT ONT::V179588 ONT::SA_IDENTIFY :PUNCTYPE W::DECL :CONTENT
<   ONT::V179242 :START 0 :END 52)
<  (ONT::INDEF-SET ONT::V179242 ONT::PHYS-OBJECT :OPERATOR ONT::AND :SEQUENCE
<   (ONT::V179238 ONT::V179262) :START 0 :END 52)
<  (ONT::A ONT::V179238 (:* ONT::STRUCTURE-INTERNAL-COMPONENT W::WALL)
<   :ASSOC-WITH ONT::V179235 :START 0 :END 18)
<  (ONT::KIND ONT::V179235 (:* ONT::MATERIAL W::BRICK) :MOD ONT::V179226 :START 0
<   :END 18)
<  (ONT::F ONT::V179226 (:* ONT::GRAY W::GREY) :FIGURE ONT::V179235 :SCALE
<   ONT::GREYNESS*1--07--00 :START 2 :END 7)
<  (ONT::BARE ONT::V179262 (:* ONT::PLANT W::GRASS) :LOCATION ONT::V179269 :MOD
<   ONT::V179252 :START 22 :END 52)
<  (ONT::F ONT::V179252 (:* ONT::SHORT-VAL W::SHORT) :FIGURE ONT::V179262 :SCALE
<   ONT::SIZE-SCALE :START 22 :END 28)
<  (ONT::F ONT::V179269 (:* ONT::IN-LOC W::IN) :GROUND ONT::V179325 :FIGURE
<   ONT::V179262 :START 34 :END 52)
<  (ONT::THE ONT::V179325 (:* ONT::IMAGE W::BACKGROUND) :START 37 :END 52))</lisp><rdf:RDF
<   xmlns:rdf="http://www.w3.org/1999/02/22-rdf-syntax-ns#"
<   xmlns:role="http://www.cs.rochester.edu/research/trips/role#"
<   xmlns:LF="http://www.cs.rochester.edu/research/trips/LF#">
<   <rdf:Description rdf:ID="V179588">
<     <LF:indicator>SPEECHACT</LF:indicator>
<     <LF:type>SA_IDENTIFY</LF:type>
<     <role:PUNCTYPE>DECL</role:PUNCTYPE>
<     <role:CONTENT rdf:resource="#V179242" />
<     <LF:start>0</LF:start>
<     <LF:end>52</LF:end>
<   </rdf:Description>
<   <rdf:Description rdf:ID="V179242">
<     <LF:indicator>INDEF-SET</LF:indicator>
<     <LF:type>PHYS-OBJECT</LF:type>
<     <role:OPERATOR>AND</role:OPERATOR>
<     <role:SEQUENCE rdf:resource="#V179238" />
<     <role:SEQUENCE1 rdf:resource="#V179262" />
<     <LF:start>0</LF:start>
<     <LF:end>52</LF:end>
<   </rdf:Description>
<   <rdf:Description rdf:ID="V179238">
<     <LF:indicator>A</LF:indicator>
<     <LF:type>STRUCTURE-INTERNAL-COMPONENT</LF:type>
<     <LF:word>WALL</LF:word>
<     <role:ASSOC-WITH rdf:resource="#V179235" />
<     <LF:start>0</LF:start>
<     <LF:end>18</LF:end>
<   </rdf:Description>
<   <rdf:Description rdf:ID="V179235">
<     <LF:indicator>KIND</LF:indicator>
<     <LF:type>MATERIAL</LF:type>
<     <LF:word>BRICK</LF:word>
<     <role:MOD rdf:resource="#V179226" />
<     <LF:start>0</LF:start>
<     <LF:end>18</LF:end>
<   </rdf:Description>
<   <rdf:Description rdf:ID="V179226">
<     <LF:indicator>F</LF:indicator>
<     <LF:type>GRAY</LF:type>
<     <LF:word>GREY</LF:word>
<     <role:FIGURE rdf:resource="#V179235" />
<     <role:SCALE>GREYNESS*1--07--00</role:SCALE>
<     <LF:start>2</LF:start>
<     <LF:end>7</LF:end>
<   </rdf:Description>
<   <rdf:Description rdf:ID="V179262">
<     <LF:indicator>BARE</LF:indicator>
<     <LF:type>PLANT</LF:type>
<     <LF:word>GRASS</LF:word>
<     <role:LOCATION rdf:resource="#V179269" />
<     <role:MOD rdf:resource="#V179252" />
<     <LF:start>22</LF:start>
<     <LF:end>52</LF:end>
<   </rdf:Description>
<   <rdf:Description rdf:ID="V179252">
<     <LF:indicator>F</LF:indicator>
<     <LF:type>SHORT-VAL</LF:type>
<     <LF:word>SHORT</LF:word>
<     <role:FIGURE rdf:resource="#V179262" />
<     <role:SCALE>SIZE-SCALE</role:SCALE>
<     <LF:start>22</LF:start>
<     <LF:end>28</LF:end>
<   </rdf:Description>
<   <rdf:Description rdf:ID="V179269">
<     <LF:indicator>F</LF:indicator>
<     <LF:type>IN-LOC</LF:type>
<     <LF:word>IN</LF:word>
<     <role:GROUND rdf:resource="#V179325" />
<     <role:FIGURE rdf:resource="#V179262" />
<     <LF:start>34</LF:start>
<     <LF:end>52</LF:end>
<   </rdf:Description>
<   <rdf:Description rdf:ID="V179325">
<     <LF:indicator>THE</LF:indicator>
<     <LF:type>IMAGE</LF:type>
<     <LF:word>BACKGROUND</LF:word>
<     <LF:start>37</LF:start>
<     <LF:end>52</LF:end>
<   </rdf:Description>
< </rdf:RDF>
< </terms></utt></trips-parser-output>
\ No newline at end of file
---
> <SpRL>
>  <SCENE>
>   <SENTENCE id="s1" indicator="SPEECHACT" type="SA_IDENTIFY" PUNCTYPE="DECL" start="0" end="52">
>    <TEXT>a grey brick wall and short grass in the background .</TEXT>
>    <RELATION id="1" head="V179588" res="V179242" label="CONTENT"/>
>    <PHRASE id="V179242" indicator="INDEF-SET" type="PHYS-OBJECT" OPERATOR="AND" start="0" end="52"/>
>    <RELATION id="2" head="V179242" res="V179238" label="SEQUENCE"/>
>    <RELATION id="3" head="V179242" res="V179262" label="SEQUENCE1"/>
>    <PHRASE id="V179238" indicator="A" type="STRUCTURE-INTERNAL-COMPONENT" text="WALL" start="0" end="18"/>
>    <RELATION id="4" head="V179238" res="V179235" label="ASSOC-WITH"/>
>    <PHRASE id="V179235" indicator="KIND" type="MATERIAL" text="BRICK" start="0" end="18"/>
>    <RELATION id="5" head="V179235" res="V179226" label="MOD"/>
>    <PHRASE id="V179226" indicator="F" type="GRAY" text="GREY" SCALE="GREYNESS*1--07--00" start="2" end="7"/>
>    <RELATION id="6" head="V179226" res="V179235" label="FIGURE"/>
>    <PHRASE id="V179262" indicator="BARE" type="PLANT" text="GRASS" start="22" end="52"/>
>    <RELATION id="7" head="V179262" res="V179269" label="LOCATION"/>
>    <RELATION id="8" head="V179262" res="V179252" label="MOD"/>
>    <PHRASE id="V179252" indicator="F" type="SHORT-VAL" text="SHORT" SCALE="SIZE-SCALE" start="22" end="28"/>
>    <RELATION id="9" head="V179252" res="V179262" label="FIGURE"/>
>    <PHRASE id="V179269" indicator="F" type="IN-LOC" text="IN" start="34" end="52"/>
>    <RELATION id="10" head="V179269" res="V179325" label="GROUND"/>
>    <RELATION id="11" head="V179269" res="V179262" label="FIGURE"/>
>    <PHRASE id="V179325" indicator="THE" type="IMAGE" text="BACKGROUND" start="37" end="52"/>
>   </SENTENCE>
>  </SCENE>
> </SpRL>
