<LOG DATE="23/10/2017" TIME="13:58:32" FILE="/Users/parisakordjamshidi/step/TRIPS/Systems/STEP/batch5/LEXICONMANAGER.log">

<SEND T="13:58:32">
  (REGISTER :NAME LEXICONMANAGER :GROUP SYSTEM)
</SEND>

<SEND T="13:58:32">
  (SUBSCRIBE :CONTENT (REQUEST &KEY :CONTENT (GET-LF . *)))
</SEND>

<SEND T="13:58:32">
  (SUBSCRIBE :CONTENT (REQUEST &KEY :CONTENT (ADD-NAMES . *)))
</SEND>

<SEND T="13:58:32">
  (SUBSCRIBE :CONTENT (REQUEST &KEY :CONTENT (ADD-LEX-ENTRY . *)))
</SEND>

<SEND T="13:58:32">
  (SUBSCRIBE :CONTENT (REQUEST &KEY :CONTENT (GET-ALIASES . *)))
</SEND>

<SEND T="13:58:32">
  (TELL :CONTENT (MODULE-STATUS READY))
</SEND>

<RECEIVE T="13:58:41">
  (REQUEST :RECEIVER LEXICONMANAGER :CONTENT (IS-DEFINED-WORD W::DESK)
   :REPLY-WITH TEXTTAGGER1 :SENDER TEXTTAGGER)
</RECEIVE>

<SEND T="13:58:41">
  (TELL :RECEIVER TEXTTAGGER :IN-REPLY-TO TEXTTAGGER1 :CONTENT T)
</SEND>

<RECEIVE T="13:59:10">
  (REQUEST :RECEIVER LEXICONMANAGER :CONTENT (IS-DEFINED-WORD W::REAL)
   :REPLY-WITH TEXTTAGGER2 :SENDER TEXTTAGGER)
</RECEIVE>

<SEND T="13:59:10">
  (TELL :RECEIVER TEXTTAGGER :IN-REPLY-TO TEXTTAGGER2 :CONTENT T)
</SEND>

<RECEIVE T="13:59:28">
  (REQUEST :RECEIVER LEXICONMANAGER :CONTENT (IS-DEFINED-WORD W::PANTS)
   :REPLY-WITH TEXTTAGGER3 :SENDER TEXTTAGGER)
</RECEIVE>

<SEND T="13:59:28">
  (TELL :RECEIVER TEXTTAGGER :IN-REPLY-TO TEXTTAGGER3 :CONTENT T)
</SEND>

<RECEIVE T="14:00:23">
  (REQUEST :RECEIVER LEXICONMANAGER :CONTENT (IS-DEFINED-WORD W::UNDERNEATH)
   :REPLY-WITH TEXTTAGGER4 :SENDER TEXTTAGGER)
</RECEIVE>

<SEND T="14:00:23">
  (TELL :RECEIVER TEXTTAGGER :IN-REPLY-TO TEXTTAGGER4 :CONTENT T)
</SEND>

<RECEIVE T="14:00:56">
  (REQUEST :RECEIVER LEXICONMANAGER :CONTENT (IS-DEFINED-WORD W::POSTER)
   :REPLY-WITH TEXTTAGGER5 :SENDER TEXTTAGGER)
</RECEIVE>

<SEND T="14:00:56">
  (TELL :RECEIVER TEXTTAGGER :IN-REPLY-TO TEXTTAGGER5 :CONTENT T)
</SEND>

<RECEIVE T="14:00:59">
  (REQUEST :RECEIVER LEXICONMANAGER :CONTENT (IS-DEFINED-WORD W::COLOURFUL)
   :REPLY-WITH TEXTTAGGER6 :SENDER TEXTTAGGER)
</RECEIVE>

<SEND T="14:00:59">
  (TELL :RECEIVER TEXTTAGGER :IN-REPLY-TO TEXTTAGGER6 :CONTENT T)
</SEND>

<RECEIVE T="14:00:59">
  (REQUEST :RECEIVER LEXICONMANAGER :CONTENT (IS-DEFINED-WORD W::DESKS)
   :REPLY-WITH TEXTTAGGER7 :SENDER TEXTTAGGER)
</RECEIVE>

<SEND T="14:00:59">
  (TELL :RECEIVER TEXTTAGGER :IN-REPLY-TO TEXTTAGGER7 :CONTENT T)
</SEND>

<RECEIVE T="14:02:17">
  (REQUEST :RECEIVER LEXICONMANAGER :CONTENT (IS-DEFINED-WORD W::OUTSIDE)
   :REPLY-WITH TEXTTAGGER8 :SENDER TEXTTAGGER)
</RECEIVE>

<SEND T="14:02:17">
  (TELL :RECEIVER TEXTTAGGER :IN-REPLY-TO TEXTTAGGER8 :CONTENT T)
</SEND>

<RECEIVE T="14:03:33">
  (REQUEST :RECEIVER LEXICONMANAGER :CONTENT (IS-DEFINED-WORD W::COMIC)
   :REPLY-WITH TEXTTAGGER9 :SENDER TEXTTAGGER)
</RECEIVE>

<SEND T="14:03:33">
  (TELL :RECEIVER TEXTTAGGER :IN-REPLY-TO TEXTTAGGER9 :CONTENT T)
</SEND>

<RECEIVE T="14:10:31">
  (REQUEST :RECEIVER LEXICONMANAGER :CONTENT (IS-DEFINED-WORD W::OUTFIT)
   :REPLY-WITH TEXTTAGGER10 :SENDER TEXTTAGGER)
</RECEIVE>

<SEND T="14:10:31">
  (TELL :RECEIVER TEXTTAGGER :IN-REPLY-TO TEXTTAGGER10 :CONTENT T)
</SEND>

<RECEIVE T="14:22:45">
  (REQUEST :RECEIVER LEXICONMANAGER :CONTENT (IS-DEFINED-WORD W::COLOURED)
   :REPLY-WITH TEXTTAGGER11 :SENDER TEXTTAGGER)
</RECEIVE>

<SEND T="14:22:45">
  (TELL :RECEIVER TEXTTAGGER :IN-REPLY-TO TEXTTAGGER11 :CONTENT T)
</SEND>

<RECEIVE T="14:26:13">
  (REQUEST :RECEIVER LEXICONMANAGER :CONTENT (IS-DEFINED-WORD W::COLLAR)
   :REPLY-WITH TEXTTAGGER12 :SENDER TEXTTAGGER)
</RECEIVE>

<SEND T="14:26:13">
  (TELL :RECEIVER TEXTTAGGER :IN-REPLY-TO TEXTTAGGER12 :CONTENT T)
</SEND>

<RECEIVE T="16:38:31">
  NIL
</RECEIVE>

