2,254c2,40
< <?xml-stylesheet type="text/xsl" href="../style/parser-interface.xsl"?>
< <!DOCTYPE trips-parser-output SYSTEM "../trips-parser-output.dtd">
< <trips-parser-output parser-build-date="2017-09-20T12:11:02-0500" system="STEP" extsformat="svg" tagsformat="hidden" treecontents="phrase" treeformat="LinGO" lfformat="svg" semantic-skeleton-scoring="T" rule-sets="" input="some kids in the background are watching him , others are at their desk .
< ">
< <debug>
< *last-utt-id*=NIL  utt-id+61
< *last-utt-id*=61  utt-id+61
< *last-utt-id*=61  utt-id+NIL</debug><compound-communication-act>
< <utt><words><lisp>(W::SOME W::KIDS W::IN W::THE W::BACKGROUND W::ARE W::WATCHING W::HIM
<  W::PUNC-COMMA W::OTHERS)</lisp><word>SOME</word><word>KIDS</word><word>IN</word><word>THE</word><word>BACKGROUND</word><word>ARE</word><word>WATCHING</word><word>HIM</word><word>PUNC-COMMA</word><word>OTHERS</word></words><tags><lisp>((WORD &quot;some&quot; :FRAME (0 4) :SENSE-INFO
<   ((:PENN-PARTS-OF-SPEECH (DT) :TRIPS-PARTS-OF-SPEECH (W::ART W::QUAN W::PRO)))
<   :UTTNUM 61 :CHANNEL DESKTOP :DIRECTION INPUT)
<  (WORD &quot;kids&quot; :FRAME (5 9) :SENSE-INFO
<   ((:PENN-PARTS-OF-SPEECH (NNS) :TRIPS-PARTS-OF-SPEECH (W::N))) :UTTNUM 61
<   :CHANNEL DESKTOP :DIRECTION INPUT)
<  (PREFER &quot;some kids&quot; :FRAME (0 9) :PENN-CATS (NP) :TRIPS-CATS (W::NP) :SCORE
<   16.206 :UTTNUM 61 :CHANNEL DESKTOP :DIRECTION INPUT)
<  (WORD &quot;in&quot; :FRAME (10 12) :SENSE-INFO
<   ((:PENN-PARTS-OF-SPEECH (IN) :TRIPS-PARTS-OF-SPEECH (W::PREP W::ADV)))
<   :UTTNUM 61 :CHANNEL DESKTOP :DIRECTION INPUT)
<  (WORD &quot;the&quot; :FRAME (13 16) :SENSE-INFO
<   ((:PENN-PARTS-OF-SPEECH (DT) :TRIPS-PARTS-OF-SPEECH (W::ART W::QUAN W::PRO)))
<   :UTTNUM 61 :CHANNEL DESKTOP :DIRECTION INPUT)
<  (WORD &quot;background&quot; :FRAME (17 27) :SENSE-INFO
<   ((:PENN-PARTS-OF-SPEECH (NN) :TRIPS-PARTS-OF-SPEECH (W::N))) :UTTNUM 61
<   :CHANNEL DESKTOP :DIRECTION INPUT)
<  (PREFER &quot;the background&quot; :FRAME (13 27) :PENN-CATS (NP) :TRIPS-CATS (W::NP)
<   :SCORE 11.972 :UTTNUM 61 :CHANNEL DESKTOP :DIRECTION INPUT)
<  (PREFER &quot;in the background&quot; :FRAME (10 27) :PENN-CATS (PP) :TRIPS-CATS (W::PP)
<   :SCORE 14.224 :UTTNUM 61 :CHANNEL DESKTOP :DIRECTION INPUT)
<  (PREFER &quot;some kids in the background&quot; :FRAME (0 27) :PENN-CATS (NP)
<   :TRIPS-CATS (W::NP) :SCORE 30.796 :UTTNUM 61 :CHANNEL DESKTOP :DIRECTION
<   INPUT)
<  (WORD &quot;are&quot; :FRAME (28 31) :SENSE-INFO
<   ((:PENN-PARTS-OF-SPEECH (VBP) :TRIPS-PARTS-OF-SPEECH (W::V))) :UTTNUM 61
<   :CHANNEL DESKTOP :DIRECTION INPUT)
<  (WORD &quot;watching&quot; :FRAME (32 40) :SENSE-INFO
<   ((:PENN-PARTS-OF-SPEECH (VBG) :TRIPS-PARTS-OF-SPEECH (W::V))) :UTTNUM 61
<   :CHANNEL DESKTOP :DIRECTION INPUT)
<  (WORD &quot;him&quot; :FRAME (41 44) :SENSE-INFO
<   ((:PENN-PARTS-OF-SPEECH (PRP) :TRIPS-PARTS-OF-SPEECH (W::PRO))) :UTTNUM 61
<   :CHANNEL DESKTOP :DIRECTION INPUT)
<  (PREFER &quot;him&quot; :FRAME (41 44) :PENN-CATS (NP) :TRIPS-CATS (W::NP) :SCORE 6.553
<   :UTTNUM 61 :CHANNEL DESKTOP :DIRECTION INPUT)
<  (PREFER &quot;watching him&quot; :FRAME (32 44) :PENN-CATS (VP) :TRIPS-CATS (W::VP)
<   :SCORE 14.604 :UTTNUM 61 :CHANNEL DESKTOP :DIRECTION INPUT)
<  (PREFER &quot;are watching him&quot; :FRAME (28 44) :PENN-CATS (VP) :TRIPS-CATS (W::VP)
<   :SCORE 18.967 :UTTNUM 61 :CHANNEL DESKTOP :DIRECTION INPUT)
<  (PREFER &quot;some kids in the background are watching him&quot; :FRAME (0 44)
<   :PENN-CATS (S) :SCORE 52.259 :UTTNUM 61 :CHANNEL DESKTOP :DIRECTION INPUT)
<  (WORD &quot;,&quot; :FRAME (45 46) :SENSE-INFO
<   ((:PENN-PARTS-OF-SPEECH (COMMA) :TRIPS-PARTS-OF-SPEECH (W::PUNC))) :UTTNUM 61
<   :CHANNEL DESKTOP :DIRECTION INPUT)
<  (WORD &quot;others&quot; :FRAME (47 53) :SENSE-INFO
<   ((:PENN-PARTS-OF-SPEECH (NNS) :TRIPS-PARTS-OF-SPEECH (W::N))) :UTTNUM 61
<   :CHANNEL DESKTOP :DIRECTION INPUT)
<  (PREFER &quot;others&quot; :FRAME (47 53) :PENN-CATS (NP) :TRIPS-CATS (W::NP) :SCORE
<   8.519 :UTTNUM 61 :CHANNEL DESKTOP :DIRECTION INPUT))</lisp><word lex="some" start="0" end="4"><sense-info penn-parts-of-speech="DT" trips-parts-of-speech="ART,QUAN,PRO" /></word><word lex="kids" start="5" end="9"><sense-info penn-parts-of-speech="NNS" trips-parts-of-speech="N" /></word><prefer text="some kids" start="0" end="9" penn-cats="NP" score="16.206" /><word lex="in" start="10" end="12"><sense-info penn-parts-of-speech="IN" trips-parts-of-speech="PREP,ADV" /></word><word lex="the" start="13" end="16"><sense-info penn-parts-of-speech="DT" trips-parts-of-speech="ART,QUAN,PRO" /></word><word lex="background" start="17" end="27"><sense-info penn-parts-of-speech="NN" trips-parts-of-speech="N" /></word><prefer text="the background" start="13" end="27" penn-cats="NP" score="11.972" /><prefer text="in the background" start="10" end="27" penn-cats="PP" score="14.224" /><prefer text="some kids in the background" start="0" end="27" penn-cats="NP" score="30.796" /><word lex="are" start="28" end="31"><sense-info penn-parts-of-speech="VBP" trips-parts-of-speech="V" /></word><word lex="watching" start="32" end="40"><sense-info penn-parts-of-speech="VBG" trips-parts-of-speech="V" /></word><word lex="him" start="41" end="44"><sense-info penn-parts-of-speech="PRP" trips-parts-of-speech="PRO" /></word><prefer text="him" start="41" end="44" penn-cats="NP" score="6.553" /><prefer text="watching him" start="32" end="44" penn-cats="VP" score="14.604" /><prefer text="are watching him" start="28" end="44" penn-cats="VP" score="18.967" /><prefer text="some kids in the background are watching him" start="0" end="44" penn-cats="S" score="52.259" /><word lex="," start="45" end="46"><sense-info penn-parts-of-speech="COMMA" trips-parts-of-speech="PUNC" /></word><word lex="others" start="47" end="53"><sense-info penn-parts-of-speech="NNS" trips-parts-of-speech="N" /></word><prefer text="others" start="47" end="53" penn-cats="NP" score="8.519" /></tags><tree><lisp>(UTT
<  (S
<   (NP (SPEC (QUAN SOME))
<    (N1 (N1 (N KIDS))
<     (ADVBL (ADV IN) (NP (SPEC (DET (ART THE))) (N1 (N BACKGROUND))))))
<   (VP
<    (VP- (AUX (V ARE))
<     (VP- (V WATCHING) (NP (NP (PRO HIM)) (PUNC PUNC-COMMA))
<      (NP (N1 (N OTHERS))))))))</lisp><UTT><S><NP><SPEC><QUAN>SOME</QUAN></SPEC><N1><N1><N>KIDS</N></N1><ADVBL><ADV>IN</ADV><NP><SPEC><DET><ART>THE</ART></DET></SPEC><N1><N>BACKGROUND</N></N1></NP></ADVBL></N1></NP><VP><VP-><AUX><V>ARE</V></AUX><VP-><V>WATCHING</V><NP><NP><PRO>HIM</PRO></NP><PUNC>PUNC-COMMA</PUNC></NP><NP><N1><N>OTHERS</N></N1></NP></VP-></VP-></VP></S></UTT></tree><terms root="#V417372"><lisp>((ONT::SPEECHACT ONT::V417372 ONT::SA_TELL :CONTENT ONT::V416369 :START 0 :END
<   54)
<  (ONT::F ONT::V416369 (:* ONT::MANAGE W::WATCH) :AGENT ONT::V416284 :AFFECTED
<   ONT::V416379 :BENEFICIARY ONT::V416598 :TENSE W::PRES :PROGR + :START 0 :END
<   54)
<  (ONT::F ONT::V416598 (:* ONT::BENEFICIARY W::IOBJ) :GROUND ONT::V416373
<   :FIGURE ONT::V416369 :START 0 :END 54)
<  (ONT::INDEF-SET ONT::V416284 (:* ONT::CHILD W::KID) :SIZE ONT::SOME :LOCATION
<   ONT::V416291 :START 0 :END 28)
<  (ONT::F ONT::V416291 (:* ONT::IN-LOC W::IN) :GROUND ONT::V416347 :FIGURE
<   ONT::V416284 :START 10 :END 28)
<  (ONT::THE ONT::V416347 (:* ONT::IMAGE W::BACKGROUND) :START 13 :END 28)
<  (ONT::PRO ONT::V416373 (:* ONT::MALE-PERSON W::HIM) :PROFORM W::HIM :START 41
<   :END 47)
<  (ONT::BARE ONT::V416379 (:* ONT::OTHER W::OTHERS) :START 47 :END 54))</lisp><rdf:RDF
<   xmlns:rdf="http://www.w3.org/1999/02/22-rdf-syntax-ns#"
<   xmlns:role="http://www.cs.rochester.edu/research/trips/role#"
<   xmlns:LF="http://www.cs.rochester.edu/research/trips/LF#">
<   <rdf:Description rdf:ID="V417372">
<     <LF:indicator>SPEECHACT</LF:indicator>
<     <LF:type>SA_TELL</LF:type>
<     <role:CONTENT rdf:resource="#V416369" />
<     <LF:start>0</LF:start>
<     <LF:end>54</LF:end>
<   </rdf:Description>
<   <rdf:Description rdf:ID="V416369">
<     <LF:indicator>F</LF:indicator>
<     <LF:type>MANAGE</LF:type>
<     <LF:word>WATCH</LF:word>
<     <role:AGENT rdf:resource="#V416284" />
<     <role:AFFECTED rdf:resource="#V416379" />
<     <role:BENEFICIARY rdf:resource="#V416598" />
<     <role:TENSE>PRES</role:TENSE>
<     <role:PROGR>+</role:PROGR>
<     <LF:start>0</LF:start>
<     <LF:end>54</LF:end>
<   </rdf:Description>
<   <rdf:Description rdf:ID="V416598">
<     <LF:indicator>F</LF:indicator>
<     <LF:type>BENEFICIARY</LF:type>
<     <LF:word>IOBJ</LF:word>
<     <role:GROUND rdf:resource="#V416373" />
<     <role:FIGURE rdf:resource="#V416369" />
<     <LF:start>0</LF:start>
<     <LF:end>54</LF:end>
<   </rdf:Description>
<   <rdf:Description rdf:ID="V416284">
<     <LF:indicator>INDEF-SET</LF:indicator>
<     <LF:type>CHILD</LF:type>
<     <LF:word>KID</LF:word>
<     <role:SIZE>SOME</role:SIZE>
<     <role:LOCATION rdf:resource="#V416291" />
<     <LF:start>0</LF:start>
<     <LF:end>28</LF:end>
<   </rdf:Description>
<   <rdf:Description rdf:ID="V416291">
<     <LF:indicator>F</LF:indicator>
<     <LF:type>IN-LOC</LF:type>
<     <LF:word>IN</LF:word>
<     <role:GROUND rdf:resource="#V416347" />
<     <role:FIGURE rdf:resource="#V416284" />
<     <LF:start>10</LF:start>
<     <LF:end>28</LF:end>
<   </rdf:Description>
<   <rdf:Description rdf:ID="V416347">
<     <LF:indicator>THE</LF:indicator>
<     <LF:type>IMAGE</LF:type>
<     <LF:word>BACKGROUND</LF:word>
<     <LF:start>13</LF:start>
<     <LF:end>28</LF:end>
<   </rdf:Description>
<   <rdf:Description rdf:ID="V416373">
<     <LF:indicator>PRO</LF:indicator>
<     <LF:type>MALE-PERSON</LF:type>
<     <LF:word>HIM</LF:word>
<     <role:PROFORM>HIM</role:PROFORM>
<     <LF:start>41</LF:start>
<     <LF:end>47</LF:end>
<   </rdf:Description>
<   <rdf:Description rdf:ID="V416379">
<     <LF:indicator>BARE</LF:indicator>
<     <LF:type>OTHER</LF:type>
<     <LF:word>OTHERS</LF:word>
<     <LF:start>47</LF:start>
<     <LF:end>54</LF:end>
<   </rdf:Description>
< </rdf:RDF>
< </terms></utt><utt><words><lisp>(W::ARE W::AT W::THEIR W::DESK W::PUNC-PERIOD)</lisp><word>ARE</word><word>AT</word><word>THEIR</word><word>DESK</word><word>PUNC-PERIOD</word></words><tags><lisp>((WORD &quot;are&quot; :FRAME (54 57) :SENSE-INFO
<   ((:PENN-PARTS-OF-SPEECH (VBP) :TRIPS-PARTS-OF-SPEECH (W::V))) :UTTNUM 61
<   :CHANNEL DESKTOP :DIRECTION INPUT)
<  (WORD &quot;at&quot; :FRAME (58 60) :SENSE-INFO
<   ((:PENN-PARTS-OF-SPEECH (IN) :TRIPS-PARTS-OF-SPEECH (W::PREP W::ADV)))
<   :UTTNUM 61 :CHANNEL DESKTOP :DIRECTION INPUT)
<  (WORD &quot;their&quot; :FRAME (61 66) :SENSE-INFO
<   ((:PENN-PARTS-OF-SPEECH (PRP$) :TRIPS-PARTS-OF-SPEECH (W::PRO))) :UTTNUM 61
<   :CHANNEL DESKTOP :DIRECTION INPUT)
<  (WORD &quot;desk&quot; :FRAME (67 71) :SENSE-INFO
<   ((:PENN-PARTS-OF-SPEECH (NN) :TRIPS-PARTS-OF-SPEECH (W::N))) :UTTNUM 61
<   :CHANNEL DESKTOP :DIRECTION INPUT)
<  (PREFER &quot;their desk&quot; :FRAME (61 71) :PENN-CATS (NP) :TRIPS-CATS (W::NP) :SCORE
<   14.85 :UTTNUM 61 :CHANNEL DESKTOP :DIRECTION INPUT)
<  (PREFER &quot;at their desk&quot; :FRAME (58 71) :PENN-CATS (PP) :TRIPS-CATS (W::PP)
<   :SCORE 18.178 :UTTNUM 61 :CHANNEL DESKTOP :DIRECTION INPUT)
<  (PREFER &quot;are at their desk&quot; :FRAME (54 71) :PENN-CATS (VP) :TRIPS-CATS (W::VP)
<   :SCORE 24.77 :UTTNUM 61 :CHANNEL DESKTOP :DIRECTION INPUT)
<  (WORD &quot;.&quot; :FRAME (72 72) :SENSE-INFO
<   ((:PENN-PARTS-OF-SPEECH (FULL_STOP) :TRIPS-PARTS-OF-SPEECH (W::PUNC)))
<   :UTTNUM 61 :CHANNEL DESKTOP :DIRECTION INPUT)
<  (PREFER
<   &quot;some kids in the background are watching him , others are at their desk .&quot;
<   :FRAME (0 72) :PENN-CATS (S) :SCORE 89.417 :UTTNUM 61 :CHANNEL DESKTOP
<   :DIRECTION INPUT))</lisp><word lex="are" start="54" end="57"><sense-info penn-parts-of-speech="VBP" trips-parts-of-speech="V" /></word><word lex="at" start="58" end="60"><sense-info penn-parts-of-speech="IN" trips-parts-of-speech="PREP,ADV" /></word><word lex="their" start="61" end="66"><sense-info penn-parts-of-speech="PRP$" trips-parts-of-speech="PRO" /></word><word lex="desk" start="67" end="71"><sense-info penn-parts-of-speech="NN" trips-parts-of-speech="N" /></word><prefer text="their desk" start="61" end="71" penn-cats="NP" score="14.85" /><prefer text="at their desk" start="58" end="71" penn-cats="PP" score="18.178" /><prefer text="are at their desk" start="54" end="71" penn-cats="VP" score="24.77" /><word lex="." start="72" end="72"><sense-info penn-parts-of-speech="FULL_STOP" trips-parts-of-speech="PUNC" /></word><prefer text="some kids in the background are watching him , others are at their desk ." start="0" end="72" penn-cats="S" score="89.417" /></tags><tree><lisp>(UTT
<  (UTT
<   (VP
<    (VP- (V ARE)
<     (PRED
<      (ADVBL (ADV AT)
<       (NP (SPEC (DET (POSSESSOR (PRO THEIR)))) (N1 (N DESK))))))))
<  (PUNC PUNC-PERIOD))</lisp><UTT><UTT><VP><VP-><V>ARE</V><PRED><ADVBL><ADV>AT</ADV><NP><SPEC><DET><POSSESSOR><PRO>THEIR</PRO></POSSESSOR></DET></SPEC><N1><N>DESK</N></N1></NP></ADVBL></PRED></VP-></VP></UTT><PUNC>PUNC-PERIOD</PUNC></UTT></tree><terms root="#V417177"><lisp>((ONT::SPEECHACT ONT::V417177 ONT::SA_TELL :PUNCTYPE W::DECL :CONTENT
<   ONT::V416386 :START 54 :END 72)
<  (ONT::F ONT::V416386 (:* ONT::HAVE-PROPERTY W::BE) :NEUTRAL ONT::V417178
<   :FORMAL ONT::V416405 :TENSE W::PRES :START 54 :END 72)
<  (ONT::IMPRO ONT::V417178 ONT::REFERENTIAL-SEM :PROFORM W::SUBJ :START 54 :END
<   72 :COREF ONT::V416347)
<  (ONT::F ONT::V416405 (:* ONT::AT-LOC W::AT) :GROUND ONT::V416420 :FIGURE
<   ONT::V417178 :START 58 :END 72)
<  (ONT::THE ONT::V416420 (:* ONT::FURNISHINGS W::DESK) :ASSOC-POSS ONT::V416417
<   :START 61 :END 72)
<  (ONT::PRO ONT::V416417 (:* ONT::REFERENTIAL-SEM W::THEIR) :PROFORM W::THEIR
<   :START 61 :END 72 :COREF ONT::V416284))</lisp><rdf:RDF
<   xmlns:rdf="http://www.w3.org/1999/02/22-rdf-syntax-ns#"
<   xmlns:role="http://www.cs.rochester.edu/research/trips/role#"
<   xmlns:LF="http://www.cs.rochester.edu/research/trips/LF#">
<   <rdf:Description rdf:ID="V417177">
<     <LF:indicator>SPEECHACT</LF:indicator>
<     <LF:type>SA_TELL</LF:type>
<     <role:PUNCTYPE>DECL</role:PUNCTYPE>
<     <role:CONTENT rdf:resource="#V416386" />
<     <LF:start>54</LF:start>
<     <LF:end>72</LF:end>
<   </rdf:Description>
<   <rdf:Description rdf:ID="V416386">
<     <LF:indicator>F</LF:indicator>
<     <LF:type>HAVE-PROPERTY</LF:type>
<     <LF:word>BE</LF:word>
<     <role:NEUTRAL rdf:resource="#V417178" />
<     <role:FORMAL rdf:resource="#V416405" />
<     <role:TENSE>PRES</role:TENSE>
<     <LF:start>54</LF:start>
<     <LF:end>72</LF:end>
<   </rdf:Description>
<   <rdf:Description rdf:ID="V417178">
<     <LF:indicator>IMPRO</LF:indicator>
<     <LF:type>REFERENTIAL-SEM</LF:type>
<     <role:PROFORM>SUBJ</role:PROFORM>
<     <LF:start>54</LF:start>
<     <LF:end>72</LF:end>
<     <role:COREF rdf:resource="#V416347" />
<   </rdf:Description>
<   <rdf:Description rdf:ID="V416405">
<     <LF:indicator>F</LF:indicator>
<     <LF:type>AT-LOC</LF:type>
<     <LF:word>AT</LF:word>
<     <role:GROUND rdf:resource="#V416420" />
<     <role:FIGURE rdf:resource="#V417178" />
<     <LF:start>58</LF:start>
<     <LF:end>72</LF:end>
<   </rdf:Description>
<   <rdf:Description rdf:ID="V416420">
<     <LF:indicator>THE</LF:indicator>
<     <LF:type>FURNISHINGS</LF:type>
<     <LF:word>DESK</LF:word>
<     <role:ASSOC-POSS rdf:resource="#V416417" />
<     <LF:start>61</LF:start>
<     <LF:end>72</LF:end>
<   </rdf:Description>
<   <rdf:Description rdf:ID="V416417">
<     <LF:indicator>PRO</LF:indicator>
<     <LF:type>REFERENTIAL-SEM</LF:type>
<     <LF:word>THEIR</LF:word>
<     <role:PROFORM>THEIR</role:PROFORM>
<     <LF:start>61</LF:start>
<     <LF:end>72</LF:end>
<     <role:COREF rdf:resource="#V416284" />
<   </rdf:Description>
< </rdf:RDF>
< </terms></utt></compound-communication-act>
< </trips-parser-output>
\ No newline at end of file
---
> <SpRL>
>  <SCENE>
>   <SENTENCE id="s1" indicator="SPEECHACT" type="SA_TELL" start="0" end="54">
>    <TEXT>some kids in the background are watching him , others a</TEXT>
>    <RELATION id="1" head="V417372" res="V416369" label="CONTENT"/>
>    <PHRASE id="V416369" indicator="F" type="MANAGE" text="WATCH" TENSE="PRES" PROGR="+" start="0" end="54"/>
>    <RELATION id="2" head="V416369" res="V416284" label="AGENT"/>
>    <RELATION id="3" head="V416369" res="V416379" label="AFFECTED"/>
>    <RELATION id="4" head="V416369" res="V416598" label="BENEFICIARY"/>
>    <PHRASE id="V416598" indicator="F" type="BENEFICIARY" text="IOBJ" start="0" end="54"/>
>    <RELATION id="5" head="V416598" res="V416373" label="GROUND"/>
>    <RELATION id="6" head="V416598" res="V416369" label="FIGURE"/>
>    <PHRASE id="V416284" indicator="INDEF-SET" type="CHILD" text="KID" SIZE="SOME" start="0" end="28"/>
>    <RELATION id="7" head="V416284" res="V416291" label="LOCATION"/>
>    <PHRASE id="V416291" indicator="F" type="IN-LOC" text="IN" start="10" end="28"/>
>    <RELATION id="8" head="V416291" res="V416347" label="GROUND"/>
>    <RELATION id="9" head="V416291" res="V416284" label="FIGURE"/>
>    <PHRASE id="V416347" indicator="THE" type="IMAGE" text="BACKGROUND" start="13" end="28"/>
>    <PHRASE id="V416373" indicator="PRO" type="MALE-PERSON" text="HIM" PROFORM="HIM" start="41" end="47"/>
>    <PHRASE id="V416379" indicator="BARE" type="OTHER" text="OTHERS" start="47" end="54"/>
>   </SENTENCE>
>   <SENTENCE id="s2" indicator="SPEECHACT" type="SA_TELL" PUNCTYPE="DECL" start="54" end="72">
>    <TEXT>are at their desk .</TEXT>
>    <RELATION id="10" head="V417177" res="V416386" label="CONTENT"/>
>    <PHRASE id="V416386" indicator="F" type="HAVE-PROPERTY" text="BE" TENSE="PRES" start="54" end="72"/>
>    <RELATION id="11" head="V416386" res="V417178" label="NEUTRAL"/>
>    <RELATION id="12" head="V416386" res="V416405" label="FORMAL"/>
>    <PHRASE id="V417178" indicator="IMPRO" type="REFERENTIAL-SEM" PROFORM="SUBJ" start="54" end="72"/>
>    <RELATION id="13" head="V417178" res="V416347" label="COREF"/>
>    <PHRASE id="V416405" indicator="F" type="AT-LOC" text="AT" start="58" end="72"/>
>    <RELATION id="14" head="V416405" res="V416420" label="GROUND"/>
>    <RELATION id="15" head="V416405" res="V417178" label="FIGURE"/>
>    <PHRASE id="V416420" indicator="THE" type="FURNISHINGS" text="DESK" start="61" end="72"/>
>    <RELATION id="16" head="V416420" res="V416417" label="ASSOC-POSS"/>
>    <PHRASE id="V416417" indicator="PRO" type="REFERENTIAL-SEM" text="THEIR" PROFORM="THEIR" start="61" end="72"/>
>    <RELATION id="17" head="V416417" res="V416284" label="COREF"/>
>   </SENTENCE>
>  </SCENE>
> </SpRL>
