2,481c2,73
< <?xml-stylesheet type="text/xsl" href="../style/parser-interface.xsl"?>
< <!DOCTYPE trips-parser-output SYSTEM "../trips-parser-output.dtd">
< <trips-parser-output parser-build-date="2017-09-20T12:11:02-0500" system="STEP" extsformat="svg" tagsformat="hidden" treecontents="phrase" treeformat="LinGO" lfformat="svg" semantic-skeleton-scoring="T" rule-sets="" input="a dark-skinned , dark-haired boy wearing a black adidas cap , a white tee-shirt with long sleeves and a sleeveless dark grey pullover is sitting at his desk in a classroom .
< ">
< <debug>
< *last-utt-id*=NIL  utt-id+37
< *last-utt-id*=37  utt-id+37
< *last-utt-id*=37  utt-id+37
< *last-utt-id*=37  utt-id+37
< *last-utt-id*=37  utt-id+37
< *last-utt-id*=37  utt-id+37
< *last-utt-id*=37  utt-id+37
< *last-utt-id*=37  utt-id+NIL</debug><compound-communication-act>
< <utt><words><lisp>(W::DARK W::PUNC-MINUS W::SKINNED)</lisp><word>DARK</word><word>PUNC-MINUS</word><word>SKINNED</word></words><tags><lisp>((WORD &quot;a&quot; :FRAME (0 1) :SENSE-INFO
<   ((:PENN-PARTS-OF-SPEECH (DT) :TRIPS-PARTS-OF-SPEECH (W::ART W::QUAN W::PRO)))
<   :UTTNUM 37 :CHANNEL DESKTOP :DIRECTION INPUT)
<  (WORD &quot;dark&quot; :FRAME (2 5) :SENSE-INFO
<   ((:PENN-PARTS-OF-SPEECH (NN) :TRIPS-PARTS-OF-SPEECH (W::N))) :UTTNUM 37
<   :CHANNEL DESKTOP :DIRECTION INPUT)
<  (WORD &quot;-&quot; :FRAME (6 6) :SENSE-INFO
<   ((:PENN-PARTS-OF-SPEECH (COLON) :TRIPS-PARTS-OF-SPEECH (W::PUNC))) :UTTNUM 37
<   :CHANNEL DESKTOP :DIRECTION INPUT)
<  (WORD &quot;skinned&quot; :FRAME (7 14) :SENSE-INFO
<   ((:PENN-PARTS-OF-SPEECH (VBD) :TRIPS-PARTS-OF-SPEECH (W::V))) :UTTNUM 37
<   :CHANNEL DESKTOP :DIRECTION INPUT)
<  (WORD &quot;dark-skinned&quot; :FRAME (2 14) :SENSE-INFO
<   ((:PENN-PARTS-OF-SPEECH (JJ) :TRIPS-PARTS-OF-SPEECH (W::ADJ) :WN-SENSE-KEYS
<     (&quot;dark-skinned%5:00:00&quot;)))
<   :UTTNUM 37 :CHANNEL DESKTOP :DIRECTION INPUT)
<  (WORD &quot;,&quot; :FRAME (15 16) :SENSE-INFO
<   ((:PENN-PARTS-OF-SPEECH (COMMA) :TRIPS-PARTS-OF-SPEECH (W::PUNC))) :UTTNUM 37
<   :CHANNEL DESKTOP :DIRECTION INPUT))</lisp><word lex="a" start="0" end="1"><sense-info penn-parts-of-speech="DT" trips-parts-of-speech="ART,QUAN,PRO" /></word><word lex="dark" start="2" end="5"><sense-info penn-parts-of-speech="NN" trips-parts-of-speech="N" /></word><word lex="-" start="6" end="6"><sense-info penn-parts-of-speech="COLON" trips-parts-of-speech="PUNC" /></word><word lex="skinned" start="7" end="14"><sense-info penn-parts-of-speech="VBD" trips-parts-of-speech="V" /></word><word lex="dark-skinned" start="2" end="14"><sense-info penn-parts-of-speech="JJ" trips-parts-of-speech="ADJ" wn-sense-keys="dark-skinned%5:00:00" /></word><word lex="," start="15" end="16"><sense-info penn-parts-of-speech="COMMA" trips-parts-of-speech="PUNC" /></word></tags><tree><lisp>(DET (ART A))</lisp><DET><ART>A</ART></DET></tree><terms root="#V256101"><lisp>((ONT::F ONT::V256101 (:* ONT::MODIFIER W::DARK-PUNC-MINUS-SKINNED) :START 2
<   :END 15 :WNSENSE &quot;dark-skinned%5:00:00&quot;))</lisp><rdf:RDF
<   xmlns:rdf="http://www.w3.org/1999/02/22-rdf-syntax-ns#"
<   xmlns:role="http://www.cs.rochester.edu/research/trips/role#"
<   xmlns:LF="http://www.cs.rochester.edu/research/trips/LF#">
<   <rdf:Description rdf:ID="V256101">
<     <LF:indicator>F</LF:indicator>
<     <LF:type>MODIFIER</LF:type>
<     <LF:word>DARK-PUNC-MINUS-SKINNED</LF:word>
<     <LF:start>2</LF:start>
<     <LF:end>15</LF:end>
<     <role:WNSENSE>dark-skinned%5:00:00</role:WNSENSE>
<   </rdf:Description>
< </rdf:RDF>
< </terms></utt><utt><words><lisp>(W::DARK W::PUNC-MINUS W::HAIRED W::BOY)</lisp><word>DARK</word><word>PUNC-MINUS</word><word>HAIRED</word><word>BOY</word></words><tags><lisp>((WORD &quot;dark&quot; :FRAME (17 20) :SENSE-INFO
<   ((:PENN-PARTS-OF-SPEECH (JJ) :TRIPS-PARTS-OF-SPEECH (W::ADJ))) :UTTNUM 37
<   :CHANNEL DESKTOP :DIRECTION INPUT)
<  (WORD &quot;-&quot; :FRAME (21 21) :SENSE-INFO
<   ((:PENN-PARTS-OF-SPEECH (COLON) :TRIPS-PARTS-OF-SPEECH (W::PUNC))) :UTTNUM 37
<   :CHANNEL DESKTOP :DIRECTION INPUT)
<  (WORD &quot;haired&quot; :FRAME (22 28) :SENSE-INFO
<   ((:PENN-PARTS-OF-SPEECH (VBN) :TRIPS-PARTS-OF-SPEECH (W::V))) :UTTNUM 37
<   :CHANNEL DESKTOP :DIRECTION INPUT)
<  (WORD &quot;dark-haired&quot; :FRAME (17 28) :SENSE-INFO
<   ((:PENN-PARTS-OF-SPEECH (JJ) :TRIPS-PARTS-OF-SPEECH (W::ADJ) :WN-SENSE-KEYS
<     (&quot;dark-haired%5:00:00&quot;)))
<   :UTTNUM 37 :CHANNEL DESKTOP :DIRECTION INPUT)
<  (WORD &quot;boy&quot; :FRAME (29 32) :SENSE-INFO
<   ((:PENN-PARTS-OF-SPEECH (NN) :TRIPS-PARTS-OF-SPEECH (W::N))) :UTTNUM 37
<   :CHANNEL DESKTOP :DIRECTION INPUT)
<  (PREFER &quot;a dark-skinned , dark-haired boy&quot; :FRAME (0 32) :PENN-CATS (NP)
<   :TRIPS-CATS (W::NP) :SCORE 40.958 :UTTNUM 37 :CHANNEL DESKTOP :DIRECTION
<   INPUT))</lisp><word lex="dark" start="17" end="20"><sense-info penn-parts-of-speech="JJ" trips-parts-of-speech="ADJ" /></word><word lex="-" start="21" end="21"><sense-info penn-parts-of-speech="COLON" trips-parts-of-speech="PUNC" /></word><word lex="haired" start="22" end="28"><sense-info penn-parts-of-speech="VBN" trips-parts-of-speech="V" /></word><word lex="dark-haired" start="17" end="28"><sense-info penn-parts-of-speech="JJ" trips-parts-of-speech="ADJ" wn-sense-keys="dark-haired%5:00:00" /></word><word lex="boy" start="29" end="32"><sense-info penn-parts-of-speech="NN" trips-parts-of-speech="N" /></word><prefer text="a dark-skinned , dark-haired boy" start="0" end="32" penn-cats="NP" score="40.958" /></tags><tree><lisp>(ADJP (ADJ1 (ADJ DARK PUNC-MINUS SKINNED)))</lisp><ADJP><ADJ1><ADJ>DARK PUNC-MINUS SKINNED</ADJ></ADJ1></ADJP></tree><terms root="#V256128"><lisp>((ONT::BARE ONT::V256128 (:* ONT::MALE-CHILD W::BOY) :MOD ONT::V256125 :START
<   17 :END 33)
<  (ONT::F ONT::V256125 (:* ONT::MODIFIER W::DARK-PUNC-MINUS-HAIRED) :FIGURE
<   ONT::V256128 :START 17 :END 29 :WNSENSE &quot;dark-haired%5:00:00&quot;))</lisp><rdf:RDF
<   xmlns:rdf="http://www.w3.org/1999/02/22-rdf-syntax-ns#"
<   xmlns:role="http://www.cs.rochester.edu/research/trips/role#"
<   xmlns:LF="http://www.cs.rochester.edu/research/trips/LF#">
<   <rdf:Description rdf:ID="V256128">
<     <LF:indicator>BARE</LF:indicator>
<     <LF:type>MALE-CHILD</LF:type>
<     <LF:word>BOY</LF:word>
<     <role:MOD rdf:resource="#V256125" />
<     <LF:start>17</LF:start>
<     <LF:end>33</LF:end>
<   </rdf:Description>
<   <rdf:Description rdf:ID="V256125">
<     <LF:indicator>F</LF:indicator>
<     <LF:type>MODIFIER</LF:type>
<     <LF:word>DARK-PUNC-MINUS-HAIRED</LF:word>
<     <role:FIGURE rdf:resource="#V256128" />
<     <LF:start>17</LF:start>
<     <LF:end>29</LF:end>
<     <role:WNSENSE>dark-haired%5:00:00</role:WNSENSE>
<   </rdf:Description>
< </rdf:RDF>
< </terms></utt><utt><words><lisp>(W::WEARING W::A W::BLACK W::ADIDAS)</lisp><word>WEARING</word><word>A</word><word>BLACK</word><word>ADIDAS</word></words><tags><lisp>((WORD &quot;wearing&quot; :FRAME (33 40) :SENSE-INFO
<   ((:PENN-PARTS-OF-SPEECH (VBG) :TRIPS-PARTS-OF-SPEECH (W::V))) :UTTNUM 37
<   :CHANNEL DESKTOP :DIRECTION INPUT)
<  (WORD &quot;a&quot; :FRAME (41 42) :SENSE-INFO
<   ((:PENN-PARTS-OF-SPEECH (DT) :TRIPS-PARTS-OF-SPEECH (W::ART W::QUAN W::PRO)))
<   :UTTNUM 37 :CHANNEL DESKTOP :DIRECTION INPUT)
<  (WORD &quot;black&quot; :FRAME (43 48) :SENSE-INFO
<   ((:PENN-PARTS-OF-SPEECH (JJ) :TRIPS-PARTS-OF-SPEECH (W::ADJ))) :UTTNUM 37
<   :CHANNEL DESKTOP :DIRECTION INPUT)
<  (WORD &quot;adidas&quot; :FRAME (49 55) :SENSE-INFO
<   ((:PENN-PARTS-OF-SPEECH (NN NNS) :TRIPS-PARTS-OF-SPEECH (W::N))) :UTTNUM 37
<   :CHANNEL DESKTOP :DIRECTION INPUT))</lisp><word lex="wearing" start="33" end="40"><sense-info penn-parts-of-speech="VBG" trips-parts-of-speech="V" /></word><word lex="a" start="41" end="42"><sense-info penn-parts-of-speech="DT" trips-parts-of-speech="ART,QUAN,PRO" /></word><word lex="black" start="43" end="48"><sense-info penn-parts-of-speech="JJ" trips-parts-of-speech="ADJ" /></word><word lex="adidas" start="49" end="55"><sense-info penn-parts-of-speech="NN,NNS" trips-parts-of-speech="N" /></word></tags><tree><lisp>(PUNC PUNC-COMMA)</lisp><PUNC>PUNC-COMMA</PUNC></tree><terms root="#V256134"><lisp>((ONT::F ONT::V256134 (:* ONT::WEAR W::WEAR) :NEUTRAL ONT::V256186 :VFORM
<   W::ING :START 33 :END 56)
<  (ONT::A ONT::V256186 (:* ONT::REFERENTIAL-SEM W::ADIDAS) :MOD ONT::V256181
<   :START 41 :END 56)
<  (ONT::F ONT::V256181 (:* ONT::BLACK W::BLACK) :FIGURE ONT::V256186 :SCALE
<   ONT::BLACKNESS*1--07--00 :START 43 :END 49))</lisp><rdf:RDF
<   xmlns:rdf="http://www.w3.org/1999/02/22-rdf-syntax-ns#"
<   xmlns:role="http://www.cs.rochester.edu/research/trips/role#"
<   xmlns:LF="http://www.cs.rochester.edu/research/trips/LF#">
<   <rdf:Description rdf:ID="V256134">
<     <LF:indicator>F</LF:indicator>
<     <LF:type>WEAR</LF:type>
<     <LF:word>WEAR</LF:word>
<     <role:NEUTRAL rdf:resource="#V256186" />
<     <role:VFORM>ING</role:VFORM>
<     <LF:start>33</LF:start>
<     <LF:end>56</LF:end>
<   </rdf:Description>
<   <rdf:Description rdf:ID="V256186">
<     <LF:indicator>A</LF:indicator>
<     <LF:type>REFERENTIAL-SEM</LF:type>
<     <LF:word>ADIDAS</LF:word>
<     <role:MOD rdf:resource="#V256181" />
<     <LF:start>41</LF:start>
<     <LF:end>56</LF:end>
<   </rdf:Description>
<   <rdf:Description rdf:ID="V256181">
<     <LF:indicator>F</LF:indicator>
<     <LF:type>BLACK</LF:type>
<     <LF:word>BLACK</LF:word>
<     <role:FIGURE rdf:resource="#V256186" />
<     <role:SCALE>BLACKNESS*1--07--00</role:SCALE>
<     <LF:start>43</LF:start>
<     <LF:end>49</LF:end>
<   </rdf:Description>
< </rdf:RDF>
< </terms></utt><utt><words><lisp>(W::CAP W::PUNC-COMMA)</lisp><word>CAP</word><word>PUNC-COMMA</word></words><tags><lisp>((WORD &quot;cap&quot; :FRAME (56 59) :SENSE-INFO
<   ((:PENN-PARTS-OF-SPEECH (NN) :TRIPS-PARTS-OF-SPEECH (W::N))) :UTTNUM 37
<   :CHANNEL DESKTOP :DIRECTION INPUT)
<  (PREFER &quot;a black adidas cap&quot; :FRAME (41 59) :PENN-CATS (NP) :TRIPS-CATS
<   (W::NP) :SCORE 35.244 :UTTNUM 37 :CHANNEL DESKTOP :DIRECTION INPUT)
<  (WORD &quot;,&quot; :FRAME (60 61) :SENSE-INFO
<   ((:PENN-PARTS-OF-SPEECH (COMMA) :TRIPS-PARTS-OF-SPEECH (W::PUNC))) :UTTNUM 37
<   :CHANNEL DESKTOP :DIRECTION INPUT))</lisp><word lex="cap" start="56" end="59"><sense-info penn-parts-of-speech="NN" trips-parts-of-speech="N" /></word><prefer text="a black adidas cap" start="41" end="59" penn-cats="NP" score="35.244" /><word lex="," start="60" end="61"><sense-info penn-parts-of-speech="COMMA" trips-parts-of-speech="PUNC" /></word></tags><tree><lisp>(NP (N1 (ADJP (ADJ1 (ADJ DARK PUNC-MINUS HAIRED))) (N1 (N BOY))))</lisp><NP><N1><ADJP><ADJ1><ADJ>DARK PUNC-MINUS HAIRED</ADJ></ADJ1></ADJP><N1><N>BOY</N></N1></N1></NP></tree><terms root="#V256190"><lisp>((ONT::BARE ONT::V256190 (:* ONT::SUBSTANCE-DELIVERY-UNIT W::CAP) :START 56
<   :END 62))</lisp><rdf:RDF
<   xmlns:rdf="http://www.w3.org/1999/02/22-rdf-syntax-ns#"
<   xmlns:role="http://www.cs.rochester.edu/research/trips/role#"
<   xmlns:LF="http://www.cs.rochester.edu/research/trips/LF#">
<   <rdf:Description rdf:ID="V256190">
<     <LF:indicator>BARE</LF:indicator>
<     <LF:type>SUBSTANCE-DELIVERY-UNIT</LF:type>
<     <LF:word>CAP</LF:word>
<     <LF:start>56</LF:start>
<     <LF:end>62</LF:end>
<   </rdf:Description>
< </rdf:RDF>
< </terms></utt><utt><words><lisp>(W::A W::WHITE W::TEE W::PUNC-MINUS W::SHIRT W::WITH W::LONG W::SLEEVES)</lisp><word>A</word><word>WHITE</word><word>TEE</word><word>PUNC-MINUS</word><word>SHIRT</word><word>WITH</word><word>LONG</word><word>SLEEVES</word></words><tags><lisp>((WORD &quot;a&quot; :FRAME (62 63) :SENSE-INFO
<   ((:PENN-PARTS-OF-SPEECH (DT) :TRIPS-PARTS-OF-SPEECH (W::ART W::QUAN W::PRO)))
<   :UTTNUM 37 :CHANNEL DESKTOP :DIRECTION INPUT)
<  (WORD &quot;white&quot; :FRAME (64 69) :SENSE-INFO
<   ((:PENN-PARTS-OF-SPEECH (JJ) :TRIPS-PARTS-OF-SPEECH (W::ADJ))) :UTTNUM 37
<   :CHANNEL DESKTOP :DIRECTION INPUT)
<  (WORD &quot;tee&quot; :FRAME (70 72) :SENSE-INFO
<   ((:PENN-PARTS-OF-SPEECH (NN) :TRIPS-PARTS-OF-SPEECH (W::N))) :UTTNUM 37
<   :CHANNEL DESKTOP :DIRECTION INPUT)
<  (WORD &quot;-&quot; :FRAME (73 73) :SENSE-INFO
<   ((:PENN-PARTS-OF-SPEECH (COLON) :TRIPS-PARTS-OF-SPEECH (W::PUNC))) :UTTNUM 37
<   :CHANNEL DESKTOP :DIRECTION INPUT)
<  (WORD &quot;shirt&quot; :FRAME (74 79) :SENSE-INFO
<   ((:PENN-PARTS-OF-SPEECH (NN) :TRIPS-PARTS-OF-SPEECH (W::N))) :UTTNUM 37
<   :CHANNEL DESKTOP :DIRECTION INPUT)
<  (WORD &quot;tee-shirt&quot; :FRAME (70 79) :SENSE-INFO
<   ((:PENN-PARTS-OF-SPEECH (NN) :TRIPS-PARTS-OF-SPEECH (W::N))) :UTTNUM 37
<   :CHANNEL DESKTOP :DIRECTION INPUT)
<  (PREFER &quot;a white tee-shirt&quot; :FRAME (62 79) :PENN-CATS (NP) :TRIPS-CATS (W::NP)
<   :SCORE 23.989 :UTTNUM 37 :CHANNEL DESKTOP :DIRECTION INPUT)
<  (WORD &quot;with&quot; :FRAME (80 84) :SENSE-INFO
<   ((:PENN-PARTS-OF-SPEECH (IN) :TRIPS-PARTS-OF-SPEECH (W::PREP W::ADV)))
<   :UTTNUM 37 :CHANNEL DESKTOP :DIRECTION INPUT)
<  (WORD &quot;long&quot; :FRAME (85 89) :SENSE-INFO
<   ((:PENN-PARTS-OF-SPEECH (JJ) :TRIPS-PARTS-OF-SPEECH (W::ADJ))) :UTTNUM 37
<   :CHANNEL DESKTOP :DIRECTION INPUT)
<  (WORD &quot;sleeves&quot; :FRAME (90 97) :SENSE-INFO
<   ((:PENN-PARTS-OF-SPEECH (NNS) :TRIPS-PARTS-OF-SPEECH (W::N))) :UTTNUM 37
<   :CHANNEL DESKTOP :DIRECTION INPUT)
<  (WORD &quot;long sleeves&quot; :FRAME (85 97) :SENSE-INFO
<   ((:PENN-PARTS-OF-SPEECH (NNS) :TRIPS-PARTS-OF-SPEECH (W::N) :WN-SENSE-KEYS
<     (&quot;long_sleeve%1:06:00&quot;)))
<   :UTTNUM 37 :CHANNEL DESKTOP :DIRECTION INPUT)
<  (PREFER &quot;long sleeves&quot; :FRAME (85 97) :PENN-CATS (NP) :TRIPS-CATS (W::NP)
<   :SCORE 20.361 :UTTNUM 37 :CHANNEL DESKTOP :DIRECTION INPUT)
<  (PREFER &quot;with long sleeves&quot; :FRAME (80 97) :PENN-CATS (PP) :TRIPS-CATS (W::PP)
<   :SCORE 24.161 :UTTNUM 37 :CHANNEL DESKTOP :DIRECTION INPUT)
<  (PREFER &quot;a white tee-shirt with long sleeves&quot; :FRAME (62 97) :PENN-CATS (NP)
<   :TRIPS-CATS (W::NP) :SCORE 48.812 :UTTNUM 37 :CHANNEL DESKTOP :DIRECTION
<   INPUT))</lisp><word lex="a" start="62" end="63"><sense-info penn-parts-of-speech="DT" trips-parts-of-speech="ART,QUAN,PRO" /></word><word lex="white" start="64" end="69"><sense-info penn-parts-of-speech="JJ" trips-parts-of-speech="ADJ" /></word><word lex="tee" start="70" end="72"><sense-info penn-parts-of-speech="NN" trips-parts-of-speech="N" /></word><word lex="-" start="73" end="73"><sense-info penn-parts-of-speech="COLON" trips-parts-of-speech="PUNC" /></word><word lex="shirt" start="74" end="79"><sense-info penn-parts-of-speech="NN" trips-parts-of-speech="N" /></word><word lex="tee-shirt" start="70" end="79"><sense-info penn-parts-of-speech="NN" trips-parts-of-speech="N" /></word><prefer text="a white tee-shirt" start="62" end="79" penn-cats="NP" score="23.989" /><word lex="with" start="80" end="84"><sense-info penn-parts-of-speech="IN" trips-parts-of-speech="PREP,ADV" /></word><word lex="long" start="85" end="89"><sense-info penn-parts-of-speech="JJ" trips-parts-of-speech="ADJ" /></word><word lex="sleeves" start="90" end="97"><sense-info penn-parts-of-speech="NNS" trips-parts-of-speech="N" /></word><word lex="long sleeves" start="85" end="97"><sense-info penn-parts-of-speech="NNS" trips-parts-of-speech="N" wn-sense-keys="long_sleeve%1:06:00" /></word><prefer text="long sleeves" start="85" end="97" penn-cats="NP" score="20.361" /><prefer text="with long sleeves" start="80" end="97" penn-cats="PP" score="24.161" /><prefer text="a white tee-shirt with long sleeves" start="62" end="97" penn-cats="NP" score="48.812" /></tags><tree><lisp>(VP
<  (VP- (V WEARING)
<   (NP (SPEC (DET (ART A))) (N1 (ADJP (ADJ1 (ADJ BLACK))) (N1 (N ADIDAS))))))</lisp><VP><VP-><V>WEARING</V><NP><SPEC><DET><ART>A</ART></DET></SPEC><N1><ADJP><ADJ1><ADJ>BLACK</ADJ></ADJ1></ADJP><N1><N>ADIDAS</N></N1></N1></NP></VP-></VP></tree><terms root="#V256260"><lisp>((ONT::A ONT::V256260 (:* ONT::ATTIRE W::TEE-PUNC-MINUS-SHIRT) :MOD
<   ONT::V256264 :MOD ONT::V256238 :START 62 :END 98)
<  (ONT::F ONT::V256238 (:* ONT::WHITE W::WHITE) :FIGURE ONT::V256260 :SCALE
<   ONT::WHITE*1--07--00 :START 64 :END 70)
<  (ONT::F ONT::V256264 (:* ONT::ASSOC-WITH W::WITH) :GROUND ONT::V256294 :FIGURE
<   ONT::V256260 :START 80 :END 98)
<  (ONT::INDEF-SET ONT::V256294 (:* ONT::COVERING W::LONG-SLEEVES) :START 85 :END
<   98 :WNSENSE &quot;long_sleeve%1:06:00&quot;))</lisp><rdf:RDF
<   xmlns:rdf="http://www.w3.org/1999/02/22-rdf-syntax-ns#"
<   xmlns:role="http://www.cs.rochester.edu/research/trips/role#"
<   xmlns:LF="http://www.cs.rochester.edu/research/trips/LF#">
<   <rdf:Description rdf:ID="V256260">
<     <LF:indicator>A</LF:indicator>
<     <LF:type>ATTIRE</LF:type>
<     <LF:word>TEE-PUNC-MINUS-SHIRT</LF:word>
<     <role:MOD rdf:resource="#V256264" />
<     <role:MOD rdf:resource="#V256238" />
<     <LF:start>62</LF:start>
<     <LF:end>98</LF:end>
<   </rdf:Description>
<   <rdf:Description rdf:ID="V256238">
<     <LF:indicator>F</LF:indicator>
<     <LF:type>WHITE</LF:type>
<     <LF:word>WHITE</LF:word>
<     <role:FIGURE rdf:resource="#V256260" />
<     <role:SCALE>WHITE*1--07--00</role:SCALE>
<     <LF:start>64</LF:start>
<     <LF:end>70</LF:end>
<   </rdf:Description>
<   <rdf:Description rdf:ID="V256264">
<     <LF:indicator>F</LF:indicator>
<     <LF:type>ASSOC-WITH</LF:type>
<     <LF:word>WITH</LF:word>
<     <role:GROUND rdf:resource="#V256294" />
<     <role:FIGURE rdf:resource="#V256260" />
<     <LF:start>80</LF:start>
<     <LF:end>98</LF:end>
<   </rdf:Description>
<   <rdf:Description rdf:ID="V256294">
<     <LF:indicator>INDEF-SET</LF:indicator>
<     <LF:type>COVERING</LF:type>
<     <LF:word>LONG-SLEEVES</LF:word>
<     <LF:start>85</LF:start>
<     <LF:end>98</LF:end>
<     <role:WNSENSE>long_sleeve%1:06:00</role:WNSENSE>
<   </rdf:Description>
< </rdf:RDF>
< </terms></utt><utt><words><lisp>(W::AND W::A W::SLEEVELESS W::DARK W::GREY W::PULLOVER)</lisp><word>AND</word><word>A</word><word>SLEEVELESS</word><word>DARK</word><word>GREY</word><word>PULLOVER</word></words><tags><lisp>((WORD &quot;and&quot; :FRAME (98 101) :SENSE-INFO
<   ((:PENN-PARTS-OF-SPEECH (CC) :TRIPS-PARTS-OF-SPEECH (W::CONJ))) :UTTNUM 37
<   :CHANNEL DESKTOP :DIRECTION INPUT)
<  (WORD &quot;a&quot; :FRAME (102 103) :SENSE-INFO
<   ((:PENN-PARTS-OF-SPEECH (DT) :TRIPS-PARTS-OF-SPEECH (W::ART W::QUAN W::PRO)))
<   :UTTNUM 37 :CHANNEL DESKTOP :DIRECTION INPUT)
<  (WORD &quot;sleeveless&quot; :FRAME (104 114) :SENSE-INFO
<   ((:PENN-PARTS-OF-SPEECH (JJ) :TRIPS-PARTS-OF-SPEECH (W::ADJ))) :UTTNUM 37
<   :CHANNEL DESKTOP :DIRECTION INPUT)
<  (WORD &quot;dark&quot; :FRAME (115 119) :SENSE-INFO
<   ((:PENN-PARTS-OF-SPEECH (NN JJ) :TRIPS-PARTS-OF-SPEECH (W::N W::ADJ)))
<   :UTTNUM 37 :CHANNEL DESKTOP :DIRECTION INPUT)
<  (WORD &quot;grey&quot; :FRAME (120 124) :SENSE-INFO
<   ((:PENN-PARTS-OF-SPEECH (NN JJ) :TRIPS-PARTS-OF-SPEECH (W::N W::ADJ)
<     :ALTERNATE-SPELLINGS (&quot;gray&quot;)))
<   :UTTNUM 37 :CHANNEL DESKTOP :DIRECTION INPUT)
<  (WORD &quot;pullover&quot; :FRAME (125 133) :SENSE-INFO
<   ((:PENN-PARTS-OF-SPEECH (NN) :TRIPS-PARTS-OF-SPEECH (W::N))) :UTTNUM 37
<   :CHANNEL DESKTOP :DIRECTION INPUT)
<  (PREFER &quot;a sleeveless dark grey pullover&quot; :FRAME (102 133) :PENN-CATS (NP)
<   :TRIPS-CATS (W::NP) :SCORE 53.834 :UTTNUM 37 :CHANNEL DESKTOP :DIRECTION
<   INPUT)
<  (PREFER
<   &quot;a black adidas cap , a white tee-shirt with long sleeves and a sleeveless dark grey pullover&quot;
<   :FRAME (41 133) :PENN-CATS (NP) :TRIPS-CATS (W::NP) :SCORE 146.072 :UTTNUM 37
<   :CHANNEL DESKTOP :DIRECTION INPUT)
<  (PREFER
<   &quot;wearing a black adidas cap , a white tee-shirt with long sleeves and a sleeveless dark grey pullover&quot;
<   :FRAME (33 133) :PENN-CATS (VP) :TRIPS-CATS (W::VP) :SCORE 155.2 :UTTNUM 37
<   :CHANNEL DESKTOP :DIRECTION INPUT)
<  (PREFER
<   &quot;a dark-skinned , dark-haired boy wearing a black adidas cap , a white tee-shirt with long sleeves and a sleeveless dark grey pullover&quot;
<   :FRAME (0 133) :PENN-CATS (NP) :TRIPS-CATS (W::NP) :SCORE 198.72 :UTTNUM 37
<   :CHANNEL DESKTOP :DIRECTION INPUT))</lisp><word lex="and" start="98" end="101"><sense-info penn-parts-of-speech="CC" trips-parts-of-speech="CONJ" /></word><word lex="a" start="102" end="103"><sense-info penn-parts-of-speech="DT" trips-parts-of-speech="ART,QUAN,PRO" /></word><word lex="sleeveless" start="104" end="114"><sense-info penn-parts-of-speech="JJ" trips-parts-of-speech="ADJ" /></word><word lex="dark" start="115" end="119"><sense-info penn-parts-of-speech="NN,JJ" trips-parts-of-speech="N,ADJ" /></word><word lex="grey" start="120" end="124"><sense-info penn-parts-of-speech="NN,JJ" trips-parts-of-speech="N,ADJ" alternate-spellings="gray" /></word><word lex="pullover" start="125" end="133"><sense-info penn-parts-of-speech="NN" trips-parts-of-speech="N" /></word><prefer text="a sleeveless dark grey pullover" start="102" end="133" penn-cats="NP" score="53.834" /><prefer text="a black adidas cap , a white tee-shirt with long sleeves and a sleeveless dark grey pullover" start="41" end="133" penn-cats="NP" score="146.072" /><prefer text="wearing a black adidas cap , a white tee-shirt with long sleeves and a sleeveless dark grey pullover" start="33" end="133" penn-cats="VP" score="155.2" /><prefer text="a dark-skinned , dark-haired boy wearing a black adidas cap , a white tee-shirt with long sleeves and a sleeveless dark grey pullover" start="0" end="133" penn-cats="NP" score="198.72" /></tags><tree><lisp>(NP (NP (N1 (N CAP))) (PUNC PUNC-COMMA))</lisp><NP><NP><N1><N>CAP</N></N1></NP><PUNC>PUNC-COMMA</PUNC></NP></tree><terms root="#V263125"><lisp>((ONT::SPEECHACT ONT::V263125 ONT::SA_IDENTIFY :CONTENT ONT::V256369 :MOD
<   ONT::V256299 :START 98 :END 134)
<  (ONT::F ONT::V256299 (:* ONT::CONJUNCT W::AND) :FIGURE ONT::V263125 :START 98
<   :END 102)
<  (ONT::A ONT::V256369 (:* ONT::ATTIRE W::PULLOVER) :MOD ONT::V256349 :MOD
<   ONT::V256353 :MOD ONT::V256359 :START 102 :END 134)
<  (ONT::F ONT::V256349 (:* ONT::MODIFIER W::SLEEVELESS) :FIGURE ONT::V256369
<   :START 104 :END 115)
<  (ONT::F ONT::V256353 (:* ONT::DARK-IN-COLOR-VAL W::DARK) :FIGURE ONT::V256369
<   :START 115 :END 120)
<  (ONT::F ONT::V256359 (:* ONT::GRAY W::GREY) :FIGURE ONT::V256369 :SCALE
<   ONT::GREYNESS*1--07--00 :START 120 :END 125))</lisp><rdf:RDF
<   xmlns:rdf="http://www.w3.org/1999/02/22-rdf-syntax-ns#"
<   xmlns:role="http://www.cs.rochester.edu/research/trips/role#"
<   xmlns:LF="http://www.cs.rochester.edu/research/trips/LF#">
<   <rdf:Description rdf:ID="V263125">
<     <LF:indicator>SPEECHACT</LF:indicator>
<     <LF:type>SA_IDENTIFY</LF:type>
<     <role:CONTENT rdf:resource="#V256369" />
<     <role:MOD rdf:resource="#V256299" />
<     <LF:start>98</LF:start>
<     <LF:end>134</LF:end>
<   </rdf:Description>
<   <rdf:Description rdf:ID="V256299">
<     <LF:indicator>F</LF:indicator>
<     <LF:type>CONJUNCT</LF:type>
<     <LF:word>AND</LF:word>
<     <role:FIGURE rdf:resource="#V263125" />
<     <LF:start>98</LF:start>
<     <LF:end>102</LF:end>
<   </rdf:Description>
<   <rdf:Description rdf:ID="V256369">
<     <LF:indicator>A</LF:indicator>
<     <LF:type>ATTIRE</LF:type>
<     <LF:word>PULLOVER</LF:word>
<     <role:MOD rdf:resource="#V256349" />
<     <role:MOD rdf:resource="#V256353" />
<     <role:MOD rdf:resource="#V256359" />
<     <LF:start>102</LF:start>
<     <LF:end>134</LF:end>
<   </rdf:Description>
<   <rdf:Description rdf:ID="V256349">
<     <LF:indicator>F</LF:indicator>
<     <LF:type>MODIFIER</LF:type>
<     <LF:word>SLEEVELESS</LF:word>
<     <role:FIGURE rdf:resource="#V256369" />
<     <LF:start>104</LF:start>
<     <LF:end>115</LF:end>
<   </rdf:Description>
<   <rdf:Description rdf:ID="V256353">
<     <LF:indicator>F</LF:indicator>
<     <LF:type>DARK-IN-COLOR-VAL</LF:type>
<     <LF:word>DARK</LF:word>
<     <role:FIGURE rdf:resource="#V256369" />
<     <LF:start>115</LF:start>
<     <LF:end>120</LF:end>
<   </rdf:Description>
<   <rdf:Description rdf:ID="V256359">
<     <LF:indicator>F</LF:indicator>
<     <LF:type>GRAY</LF:type>
<     <LF:word>GREY</LF:word>
<     <role:FIGURE rdf:resource="#V256369" />
<     <role:SCALE>GREYNESS*1--07--00</role:SCALE>
<     <LF:start>120</LF:start>
<     <LF:end>125</LF:end>
<   </rdf:Description>
< </rdf:RDF>
< </terms></utt><utt><words><lisp>(W::IS W::SITTING W::AT W::HIS W::DESK W::IN W::A W::CLASSROOM W::PUNC-PERIOD)</lisp><word>IS</word><word>SITTING</word><word>AT</word><word>HIS</word><word>DESK</word><word>IN</word><word>A</word><word>CLASSROOM</word><word>PUNC-PERIOD</word></words><tags><lisp>((WORD &quot;is&quot; :FRAME (134 136) :SENSE-INFO
<   ((:PENN-PARTS-OF-SPEECH (VBZ) :TRIPS-PARTS-OF-SPEECH (W::V))) :UTTNUM 37
<   :CHANNEL DESKTOP :DIRECTION INPUT)
<  (WORD &quot;sitting&quot; :FRAME (137 144) :SENSE-INFO
<   ((:PENN-PARTS-OF-SPEECH (VBG) :TRIPS-PARTS-OF-SPEECH (W::V))) :UTTNUM 37
<   :CHANNEL DESKTOP :DIRECTION INPUT)
<  (WORD &quot;at&quot; :FRAME (145 147) :SENSE-INFO
<   ((:PENN-PARTS-OF-SPEECH (IN) :TRIPS-PARTS-OF-SPEECH (W::PREP W::ADV)))
<   :UTTNUM 37 :CHANNEL DESKTOP :DIRECTION INPUT)
<  (WORD &quot;his&quot; :FRAME (148 151) :SENSE-INFO
<   ((:PENN-PARTS-OF-SPEECH (PRP$) :TRIPS-PARTS-OF-SPEECH (W::PRO))) :UTTNUM 37
<   :CHANNEL DESKTOP :DIRECTION INPUT)
<  (WORD &quot;desk&quot; :FRAME (152 156) :SENSE-INFO
<   ((:PENN-PARTS-OF-SPEECH (NN) :TRIPS-PARTS-OF-SPEECH (W::N))) :UTTNUM 37
<   :CHANNEL DESKTOP :DIRECTION INPUT)
<  (PREFER &quot;his desk&quot; :FRAME (148 156) :PENN-CATS (NP) :TRIPS-CATS (W::NP) :SCORE
<   15.015 :UTTNUM 37 :CHANNEL DESKTOP :DIRECTION INPUT)
<  (WORD &quot;in&quot; :FRAME (157 159) :SENSE-INFO
<   ((:PENN-PARTS-OF-SPEECH (IN) :TRIPS-PARTS-OF-SPEECH (W::PREP W::ADV)))
<   :UTTNUM 37 :CHANNEL DESKTOP :DIRECTION INPUT)
<  (WORD &quot;a&quot; :FRAME (160 161) :SENSE-INFO
<   ((:PENN-PARTS-OF-SPEECH (DT) :TRIPS-PARTS-OF-SPEECH (W::ART W::QUAN W::PRO)))
<   :UTTNUM 37 :CHANNEL DESKTOP :DIRECTION INPUT)
<  (WORD &quot;classroom&quot; :FRAME (162 171) :SENSE-INFO
<   ((:PENN-PARTS-OF-SPEECH (NN) :TRIPS-PARTS-OF-SPEECH (W::N))) :UTTNUM 37
<   :CHANNEL DESKTOP :DIRECTION INPUT)
<  (PREFER &quot;a classroom&quot; :FRAME (160 171) :PENN-CATS (NP) :TRIPS-CATS (W::NP)
<   :SCORE 13.862 :UTTNUM 37 :CHANNEL DESKTOP :DIRECTION INPUT)
<  (PREFER &quot;in a classroom&quot; :FRAME (157 171) :PENN-CATS (PP) :TRIPS-CATS (W::PP)
<   :SCORE 16.114 :UTTNUM 37 :CHANNEL DESKTOP :DIRECTION INPUT)
<  (PREFER &quot;his desk in a classroom&quot; :FRAME (148 171) :PENN-CATS (NP) :TRIPS-CATS
<   (W::NP) :SCORE 31.669 :UTTNUM 37 :CHANNEL DESKTOP :DIRECTION INPUT)
<  (PREFER &quot;at his desk in a classroom&quot; :FRAME (145 171) :PENN-CATS (PP)
<   :TRIPS-CATS (W::PP) :SCORE 35.98 :UTTNUM 37 :CHANNEL DESKTOP :DIRECTION
<   INPUT)
<  (PREFER &quot;sitting at his desk in a classroom&quot; :FRAME (137 171) :PENN-CATS (VP)
<   :TRIPS-CATS (W::VP) :SCORE 44.677 :UTTNUM 37 :CHANNEL DESKTOP :DIRECTION
<   INPUT)
<  (PREFER &quot;is sitting at his desk in a classroom&quot; :FRAME (134 171) :PENN-CATS
<   (VP) :TRIPS-CATS (W::VP) :SCORE 48.937 :UTTNUM 37 :CHANNEL DESKTOP :DIRECTION
<   INPUT)
<  (WORD &quot;.&quot; :FRAME (172 172) :SENSE-INFO
<   ((:PENN-PARTS-OF-SPEECH (FULL_STOP) :TRIPS-PARTS-OF-SPEECH (W::PUNC)))
<   :UTTNUM 37 :CHANNEL DESKTOP :DIRECTION INPUT)
<  (PREFER
<   &quot;a dark-skinned , dark-haired boy wearing a black adidas cap , a white tee-shirt with long sleeves and a sleeveless dark grey pullover is sitting at his desk in a classroom .&quot;
<   :FRAME (0 172) :PENN-CATS (S) :SCORE 251.57 :UTTNUM 37 :CHANNEL DESKTOP
<   :DIRECTION INPUT))</lisp><word lex="is" start="134" end="136"><sense-info penn-parts-of-speech="VBZ" trips-parts-of-speech="V" /></word><word lex="sitting" start="137" end="144"><sense-info penn-parts-of-speech="VBG" trips-parts-of-speech="V" /></word><word lex="at" start="145" end="147"><sense-info penn-parts-of-speech="IN" trips-parts-of-speech="PREP,ADV" /></word><word lex="his" start="148" end="151"><sense-info penn-parts-of-speech="PRP$" trips-parts-of-speech="PRO" /></word><word lex="desk" start="152" end="156"><sense-info penn-parts-of-speech="NN" trips-parts-of-speech="N" /></word><prefer text="his desk" start="148" end="156" penn-cats="NP" score="15.015" /><word lex="in" start="157" end="159"><sense-info penn-parts-of-speech="IN" trips-parts-of-speech="PREP,ADV" /></word><word lex="a" start="160" end="161"><sense-info penn-parts-of-speech="DT" trips-parts-of-speech="ART,QUAN,PRO" /></word><word lex="classroom" start="162" end="171"><sense-info penn-parts-of-speech="NN" trips-parts-of-speech="N" /></word><prefer text="a classroom" start="160" end="171" penn-cats="NP" score="13.862" /><prefer text="in a classroom" start="157" end="171" penn-cats="PP" score="16.114" /><prefer text="his desk in a classroom" start="148" end="171" penn-cats="NP" score="31.669" /><prefer text="at his desk in a classroom" start="145" end="171" penn-cats="PP" score="35.98" /><prefer text="sitting at his desk in a classroom" start="137" end="171" penn-cats="VP" score="44.677" /><prefer text="is sitting at his desk in a classroom" start="134" end="171" penn-cats="VP" score="48.937" /><word lex="." start="172" end="172"><sense-info penn-parts-of-speech="FULL_STOP" trips-parts-of-speech="PUNC" /></word><prefer text="a dark-skinned , dark-haired boy wearing a black adidas cap , a white tee-shirt with long sleeves and a sleeveless dark grey pullover is sitting at his desk in a classroom ." start="0" end="172" penn-cats="S" score="251.57" /></tags><tree><lisp>(NP (SPEC (DET (ART A)))
<  (N1 (N1 (ADJP (ADJ1 (ADJ WHITE))) (N1 (N TEE PUNC-MINUS SHIRT)))
<   (ADVBL (ADV WITH) (NP (N1 (N LONG SLEEVES))))))</lisp><NP><SPEC><DET><ART>A</ART></DET></SPEC><N1><N1><ADJP><ADJ1><ADJ>WHITE</ADJ></ADJ1></ADJP><N1><N>TEE PUNC-MINUS SHIRT</N></N1></N1><ADVBL><ADV>WITH</ADV><NP><N1><N>LONG SLEEVES</N></N1></NP></ADVBL></N1></NP></tree><terms root="#V259477"><lisp>((ONT::SPEECHACT ONT::V259477 ONT::SA_YN-QUESTION :PUNCTYPE W::DECL :CONTENT
<   ONT::V256377 :START 134 :END 172)
<  (ONT::F ONT::V256377 (:* ONT::HAVE-PROPERTY W::BE) :NEUTRAL ONT::V256392
<   :FORMAL ONT::V256439 :LOCATION ONT::V256414 :START 134 :END 172)
<  (ONT::BARE ONT::V256392 (:* ONT::BODY-MOVEMENT W::SIT-UP) :START 137 :END 145)
<  (ONT::F ONT::V256414 (:* ONT::AT-LOC W::AT) :GROUND ONT::V256432 :FIGURE
<   ONT::V256377 :START 145 :END 157)
<  (ONT::THE ONT::V256432 (:* ONT::FURNISHINGS W::DESK) :ASSOC-POSS ONT::V256427
<   :START 148 :END 157 :COREF ONT::V256369)
<  (ONT::PRO ONT::V256427 (:* ONT::MALE-PERSON W::HIS) :PROFORM W::HIS :START 148
<   :END 157)
<  (ONT::F ONT::V256439 (:* ONT::IN-LOC W::IN) :GROUND ONT::V256529 :FIGURE
<   ONT::V256392 :START 157 :END 172)
<  (ONT::A ONT::V256529 (:* ONT::INTERNAL-ENCLOSURE W::CLASSROOM) :START 160 :END
<   172))</lisp><rdf:RDF
<   xmlns:rdf="http://www.w3.org/1999/02/22-rdf-syntax-ns#"
<   xmlns:role="http://www.cs.rochester.edu/research/trips/role#"
<   xmlns:LF="http://www.cs.rochester.edu/research/trips/LF#">
<   <rdf:Description rdf:ID="V259477">
<     <LF:indicator>SPEECHACT</LF:indicator>
<     <LF:type>SA_YN-QUESTION</LF:type>
<     <role:PUNCTYPE>DECL</role:PUNCTYPE>
<     <role:CONTENT rdf:resource="#V256377" />
<     <LF:start>134</LF:start>
<     <LF:end>172</LF:end>
<   </rdf:Description>
<   <rdf:Description rdf:ID="V256377">
<     <LF:indicator>F</LF:indicator>
<     <LF:type>HAVE-PROPERTY</LF:type>
<     <LF:word>BE</LF:word>
<     <role:NEUTRAL rdf:resource="#V256392" />
<     <role:FORMAL rdf:resource="#V256439" />
<     <role:LOCATION rdf:resource="#V256414" />
<     <LF:start>134</LF:start>
<     <LF:end>172</LF:end>
<   </rdf:Description>
<   <rdf:Description rdf:ID="V256392">
<     <LF:indicator>BARE</LF:indicator>
<     <LF:type>BODY-MOVEMENT</LF:type>
<     <LF:word>SIT-UP</LF:word>
<     <LF:start>137</LF:start>
<     <LF:end>145</LF:end>
<   </rdf:Description>
<   <rdf:Description rdf:ID="V256414">
<     <LF:indicator>F</LF:indicator>
<     <LF:type>AT-LOC</LF:type>
<     <LF:word>AT</LF:word>
<     <role:GROUND rdf:resource="#V256432" />
<     <role:FIGURE rdf:resource="#V256377" />
<     <LF:start>145</LF:start>
<     <LF:end>157</LF:end>
<   </rdf:Description>
<   <rdf:Description rdf:ID="V256432">
<     <LF:indicator>THE</LF:indicator>
<     <LF:type>FURNISHINGS</LF:type>
<     <LF:word>DESK</LF:word>
<     <role:ASSOC-POSS rdf:resource="#V256427" />
<     <LF:start>148</LF:start>
<     <LF:end>157</LF:end>
<     <role:COREF rdf:resource="#V256369" />
<   </rdf:Description>
<   <rdf:Description rdf:ID="V256427">
<     <LF:indicator>PRO</LF:indicator>
<     <LF:type>MALE-PERSON</LF:type>
<     <LF:word>HIS</LF:word>
<     <role:PROFORM>HIS</role:PROFORM>
<     <LF:start>148</LF:start>
<     <LF:end>157</LF:end>
<   </rdf:Description>
<   <rdf:Description rdf:ID="V256439">
<     <LF:indicator>F</LF:indicator>
<     <LF:type>IN-LOC</LF:type>
<     <LF:word>IN</LF:word>
<     <role:GROUND rdf:resource="#V256529" />
<     <role:FIGURE rdf:resource="#V256392" />
<     <LF:start>157</LF:start>
<     <LF:end>172</LF:end>
<   </rdf:Description>
<   <rdf:Description rdf:ID="V256529">
<     <LF:indicator>A</LF:indicator>
<     <LF:type>INTERNAL-ENCLOSURE</LF:type>
<     <LF:word>CLASSROOM</LF:word>
<     <LF:start>160</LF:start>
<     <LF:end>172</LF:end>
<   </rdf:Description>
< </rdf:RDF>
< </terms></utt></compound-communication-act>
< </trips-parser-output>
\ No newline at end of file
---
> <SpRL>
>  <SCENE>
>   <SENTENCE id="s1" indicator="F" type="MODIFIER" text="DARK-PUNC-MINUS-SKINNED" start="2" end="15" WNSENSE="dark-skinned%5:00:00">
>    <TEXT>dark-skinned ,</TEXT>
>   </SENTENCE>
>   <SENTENCE id="s2" indicator="BARE" type="MALE-CHILD" text="BOY" start="17" end="33">
>    <TEXT>dark-haired boy w</TEXT>
>    <RELATION id="1" head="V256128" res="V256125" label="MOD"/>
>    <PHRASE id="V256125" indicator="F" type="MODIFIER" text="DARK-PUNC-MINUS-HAIRED" start="17" end="29" WNSENSE="dark-haired%5:00:00"/>
>    <RELATION id="2" head="V256125" res="V256128" label="FIGURE"/>
>   </SENTENCE>
>   <SENTENCE id="s3" indicator="F" type="WEAR" text="WEAR" VFORM="ING" start="33" end="56">
>    <TEXT>wearing a black adidas c</TEXT>
>    <RELATION id="3" head="V256134" res="V256186" label="NEUTRAL"/>
>    <PHRASE id="V256186" indicator="A" type="REFERENTIAL-SEM" text="ADIDAS" start="41" end="56"/>
>    <RELATION id="4" head="V256186" res="V256181" label="MOD"/>
>    <PHRASE id="V256181" indicator="F" type="BLACK" text="BLACK" SCALE="BLACKNESS*1--07--00" start="43" end="49"/>
>    <RELATION id="5" head="V256181" res="V256186" label="FIGURE"/>
>   </SENTENCE>
>   <SENTENCE id="s4" indicator="BARE" type="SUBSTANCE-DELIVERY-UNIT" text="CAP" start="56" end="62">
>    <TEXT>cap , a</TEXT>
>   </SENTENCE>
>   <SENTENCE id="s5" indicator="A" type="ATTIRE" text="TEE-PUNC-MINUS-SHIRT" start="62" end="98">
>    <TEXT>a white tee-shirt with long sleeves a</TEXT>
>    <RELATION id="6" head="V256260" res="V256264" label="MOD"/>
>    <RELATION id="7" head="V256260" res="V256238" label="MOD"/>
>    <PHRASE id="V256238" indicator="F" type="WHITE" text="WHITE" SCALE="WHITE*1--07--00" start="64" end="70"/>
>    <RELATION id="8" head="V256238" res="V256260" label="FIGURE"/>
>    <PHRASE id="V256264" indicator="F" type="ASSOC-WITH" text="WITH" start="80" end="98"/>
>    <RELATION id="9" head="V256264" res="V256294" label="GROUND"/>
>    <RELATION id="10" head="V256264" res="V256260" label="FIGURE"/>
>    <PHRASE id="V256294" indicator="INDEF-SET" type="COVERING" text="LONG-SLEEVES" start="85" end="98" WNSENSE="long_sleeve%1:06:00"/>
>   </SENTENCE>
>   <SENTENCE id="s6" indicator="SPEECHACT" type="SA_IDENTIFY" start="98" end="134">
>    <TEXT>and a sleeveless dark grey pullover i</TEXT>
>    <RELATION id="11" head="V263125" res="V256369" label="CONTENT"/>
>    <RELATION id="12" head="V263125" res="V256299" label="MOD"/>
>    <PHRASE id="V256299" indicator="F" type="CONJUNCT" text="AND" start="98" end="102"/>
>    <RELATION id="13" head="V256299" res="V263125" label="FIGURE"/>
>    <PHRASE id="V256369" indicator="A" type="ATTIRE" text="PULLOVER" start="102" end="134"/>
>    <RELATION id="14" head="V256369" res="V256349" label="MOD"/>
>    <RELATION id="15" head="V256369" res="V256353" label="MOD"/>
>    <RELATION id="16" head="V256369" res="V256359" label="MOD"/>
>    <PHRASE id="V256349" indicator="F" type="MODIFIER" text="SLEEVELESS" start="104" end="115"/>
>    <RELATION id="17" head="V256349" res="V256369" label="FIGURE"/>
>    <PHRASE id="V256353" indicator="F" type="DARK-IN-COLOR-VAL" text="DARK" start="115" end="120"/>
>    <RELATION id="18" head="V256353" res="V256369" label="FIGURE"/>
>    <PHRASE id="V256359" indicator="F" type="GRAY" text="GREY" SCALE="GREYNESS*1--07--00" start="120" end="125"/>
>    <RELATION id="19" head="V256359" res="V256369" label="FIGURE"/>
>   </SENTENCE>
>   <SENTENCE id="s7" indicator="SPEECHACT" type="SA_YN-QUESTION" PUNCTYPE="DECL" start="134" end="172">
>    <TEXT>is sitting at his desk in a classroom .</TEXT>
>    <RELATION id="20" head="V259477" res="V256377" label="CONTENT"/>
>    <PHRASE id="V256377" indicator="F" type="HAVE-PROPERTY" text="BE" start="134" end="172"/>
>    <RELATION id="21" head="V256377" res="V256392" label="NEUTRAL"/>
>    <RELATION id="22" head="V256377" res="V256439" label="FORMAL"/>
>    <RELATION id="23" head="V256377" res="V256414" label="LOCATION"/>
>    <PHRASE id="V256392" indicator="BARE" type="BODY-MOVEMENT" text="SIT-UP" start="137" end="145"/>
>    <PHRASE id="V256414" indicator="F" type="AT-LOC" text="AT" start="145" end="157"/>
>    <RELATION id="24" head="V256414" res="V256432" label="GROUND"/>
>    <RELATION id="25" head="V256414" res="V256377" label="FIGURE"/>
>    <PHRASE id="V256432" indicator="THE" type="FURNISHINGS" text="DESK" start="148" end="157"/>
>    <RELATION id="26" head="V256432" res="V256427" label="ASSOC-POSS"/>
>    <RELATION id="27" head="V256432" res="V256369" label="COREF"/>
>    <PHRASE id="V256427" indicator="PRO" type="MALE-PERSON" text="HIS" PROFORM="HIS" start="148" end="157"/>
>    <PHRASE id="V256439" indicator="F" type="IN-LOC" text="IN" start="157" end="172"/>
>    <RELATION id="28" head="V256439" res="V256529" label="GROUND"/>
>    <RELATION id="29" head="V256439" res="V256392" label="FIGURE"/>
>    <PHRASE id="V256529" indicator="A" type="INTERNAL-ENCLOSURE" text="CLASSROOM" start="160" end="172"/>
>   </SENTENCE>
>  </SCENE>
> </SpRL>
