2,478c2,66
< <?xml-stylesheet type="text/xsl" href="../style/parser-interface.xsl"?>
< <!DOCTYPE trips-parser-output SYSTEM "../trips-parser-output.dtd">
< <trips-parser-output parser-build-date="2017-09-20T12:11:02-0500" system="STEP" extsformat="svg" tagsformat="hidden" treecontents="phrase" treeformat="LinGO" lfformat="svg" semantic-skeleton-scoring="T" rule-sets="" input="a dark-skinned , dark-haired girl wearing a purple pullover and black pants standing in her classroom in front of all the desks where the other pupils are sitting ( in the background ) .
< ">
< <debug>
< *last-utt-id*=NIL  utt-id+40
< *last-utt-id*=40  utt-id+40
< *last-utt-id*=40  utt-id+40
< *last-utt-id*=40  utt-id+40
< *last-utt-id*=40  utt-id+NIL</debug><compound-communication-act>
< <utt><words><lisp>(W::A)</lisp><word>A</word></words><tags><lisp>((WORD &quot;a&quot; :FRAME (0 1) :SENSE-INFO
<   ((:PENN-PARTS-OF-SPEECH (DT) :TRIPS-PARTS-OF-SPEECH (W::ART W::QUAN W::PRO)))
<   :UTTNUM 40 :CHANNEL DESKTOP :DIRECTION INPUT))</lisp><word lex="a" start="0" end="1"><sense-info penn-parts-of-speech="DT" trips-parts-of-speech="ART,QUAN,PRO" /></word></tags><tree><lisp>(NP (NAME (VALUE A)))</lisp><NP><NAME><VALUE>A</VALUE></NAME></NP></tree><terms root="#V280272"><lisp>((ONT::THE ONT::V280272 ONT::LETTER-SYMBOL :NAME-OF (W::A) :START 0 :END 2))</lisp><rdf:RDF
<   xmlns:rdf="http://www.w3.org/1999/02/22-rdf-syntax-ns#"
<   xmlns:role="http://www.cs.rochester.edu/research/trips/role#"
<   xmlns:LF="http://www.cs.rochester.edu/research/trips/LF#">
<   <rdf:Description rdf:ID="V280272">
<     <LF:indicator>THE</LF:indicator>
<     <LF:type>LETTER-SYMBOL</LF:type>
<     <role:NAME-OF>(A)</role:NAME-OF>
<     <LF:start>0</LF:start>
<     <LF:end>2</LF:end>
<   </rdf:Description>
< </rdf:RDF>
< </terms></utt><utt><words><lisp>(W::DARK W::PUNC-MINUS W::SKINNED)</lisp><word>DARK</word><word>PUNC-MINUS</word><word>SKINNED</word></words><tags><lisp>((WORD &quot;dark&quot; :FRAME (2 5) :SENSE-INFO
<   ((:PENN-PARTS-OF-SPEECH (NN) :TRIPS-PARTS-OF-SPEECH (W::N))) :UTTNUM 40
<   :CHANNEL DESKTOP :DIRECTION INPUT)
<  (WORD &quot;-&quot; :FRAME (6 6) :SENSE-INFO
<   ((:PENN-PARTS-OF-SPEECH (COLON) :TRIPS-PARTS-OF-SPEECH (W::PUNC))) :UTTNUM 40
<   :CHANNEL DESKTOP :DIRECTION INPUT)
<  (WORD &quot;skinned&quot; :FRAME (7 14) :SENSE-INFO
<   ((:PENN-PARTS-OF-SPEECH (VBD) :TRIPS-PARTS-OF-SPEECH (W::V))) :UTTNUM 40
<   :CHANNEL DESKTOP :DIRECTION INPUT)
<  (WORD &quot;dark-skinned&quot; :FRAME (2 14) :SENSE-INFO
<   ((:PENN-PARTS-OF-SPEECH (JJ) :TRIPS-PARTS-OF-SPEECH (W::ADJ) :WN-SENSE-KEYS
<     (&quot;dark-skinned%5:00:00&quot;)))
<   :UTTNUM 40 :CHANNEL DESKTOP :DIRECTION INPUT)
<  (WORD &quot;,&quot; :FRAME (15 16) :SENSE-INFO
<   ((:PENN-PARTS-OF-SPEECH (COMMA) :TRIPS-PARTS-OF-SPEECH (W::PUNC))) :UTTNUM 40
<   :CHANNEL DESKTOP :DIRECTION INPUT))</lisp><word lex="dark" start="2" end="5"><sense-info penn-parts-of-speech="NN" trips-parts-of-speech="N" /></word><word lex="-" start="6" end="6"><sense-info penn-parts-of-speech="COLON" trips-parts-of-speech="PUNC" /></word><word lex="skinned" start="7" end="14"><sense-info penn-parts-of-speech="VBD" trips-parts-of-speech="V" /></word><word lex="dark-skinned" start="2" end="14"><sense-info penn-parts-of-speech="JJ" trips-parts-of-speech="ADJ" wn-sense-keys="dark-skinned%5:00:00" /></word><word lex="," start="15" end="16"><sense-info penn-parts-of-speech="COMMA" trips-parts-of-speech="PUNC" /></word></tags><tree><lisp>(ADJP (ADJ1 (ADJ DARK PUNC-MINUS SKINNED)))</lisp><ADJP><ADJ1><ADJ>DARK PUNC-MINUS SKINNED</ADJ></ADJ1></ADJP></tree><terms root="#V280321"><lisp>((ONT::F ONT::V280321 (:* ONT::MODIFIER W::DARK-PUNC-MINUS-SKINNED) :START 2
<   :END 15 :WNSENSE &quot;dark-skinned%5:00:00&quot;))</lisp><rdf:RDF
<   xmlns:rdf="http://www.w3.org/1999/02/22-rdf-syntax-ns#"
<   xmlns:role="http://www.cs.rochester.edu/research/trips/role#"
<   xmlns:LF="http://www.cs.rochester.edu/research/trips/LF#">
<   <rdf:Description rdf:ID="V280321">
<     <LF:indicator>F</LF:indicator>
<     <LF:type>MODIFIER</LF:type>
<     <LF:word>DARK-PUNC-MINUS-SKINNED</LF:word>
<     <LF:start>2</LF:start>
<     <LF:end>15</LF:end>
<     <role:WNSENSE>dark-skinned%5:00:00</role:WNSENSE>
<   </rdf:Description>
< </rdf:RDF>
< </terms></utt><utt><words><lisp>(W::DARK W::PUNC-MINUS W::HAIRED W::GIRL W::WEARING W::A W::PURPLE W::PULLOVER
<  W::AND W::BLACK W::PANTS)</lisp><word>DARK</word><word>PUNC-MINUS</word><word>HAIRED</word><word>GIRL</word><word>WEARING</word><word>A</word><word>PURPLE</word><word>PULLOVER</word><word>AND</word><word>BLACK</word><word>PANTS</word></words><tags><lisp>((WORD &quot;dark&quot; :FRAME (17 20) :SENSE-INFO
<   ((:PENN-PARTS-OF-SPEECH (JJ) :TRIPS-PARTS-OF-SPEECH (W::ADJ))) :UTTNUM 40
<   :CHANNEL DESKTOP :DIRECTION INPUT)
<  (WORD &quot;-&quot; :FRAME (21 21) :SENSE-INFO
<   ((:PENN-PARTS-OF-SPEECH (COLON) :TRIPS-PARTS-OF-SPEECH (W::PUNC))) :UTTNUM 40
<   :CHANNEL DESKTOP :DIRECTION INPUT)
<  (WORD &quot;haired&quot; :FRAME (22 28) :SENSE-INFO
<   ((:PENN-PARTS-OF-SPEECH (VBN) :TRIPS-PARTS-OF-SPEECH (W::V))) :UTTNUM 40
<   :CHANNEL DESKTOP :DIRECTION INPUT)
<  (WORD &quot;dark-haired&quot; :FRAME (17 28) :SENSE-INFO
<   ((:PENN-PARTS-OF-SPEECH (JJ) :TRIPS-PARTS-OF-SPEECH (W::ADJ) :WN-SENSE-KEYS
<     (&quot;dark-haired%5:00:00&quot;)))
<   :UTTNUM 40 :CHANNEL DESKTOP :DIRECTION INPUT)
<  (WORD &quot;girl&quot; :FRAME (29 33) :SENSE-INFO
<   ((:PENN-PARTS-OF-SPEECH (NN) :TRIPS-PARTS-OF-SPEECH (W::N))) :UTTNUM 40
<   :CHANNEL DESKTOP :DIRECTION INPUT)
<  (PREFER &quot;a dark-skinned , dark-haired girl&quot; :FRAME (0 33) :PENN-CATS (NP)
<   :TRIPS-CATS (W::NP) :SCORE 41.32 :UTTNUM 40 :CHANNEL DESKTOP :DIRECTION
<   INPUT)
<  (WORD &quot;wearing&quot; :FRAME (34 41) :SENSE-INFO
<   ((:PENN-PARTS-OF-SPEECH (VBG) :TRIPS-PARTS-OF-SPEECH (W::V))) :UTTNUM 40
<   :CHANNEL DESKTOP :DIRECTION INPUT)
<  (WORD &quot;a&quot; :FRAME (42 43) :SENSE-INFO
<   ((:PENN-PARTS-OF-SPEECH (DT) :TRIPS-PARTS-OF-SPEECH (W::ART W::QUAN W::PRO)))
<   :UTTNUM 40 :CHANNEL DESKTOP :DIRECTION INPUT)
<  (WORD &quot;purple&quot; :FRAME (44 50) :SENSE-INFO
<   ((:PENN-PARTS-OF-SPEECH (JJ) :TRIPS-PARTS-OF-SPEECH (W::ADJ))) :UTTNUM 40
<   :CHANNEL DESKTOP :DIRECTION INPUT)
<  (WORD &quot;pullover&quot; :FRAME (51 59) :SENSE-INFO
<   ((:PENN-PARTS-OF-SPEECH (NN) :TRIPS-PARTS-OF-SPEECH (W::N))) :UTTNUM 40
<   :CHANNEL DESKTOP :DIRECTION INPUT)
<  (WORD &quot;and&quot; :FRAME (60 63) :SENSE-INFO
<   ((:PENN-PARTS-OF-SPEECH (CC) :TRIPS-PARTS-OF-SPEECH (W::CONJ))) :UTTNUM 40
<   :CHANNEL DESKTOP :DIRECTION INPUT)
<  (WORD &quot;black&quot; :FRAME (64 69) :SENSE-INFO
<   ((:PENN-PARTS-OF-SPEECH (JJ) :TRIPS-PARTS-OF-SPEECH (W::ADJ))) :UTTNUM 40
<   :CHANNEL DESKTOP :DIRECTION INPUT)
<  (WORD &quot;pants&quot; :FRAME (70 75) :SENSE-INFO
<   ((:PENN-PARTS-OF-SPEECH (NNS) :TRIPS-PARTS-OF-SPEECH (W::N))) :UTTNUM 40
<   :CHANNEL DESKTOP :DIRECTION INPUT))</lisp><word lex="dark" start="17" end="20"><sense-info penn-parts-of-speech="JJ" trips-parts-of-speech="ADJ" /></word><word lex="-" start="21" end="21"><sense-info penn-parts-of-speech="COLON" trips-parts-of-speech="PUNC" /></word><word lex="haired" start="22" end="28"><sense-info penn-parts-of-speech="VBN" trips-parts-of-speech="V" /></word><word lex="dark-haired" start="17" end="28"><sense-info penn-parts-of-speech="JJ" trips-parts-of-speech="ADJ" wn-sense-keys="dark-haired%5:00:00" /></word><word lex="girl" start="29" end="33"><sense-info penn-parts-of-speech="NN" trips-parts-of-speech="N" /></word><prefer text="a dark-skinned , dark-haired girl" start="0" end="33" penn-cats="NP" score="41.32" /><word lex="wearing" start="34" end="41"><sense-info penn-parts-of-speech="VBG" trips-parts-of-speech="V" /></word><word lex="a" start="42" end="43"><sense-info penn-parts-of-speech="DT" trips-parts-of-speech="ART,QUAN,PRO" /></word><word lex="purple" start="44" end="50"><sense-info penn-parts-of-speech="JJ" trips-parts-of-speech="ADJ" /></word><word lex="pullover" start="51" end="59"><sense-info penn-parts-of-speech="NN" trips-parts-of-speech="N" /></word><word lex="and" start="60" end="63"><sense-info penn-parts-of-speech="CC" trips-parts-of-speech="CONJ" /></word><word lex="black" start="64" end="69"><sense-info penn-parts-of-speech="JJ" trips-parts-of-speech="ADJ" /></word><word lex="pants" start="70" end="75"><sense-info penn-parts-of-speech="NNS" trips-parts-of-speech="N" /></word></tags><tree><lisp>(PUNC PUNC-COMMA)</lisp><PUNC>PUNC-COMMA</PUNC></tree><terms root="#V280348"><lisp>((ONT::BARE ONT::V280348 (:* ONT::FEMALE-CHILD W::GIRL) :MOD ONT::V280354 :MOD
<   ONT::V280345 :START 17 :END 76)
<  (ONT::F ONT::V280345 (:* ONT::MODIFIER W::DARK-PUNC-MINUS-HAIRED) :FIGURE
<   ONT::V280348 :START 17 :END 29 :WNSENSE &quot;dark-haired%5:00:00&quot;)
<  (ONT::F ONT::V280354 (:* ONT::WEAR W::WEAR) :AGENT ONT::V280348 :NEUTRAL
<   ONT::V280409 :VFORM W::ING :START 34 :END 76)
<  (ONT::INDEF-SET ONT::V280409 ONT::ATTIRE :OPERATOR ONT::AND :SEQUENCE
<   (ONT::V280405 ONT::V280421) :START 42 :END 76)
<  (ONT::A ONT::V280405 (:* ONT::ATTIRE W::PULLOVER) :MOD ONT::V280401 :START 42
<   :END 60)
<  (ONT::F ONT::V280401 (:* ONT::PURPLE W::PURPLE) :FIGURE ONT::V280405 :SCALE
<   ONT::PURPLE*1--07--00 :START 44 :END 51)
<  (ONT::BARE ONT::V280421 (:* ONT::ATTIRE W::PANTS) :MOD ONT::V280418 :START 64
<   :END 76)
<  (ONT::F ONT::V280418 (:* ONT::BLACK W::BLACK) :FIGURE ONT::V280421 :SCALE
<   ONT::BLACKNESS*1--07--00 :START 64 :END 70))</lisp><rdf:RDF
<   xmlns:rdf="http://www.w3.org/1999/02/22-rdf-syntax-ns#"
<   xmlns:role="http://www.cs.rochester.edu/research/trips/role#"
<   xmlns:LF="http://www.cs.rochester.edu/research/trips/LF#">
<   <rdf:Description rdf:ID="V280348">
<     <LF:indicator>BARE</LF:indicator>
<     <LF:type>FEMALE-CHILD</LF:type>
<     <LF:word>GIRL</LF:word>
<     <role:MOD rdf:resource="#V280354" />
<     <role:MOD rdf:resource="#V280345" />
<     <LF:start>17</LF:start>
<     <LF:end>76</LF:end>
<   </rdf:Description>
<   <rdf:Description rdf:ID="V280345">
<     <LF:indicator>F</LF:indicator>
<     <LF:type>MODIFIER</LF:type>
<     <LF:word>DARK-PUNC-MINUS-HAIRED</LF:word>
<     <role:FIGURE rdf:resource="#V280348" />
<     <LF:start>17</LF:start>
<     <LF:end>29</LF:end>
<     <role:WNSENSE>dark-haired%5:00:00</role:WNSENSE>
<   </rdf:Description>
<   <rdf:Description rdf:ID="V280354">
<     <LF:indicator>F</LF:indicator>
<     <LF:type>WEAR</LF:type>
<     <LF:word>WEAR</LF:word>
<     <role:AGENT rdf:resource="#V280348" />
<     <role:NEUTRAL rdf:resource="#V280409" />
<     <role:VFORM>ING</role:VFORM>
<     <LF:start>34</LF:start>
<     <LF:end>76</LF:end>
<   </rdf:Description>
<   <rdf:Description rdf:ID="V280409">
<     <LF:indicator>INDEF-SET</LF:indicator>
<     <LF:type>ATTIRE</LF:type>
<     <role:OPERATOR>AND</role:OPERATOR>
<     <role:SEQUENCE rdf:resource="#V280405" />
<     <role:SEQUENCE1 rdf:resource="#V280421" />
<     <LF:start>42</LF:start>
<     <LF:end>76</LF:end>
<   </rdf:Description>
<   <rdf:Description rdf:ID="V280405">
<     <LF:indicator>A</LF:indicator>
<     <LF:type>ATTIRE</LF:type>
<     <LF:word>PULLOVER</LF:word>
<     <role:MOD rdf:resource="#V280401" />
<     <LF:start>42</LF:start>
<     <LF:end>60</LF:end>
<   </rdf:Description>
<   <rdf:Description rdf:ID="V280401">
<     <LF:indicator>F</LF:indicator>
<     <LF:type>PURPLE</LF:type>
<     <LF:word>PURPLE</LF:word>
<     <role:FIGURE rdf:resource="#V280405" />
<     <role:SCALE>PURPLE*1--07--00</role:SCALE>
<     <LF:start>44</LF:start>
<     <LF:end>51</LF:end>
<   </rdf:Description>
<   <rdf:Description rdf:ID="V280421">
<     <LF:indicator>BARE</LF:indicator>
<     <LF:type>ATTIRE</LF:type>
<     <LF:word>PANTS</LF:word>
<     <role:MOD rdf:resource="#V280418" />
<     <LF:start>64</LF:start>
<     <LF:end>76</LF:end>
<   </rdf:Description>
<   <rdf:Description rdf:ID="V280418">
<     <LF:indicator>F</LF:indicator>
<     <LF:type>BLACK</LF:type>
<     <LF:word>BLACK</LF:word>
<     <role:FIGURE rdf:resource="#V280421" />
<     <role:SCALE>BLACKNESS*1--07--00</role:SCALE>
<     <LF:start>64</LF:start>
<     <LF:end>70</LF:end>
<   </rdf:Description>
< </rdf:RDF>
< </terms></utt><utt><words><lisp>(W::STANDING W::IN W::HER W::CLASSROOM W::IN W::FRONT W::OF W::ALL W::THE
<  W::DESKS W::WHERE W::THE W::OTHER W::PUPILS W::ARE W::SITTING W::START-PAREN
<  W::IN W::THE W::BACKGROUND W::END-PAREN)</lisp><word>STANDING</word><word>IN</word><word>HER</word><word>CLASSROOM</word><word>IN</word><word>FRONT</word><word>OF</word><word>ALL</word><word>THE</word><word>DESKS</word><word>WHERE</word><word>THE</word><word>OTHER</word><word>PUPILS</word><word>ARE</word><word>SITTING</word><word>START-PAREN</word><word>IN</word><word>THE</word><word>BACKGROUND</word><word>END-PAREN</word></words><tags><lisp>((WORD &quot;standing&quot; :FRAME (76 84) :SENSE-INFO
<   ((:PENN-PARTS-OF-SPEECH (VBG NN) :TRIPS-PARTS-OF-SPEECH (W::V W::N))) :UTTNUM
<   40 :CHANNEL DESKTOP :DIRECTION INPUT)
<  (PREFER &quot;a purple pullover and black pants standing&quot; :FRAME (42 84) :PENN-CATS
<   (NP) :TRIPS-CATS (W::NP) :SCORE 61.013 :UTTNUM 40 :CHANNEL DESKTOP :DIRECTION
<   INPUT)
<  (WORD &quot;in&quot; :FRAME (85 87) :SENSE-INFO
<   ((:PENN-PARTS-OF-SPEECH (IN) :TRIPS-PARTS-OF-SPEECH (W::PREP W::ADV)))
<   :UTTNUM 40 :CHANNEL DESKTOP :DIRECTION INPUT)
<  (WORD &quot;standing in&quot; :FRAME (76 87) :SENSE-INFO
<   ((:PENN-PARTS-OF-SPEECH (VBG) :TRIPS-PARTS-OF-SPEECH (W::V) :WN-SENSE-KEYS
<     (&quot;stand_in%2:40:00&quot;)))
<   :UTTNUM 40 :CHANNEL DESKTOP :DIRECTION INPUT)
<  (WORD &quot;her&quot; :FRAME (88 91) :SENSE-INFO
<   ((:PENN-PARTS-OF-SPEECH (PRP$) :TRIPS-PARTS-OF-SPEECH (W::PRO))) :UTTNUM 40
<   :CHANNEL DESKTOP :DIRECTION INPUT)
<  (WORD &quot;classroom&quot; :FRAME (92 101) :SENSE-INFO
<   ((:PENN-PARTS-OF-SPEECH (NN) :TRIPS-PARTS-OF-SPEECH (W::N))) :UTTNUM 40
<   :CHANNEL DESKTOP :DIRECTION INPUT)
<  (PREFER &quot;her classroom&quot; :FRAME (88 101) :PENN-CATS (NP) :TRIPS-CATS (W::NP)
<   :SCORE 17.989 :UTTNUM 40 :CHANNEL DESKTOP :DIRECTION INPUT)
<  (WORD &quot;in&quot; :FRAME (102 104) :SENSE-INFO
<   ((:PENN-PARTS-OF-SPEECH (IN) :TRIPS-PARTS-OF-SPEECH (W::PREP W::ADV)))
<   :UTTNUM 40 :CHANNEL DESKTOP :DIRECTION INPUT)
<  (WORD &quot;front&quot; :FRAME (105 110) :SENSE-INFO
<   ((:PENN-PARTS-OF-SPEECH (NN) :TRIPS-PARTS-OF-SPEECH (W::N))) :UTTNUM 40
<   :CHANNEL DESKTOP :DIRECTION INPUT)
<  (PREFER &quot;front&quot; :FRAME (105 110) :PENN-CATS (NP) :TRIPS-CATS (W::NP) :SCORE
<   10.944 :UTTNUM 40 :CHANNEL DESKTOP :DIRECTION INPUT)
<  (WORD &quot;in front&quot; :FRAME (102 110) :SENSE-INFO
<   ((:PENN-PARTS-OF-SPEECH (RB) :TRIPS-PARTS-OF-SPEECH (W::ADV) :WN-SENSE-KEYS
<     (&quot;in_front%4:02:00&quot;)))
<   :UTTNUM 40 :CHANNEL DESKTOP :DIRECTION INPUT)
<  (WORD &quot;of&quot; :FRAME (111 113) :SENSE-INFO
<   ((:PENN-PARTS-OF-SPEECH (IN) :TRIPS-PARTS-OF-SPEECH (W::PREP W::ADV)))
<   :UTTNUM 40 :CHANNEL DESKTOP :DIRECTION INPUT)
<  (WORD &quot;all&quot; :FRAME (114 117) :SENSE-INFO
<   ((:PENN-PARTS-OF-SPEECH (DT PDT) :TRIPS-PARTS-OF-SPEECH
<     (W::ART W::QUAN W::PRO)))
<   :UTTNUM 40 :CHANNEL DESKTOP :DIRECTION INPUT)
<  (WORD &quot;the&quot; :FRAME (118 121) :SENSE-INFO
<   ((:PENN-PARTS-OF-SPEECH (DT) :TRIPS-PARTS-OF-SPEECH (W::ART W::QUAN W::PRO)))
<   :UTTNUM 40 :CHANNEL DESKTOP :DIRECTION INPUT)
<  (WORD &quot;desks&quot; :FRAME (122 127) :SENSE-INFO
<   ((:PENN-PARTS-OF-SPEECH (NNS) :TRIPS-PARTS-OF-SPEECH (W::N))) :UTTNUM 40
<   :CHANNEL DESKTOP :DIRECTION INPUT)
<  (PREFER &quot;all the desks&quot; :FRAME (114 127) :PENN-CATS (NP) :TRIPS-CATS (W::NP)
<   :SCORE 18.022 :UTTNUM 40 :CHANNEL DESKTOP :DIRECTION INPUT)
<  (WORD &quot;where&quot; :FRAME (128 133) :SENSE-INFO
<   ((:PENN-PARTS-OF-SPEECH (WRB) :TRIPS-PARTS-OF-SPEECH (W::ADV))) :UTTNUM 40
<   :CHANNEL DESKTOP :DIRECTION INPUT)
<  (PREFER &quot;where&quot; :FRAME (128 133) :PENN-CATS (WHADVP) :SCORE 1.82 :UTTNUM 40
<   :CHANNEL DESKTOP :DIRECTION INPUT)
<  (WORD &quot;the&quot; :FRAME (134 137) :SENSE-INFO
<   ((:PENN-PARTS-OF-SPEECH (DT) :TRIPS-PARTS-OF-SPEECH (W::ART W::QUAN W::PRO)))
<   :UTTNUM 40 :CHANNEL DESKTOP :DIRECTION INPUT)
<  (WORD &quot;other&quot; :FRAME (138 143) :SENSE-INFO
<   ((:PENN-PARTS-OF-SPEECH (JJ) :TRIPS-PARTS-OF-SPEECH (W::ADJ))) :UTTNUM 40
<   :CHANNEL DESKTOP :DIRECTION INPUT)
<  (WORD &quot;pupils&quot; :FRAME (144 150) :SENSE-INFO
<   ((:PENN-PARTS-OF-SPEECH (NNS) :TRIPS-PARTS-OF-SPEECH (W::N))) :UTTNUM 40
<   :CHANNEL DESKTOP :DIRECTION INPUT)
<  (PREFER &quot;the other pupils&quot; :FRAME (134 150) :PENN-CATS (NP) :TRIPS-CATS
<   (W::NP) :SCORE 20.68 :UTTNUM 40 :CHANNEL DESKTOP :DIRECTION INPUT)
<  (WORD &quot;are&quot; :FRAME (151 154) :SENSE-INFO
<   ((:PENN-PARTS-OF-SPEECH (VBP) :TRIPS-PARTS-OF-SPEECH (W::V))) :UTTNUM 40
<   :CHANNEL DESKTOP :DIRECTION INPUT)
<  (WORD &quot;sitting&quot; :FRAME (155 162) :SENSE-INFO
<   ((:PENN-PARTS-OF-SPEECH (VBG) :TRIPS-PARTS-OF-SPEECH (W::V))) :UTTNUM 40
<   :CHANNEL DESKTOP :DIRECTION INPUT)
<  (PREFER &quot;sitting&quot; :FRAME (155 162) :PENN-CATS (VP) :TRIPS-CATS (W::VP) :SCORE
<   9.468 :UTTNUM 40 :CHANNEL DESKTOP :DIRECTION INPUT)
<  (PREFER &quot;are sitting&quot; :FRAME (151 162) :PENN-CATS (VP) :TRIPS-CATS (W::VP)
<   :SCORE 13.832 :UTTNUM 40 :CHANNEL DESKTOP :DIRECTION INPUT)
<  (PREFER &quot;the other pupils are sitting&quot; :FRAME (134 162) :PENN-CATS (S) :SCORE
<   34.844 :UTTNUM 40 :CHANNEL DESKTOP :DIRECTION INPUT)
<  (PREFER &quot;where the other pupils are sitting&quot; :FRAME (128 162) :PENN-CATS
<   (SBAR) :TRIPS-CATS (W::CP) :SCORE 39.329 :UTTNUM 40 :CHANNEL DESKTOP
<   :DIRECTION INPUT)
<  (WORD &quot;(&quot; :FRAME (163 164) :SENSE-INFO
<   ((:PENN-PARTS-OF-SPEECH (NN -LRB-) :TRIPS-PARTS-OF-SPEECH (W::N))) :UTTNUM 40
<   :CHANNEL DESKTOP :DIRECTION INPUT)
<  (WORD &quot;in&quot; :FRAME (165 167) :SENSE-INFO
<   ((:PENN-PARTS-OF-SPEECH (IN) :TRIPS-PARTS-OF-SPEECH (W::PREP W::ADV)))
<   :UTTNUM 40 :CHANNEL DESKTOP :DIRECTION INPUT)
<  (WORD &quot;the&quot; :FRAME (168 171) :SENSE-INFO
<   ((:PENN-PARTS-OF-SPEECH (DT) :TRIPS-PARTS-OF-SPEECH (W::ART W::QUAN W::PRO)))
<   :UTTNUM 40 :CHANNEL DESKTOP :DIRECTION INPUT)
<  (WORD &quot;background&quot; :FRAME (172 182) :SENSE-INFO
<   ((:PENN-PARTS-OF-SPEECH (NN) :TRIPS-PARTS-OF-SPEECH (W::N))) :UTTNUM 40
<   :CHANNEL DESKTOP :DIRECTION INPUT)
<  (PREFER &quot;the background&quot; :FRAME (168 182) :PENN-CATS (NP) :TRIPS-CATS (W::NP)
<   :SCORE 11.972 :UTTNUM 40 :CHANNEL DESKTOP :DIRECTION INPUT)
<  (PREFER &quot;in the background&quot; :FRAME (165 182) :PENN-CATS (PP) :TRIPS-CATS
<   (W::PP) :SCORE 14.494 :UTTNUM 40 :CHANNEL DESKTOP :DIRECTION INPUT)
<  (WORD &quot;)&quot; :FRAME (183 184) :SENSE-INFO
<   ((:PENN-PARTS-OF-SPEECH (NN -RRB-) :TRIPS-PARTS-OF-SPEECH (W::N))) :UTTNUM 40
<   :CHANNEL DESKTOP :DIRECTION INPUT)
<  (PREFER &quot;( in the background )&quot; :FRAME (163 184) :PENN-CATS (PRN) :SCORE
<   18.555 :UTTNUM 40 :CHANNEL DESKTOP :DIRECTION INPUT)
<  (PREFER
<   &quot;all the desks where the other pupils are sitting ( in the background )&quot;
<   :FRAME (114 184) :PENN-CATS (NP) :TRIPS-CATS (W::NP) :SCORE 82.682 :UTTNUM 40
<   :CHANNEL DESKTOP :DIRECTION INPUT)
<  (PREFER
<   &quot;of all the desks where the other pupils are sitting ( in the background )&quot;
<   :FRAME (111 184) :PENN-CATS (PP) :TRIPS-CATS (W::PP) :SCORE 85.481 :UTTNUM 40
<   :CHANNEL DESKTOP :DIRECTION INPUT)
<  (PREFER
<   &quot;front of all the desks where the other pupils are sitting ( in the background )&quot;
<   :FRAME (105 184) :PENN-CATS (NP) :TRIPS-CATS (W::NP) :SCORE 98.185 :UTTNUM 40
<   :CHANNEL DESKTOP :DIRECTION INPUT)
<  (PREFER
<   &quot;in front of all the desks where the other pupils are sitting ( in the background )&quot;
<   :FRAME (102 184) :PENN-CATS (PP) :TRIPS-CATS (W::PP) :SCORE 100.696 :UTTNUM
<   40 :CHANNEL DESKTOP :DIRECTION INPUT)
<  (PREFER
<   &quot;her classroom in front of all the desks where the other pupils are sitting ( in the background )&quot;
<   :FRAME (88 184) :PENN-CATS (NP) :TRIPS-CATS (W::NP) :SCORE 120.446 :UTTNUM 40
<   :CHANNEL DESKTOP :DIRECTION INPUT)
<  (PREFER
<   &quot;in her classroom in front of all the desks where the other pupils are sitting ( in the background )&quot;
<   :FRAME (85 184) :PENN-CATS (PP) :TRIPS-CATS (W::PP) :SCORE 122.826 :UTTNUM 40
<   :CHANNEL DESKTOP :DIRECTION INPUT)
<  (PREFER
<   &quot;wearing a purple pullover and black pants standing in her classroom in front of all the desks where the other pupils are sitting ( in the background )&quot;
<   :FRAME (34 184) :PENN-CATS (VP) :TRIPS-CATS (W::VP) :SCORE 194.59 :UTTNUM 40
<   :CHANNEL DESKTOP :DIRECTION INPUT)
<  (WORD &quot;.&quot; :FRAME (185 185) :SENSE-INFO
<   ((:PENN-PARTS-OF-SPEECH (FULL_STOP) :TRIPS-PARTS-OF-SPEECH (W::PUNC)))
<   :UTTNUM 40 :CHANNEL DESKTOP :DIRECTION INPUT)
<  (PREFER
<   &quot;a dark-skinned , dark-haired girl wearing a purple pullover and black pants standing in her classroom in front of all the desks where the other pupils are sitting ( in the background ) .&quot;
<   :FRAME (0 185) :PENN-CATS (NP) :TRIPS-CATS (W::NP) :SCORE 239.352 :UTTNUM 40
<   :CHANNEL DESKTOP :DIRECTION INPUT))</lisp><word lex="standing" start="76" end="84"><sense-info penn-parts-of-speech="VBG,NN" trips-parts-of-speech="V,N" /></word><prefer text="a purple pullover and black pants standing" start="42" end="84" penn-cats="NP" score="61.013" /><word lex="in" start="85" end="87"><sense-info penn-parts-of-speech="IN" trips-parts-of-speech="PREP,ADV" /></word><word lex="standing in" start="76" end="87"><sense-info penn-parts-of-speech="VBG" trips-parts-of-speech="V" wn-sense-keys="stand_in%2:40:00" /></word><word lex="her" start="88" end="91"><sense-info penn-parts-of-speech="PRP$" trips-parts-of-speech="PRO" /></word><word lex="classroom" start="92" end="101"><sense-info penn-parts-of-speech="NN" trips-parts-of-speech="N" /></word><prefer text="her classroom" start="88" end="101" penn-cats="NP" score="17.989" /><word lex="in" start="102" end="104"><sense-info penn-parts-of-speech="IN" trips-parts-of-speech="PREP,ADV" /></word><word lex="front" start="105" end="110"><sense-info penn-parts-of-speech="NN" trips-parts-of-speech="N" /></word><prefer text="front" start="105" end="110" penn-cats="NP" score="10.944" /><word lex="in front" start="102" end="110"><sense-info penn-parts-of-speech="RB" trips-parts-of-speech="ADV" wn-sense-keys="in_front%4:02:00" /></word><word lex="of" start="111" end="113"><sense-info penn-parts-of-speech="IN" trips-parts-of-speech="PREP,ADV" /></word><word lex="all" start="114" end="117"><sense-info penn-parts-of-speech="DT,PDT" trips-parts-of-speech="ART,QUAN,PRO" /></word><word lex="the" start="118" end="121"><sense-info penn-parts-of-speech="DT" trips-parts-of-speech="ART,QUAN,PRO" /></word><word lex="desks" start="122" end="127"><sense-info penn-parts-of-speech="NNS" trips-parts-of-speech="N" /></word><prefer text="all the desks" start="114" end="127" penn-cats="NP" score="18.022" /><word lex="where" start="128" end="133"><sense-info penn-parts-of-speech="WRB" trips-parts-of-speech="ADV" /></word><prefer text="where" start="128" end="133" penn-cats="WHADVP" score="1.82" /><word lex="the" start="134" end="137"><sense-info penn-parts-of-speech="DT" trips-parts-of-speech="ART,QUAN,PRO" /></word><word lex="other" start="138" end="143"><sense-info penn-parts-of-speech="JJ" trips-parts-of-speech="ADJ" /></word><word lex="pupils" start="144" end="150"><sense-info penn-parts-of-speech="NNS" trips-parts-of-speech="N" /></word><prefer text="the other pupils" start="134" end="150" penn-cats="NP" score="20.68" /><word lex="are" start="151" end="154"><sense-info penn-parts-of-speech="VBP" trips-parts-of-speech="V" /></word><word lex="sitting" start="155" end="162"><sense-info penn-parts-of-speech="VBG" trips-parts-of-speech="V" /></word><prefer text="sitting" start="155" end="162" penn-cats="VP" score="9.468" /><prefer text="are sitting" start="151" end="162" penn-cats="VP" score="13.832" /><prefer text="the other pupils are sitting" start="134" end="162" penn-cats="S" score="34.844" /><prefer text="where the other pupils are sitting" start="128" end="162" penn-cats="SBAR" score="39.329" /><word lex="(" start="163" end="164"><sense-info penn-parts-of-speech="NN,-LRB-" trips-parts-of-speech="N" /></word><word lex="in" start="165" end="167"><sense-info penn-parts-of-speech="IN" trips-parts-of-speech="PREP,ADV" /></word><word lex="the" start="168" end="171"><sense-info penn-parts-of-speech="DT" trips-parts-of-speech="ART,QUAN,PRO" /></word><word lex="background" start="172" end="182"><sense-info penn-parts-of-speech="NN" trips-parts-of-speech="N" /></word><prefer text="the background" start="168" end="182" penn-cats="NP" score="11.972" /><prefer text="in the background" start="165" end="182" penn-cats="PP" score="14.494" /><word lex=")" start="183" end="184"><sense-info penn-parts-of-speech="NN,-RRB-" trips-parts-of-speech="N" /></word><prefer text="( in the background )" start="163" end="184" penn-cats="PRN" score="18.555" /><prefer text="all the desks where the other pupils are sitting ( in the background )" start="114" end="184" penn-cats="NP" score="82.682" /><prefer text="of all the desks where the other pupils are sitting ( in the background )" start="111" end="184" penn-cats="PP" score="85.481" /><prefer text="front of all the desks where the other pupils are sitting ( in the background )" start="105" end="184" penn-cats="NP" score="98.185" /><prefer text="in front of all the desks where the other pupils are sitting ( in the background )" start="102" end="184" penn-cats="PP" score="100.696" /><prefer text="her classroom in front of all the desks where the other pupils are sitting ( in the background )" start="88" end="184" penn-cats="NP" score="120.446" /><prefer text="in her classroom in front of all the desks where the other pupils are sitting ( in the background )" start="85" end="184" penn-cats="PP" score="122.826" /><prefer text="wearing a purple pullover and black pants standing in her classroom in front of all the desks where the other pupils are sitting ( in the background )" start="34" end="184" penn-cats="VP" score="194.59" /><word lex="." start="185" end="185"><sense-info penn-parts-of-speech="FULL_STOP" trips-parts-of-speech="PUNC" /></word><prefer text="a dark-skinned , dark-haired girl wearing a purple pullover and black pants standing in her classroom in front of all the desks where the other pupils are sitting ( in the background ) ." start="0" end="185" penn-cats="NP" score="239.352" /></tags><tree><lisp>(NP
<  (N1 (N1 (ADJP (ADJ1 (ADJ DARK PUNC-MINUS HAIRED))) (N1 (N GIRL)))
<   (CP
<    (VP
<     (VP- (V WEARING)
<      (NP
<       (NP (SPEC (DET (ART A)))
<        (N1 (ADJP (ADJ1 (ADJ PURPLE))) (N1 (N PULLOVER))))
<       (CONJ AND) (NP (N1 (ADJP (ADJ1 (ADJ BLACK))) (N1 (N PANTS))))))))))</lisp><NP><N1><N1><ADJP><ADJ1><ADJ>DARK PUNC-MINUS HAIRED</ADJ></ADJ1></ADJP><N1><N>GIRL</N></N1></N1><CP><VP><VP-><V>WEARING</V><NP><NP><SPEC><DET><ART>A</ART></DET></SPEC><N1><ADJP><ADJ1><ADJ>PURPLE</ADJ></ADJ1></ADJP><N1><N>PULLOVER</N></N1></N1></NP><CONJ>AND</CONJ><NP><N1><ADJP><ADJ1><ADJ>BLACK</ADJ></ADJ1></ADJP><N1><N>PANTS</N></N1></N1></NP></NP></VP-></VP></CP></N1></NP></tree><terms root="#V280501"><lisp>((ONT::F ONT::V280501 (:* ONT::EXCHANGE W::STANDING-IN) :AFFECTED ONT::V280513
<   :VFORM W::ING :START 76 :END 185 :WNSENSE &quot;stand_in%2:40:00&quot;)
<  (ONT::THE ONT::V280513 (:* ONT::INTERNAL-ENCLOSURE W::CLASSROOM) :ASSOC-POSS
<   ONT::V280508 :LOCATION ONT::V280520 :START 88 :END 185)
<  (ONT::PRO ONT::V280508 (:* ONT::FEMALE-PERSON W::HER) :PROFORM W::HER :START
<   88 :END 185 :COREF ONT::V280348)
<  (ONT::F ONT::V280520 (:* ONT::IN-LOC W::IN) :GROUND ONT::V280569 :FIGURE
<   ONT::V280513 :START 102 :END 185)
<  (ONT::BARE ONT::V280569 (:* ONT::OBJECT-DEPENDENT-LOCATION W::FRONT)
<   :PARENTHETICAL ONT::V280719 :FIGURE ONT::V280857 :MOD ONT::V280701 :START 105
<   :END 185)
<  (ONT::QUANTIFIER ONT::V280857 (:* ONT::FURNISHINGS W::DESK) :REFSET
<   ONT::V280653 :QUAN ONT::UNIVERSAL :START 111 :END 128)
<  (ONT::THE-SET ONT::V280653 (:* ONT::FURNISHINGS W::DESK) :START 118 :END 128
<   :COREF ONT::V280409)
<  (ONT::F ONT::V280701 (:* ONT::BODY-MOVEMENT-PLACE W::SIT) :AGENT ONT::V280675
<   :LOCATION ONT::V280657 :TENSE W::PRES :PROGR + :START 128 :END 163)
<  (ONT::F ONT::V280657 (:* ONT::AT-LOC W::WHERE) :GROUND ONT::V280569 :FIGURE
<   ONT::V280701 :START 128 :END 134)
<  (ONT::THE-SET ONT::V280675 (:* ONT::EXTERNAL-BODY-PART W::PUPIL) :MOD
<   ONT::V280672 :START 134 :END 151)
<  (ONT::F ONT::V280672 (:* ONT::OTHER W::OTHER) :INTENSITY ONT::HI :FIGURE
<   ONT::V280675 :START 138 :END 144)
<  (ONT::F ONT::V280719 (:* ONT::IN-LOC W::IN) :GROUND ONT::V280775 :FIGURE
<   ONT::V280569 :START 165 :END 183)
<  (ONT::THE ONT::V280775 (:* ONT::IMAGE W::BACKGROUND) :START 168 :END 183))</lisp><rdf:RDF
<   xmlns:rdf="http://www.w3.org/1999/02/22-rdf-syntax-ns#"
<   xmlns:role="http://www.cs.rochester.edu/research/trips/role#"
<   xmlns:LF="http://www.cs.rochester.edu/research/trips/LF#">
<   <rdf:Description rdf:ID="V280501">
<     <LF:indicator>F</LF:indicator>
<     <LF:type>EXCHANGE</LF:type>
<     <LF:word>STANDING-IN</LF:word>
<     <role:AFFECTED rdf:resource="#V280513" />
<     <role:VFORM>ING</role:VFORM>
<     <LF:start>76</LF:start>
<     <LF:end>185</LF:end>
<     <role:WNSENSE>stand_in%2:40:00</role:WNSENSE>
<   </rdf:Description>
<   <rdf:Description rdf:ID="V280513">
<     <LF:indicator>THE</LF:indicator>
<     <LF:type>INTERNAL-ENCLOSURE</LF:type>
<     <LF:word>CLASSROOM</LF:word>
<     <role:ASSOC-POSS rdf:resource="#V280508" />
<     <role:LOCATION rdf:resource="#V280520" />
<     <LF:start>88</LF:start>
<     <LF:end>185</LF:end>
<   </rdf:Description>
<   <rdf:Description rdf:ID="V280508">
<     <LF:indicator>PRO</LF:indicator>
<     <LF:type>FEMALE-PERSON</LF:type>
<     <LF:word>HER</LF:word>
<     <role:PROFORM>HER</role:PROFORM>
<     <LF:start>88</LF:start>
<     <LF:end>185</LF:end>
<     <role:COREF rdf:resource="#V280348" />
<   </rdf:Description>
<   <rdf:Description rdf:ID="V280520">
<     <LF:indicator>F</LF:indicator>
<     <LF:type>IN-LOC</LF:type>
<     <LF:word>IN</LF:word>
<     <role:GROUND rdf:resource="#V280569" />
<     <role:FIGURE rdf:resource="#V280513" />
<     <LF:start>102</LF:start>
<     <LF:end>185</LF:end>
<   </rdf:Description>
<   <rdf:Description rdf:ID="V280569">
<     <LF:indicator>BARE</LF:indicator>
<     <LF:type>OBJECT-DEPENDENT-LOCATION</LF:type>
<     <LF:word>FRONT</LF:word>
<     <role:PARENTHETICAL rdf:resource="#V280719" />
<     <role:FIGURE rdf:resource="#V280857" />
<     <role:MOD rdf:resource="#V280701" />
<     <LF:start>105</LF:start>
<     <LF:end>185</LF:end>
<   </rdf:Description>
<   <rdf:Description rdf:ID="V280857">
<     <LF:indicator>QUANTIFIER</LF:indicator>
<     <LF:type>FURNISHINGS</LF:type>
<     <LF:word>DESK</LF:word>
<     <role:REFSET rdf:resource="#V280653" />
<     <role:QUAN>UNIVERSAL</role:QUAN>
<     <LF:start>111</LF:start>
<     <LF:end>128</LF:end>
<   </rdf:Description>
<   <rdf:Description rdf:ID="V280653">
<     <LF:indicator>THE-SET</LF:indicator>
<     <LF:type>FURNISHINGS</LF:type>
<     <LF:word>DESK</LF:word>
<     <LF:start>118</LF:start>
<     <LF:end>128</LF:end>
<     <role:COREF rdf:resource="#V280409" />
<   </rdf:Description>
<   <rdf:Description rdf:ID="V280701">
<     <LF:indicator>F</LF:indicator>
<     <LF:type>BODY-MOVEMENT-PLACE</LF:type>
<     <LF:word>SIT</LF:word>
<     <role:AGENT rdf:resource="#V280675" />
<     <role:LOCATION rdf:resource="#V280657" />
<     <role:TENSE>PRES</role:TENSE>
<     <role:PROGR>+</role:PROGR>
<     <LF:start>128</LF:start>
<     <LF:end>163</LF:end>
<   </rdf:Description>
<   <rdf:Description rdf:ID="V280657">
<     <LF:indicator>F</LF:indicator>
<     <LF:type>AT-LOC</LF:type>
<     <LF:word>WHERE</LF:word>
<     <role:GROUND rdf:resource="#V280569" />
<     <role:FIGURE rdf:resource="#V280701" />
<     <LF:start>128</LF:start>
<     <LF:end>134</LF:end>
<   </rdf:Description>
<   <rdf:Description rdf:ID="V280675">
<     <LF:indicator>THE-SET</LF:indicator>
<     <LF:type>EXTERNAL-BODY-PART</LF:type>
<     <LF:word>PUPIL</LF:word>
<     <role:MOD rdf:resource="#V280672" />
<     <LF:start>134</LF:start>
<     <LF:end>151</LF:end>
<   </rdf:Description>
<   <rdf:Description rdf:ID="V280672">
<     <LF:indicator>F</LF:indicator>
<     <LF:type>OTHER</LF:type>
<     <LF:word>OTHER</LF:word>
<     <role:INTENSITY>HI</role:INTENSITY>
<     <role:FIGURE rdf:resource="#V280675" />
<     <LF:start>138</LF:start>
<     <LF:end>144</LF:end>
<   </rdf:Description>
<   <rdf:Description rdf:ID="V280719">
<     <LF:indicator>F</LF:indicator>
<     <LF:type>IN-LOC</LF:type>
<     <LF:word>IN</LF:word>
<     <role:GROUND rdf:resource="#V280775" />
<     <role:FIGURE rdf:resource="#V280569" />
<     <LF:start>165</LF:start>
<     <LF:end>183</LF:end>
<   </rdf:Description>
<   <rdf:Description rdf:ID="V280775">
<     <LF:indicator>THE</LF:indicator>
<     <LF:type>IMAGE</LF:type>
<     <LF:word>BACKGROUND</LF:word>
<     <LF:start>168</LF:start>
<     <LF:end>183</LF:end>
<   </rdf:Description>
< </rdf:RDF>
< </terms></utt></compound-communication-act>
< </trips-parser-output>
\ No newline at end of file
---
> <SpRL>
>  <SCENE>
>   <SENTENCE id="s1" indicator="THE" type="LETTER-SYMBOL" NAME-OF="(A)" start="0" end="2">
>    <TEXT>a d</TEXT>
>   </SENTENCE>
>   <SENTENCE id="s2" indicator="F" type="MODIFIER" text="DARK-PUNC-MINUS-SKINNED" start="2" end="15" WNSENSE="dark-skinned%5:00:00">
>    <TEXT>dark-skinned ,</TEXT>
>   </SENTENCE>
>   <SENTENCE id="s3" indicator="BARE" type="FEMALE-CHILD" text="GIRL" start="17" end="76">
>    <TEXT>dark-haired girl wearing a purple pullover and black pants s</TEXT>
>    <RELATION id="1" head="V280348" res="V280354" label="MOD"/>
>    <RELATION id="2" head="V280348" res="V280345" label="MOD"/>
>    <PHRASE id="V280345" indicator="F" type="MODIFIER" text="DARK-PUNC-MINUS-HAIRED" start="17" end="29" WNSENSE="dark-haired%5:00:00"/>
>    <RELATION id="3" head="V280345" res="V280348" label="FIGURE"/>
>    <PHRASE id="V280354" indicator="F" type="WEAR" text="WEAR" VFORM="ING" start="34" end="76"/>
>    <RELATION id="4" head="V280354" res="V280348" label="AGENT"/>
>    <RELATION id="5" head="V280354" res="V280409" label="NEUTRAL"/>
>    <PHRASE id="V280409" indicator="INDEF-SET" type="ATTIRE" OPERATOR="AND" start="42" end="76"/>
>    <RELATION id="6" head="V280409" res="V280405" label="SEQUENCE"/>
>    <RELATION id="7" head="V280409" res="V280421" label="SEQUENCE1"/>
>    <PHRASE id="V280405" indicator="A" type="ATTIRE" text="PULLOVER" start="42" end="60"/>
>    <RELATION id="8" head="V280405" res="V280401" label="MOD"/>
>    <PHRASE id="V280401" indicator="F" type="PURPLE" text="PURPLE" SCALE="PURPLE*1--07--00" start="44" end="51"/>
>    <RELATION id="9" head="V280401" res="V280405" label="FIGURE"/>
>    <PHRASE id="V280421" indicator="BARE" type="ATTIRE" text="PANTS" start="64" end="76"/>
>    <RELATION id="10" head="V280421" res="V280418" label="MOD"/>
>    <PHRASE id="V280418" indicator="F" type="BLACK" text="BLACK" SCALE="BLACKNESS*1--07--00" start="64" end="70"/>
>    <RELATION id="11" head="V280418" res="V280421" label="FIGURE"/>
>   </SENTENCE>
>   <SENTENCE id="s4" indicator="F" type="EXCHANGE" text="STANDING-IN" VFORM="ING" start="76" end="185" WNSENSE="stand_in%2:40:00">
>    <TEXT>standing in her classroom in front of all the desks where the other pupils are sitting ( in the background ) .</TEXT>
>    <RELATION id="12" head="V280501" res="V280513" label="AFFECTED"/>
>    <PHRASE id="V280513" indicator="THE" type="INTERNAL-ENCLOSURE" text="CLASSROOM" start="88" end="185"/>
>    <RELATION id="13" head="V280513" res="V280508" label="ASSOC-POSS"/>
>    <RELATION id="14" head="V280513" res="V280520" label="LOCATION"/>
>    <PHRASE id="V280508" indicator="PRO" type="FEMALE-PERSON" text="HER" PROFORM="HER" start="88" end="185"/>
>    <RELATION id="15" head="V280508" res="V280348" label="COREF"/>
>    <PHRASE id="V280520" indicator="F" type="IN-LOC" text="IN" start="102" end="185"/>
>    <RELATION id="16" head="V280520" res="V280569" label="GROUND"/>
>    <RELATION id="17" head="V280520" res="V280513" label="FIGURE"/>
>    <PHRASE id="V280569" indicator="BARE" type="OBJECT-DEPENDENT-LOCATION" text="FRONT" start="105" end="185"/>
>    <RELATION id="18" head="V280569" res="V280719" label="PARENTHETICAL"/>
>    <RELATION id="19" head="V280569" res="V280857" label="FIGURE"/>
>    <RELATION id="20" head="V280569" res="V280701" label="MOD"/>
>    <PHRASE id="V280857" indicator="QUANTIFIER" type="FURNISHINGS" text="DESK" QUAN="UNIVERSAL" start="111" end="128"/>
>    <RELATION id="21" head="V280857" res="V280653" label="REFSET"/>
>    <PHRASE id="V280653" indicator="THE-SET" type="FURNISHINGS" text="DESK" start="118" end="128"/>
>    <RELATION id="22" head="V280653" res="V280409" label="COREF"/>
>    <PHRASE id="V280701" indicator="F" type="BODY-MOVEMENT-PLACE" text="SIT" TENSE="PRES" PROGR="+" start="128" end="163"/>
>    <RELATION id="23" head="V280701" res="V280675" label="AGENT"/>
>    <RELATION id="24" head="V280701" res="V280657" label="LOCATION"/>
>    <PHRASE id="V280657" indicator="F" type="AT-LOC" text="WHERE" start="128" end="134"/>
>    <RELATION id="25" head="V280657" res="V280569" label="GROUND"/>
>    <RELATION id="26" head="V280657" res="V280701" label="FIGURE"/>
>    <PHRASE id="V280675" indicator="THE-SET" type="EXTERNAL-BODY-PART" text="PUPIL" start="134" end="151"/>
>    <RELATION id="27" head="V280675" res="V280672" label="MOD"/>
>    <PHRASE id="V280672" indicator="F" type="OTHER" text="OTHER" INTENSITY="HI" start="138" end="144"/>
>    <RELATION id="28" head="V280672" res="V280675" label="FIGURE"/>
>    <PHRASE id="V280719" indicator="F" type="IN-LOC" text="IN" start="165" end="183"/>
>    <RELATION id="29" head="V280719" res="V280775" label="GROUND"/>
>    <RELATION id="30" head="V280719" res="V280569" label="FIGURE"/>
>    <PHRASE id="V280775" indicator="THE" type="IMAGE" text="BACKGROUND" start="168" end="183"/>
>   </SENTENCE>
>  </SCENE>
> </SpRL>
