2,262c2,41
< <?xml-stylesheet type="text/xsl" href="../style/parser-interface.xsl"?>
< <!DOCTYPE trips-parser-output SYSTEM "../trips-parser-output.dtd">
< <trips-parser-output parser-build-date="2017-09-20T12:11:02-0500" system="STEP" extsformat="svg" tagsformat="hidden" treecontents="phrase" treeformat="LinGO" lfformat="svg" semantic-skeleton-scoring="T" rule-sets="" input="there are other kids in the background too , either standing or sitting at their desk .
< ">
< <debug>
< *last-utt-id*=NIL  utt-id+24
< *last-utt-id*=24  utt-id+NIL
< *last-utt-id*=NIL  utt-id+24
< *last-utt-id*=24  utt-id+NIL</debug><utt><words><lisp>(W::THERE W::ARE W::OTHER W::KIDS W::IN W::THE W::BACKGROUND W::TOO
<  W::PUNC-COMMA)</lisp><word>THERE</word><word>ARE</word><word>OTHER</word><word>KIDS</word><word>IN</word><word>THE</word><word>BACKGROUND</word><word>TOO</word><word>PUNC-COMMA</word></words><tags><lisp>((WORD &quot;there&quot; :FRAME (0 5) :SENSE-INFO
<   ((:PENN-PARTS-OF-SPEECH (EX) :TRIPS-PARTS-OF-SPEECH (W::PRO))) :UTTNUM 24
<   :CHANNEL DESKTOP :DIRECTION INPUT)
<  (PREFER &quot;there&quot; :FRAME (0 5) :PENN-CATS (NP) :TRIPS-CATS (W::NP) :SCORE 4.519
<   :UTTNUM 24 :CHANNEL DESKTOP :DIRECTION INPUT)
<  (WORD &quot;are&quot; :FRAME (6 9) :SENSE-INFO
<   ((:PENN-PARTS-OF-SPEECH (VBP) :TRIPS-PARTS-OF-SPEECH (W::V))) :UTTNUM 24
<   :CHANNEL DESKTOP :DIRECTION INPUT)
<  (WORD &quot;other&quot; :FRAME (10 15) :SENSE-INFO
<   ((:PENN-PARTS-OF-SPEECH (JJ) :TRIPS-PARTS-OF-SPEECH (W::ADJ))) :UTTNUM 24
<   :CHANNEL DESKTOP :DIRECTION INPUT)
<  (WORD &quot;kids&quot; :FRAME (16 20) :SENSE-INFO
<   ((:PENN-PARTS-OF-SPEECH (NNS) :TRIPS-PARTS-OF-SPEECH (W::N))) :UTTNUM 24
<   :CHANNEL DESKTOP :DIRECTION INPUT)
<  (PREFER &quot;other kids&quot; :FRAME (10 20) :PENN-CATS (NP) :TRIPS-CATS (W::NP) :SCORE
<   14.846 :UTTNUM 24 :CHANNEL DESKTOP :DIRECTION INPUT)
<  (WORD &quot;in&quot; :FRAME (21 23) :SENSE-INFO
<   ((:PENN-PARTS-OF-SPEECH (IN) :TRIPS-PARTS-OF-SPEECH (W::PREP W::ADV)))
<   :UTTNUM 24 :CHANNEL DESKTOP :DIRECTION INPUT)
<  (WORD &quot;the&quot; :FRAME (24 27) :SENSE-INFO
<   ((:PENN-PARTS-OF-SPEECH (DT) :TRIPS-PARTS-OF-SPEECH (W::ART W::QUAN W::PRO)))
<   :UTTNUM 24 :CHANNEL DESKTOP :DIRECTION INPUT)
<  (WORD &quot;background&quot; :FRAME (28 38) :SENSE-INFO
<   ((:PENN-PARTS-OF-SPEECH (NN) :TRIPS-PARTS-OF-SPEECH (W::N))) :UTTNUM 24
<   :CHANNEL DESKTOP :DIRECTION INPUT)
<  (PREFER &quot;the background&quot; :FRAME (24 38) :PENN-CATS (NP) :TRIPS-CATS (W::NP)
<   :SCORE 11.972 :UTTNUM 24 :CHANNEL DESKTOP :DIRECTION INPUT)
<  (PREFER &quot;in the background&quot; :FRAME (21 38) :PENN-CATS (PP) :TRIPS-CATS (W::PP)
<   :SCORE 14.224 :UTTNUM 24 :CHANNEL DESKTOP :DIRECTION INPUT)
<  (PREFER &quot;other kids in the background&quot; :FRAME (10 38) :PENN-CATS (NP)
<   :TRIPS-CATS (W::NP) :SCORE 29.476 :UTTNUM 24 :CHANNEL DESKTOP :DIRECTION
<   INPUT)
<  (WORD &quot;too&quot; :FRAME (39 42) :SENSE-INFO
<   ((:PENN-PARTS-OF-SPEECH (RB) :TRIPS-PARTS-OF-SPEECH (W::ADV))) :UTTNUM 24
<   :CHANNEL DESKTOP :DIRECTION INPUT)
<  (PREFER &quot;too&quot; :FRAME (39 42) :PENN-CATS (ADVP) :TRIPS-CATS (W::ADVBL) :SCORE
<   5.535 :UTTNUM 24 :CHANNEL DESKTOP :DIRECTION INPUT)
<  (WORD &quot;,&quot; :FRAME (43 43) :SENSE-INFO
<   ((:PENN-PARTS-OF-SPEECH (COMMA) :TRIPS-PARTS-OF-SPEECH (W::PUNC))) :UTTNUM 24
<   :CHANNEL DESKTOP :DIRECTION INPUT))</lisp><word lex="there" start="0" end="5"><sense-info penn-parts-of-speech="EX" trips-parts-of-speech="PRO" /></word><prefer text="there" start="0" end="5" penn-cats="NP" score="4.519" /><word lex="are" start="6" end="9"><sense-info penn-parts-of-speech="VBP" trips-parts-of-speech="V" /></word><word lex="other" start="10" end="15"><sense-info penn-parts-of-speech="JJ" trips-parts-of-speech="ADJ" /></word><word lex="kids" start="16" end="20"><sense-info penn-parts-of-speech="NNS" trips-parts-of-speech="N" /></word><prefer text="other kids" start="10" end="20" penn-cats="NP" score="14.846" /><word lex="in" start="21" end="23"><sense-info penn-parts-of-speech="IN" trips-parts-of-speech="PREP,ADV" /></word><word lex="the" start="24" end="27"><sense-info penn-parts-of-speech="DT" trips-parts-of-speech="ART,QUAN,PRO" /></word><word lex="background" start="28" end="38"><sense-info penn-parts-of-speech="NN" trips-parts-of-speech="N" /></word><prefer text="the background" start="24" end="38" penn-cats="NP" score="11.972" /><prefer text="in the background" start="21" end="38" penn-cats="PP" score="14.224" /><prefer text="other kids in the background" start="10" end="38" penn-cats="NP" score="29.476" /><word lex="too" start="39" end="42"><sense-info penn-parts-of-speech="RB" trips-parts-of-speech="ADV" /></word><prefer text="too" start="39" end="42" penn-cats="ADVP" score="5.535" /><word lex="," start="43" end="43"><sense-info penn-parts-of-speech="COMMA" trips-parts-of-speech="PUNC" /></word></tags><tree><lisp>(UTT
<  (UTT
<   (S (NP (PRO THERE))
<    (VP
<     (VP-
<      (VP- (V ARE)
<       (NP
<        (N1 (N1 (ADJP (ADJ1 (ADJ OTHER))) (N1 (N KIDS)))
<         (ADVBL (ADV IN) (NP (SPEC (DET (ART THE))) (N1 (N BACKGROUND)))))))
<      (ADVBL (ADV TOO))))))
<  (PUNC PUNC-COMMA))</lisp><UTT><UTT><S><NP><PRO>THERE</PRO></NP><VP><VP-><VP-><V>ARE</V><NP><N1><N1><ADJP><ADJ1><ADJ>OTHER</ADJ></ADJ1></ADJP><N1><N>KIDS</N></N1></N1><ADVBL><ADV>IN</ADV><NP><SPEC><DET><ART>THE</ART></DET></SPEC><N1><N>BACKGROUND</N></N1></NP></ADVBL></N1></NP></VP-><ADVBL><ADV>TOO</ADV></ADVBL></VP-></VP></S></UTT><PUNC>PUNC-COMMA</PUNC></UTT></tree><terms root="#V169217"><lisp>((ONT::SPEECHACT ONT::V169217 ONT::SA_TELL :CONTENT ONT::V168986 :START 0 :END
<   43)
<  (ONT::F ONT::V168986 (:* ONT::EXISTS W::BE) :NEUTRAL ONT::V169000 :MOD
<   ONT::V169066 :TENSE W::PRES :START 0 :END 43)
<  (ONT::PRO ONT::V168974 ONT::EXPLETIVE :PROFORM W::THERE :START 0 :END 6)
<  (ONT::INDEF-SET ONT::V169000 (:* ONT::CHILD W::KID) :LOCATION ONT::V169007
<   :MOD ONT::V168996 :START 10 :END 39)
<  (ONT::F ONT::V168996 (:* ONT::OTHER W::OTHER) :INTENSITY ONT::HI :FIGURE
<   ONT::V169000 :START 10 :END 16)
<  (ONT::F ONT::V169007 (:* ONT::IN-LOC W::IN) :GROUND ONT::V169063 :FIGURE
<   ONT::V169000 :START 21 :END 39)
<  (ONT::THE ONT::V169063 (:* ONT::IMAGE W::BACKGROUND) :START 24 :END 39)
<  (ONT::F ONT::V169066 (:* ONT::ADDITIVE W::TOO) :FIGURE ONT::V168986 :START 39
<   :END 43))</lisp><rdf:RDF
<   xmlns:rdf="http://www.w3.org/1999/02/22-rdf-syntax-ns#"
<   xmlns:role="http://www.cs.rochester.edu/research/trips/role#"
<   xmlns:LF="http://www.cs.rochester.edu/research/trips/LF#">
<   <rdf:Description rdf:ID="V169217">
<     <LF:indicator>SPEECHACT</LF:indicator>
<     <LF:type>SA_TELL</LF:type>
<     <role:CONTENT rdf:resource="#V168986" />
<     <LF:start>0</LF:start>
<     <LF:end>43</LF:end>
<   </rdf:Description>
<   <rdf:Description rdf:ID="V168986">
<     <LF:indicator>F</LF:indicator>
<     <LF:type>EXISTS</LF:type>
<     <LF:word>BE</LF:word>
<     <role:NEUTRAL rdf:resource="#V169000" />
<     <role:MOD rdf:resource="#V169066" />
<     <role:TENSE>PRES</role:TENSE>
<     <LF:start>0</LF:start>
<     <LF:end>43</LF:end>
<   </rdf:Description>
<   <rdf:Description rdf:ID="V168974">
<     <LF:indicator>PRO</LF:indicator>
<     <LF:type>EXPLETIVE</LF:type>
<     <role:PROFORM>THERE</role:PROFORM>
<     <LF:start>0</LF:start>
<     <LF:end>6</LF:end>
<   </rdf:Description>
<   <rdf:Description rdf:ID="V169000">
<     <LF:indicator>INDEF-SET</LF:indicator>
<     <LF:type>CHILD</LF:type>
<     <LF:word>KID</LF:word>
<     <role:LOCATION rdf:resource="#V169007" />
<     <role:MOD rdf:resource="#V168996" />
<     <LF:start>10</LF:start>
<     <LF:end>39</LF:end>
<   </rdf:Description>
<   <rdf:Description rdf:ID="V168996">
<     <LF:indicator>F</LF:indicator>
<     <LF:type>OTHER</LF:type>
<     <LF:word>OTHER</LF:word>
<     <role:INTENSITY>HI</role:INTENSITY>
<     <role:FIGURE rdf:resource="#V169000" />
<     <LF:start>10</LF:start>
<     <LF:end>16</LF:end>
<   </rdf:Description>
<   <rdf:Description rdf:ID="V169007">
<     <LF:indicator>F</LF:indicator>
<     <LF:type>IN-LOC</LF:type>
<     <LF:word>IN</LF:word>
<     <role:GROUND rdf:resource="#V169063" />
<     <role:FIGURE rdf:resource="#V169000" />
<     <LF:start>21</LF:start>
<     <LF:end>39</LF:end>
<   </rdf:Description>
<   <rdf:Description rdf:ID="V169063">
<     <LF:indicator>THE</LF:indicator>
<     <LF:type>IMAGE</LF:type>
<     <LF:word>BACKGROUND</LF:word>
<     <LF:start>24</LF:start>
<     <LF:end>39</LF:end>
<   </rdf:Description>
<   <rdf:Description rdf:ID="V169066">
<     <LF:indicator>F</LF:indicator>
<     <LF:type>ADDITIVE</LF:type>
<     <LF:word>TOO</LF:word>
<     <role:FIGURE rdf:resource="#V168986" />
<     <LF:start>39</LF:start>
<     <LF:end>43</LF:end>
<   </rdf:Description>
< </rdf:RDF>
< </terms></utt><utt><words><lisp>(W::EITHER W::STANDING W::OR W::SITTING W::AT W::THEIR W::DESK W::PUNC-PERIOD)</lisp><word>EITHER</word><word>STANDING</word><word>OR</word><word>SITTING</word><word>AT</word><word>THEIR</word><word>DESK</word><word>PUNC-PERIOD</word></words><tags><lisp>((WORD &quot;either&quot; :FRAME (45 51) :SENSE-INFO
<   ((:PENN-PARTS-OF-SPEECH (CC) :TRIPS-PARTS-OF-SPEECH (W::CONJ))) :UTTNUM 24
<   :CHANNEL DESKTOP :DIRECTION INPUT)
<  (WORD &quot;standing&quot; :FRAME (52 60) :SENSE-INFO
<   ((:PENN-PARTS-OF-SPEECH (VBG) :TRIPS-PARTS-OF-SPEECH (W::V))) :UTTNUM 24
<   :CHANNEL DESKTOP :DIRECTION INPUT)
<  (PREFER &quot;standing&quot; :FRAME (52 60) :PENN-CATS (VP) :TRIPS-CATS (W::VP) :SCORE
<   9.946 :UTTNUM 24 :CHANNEL DESKTOP :DIRECTION INPUT)
<  (WORD &quot;or&quot; :FRAME (61 63) :SENSE-INFO
<   ((:PENN-PARTS-OF-SPEECH (CC) :TRIPS-PARTS-OF-SPEECH (W::CONJ))) :UTTNUM 24
<   :CHANNEL DESKTOP :DIRECTION INPUT)
<  (WORD &quot;sitting&quot; :FRAME (64 71) :SENSE-INFO
<   ((:PENN-PARTS-OF-SPEECH (VBG) :TRIPS-PARTS-OF-SPEECH (W::V))) :UTTNUM 24
<   :CHANNEL DESKTOP :DIRECTION INPUT)
<  (WORD &quot;at&quot; :FRAME (72 74) :SENSE-INFO
<   ((:PENN-PARTS-OF-SPEECH (IN) :TRIPS-PARTS-OF-SPEECH (W::PREP W::ADV)))
<   :UTTNUM 24 :CHANNEL DESKTOP :DIRECTION INPUT)
<  (WORD &quot;their&quot; :FRAME (75 80) :SENSE-INFO
<   ((:PENN-PARTS-OF-SPEECH (PRP$) :TRIPS-PARTS-OF-SPEECH (W::PRO))) :UTTNUM 24
<   :CHANNEL DESKTOP :DIRECTION INPUT)
<  (WORD &quot;desk&quot; :FRAME (81 85) :SENSE-INFO
<   ((:PENN-PARTS-OF-SPEECH (NN) :TRIPS-PARTS-OF-SPEECH (W::N))) :UTTNUM 24
<   :CHANNEL DESKTOP :DIRECTION INPUT)
<  (PREFER &quot;their desk&quot; :FRAME (75 85) :PENN-CATS (NP) :TRIPS-CATS (W::NP) :SCORE
<   14.85 :UTTNUM 24 :CHANNEL DESKTOP :DIRECTION INPUT)
<  (PREFER &quot;at their desk&quot; :FRAME (72 85) :PENN-CATS (PP) :TRIPS-CATS (W::PP)
<   :SCORE 18.178 :UTTNUM 24 :CHANNEL DESKTOP :DIRECTION INPUT)
<  (PREFER &quot;sitting at their desk&quot; :FRAME (64 85) :PENN-CATS (VP) :TRIPS-CATS
<   (W::VP) :SCORE 26.874 :UTTNUM 24 :CHANNEL DESKTOP :DIRECTION INPUT)
<  (PREFER &quot;either standing or sitting at their desk&quot; :FRAME (45 85) :PENN-CATS
<   (S) :SCORE 53.782 :UTTNUM 24 :CHANNEL DESKTOP :DIRECTION INPUT)
<  (PREFER &quot;either standing or sitting at their desk&quot; :FRAME (45 85) :PENN-CATS
<   (VP) :TRIPS-CATS (W::VP) :SCORE 52.132 :UTTNUM 24 :CHANNEL DESKTOP :DIRECTION
<   INPUT)
<  (WORD &quot;.&quot; :FRAME (86 86) :SENSE-INFO
<   ((:PENN-PARTS-OF-SPEECH (FULL_STOP) :TRIPS-PARTS-OF-SPEECH (W::PUNC)))
<   :UTTNUM 24 :CHANNEL DESKTOP :DIRECTION INPUT))</lisp><word lex="either" start="45" end="51"><sense-info penn-parts-of-speech="CC" trips-parts-of-speech="CONJ" /></word><word lex="standing" start="52" end="60"><sense-info penn-parts-of-speech="VBG" trips-parts-of-speech="V" /></word><prefer text="standing" start="52" end="60" penn-cats="VP" score="9.946" /><word lex="or" start="61" end="63"><sense-info penn-parts-of-speech="CC" trips-parts-of-speech="CONJ" /></word><word lex="sitting" start="64" end="71"><sense-info penn-parts-of-speech="VBG" trips-parts-of-speech="V" /></word><word lex="at" start="72" end="74"><sense-info penn-parts-of-speech="IN" trips-parts-of-speech="PREP,ADV" /></word><word lex="their" start="75" end="80"><sense-info penn-parts-of-speech="PRP$" trips-parts-of-speech="PRO" /></word><word lex="desk" start="81" end="85"><sense-info penn-parts-of-speech="NN" trips-parts-of-speech="N" /></word><prefer text="their desk" start="75" end="85" penn-cats="NP" score="14.85" /><prefer text="at their desk" start="72" end="85" penn-cats="PP" score="18.178" /><prefer text="sitting at their desk" start="64" end="85" penn-cats="VP" score="26.874" /><prefer text="either standing or sitting at their desk" start="45" end="85" penn-cats="S" score="53.782" /><prefer text="either standing or sitting at their desk" start="45" end="85" penn-cats="VP" score="52.132" /><word lex="." start="86" end="86"><sense-info penn-parts-of-speech="FULL_STOP" trips-parts-of-speech="PUNC" /></word></tags><tree><lisp>(UTT
<  (UTT
<   (NP (CONJ EITHER) (NP (N1 (V STANDING))) (WORD OR)
<    (NP
<     (N1 (N1 (V SITTING))
<      (ADVBL (ADV AT)
<       (NP (SPEC (DET (POSSESSOR (PRO THEIR)))) (N1 (N DESK))))))))
<  (PUNC PUNC-PERIOD))</lisp><UTT><UTT><NP><CONJ>EITHER</CONJ><NP><N1><V>STANDING</V></N1></NP><WORD>OR</WORD><NP><N1><N1><V>SITTING</V></N1><ADVBL><ADV>AT</ADV><NP><SPEC><DET><POSSESSOR><PRO>THEIR</PRO></POSSESSOR></DET></SPEC><N1><N>DESK</N></N1></NP></ADVBL></N1></NP></NP></UTT><PUNC>PUNC-PERIOD</PUNC></UTT></tree><terms root="#V170146"><lisp>((ONT::SPEECHACT ONT::V170146 ONT::SA_IDENTIFY :PUNCTYPE W::DECL :CONTENT
<   ONT::V169470 :START 45 :END 86)
<  (ONT::A ONT::V169470 ONT::BE-AT-LOC :OPERATOR ONT::ONE-OF :SEQUENCE
<   (ONT::V169478 ONT::V169495) :START 45 :END 86)
<  (ONT::BARE ONT::V169478 (:* ONT::BE-AT-LOC W::STAND) :START 52 :END 61)
<  (ONT::BARE ONT::V169495 (:* ONT::BE-AT-LOC W::SIT) :LOCATION ONT::V169513
<   :START 64 :END 86)
<  (ONT::F ONT::V169513 (:* ONT::AT-LOC W::AT) :GROUND ONT::V169528 :FIGURE
<   ONT::V169495 :START 72 :END 86)
<  (ONT::THE ONT::V169528 (:* ONT::FURNISHINGS W::DESK) :ASSOC-POSS ONT::V169525
<   :START 75 :END 86)
<  (ONT::PRO ONT::V169525 (:* ONT::REFERENTIAL-SEM W::THEIR) :PROFORM W::THEIR
<   :START 75 :END 86 :COREF ONT::V169000))</lisp><rdf:RDF
<   xmlns:rdf="http://www.w3.org/1999/02/22-rdf-syntax-ns#"
<   xmlns:role="http://www.cs.rochester.edu/research/trips/role#"
<   xmlns:LF="http://www.cs.rochester.edu/research/trips/LF#">
<   <rdf:Description rdf:ID="V170146">
<     <LF:indicator>SPEECHACT</LF:indicator>
<     <LF:type>SA_IDENTIFY</LF:type>
<     <role:PUNCTYPE>DECL</role:PUNCTYPE>
<     <role:CONTENT rdf:resource="#V169470" />
<     <LF:start>45</LF:start>
<     <LF:end>86</LF:end>
<   </rdf:Description>
<   <rdf:Description rdf:ID="V169470">
<     <LF:indicator>A</LF:indicator>
<     <LF:type>BE-AT-LOC</LF:type>
<     <role:OPERATOR>ONE-OF</role:OPERATOR>
<     <role:SEQUENCE rdf:resource="#V169478" />
<     <role:SEQUENCE1 rdf:resource="#V169495" />
<     <LF:start>45</LF:start>
<     <LF:end>86</LF:end>
<   </rdf:Description>
<   <rdf:Description rdf:ID="V169478">
<     <LF:indicator>BARE</LF:indicator>
<     <LF:type>BE-AT-LOC</LF:type>
<     <LF:word>STAND</LF:word>
<     <LF:start>52</LF:start>
<     <LF:end>61</LF:end>
<   </rdf:Description>
<   <rdf:Description rdf:ID="V169495">
<     <LF:indicator>BARE</LF:indicator>
<     <LF:type>BE-AT-LOC</LF:type>
<     <LF:word>SIT</LF:word>
<     <role:LOCATION rdf:resource="#V169513" />
<     <LF:start>64</LF:start>
<     <LF:end>86</LF:end>
<   </rdf:Description>
<   <rdf:Description rdf:ID="V169513">
<     <LF:indicator>F</LF:indicator>
<     <LF:type>AT-LOC</LF:type>
<     <LF:word>AT</LF:word>
<     <role:GROUND rdf:resource="#V169528" />
<     <role:FIGURE rdf:resource="#V169495" />
<     <LF:start>72</LF:start>
<     <LF:end>86</LF:end>
<   </rdf:Description>
<   <rdf:Description rdf:ID="V169528">
<     <LF:indicator>THE</LF:indicator>
<     <LF:type>FURNISHINGS</LF:type>
<     <LF:word>DESK</LF:word>
<     <role:ASSOC-POSS rdf:resource="#V169525" />
<     <LF:start>75</LF:start>
<     <LF:end>86</LF:end>
<   </rdf:Description>
<   <rdf:Description rdf:ID="V169525">
<     <LF:indicator>PRO</LF:indicator>
<     <LF:type>REFERENTIAL-SEM</LF:type>
<     <LF:word>THEIR</LF:word>
<     <role:PROFORM>THEIR</role:PROFORM>
<     <LF:start>75</LF:start>
<     <LF:end>86</LF:end>
<     <role:COREF rdf:resource="#V169000" />
<   </rdf:Description>
< </rdf:RDF>
< </terms></utt></trips-parser-output>
\ No newline at end of file
---
> <SpRL>
>  <SCENE>
>   <SENTENCE id="s1" indicator="SPEECHACT" type="SA_TELL" start="0" end="43">
>    <TEXT>there are other kids in the background too ,</TEXT>
>    <RELATION id="1" head="V169217" res="V168986" label="CONTENT"/>
>    <PHRASE id="V168986" indicator="F" type="EXISTS" text="BE" TENSE="PRES" start="0" end="43"/>
>    <RELATION id="2" head="V168986" res="V169000" label="NEUTRAL"/>
>    <RELATION id="3" head="V168986" res="V169066" label="MOD"/>
>    <PHRASE id="V168974" indicator="PRO" type="EXPLETIVE" PROFORM="THERE" start="0" end="6"/>
>    <PHRASE id="V169000" indicator="INDEF-SET" type="CHILD" text="KID" start="10" end="39"/>
>    <RELATION id="4" head="V169000" res="V169007" label="LOCATION"/>
>    <RELATION id="5" head="V169000" res="V168996" label="MOD"/>
>    <PHRASE id="V168996" indicator="F" type="OTHER" text="OTHER" INTENSITY="HI" start="10" end="16"/>
>    <RELATION id="6" head="V168996" res="V169000" label="FIGURE"/>
>    <PHRASE id="V169007" indicator="F" type="IN-LOC" text="IN" start="21" end="39"/>
>    <RELATION id="7" head="V169007" res="V169063" label="GROUND"/>
>    <RELATION id="8" head="V169007" res="V169000" label="FIGURE"/>
>    <PHRASE id="V169063" indicator="THE" type="IMAGE" text="BACKGROUND" start="24" end="39"/>
>    <PHRASE id="V169066" indicator="F" type="ADDITIVE" text="TOO" start="39" end="43"/>
>    <RELATION id="9" head="V169066" res="V168986" label="FIGURE"/>
>   </SENTENCE>
>   <SENTENCE id="s2" indicator="SPEECHACT" type="SA_IDENTIFY" PUNCTYPE="DECL" start="45" end="86">
>    <TEXT>either standing or sitting at their desk .</TEXT>
>    <RELATION id="10" head="V170146" res="V169470" label="CONTENT"/>
>    <PHRASE id="V169470" indicator="A" type="BE-AT-LOC" OPERATOR="ONE-OF" start="45" end="86"/>
>    <RELATION id="11" head="V169470" res="V169478" label="SEQUENCE"/>
>    <RELATION id="12" head="V169470" res="V169495" label="SEQUENCE1"/>
>    <PHRASE id="V169478" indicator="BARE" type="BE-AT-LOC" text="STAND" start="52" end="61"/>
>    <PHRASE id="V169495" indicator="BARE" type="BE-AT-LOC" text="SIT" start="64" end="86"/>
>    <RELATION id="13" head="V169495" res="V169513" label="LOCATION"/>
>    <PHRASE id="V169513" indicator="F" type="AT-LOC" text="AT" start="72" end="86"/>
>    <RELATION id="14" head="V169513" res="V169528" label="GROUND"/>
>    <RELATION id="15" head="V169513" res="V169495" label="FIGURE"/>
>    <PHRASE id="V169528" indicator="THE" type="FURNISHINGS" text="DESK" start="75" end="86"/>
>    <RELATION id="16" head="V169528" res="V169525" label="ASSOC-POSS"/>
>    <PHRASE id="V169525" indicator="PRO" type="REFERENTIAL-SEM" text="THEIR" PROFORM="THEIR" start="75" end="86"/>
>    <RELATION id="17" head="V169525" res="V169000" label="COREF"/>
>   </SENTENCE>
>  </SCENE>
> </SpRL>
