2,164c2,25
< <?xml-stylesheet type="text/xsl" href="../style/parser-interface.xsl"?>
< <!DOCTYPE trips-parser-output SYSTEM "../trips-parser-output.dtd">
< <trips-parser-output parser-build-date="2017-09-20T12:11:02-0500" system="STEP" extsformat="svg" tagsformat="hidden" treecontents="phrase" treeformat="LinGO" lfformat="svg" semantic-skeleton-scoring="T" rule-sets="" input="a grey house and short grass in the background .
< ">
< <debug>
< 
<  FOUNDS SEQUENCE from constit (% W::NP (W::BARE-SEQUENCE -) (W::CONSTRAINT -)
<                                  (W::MASS W::BARE) (W::GENERATED +)
<                                  (W::POSTADVBL +)
<                                  (W::SEM ?8607:(?14932:(F::PHYS-OBJ
<                                                         F::ABSTR-OBJ) NIL))
<                                  (W::LF (% W::DESCRIPTION (W::STATUS ONT::DEFINITE)
<                                            (W::VAR V191832)
<                                            (W::SORT W::INDIVIDUAL)
<                                            (W::LEX (W::A))
<                                            (W::CLASS ONT::SEQUENCE)
<                                            (W::CONSTRAINT (% &amp; (W::NAME-OF (W::A))
<                                                              (W::VAL (W::A))))
<                                            (W::LEX W::A) (W::SEM ?14930)
<                                            (W::TRANSFORM ?14931)))
<                                  (W::CASE ?14929:(W::SUB W::OBJ -))
<                                  (W::AGR ?14928) (W::CLASS ONT::ANY-SEM)
<                                  (W::VAR V191832) (W::SORT W::PRED) (W::NAME -)
<                                  (W::PRO -) (W::CHANGEAGR -) (W::LEX W::A)
<                                  (W::HEADCAT W::VALUE) (W::TRANSFORM -)
<                                  (W::REFL -) (1 RNUMBER191853))
< *last-utt-id*=NIL  utt-id+30
< *last-utt-id*=30  utt-id+NIL</debug><utt><words><lisp>(W::A W::GREY W::HOUSE W::AND W::SHORT W::GRASS W::IN W::THE W::BACKGROUND
<  W::PUNC-PERIOD)</lisp><word>A</word><word>GREY</word><word>HOUSE</word><word>AND</word><word>SHORT</word><word>GRASS</word><word>IN</word><word>THE</word><word>BACKGROUND</word><word>PUNC-PERIOD</word></words><tags><lisp>((WORD &quot;a&quot; :FRAME (0 1) :SENSE-INFO
<   ((:PENN-PARTS-OF-SPEECH (DT) :TRIPS-PARTS-OF-SPEECH (W::ART W::QUAN W::PRO)))
<   :UTTNUM 30 :CHANNEL DESKTOP :DIRECTION INPUT)
<  (WORD &quot;grey&quot; :FRAME (2 6) :SENSE-INFO
<   ((:PENN-PARTS-OF-SPEECH (NN JJ) :TRIPS-PARTS-OF-SPEECH (W::N W::ADJ)
<     :ALTERNATE-SPELLINGS (&quot;gray&quot;)))
<   :UTTNUM 30 :CHANNEL DESKTOP :DIRECTION INPUT)
<  (WORD &quot;house&quot; :FRAME (7 12) :SENSE-INFO
<   ((:PENN-PARTS-OF-SPEECH (NN) :TRIPS-PARTS-OF-SPEECH (W::N))) :UTTNUM 30
<   :CHANNEL DESKTOP :DIRECTION INPUT)
<  (WORD &quot;and&quot; :FRAME (13 16) :SENSE-INFO
<   ((:PENN-PARTS-OF-SPEECH (CC) :TRIPS-PARTS-OF-SPEECH (W::CONJ))) :UTTNUM 30
<   :CHANNEL DESKTOP :DIRECTION INPUT)
<  (WORD &quot;short&quot; :FRAME (17 22) :SENSE-INFO
<   ((:PENN-PARTS-OF-SPEECH (JJ) :TRIPS-PARTS-OF-SPEECH (W::ADJ))) :UTTNUM 30
<   :CHANNEL DESKTOP :DIRECTION INPUT)
<  (WORD &quot;grass&quot; :FRAME (23 28) :SENSE-INFO
<   ((:PENN-PARTS-OF-SPEECH (NN) :TRIPS-PARTS-OF-SPEECH (W::N))) :UTTNUM 30
<   :CHANNEL DESKTOP :DIRECTION INPUT)
<  (PREFER &quot;a grey house and short grass&quot; :FRAME (0 28) :PENN-CATS (NP)
<   :TRIPS-CATS (W::NP) :SCORE 46.25 :UTTNUM 30 :CHANNEL DESKTOP :DIRECTION
<   INPUT)
<  (WORD &quot;in&quot; :FRAME (29 31) :SENSE-INFO
<   ((:PENN-PARTS-OF-SPEECH (IN) :TRIPS-PARTS-OF-SPEECH (W::PREP W::ADV)))
<   :UTTNUM 30 :CHANNEL DESKTOP :DIRECTION INPUT)
<  (WORD &quot;the&quot; :FRAME (32 35) :SENSE-INFO
<   ((:PENN-PARTS-OF-SPEECH (DT) :TRIPS-PARTS-OF-SPEECH (W::ART W::QUAN W::PRO)))
<   :UTTNUM 30 :CHANNEL DESKTOP :DIRECTION INPUT)
<  (WORD &quot;background&quot; :FRAME (36 46) :SENSE-INFO
<   ((:PENN-PARTS-OF-SPEECH (NN) :TRIPS-PARTS-OF-SPEECH (W::N))) :UTTNUM 30
<   :CHANNEL DESKTOP :DIRECTION INPUT)
<  (PREFER &quot;the background&quot; :FRAME (32 46) :PENN-CATS (NP) :TRIPS-CATS (W::NP)
<   :SCORE 11.972 :UTTNUM 30 :CHANNEL DESKTOP :DIRECTION INPUT)
<  (PREFER &quot;in the background&quot; :FRAME (29 46) :PENN-CATS (PP) :TRIPS-CATS (W::PP)
<   :SCORE 14.224 :UTTNUM 30 :CHANNEL DESKTOP :DIRECTION INPUT)
<  (WORD &quot;.&quot; :FRAME (47 47) :SENSE-INFO
<   ((:PENN-PARTS-OF-SPEECH (FULL_STOP) :TRIPS-PARTS-OF-SPEECH (W::PUNC)))
<   :UTTNUM 30 :CHANNEL DESKTOP :DIRECTION INPUT)
<  (PREFER &quot;a grey house and short grass in the background .&quot; :FRAME (0 47)
<   :PENN-CATS (NP) :TRIPS-CATS (W::NP) :SCORE 62.958 :UTTNUM 30 :CHANNEL DESKTOP
<   :DIRECTION INPUT))</lisp><word lex="a" start="0" end="1"><sense-info penn-parts-of-speech="DT" trips-parts-of-speech="ART,QUAN,PRO" /></word><word lex="grey" start="2" end="6"><sense-info penn-parts-of-speech="NN,JJ" trips-parts-of-speech="N,ADJ" alternate-spellings="gray" /></word><word lex="house" start="7" end="12"><sense-info penn-parts-of-speech="NN" trips-parts-of-speech="N" /></word><word lex="and" start="13" end="16"><sense-info penn-parts-of-speech="CC" trips-parts-of-speech="CONJ" /></word><word lex="short" start="17" end="22"><sense-info penn-parts-of-speech="JJ" trips-parts-of-speech="ADJ" /></word><word lex="grass" start="23" end="28"><sense-info penn-parts-of-speech="NN" trips-parts-of-speech="N" /></word><prefer text="a grey house and short grass" start="0" end="28" penn-cats="NP" score="46.25" /><word lex="in" start="29" end="31"><sense-info penn-parts-of-speech="IN" trips-parts-of-speech="PREP,ADV" /></word><word lex="the" start="32" end="35"><sense-info penn-parts-of-speech="DT" trips-parts-of-speech="ART,QUAN,PRO" /></word><word lex="background" start="36" end="46"><sense-info penn-parts-of-speech="NN" trips-parts-of-speech="N" /></word><prefer text="the background" start="32" end="46" penn-cats="NP" score="11.972" /><prefer text="in the background" start="29" end="46" penn-cats="PP" score="14.224" /><word lex="." start="47" end="47"><sense-info penn-parts-of-speech="FULL_STOP" trips-parts-of-speech="PUNC" /></word><prefer text="a grey house and short grass in the background ." start="0" end="47" penn-cats="NP" score="62.958" /></tags><tree><lisp>(UTT
<  (UTT
<   (NP (NP (SPEC (DET (ART A))) (N1 (ADJP (ADJ1 (ADJ GREY))) (N1 (N HOUSE))))
<    (CONJ AND)
<    (NP
<     (N1 (N1 (ADJP (ADJ1 (ADJ SHORT))) (N1 (N GRASS)))
<      (ADVBL (ADV IN) (NP (SPEC (DET (ART THE))) (N1 (N BACKGROUND))))))))
<  (PUNC PUNC-PERIOD))</lisp><UTT><UTT><NP><NP><SPEC><DET><ART>A</ART></DET></SPEC><N1><ADJP><ADJ1><ADJ>GREY</ADJ></ADJ1></ADJP><N1><N>HOUSE</N></N1></N1></NP><CONJ>AND</CONJ><NP><N1><N1><ADJP><ADJ1><ADJ>SHORT</ADJ></ADJ1></ADJP><N1><N>GRASS</N></N1></N1><ADVBL><ADV>IN</ADV><NP><SPEC><DET><ART>THE</ART></DET></SPEC><N1><N>BACKGROUND</N></N1></NP></ADVBL></N1></NP></NP></UTT><PUNC>PUNC-PERIOD</PUNC></UTT></tree><terms root="#V191813"><lisp>((ONT::SPEECHACT ONT::V191813 ONT::SA_IDENTIFY :PUNCTYPE W::DECL :CONTENT
<   ONT::V191560 :START 0 :END 47)
<  (ONT::INDEF-SET ONT::V191560 ONT::PHYS-OBJECT :OPERATOR ONT::AND :SEQUENCE
<   (ONT::V191555 ONT::V191580) :START 0 :END 47)
<  (ONT::A ONT::V191555 (:* ONT::LODGING W::HOUSE) :MOD ONT::V191543 :START 0
<   :END 13)
<  (ONT::F ONT::V191543 (:* ONT::GRAY W::GREY) :FIGURE ONT::V191555 :SCALE
<   ONT::GREYNESS*1--07--00 :START 2 :END 7)
<  (ONT::BARE ONT::V191580 (:* ONT::PLANT W::GRASS) :LOCATION ONT::V191587 :MOD
<   ONT::V191570 :START 17 :END 47)
<  (ONT::F ONT::V191570 (:* ONT::SHORT-VAL W::SHORT) :FIGURE ONT::V191580 :SCALE
<   ONT::SIZE-SCALE :START 17 :END 23)
<  (ONT::F ONT::V191587 (:* ONT::IN-LOC W::IN) :GROUND ONT::V191643 :FIGURE
<   ONT::V191580 :START 29 :END 47)
<  (ONT::THE ONT::V191643 (:* ONT::IMAGE W::BACKGROUND) :START 32 :END 47))</lisp><rdf:RDF
<   xmlns:rdf="http://www.w3.org/1999/02/22-rdf-syntax-ns#"
<   xmlns:role="http://www.cs.rochester.edu/research/trips/role#"
<   xmlns:LF="http://www.cs.rochester.edu/research/trips/LF#">
<   <rdf:Description rdf:ID="V191813">
<     <LF:indicator>SPEECHACT</LF:indicator>
<     <LF:type>SA_IDENTIFY</LF:type>
<     <role:PUNCTYPE>DECL</role:PUNCTYPE>
<     <role:CONTENT rdf:resource="#V191560" />
<     <LF:start>0</LF:start>
<     <LF:end>47</LF:end>
<   </rdf:Description>
<   <rdf:Description rdf:ID="V191560">
<     <LF:indicator>INDEF-SET</LF:indicator>
<     <LF:type>PHYS-OBJECT</LF:type>
<     <role:OPERATOR>AND</role:OPERATOR>
<     <role:SEQUENCE rdf:resource="#V191555" />
<     <role:SEQUENCE1 rdf:resource="#V191580" />
<     <LF:start>0</LF:start>
<     <LF:end>47</LF:end>
<   </rdf:Description>
<   <rdf:Description rdf:ID="V191555">
<     <LF:indicator>A</LF:indicator>
<     <LF:type>LODGING</LF:type>
<     <LF:word>HOUSE</LF:word>
<     <role:MOD rdf:resource="#V191543" />
<     <LF:start>0</LF:start>
<     <LF:end>13</LF:end>
<   </rdf:Description>
<   <rdf:Description rdf:ID="V191543">
<     <LF:indicator>F</LF:indicator>
<     <LF:type>GRAY</LF:type>
<     <LF:word>GREY</LF:word>
<     <role:FIGURE rdf:resource="#V191555" />
<     <role:SCALE>GREYNESS*1--07--00</role:SCALE>
<     <LF:start>2</LF:start>
<     <LF:end>7</LF:end>
<   </rdf:Description>
<   <rdf:Description rdf:ID="V191580">
<     <LF:indicator>BARE</LF:indicator>
<     <LF:type>PLANT</LF:type>
<     <LF:word>GRASS</LF:word>
<     <role:LOCATION rdf:resource="#V191587" />
<     <role:MOD rdf:resource="#V191570" />
<     <LF:start>17</LF:start>
<     <LF:end>47</LF:end>
<   </rdf:Description>
<   <rdf:Description rdf:ID="V191570">
<     <LF:indicator>F</LF:indicator>
<     <LF:type>SHORT-VAL</LF:type>
<     <LF:word>SHORT</LF:word>
<     <role:FIGURE rdf:resource="#V191580" />
<     <role:SCALE>SIZE-SCALE</role:SCALE>
<     <LF:start>17</LF:start>
<     <LF:end>23</LF:end>
<   </rdf:Description>
<   <rdf:Description rdf:ID="V191587">
<     <LF:indicator>F</LF:indicator>
<     <LF:type>IN-LOC</LF:type>
<     <LF:word>IN</LF:word>
<     <role:GROUND rdf:resource="#V191643" />
<     <role:FIGURE rdf:resource="#V191580" />
<     <LF:start>29</LF:start>
<     <LF:end>47</LF:end>
<   </rdf:Description>
<   <rdf:Description rdf:ID="V191643">
<     <LF:indicator>THE</LF:indicator>
<     <LF:type>IMAGE</LF:type>
<     <LF:word>BACKGROUND</LF:word>
<     <LF:start>32</LF:start>
<     <LF:end>47</LF:end>
<   </rdf:Description>
< </rdf:RDF>
< </terms></utt></trips-parser-output>
\ No newline at end of file
---
> <SpRL>
>  <SCENE>
>   <SENTENCE id="s1" indicator="SPEECHACT" type="SA_IDENTIFY" PUNCTYPE="DECL" start="0" end="47">
>    <TEXT>a grey house and short grass in the background .</TEXT>
>    <RELATION id="1" head="V191813" res="V191560" label="CONTENT"/>
>    <PHRASE id="V191560" indicator="INDEF-SET" type="PHYS-OBJECT" OPERATOR="AND" start="0" end="47"/>
>    <RELATION id="2" head="V191560" res="V191555" label="SEQUENCE"/>
>    <RELATION id="3" head="V191560" res="V191580" label="SEQUENCE1"/>
>    <PHRASE id="V191555" indicator="A" type="LODGING" text="HOUSE" start="0" end="13"/>
>    <RELATION id="4" head="V191555" res="V191543" label="MOD"/>
>    <PHRASE id="V191543" indicator="F" type="GRAY" text="GREY" SCALE="GREYNESS*1--07--00" start="2" end="7"/>
>    <RELATION id="5" head="V191543" res="V191555" label="FIGURE"/>
>    <PHRASE id="V191580" indicator="BARE" type="PLANT" text="GRASS" start="17" end="47"/>
>    <RELATION id="6" head="V191580" res="V191587" label="LOCATION"/>
>    <RELATION id="7" head="V191580" res="V191570" label="MOD"/>
>    <PHRASE id="V191570" indicator="F" type="SHORT-VAL" text="SHORT" SCALE="SIZE-SCALE" start="17" end="23"/>
>    <RELATION id="8" head="V191570" res="V191580" label="FIGURE"/>
>    <PHRASE id="V191587" indicator="F" type="IN-LOC" text="IN" start="29" end="47"/>
>    <RELATION id="9" head="V191587" res="V191643" label="GROUND"/>
>    <RELATION id="10" head="V191587" res="V191580" label="FIGURE"/>
>    <PHRASE id="V191643" indicator="THE" type="IMAGE" text="BACKGROUND" start="32" end="47"/>
>   </SENTENCE>
>  </SCENE>
> </SpRL>
