2,420c2,53
< <?xml-stylesheet type="text/xsl" href="../style/parser-interface.xsl"?>
< <!DOCTYPE trips-parser-output SYSTEM "../trips-parser-output.dtd">
< <trips-parser-output parser-build-date="2017-09-20T12:11:02-0500" system="STEP" extsformat="svg" tagsformat="hidden" treecontents="phrase" treeformat="LinGO" lfformat="svg" semantic-skeleton-scoring="T" rule-sets="" input="a dark-haired boy wearing a black cap , a yellow tee-shirt , a white polo shirt and an open red jacket , is standing in front of a white wall .
< ">
< <debug>
< *last-utt-id*=NIL  utt-id+1
< *last-utt-id*=1  utt-id+1
< *last-utt-id*=1  utt-id+1
< *last-utt-id*=1  utt-id+NIL</debug><compound-communication-act>
< <utt><words><lisp>(W::A W::DARK W::PUNC-MINUS W::HAIRED W::BOY)</lisp><word>A</word><word>DARK</word><word>PUNC-MINUS</word><word>HAIRED</word><word>BOY</word></words><tags><lisp>((WORD &quot;a&quot; :FRAME (0 1) :SENSE-INFO
<   ((:PENN-PARTS-OF-SPEECH (DT) :TRIPS-PARTS-OF-SPEECH (W::ART W::QUAN W::PRO)))
<   :UTTNUM 1 :CHANNEL DESKTOP :DIRECTION INPUT)
<  (WORD &quot;dark&quot; :FRAME (2 5) :SENSE-INFO
<   ((:PENN-PARTS-OF-SPEECH (NN) :TRIPS-PARTS-OF-SPEECH (W::N))) :UTTNUM 1
<   :CHANNEL DESKTOP :DIRECTION INPUT)
<  (WORD &quot;-&quot; :FRAME (6 6) :SENSE-INFO
<   ((:PENN-PARTS-OF-SPEECH (COLON) :TRIPS-PARTS-OF-SPEECH (W::PUNC))) :UTTNUM 1
<   :CHANNEL DESKTOP :DIRECTION INPUT)
<  (WORD &quot;haired&quot; :FRAME (7 13) :SENSE-INFO
<   ((:PENN-PARTS-OF-SPEECH (VBN) :TRIPS-PARTS-OF-SPEECH (W::V))) :UTTNUM 1
<   :CHANNEL DESKTOP :DIRECTION INPUT)
<  (WORD &quot;dark-haired&quot; :FRAME (2 13) :SENSE-INFO
<   ((:PENN-PARTS-OF-SPEECH (JJ) :TRIPS-PARTS-OF-SPEECH (W::ADJ) :WN-SENSE-KEYS
<     (&quot;dark-haired%5:00:00&quot;)))
<   :UTTNUM 1 :CHANNEL DESKTOP :DIRECTION INPUT)
<  (WORD &quot;boy&quot; :FRAME (14 17) :SENSE-INFO
<   ((:PENN-PARTS-OF-SPEECH (NN) :TRIPS-PARTS-OF-SPEECH (W::N))) :UTTNUM 1
<   :CHANNEL DESKTOP :DIRECTION INPUT)
<  (PREFER &quot;a dark-haired boy&quot; :FRAME (0 17) :PENN-CATS (NP) :TRIPS-CATS (W::NP)
<   :SCORE 24.88 :UTTNUM 1 :CHANNEL DESKTOP :DIRECTION INPUT))</lisp><word lex="a" start="0" end="1"><sense-info penn-parts-of-speech="DT" trips-parts-of-speech="ART,QUAN,PRO" /></word><word lex="dark" start="2" end="5"><sense-info penn-parts-of-speech="NN" trips-parts-of-speech="N" /></word><word lex="-" start="6" end="6"><sense-info penn-parts-of-speech="COLON" trips-parts-of-speech="PUNC" /></word><word lex="haired" start="7" end="13"><sense-info penn-parts-of-speech="VBN" trips-parts-of-speech="V" /></word><word lex="dark-haired" start="2" end="13"><sense-info penn-parts-of-speech="JJ" trips-parts-of-speech="ADJ" wn-sense-keys="dark-haired%5:00:00" /></word><word lex="boy" start="14" end="17"><sense-info penn-parts-of-speech="NN" trips-parts-of-speech="N" /></word><prefer text="a dark-haired boy" start="0" end="17" penn-cats="NP" score="24.88" /></tags><tree><lisp>(NP (SPEC (DET (ART A)))
<  (N1 (ADJP (ADJ1 (ADJ DARK PUNC-MINUS HAIRED))) (N1 (N BOY))))</lisp><NP><SPEC><DET><ART>A</ART></DET></SPEC><N1><ADJP><ADJ1><ADJ>DARK PUNC-MINUS HAIRED</ADJ></ADJ1></ADJP><N1><N>BOY</N></N1></N1></NP></tree><terms root="#V33228"><lisp>((ONT::A ONT::V33228 (:* ONT::MALE-CHILD W::BOY) :MOD ONT::V33225 :START 0 :END
<   18)
<  (ONT::F ONT::V33225 (:* ONT::MODIFIER W::DARK-PUNC-MINUS-HAIRED) :FIGURE
<   ONT::V33228 :START 2 :END 14 :WNSENSE &quot;dark-haired%5:00:00&quot;))</lisp><rdf:RDF
<   xmlns:rdf="http://www.w3.org/1999/02/22-rdf-syntax-ns#"
<   xmlns:role="http://www.cs.rochester.edu/research/trips/role#"
<   xmlns:LF="http://www.cs.rochester.edu/research/trips/LF#">
<   <rdf:Description rdf:ID="V33228">
<     <LF:indicator>A</LF:indicator>
<     <LF:type>MALE-CHILD</LF:type>
<     <LF:word>BOY</LF:word>
<     <role:MOD rdf:resource="#V33225" />
<     <LF:start>0</LF:start>
<     <LF:end>18</LF:end>
<   </rdf:Description>
<   <rdf:Description rdf:ID="V33225">
<     <LF:indicator>F</LF:indicator>
<     <LF:type>MODIFIER</LF:type>
<     <LF:word>DARK-PUNC-MINUS-HAIRED</LF:word>
<     <role:FIGURE rdf:resource="#V33228" />
<     <LF:start>2</LF:start>
<     <LF:end>14</LF:end>
<     <role:WNSENSE>dark-haired%5:00:00</role:WNSENSE>
<   </rdf:Description>
< </rdf:RDF>
< </terms></utt><utt><words><lisp>(W::WEARING W::A W::BLACK W::CAP W::PUNC-COMMA W::A W::YELLOW W::TEE
<  W::PUNC-MINUS W::SHIRT W::PUNC-COMMA W::A W::WHITE W::POLO W::SHIRT W::AND
<  W::AN W::OPEN W::RED W::JACKET W::PUNC-COMMA)</lisp><word>WEARING</word><word>A</word><word>BLACK</word><word>CAP</word><word>PUNC-COMMA</word><word>A</word><word>YELLOW</word><word>TEE</word><word>PUNC-MINUS</word><word>SHIRT</word><word>PUNC-COMMA</word><word>A</word><word>WHITE</word><word>POLO</word><word>SHIRT</word><word>AND</word><word>AN</word><word>OPEN</word><word>RED</word><word>JACKET</word><word>PUNC-COMMA</word></words><tags><lisp>((WORD &quot;wearing&quot; :FRAME (18 25) :SENSE-INFO
<   ((:PENN-PARTS-OF-SPEECH (VBG) :TRIPS-PARTS-OF-SPEECH (W::V))) :UTTNUM 1
<   :CHANNEL DESKTOP :DIRECTION INPUT)
<  (WORD &quot;a&quot; :FRAME (26 27) :SENSE-INFO
<   ((:PENN-PARTS-OF-SPEECH (DT) :TRIPS-PARTS-OF-SPEECH (W::ART W::QUAN W::PRO)))
<   :UTTNUM 1 :CHANNEL DESKTOP :DIRECTION INPUT)
<  (WORD &quot;black&quot; :FRAME (28 33) :SENSE-INFO
<   ((:PENN-PARTS-OF-SPEECH (JJ) :TRIPS-PARTS-OF-SPEECH (W::ADJ))) :UTTNUM 1
<   :CHANNEL DESKTOP :DIRECTION INPUT)
<  (WORD &quot;cap&quot; :FRAME (34 37) :SENSE-INFO
<   ((:PENN-PARTS-OF-SPEECH (NN) :TRIPS-PARTS-OF-SPEECH (W::N))) :UTTNUM 1
<   :CHANNEL DESKTOP :DIRECTION INPUT)
<  (PREFER &quot;a black cap&quot; :FRAME (26 37) :PENN-CATS (NP) :TRIPS-CATS (W::NP)
<   :SCORE 19.242 :UTTNUM 1 :CHANNEL DESKTOP :DIRECTION INPUT)
<  (WORD &quot;,&quot; :FRAME (38 39) :SENSE-INFO
<   ((:PENN-PARTS-OF-SPEECH (COMMA) :TRIPS-PARTS-OF-SPEECH (W::PUNC))) :UTTNUM 1
<   :CHANNEL DESKTOP :DIRECTION INPUT)
<  (WORD &quot;a&quot; :FRAME (40 41) :SENSE-INFO
<   ((:PENN-PARTS-OF-SPEECH (DT) :TRIPS-PARTS-OF-SPEECH (W::ART W::QUAN W::PRO)))
<   :UTTNUM 1 :CHANNEL DESKTOP :DIRECTION INPUT)
<  (WORD &quot;yellow&quot; :FRAME (42 48) :SENSE-INFO
<   ((:PENN-PARTS-OF-SPEECH (NN JJ) :TRIPS-PARTS-OF-SPEECH (W::N W::ADJ)))
<   :UTTNUM 1 :CHANNEL DESKTOP :DIRECTION INPUT)
<  (WORD &quot;tee&quot; :FRAME (49 51) :SENSE-INFO
<   ((:PENN-PARTS-OF-SPEECH (NN) :TRIPS-PARTS-OF-SPEECH (W::N))) :UTTNUM 1
<   :CHANNEL DESKTOP :DIRECTION INPUT)
<  (WORD &quot;-&quot; :FRAME (52 52) :SENSE-INFO
<   ((:PENN-PARTS-OF-SPEECH (COLON) :TRIPS-PARTS-OF-SPEECH (W::PUNC))) :UTTNUM 1
<   :CHANNEL DESKTOP :DIRECTION INPUT)
<  (WORD &quot;shirt&quot; :FRAME (53 58) :SENSE-INFO
<   ((:PENN-PARTS-OF-SPEECH (NN) :TRIPS-PARTS-OF-SPEECH (W::N))) :UTTNUM 1
<   :CHANNEL DESKTOP :DIRECTION INPUT)
<  (WORD &quot;tee-shirt&quot; :FRAME (49 58) :SENSE-INFO
<   ((:PENN-PARTS-OF-SPEECH (NN) :TRIPS-PARTS-OF-SPEECH (W::N))) :UTTNUM 1
<   :CHANNEL DESKTOP :DIRECTION INPUT)
<  (PREFER &quot;a yellow tee-shirt&quot; :FRAME (40 58) :PENN-CATS (NP) :TRIPS-CATS
<   (W::NP) :SCORE 26.543 :UTTNUM 1 :CHANNEL DESKTOP :DIRECTION INPUT)
<  (WORD &quot;,&quot; :FRAME (59 60) :SENSE-INFO
<   ((:PENN-PARTS-OF-SPEECH (COMMA) :TRIPS-PARTS-OF-SPEECH (W::PUNC))) :UTTNUM 1
<   :CHANNEL DESKTOP :DIRECTION INPUT)
<  (WORD &quot;a&quot; :FRAME (61 62) :SENSE-INFO
<   ((:PENN-PARTS-OF-SPEECH (DT) :TRIPS-PARTS-OF-SPEECH (W::ART W::QUAN W::PRO)))
<   :UTTNUM 1 :CHANNEL DESKTOP :DIRECTION INPUT)
<  (WORD &quot;white&quot; :FRAME (63 68) :SENSE-INFO
<   ((:PENN-PARTS-OF-SPEECH (JJ) :TRIPS-PARTS-OF-SPEECH (W::ADJ))) :UTTNUM 1
<   :CHANNEL DESKTOP :DIRECTION INPUT)
<  (WORD &quot;polo&quot; :FRAME (69 73) :SENSE-INFO
<   ((:PENN-PARTS-OF-SPEECH (NN) :TRIPS-PARTS-OF-SPEECH (W::N))) :UTTNUM 1
<   :CHANNEL DESKTOP :DIRECTION INPUT)
<  (WORD &quot;shirt&quot; :FRAME (74 79) :SENSE-INFO
<   ((:PENN-PARTS-OF-SPEECH (NN) :TRIPS-PARTS-OF-SPEECH (W::N))) :UTTNUM 1
<   :CHANNEL DESKTOP :DIRECTION INPUT)
<  (WORD &quot;polo shirt&quot; :FRAME (69 79) :SENSE-INFO
<   ((:PENN-PARTS-OF-SPEECH (NN) :TRIPS-PARTS-OF-SPEECH (W::N) :WN-SENSE-KEYS
<     (&quot;polo_shirt%1:06:00&quot;)))
<   :UTTNUM 1 :CHANNEL DESKTOP :DIRECTION INPUT)
<  (PREFER &quot;a white polo shirt&quot; :FRAME (61 79) :PENN-CATS (NP) :TRIPS-CATS
<   (W::NP) :SCORE 35.96 :UTTNUM 1 :CHANNEL DESKTOP :DIRECTION INPUT)
<  (WORD &quot;and&quot; :FRAME (80 83) :SENSE-INFO
<   ((:PENN-PARTS-OF-SPEECH (CC) :TRIPS-PARTS-OF-SPEECH (W::CONJ))) :UTTNUM 1
<   :CHANNEL DESKTOP :DIRECTION INPUT)
<  (WORD &quot;an&quot; :FRAME (84 86) :SENSE-INFO
<   ((:PENN-PARTS-OF-SPEECH (DT) :TRIPS-PARTS-OF-SPEECH (W::ART W::QUAN W::PRO)))
<   :UTTNUM 1 :CHANNEL DESKTOP :DIRECTION INPUT)
<  (WORD &quot;open&quot; :FRAME (87 91) :SENSE-INFO
<   ((:PENN-PARTS-OF-SPEECH (JJ) :TRIPS-PARTS-OF-SPEECH (W::ADJ))) :UTTNUM 1
<   :CHANNEL DESKTOP :DIRECTION INPUT)
<  (WORD &quot;red&quot; :FRAME (92 95) :SENSE-INFO
<   ((:PENN-PARTS-OF-SPEECH (NN JJ) :TRIPS-PARTS-OF-SPEECH (W::N W::ADJ)))
<   :UTTNUM 1 :CHANNEL DESKTOP :DIRECTION INPUT)
<  (WORD &quot;jacket&quot; :FRAME (96 102) :SENSE-INFO
<   ((:PENN-PARTS-OF-SPEECH (NN) :TRIPS-PARTS-OF-SPEECH (W::N))) :UTTNUM 1
<   :CHANNEL DESKTOP :DIRECTION INPUT)
<  (PREFER &quot;an open red jacket&quot; :FRAME (84 102) :PENN-CATS (NP) :TRIPS-CATS
<   (W::NP) :SCORE 33.054 :UTTNUM 1 :CHANNEL DESKTOP :DIRECTION INPUT)
<  (PREFER
<   &quot;a black cap , a yellow tee-shirt , a white polo shirt and an open red jacket&quot;
<   :FRAME (26 102) :PENN-CATS (NP) :TRIPS-CATS (W::NP) :SCORE 121.147 :UTTNUM 1
<   :CHANNEL DESKTOP :DIRECTION INPUT)
<  (PREFER
<   &quot;wearing a black cap , a yellow tee-shirt , a white polo shirt and an open red jacket&quot;
<   :FRAME (18 102) :PENN-CATS (VP) :TRIPS-CATS (W::VP) :SCORE 130.274 :UTTNUM 1
<   :CHANNEL DESKTOP :DIRECTION INPUT)
<  (PREFER
<   &quot;a dark-haired boy wearing a black cap , a yellow tee-shirt , a white polo shirt and an open red jacket&quot;
<   :FRAME (0 102) :PENN-CATS (NP) :TRIPS-CATS (W::NP) :SCORE 157.715 :UTTNUM 1
<   :CHANNEL DESKTOP :DIRECTION INPUT)
<  (WORD &quot;,&quot; :FRAME (103 104) :SENSE-INFO
<   ((:PENN-PARTS-OF-SPEECH (COMMA) :TRIPS-PARTS-OF-SPEECH (W::PUNC))) :UTTNUM 1
<   :CHANNEL DESKTOP :DIRECTION INPUT))</lisp><word lex="wearing" start="18" end="25"><sense-info penn-parts-of-speech="VBG" trips-parts-of-speech="V" /></word><word lex="a" start="26" end="27"><sense-info penn-parts-of-speech="DT" trips-parts-of-speech="ART,QUAN,PRO" /></word><word lex="black" start="28" end="33"><sense-info penn-parts-of-speech="JJ" trips-parts-of-speech="ADJ" /></word><word lex="cap" start="34" end="37"><sense-info penn-parts-of-speech="NN" trips-parts-of-speech="N" /></word><prefer text="a black cap" start="26" end="37" penn-cats="NP" score="19.242" /><word lex="," start="38" end="39"><sense-info penn-parts-of-speech="COMMA" trips-parts-of-speech="PUNC" /></word><word lex="a" start="40" end="41"><sense-info penn-parts-of-speech="DT" trips-parts-of-speech="ART,QUAN,PRO" /></word><word lex="yellow" start="42" end="48"><sense-info penn-parts-of-speech="NN,JJ" trips-parts-of-speech="N,ADJ" /></word><word lex="tee" start="49" end="51"><sense-info penn-parts-of-speech="NN" trips-parts-of-speech="N" /></word><word lex="-" start="52" end="52"><sense-info penn-parts-of-speech="COLON" trips-parts-of-speech="PUNC" /></word><word lex="shirt" start="53" end="58"><sense-info penn-parts-of-speech="NN" trips-parts-of-speech="N" /></word><word lex="tee-shirt" start="49" end="58"><sense-info penn-parts-of-speech="NN" trips-parts-of-speech="N" /></word><prefer text="a yellow tee-shirt" start="40" end="58" penn-cats="NP" score="26.543" /><word lex="," start="59" end="60"><sense-info penn-parts-of-speech="COMMA" trips-parts-of-speech="PUNC" /></word><word lex="a" start="61" end="62"><sense-info penn-parts-of-speech="DT" trips-parts-of-speech="ART,QUAN,PRO" /></word><word lex="white" start="63" end="68"><sense-info penn-parts-of-speech="JJ" trips-parts-of-speech="ADJ" /></word><word lex="polo" start="69" end="73"><sense-info penn-parts-of-speech="NN" trips-parts-of-speech="N" /></word><word lex="shirt" start="74" end="79"><sense-info penn-parts-of-speech="NN" trips-parts-of-speech="N" /></word><word lex="polo shirt" start="69" end="79"><sense-info penn-parts-of-speech="NN" trips-parts-of-speech="N" wn-sense-keys="polo_shirt%1:06:00" /></word><prefer text="a white polo shirt" start="61" end="79" penn-cats="NP" score="35.96" /><word lex="and" start="80" end="83"><sense-info penn-parts-of-speech="CC" trips-parts-of-speech="CONJ" /></word><word lex="an" start="84" end="86"><sense-info penn-parts-of-speech="DT" trips-parts-of-speech="ART,QUAN,PRO" /></word><word lex="open" start="87" end="91"><sense-info penn-parts-of-speech="JJ" trips-parts-of-speech="ADJ" /></word><word lex="red" start="92" end="95"><sense-info penn-parts-of-speech="NN,JJ" trips-parts-of-speech="N,ADJ" /></word><word lex="jacket" start="96" end="102"><sense-info penn-parts-of-speech="NN" trips-parts-of-speech="N" /></word><prefer text="an open red jacket" start="84" end="102" penn-cats="NP" score="33.054" /><prefer text="a black cap , a yellow tee-shirt , a white polo shirt and an open red jacket" start="26" end="102" penn-cats="NP" score="121.147" /><prefer text="wearing a black cap , a yellow tee-shirt , a white polo shirt and an open red jacket" start="18" end="102" penn-cats="VP" score="130.274" /><prefer text="a dark-haired boy wearing a black cap , a yellow tee-shirt , a white polo shirt and an open red jacket" start="0" end="102" penn-cats="NP" score="157.715" /><word lex="," start="103" end="104"><sense-info penn-parts-of-speech="COMMA" trips-parts-of-speech="PUNC" /></word></tags><tree><lisp>(NP
<  (NP
<   (VP
<    (VP- (V WEARING)
<     (NP
<      (NPSEQ
<       (NPSEQ
<        (NP (SPEC (DET (ART A))) (N1 (ADJP (ADJ1 (ADJ BLACK))) (N1 (N CAP))))
<        (PUNC PUNC-COMMA)
<        (NP (SPEC (DET (ART A)))
<         (N1 (ADJP (ADJ1 (ADJ YELLOW))) (N1 (N TEE PUNC-MINUS SHIRT)))))
<       (PUNC PUNC-COMMA)
<       (NP (SPEC (DET (ART A)))
<        (N1 (ADJP (ADJ1 (ADJ WHITE))) (N1 (N POLO SHIRT)))))
<      (CONJ AND)
<      (NP (SPEC (DET (ART AN)))
<       (N1 (ADJP (ADJ1 (ADJ OPEN)))
<        (N1 (ADJP (ADJ1 (ADJ RED))) (N1 (N JACKET)))))))))
<  (PUNC PUNC-COMMA))</lisp><NP><NP><VP><VP-><V>WEARING</V><NP><NPSEQ><NPSEQ><NP><SPEC><DET><ART>A</ART></DET></SPEC><N1><ADJP><ADJ1><ADJ>BLACK</ADJ></ADJ1></ADJP><N1><N>CAP</N></N1></N1></NP><PUNC>PUNC-COMMA</PUNC><NP><SPEC><DET><ART>A</ART></DET></SPEC><N1><ADJP><ADJ1><ADJ>YELLOW</ADJ></ADJ1></ADJP><N1><N>TEE PUNC-MINUS SHIRT</N></N1></N1></NP></NPSEQ><PUNC>PUNC-COMMA</PUNC><NP><SPEC><DET><ART>A</ART></DET></SPEC><N1><ADJP><ADJ1><ADJ>WHITE</ADJ></ADJ1></ADJP><N1><N>POLO SHIRT</N></N1></N1></NP></NPSEQ><CONJ>AND</CONJ><NP><SPEC><DET><ART>AN</ART></DET></SPEC><N1><ADJP><ADJ1><ADJ>OPEN</ADJ></ADJ1></ADJP><N1><ADJP><ADJ1><ADJ>RED</ADJ></ADJ1></ADJP><N1><N>JACKET</N></N1></N1></N1></NP></NP></VP-></VP></NP><PUNC>PUNC-COMMA</PUNC></NP></tree><terms root="#V33234"><lisp>((ONT::BARE ONT::V33234 (:* ONT::WEAR W::WEAR) :NEUTRAL ONT::V33422 :START 18
<   :END 105)
<  (ONT::A ONT::V33422 ONT::ATTIRE :OPERATOR ONT::AND :SEQUENCE
<   (ONT::V33460 ONT::V33418 ONT::V33284 ONT::V33356) :START 26 :END 103)
<  (ONT::A ONT::V33284 (:* ONT::ATTIRE W::CAP) :MOD ONT::V33281 :START 26 :END
<   38)
<  (ONT::F ONT::V33281 (:* ONT::BLACK W::BLACK) :FIGURE ONT::V33284 :SCALE
<   ONT::BLACKNESS*1--07--00 :START 28 :END 34)
<  (ONT::A ONT::V33356 (:* ONT::ATTIRE W::TEE-PUNC-MINUS-SHIRT) :MOD ONT::V33333
<   :START 40 :END 59)
<  (ONT::F ONT::V33333 (:* ONT::YELLOW W::YELLOW) :FIGURE ONT::V33356 :SCALE
<   ONT::YELLOW*1--07--00 :START 42 :END 49)
<  (ONT::A ONT::V33418 (:* ONT::ATTIRE W::POLO-SHIRT) :MOD ONT::V33403 :START 61
<   :END 80 :WNSENSE &quot;polo_shirt%1:06:00&quot;)
<  (ONT::F ONT::V33403 (:* ONT::WHITE W::WHITE) :FIGURE ONT::V33418 :SCALE
<   ONT::WHITE*1--07--00 :START 63 :END 69)
<  (ONT::A ONT::V33460 (:* ONT::ATTIRE W::JACKET) :MOD ONT::V33434 :MOD
<   ONT::V33447 :START 84 :END 103)
<  (ONT::F ONT::V33434 (:* ONT::ACTIVE-OPEN W::OPEN) :FIGURE ONT::V33460 :START
<   87 :END 92)
<  (ONT::F ONT::V33447 (:* ONT::RED W::RED) :FIGURE ONT::V33460 :SCALE
<   ONT::COLOR-SCALE :START 92 :END 96))</lisp><rdf:RDF
<   xmlns:rdf="http://www.w3.org/1999/02/22-rdf-syntax-ns#"
<   xmlns:role="http://www.cs.rochester.edu/research/trips/role#"
<   xmlns:LF="http://www.cs.rochester.edu/research/trips/LF#">
<   <rdf:Description rdf:ID="V33234">
<     <LF:indicator>BARE</LF:indicator>
<     <LF:type>WEAR</LF:type>
<     <LF:word>WEAR</LF:word>
<     <role:NEUTRAL rdf:resource="#V33422" />
<     <LF:start>18</LF:start>
<     <LF:end>105</LF:end>
<   </rdf:Description>
<   <rdf:Description rdf:ID="V33422">
<     <LF:indicator>A</LF:indicator>
<     <LF:type>ATTIRE</LF:type>
<     <role:OPERATOR>AND</role:OPERATOR>
<     <role:SEQUENCE rdf:resource="#V33460" />
<     <role:SEQUENCE1 rdf:resource="#V33418" />
<     <role:SEQUENCE2 rdf:resource="#V33284" />
<     <role:SEQUENCE3 rdf:resource="#V33356" />
<     <LF:start>26</LF:start>
<     <LF:end>103</LF:end>
<   </rdf:Description>
<   <rdf:Description rdf:ID="V33284">
<     <LF:indicator>A</LF:indicator>
<     <LF:type>ATTIRE</LF:type>
<     <LF:word>CAP</LF:word>
<     <role:MOD rdf:resource="#V33281" />
<     <LF:start>26</LF:start>
<     <LF:end>38</LF:end>
<   </rdf:Description>
<   <rdf:Description rdf:ID="V33281">
<     <LF:indicator>F</LF:indicator>
<     <LF:type>BLACK</LF:type>
<     <LF:word>BLACK</LF:word>
<     <role:FIGURE rdf:resource="#V33284" />
<     <role:SCALE>BLACKNESS*1--07--00</role:SCALE>
<     <LF:start>28</LF:start>
<     <LF:end>34</LF:end>
<   </rdf:Description>
<   <rdf:Description rdf:ID="V33356">
<     <LF:indicator>A</LF:indicator>
<     <LF:type>ATTIRE</LF:type>
<     <LF:word>TEE-PUNC-MINUS-SHIRT</LF:word>
<     <role:MOD rdf:resource="#V33333" />
<     <LF:start>40</LF:start>
<     <LF:end>59</LF:end>
<   </rdf:Description>
<   <rdf:Description rdf:ID="V33333">
<     <LF:indicator>F</LF:indicator>
<     <LF:type>YELLOW</LF:type>
<     <LF:word>YELLOW</LF:word>
<     <role:FIGURE rdf:resource="#V33356" />
<     <role:SCALE>YELLOW*1--07--00</role:SCALE>
<     <LF:start>42</LF:start>
<     <LF:end>49</LF:end>
<   </rdf:Description>
<   <rdf:Description rdf:ID="V33418">
<     <LF:indicator>A</LF:indicator>
<     <LF:type>ATTIRE</LF:type>
<     <LF:word>POLO-SHIRT</LF:word>
<     <role:MOD rdf:resource="#V33403" />
<     <LF:start>61</LF:start>
<     <LF:end>80</LF:end>
<     <role:WNSENSE>polo_shirt%1:06:00</role:WNSENSE>
<   </rdf:Description>
<   <rdf:Description rdf:ID="V33403">
<     <LF:indicator>F</LF:indicator>
<     <LF:type>WHITE</LF:type>
<     <LF:word>WHITE</LF:word>
<     <role:FIGURE rdf:resource="#V33418" />
<     <role:SCALE>WHITE*1--07--00</role:SCALE>
<     <LF:start>63</LF:start>
<     <LF:end>69</LF:end>
<   </rdf:Description>
<   <rdf:Description rdf:ID="V33460">
<     <LF:indicator>A</LF:indicator>
<     <LF:type>ATTIRE</LF:type>
<     <LF:word>JACKET</LF:word>
<     <role:MOD rdf:resource="#V33434" />
<     <role:MOD rdf:resource="#V33447" />
<     <LF:start>84</LF:start>
<     <LF:end>103</LF:end>
<   </rdf:Description>
<   <rdf:Description rdf:ID="V33434">
<     <LF:indicator>F</LF:indicator>
<     <LF:type>ACTIVE-OPEN</LF:type>
<     <LF:word>OPEN</LF:word>
<     <role:FIGURE rdf:resource="#V33460" />
<     <LF:start>87</LF:start>
<     <LF:end>92</LF:end>
<   </rdf:Description>
<   <rdf:Description rdf:ID="V33447">
<     <LF:indicator>F</LF:indicator>
<     <LF:type>RED</LF:type>
<     <LF:word>RED</LF:word>
<     <role:FIGURE rdf:resource="#V33460" />
<     <role:SCALE>COLOR-SCALE</role:SCALE>
<     <LF:start>92</LF:start>
<     <LF:end>96</LF:end>
<   </rdf:Description>
< </rdf:RDF>
< </terms></utt><utt><words><lisp>(W::IS W::STANDING W::IN W::FRONT W::OF W::A W::WHITE W::WALL W::PUNC-PERIOD)</lisp><word>IS</word><word>STANDING</word><word>IN</word><word>FRONT</word><word>OF</word><word>A</word><word>WHITE</word><word>WALL</word><word>PUNC-PERIOD</word></words><tags><lisp>((WORD &quot;is&quot; :FRAME (105 107) :SENSE-INFO
<   ((:PENN-PARTS-OF-SPEECH (VBZ) :TRIPS-PARTS-OF-SPEECH (W::V))) :UTTNUM 1
<   :CHANNEL DESKTOP :DIRECTION INPUT)
<  (WORD &quot;standing&quot; :FRAME (108 116) :SENSE-INFO
<   ((:PENN-PARTS-OF-SPEECH (VBG) :TRIPS-PARTS-OF-SPEECH (W::V))) :UTTNUM 1
<   :CHANNEL DESKTOP :DIRECTION INPUT)
<  (WORD &quot;in&quot; :FRAME (117 119) :SENSE-INFO
<   ((:PENN-PARTS-OF-SPEECH (IN) :TRIPS-PARTS-OF-SPEECH (W::PREP W::ADV)))
<   :UTTNUM 1 :CHANNEL DESKTOP :DIRECTION INPUT)
<  (WORD &quot;standing in&quot; :FRAME (108 119) :SENSE-INFO
<   ((:PENN-PARTS-OF-SPEECH (VBG) :TRIPS-PARTS-OF-SPEECH (W::V) :WN-SENSE-KEYS
<     (&quot;stand_in%2:40:00&quot;)))
<   :UTTNUM 1 :CHANNEL DESKTOP :DIRECTION INPUT)
<  (WORD &quot;front&quot; :FRAME (120 125) :SENSE-INFO
<   ((:PENN-PARTS-OF-SPEECH (NN) :TRIPS-PARTS-OF-SPEECH (W::N))) :UTTNUM 1
<   :CHANNEL DESKTOP :DIRECTION INPUT)
<  (PREFER &quot;front&quot; :FRAME (120 125) :PENN-CATS (NP) :TRIPS-CATS (W::NP) :SCORE
<   10.944 :UTTNUM 1 :CHANNEL DESKTOP :DIRECTION INPUT)
<  (WORD &quot;in front&quot; :FRAME (117 125) :SENSE-INFO
<   ((:PENN-PARTS-OF-SPEECH (RB) :TRIPS-PARTS-OF-SPEECH (W::ADV) :WN-SENSE-KEYS
<     (&quot;in_front%4:02:00&quot;)))
<   :UTTNUM 1 :CHANNEL DESKTOP :DIRECTION INPUT)
<  (WORD &quot;of&quot; :FRAME (126 128) :SENSE-INFO
<   ((:PENN-PARTS-OF-SPEECH (IN) :TRIPS-PARTS-OF-SPEECH (W::PREP W::ADV)))
<   :UTTNUM 1 :CHANNEL DESKTOP :DIRECTION INPUT)
<  (WORD &quot;a&quot; :FRAME (129 130) :SENSE-INFO
<   ((:PENN-PARTS-OF-SPEECH (DT) :TRIPS-PARTS-OF-SPEECH (W::ART W::QUAN W::PRO)))
<   :UTTNUM 1 :CHANNEL DESKTOP :DIRECTION INPUT)
<  (WORD &quot;white&quot; :FRAME (131 136) :SENSE-INFO
<   ((:PENN-PARTS-OF-SPEECH (JJ) :TRIPS-PARTS-OF-SPEECH (W::ADJ))) :UTTNUM 1
<   :CHANNEL DESKTOP :DIRECTION INPUT)
<  (WORD &quot;wall&quot; :FRAME (137 141) :SENSE-INFO
<   ((:PENN-PARTS-OF-SPEECH (NN) :TRIPS-PARTS-OF-SPEECH (W::N))) :UTTNUM 1
<   :CHANNEL DESKTOP :DIRECTION INPUT)
<  (PREFER &quot;a white wall&quot; :FRAME (129 141) :PENN-CATS (NP) :TRIPS-CATS (W::NP)
<   :SCORE 19.823 :UTTNUM 1 :CHANNEL DESKTOP :DIRECTION INPUT)
<  (PREFER &quot;of a white wall&quot; :FRAME (126 141) :PENN-CATS (PP) :TRIPS-CATS (W::PP)
<   :SCORE 20.89 :UTTNUM 1 :CHANNEL DESKTOP :DIRECTION INPUT)
<  (PREFER &quot;front of a white wall&quot; :FRAME (120 141) :PENN-CATS (NP) :TRIPS-CATS
<   (W::NP) :SCORE 32.376 :UTTNUM 1 :CHANNEL DESKTOP :DIRECTION INPUT)
<  (PREFER &quot;in front of a white wall&quot; :FRAME (117 141) :PENN-CATS (PP)
<   :TRIPS-CATS (W::PP) :SCORE 35.584 :UTTNUM 1 :CHANNEL DESKTOP :DIRECTION
<   INPUT)
<  (PREFER &quot;standing in front of a white wall&quot; :FRAME (108 141) :PENN-CATS (VP)
<   :TRIPS-CATS (W::VP) :SCORE 44.758 :UTTNUM 1 :CHANNEL DESKTOP :DIRECTION
<   INPUT)
<  (PREFER &quot;is standing in front of a white wall&quot; :FRAME (105 141) :PENN-CATS
<   (VP) :TRIPS-CATS (W::VP) :SCORE 49.018 :UTTNUM 1 :CHANNEL DESKTOP :DIRECTION
<   INPUT)
<  (WORD &quot;.&quot; :FRAME (142 142) :SENSE-INFO
<   ((:PENN-PARTS-OF-SPEECH (FULL_STOP) :TRIPS-PARTS-OF-SPEECH (W::PUNC)))
<   :UTTNUM 1 :CHANNEL DESKTOP :DIRECTION INPUT)
<  (PREFER
<   &quot;a dark-haired boy wearing a black cap , a yellow tee-shirt , a white polo shirt and an open red jacket , is standing in front of a white wall .&quot;
<   :FRAME (0 142) :PENN-CATS (S) :SCORE 214.221 :UTTNUM 1 :CHANNEL DESKTOP
<   :DIRECTION INPUT))</lisp><word lex="is" start="105" end="107"><sense-info penn-parts-of-speech="VBZ" trips-parts-of-speech="V" /></word><word lex="standing" start="108" end="116"><sense-info penn-parts-of-speech="VBG" trips-parts-of-speech="V" /></word><word lex="in" start="117" end="119"><sense-info penn-parts-of-speech="IN" trips-parts-of-speech="PREP,ADV" /></word><word lex="standing in" start="108" end="119"><sense-info penn-parts-of-speech="VBG" trips-parts-of-speech="V" wn-sense-keys="stand_in%2:40:00" /></word><word lex="front" start="120" end="125"><sense-info penn-parts-of-speech="NN" trips-parts-of-speech="N" /></word><prefer text="front" start="120" end="125" penn-cats="NP" score="10.944" /><word lex="in front" start="117" end="125"><sense-info penn-parts-of-speech="RB" trips-parts-of-speech="ADV" wn-sense-keys="in_front%4:02:00" /></word><word lex="of" start="126" end="128"><sense-info penn-parts-of-speech="IN" trips-parts-of-speech="PREP,ADV" /></word><word lex="a" start="129" end="130"><sense-info penn-parts-of-speech="DT" trips-parts-of-speech="ART,QUAN,PRO" /></word><word lex="white" start="131" end="136"><sense-info penn-parts-of-speech="JJ" trips-parts-of-speech="ADJ" /></word><word lex="wall" start="137" end="141"><sense-info penn-parts-of-speech="NN" trips-parts-of-speech="N" /></word><prefer text="a white wall" start="129" end="141" penn-cats="NP" score="19.823" /><prefer text="of a white wall" start="126" end="141" penn-cats="PP" score="20.89" /><prefer text="front of a white wall" start="120" end="141" penn-cats="NP" score="32.376" /><prefer text="in front of a white wall" start="117" end="141" penn-cats="PP" score="35.584" /><prefer text="standing in front of a white wall" start="108" end="141" penn-cats="VP" score="44.758" /><prefer text="is standing in front of a white wall" start="105" end="141" penn-cats="VP" score="49.018" /><word lex="." start="142" end="142"><sense-info penn-parts-of-speech="FULL_STOP" trips-parts-of-speech="PUNC" /></word><prefer text="a dark-haired boy wearing a black cap , a yellow tee-shirt , a white polo shirt and an open red jacket , is standing in front of a white wall ." start="0" end="142" penn-cats="S" score="214.221" /></tags><tree><lisp>(UTT
<  (UTT
<   (S (V IS) (NP (N1 (V STANDING IN)))
<    (NP
<     (N1 (N FRONT)
<      (PP (PREP OF)
<       (NP (SPEC (DET (ART A)))
<        (N1 (ADJP (ADJ1 (ADJ WHITE))) (N1 (N WALL)))))))))
<  (PUNC PUNC-PERIOD))</lisp><UTT><UTT><S><V>IS</V><NP><N1><V>STANDING IN</V></N1></NP><NP><N1><N>FRONT</N><PP><PREP>OF</PREP><NP><SPEC><DET><ART>A</ART></DET></SPEC><N1><ADJP><ADJ1><ADJ>WHITE</ADJ></ADJ1></ADJP><N1><N>WALL</N></N1></N1></NP></PP></N1></NP></S></UTT><PUNC>PUNC-PERIOD</PUNC></UTT></tree><terms root="#V34028"><lisp>((ONT::SPEECHACT ONT::V34028 ONT::SA_YN-QUESTION :PUNCTYPE W::DECL :CONTENT
<   ONT::V33472 :START 105 :END 142)
<  (ONT::F ONT::V33472 (:* ONT::BE W::BE) :NEUTRAL ONT::V33553 :NEUTRAL1
<   ONT::V33559 :TENSE W::PRES :START 105 :END 142)
<  (ONT::BARE ONT::V33553 (:* ONT::EXCHANGE W::STANDING-IN) :START 108 :END 120
<   :WNSENSE &quot;stand_in%2:40:00&quot;)
<  (ONT::BARE ONT::V33559 (:* ONT::OBJECT-DEPENDENT-LOCATION W::FRONT) :FIGURE
<   ONT::V33668 :START 120 :END 142)
<  (ONT::A ONT::V33668 (:* ONT::STRUCTURE-INTERNAL-COMPONENT W::WALL) :MOD
<   ONT::V33661 :START 126 :END 142)
<  (ONT::F ONT::V33661 (:* ONT::WHITE W::WHITE) :FIGURE ONT::V33668 :SCALE
<   ONT::WHITE*1--07--00 :START 131 :END 137))</lisp><rdf:RDF
<   xmlns:rdf="http://www.w3.org/1999/02/22-rdf-syntax-ns#"
<   xmlns:role="http://www.cs.rochester.edu/research/trips/role#"
<   xmlns:LF="http://www.cs.rochester.edu/research/trips/LF#">
<   <rdf:Description rdf:ID="V34028">
<     <LF:indicator>SPEECHACT</LF:indicator>
<     <LF:type>SA_YN-QUESTION</LF:type>
<     <role:PUNCTYPE>DECL</role:PUNCTYPE>
<     <role:CONTENT rdf:resource="#V33472" />
<     <LF:start>105</LF:start>
<     <LF:end>142</LF:end>
<   </rdf:Description>
<   <rdf:Description rdf:ID="V33472">
<     <LF:indicator>F</LF:indicator>
<     <LF:type>BE</LF:type>
<     <LF:word>BE</LF:word>
<     <role:NEUTRAL rdf:resource="#V33553" />
<     <role:NEUTRAL1 rdf:resource="#V33559" />
<     <role:TENSE>PRES</role:TENSE>
<     <LF:start>105</LF:start>
<     <LF:end>142</LF:end>
<   </rdf:Description>
<   <rdf:Description rdf:ID="V33553">
<     <LF:indicator>BARE</LF:indicator>
<     <LF:type>EXCHANGE</LF:type>
<     <LF:word>STANDING-IN</LF:word>
<     <LF:start>108</LF:start>
<     <LF:end>120</LF:end>
<     <role:WNSENSE>stand_in%2:40:00</role:WNSENSE>
<   </rdf:Description>
<   <rdf:Description rdf:ID="V33559">
<     <LF:indicator>BARE</LF:indicator>
<     <LF:type>OBJECT-DEPENDENT-LOCATION</LF:type>
<     <LF:word>FRONT</LF:word>
<     <role:FIGURE rdf:resource="#V33668" />
<     <LF:start>120</LF:start>
<     <LF:end>142</LF:end>
<   </rdf:Description>
<   <rdf:Description rdf:ID="V33668">
<     <LF:indicator>A</LF:indicator>
<     <LF:type>STRUCTURE-INTERNAL-COMPONENT</LF:type>
<     <LF:word>WALL</LF:word>
<     <role:MOD rdf:resource="#V33661" />
<     <LF:start>126</LF:start>
<     <LF:end>142</LF:end>
<   </rdf:Description>
<   <rdf:Description rdf:ID="V33661">
<     <LF:indicator>F</LF:indicator>
<     <LF:type>WHITE</LF:type>
<     <LF:word>WHITE</LF:word>
<     <role:FIGURE rdf:resource="#V33668" />
<     <role:SCALE>WHITE*1--07--00</role:SCALE>
<     <LF:start>131</LF:start>
<     <LF:end>137</LF:end>
<   </rdf:Description>
< </rdf:RDF>
< </terms></utt></compound-communication-act>
< </trips-parser-output>
\ No newline at end of file
---
> <SpRL>
>  <SCENE>
>   <SENTENCE id="s1" indicator="A" type="MALE-CHILD" text="BOY" start="0" end="18">
>    <TEXT>a dark-haired boy w</TEXT>
>    <RELATION id="1" head="V33228" res="V33225" label="MOD"/>
>    <PHRASE id="V33225" indicator="F" type="MODIFIER" text="DARK-PUNC-MINUS-HAIRED" start="2" end="14" WNSENSE="dark-haired%5:00:00"/>
>    <RELATION id="2" head="V33225" res="V33228" label="FIGURE"/>
>   </SENTENCE>
>   <SENTENCE id="s2" indicator="BARE" type="WEAR" text="WEAR" start="18" end="105">
>    <TEXT>wearing a black cap , a yellow tee-shirt , a white polo shirt and an open red jacket , i</TEXT>
>    <RELATION id="3" head="V33234" res="V33422" label="NEUTRAL"/>
>    <PHRASE id="V33422" indicator="A" type="ATTIRE" OPERATOR="AND" start="26" end="103"/>
>    <RELATION id="4" head="V33422" res="V33460" label="SEQUENCE"/>
>    <RELATION id="5" head="V33422" res="V33418" label="SEQUENCE1"/>
>    <RELATION id="6" head="V33422" res="V33284" label="SEQUENCE2"/>
>    <RELATION id="7" head="V33422" res="V33356" label="SEQUENCE3"/>
>    <PHRASE id="V33284" indicator="A" type="ATTIRE" text="CAP" start="26" end="38"/>
>    <RELATION id="8" head="V33284" res="V33281" label="MOD"/>
>    <PHRASE id="V33281" indicator="F" type="BLACK" text="BLACK" SCALE="BLACKNESS*1--07--00" start="28" end="34"/>
>    <RELATION id="9" head="V33281" res="V33284" label="FIGURE"/>
>    <PHRASE id="V33356" indicator="A" type="ATTIRE" text="TEE-PUNC-MINUS-SHIRT" start="40" end="59"/>
>    <RELATION id="10" head="V33356" res="V33333" label="MOD"/>
>    <PHRASE id="V33333" indicator="F" type="YELLOW" text="YELLOW" SCALE="YELLOW*1--07--00" start="42" end="49"/>
>    <RELATION id="11" head="V33333" res="V33356" label="FIGURE"/>
>    <PHRASE id="V33418" indicator="A" type="ATTIRE" text="POLO-SHIRT" start="61" end="80" WNSENSE="polo_shirt%1:06:00"/>
>    <RELATION id="12" head="V33418" res="V33403" label="MOD"/>
>    <PHRASE id="V33403" indicator="F" type="WHITE" text="WHITE" SCALE="WHITE*1--07--00" start="63" end="69"/>
>    <RELATION id="13" head="V33403" res="V33418" label="FIGURE"/>
>    <PHRASE id="V33460" indicator="A" type="ATTIRE" text="JACKET" start="84" end="103"/>
>    <RELATION id="14" head="V33460" res="V33434" label="MOD"/>
>    <RELATION id="15" head="V33460" res="V33447" label="MOD"/>
>    <PHRASE id="V33434" indicator="F" type="ACTIVE-OPEN" text="OPEN" start="87" end="92"/>
>    <RELATION id="16" head="V33434" res="V33460" label="FIGURE"/>
>    <PHRASE id="V33447" indicator="F" type="RED" text="RED" SCALE="COLOR-SCALE" start="92" end="96"/>
>    <RELATION id="17" head="V33447" res="V33460" label="FIGURE"/>
>   </SENTENCE>
>   <SENTENCE id="s3" indicator="SPEECHACT" type="SA_YN-QUESTION" PUNCTYPE="DECL" start="105" end="142">
>    <TEXT>is standing in front of a white wall .</TEXT>
>    <RELATION id="18" head="V34028" res="V33472" label="CONTENT"/>
>    <PHRASE id="V33472" indicator="F" type="BE" text="BE" TENSE="PRES" start="105" end="142"/>
>    <RELATION id="19" head="V33472" res="V33553" label="NEUTRAL"/>
>    <RELATION id="20" head="V33472" res="V33559" label="NEUTRAL1"/>
>    <PHRASE id="V33553" indicator="BARE" type="EXCHANGE" text="STANDING-IN" start="108" end="120" WNSENSE="stand_in%2:40:00"/>
>    <PHRASE id="V33559" indicator="BARE" type="OBJECT-DEPENDENT-LOCATION" text="FRONT" start="120" end="142"/>
>    <RELATION id="21" head="V33559" res="V33668" label="FIGURE"/>
>    <PHRASE id="V33668" indicator="A" type="STRUCTURE-INTERNAL-COMPONENT" text="WALL" start="126" end="142"/>
>    <RELATION id="22" head="V33668" res="V33661" label="MOD"/>
>    <PHRASE id="V33661" indicator="F" type="WHITE" text="WHITE" SCALE="WHITE*1--07--00" start="131" end="137"/>
>    <RELATION id="23" head="V33661" res="V33668" label="FIGURE"/>
>   </SENTENCE>
>  </SCENE>
> </SpRL>
