2,399c2,55
< <?xml-stylesheet type="text/xsl" href="../style/parser-interface.xsl"?>
< <!DOCTYPE trips-parser-output SYSTEM "../trips-parser-output.dtd">
< <trips-parser-output parser-build-date="2017-09-20T12:11:02-0500" system="STEP" extsformat="svg" tagsformat="hidden" treecontents="phrase" treeformat="LinGO" lfformat="svg" semantic-skeleton-scoring="T" rule-sets="" input="a dark-haired , dark-skinned boy in a black tee-shirt and a light blue name tag is standing in front of all the desks in a classroom .
< ">
< <debug>
< *last-utt-id*=NIL  utt-id+42
< *last-utt-id*=42  utt-id+42
< *last-utt-id*=42  utt-id+42
< *last-utt-id*=42  utt-id+42
< *last-utt-id*=42  utt-id+NIL</debug><compound-communication-act>
< <utt><words><lisp>(W::DARK W::PUNC-MINUS W::SKINNED W::BOY)</lisp><word>DARK</word><word>PUNC-MINUS</word><word>SKINNED</word><word>BOY</word></words><tags><lisp>((WORD &quot;a&quot; :FRAME (0 1) :SENSE-INFO
<   ((:PENN-PARTS-OF-SPEECH (DT) :TRIPS-PARTS-OF-SPEECH (W::ART W::QUAN W::PRO)))
<   :UTTNUM 42 :CHANNEL DESKTOP :DIRECTION INPUT)
<  (WORD &quot;dark&quot; :FRAME (2 5) :SENSE-INFO
<   ((:PENN-PARTS-OF-SPEECH (NN) :TRIPS-PARTS-OF-SPEECH (W::N))) :UTTNUM 42
<   :CHANNEL DESKTOP :DIRECTION INPUT)
<  (WORD &quot;-&quot; :FRAME (6 6) :SENSE-INFO
<   ((:PENN-PARTS-OF-SPEECH (COLON) :TRIPS-PARTS-OF-SPEECH (W::PUNC))) :UTTNUM 42
<   :CHANNEL DESKTOP :DIRECTION INPUT)
<  (WORD &quot;haired&quot; :FRAME (7 13) :SENSE-INFO
<   ((:PENN-PARTS-OF-SPEECH (JJ) :TRIPS-PARTS-OF-SPEECH (W::ADJ))) :UTTNUM 42
<   :CHANNEL DESKTOP :DIRECTION INPUT)
<  (WORD &quot;dark-haired&quot; :FRAME (2 13) :SENSE-INFO
<   ((:PENN-PARTS-OF-SPEECH (JJ) :TRIPS-PARTS-OF-SPEECH (W::ADJ) :WN-SENSE-KEYS
<     (&quot;dark-haired%5:00:00&quot;)))
<   :UTTNUM 42 :CHANNEL DESKTOP :DIRECTION INPUT)
<  (WORD &quot;,&quot; :FRAME (14 15) :SENSE-INFO
<   ((:PENN-PARTS-OF-SPEECH (COMMA) :TRIPS-PARTS-OF-SPEECH (W::PUNC))) :UTTNUM 42
<   :CHANNEL DESKTOP :DIRECTION INPUT)
<  (WORD &quot;dark&quot; :FRAME (16 19) :SENSE-INFO
<   ((:PENN-PARTS-OF-SPEECH (JJ) :TRIPS-PARTS-OF-SPEECH (W::ADJ))) :UTTNUM 42
<   :CHANNEL DESKTOP :DIRECTION INPUT)
<  (WORD &quot;-&quot; :FRAME (20 20) :SENSE-INFO
<   ((:PENN-PARTS-OF-SPEECH (COLON) :TRIPS-PARTS-OF-SPEECH (W::PUNC))) :UTTNUM 42
<   :CHANNEL DESKTOP :DIRECTION INPUT)
<  (WORD &quot;skinned&quot; :FRAME (21 28) :SENSE-INFO
<   ((:PENN-PARTS-OF-SPEECH (VBN) :TRIPS-PARTS-OF-SPEECH (W::V))) :UTTNUM 42
<   :CHANNEL DESKTOP :DIRECTION INPUT)
<  (WORD &quot;dark-skinned&quot; :FRAME (16 28) :SENSE-INFO
<   ((:PENN-PARTS-OF-SPEECH (JJ) :TRIPS-PARTS-OF-SPEECH (W::ADJ) :WN-SENSE-KEYS
<     (&quot;dark-skinned%5:00:00&quot;)))
<   :UTTNUM 42 :CHANNEL DESKTOP :DIRECTION INPUT)
<  (WORD &quot;boy&quot; :FRAME (29 32) :SENSE-INFO
<   ((:PENN-PARTS-OF-SPEECH (NN) :TRIPS-PARTS-OF-SPEECH (W::N))) :UTTNUM 42
<   :CHANNEL DESKTOP :DIRECTION INPUT)
<  (PREFER &quot;a dark-haired , dark-skinned boy&quot; :FRAME (0 32) :PENN-CATS (NP)
<   :TRIPS-CATS (W::NP) :SCORE 40.958 :UTTNUM 42 :CHANNEL DESKTOP :DIRECTION
<   INPUT))</lisp><word lex="a" start="0" end="1"><sense-info penn-parts-of-speech="DT" trips-parts-of-speech="ART,QUAN,PRO" /></word><word lex="dark" start="2" end="5"><sense-info penn-parts-of-speech="NN" trips-parts-of-speech="N" /></word><word lex="-" start="6" end="6"><sense-info penn-parts-of-speech="COLON" trips-parts-of-speech="PUNC" /></word><word lex="haired" start="7" end="13"><sense-info penn-parts-of-speech="JJ" trips-parts-of-speech="ADJ" /></word><word lex="dark-haired" start="2" end="13"><sense-info penn-parts-of-speech="JJ" trips-parts-of-speech="ADJ" wn-sense-keys="dark-haired%5:00:00" /></word><word lex="," start="14" end="15"><sense-info penn-parts-of-speech="COMMA" trips-parts-of-speech="PUNC" /></word><word lex="dark" start="16" end="19"><sense-info penn-parts-of-speech="JJ" trips-parts-of-speech="ADJ" /></word><word lex="-" start="20" end="20"><sense-info penn-parts-of-speech="COLON" trips-parts-of-speech="PUNC" /></word><word lex="skinned" start="21" end="28"><sense-info penn-parts-of-speech="VBN" trips-parts-of-speech="V" /></word><word lex="dark-skinned" start="16" end="28"><sense-info penn-parts-of-speech="JJ" trips-parts-of-speech="ADJ" wn-sense-keys="dark-skinned%5:00:00" /></word><word lex="boy" start="29" end="32"><sense-info penn-parts-of-speech="NN" trips-parts-of-speech="N" /></word><prefer text="a dark-haired , dark-skinned boy" start="0" end="32" penn-cats="NP" score="40.958" /></tags><tree><lisp>(DET (ART A))</lisp><DET><ART>A</ART></DET></tree><terms root="#V206291"><lisp>((ONT::BARE ONT::V206291 (:* ONT::MALE-CHILD W::BOY) :MOD ONT::V206263 :MOD
<   ONT::V206276 :START 16 :END 33)
<  (ONT::F ONT::V206263 (:* ONT::DARK-VAL W::DARK) :FIGURE ONT::V206291 :START 16
<   :END 20)
<  (ONT::F ONT::V206276 (:* ONT::MOVE W::SKINNED) :AFFECTED ONT::V206291 :START
<   21 :END 29))</lisp><rdf:RDF
<   xmlns:rdf="http://www.w3.org/1999/02/22-rdf-syntax-ns#"
<   xmlns:role="http://www.cs.rochester.edu/research/trips/role#"
<   xmlns:LF="http://www.cs.rochester.edu/research/trips/LF#">
<   <rdf:Description rdf:ID="V206291">
<     <LF:indicator>BARE</LF:indicator>
<     <LF:type>MALE-CHILD</LF:type>
<     <LF:word>BOY</LF:word>
<     <role:MOD rdf:resource="#V206263" />
<     <role:MOD rdf:resource="#V206276" />
<     <LF:start>16</LF:start>
<     <LF:end>33</LF:end>
<   </rdf:Description>
<   <rdf:Description rdf:ID="V206263">
<     <LF:indicator>F</LF:indicator>
<     <LF:type>DARK-VAL</LF:type>
<     <LF:word>DARK</LF:word>
<     <role:FIGURE rdf:resource="#V206291" />
<     <LF:start>16</LF:start>
<     <LF:end>20</LF:end>
<   </rdf:Description>
<   <rdf:Description rdf:ID="V206276">
<     <LF:indicator>F</LF:indicator>
<     <LF:type>MOVE</LF:type>
<     <LF:word>SKINNED</LF:word>
<     <role:AFFECTED rdf:resource="#V206291" />
<     <LF:start>21</LF:start>
<     <LF:end>29</LF:end>
<   </rdf:Description>
< </rdf:RDF>
< </terms></utt><utt><words><lisp>(W::IN)</lisp><word>IN</word></words><tags><lisp>((WORD &quot;in&quot; :FRAME (33 35) :SENSE-INFO
<   ((:PENN-PARTS-OF-SPEECH (IN) :TRIPS-PARTS-OF-SPEECH (W::PREP W::ADV)))
<   :UTTNUM 42 :CHANNEL DESKTOP :DIRECTION INPUT))</lisp><word lex="in" start="33" end="35"><sense-info penn-parts-of-speech="IN" trips-parts-of-speech="PREP,ADV" /></word></tags><tree><lisp>(WORD DARK PUNC-MINUS HAIRED)</lisp><WORD>DARK PUNC-MINUS HAIRED</WORD></tree><terms root="#V206299"><lisp>((ONT::F ONT::V206299 (:* ONT::DIRECTION W::IN) :START 33 :END 36))</lisp><rdf:RDF
<   xmlns:rdf="http://www.w3.org/1999/02/22-rdf-syntax-ns#"
<   xmlns:role="http://www.cs.rochester.edu/research/trips/role#"
<   xmlns:LF="http://www.cs.rochester.edu/research/trips/LF#">
<   <rdf:Description rdf:ID="V206299">
<     <LF:indicator>F</LF:indicator>
<     <LF:type>DIRECTION</LF:type>
<     <LF:word>IN</LF:word>
<     <LF:start>33</LF:start>
<     <LF:end>36</LF:end>
<   </rdf:Description>
< </rdf:RDF>
< </terms></utt><utt><words><lisp>(W::A W::BLACK W::TEE W::PUNC-MINUS W::SHIRT W::AND W::A W::LIGHT W::BLUE)</lisp><word>A</word><word>BLACK</word><word>TEE</word><word>PUNC-MINUS</word><word>SHIRT</word><word>AND</word><word>A</word><word>LIGHT</word><word>BLUE</word></words><tags><lisp>((WORD &quot;a&quot; :FRAME (36 37) :SENSE-INFO
<   ((:PENN-PARTS-OF-SPEECH (DT) :TRIPS-PARTS-OF-SPEECH (W::ART W::QUAN W::PRO)))
<   :UTTNUM 42 :CHANNEL DESKTOP :DIRECTION INPUT)
<  (WORD &quot;black&quot; :FRAME (38 43) :SENSE-INFO
<   ((:PENN-PARTS-OF-SPEECH (JJ) :TRIPS-PARTS-OF-SPEECH (W::ADJ))) :UTTNUM 42
<   :CHANNEL DESKTOP :DIRECTION INPUT)
<  (WORD &quot;tee&quot; :FRAME (44 46) :SENSE-INFO
<   ((:PENN-PARTS-OF-SPEECH (NN) :TRIPS-PARTS-OF-SPEECH (W::N))) :UTTNUM 42
<   :CHANNEL DESKTOP :DIRECTION INPUT)
<  (WORD &quot;-&quot; :FRAME (47 47) :SENSE-INFO
<   ((:PENN-PARTS-OF-SPEECH (COLON) :TRIPS-PARTS-OF-SPEECH (W::PUNC))) :UTTNUM 42
<   :CHANNEL DESKTOP :DIRECTION INPUT)
<  (WORD &quot;shirt&quot; :FRAME (48 53) :SENSE-INFO
<   ((:PENN-PARTS-OF-SPEECH (NN) :TRIPS-PARTS-OF-SPEECH (W::N))) :UTTNUM 42
<   :CHANNEL DESKTOP :DIRECTION INPUT)
<  (WORD &quot;tee-shirt&quot; :FRAME (44 53) :SENSE-INFO
<   ((:PENN-PARTS-OF-SPEECH (NN) :TRIPS-PARTS-OF-SPEECH (W::N))) :UTTNUM 42
<   :CHANNEL DESKTOP :DIRECTION INPUT)
<  (PREFER &quot;a black tee-shirt&quot; :FRAME (36 53) :PENN-CATS (NP) :TRIPS-CATS (W::NP)
<   :SCORE 23.505 :UTTNUM 42 :CHANNEL DESKTOP :DIRECTION INPUT)
<  (WORD &quot;and&quot; :FRAME (54 57) :SENSE-INFO
<   ((:PENN-PARTS-OF-SPEECH (CC) :TRIPS-PARTS-OF-SPEECH (W::CONJ))) :UTTNUM 42
<   :CHANNEL DESKTOP :DIRECTION INPUT)
<  (WORD &quot;a&quot; :FRAME (58 59) :SENSE-INFO
<   ((:PENN-PARTS-OF-SPEECH (DT) :TRIPS-PARTS-OF-SPEECH (W::ART W::QUAN W::PRO)))
<   :UTTNUM 42 :CHANNEL DESKTOP :DIRECTION INPUT)
<  (WORD &quot;light&quot; :FRAME (60 65) :SENSE-INFO
<   ((:PENN-PARTS-OF-SPEECH (JJ) :TRIPS-PARTS-OF-SPEECH (W::ADJ))) :UTTNUM 42
<   :CHANNEL DESKTOP :DIRECTION INPUT)
<  (WORD &quot;blue&quot; :FRAME (66 70) :SENSE-INFO
<   ((:PENN-PARTS-OF-SPEECH (NN JJ) :TRIPS-PARTS-OF-SPEECH (W::N W::ADJ)))
<   :UTTNUM 42 :CHANNEL DESKTOP :DIRECTION INPUT))</lisp><word lex="a" start="36" end="37"><sense-info penn-parts-of-speech="DT" trips-parts-of-speech="ART,QUAN,PRO" /></word><word lex="black" start="38" end="43"><sense-info penn-parts-of-speech="JJ" trips-parts-of-speech="ADJ" /></word><word lex="tee" start="44" end="46"><sense-info penn-parts-of-speech="NN" trips-parts-of-speech="N" /></word><word lex="-" start="47" end="47"><sense-info penn-parts-of-speech="COLON" trips-parts-of-speech="PUNC" /></word><word lex="shirt" start="48" end="53"><sense-info penn-parts-of-speech="NN" trips-parts-of-speech="N" /></word><word lex="tee-shirt" start="44" end="53"><sense-info penn-parts-of-speech="NN" trips-parts-of-speech="N" /></word><prefer text="a black tee-shirt" start="36" end="53" penn-cats="NP" score="23.505" /><word lex="and" start="54" end="57"><sense-info penn-parts-of-speech="CC" trips-parts-of-speech="CONJ" /></word><word lex="a" start="58" end="59"><sense-info penn-parts-of-speech="DT" trips-parts-of-speech="ART,QUAN,PRO" /></word><word lex="light" start="60" end="65"><sense-info penn-parts-of-speech="JJ" trips-parts-of-speech="ADJ" /></word><word lex="blue" start="66" end="70"><sense-info penn-parts-of-speech="NN,JJ" trips-parts-of-speech="N,ADJ" /></word></tags><tree><lisp>(PUNC PUNC-COMMA)</lisp><PUNC>PUNC-COMMA</PUNC></tree><terms root="#V206410"><lisp>((ONT::INDEF-SET ONT::V206410 ONT::ATTIRE :OPERATOR ONT::AND :SEQUENCE
<   (ONT::V206406 ONT::V206492) :START 36 :END 71)
<  (ONT::A ONT::V206406 (:* ONT::ATTIRE W::TEE-PUNC-MINUS-SHIRT) :MOD
<   ONT::V206388 :START 36 :END 54)
<  (ONT::F ONT::V206388 (:* ONT::BLACK W::BLACK) :FIGURE ONT::V206406 :SCALE
<   ONT::BLACKNESS*1--07--00 :START 38 :END 44)
<  (ONT::A ONT::V206492 (:* ONT::ATTIRE W::BLUE) :MOD ONT::V206460 :START 58 :END
<   71)
<  (ONT::F ONT::V206460 (:* ONT::LIGHTWEIGHT W::LIGHT) :ORIENTATION ONT::LESS
<   :INTENSITY ONT::HI :FIGURE ONT::V206492 :SCALE ONT::WEIGHT-SCALE :START 60
<   :END 66))</lisp><rdf:RDF
<   xmlns:rdf="http://www.w3.org/1999/02/22-rdf-syntax-ns#"
<   xmlns:role="http://www.cs.rochester.edu/research/trips/role#"
<   xmlns:LF="http://www.cs.rochester.edu/research/trips/LF#">
<   <rdf:Description rdf:ID="V206410">
<     <LF:indicator>INDEF-SET</LF:indicator>
<     <LF:type>ATTIRE</LF:type>
<     <role:OPERATOR>AND</role:OPERATOR>
<     <role:SEQUENCE rdf:resource="#V206406" />
<     <role:SEQUENCE1 rdf:resource="#V206492" />
<     <LF:start>36</LF:start>
<     <LF:end>71</LF:end>
<   </rdf:Description>
<   <rdf:Description rdf:ID="V206406">
<     <LF:indicator>A</LF:indicator>
<     <LF:type>ATTIRE</LF:type>
<     <LF:word>TEE-PUNC-MINUS-SHIRT</LF:word>
<     <role:MOD rdf:resource="#V206388" />
<     <LF:start>36</LF:start>
<     <LF:end>54</LF:end>
<   </rdf:Description>
<   <rdf:Description rdf:ID="V206388">
<     <LF:indicator>F</LF:indicator>
<     <LF:type>BLACK</LF:type>
<     <LF:word>BLACK</LF:word>
<     <role:FIGURE rdf:resource="#V206406" />
<     <role:SCALE>BLACKNESS*1--07--00</role:SCALE>
<     <LF:start>38</LF:start>
<     <LF:end>44</LF:end>
<   </rdf:Description>
<   <rdf:Description rdf:ID="V206492">
<     <LF:indicator>A</LF:indicator>
<     <LF:type>ATTIRE</LF:type>
<     <LF:word>BLUE</LF:word>
<     <role:MOD rdf:resource="#V206460" />
<     <LF:start>58</LF:start>
<     <LF:end>71</LF:end>
<   </rdf:Description>
<   <rdf:Description rdf:ID="V206460">
<     <LF:indicator>F</LF:indicator>
<     <LF:type>LIGHTWEIGHT</LF:type>
<     <LF:word>LIGHT</LF:word>
<     <role:ORIENTATION>LESS</role:ORIENTATION>
<     <role:INTENSITY>HI</role:INTENSITY>
<     <role:FIGURE rdf:resource="#V206492" />
<     <role:SCALE>WEIGHT-SCALE</role:SCALE>
<     <LF:start>60</LF:start>
<     <LF:end>66</LF:end>
<   </rdf:Description>
< </rdf:RDF>
< </terms></utt><utt><words><lisp>(W::NAME W::TAG W::IS W::STANDING W::IN W::FRONT W::OF W::ALL W::THE W::DESKS
<  W::IN W::A W::CLASSROOM W::PUNC-PERIOD)</lisp><word>NAME</word><word>TAG</word><word>IS</word><word>STANDING</word><word>IN</word><word>FRONT</word><word>OF</word><word>ALL</word><word>THE</word><word>DESKS</word><word>IN</word><word>A</word><word>CLASSROOM</word><word>PUNC-PERIOD</word></words><tags><lisp>((WORD &quot;name&quot; :FRAME (71 75) :SENSE-INFO
<   ((:PENN-PARTS-OF-SPEECH (NN) :TRIPS-PARTS-OF-SPEECH (W::N))) :UTTNUM 42
<   :CHANNEL DESKTOP :DIRECTION INPUT)
<  (WORD &quot;tag&quot; :FRAME (76 79) :SENSE-INFO
<   ((:PENN-PARTS-OF-SPEECH (NN) :TRIPS-PARTS-OF-SPEECH (W::N))) :UTTNUM 42
<   :CHANNEL DESKTOP :DIRECTION INPUT)
<  (WORD &quot;name tag&quot; :FRAME (71 79) :SENSE-INFO
<   ((:PENN-PARTS-OF-SPEECH (NN) :TRIPS-PARTS-OF-SPEECH (W::N) :WN-SENSE-KEYS
<     (&quot;name_tag%1:10:00&quot;)))
<   :UTTNUM 42 :CHANNEL DESKTOP :DIRECTION INPUT)
<  (PREFER &quot;a light blue name tag&quot; :FRAME (58 79) :PENN-CATS (NP) :TRIPS-CATS
<   (W::NP) :SCORE 41.207 :UTTNUM 42 :CHANNEL DESKTOP :DIRECTION INPUT)
<  (PREFER &quot;a black tee-shirt and a light blue name tag&quot; :FRAME (36 79)
<   :PENN-CATS (NP) :TRIPS-CATS (W::NP) :SCORE 67.546 :UTTNUM 42 :CHANNEL DESKTOP
<   :DIRECTION INPUT)
<  (PREFER &quot;in a black tee-shirt and a light blue name tag&quot; :FRAME (33 79)
<   :PENN-CATS (PP) :TRIPS-CATS (W::PP) :SCORE 71.143 :UTTNUM 42 :CHANNEL DESKTOP
<   :DIRECTION INPUT)
<  (PREFER
<   &quot;a dark-haired , dark-skinned boy in a black tee-shirt and a light blue name tag&quot;
<   :FRAME (0 79) :PENN-CATS (NP) :TRIPS-CATS (W::NP) :SCORE 112.467 :UTTNUM 42
<   :CHANNEL DESKTOP :DIRECTION INPUT)
<  (WORD &quot;is&quot; :FRAME (80 82) :SENSE-INFO
<   ((:PENN-PARTS-OF-SPEECH (VBZ) :TRIPS-PARTS-OF-SPEECH (W::V))) :UTTNUM 42
<   :CHANNEL DESKTOP :DIRECTION INPUT)
<  (WORD &quot;standing&quot; :FRAME (83 91) :SENSE-INFO
<   ((:PENN-PARTS-OF-SPEECH (VBG) :TRIPS-PARTS-OF-SPEECH (W::V))) :UTTNUM 42
<   :CHANNEL DESKTOP :DIRECTION INPUT)
<  (WORD &quot;in&quot; :FRAME (92 94) :SENSE-INFO
<   ((:PENN-PARTS-OF-SPEECH (IN) :TRIPS-PARTS-OF-SPEECH (W::PREP W::ADV)))
<   :UTTNUM 42 :CHANNEL DESKTOP :DIRECTION INPUT)
<  (WORD &quot;standing in&quot; :FRAME (83 94) :SENSE-INFO
<   ((:PENN-PARTS-OF-SPEECH (VBG) :TRIPS-PARTS-OF-SPEECH (W::V) :WN-SENSE-KEYS
<     (&quot;stand_in%2:40:00&quot;)))
<   :UTTNUM 42 :CHANNEL DESKTOP :DIRECTION INPUT)
<  (WORD &quot;front&quot; :FRAME (95 100) :SENSE-INFO
<   ((:PENN-PARTS-OF-SPEECH (NN) :TRIPS-PARTS-OF-SPEECH (W::N))) :UTTNUM 42
<   :CHANNEL DESKTOP :DIRECTION INPUT)
<  (PREFER &quot;front&quot; :FRAME (95 100) :PENN-CATS (NP) :TRIPS-CATS (W::NP) :SCORE
<   10.944 :UTTNUM 42 :CHANNEL DESKTOP :DIRECTION INPUT)
<  (WORD &quot;in front&quot; :FRAME (92 100) :SENSE-INFO
<   ((:PENN-PARTS-OF-SPEECH (RB) :TRIPS-PARTS-OF-SPEECH (W::ADV) :WN-SENSE-KEYS
<     (&quot;in_front%4:02:00&quot;)))
<   :UTTNUM 42 :CHANNEL DESKTOP :DIRECTION INPUT)
<  (WORD &quot;of&quot; :FRAME (101 103) :SENSE-INFO
<   ((:PENN-PARTS-OF-SPEECH (IN) :TRIPS-PARTS-OF-SPEECH (W::PREP W::ADV)))
<   :UTTNUM 42 :CHANNEL DESKTOP :DIRECTION INPUT)
<  (WORD &quot;all&quot; :FRAME (104 107) :SENSE-INFO
<   ((:PENN-PARTS-OF-SPEECH (DT PDT) :TRIPS-PARTS-OF-SPEECH
<     (W::ART W::QUAN W::PRO)))
<   :UTTNUM 42 :CHANNEL DESKTOP :DIRECTION INPUT)
<  (WORD &quot;the&quot; :FRAME (108 111) :SENSE-INFO
<   ((:PENN-PARTS-OF-SPEECH (DT) :TRIPS-PARTS-OF-SPEECH (W::ART W::QUAN W::PRO)))
<   :UTTNUM 42 :CHANNEL DESKTOP :DIRECTION INPUT)
<  (WORD &quot;desks&quot; :FRAME (112 117) :SENSE-INFO
<   ((:PENN-PARTS-OF-SPEECH (NNS) :TRIPS-PARTS-OF-SPEECH (W::N))) :UTTNUM 42
<   :CHANNEL DESKTOP :DIRECTION INPUT)
<  (PREFER &quot;all the desks&quot; :FRAME (104 117) :PENN-CATS (NP) :TRIPS-CATS (W::NP)
<   :SCORE 18.022 :UTTNUM 42 :CHANNEL DESKTOP :DIRECTION INPUT)
<  (WORD &quot;in&quot; :FRAME (118 120) :SENSE-INFO
<   ((:PENN-PARTS-OF-SPEECH (IN) :TRIPS-PARTS-OF-SPEECH (W::PREP W::ADV)))
<   :UTTNUM 42 :CHANNEL DESKTOP :DIRECTION INPUT)
<  (WORD &quot;a&quot; :FRAME (121 122) :SENSE-INFO
<   ((:PENN-PARTS-OF-SPEECH (DT) :TRIPS-PARTS-OF-SPEECH (W::ART W::QUAN W::PRO)))
<   :UTTNUM 42 :CHANNEL DESKTOP :DIRECTION INPUT)
<  (WORD &quot;classroom&quot; :FRAME (123 132) :SENSE-INFO
<   ((:PENN-PARTS-OF-SPEECH (NN) :TRIPS-PARTS-OF-SPEECH (W::N))) :UTTNUM 42
<   :CHANNEL DESKTOP :DIRECTION INPUT)
<  (PREFER &quot;a classroom&quot; :FRAME (121 132) :PENN-CATS (NP) :TRIPS-CATS (W::NP)
<   :SCORE 13.862 :UTTNUM 42 :CHANNEL DESKTOP :DIRECTION INPUT)
<  (PREFER &quot;in a classroom&quot; :FRAME (118 132) :PENN-CATS (PP) :TRIPS-CATS (W::PP)
<   :SCORE 16.114 :UTTNUM 42 :CHANNEL DESKTOP :DIRECTION INPUT)
<  (PREFER &quot;all the desks in a classroom&quot; :FRAME (104 132) :PENN-CATS (NP)
<   :TRIPS-CATS (W::NP) :SCORE 34.677 :UTTNUM 42 :CHANNEL DESKTOP :DIRECTION
<   INPUT)
<  (PREFER &quot;of all the desks in a classroom&quot; :FRAME (101 132) :PENN-CATS (PP)
<   :TRIPS-CATS (W::PP) :SCORE 37.089 :UTTNUM 42 :CHANNEL DESKTOP :DIRECTION
<   INPUT)
<  (PREFER &quot;front of all the desks in a classroom&quot; :FRAME (95 132) :PENN-CATS
<   (NP) :TRIPS-CATS (W::NP) :SCORE 48.574 :UTTNUM 42 :CHANNEL DESKTOP :DIRECTION
<   INPUT)
<  (PREFER &quot;in front of all the desks in a classroom&quot; :FRAME (92 132) :PENN-CATS
<   (PP) :TRIPS-CATS (W::PP) :SCORE 51.782 :UTTNUM 42 :CHANNEL DESKTOP :DIRECTION
<   INPUT)
<  (PREFER &quot;standing in front of all the desks in a classroom&quot; :FRAME (83 132)
<   :PENN-CATS (VP) :TRIPS-CATS (W::VP) :SCORE 60.956 :UTTNUM 42 :CHANNEL DESKTOP
<   :DIRECTION INPUT)
<  (PREFER &quot;is standing in front of all the desks in a classroom&quot; :FRAME (80 132)
<   :PENN-CATS (VP) :TRIPS-CATS (W::VP) :SCORE 65.217 :UTTNUM 42 :CHANNEL DESKTOP
<   :DIRECTION INPUT)
<  (WORD &quot;.&quot; :FRAME (133 133) :SENSE-INFO
<   ((:PENN-PARTS-OF-SPEECH (FULL_STOP) :TRIPS-PARTS-OF-SPEECH (W::PUNC)))
<   :UTTNUM 42 :CHANNEL DESKTOP :DIRECTION INPUT)
<  (PREFER
<   &quot;a dark-haired , dark-skinned boy in a black tee-shirt and a light blue name tag is standing in front of all the desks in a classroom .&quot;
<   :FRAME (0 133) :PENN-CATS (S) :SCORE 180.513 :UTTNUM 42 :CHANNEL DESKTOP
<   :DIRECTION INPUT))</lisp><word lex="name" start="71" end="75"><sense-info penn-parts-of-speech="NN" trips-parts-of-speech="N" /></word><word lex="tag" start="76" end="79"><sense-info penn-parts-of-speech="NN" trips-parts-of-speech="N" /></word><word lex="name tag" start="71" end="79"><sense-info penn-parts-of-speech="NN" trips-parts-of-speech="N" wn-sense-keys="name_tag%1:10:00" /></word><prefer text="a light blue name tag" start="58" end="79" penn-cats="NP" score="41.207" /><prefer text="a black tee-shirt and a light blue name tag" start="36" end="79" penn-cats="NP" score="67.546" /><prefer text="in a black tee-shirt and a light blue name tag" start="33" end="79" penn-cats="PP" score="71.143" /><prefer text="a dark-haired , dark-skinned boy in a black tee-shirt and a light blue name tag" start="0" end="79" penn-cats="NP" score="112.467" /><word lex="is" start="80" end="82"><sense-info penn-parts-of-speech="VBZ" trips-parts-of-speech="V" /></word><word lex="standing" start="83" end="91"><sense-info penn-parts-of-speech="VBG" trips-parts-of-speech="V" /></word><word lex="in" start="92" end="94"><sense-info penn-parts-of-speech="IN" trips-parts-of-speech="PREP,ADV" /></word><word lex="standing in" start="83" end="94"><sense-info penn-parts-of-speech="VBG" trips-parts-of-speech="V" wn-sense-keys="stand_in%2:40:00" /></word><word lex="front" start="95" end="100"><sense-info penn-parts-of-speech="NN" trips-parts-of-speech="N" /></word><prefer text="front" start="95" end="100" penn-cats="NP" score="10.944" /><word lex="in front" start="92" end="100"><sense-info penn-parts-of-speech="RB" trips-parts-of-speech="ADV" wn-sense-keys="in_front%4:02:00" /></word><word lex="of" start="101" end="103"><sense-info penn-parts-of-speech="IN" trips-parts-of-speech="PREP,ADV" /></word><word lex="all" start="104" end="107"><sense-info penn-parts-of-speech="DT,PDT" trips-parts-of-speech="ART,QUAN,PRO" /></word><word lex="the" start="108" end="111"><sense-info penn-parts-of-speech="DT" trips-parts-of-speech="ART,QUAN,PRO" /></word><word lex="desks" start="112" end="117"><sense-info penn-parts-of-speech="NNS" trips-parts-of-speech="N" /></word><prefer text="all the desks" start="104" end="117" penn-cats="NP" score="18.022" /><word lex="in" start="118" end="120"><sense-info penn-parts-of-speech="IN" trips-parts-of-speech="PREP,ADV" /></word><word lex="a" start="121" end="122"><sense-info penn-parts-of-speech="DT" trips-parts-of-speech="ART,QUAN,PRO" /></word><word lex="classroom" start="123" end="132"><sense-info penn-parts-of-speech="NN" trips-parts-of-speech="N" /></word><prefer text="a classroom" start="121" end="132" penn-cats="NP" score="13.862" /><prefer text="in a classroom" start="118" end="132" penn-cats="PP" score="16.114" /><prefer text="all the desks in a classroom" start="104" end="132" penn-cats="NP" score="34.677" /><prefer text="of all the desks in a classroom" start="101" end="132" penn-cats="PP" score="37.089" /><prefer text="front of all the desks in a classroom" start="95" end="132" penn-cats="NP" score="48.574" /><prefer text="in front of all the desks in a classroom" start="92" end="132" penn-cats="PP" score="51.782" /><prefer text="standing in front of all the desks in a classroom" start="83" end="132" penn-cats="VP" score="60.956" /><prefer text="is standing in front of all the desks in a classroom" start="80" end="132" penn-cats="VP" score="65.217" /><word lex="." start="133" end="133"><sense-info penn-parts-of-speech="FULL_STOP" trips-parts-of-speech="PUNC" /></word><prefer text="a dark-haired , dark-skinned boy in a black tee-shirt and a light blue name tag is standing in front of all the desks in a classroom ." start="0" end="133" penn-cats="S" score="180.513" /></tags><tree><lisp>(NP
<  (N1 (ADJP (ADJ1 (ADJ DARK))) (WORD PUNC-MINUS)
<   (N1 (ADJP (VP- (V (V SKINNED)))) (N1 (N BOY)))))</lisp><NP><N1><ADJP><ADJ1><ADJ>DARK</ADJ></ADJ1></ADJP><WORD>PUNC-MINUS</WORD><N1><ADJP><VP-><V><V>SKINNED</V></V></VP-></ADJP><N1><N>BOY</N></N1></N1></N1></NP></tree><terms root="#V209353"><lisp>((ONT::SPEECHACT ONT::V209353 ONT::SA_TELL :PUNCTYPE W::DECL :CONTENT
<   ONT::V206527 :START 71 :END 133)
<  (ONT::F ONT::V206527 (:* ONT::BE W::BE) :NEUTRAL ONT::V206518 :NEUTRAL1
<   ONT::V206544 :TENSE W::PRES :START 71 :END 133)
<  (ONT::BARE ONT::V206518 (:* ONT::ICON W::NAME-TAG) :START 71 :END 80 :WNSENSE
<   &quot;name_tag%1:10:00&quot;)
<  (ONT::BARE ONT::V206544 (:* ONT::BE-AT-LOC W::STAND) :LOCATION ONT::V206553
<   :START 83 :END 133)
<  (ONT::F ONT::V206553 (:* ONT::IN-LOC W::IN) :GROUND ONT::V206614 :FIGURE
<   ONT::V206544 :START 92 :END 133)
<  (ONT::BARE ONT::V206614 (:* ONT::OBJECT-DEPENDENT-LOCATION W::FRONT) :FIGURE
<   ONT::V206870 :START 95 :END 133)
<  (ONT::QUANTIFIER ONT::V206870 (:* ONT::FURNISHINGS W::DESK) :REFSET
<   ONT::V206698 :QUAN ONT::UNIVERSAL :LOCATION ONT::V206705 :START 101 :END 133)
<  (ONT::THE-SET ONT::V206698 (:* ONT::FURNISHINGS W::DESK) :LOCATION
<   ONT::V206705 :START 108 :END 133 :COREF ONT::V206410)
<  (ONT::F ONT::V206705 (:* ONT::IN-LOC W::IN) :GROUND ONT::V206795 :FIGURE
<   ONT::V206698 :START 118 :END 133)
<  (ONT::A ONT::V206795 (:* ONT::INTERNAL-ENCLOSURE W::CLASSROOM) :START 121 :END
<   133))</lisp><rdf:RDF
<   xmlns:rdf="http://www.w3.org/1999/02/22-rdf-syntax-ns#"
<   xmlns:role="http://www.cs.rochester.edu/research/trips/role#"
<   xmlns:LF="http://www.cs.rochester.edu/research/trips/LF#">
<   <rdf:Description rdf:ID="V209353">
<     <LF:indicator>SPEECHACT</LF:indicator>
<     <LF:type>SA_TELL</LF:type>
<     <role:PUNCTYPE>DECL</role:PUNCTYPE>
<     <role:CONTENT rdf:resource="#V206527" />
<     <LF:start>71</LF:start>
<     <LF:end>133</LF:end>
<   </rdf:Description>
<   <rdf:Description rdf:ID="V206527">
<     <LF:indicator>F</LF:indicator>
<     <LF:type>BE</LF:type>
<     <LF:word>BE</LF:word>
<     <role:NEUTRAL rdf:resource="#V206518" />
<     <role:NEUTRAL1 rdf:resource="#V206544" />
<     <role:TENSE>PRES</role:TENSE>
<     <LF:start>71</LF:start>
<     <LF:end>133</LF:end>
<   </rdf:Description>
<   <rdf:Description rdf:ID="V206518">
<     <LF:indicator>BARE</LF:indicator>
<     <LF:type>ICON</LF:type>
<     <LF:word>NAME-TAG</LF:word>
<     <LF:start>71</LF:start>
<     <LF:end>80</LF:end>
<     <role:WNSENSE>name_tag%1:10:00</role:WNSENSE>
<   </rdf:Description>
<   <rdf:Description rdf:ID="V206544">
<     <LF:indicator>BARE</LF:indicator>
<     <LF:type>BE-AT-LOC</LF:type>
<     <LF:word>STAND</LF:word>
<     <role:LOCATION rdf:resource="#V206553" />
<     <LF:start>83</LF:start>
<     <LF:end>133</LF:end>
<   </rdf:Description>
<   <rdf:Description rdf:ID="V206553">
<     <LF:indicator>F</LF:indicator>
<     <LF:type>IN-LOC</LF:type>
<     <LF:word>IN</LF:word>
<     <role:GROUND rdf:resource="#V206614" />
<     <role:FIGURE rdf:resource="#V206544" />
<     <LF:start>92</LF:start>
<     <LF:end>133</LF:end>
<   </rdf:Description>
<   <rdf:Description rdf:ID="V206614">
<     <LF:indicator>BARE</LF:indicator>
<     <LF:type>OBJECT-DEPENDENT-LOCATION</LF:type>
<     <LF:word>FRONT</LF:word>
<     <role:FIGURE rdf:resource="#V206870" />
<     <LF:start>95</LF:start>
<     <LF:end>133</LF:end>
<   </rdf:Description>
<   <rdf:Description rdf:ID="V206870">
<     <LF:indicator>QUANTIFIER</LF:indicator>
<     <LF:type>FURNISHINGS</LF:type>
<     <LF:word>DESK</LF:word>
<     <role:REFSET rdf:resource="#V206698" />
<     <role:QUAN>UNIVERSAL</role:QUAN>
<     <role:LOCATION rdf:resource="#V206705" />
<     <LF:start>101</LF:start>
<     <LF:end>133</LF:end>
<   </rdf:Description>
<   <rdf:Description rdf:ID="V206698">
<     <LF:indicator>THE-SET</LF:indicator>
<     <LF:type>FURNISHINGS</LF:type>
<     <LF:word>DESK</LF:word>
<     <role:LOCATION rdf:resource="#V206705" />
<     <LF:start>108</LF:start>
<     <LF:end>133</LF:end>
<     <role:COREF rdf:resource="#V206410" />
<   </rdf:Description>
<   <rdf:Description rdf:ID="V206705">
<     <LF:indicator>F</LF:indicator>
<     <LF:type>IN-LOC</LF:type>
<     <LF:word>IN</LF:word>
<     <role:GROUND rdf:resource="#V206795" />
<     <role:FIGURE rdf:resource="#V206698" />
<     <LF:start>118</LF:start>
<     <LF:end>133</LF:end>
<   </rdf:Description>
<   <rdf:Description rdf:ID="V206795">
<     <LF:indicator>A</LF:indicator>
<     <LF:type>INTERNAL-ENCLOSURE</LF:type>
<     <LF:word>CLASSROOM</LF:word>
<     <LF:start>121</LF:start>
<     <LF:end>133</LF:end>
<   </rdf:Description>
< </rdf:RDF>
< </terms></utt></compound-communication-act>
< </trips-parser-output>
\ No newline at end of file
---
> <SpRL>
>  <SCENE>
>   <SENTENCE id="s1" indicator="BARE" type="MALE-CHILD" text="BOY" start="16" end="33">
>    <TEXT>dark-skinned boy i</TEXT>
>    <RELATION id="1" head="V206291" res="V206263" label="MOD"/>
>    <RELATION id="2" head="V206291" res="V206276" label="MOD"/>
>    <PHRASE id="V206263" indicator="F" type="DARK-VAL" text="DARK" start="16" end="20"/>
>    <RELATION id="3" head="V206263" res="V206291" label="FIGURE"/>
>    <PHRASE id="V206276" indicator="F" type="MOVE" text="SKINNED" start="21" end="29"/>
>    <RELATION id="4" head="V206276" res="V206291" label="AFFECTED"/>
>   </SENTENCE>
>   <SENTENCE id="s2" indicator="F" type="DIRECTION" text="IN" start="33" end="36">
>    <TEXT>in a</TEXT>
>   </SENTENCE>
>   <SENTENCE id="s3" indicator="INDEF-SET" type="ATTIRE" OPERATOR="AND" start="36" end="71">
>    <TEXT>a black tee-shirt and a light blue n</TEXT>
>    <RELATION id="5" head="V206410" res="V206406" label="SEQUENCE"/>
>    <RELATION id="6" head="V206410" res="V206492" label="SEQUENCE1"/>
>    <PHRASE id="V206406" indicator="A" type="ATTIRE" text="TEE-PUNC-MINUS-SHIRT" start="36" end="54"/>
>    <RELATION id="7" head="V206406" res="V206388" label="MOD"/>
>    <PHRASE id="V206388" indicator="F" type="BLACK" text="BLACK" SCALE="BLACKNESS*1--07--00" start="38" end="44"/>
>    <RELATION id="8" head="V206388" res="V206406" label="FIGURE"/>
>    <PHRASE id="V206492" indicator="A" type="ATTIRE" text="BLUE" start="58" end="71"/>
>    <RELATION id="9" head="V206492" res="V206460" label="MOD"/>
>    <PHRASE id="V206460" indicator="F" type="LIGHTWEIGHT" text="LIGHT" ORIENTATION="LESS" INTENSITY="HI" SCALE="WEIGHT-SCALE" start="60" end="66"/>
>    <RELATION id="10" head="V206460" res="V206492" label="FIGURE"/>
>   </SENTENCE>
>   <SENTENCE id="s4" indicator="SPEECHACT" type="SA_TELL" PUNCTYPE="DECL" start="71" end="133">
>    <TEXT>name tag is standing in front of all the desks in a classroom .</TEXT>
>    <RELATION id="11" head="V209353" res="V206527" label="CONTENT"/>
>    <PHRASE id="V206527" indicator="F" type="BE" text="BE" TENSE="PRES" start="71" end="133"/>
>    <RELATION id="12" head="V206527" res="V206518" label="NEUTRAL"/>
>    <RELATION id="13" head="V206527" res="V206544" label="NEUTRAL1"/>
>    <PHRASE id="V206518" indicator="BARE" type="ICON" text="NAME-TAG" start="71" end="80" WNSENSE="name_tag%1:10:00"/>
>    <PHRASE id="V206544" indicator="BARE" type="BE-AT-LOC" text="STAND" start="83" end="133"/>
>    <RELATION id="14" head="V206544" res="V206553" label="LOCATION"/>
>    <PHRASE id="V206553" indicator="F" type="IN-LOC" text="IN" start="92" end="133"/>
>    <RELATION id="15" head="V206553" res="V206614" label="GROUND"/>
>    <RELATION id="16" head="V206553" res="V206544" label="FIGURE"/>
>    <PHRASE id="V206614" indicator="BARE" type="OBJECT-DEPENDENT-LOCATION" text="FRONT" start="95" end="133"/>
>    <RELATION id="17" head="V206614" res="V206870" label="FIGURE"/>
>    <PHRASE id="V206870" indicator="QUANTIFIER" type="FURNISHINGS" text="DESK" QUAN="UNIVERSAL" start="101" end="133"/>
>    <RELATION id="18" head="V206870" res="V206698" label="REFSET"/>
>    <RELATION id="19" head="V206870" res="V206705" label="LOCATION"/>
>    <PHRASE id="V206698" indicator="THE-SET" type="FURNISHINGS" text="DESK" start="108" end="133"/>
>    <RELATION id="20" head="V206698" res="V206705" label="LOCATION"/>
>    <RELATION id="21" head="V206698" res="V206410" label="COREF"/>
>    <PHRASE id="V206705" indicator="F" type="IN-LOC" text="IN" start="118" end="133"/>
>    <RELATION id="22" head="V206705" res="V206795" label="GROUND"/>
>    <RELATION id="23" head="V206705" res="V206698" label="FIGURE"/>
>    <PHRASE id="V206795" indicator="A" type="INTERNAL-ENCLOSURE" text="CLASSROOM" start="121" end="133"/>
>   </SENTENCE>
>  </SCENE>
> </SpRL>
