2,459c2,54
< <?xml-stylesheet type="text/xsl" href="../style/parser-interface.xsl"?>
< <!DOCTYPE trips-parser-output SYSTEM "../trips-parser-output.dtd">
< <trips-parser-output parser-build-date="2017-09-20T12:11:02-0500" system="STEP" extsformat="svg" tagsformat="hidden" treecontents="phrase" treeformat="LinGO" lfformat="svg" semantic-skeleton-scoring="T" rule-sets="" input="a dark-skinned , dark-haired girl wearing a black hat and a blue poncho is standing in front of a colourful wall .
< ">
< <debug>
< 
<  FOUNDS SEQUENCE from constit (% W::NP (W::BARE-SEQUENCE -) (W::CONSTRAINT -)
<                                  (W::MASS W::BARE) (W::GENERATED +)
<                                  (W::POSTADVBL +)
<                                  (W::SEM ?8607:(?192279:(F::PHYS-OBJ
<                                                          F::ABSTR-OBJ) NIL))
<                                  (W::LF (% W::DESCRIPTION (W::STATUS ONT::DEFINITE)
<                                            (W::VAR V146991)
<                                            (W::SORT W::INDIVIDUAL)
<                                            (W::LEX (W::A))
<                                            (W::CLASS ONT::SEQUENCE)
<                                            (W::CONSTRAINT (% &amp; (W::NAME-OF (W::A))
<                                                              (W::VAL (W::A))))
<                                            (W::LEX W::A) (W::SEM ?192277)
<                                            (W::TRANSFORM ?192278)))
<                                  (W::CASE ?192276:(W::SUB W::OBJ -))
<                                  (W::AGR ?192275) (W::CLASS ONT::ANY-SEM)
<                                  (W::VAR V146991) (W::SORT W::PRED) (W::NAME -)
<                                  (W::PRO -) (W::CHANGEAGR -) (W::LEX W::A)
<                                  (W::HEADCAT W::VALUE) (W::TRANSFORM -)
<                                  (W::REFL -) (1 RNUMBER148048))
< 
<  FOUNDS SEQUENCE from constit (% W::NP (W::BARE-SEQUENCE -) (W::CONSTRAINT -)
<                                  (W::MASS W::BARE) (W::GENERATED +)
<                                  (W::POSTADVBL +)
<                                  (W::SEM ?8607:(?192574:(F::PHYS-OBJ
<                                                          F::ABSTR-OBJ) NIL))
<                                  (W::LF (% W::DESCRIPTION (W::STATUS ONT::DEFINITE)
<                                            (W::VAR V146994)
<                                            (W::SORT W::INDIVIDUAL)
<                                            (W::LEX (W::A))
<                                            (W::CLASS ONT::SEQUENCE)
<                                            (W::CONSTRAINT (% &amp; (W::NAME-OF (W::A))
<                                                              (W::VAL (W::A))))
<                                            (W::LEX W::A) (W::SEM ?192572)
<                                            (W::TRANSFORM ?192573)))
<                                  (W::CASE ?192571:(W::SUB W::OBJ -))
<                                  (W::AGR ?192570) (W::CLASS ONT::ANY-SEM)
<                                  (W::VAR V146994) (W::SORT W::PRED) (W::NAME -)
<                                  (W::PRO -) (W::CHANGEAGR -) (W::LEX W::A)
<                                  (W::HEADCAT W::VALUE) (W::TRANSFORM -)
<                                  (W::REFL -) (1 RNUMBER148050))
< 
<  FOUNDS SEQUENCE from constit (% W::NP (W::BARE-SEQUENCE -) (W::CONSTRAINT -)
<                                  (W::MASS W::BARE) (W::GENERATED +)
<                                  (W::POSTADVBL +)
<                                  (W::SEM ?8607:(?192874:(F::PHYS-OBJ
<                                                          F::ABSTR-OBJ) NIL))
<                                  (W::LF (% W::DESCRIPTION (W::STATUS ONT::DEFINITE)
<                                            (W::VAR V146997)
<                                            (W::SORT W::INDIVIDUAL)
<                                            (W::LEX (W::A))
<                                            (W::CLASS ONT::SEQUENCE)
<                                            (W::CONSTRAINT (% &amp; (W::NAME-OF (W::A))
<                                                              (W::VAL (W::A))))
<                                            (W::LEX W::A) (W::SEM ?192872)
<                                            (W::TRANSFORM ?192873)))
<                                  (W::CASE ?192871:(W::SUB W::OBJ -))
<                                  (W::AGR ?192870) (W::CLASS ONT::ANY-SEM)
<                                  (W::VAR V146997) (W::SORT W::PRED) (W::NAME -)
<                                  (W::PRO -) (W::CHANGEAGR -) (W::LEX W::A)
<                                  (W::HEADCAT W::VALUE) (W::TRANSFORM -)
<                                  (W::REFL -) (1 RNUMBER148052))
< 
<  FOUNDS SEQUENCE from constit (% W::NP (W::BARE-SEQUENCE -) (W::CONSTRAINT -)
<                                  (W::MASS W::BARE) (W::GENERATED +)
<                                  (W::POSTADVBL +)
<                                  (W::SEM ?8607:(?193183:(F::PHYS-OBJ
<                                                          F::ABSTR-OBJ) NIL))
<                                  (W::LF (% W::DESCRIPTION (W::STATUS ONT::DEFINITE)
<                                            (W::VAR V147000)
<                                            (W::SORT W::INDIVIDUAL)
<                                            (W::LEX (W::A))
<                                            (W::CLASS ONT::SEQUENCE)
<                                            (W::CONSTRAINT (% &amp; (W::NAME-OF (W::A))
<                                                              (W::VAL (W::A))))
<                                            (W::LEX W::A) (W::SEM ?193181)
<                                            (W::TRANSFORM ?193182)))
<                                  (W::CASE ?193180:(W::SUB W::OBJ -))
<                                  (W::AGR ?193179) (W::CLASS ONT::ANY-SEM)
<                                  (W::VAR V147000) (W::SORT W::PRED) (W::NAME -)
<                                  (W::PRO -) (W::CHANGEAGR -) (W::LEX W::A)
<                                  (W::HEADCAT W::VALUE) (W::TRANSFORM -)
<                                  (W::REFL -) (1 RNUMBER148054))
< *last-utt-id*=NIL  utt-id+13
< *last-utt-id*=13  utt-id+13
< *last-utt-id*=13  utt-id+13
< *last-utt-id*=13  utt-id+13
< *last-utt-id*=13  utt-id+NIL</debug><compound-communication-act>
< <utt><words><lisp>(W::A)</lisp><word>A</word></words><tags><lisp>((WORD &quot;a&quot; :FRAME (0 1) :SENSE-INFO
<   ((:PENN-PARTS-OF-SPEECH (DT) :TRIPS-PARTS-OF-SPEECH (W::ART W::QUAN W::PRO)))
<   :UTTNUM 13 :CHANNEL DESKTOP :DIRECTION INPUT))</lisp><word lex="a" start="0" end="1"><sense-info penn-parts-of-speech="DT" trips-parts-of-speech="ART,QUAN,PRO" /></word></tags><tree><lisp>(NP (NAME (VALUE A)))</lisp><NP><NAME><VALUE>A</VALUE></NAME></NP></tree><terms root="#V140551"><lisp>((ONT::THE ONT::V140551 ONT::LETTER-SYMBOL :NAME-OF (W::A) :START 0 :END 2))</lisp><rdf:RDF
<   xmlns:rdf="http://www.w3.org/1999/02/22-rdf-syntax-ns#"
<   xmlns:role="http://www.cs.rochester.edu/research/trips/role#"
<   xmlns:LF="http://www.cs.rochester.edu/research/trips/LF#">
<   <rdf:Description rdf:ID="V140551">
<     <LF:indicator>THE</LF:indicator>
<     <LF:type>LETTER-SYMBOL</LF:type>
<     <role:NAME-OF>(A)</role:NAME-OF>
<     <LF:start>0</LF:start>
<     <LF:end>2</LF:end>
<   </rdf:Description>
< </rdf:RDF>
< </terms></utt><utt><words><lisp>(W::DARK W::SKINNED W::PUNC-COMMA)</lisp><word>DARK</word><word>SKINNED</word><word>PUNC-COMMA</word></words><tags><lisp>((WORD &quot;dark&quot; :FRAME (2 5) :SENSE-INFO
<   ((:PENN-PARTS-OF-SPEECH (NN) :TRIPS-PARTS-OF-SPEECH (W::N))) :UTTNUM 13
<   :CHANNEL DESKTOP :DIRECTION INPUT)
<  (WORD &quot;-&quot; :FRAME (6 6) :SENSE-INFO
<   ((:PENN-PARTS-OF-SPEECH (COLON) :TRIPS-PARTS-OF-SPEECH (W::PUNC))) :UTTNUM 13
<   :CHANNEL DESKTOP :DIRECTION INPUT)
<  (WORD &quot;skinned&quot; :FRAME (7 14) :SENSE-INFO
<   ((:PENN-PARTS-OF-SPEECH (VBD) :TRIPS-PARTS-OF-SPEECH (W::V))) :UTTNUM 13
<   :CHANNEL DESKTOP :DIRECTION INPUT)
<  (WORD &quot;dark-skinned&quot; :FRAME (2 14) :SENSE-INFO
<   ((:PENN-PARTS-OF-SPEECH (JJ) :TRIPS-PARTS-OF-SPEECH (W::ADJ) :WN-SENSE-KEYS
<     (&quot;dark-skinned%5:00:00&quot;)))
<   :UTTNUM 13 :CHANNEL DESKTOP :DIRECTION INPUT)
<  (WORD &quot;,&quot; :FRAME (15 16) :SENSE-INFO
<   ((:PENN-PARTS-OF-SPEECH (COMMA) :TRIPS-PARTS-OF-SPEECH (W::PUNC))) :UTTNUM 13
<   :CHANNEL DESKTOP :DIRECTION INPUT))</lisp><word lex="dark" start="2" end="5"><sense-info penn-parts-of-speech="NN" trips-parts-of-speech="N" /></word><word lex="-" start="6" end="6"><sense-info penn-parts-of-speech="COLON" trips-parts-of-speech="PUNC" /></word><word lex="skinned" start="7" end="14"><sense-info penn-parts-of-speech="VBD" trips-parts-of-speech="V" /></word><word lex="dark-skinned" start="2" end="14"><sense-info penn-parts-of-speech="JJ" trips-parts-of-speech="ADJ" wn-sense-keys="dark-skinned%5:00:00" /></word><word lex="," start="15" end="16"><sense-info penn-parts-of-speech="COMMA" trips-parts-of-speech="PUNC" /></word></tags><tree><lisp>(UTT (UTT (S (NP (N1 (N DARK))) (VP (VP- (V SKINNED))))) (PUNC PUNC-COMMA))</lisp><UTT><UTT><S><NP><N1><N>DARK</N></N1></NP><VP><VP-><V>SKINNED</V></VP-></VP></S></UTT><PUNC>PUNC-COMMA</PUNC></UTT></tree><terms root="#V151188"><lisp>((ONT::SPEECHACT ONT::V151188 ONT::SA_TELL :CONTENT ONT::V140586 :START 2 :END
<   17)
<  (ONT::F ONT::V140586 (:* ONT::MOVE W::SKINNED) :AFFECTED ONT::V140577 :TENSE
<   W::PAST :START 2 :END 15)
<  (ONT::BARE ONT::V140577 (:* ONT::LIGHT W::DARK) :START 2 :END 6))</lisp><rdf:RDF
<   xmlns:rdf="http://www.w3.org/1999/02/22-rdf-syntax-ns#"
<   xmlns:role="http://www.cs.rochester.edu/research/trips/role#"
<   xmlns:LF="http://www.cs.rochester.edu/research/trips/LF#">
<   <rdf:Description rdf:ID="V151188">
<     <LF:indicator>SPEECHACT</LF:indicator>
<     <LF:type>SA_TELL</LF:type>
<     <role:CONTENT rdf:resource="#V140586" />
<     <LF:start>2</LF:start>
<     <LF:end>17</LF:end>
<   </rdf:Description>
<   <rdf:Description rdf:ID="V140586">
<     <LF:indicator>F</LF:indicator>
<     <LF:type>MOVE</LF:type>
<     <LF:word>SKINNED</LF:word>
<     <role:AFFECTED rdf:resource="#V140577" />
<     <role:TENSE>PAST</role:TENSE>
<     <LF:start>2</LF:start>
<     <LF:end>15</LF:end>
<   </rdf:Description>
<   <rdf:Description rdf:ID="V140577">
<     <LF:indicator>BARE</LF:indicator>
<     <LF:type>LIGHT</LF:type>
<     <LF:word>DARK</LF:word>
<     <LF:start>2</LF:start>
<     <LF:end>6</LF:end>
<   </rdf:Description>
< </rdf:RDF>
< </terms></utt><utt><words><lisp>(W::DARK W::PUNC-MINUS W::HAIRED W::GIRL W::WEARING W::A W::BLACK W::HAT)</lisp><word>DARK</word><word>PUNC-MINUS</word><word>HAIRED</word><word>GIRL</word><word>WEARING</word><word>A</word><word>BLACK</word><word>HAT</word></words><tags><lisp>((WORD &quot;dark&quot; :FRAME (17 20) :SENSE-INFO
<   ((:PENN-PARTS-OF-SPEECH (JJ) :TRIPS-PARTS-OF-SPEECH (W::ADJ))) :UTTNUM 13
<   :CHANNEL DESKTOP :DIRECTION INPUT)
<  (WORD &quot;-&quot; :FRAME (21 21) :SENSE-INFO
<   ((:PENN-PARTS-OF-SPEECH (COLON) :TRIPS-PARTS-OF-SPEECH (W::PUNC))) :UTTNUM 13
<   :CHANNEL DESKTOP :DIRECTION INPUT)
<  (WORD &quot;haired&quot; :FRAME (22 28) :SENSE-INFO
<   ((:PENN-PARTS-OF-SPEECH (VBN) :TRIPS-PARTS-OF-SPEECH (W::V))) :UTTNUM 13
<   :CHANNEL DESKTOP :DIRECTION INPUT)
<  (WORD &quot;dark-haired&quot; :FRAME (17 28) :SENSE-INFO
<   ((:PENN-PARTS-OF-SPEECH (JJ) :TRIPS-PARTS-OF-SPEECH (W::ADJ) :WN-SENSE-KEYS
<     (&quot;dark-haired%5:00:00&quot;)))
<   :UTTNUM 13 :CHANNEL DESKTOP :DIRECTION INPUT)
<  (WORD &quot;girl&quot; :FRAME (29 33) :SENSE-INFO
<   ((:PENN-PARTS-OF-SPEECH (NN) :TRIPS-PARTS-OF-SPEECH (W::N))) :UTTNUM 13
<   :CHANNEL DESKTOP :DIRECTION INPUT)
<  (PREFER &quot;a dark-skinned , dark-haired girl&quot; :FRAME (0 33) :PENN-CATS (NP)
<   :TRIPS-CATS (W::NP) :SCORE 41.32 :UTTNUM 13 :CHANNEL DESKTOP :DIRECTION
<   INPUT)
<  (WORD &quot;wearing&quot; :FRAME (34 41) :SENSE-INFO
<   ((:PENN-PARTS-OF-SPEECH (VBG) :TRIPS-PARTS-OF-SPEECH (W::V))) :UTTNUM 13
<   :CHANNEL DESKTOP :DIRECTION INPUT)
<  (WORD &quot;a&quot; :FRAME (42 43) :SENSE-INFO
<   ((:PENN-PARTS-OF-SPEECH (DT) :TRIPS-PARTS-OF-SPEECH (W::ART W::QUAN W::PRO)))
<   :UTTNUM 13 :CHANNEL DESKTOP :DIRECTION INPUT)
<  (WORD &quot;black&quot; :FRAME (44 49) :SENSE-INFO
<   ((:PENN-PARTS-OF-SPEECH (JJ) :TRIPS-PARTS-OF-SPEECH (W::ADJ))) :UTTNUM 13
<   :CHANNEL DESKTOP :DIRECTION INPUT)
<  (WORD &quot;hat&quot; :FRAME (50 53) :SENSE-INFO
<   ((:PENN-PARTS-OF-SPEECH (NN) :TRIPS-PARTS-OF-SPEECH (W::N))) :UTTNUM 13
<   :CHANNEL DESKTOP :DIRECTION INPUT)
<  (PREFER &quot;a black hat&quot; :FRAME (42 53) :PENN-CATS (NP) :TRIPS-CATS (W::NP)
<   :SCORE 19.943 :UTTNUM 13 :CHANNEL DESKTOP :DIRECTION INPUT))</lisp><word lex="dark" start="17" end="20"><sense-info penn-parts-of-speech="JJ" trips-parts-of-speech="ADJ" /></word><word lex="-" start="21" end="21"><sense-info penn-parts-of-speech="COLON" trips-parts-of-speech="PUNC" /></word><word lex="haired" start="22" end="28"><sense-info penn-parts-of-speech="VBN" trips-parts-of-speech="V" /></word><word lex="dark-haired" start="17" end="28"><sense-info penn-parts-of-speech="JJ" trips-parts-of-speech="ADJ" wn-sense-keys="dark-haired%5:00:00" /></word><word lex="girl" start="29" end="33"><sense-info penn-parts-of-speech="NN" trips-parts-of-speech="N" /></word><prefer text="a dark-skinned , dark-haired girl" start="0" end="33" penn-cats="NP" score="41.32" /><word lex="wearing" start="34" end="41"><sense-info penn-parts-of-speech="VBG" trips-parts-of-speech="V" /></word><word lex="a" start="42" end="43"><sense-info penn-parts-of-speech="DT" trips-parts-of-speech="ART,QUAN,PRO" /></word><word lex="black" start="44" end="49"><sense-info penn-parts-of-speech="JJ" trips-parts-of-speech="ADJ" /></word><word lex="hat" start="50" end="53"><sense-info penn-parts-of-speech="NN" trips-parts-of-speech="N" /></word><prefer text="a black hat" start="42" end="53" penn-cats="NP" score="19.943" /></tags><tree><lisp>(NP
<  (N1 (N1 (ADJP (ADJ1 (ADJ DARK PUNC-MINUS HAIRED))) (N1 (N GIRL)))
<   (CP
<    (VP
<     (VP- (V WEARING)
<      (NP (SPEC (DET (ART A))) (N1 (ADJP (ADJ1 (ADJ BLACK))) (N1 (N HAT)))))))))</lisp><NP><N1><N1><ADJP><ADJ1><ADJ>DARK PUNC-MINUS HAIRED</ADJ></ADJ1></ADJP><N1><N>GIRL</N></N1></N1><CP><VP><VP-><V>WEARING</V><NP><SPEC><DET><ART>A</ART></DET></SPEC><N1><ADJP><ADJ1><ADJ>BLACK</ADJ></ADJ1></ADJP><N1><N>HAT</N></N1></N1></NP></VP-></VP></CP></N1></NP></tree><terms root="#V140627"><lisp>((ONT::BARE ONT::V140627 (:* ONT::FEMALE-CHILD W::GIRL) :MOD ONT::V140633 :MOD
<   ONT::V140624 :START 17 :END 54)
<  (ONT::F ONT::V140624 (:* ONT::MODIFIER W::DARK-PUNC-MINUS-HAIRED) :FIGURE
<   ONT::V140627 :START 17 :END 29 :WNSENSE &quot;dark-haired%5:00:00&quot;)
<  (ONT::F ONT::V140633 (:* ONT::WEAR W::WEAR) :AGENT ONT::V140627 :NEUTRAL
<   ONT::V140683 :VFORM W::ING :START 34 :END 54)
<  (ONT::A ONT::V140683 (:* ONT::ATTIRE W::HAT) :MOD ONT::V140680 :START 42 :END
<   54)
<  (ONT::F ONT::V140680 (:* ONT::BLACK W::BLACK) :FIGURE ONT::V140683 :SCALE
<   ONT::BLACKNESS*1--07--00 :START 44 :END 50))</lisp><rdf:RDF
<   xmlns:rdf="http://www.w3.org/1999/02/22-rdf-syntax-ns#"
<   xmlns:role="http://www.cs.rochester.edu/research/trips/role#"
<   xmlns:LF="http://www.cs.rochester.edu/research/trips/LF#">
<   <rdf:Description rdf:ID="V140627">
<     <LF:indicator>BARE</LF:indicator>
<     <LF:type>FEMALE-CHILD</LF:type>
<     <LF:word>GIRL</LF:word>
<     <role:MOD rdf:resource="#V140633" />
<     <role:MOD rdf:resource="#V140624" />
<     <LF:start>17</LF:start>
<     <LF:end>54</LF:end>
<   </rdf:Description>
<   <rdf:Description rdf:ID="V140624">
<     <LF:indicator>F</LF:indicator>
<     <LF:type>MODIFIER</LF:type>
<     <LF:word>DARK-PUNC-MINUS-HAIRED</LF:word>
<     <role:FIGURE rdf:resource="#V140627" />
<     <LF:start>17</LF:start>
<     <LF:end>29</LF:end>
<     <role:WNSENSE>dark-haired%5:00:00</role:WNSENSE>
<   </rdf:Description>
<   <rdf:Description rdf:ID="V140633">
<     <LF:indicator>F</LF:indicator>
<     <LF:type>WEAR</LF:type>
<     <LF:word>WEAR</LF:word>
<     <role:AGENT rdf:resource="#V140627" />
<     <role:NEUTRAL rdf:resource="#V140683" />
<     <role:VFORM>ING</role:VFORM>
<     <LF:start>34</LF:start>
<     <LF:end>54</LF:end>
<   </rdf:Description>
<   <rdf:Description rdf:ID="V140683">
<     <LF:indicator>A</LF:indicator>
<     <LF:type>ATTIRE</LF:type>
<     <LF:word>HAT</LF:word>
<     <role:MOD rdf:resource="#V140680" />
<     <LF:start>42</LF:start>
<     <LF:end>54</LF:end>
<   </rdf:Description>
<   <rdf:Description rdf:ID="V140680">
<     <LF:indicator>F</LF:indicator>
<     <LF:type>BLACK</LF:type>
<     <LF:word>BLACK</LF:word>
<     <role:FIGURE rdf:resource="#V140683" />
<     <role:SCALE>BLACKNESS*1--07--00</role:SCALE>
<     <LF:start>44</LF:start>
<     <LF:end>50</LF:end>
<   </rdf:Description>
< </rdf:RDF>
< </terms></utt><utt><words><lisp>(W::AND W::A W::BLUE W::PONCHO W::IS W::STANDING W::IN W::FRONT W::OF W::A
<  W::COLOURFUL W::WALL W::PUNC-PERIOD)</lisp><word>AND</word><word>A</word><word>BLUE</word><word>PONCHO</word><word>IS</word><word>STANDING</word><word>IN</word><word>FRONT</word><word>OF</word><word>A</word><word>COLOURFUL</word><word>WALL</word><word>PUNC-PERIOD</word></words><tags><lisp>((WORD &quot;and&quot; :FRAME (54 57) :SENSE-INFO
<   ((:PENN-PARTS-OF-SPEECH (CC) :TRIPS-PARTS-OF-SPEECH (W::CONJ))) :UTTNUM 13
<   :CHANNEL DESKTOP :DIRECTION INPUT)
<  (WORD &quot;a&quot; :FRAME (58 59) :SENSE-INFO
<   ((:PENN-PARTS-OF-SPEECH (DT) :TRIPS-PARTS-OF-SPEECH (W::ART W::QUAN W::PRO)))
<   :UTTNUM 13 :CHANNEL DESKTOP :DIRECTION INPUT)
<  (WORD &quot;blue&quot; :FRAME (60 64) :SENSE-INFO
<   ((:PENN-PARTS-OF-SPEECH (NN JJ) :TRIPS-PARTS-OF-SPEECH (W::N W::ADJ)))
<   :UTTNUM 13 :CHANNEL DESKTOP :DIRECTION INPUT)
<  (WORD &quot;poncho&quot; :FRAME (65 71) :SENSE-INFO
<   ((:PENN-PARTS-OF-SPEECH (NN) :TRIPS-PARTS-OF-SPEECH (W::N))) :UTTNUM 13
<   :CHANNEL DESKTOP :DIRECTION INPUT)
<  (PREFER &quot;a blue poncho&quot; :FRAME (58 71) :PENN-CATS (NP) :TRIPS-CATS (W::NP)
<   :SCORE 24.378 :UTTNUM 13 :CHANNEL DESKTOP :DIRECTION INPUT)
<  (PREFER &quot;a black hat and a blue poncho&quot; :FRAME (42 71) :PENN-CATS (NP)
<   :TRIPS-CATS (W::NP) :SCORE 48.21 :UTTNUM 13 :CHANNEL DESKTOP :DIRECTION
<   INPUT)
<  (PREFER &quot;wearing a black hat and a blue poncho&quot; :FRAME (34 71) :PENN-CATS (VP)
<   :TRIPS-CATS (W::VP) :SCORE 57.338 :UTTNUM 13 :CHANNEL DESKTOP :DIRECTION
<   INPUT)
<  (PREFER
<   &quot;a dark-skinned , dark-haired girl wearing a black hat and a blue poncho&quot;
<   :FRAME (0 71) :PENN-CATS (NP) :TRIPS-CATS (W::NP) :SCORE 101.22 :UTTNUM 13
<   :CHANNEL DESKTOP :DIRECTION INPUT)
<  (WORD &quot;is&quot; :FRAME (72 74) :SENSE-INFO
<   ((:PENN-PARTS-OF-SPEECH (VBZ) :TRIPS-PARTS-OF-SPEECH (W::V))) :UTTNUM 13
<   :CHANNEL DESKTOP :DIRECTION INPUT)
<  (WORD &quot;standing&quot; :FRAME (75 83) :SENSE-INFO
<   ((:PENN-PARTS-OF-SPEECH (VBG) :TRIPS-PARTS-OF-SPEECH (W::V))) :UTTNUM 13
<   :CHANNEL DESKTOP :DIRECTION INPUT)
<  (WORD &quot;in&quot; :FRAME (84 86) :SENSE-INFO
<   ((:PENN-PARTS-OF-SPEECH (IN) :TRIPS-PARTS-OF-SPEECH (W::PREP W::ADV)))
<   :UTTNUM 13 :CHANNEL DESKTOP :DIRECTION INPUT)
<  (WORD &quot;standing in&quot; :FRAME (75 86) :SENSE-INFO
<   ((:PENN-PARTS-OF-SPEECH (VBG) :TRIPS-PARTS-OF-SPEECH (W::V) :WN-SENSE-KEYS
<     (&quot;stand_in%2:40:00&quot;)))
<   :UTTNUM 13 :CHANNEL DESKTOP :DIRECTION INPUT)
<  (WORD &quot;front&quot; :FRAME (87 92) :SENSE-INFO
<   ((:PENN-PARTS-OF-SPEECH (NN) :TRIPS-PARTS-OF-SPEECH (W::N))) :UTTNUM 13
<   :CHANNEL DESKTOP :DIRECTION INPUT)
<  (PREFER &quot;front&quot; :FRAME (87 92) :PENN-CATS (NP) :TRIPS-CATS (W::NP) :SCORE
<   10.944 :UTTNUM 13 :CHANNEL DESKTOP :DIRECTION INPUT)
<  (WORD &quot;in front&quot; :FRAME (84 92) :SENSE-INFO
<   ((:PENN-PARTS-OF-SPEECH (RB) :TRIPS-PARTS-OF-SPEECH (W::ADV) :WN-SENSE-KEYS
<     (&quot;in_front%4:02:00&quot;)))
<   :UTTNUM 13 :CHANNEL DESKTOP :DIRECTION INPUT)
<  (WORD &quot;of&quot; :FRAME (93 95) :SENSE-INFO
<   ((:PENN-PARTS-OF-SPEECH (IN) :TRIPS-PARTS-OF-SPEECH (W::PREP W::ADV)))
<   :UTTNUM 13 :CHANNEL DESKTOP :DIRECTION INPUT)
<  (WORD &quot;a&quot; :FRAME (96 97) :SENSE-INFO
<   ((:PENN-PARTS-OF-SPEECH (DT) :TRIPS-PARTS-OF-SPEECH (W::ART W::QUAN W::PRO)))
<   :UTTNUM 13 :CHANNEL DESKTOP :DIRECTION INPUT)
<  (WORD &quot;colourful&quot; :FRAME (98 107) :SENSE-INFO
<   ((:PENN-PARTS-OF-SPEECH (NN JJ) :TRIPS-PARTS-OF-SPEECH (W::N W::ADJ)
<     :ALTERNATE-SPELLINGS (&quot;colorful&quot;)))
<   :UTTNUM 13 :CHANNEL DESKTOP :DIRECTION INPUT)
<  (WORD &quot;wall&quot; :FRAME (108 112) :SENSE-INFO
<   ((:PENN-PARTS-OF-SPEECH (NN) :TRIPS-PARTS-OF-SPEECH (W::N))) :UTTNUM 13
<   :CHANNEL DESKTOP :DIRECTION INPUT)
<  (PREFER &quot;a colourful wall&quot; :FRAME (96 112) :PENN-CATS (NP) :TRIPS-CATS (W::NP)
<   :SCORE 24.832 :UTTNUM 13 :CHANNEL DESKTOP :DIRECTION INPUT)
<  (PREFER &quot;of a colourful wall&quot; :FRAME (93 112) :PENN-CATS (PP) :TRIPS-CATS
<   (W::PP) :SCORE 25.899 :UTTNUM 13 :CHANNEL DESKTOP :DIRECTION INPUT)
<  (PREFER &quot;front of a colourful wall&quot; :FRAME (87 112) :PENN-CATS (NP)
<   :TRIPS-CATS (W::NP) :SCORE 37.385 :UTTNUM 13 :CHANNEL DESKTOP :DIRECTION
<   INPUT)
<  (PREFER &quot;in front of a colourful wall&quot; :FRAME (84 112) :PENN-CATS (PP)
<   :TRIPS-CATS (W::PP) :SCORE 40.593 :UTTNUM 13 :CHANNEL DESKTOP :DIRECTION
<   INPUT)
<  (PREFER &quot;standing in front of a colourful wall&quot; :FRAME (75 112) :PENN-CATS
<   (VP) :TRIPS-CATS (W::VP) :SCORE 49.767 :UTTNUM 13 :CHANNEL DESKTOP :DIRECTION
<   INPUT)
<  (PREFER &quot;is standing in front of a colourful wall&quot; :FRAME (72 112) :PENN-CATS
<   (VP) :TRIPS-CATS (W::VP) :SCORE 54.027 :UTTNUM 13 :CHANNEL DESKTOP :DIRECTION
<   INPUT)
<  (WORD &quot;.&quot; :FRAME (113 113) :SENSE-INFO
<   ((:PENN-PARTS-OF-SPEECH (FULL_STOP) :TRIPS-PARTS-OF-SPEECH (W::PUNC)))
<   :UTTNUM 13 :CHANNEL DESKTOP :DIRECTION INPUT)
<  (PREFER
<   &quot;a dark-skinned , dark-haired girl wearing a black hat and a blue poncho is standing in front of a colourful wall .&quot;
<   :FRAME (0 113) :PENN-CATS (S) :SCORE 159.16 :UTTNUM 13 :CHANNEL DESKTOP
<   :DIRECTION INPUT))</lisp><word lex="and" start="54" end="57"><sense-info penn-parts-of-speech="CC" trips-parts-of-speech="CONJ" /></word><word lex="a" start="58" end="59"><sense-info penn-parts-of-speech="DT" trips-parts-of-speech="ART,QUAN,PRO" /></word><word lex="blue" start="60" end="64"><sense-info penn-parts-of-speech="NN,JJ" trips-parts-of-speech="N,ADJ" /></word><word lex="poncho" start="65" end="71"><sense-info penn-parts-of-speech="NN" trips-parts-of-speech="N" /></word><prefer text="a blue poncho" start="58" end="71" penn-cats="NP" score="24.378" /><prefer text="a black hat and a blue poncho" start="42" end="71" penn-cats="NP" score="48.21" /><prefer text="wearing a black hat and a blue poncho" start="34" end="71" penn-cats="VP" score="57.338" /><prefer text="a dark-skinned , dark-haired girl wearing a black hat and a blue poncho" start="0" end="71" penn-cats="NP" score="101.22" /><word lex="is" start="72" end="74"><sense-info penn-parts-of-speech="VBZ" trips-parts-of-speech="V" /></word><word lex="standing" start="75" end="83"><sense-info penn-parts-of-speech="VBG" trips-parts-of-speech="V" /></word><word lex="in" start="84" end="86"><sense-info penn-parts-of-speech="IN" trips-parts-of-speech="PREP,ADV" /></word><word lex="standing in" start="75" end="86"><sense-info penn-parts-of-speech="VBG" trips-parts-of-speech="V" wn-sense-keys="stand_in%2:40:00" /></word><word lex="front" start="87" end="92"><sense-info penn-parts-of-speech="NN" trips-parts-of-speech="N" /></word><prefer text="front" start="87" end="92" penn-cats="NP" score="10.944" /><word lex="in front" start="84" end="92"><sense-info penn-parts-of-speech="RB" trips-parts-of-speech="ADV" wn-sense-keys="in_front%4:02:00" /></word><word lex="of" start="93" end="95"><sense-info penn-parts-of-speech="IN" trips-parts-of-speech="PREP,ADV" /></word><word lex="a" start="96" end="97"><sense-info penn-parts-of-speech="DT" trips-parts-of-speech="ART,QUAN,PRO" /></word><word lex="colourful" start="98" end="107"><sense-info penn-parts-of-speech="NN,JJ" trips-parts-of-speech="N,ADJ" alternate-spellings="colorful" /></word><word lex="wall" start="108" end="112"><sense-info penn-parts-of-speech="NN" trips-parts-of-speech="N" /></word><prefer text="a colourful wall" start="96" end="112" penn-cats="NP" score="24.832" /><prefer text="of a colourful wall" start="93" end="112" penn-cats="PP" score="25.899" /><prefer text="front of a colourful wall" start="87" end="112" penn-cats="NP" score="37.385" /><prefer text="in front of a colourful wall" start="84" end="112" penn-cats="PP" score="40.593" /><prefer text="standing in front of a colourful wall" start="75" end="112" penn-cats="VP" score="49.767" /><prefer text="is standing in front of a colourful wall" start="72" end="112" penn-cats="VP" score="54.027" /><word lex="." start="113" end="113"><sense-info penn-parts-of-speech="FULL_STOP" trips-parts-of-speech="PUNC" /></word><prefer text="a dark-skinned , dark-haired girl wearing a black hat and a blue poncho is standing in front of a colourful wall ." start="0" end="113" penn-cats="S" score="159.16" /></tags><tree><lisp>(UTT
<  (UTT (ADVBL (ADV AND))
<   (UTT
<    (S (NP (SPEC (DET (ART A))) (N1 (ADJP (ADJ1 (ADJ BLUE))) (N1 (N PONCHO))))
<     (VP
<      (VP- (V IS)
<       (NP
<        (N1 (N1 (V STANDING))
<         (ADVBL (ADV IN)
<          (NP
<           (N1 (N FRONT)
<            (PP (PREP OF)
<             (NP (SPEC (DET (ART A)))
<              (N1 (ADJP (ADJ1 (ADJ COLOURFUL))) (N1 (N WALL)))))))))))))))
<  (PUNC PUNC-PERIOD))</lisp><UTT><UTT><ADVBL><ADV>AND</ADV></ADVBL><UTT><S><NP><SPEC><DET><ART>A</ART></DET></SPEC><N1><ADJP><ADJ1><ADJ>BLUE</ADJ></ADJ1></ADJP><N1><N>PONCHO</N></N1></N1></NP><VP><VP-><V>IS</V><NP><N1><N1><V>STANDING</V></N1><ADVBL><ADV>IN</ADV><NP><N1><N>FRONT</N><PP><PREP>OF</PREP><NP><SPEC><DET><ART>A</ART></DET></SPEC><N1><ADJP><ADJ1><ADJ>COLOURFUL</ADJ></ADJ1></ADJP><N1><N>WALL</N></N1></N1></NP></PP></N1></NP></ADVBL></N1></NP></VP-></VP></S></UTT></UTT><PUNC>PUNC-PERIOD</PUNC></UTT></tree><terms root="#V143294"><lisp>((ONT::SPEECHACT ONT::V143294 ONT::SA_TELL :PUNCTYPE W::DECL :CONTENT
<   ONT::V140759 :MOD ONT::V140688 :START 54 :END 113)
<  (ONT::F ONT::V140688 (:* ONT::CONJUNCT W::AND) :FIGURE ONT::V143294 :START 54
<   :END 58)
<  (ONT::F ONT::V140759 (:* ONT::BE W::BE) :NEUTRAL ONT::V140750 :NEUTRAL1
<   ONT::V140776 :TENSE W::PRES :START 58 :END 113)
<  (ONT::A ONT::V140750 (:* ONT::ATTIRE W::PONCHO) :MOD ONT::V140737 :START 58
<   :END 72)
<  (ONT::F ONT::V140737 (:* ONT::BLUE W::BLUE) :FIGURE ONT::V140750 :SCALE
<   ONT::COLOR-SCALE :START 60 :END 65)
<  (ONT::BARE ONT::V140776 (:* ONT::BE-AT-LOC W::STAND) :LOCATION ONT::V140785
<   :START 75 :END 113)
<  (ONT::F ONT::V140785 (:* ONT::IN-LOC W::IN) :GROUND ONT::V140846 :FIGURE
<   ONT::V140776 :START 84 :END 113)
<  (ONT::BARE ONT::V140846 (:* ONT::OBJECT-DEPENDENT-LOCATION W::FRONT) :FIGURE
<   ONT::V140952 :START 87 :END 113)
<  (ONT::A ONT::V140952 (:* ONT::STRUCTURE-INTERNAL-COMPONENT W::WALL) :MOD
<   ONT::V140949 :START 93 :END 113)
<  (ONT::F ONT::V140949 (:* ONT::MODIFIER W::COLOURFUL) :FIGURE ONT::V140952
<   :START 98 :END 108))</lisp><rdf:RDF
<   xmlns:rdf="http://www.w3.org/1999/02/22-rdf-syntax-ns#"
<   xmlns:role="http://www.cs.rochester.edu/research/trips/role#"
<   xmlns:LF="http://www.cs.rochester.edu/research/trips/LF#">
<   <rdf:Description rdf:ID="V143294">
<     <LF:indicator>SPEECHACT</LF:indicator>
<     <LF:type>SA_TELL</LF:type>
<     <role:PUNCTYPE>DECL</role:PUNCTYPE>
<     <role:CONTENT rdf:resource="#V140759" />
<     <role:MOD rdf:resource="#V140688" />
<     <LF:start>54</LF:start>
<     <LF:end>113</LF:end>
<   </rdf:Description>
<   <rdf:Description rdf:ID="V140688">
<     <LF:indicator>F</LF:indicator>
<     <LF:type>CONJUNCT</LF:type>
<     <LF:word>AND</LF:word>
<     <role:FIGURE rdf:resource="#V143294" />
<     <LF:start>54</LF:start>
<     <LF:end>58</LF:end>
<   </rdf:Description>
<   <rdf:Description rdf:ID="V140759">
<     <LF:indicator>F</LF:indicator>
<     <LF:type>BE</LF:type>
<     <LF:word>BE</LF:word>
<     <role:NEUTRAL rdf:resource="#V140750" />
<     <role:NEUTRAL1 rdf:resource="#V140776" />
<     <role:TENSE>PRES</role:TENSE>
<     <LF:start>58</LF:start>
<     <LF:end>113</LF:end>
<   </rdf:Description>
<   <rdf:Description rdf:ID="V140750">
<     <LF:indicator>A</LF:indicator>
<     <LF:type>ATTIRE</LF:type>
<     <LF:word>PONCHO</LF:word>
<     <role:MOD rdf:resource="#V140737" />
<     <LF:start>58</LF:start>
<     <LF:end>72</LF:end>
<   </rdf:Description>
<   <rdf:Description rdf:ID="V140737">
<     <LF:indicator>F</LF:indicator>
<     <LF:type>BLUE</LF:type>
<     <LF:word>BLUE</LF:word>
<     <role:FIGURE rdf:resource="#V140750" />
<     <role:SCALE>COLOR-SCALE</role:SCALE>
<     <LF:start>60</LF:start>
<     <LF:end>65</LF:end>
<   </rdf:Description>
<   <rdf:Description rdf:ID="V140776">
<     <LF:indicator>BARE</LF:indicator>
<     <LF:type>BE-AT-LOC</LF:type>
<     <LF:word>STAND</LF:word>
<     <role:LOCATION rdf:resource="#V140785" />
<     <LF:start>75</LF:start>
<     <LF:end>113</LF:end>
<   </rdf:Description>
<   <rdf:Description rdf:ID="V140785">
<     <LF:indicator>F</LF:indicator>
<     <LF:type>IN-LOC</LF:type>
<     <LF:word>IN</LF:word>
<     <role:GROUND rdf:resource="#V140846" />
<     <role:FIGURE rdf:resource="#V140776" />
<     <LF:start>84</LF:start>
<     <LF:end>113</LF:end>
<   </rdf:Description>
<   <rdf:Description rdf:ID="V140846">
<     <LF:indicator>BARE</LF:indicator>
<     <LF:type>OBJECT-DEPENDENT-LOCATION</LF:type>
<     <LF:word>FRONT</LF:word>
<     <role:FIGURE rdf:resource="#V140952" />
<     <LF:start>87</LF:start>
<     <LF:end>113</LF:end>
<   </rdf:Description>
<   <rdf:Description rdf:ID="V140952">
<     <LF:indicator>A</LF:indicator>
<     <LF:type>STRUCTURE-INTERNAL-COMPONENT</LF:type>
<     <LF:word>WALL</LF:word>
<     <role:MOD rdf:resource="#V140949" />
<     <LF:start>93</LF:start>
<     <LF:end>113</LF:end>
<   </rdf:Description>
<   <rdf:Description rdf:ID="V140949">
<     <LF:indicator>F</LF:indicator>
<     <LF:type>MODIFIER</LF:type>
<     <LF:word>COLOURFUL</LF:word>
<     <role:FIGURE rdf:resource="#V140952" />
<     <LF:start>98</LF:start>
<     <LF:end>108</LF:end>
<   </rdf:Description>
< </rdf:RDF>
< </terms></utt></compound-communication-act>
< </trips-parser-output>
\ No newline at end of file
---
> <SpRL>
>  <SCENE>
>   <SENTENCE id="s1" indicator="THE" type="LETTER-SYMBOL" NAME-OF="(A)" start="0" end="2">
>    <TEXT>a d</TEXT>
>   </SENTENCE>
>   <SENTENCE id="s2" indicator="SPEECHACT" type="SA_TELL" start="2" end="17">
>    <TEXT>dark-skinned , d</TEXT>
>    <RELATION id="1" head="V151188" res="V140586" label="CONTENT"/>
>    <PHRASE id="V140586" indicator="F" type="MOVE" text="SKINNED" TENSE="PAST" start="2" end="15"/>
>    <RELATION id="2" head="V140586" res="V140577" label="AFFECTED"/>
>    <PHRASE id="V140577" indicator="BARE" type="LIGHT" text="DARK" start="2" end="6"/>
>   </SENTENCE>
>   <SENTENCE id="s3" indicator="BARE" type="FEMALE-CHILD" text="GIRL" start="17" end="54">
>    <TEXT>dark-haired girl wearing a black hat a</TEXT>
>    <RELATION id="3" head="V140627" res="V140633" label="MOD"/>
>    <RELATION id="4" head="V140627" res="V140624" label="MOD"/>
>    <PHRASE id="V140624" indicator="F" type="MODIFIER" text="DARK-PUNC-MINUS-HAIRED" start="17" end="29" WNSENSE="dark-haired%5:00:00"/>
>    <RELATION id="5" head="V140624" res="V140627" label="FIGURE"/>
>    <PHRASE id="V140633" indicator="F" type="WEAR" text="WEAR" VFORM="ING" start="34" end="54"/>
>    <RELATION id="6" head="V140633" res="V140627" label="AGENT"/>
>    <RELATION id="7" head="V140633" res="V140683" label="NEUTRAL"/>
>    <PHRASE id="V140683" indicator="A" type="ATTIRE" text="HAT" start="42" end="54"/>
>    <RELATION id="8" head="V140683" res="V140680" label="MOD"/>
>    <PHRASE id="V140680" indicator="F" type="BLACK" text="BLACK" SCALE="BLACKNESS*1--07--00" start="44" end="50"/>
>    <RELATION id="9" head="V140680" res="V140683" label="FIGURE"/>
>   </SENTENCE>
>   <SENTENCE id="s4" indicator="SPEECHACT" type="SA_TELL" PUNCTYPE="DECL" start="54" end="113">
>    <TEXT>and a blue poncho is standing in front of a colourful wall .</TEXT>
>    <RELATION id="10" head="V143294" res="V140759" label="CONTENT"/>
>    <RELATION id="11" head="V143294" res="V140688" label="MOD"/>
>    <PHRASE id="V140688" indicator="F" type="CONJUNCT" text="AND" start="54" end="58"/>
>    <RELATION id="12" head="V140688" res="V143294" label="FIGURE"/>
>    <PHRASE id="V140759" indicator="F" type="BE" text="BE" TENSE="PRES" start="58" end="113"/>
>    <RELATION id="13" head="V140759" res="V140750" label="NEUTRAL"/>
>    <RELATION id="14" head="V140759" res="V140776" label="NEUTRAL1"/>
>    <PHRASE id="V140750" indicator="A" type="ATTIRE" text="PONCHO" start="58" end="72"/>
>    <RELATION id="15" head="V140750" res="V140737" label="MOD"/>
>    <PHRASE id="V140737" indicator="F" type="BLUE" text="BLUE" SCALE="COLOR-SCALE" start="60" end="65"/>
>    <RELATION id="16" head="V140737" res="V140750" label="FIGURE"/>
>    <PHRASE id="V140776" indicator="BARE" type="BE-AT-LOC" text="STAND" start="75" end="113"/>
>    <RELATION id="17" head="V140776" res="V140785" label="LOCATION"/>
>    <PHRASE id="V140785" indicator="F" type="IN-LOC" text="IN" start="84" end="113"/>
>    <RELATION id="18" head="V140785" res="V140846" label="GROUND"/>
>    <RELATION id="19" head="V140785" res="V140776" label="FIGURE"/>
>    <PHRASE id="V140846" indicator="BARE" type="OBJECT-DEPENDENT-LOCATION" text="FRONT" start="87" end="113"/>
>    <RELATION id="20" head="V140846" res="V140952" label="FIGURE"/>
>    <PHRASE id="V140952" indicator="A" type="STRUCTURE-INTERNAL-COMPONENT" text="WALL" start="93" end="113"/>
>    <RELATION id="21" head="V140952" res="V140949" label="MOD"/>
>    <PHRASE id="V140949" indicator="F" type="MODIFIER" text="COLOURFUL" start="98" end="108"/>
>    <RELATION id="22" head="V140949" res="V140952" label="FIGURE"/>
>   </SENTENCE>
>  </SCENE>
> </SpRL>
