2,298c2,42
< <?xml-stylesheet type="text/xsl" href="../style/parser-interface.xsl"?>
< <!DOCTYPE trips-parser-output SYSTEM "../trips-parser-output.dtd">
< <trips-parser-output parser-build-date="2017-09-20T12:11:02-0500" system="STEP" extsformat="svg" tagsformat="hidden" treecontents="phrase" treeformat="LinGO" lfformat="svg" semantic-skeleton-scoring="T" rule-sets="" input="a dark-skinned , dark-haired boy in dark vest is standing in front of a wall made of rocks .
< ">
< <debug>
< *last-utt-id*=NIL  utt-id+14
< *last-utt-id*=14  utt-id+14
< *last-utt-id*=14  utt-id+14
< *last-utt-id*=14  utt-id+14
< *last-utt-id*=14  utt-id+14
< *last-utt-id*=14  utt-id+NIL</debug><compound-communication-act>
< <utt><words><lisp>(W::DARK W::PUNC-MINUS W::SKINNED)</lisp><word>DARK</word><word>PUNC-MINUS</word><word>SKINNED</word></words><tags><lisp>((WORD &quot;a&quot; :FRAME (0 1) :SENSE-INFO
<   ((:PENN-PARTS-OF-SPEECH (DT) :TRIPS-PARTS-OF-SPEECH (W::ART W::QUAN W::PRO)))
<   :UTTNUM 14 :CHANNEL DESKTOP :DIRECTION INPUT)
<  (WORD &quot;dark&quot; :FRAME (2 5) :SENSE-INFO
<   ((:PENN-PARTS-OF-SPEECH (NN) :TRIPS-PARTS-OF-SPEECH (W::N))) :UTTNUM 14
<   :CHANNEL DESKTOP :DIRECTION INPUT)
<  (WORD &quot;-&quot; :FRAME (6 6) :SENSE-INFO
<   ((:PENN-PARTS-OF-SPEECH (COLON) :TRIPS-PARTS-OF-SPEECH (W::PUNC))) :UTTNUM 14
<   :CHANNEL DESKTOP :DIRECTION INPUT)
<  (WORD &quot;skinned&quot; :FRAME (7 14) :SENSE-INFO
<   ((:PENN-PARTS-OF-SPEECH (VBD) :TRIPS-PARTS-OF-SPEECH (W::V))) :UTTNUM 14
<   :CHANNEL DESKTOP :DIRECTION INPUT)
<  (WORD &quot;dark-skinned&quot; :FRAME (2 14) :SENSE-INFO
<   ((:PENN-PARTS-OF-SPEECH (JJ) :TRIPS-PARTS-OF-SPEECH (W::ADJ) :WN-SENSE-KEYS
<     (&quot;dark-skinned%5:00:00&quot;)))
<   :UTTNUM 14 :CHANNEL DESKTOP :DIRECTION INPUT)
<  (WORD &quot;,&quot; :FRAME (15 16) :SENSE-INFO
<   ((:PENN-PARTS-OF-SPEECH (COMMA) :TRIPS-PARTS-OF-SPEECH (W::PUNC))) :UTTNUM 14
<   :CHANNEL DESKTOP :DIRECTION INPUT))</lisp><word lex="a" start="0" end="1"><sense-info penn-parts-of-speech="DT" trips-parts-of-speech="ART,QUAN,PRO" /></word><word lex="dark" start="2" end="5"><sense-info penn-parts-of-speech="NN" trips-parts-of-speech="N" /></word><word lex="-" start="6" end="6"><sense-info penn-parts-of-speech="COLON" trips-parts-of-speech="PUNC" /></word><word lex="skinned" start="7" end="14"><sense-info penn-parts-of-speech="VBD" trips-parts-of-speech="V" /></word><word lex="dark-skinned" start="2" end="14"><sense-info penn-parts-of-speech="JJ" trips-parts-of-speech="ADJ" wn-sense-keys="dark-skinned%5:00:00" /></word><word lex="," start="15" end="16"><sense-info penn-parts-of-speech="COMMA" trips-parts-of-speech="PUNC" /></word></tags><tree><lisp>(DET (ART A))</lisp><DET><ART>A</ART></DET></tree><terms root="#V137806"><lisp>((ONT::F ONT::V137806 (:* ONT::MODIFIER W::DARK-PUNC-MINUS-SKINNED) :START 2
<   :END 15 :WNSENSE &quot;dark-skinned%5:00:00&quot;))</lisp><rdf:RDF
<   xmlns:rdf="http://www.w3.org/1999/02/22-rdf-syntax-ns#"
<   xmlns:role="http://www.cs.rochester.edu/research/trips/role#"
<   xmlns:LF="http://www.cs.rochester.edu/research/trips/LF#">
<   <rdf:Description rdf:ID="V137806">
<     <LF:indicator>F</LF:indicator>
<     <LF:type>MODIFIER</LF:type>
<     <LF:word>DARK-PUNC-MINUS-SKINNED</LF:word>
<     <LF:start>2</LF:start>
<     <LF:end>15</LF:end>
<     <role:WNSENSE>dark-skinned%5:00:00</role:WNSENSE>
<   </rdf:Description>
< </rdf:RDF>
< </terms></utt><utt><words><lisp>(W::DARK W::PUNC-MINUS W::HAIRED W::BOY)</lisp><word>DARK</word><word>PUNC-MINUS</word><word>HAIRED</word><word>BOY</word></words><tags><lisp>((WORD &quot;dark&quot; :FRAME (17 20) :SENSE-INFO
<   ((:PENN-PARTS-OF-SPEECH (JJ) :TRIPS-PARTS-OF-SPEECH (W::ADJ))) :UTTNUM 14
<   :CHANNEL DESKTOP :DIRECTION INPUT)
<  (WORD &quot;-&quot; :FRAME (21 21) :SENSE-INFO
<   ((:PENN-PARTS-OF-SPEECH (COLON) :TRIPS-PARTS-OF-SPEECH (W::PUNC))) :UTTNUM 14
<   :CHANNEL DESKTOP :DIRECTION INPUT)
<  (WORD &quot;haired&quot; :FRAME (22 28) :SENSE-INFO
<   ((:PENN-PARTS-OF-SPEECH (VBN) :TRIPS-PARTS-OF-SPEECH (W::V))) :UTTNUM 14
<   :CHANNEL DESKTOP :DIRECTION INPUT)
<  (WORD &quot;dark-haired&quot; :FRAME (17 28) :SENSE-INFO
<   ((:PENN-PARTS-OF-SPEECH (JJ) :TRIPS-PARTS-OF-SPEECH (W::ADJ) :WN-SENSE-KEYS
<     (&quot;dark-haired%5:00:00&quot;)))
<   :UTTNUM 14 :CHANNEL DESKTOP :DIRECTION INPUT)
<  (WORD &quot;boy&quot; :FRAME (29 32) :SENSE-INFO
<   ((:PENN-PARTS-OF-SPEECH (NN) :TRIPS-PARTS-OF-SPEECH (W::N))) :UTTNUM 14
<   :CHANNEL DESKTOP :DIRECTION INPUT)
<  (PREFER &quot;a dark-skinned , dark-haired boy&quot; :FRAME (0 32) :PENN-CATS (NP)
<   :TRIPS-CATS (W::NP) :SCORE 40.958 :UTTNUM 14 :CHANNEL DESKTOP :DIRECTION
<   INPUT))</lisp><word lex="dark" start="17" end="20"><sense-info penn-parts-of-speech="JJ" trips-parts-of-speech="ADJ" /></word><word lex="-" start="21" end="21"><sense-info penn-parts-of-speech="COLON" trips-parts-of-speech="PUNC" /></word><word lex="haired" start="22" end="28"><sense-info penn-parts-of-speech="VBN" trips-parts-of-speech="V" /></word><word lex="dark-haired" start="17" end="28"><sense-info penn-parts-of-speech="JJ" trips-parts-of-speech="ADJ" wn-sense-keys="dark-haired%5:00:00" /></word><word lex="boy" start="29" end="32"><sense-info penn-parts-of-speech="NN" trips-parts-of-speech="N" /></word><prefer text="a dark-skinned , dark-haired boy" start="0" end="32" penn-cats="NP" score="40.958" /></tags><tree><lisp>(ADJP (ADJ1 (ADJ DARK PUNC-MINUS SKINNED)))</lisp><ADJP><ADJ1><ADJ>DARK PUNC-MINUS SKINNED</ADJ></ADJ1></ADJP></tree><terms root="#V137833"><lisp>((ONT::BARE ONT::V137833 (:* ONT::MALE-CHILD W::BOY) :MOD ONT::V137830 :START
<   17 :END 33)
<  (ONT::F ONT::V137830 (:* ONT::MODIFIER W::DARK-PUNC-MINUS-HAIRED) :FIGURE
<   ONT::V137833 :START 17 :END 29 :WNSENSE &quot;dark-haired%5:00:00&quot;))</lisp><rdf:RDF
<   xmlns:rdf="http://www.w3.org/1999/02/22-rdf-syntax-ns#"
<   xmlns:role="http://www.cs.rochester.edu/research/trips/role#"
<   xmlns:LF="http://www.cs.rochester.edu/research/trips/LF#">
<   <rdf:Description rdf:ID="V137833">
<     <LF:indicator>BARE</LF:indicator>
<     <LF:type>MALE-CHILD</LF:type>
<     <LF:word>BOY</LF:word>
<     <role:MOD rdf:resource="#V137830" />
<     <LF:start>17</LF:start>
<     <LF:end>33</LF:end>
<   </rdf:Description>
<   <rdf:Description rdf:ID="V137830">
<     <LF:indicator>F</LF:indicator>
<     <LF:type>MODIFIER</LF:type>
<     <LF:word>DARK-PUNC-MINUS-HAIRED</LF:word>
<     <role:FIGURE rdf:resource="#V137833" />
<     <LF:start>17</LF:start>
<     <LF:end>29</LF:end>
<     <role:WNSENSE>dark-haired%5:00:00</role:WNSENSE>
<   </rdf:Description>
< </rdf:RDF>
< </terms></utt><utt><words><lisp>(W::IN)</lisp><word>IN</word></words><tags><lisp>((WORD &quot;in&quot; :FRAME (33 35) :SENSE-INFO
<   ((:PENN-PARTS-OF-SPEECH (IN) :TRIPS-PARTS-OF-SPEECH (W::PREP W::ADV)))
<   :UTTNUM 14 :CHANNEL DESKTOP :DIRECTION INPUT))</lisp><word lex="in" start="33" end="35"><sense-info penn-parts-of-speech="IN" trips-parts-of-speech="PREP,ADV" /></word></tags><tree><lisp>(PUNC PUNC-COMMA)</lisp><PUNC>PUNC-COMMA</PUNC></tree><terms root="#V137841"><lisp>((ONT::F ONT::V137841 (:* ONT::DIRECTION W::IN) :START 33 :END 36))</lisp><rdf:RDF
<   xmlns:rdf="http://www.w3.org/1999/02/22-rdf-syntax-ns#"
<   xmlns:role="http://www.cs.rochester.edu/research/trips/role#"
<   xmlns:LF="http://www.cs.rochester.edu/research/trips/LF#">
<   <rdf:Description rdf:ID="V137841">
<     <LF:indicator>F</LF:indicator>
<     <LF:type>DIRECTION</LF:type>
<     <LF:word>IN</LF:word>
<     <LF:start>33</LF:start>
<     <LF:end>36</LF:end>
<   </rdf:Description>
< </rdf:RDF>
< </terms></utt><utt><words><lisp>(W::DARK W::VEST)</lisp><word>DARK</word><word>VEST</word></words><tags><lisp>((WORD &quot;dark&quot; :FRAME (36 40) :SENSE-INFO
<   ((:PENN-PARTS-OF-SPEECH (JJ) :TRIPS-PARTS-OF-SPEECH (W::ADJ))) :UTTNUM 14
<   :CHANNEL DESKTOP :DIRECTION INPUT)
<  (WORD &quot;vest&quot; :FRAME (41 45) :SENSE-INFO
<   ((:PENN-PARTS-OF-SPEECH (NN) :TRIPS-PARTS-OF-SPEECH (W::N))) :UTTNUM 14
<   :CHANNEL DESKTOP :DIRECTION INPUT)
<  (PREFER &quot;dark vest&quot; :FRAME (36 45) :PENN-CATS (NP) :TRIPS-CATS (W::NP) :SCORE
<   24.386 :UTTNUM 14 :CHANNEL DESKTOP :DIRECTION INPUT)
<  (PREFER &quot;in dark vest&quot; :FRAME (33 45) :PENN-CATS (PP) :TRIPS-CATS (W::PP)
<   :SCORE 26.637 :UTTNUM 14 :CHANNEL DESKTOP :DIRECTION INPUT)
<  (PREFER &quot;a dark-skinned , dark-haired boy in dark vest&quot; :FRAME (0 45)
<   :PENN-CATS (NP) :TRIPS-CATS (W::NP) :SCORE 67.962 :UTTNUM 14 :CHANNEL DESKTOP
<   :DIRECTION INPUT))</lisp><word lex="dark" start="36" end="40"><sense-info penn-parts-of-speech="JJ" trips-parts-of-speech="ADJ" /></word><word lex="vest" start="41" end="45"><sense-info penn-parts-of-speech="NN" trips-parts-of-speech="N" /></word><prefer text="dark vest" start="36" end="45" penn-cats="NP" score="24.386" /><prefer text="in dark vest" start="33" end="45" penn-cats="PP" score="26.637" /><prefer text="a dark-skinned , dark-haired boy in dark vest" start="0" end="45" penn-cats="NP" score="67.962" /></tags><tree><lisp>(NP (N1 (ADJP (ADJ1 (ADJ DARK PUNC-MINUS HAIRED))) (N1 (N BOY))))</lisp><NP><N1><ADJP><ADJ1><ADJ>DARK PUNC-MINUS HAIRED</ADJ></ADJ1></ADJP><N1><N>BOY</N></N1></N1></NP></tree><terms root="#V137897"><lisp>((ONT::BARE ONT::V137897 (:* ONT::ATTIRE W::VEST) :MOD ONT::V137889 :START 36
<   :END 46)
<  (ONT::F ONT::V137889 (:* ONT::DARK-VAL W::DARK) :FIGURE ONT::V137897 :START 36
<   :END 41))</lisp><rdf:RDF
<   xmlns:rdf="http://www.w3.org/1999/02/22-rdf-syntax-ns#"
<   xmlns:role="http://www.cs.rochester.edu/research/trips/role#"
<   xmlns:LF="http://www.cs.rochester.edu/research/trips/LF#">
<   <rdf:Description rdf:ID="V137897">
<     <LF:indicator>BARE</LF:indicator>
<     <LF:type>ATTIRE</LF:type>
<     <LF:word>VEST</LF:word>
<     <role:MOD rdf:resource="#V137889" />
<     <LF:start>36</LF:start>
<     <LF:end>46</LF:end>
<   </rdf:Description>
<   <rdf:Description rdf:ID="V137889">
<     <LF:indicator>F</LF:indicator>
<     <LF:type>DARK-VAL</LF:type>
<     <LF:word>DARK</LF:word>
<     <role:FIGURE rdf:resource="#V137897" />
<     <LF:start>36</LF:start>
<     <LF:end>41</LF:end>
<   </rdf:Description>
< </rdf:RDF>
< </terms></utt><utt><words><lisp>(W::IS W::STANDING W::IN W::FRONT W::OF W::A W::WALL W::MADE W::OF W::ROCKS
<  W::PUNC-PERIOD)</lisp><word>IS</word><word>STANDING</word><word>IN</word><word>FRONT</word><word>OF</word><word>A</word><word>WALL</word><word>MADE</word><word>OF</word><word>ROCKS</word><word>PUNC-PERIOD</word></words><tags><lisp>((WORD &quot;is&quot; :FRAME (46 48) :SENSE-INFO
<   ((:PENN-PARTS-OF-SPEECH (VBZ) :TRIPS-PARTS-OF-SPEECH (W::V))) :UTTNUM 14
<   :CHANNEL DESKTOP :DIRECTION INPUT)
<  (WORD &quot;standing&quot; :FRAME (49 57) :SENSE-INFO
<   ((:PENN-PARTS-OF-SPEECH (VBG) :TRIPS-PARTS-OF-SPEECH (W::V))) :UTTNUM 14
<   :CHANNEL DESKTOP :DIRECTION INPUT)
<  (WORD &quot;in&quot; :FRAME (58 60) :SENSE-INFO
<   ((:PENN-PARTS-OF-SPEECH (IN) :TRIPS-PARTS-OF-SPEECH (W::PREP W::ADV)))
<   :UTTNUM 14 :CHANNEL DESKTOP :DIRECTION INPUT)
<  (WORD &quot;standing in&quot; :FRAME (49 60) :SENSE-INFO
<   ((:PENN-PARTS-OF-SPEECH (VBG) :TRIPS-PARTS-OF-SPEECH (W::V) :WN-SENSE-KEYS
<     (&quot;stand_in%2:40:00&quot;)))
<   :UTTNUM 14 :CHANNEL DESKTOP :DIRECTION INPUT)
<  (WORD &quot;front&quot; :FRAME (61 66) :SENSE-INFO
<   ((:PENN-PARTS-OF-SPEECH (NN) :TRIPS-PARTS-OF-SPEECH (W::N))) :UTTNUM 14
<   :CHANNEL DESKTOP :DIRECTION INPUT)
<  (PREFER &quot;front&quot; :FRAME (61 66) :PENN-CATS (NP) :TRIPS-CATS (W::NP) :SCORE
<   10.944 :UTTNUM 14 :CHANNEL DESKTOP :DIRECTION INPUT)
<  (WORD &quot;in front&quot; :FRAME (58 66) :SENSE-INFO
<   ((:PENN-PARTS-OF-SPEECH (RB) :TRIPS-PARTS-OF-SPEECH (W::ADV) :WN-SENSE-KEYS
<     (&quot;in_front%4:02:00&quot;)))
<   :UTTNUM 14 :CHANNEL DESKTOP :DIRECTION INPUT)
<  (WORD &quot;of&quot; :FRAME (67 69) :SENSE-INFO
<   ((:PENN-PARTS-OF-SPEECH (IN) :TRIPS-PARTS-OF-SPEECH (W::PREP W::ADV)))
<   :UTTNUM 14 :CHANNEL DESKTOP :DIRECTION INPUT)
<  (WORD &quot;a&quot; :FRAME (70 71) :SENSE-INFO
<   ((:PENN-PARTS-OF-SPEECH (DT) :TRIPS-PARTS-OF-SPEECH (W::ART W::QUAN W::PRO)))
<   :UTTNUM 14 :CHANNEL DESKTOP :DIRECTION INPUT)
<  (WORD &quot;wall&quot; :FRAME (72 76) :SENSE-INFO
<   ((:PENN-PARTS-OF-SPEECH (NN) :TRIPS-PARTS-OF-SPEECH (W::N))) :UTTNUM 14
<   :CHANNEL DESKTOP :DIRECTION INPUT)
<  (PREFER &quot;a wall&quot; :FRAME (70 76) :PENN-CATS (NP) :TRIPS-CATS (W::NP) :SCORE
<   11.852 :UTTNUM 14 :CHANNEL DESKTOP :DIRECTION INPUT)
<  (WORD &quot;made&quot; :FRAME (77 81) :SENSE-INFO
<   ((:PENN-PARTS-OF-SPEECH (VBN) :TRIPS-PARTS-OF-SPEECH (W::V))) :UTTNUM 14
<   :CHANNEL DESKTOP :DIRECTION INPUT)
<  (WORD &quot;of&quot; :FRAME (82 84) :SENSE-INFO
<   ((:PENN-PARTS-OF-SPEECH (IN) :TRIPS-PARTS-OF-SPEECH (W::PREP W::ADV)))
<   :UTTNUM 14 :CHANNEL DESKTOP :DIRECTION INPUT)
<  (WORD &quot;rocks&quot; :FRAME (85 90) :SENSE-INFO
<   ((:PENN-PARTS-OF-SPEECH (NNS) :TRIPS-PARTS-OF-SPEECH (W::N))) :UTTNUM 14
<   :CHANNEL DESKTOP :DIRECTION INPUT)
<  (PREFER &quot;rocks&quot; :FRAME (85 90) :PENN-CATS (NP) :TRIPS-CATS (W::NP) :SCORE
<   12.149 :UTTNUM 14 :CHANNEL DESKTOP :DIRECTION INPUT)
<  (PREFER &quot;of rocks&quot; :FRAME (82 90) :PENN-CATS (PP) :TRIPS-CATS (W::PP) :SCORE
<   15.965 :UTTNUM 14 :CHANNEL DESKTOP :DIRECTION INPUT)
<  (PREFER &quot;made of rocks&quot; :FRAME (77 90) :PENN-CATS (VP) :TRIPS-CATS (W::VP)
<   :SCORE 21.37 :UTTNUM 14 :CHANNEL DESKTOP :DIRECTION INPUT)
<  (PREFER &quot;a wall made of rocks&quot; :FRAME (70 90) :PENN-CATS (NP) :TRIPS-CATS
<   (W::NP) :SCORE 35.454 :UTTNUM 14 :CHANNEL DESKTOP :DIRECTION INPUT)
<  (PREFER &quot;of a wall made of rocks&quot; :FRAME (67 90) :PENN-CATS (PP) :TRIPS-CATS
<   (W::PP) :SCORE 36.78 :UTTNUM 14 :CHANNEL DESKTOP :DIRECTION INPUT)
<  (PREFER &quot;front of a wall made of rocks&quot; :FRAME (61 90) :PENN-CATS (NP)
<   :TRIPS-CATS (W::NP) :SCORE 49.485 :UTTNUM 14 :CHANNEL DESKTOP :DIRECTION
<   INPUT)
<  (PREFER &quot;in front of a wall made of rocks&quot; :FRAME (58 90) :PENN-CATS (PP)
<   :TRIPS-CATS (W::PP) :SCORE 51.866 :UTTNUM 14 :CHANNEL DESKTOP :DIRECTION
<   INPUT)
<  (PREFER &quot;standing in front of a wall made of rocks&quot; :FRAME (49 90) :PENN-CATS
<   (VP) :TRIPS-CATS (W::VP) :SCORE 62.291 :UTTNUM 14 :CHANNEL DESKTOP :DIRECTION
<   INPUT)
<  (PREFER &quot;is standing in front of a wall made of rocks&quot; :FRAME (46 90)
<   :PENN-CATS (VP) :TRIPS-CATS (W::VP) :SCORE 66.552 :UTTNUM 14 :CHANNEL DESKTOP
<   :DIRECTION INPUT)
<  (WORD &quot;.&quot; :FRAME (91 91) :SENSE-INFO
<   ((:PENN-PARTS-OF-SPEECH (FULL_STOP) :TRIPS-PARTS-OF-SPEECH (W::PUNC)))
<   :UTTNUM 14 :CHANNEL DESKTOP :DIRECTION INPUT)
<  (PREFER
<   &quot;a dark-skinned , dark-haired boy in dark vest is standing in front of a wall made of rocks .&quot;
<   :FRAME (0 91) :PENN-CATS (S) :SCORE 137.343 :UTTNUM 14 :CHANNEL DESKTOP
<   :DIRECTION INPUT))</lisp><word lex="is" start="46" end="48"><sense-info penn-parts-of-speech="VBZ" trips-parts-of-speech="V" /></word><word lex="standing" start="49" end="57"><sense-info penn-parts-of-speech="VBG" trips-parts-of-speech="V" /></word><word lex="in" start="58" end="60"><sense-info penn-parts-of-speech="IN" trips-parts-of-speech="PREP,ADV" /></word><word lex="standing in" start="49" end="60"><sense-info penn-parts-of-speech="VBG" trips-parts-of-speech="V" wn-sense-keys="stand_in%2:40:00" /></word><word lex="front" start="61" end="66"><sense-info penn-parts-of-speech="NN" trips-parts-of-speech="N" /></word><prefer text="front" start="61" end="66" penn-cats="NP" score="10.944" /><word lex="in front" start="58" end="66"><sense-info penn-parts-of-speech="RB" trips-parts-of-speech="ADV" wn-sense-keys="in_front%4:02:00" /></word><word lex="of" start="67" end="69"><sense-info penn-parts-of-speech="IN" trips-parts-of-speech="PREP,ADV" /></word><word lex="a" start="70" end="71"><sense-info penn-parts-of-speech="DT" trips-parts-of-speech="ART,QUAN,PRO" /></word><word lex="wall" start="72" end="76"><sense-info penn-parts-of-speech="NN" trips-parts-of-speech="N" /></word><prefer text="a wall" start="70" end="76" penn-cats="NP" score="11.852" /><word lex="made" start="77" end="81"><sense-info penn-parts-of-speech="VBN" trips-parts-of-speech="V" /></word><word lex="of" start="82" end="84"><sense-info penn-parts-of-speech="IN" trips-parts-of-speech="PREP,ADV" /></word><word lex="rocks" start="85" end="90"><sense-info penn-parts-of-speech="NNS" trips-parts-of-speech="N" /></word><prefer text="rocks" start="85" end="90" penn-cats="NP" score="12.149" /><prefer text="of rocks" start="82" end="90" penn-cats="PP" score="15.965" /><prefer text="made of rocks" start="77" end="90" penn-cats="VP" score="21.37" /><prefer text="a wall made of rocks" start="70" end="90" penn-cats="NP" score="35.454" /><prefer text="of a wall made of rocks" start="67" end="90" penn-cats="PP" score="36.78" /><prefer text="front of a wall made of rocks" start="61" end="90" penn-cats="NP" score="49.485" /><prefer text="in front of a wall made of rocks" start="58" end="90" penn-cats="PP" score="51.866" /><prefer text="standing in front of a wall made of rocks" start="49" end="90" penn-cats="VP" score="62.291" /><prefer text="is standing in front of a wall made of rocks" start="46" end="90" penn-cats="VP" score="66.552" /><word lex="." start="91" end="91"><sense-info penn-parts-of-speech="FULL_STOP" trips-parts-of-speech="PUNC" /></word><prefer text="a dark-skinned , dark-haired boy in dark vest is standing in front of a wall made of rocks ." start="0" end="91" penn-cats="S" score="137.343" /></tags><tree><lisp>(ADVBL (ADV IN))</lisp><ADVBL><ADV>IN</ADV></ADVBL></tree><terms root="#V145886"><lisp>((ONT::SPEECHACT ONT::V145886 ONT::SA_YN-QUESTION :PUNCTYPE W::DECL :CONTENT
<   ONT::V137906 :START 46 :END 91)
<  (ONT::F ONT::V137906 (:* ONT::BE W::BE) :NEUTRAL ONT::V137989 :NEUTRAL1
<   ONT::V137993 :TENSE W::PRES :START 46 :END 91)
<  (ONT::BARE ONT::V137989 (:* ONT::EXCHANGE W::STANDING-IN) :START 49 :END 61
<   :WNSENSE &quot;stand_in%2:40:00&quot;)
<  (ONT::BARE ONT::V137993 (:* ONT::OBJECT-DEPENDENT-LOCATION W::FRONT) :FIGURE
<   ONT::V138095 :START 61 :END 91)
<  (ONT::A ONT::V138095 (:* ONT::STRUCTURE-INTERNAL-COMPONENT W::WALL) :MOD
<   ONT::V138115 :MOD ONT::V138100 :START 67 :END 91)
<  (ONT::F ONT::V138100 (:* ONT::CREATE W::MAKE) :AFFECTED-RESULT ONT::V138095
<   :VFORM W::PASSIVE :START 77 :END 82)
<  (ONT::F ONT::V138115 (:* ONT::CONTAIN-RELN W::OF) :GROUND ONT::V138123 :FIGURE
<   ONT::V138095 :START 82 :END 91)
<  (ONT::INDEF-SET ONT::V138123 (:* ONT::NATURAL-OBJECT W::ROCK) :START 85 :END
<   91))</lisp><rdf:RDF
<   xmlns:rdf="http://www.w3.org/1999/02/22-rdf-syntax-ns#"
<   xmlns:role="http://www.cs.rochester.edu/research/trips/role#"
<   xmlns:LF="http://www.cs.rochester.edu/research/trips/LF#">
<   <rdf:Description rdf:ID="V145886">
<     <LF:indicator>SPEECHACT</LF:indicator>
<     <LF:type>SA_YN-QUESTION</LF:type>
<     <role:PUNCTYPE>DECL</role:PUNCTYPE>
<     <role:CONTENT rdf:resource="#V137906" />
<     <LF:start>46</LF:start>
<     <LF:end>91</LF:end>
<   </rdf:Description>
<   <rdf:Description rdf:ID="V137906">
<     <LF:indicator>F</LF:indicator>
<     <LF:type>BE</LF:type>
<     <LF:word>BE</LF:word>
<     <role:NEUTRAL rdf:resource="#V137989" />
<     <role:NEUTRAL1 rdf:resource="#V137993" />
<     <role:TENSE>PRES</role:TENSE>
<     <LF:start>46</LF:start>
<     <LF:end>91</LF:end>
<   </rdf:Description>
<   <rdf:Description rdf:ID="V137989">
<     <LF:indicator>BARE</LF:indicator>
<     <LF:type>EXCHANGE</LF:type>
<     <LF:word>STANDING-IN</LF:word>
<     <LF:start>49</LF:start>
<     <LF:end>61</LF:end>
<     <role:WNSENSE>stand_in%2:40:00</role:WNSENSE>
<   </rdf:Description>
<   <rdf:Description rdf:ID="V137993">
<     <LF:indicator>BARE</LF:indicator>
<     <LF:type>OBJECT-DEPENDENT-LOCATION</LF:type>
<     <LF:word>FRONT</LF:word>
<     <role:FIGURE rdf:resource="#V138095" />
<     <LF:start>61</LF:start>
<     <LF:end>91</LF:end>
<   </rdf:Description>
<   <rdf:Description rdf:ID="V138095">
<     <LF:indicator>A</LF:indicator>
<     <LF:type>STRUCTURE-INTERNAL-COMPONENT</LF:type>
<     <LF:word>WALL</LF:word>
<     <role:MOD rdf:resource="#V138115" />
<     <role:MOD rdf:resource="#V138100" />
<     <LF:start>67</LF:start>
<     <LF:end>91</LF:end>
<   </rdf:Description>
<   <rdf:Description rdf:ID="V138100">
<     <LF:indicator>F</LF:indicator>
<     <LF:type>CREATE</LF:type>
<     <LF:word>MAKE</LF:word>
<     <role:AFFECTED-RESULT rdf:resource="#V138095" />
<     <role:VFORM>PASSIVE</role:VFORM>
<     <LF:start>77</LF:start>
<     <LF:end>82</LF:end>
<   </rdf:Description>
<   <rdf:Description rdf:ID="V138115">
<     <LF:indicator>F</LF:indicator>
<     <LF:type>CONTAIN-RELN</LF:type>
<     <LF:word>OF</LF:word>
<     <role:GROUND rdf:resource="#V138123" />
<     <role:FIGURE rdf:resource="#V138095" />
<     <LF:start>82</LF:start>
<     <LF:end>91</LF:end>
<   </rdf:Description>
<   <rdf:Description rdf:ID="V138123">
<     <LF:indicator>INDEF-SET</LF:indicator>
<     <LF:type>NATURAL-OBJECT</LF:type>
<     <LF:word>ROCK</LF:word>
<     <LF:start>85</LF:start>
<     <LF:end>91</LF:end>
<   </rdf:Description>
< </rdf:RDF>
< </terms></utt></compound-communication-act>
< </trips-parser-output>
\ No newline at end of file
---
> <SpRL>
>  <SCENE>
>   <SENTENCE id="s1" indicator="F" type="MODIFIER" text="DARK-PUNC-MINUS-SKINNED" start="2" end="15" WNSENSE="dark-skinned%5:00:00">
>    <TEXT>dark-skinned ,</TEXT>
>   </SENTENCE>
>   <SENTENCE id="s2" indicator="BARE" type="MALE-CHILD" text="BOY" start="17" end="33">
>    <TEXT>dark-haired boy i</TEXT>
>    <RELATION id="1" head="V137833" res="V137830" label="MOD"/>
>    <PHRASE id="V137830" indicator="F" type="MODIFIER" text="DARK-PUNC-MINUS-HAIRED" start="17" end="29" WNSENSE="dark-haired%5:00:00"/>
>    <RELATION id="2" head="V137830" res="V137833" label="FIGURE"/>
>   </SENTENCE>
>   <SENTENCE id="s3" indicator="F" type="DIRECTION" text="IN" start="33" end="36">
>    <TEXT>in d</TEXT>
>   </SENTENCE>
>   <SENTENCE id="s4" indicator="BARE" type="ATTIRE" text="VEST" start="36" end="46">
>    <TEXT>dark vest i</TEXT>
>    <RELATION id="3" head="V137897" res="V137889" label="MOD"/>
>    <PHRASE id="V137889" indicator="F" type="DARK-VAL" text="DARK" start="36" end="41"/>
>    <RELATION id="4" head="V137889" res="V137897" label="FIGURE"/>
>   </SENTENCE>
>   <SENTENCE id="s5" indicator="SPEECHACT" type="SA_YN-QUESTION" PUNCTYPE="DECL" start="46" end="91">
>    <TEXT>is standing in front of a wall made of rocks .</TEXT>
>    <RELATION id="5" head="V145886" res="V137906" label="CONTENT"/>
>    <PHRASE id="V137906" indicator="F" type="BE" text="BE" TENSE="PRES" start="46" end="91"/>
>    <RELATION id="6" head="V137906" res="V137989" label="NEUTRAL"/>
>    <RELATION id="7" head="V137906" res="V137993" label="NEUTRAL1"/>
>    <PHRASE id="V137989" indicator="BARE" type="EXCHANGE" text="STANDING-IN" start="49" end="61" WNSENSE="stand_in%2:40:00"/>
>    <PHRASE id="V137993" indicator="BARE" type="OBJECT-DEPENDENT-LOCATION" text="FRONT" start="61" end="91"/>
>    <RELATION id="8" head="V137993" res="V138095" label="FIGURE"/>
>    <PHRASE id="V138095" indicator="A" type="STRUCTURE-INTERNAL-COMPONENT" text="WALL" start="67" end="91"/>
>    <RELATION id="9" head="V138095" res="V138115" label="MOD"/>
>    <RELATION id="10" head="V138095" res="V138100" label="MOD"/>
>    <PHRASE id="V138100" indicator="F" type="CREATE" text="MAKE" VFORM="PASSIVE" start="77" end="82"/>
>    <RELATION id="11" head="V138100" res="V138095" label="AFFECTED-RESULT"/>
>    <PHRASE id="V138115" indicator="F" type="CONTAIN-RELN" text="OF" start="82" end="91"/>
>    <RELATION id="12" head="V138115" res="V138123" label="GROUND"/>
>    <RELATION id="13" head="V138115" res="V138095" label="FIGURE"/>
>    <PHRASE id="V138123" indicator="INDEF-SET" type="NATURAL-OBJECT" text="ROCK" start="85" end="91"/>
>   </SENTENCE>
>  </SCENE>
> </SpRL>
