2,215c2,30
< <?xml-stylesheet type="text/xsl" href="../style/parser-interface.xsl"?>
< <!DOCTYPE trips-parser-output SYSTEM "../trips-parser-output.dtd">
< <trips-parser-output parser-build-date="2017-09-20T12:11:02-0500" system="STEP" extsformat="svg" tagsformat="hidden" treecontents="phrase" treeformat="LinGO" lfformat="svg" semantic-skeleton-scoring="T" rule-sets="" input="portrait of two dark-haired girls with a mountain in the background .
< ">
< <debug>
< 
<  FOUNDS SEQUENCE from constit (% W::NP (W::BARE-SEQUENCE -) (W::CONSTRAINT -)
<                                  (W::MASS W::BARE) (W::GENERATED +)
<                                  (W::POSTADVBL +)
<                                  (W::SEM ?8607:(?43142:(F::PHYS-OBJ
<                                                         F::ABSTR-OBJ) NIL))
<                                  (W::LF (% W::DESCRIPTION (W::STATUS ONT::DEFINITE)
<                                            (W::VAR V122521)
<                                            (W::SORT W::INDIVIDUAL)
<                                            (W::LEX (W::A))
<                                            (W::CLASS ONT::SEQUENCE)
<                                            (W::CONSTRAINT (% &amp; (W::NAME-OF (W::A))
<                                                              (W::VAL (W::A))))
<                                            (W::LEX W::A) (W::SEM ?43140)
<                                            (W::TRANSFORM ?43141)))
<                                  (W::CASE ?43139:(W::SUB W::OBJ -))
<                                  (W::AGR ?43138) (W::CLASS ONT::ANY-SEM)
<                                  (W::VAR V122521) (W::SORT W::PRED) (W::NAME -)
<                                  (W::PRO -) (W::CHANGEAGR -) (W::LEX W::A)
<                                  (W::HEADCAT W::VALUE) (W::TRANSFORM -)
<                                  (W::REFL -) (1 RNUMBER122623))
< *last-utt-id*=NIL  utt-id+19
< *last-utt-id*=19  utt-id+NIL</debug><utt><words><lisp>(W::PORTRAIT W::OF W::TWO W::DARK W::PUNC-MINUS W::HAIRED W::GIRLS W::WITH W::A
<  W::MOUNTAIN W::IN W::THE W::BACKGROUND W::PUNC-PERIOD)</lisp><word>PORTRAIT</word><word>OF</word><word>TWO</word><word>DARK</word><word>PUNC-MINUS</word><word>HAIRED</word><word>GIRLS</word><word>WITH</word><word>A</word><word>MOUNTAIN</word><word>IN</word><word>THE</word><word>BACKGROUND</word><word>PUNC-PERIOD</word></words><tags><lisp>((WORD &quot;portrait&quot; :FRAME (0 8) :SENSE-INFO
<   ((:PENN-PARTS-OF-SPEECH (NN) :TRIPS-PARTS-OF-SPEECH (W::N))) :UTTNUM 19
<   :CHANNEL DESKTOP :DIRECTION INPUT)
<  (PREFER &quot;portrait&quot; :FRAME (0 8) :PENN-CATS (NP) :TRIPS-CATS (W::NP) :SCORE
<   12.861 :UTTNUM 19 :CHANNEL DESKTOP :DIRECTION INPUT)
<  (WORD &quot;of&quot; :FRAME (9 11) :SENSE-INFO
<   ((:PENN-PARTS-OF-SPEECH (IN) :TRIPS-PARTS-OF-SPEECH (W::PREP W::ADV)))
<   :UTTNUM 19 :CHANNEL DESKTOP :DIRECTION INPUT)
<  (WORD &quot;two&quot; :FRAME (12 15) :SENSE-INFO
<   ((:PENN-PARTS-OF-SPEECH (CD) :TRIPS-PARTS-OF-SPEECH
<     (W::NUMBER W::NUMBER-UNIT)))
<   :UTTNUM 19 :CHANNEL DESKTOP :DIRECTION INPUT)
<  (WORD &quot;dark&quot; :FRAME (16 19) :SENSE-INFO
<   ((:PENN-PARTS-OF-SPEECH (JJ) :TRIPS-PARTS-OF-SPEECH (W::ADJ))) :UTTNUM 19
<   :CHANNEL DESKTOP :DIRECTION INPUT)
<  (WORD &quot;-&quot; :FRAME (20 20) :SENSE-INFO
<   ((:PENN-PARTS-OF-SPEECH (COLON) :TRIPS-PARTS-OF-SPEECH (W::PUNC))) :UTTNUM 19
<   :CHANNEL DESKTOP :DIRECTION INPUT)
<  (WORD &quot;haired&quot; :FRAME (21 27) :SENSE-INFO
<   ((:PENN-PARTS-OF-SPEECH (VBN) :TRIPS-PARTS-OF-SPEECH (W::V))) :UTTNUM 19
<   :CHANNEL DESKTOP :DIRECTION INPUT)
<  (WORD &quot;dark-haired&quot; :FRAME (16 27) :SENSE-INFO
<   ((:PENN-PARTS-OF-SPEECH (JJ) :TRIPS-PARTS-OF-SPEECH (W::ADJ) :WN-SENSE-KEYS
<     (&quot;dark-haired%5:00:00&quot;)))
<   :UTTNUM 19 :CHANNEL DESKTOP :DIRECTION INPUT)
<  (WORD &quot;girls&quot; :FRAME (28 33) :SENSE-INFO
<   ((:PENN-PARTS-OF-SPEECH (NNS) :TRIPS-PARTS-OF-SPEECH (W::N))) :UTTNUM 19
<   :CHANNEL DESKTOP :DIRECTION INPUT)
<  (PREFER &quot;two dark-haired girls&quot; :FRAME (12 33) :PENN-CATS (NP) :TRIPS-CATS
<   (W::NP) :SCORE 28.555 :UTTNUM 19 :CHANNEL DESKTOP :DIRECTION INPUT)
<  (WORD &quot;with&quot; :FRAME (34 38) :SENSE-INFO
<   ((:PENN-PARTS-OF-SPEECH (IN) :TRIPS-PARTS-OF-SPEECH (W::PREP W::ADV)))
<   :UTTNUM 19 :CHANNEL DESKTOP :DIRECTION INPUT)
<  (WORD &quot;a&quot; :FRAME (39 40) :SENSE-INFO
<   ((:PENN-PARTS-OF-SPEECH (DT) :TRIPS-PARTS-OF-SPEECH (W::ART W::QUAN W::PRO)))
<   :UTTNUM 19 :CHANNEL DESKTOP :DIRECTION INPUT)
<  (WORD &quot;mountain&quot; :FRAME (41 49) :SENSE-INFO
<   ((:PENN-PARTS-OF-SPEECH (NN) :TRIPS-PARTS-OF-SPEECH (W::N))) :UTTNUM 19
<   :CHANNEL DESKTOP :DIRECTION INPUT)
<  (PREFER &quot;a mountain&quot; :FRAME (39 49) :PENN-CATS (NP) :TRIPS-CATS (W::NP) :SCORE
<   12.113 :UTTNUM 19 :CHANNEL DESKTOP :DIRECTION INPUT)
<  (PREFER &quot;with a mountain&quot; :FRAME (34 49) :PENN-CATS (PP) :TRIPS-CATS (W::PP)
<   :SCORE 15.913 :UTTNUM 19 :CHANNEL DESKTOP :DIRECTION INPUT)
<  (PREFER &quot;two dark-haired girls with a mountain&quot; :FRAME (12 49) :PENN-CATS (NP)
<   :TRIPS-CATS (W::NP) :SCORE 45.009 :UTTNUM 19 :CHANNEL DESKTOP :DIRECTION
<   INPUT)
<  (PREFER &quot;of two dark-haired girls with a mountain&quot; :FRAME (9 49) :PENN-CATS
<   (PP) :TRIPS-CATS (W::PP) :SCORE 47.421 :UTTNUM 19 :CHANNEL DESKTOP :DIRECTION
<   INPUT)
<  (WORD &quot;in&quot; :FRAME (50 52) :SENSE-INFO
<   ((:PENN-PARTS-OF-SPEECH (IN) :TRIPS-PARTS-OF-SPEECH (W::PREP W::ADV)))
<   :UTTNUM 19 :CHANNEL DESKTOP :DIRECTION INPUT)
<  (WORD &quot;the&quot; :FRAME (53 56) :SENSE-INFO
<   ((:PENN-PARTS-OF-SPEECH (DT) :TRIPS-PARTS-OF-SPEECH (W::ART W::QUAN W::PRO)))
<   :UTTNUM 19 :CHANNEL DESKTOP :DIRECTION INPUT)
<  (WORD &quot;background&quot; :FRAME (57 67) :SENSE-INFO
<   ((:PENN-PARTS-OF-SPEECH (NN) :TRIPS-PARTS-OF-SPEECH (W::N))) :UTTNUM 19
<   :CHANNEL DESKTOP :DIRECTION INPUT)
<  (PREFER &quot;the background&quot; :FRAME (53 67) :PENN-CATS (NP) :TRIPS-CATS (W::NP)
<   :SCORE 11.972 :UTTNUM 19 :CHANNEL DESKTOP :DIRECTION INPUT)
<  (PREFER &quot;in the background&quot; :FRAME (50 67) :PENN-CATS (PP) :TRIPS-CATS (W::PP)
<   :SCORE 14.224 :UTTNUM 19 :CHANNEL DESKTOP :DIRECTION INPUT)
<  (WORD &quot;.&quot; :FRAME (68 68) :SENSE-INFO
<   ((:PENN-PARTS-OF-SPEECH (FULL_STOP) :TRIPS-PARTS-OF-SPEECH (W::PUNC)))
<   :UTTNUM 19 :CHANNEL DESKTOP :DIRECTION INPUT)
<  (PREFER
<   &quot;portrait of two dark-haired girls with a mountain in the background .&quot;
<   :FRAME (0 68) :PENN-CATS (NP) :TRIPS-CATS (W::NP) :SCORE 77.833 :UTTNUM 19
<   :CHANNEL DESKTOP :DIRECTION INPUT))</lisp><word lex="portrait" start="0" end="8"><sense-info penn-parts-of-speech="NN" trips-parts-of-speech="N" /></word><prefer text="portrait" start="0" end="8" penn-cats="NP" score="12.861" /><word lex="of" start="9" end="11"><sense-info penn-parts-of-speech="IN" trips-parts-of-speech="PREP,ADV" /></word><word lex="two" start="12" end="15"><sense-info penn-parts-of-speech="CD" trips-parts-of-speech="NUMBER,NUMBER-UNIT" /></word><word lex="dark" start="16" end="19"><sense-info penn-parts-of-speech="JJ" trips-parts-of-speech="ADJ" /></word><word lex="-" start="20" end="20"><sense-info penn-parts-of-speech="COLON" trips-parts-of-speech="PUNC" /></word><word lex="haired" start="21" end="27"><sense-info penn-parts-of-speech="VBN" trips-parts-of-speech="V" /></word><word lex="dark-haired" start="16" end="27"><sense-info penn-parts-of-speech="JJ" trips-parts-of-speech="ADJ" wn-sense-keys="dark-haired%5:00:00" /></word><word lex="girls" start="28" end="33"><sense-info penn-parts-of-speech="NNS" trips-parts-of-speech="N" /></word><prefer text="two dark-haired girls" start="12" end="33" penn-cats="NP" score="28.555" /><word lex="with" start="34" end="38"><sense-info penn-parts-of-speech="IN" trips-parts-of-speech="PREP,ADV" /></word><word lex="a" start="39" end="40"><sense-info penn-parts-of-speech="DT" trips-parts-of-speech="ART,QUAN,PRO" /></word><word lex="mountain" start="41" end="49"><sense-info penn-parts-of-speech="NN" trips-parts-of-speech="N" /></word><prefer text="a mountain" start="39" end="49" penn-cats="NP" score="12.113" /><prefer text="with a mountain" start="34" end="49" penn-cats="PP" score="15.913" /><prefer text="two dark-haired girls with a mountain" start="12" end="49" penn-cats="NP" score="45.009" /><prefer text="of two dark-haired girls with a mountain" start="9" end="49" penn-cats="PP" score="47.421" /><word lex="in" start="50" end="52"><sense-info penn-parts-of-speech="IN" trips-parts-of-speech="PREP,ADV" /></word><word lex="the" start="53" end="56"><sense-info penn-parts-of-speech="DT" trips-parts-of-speech="ART,QUAN,PRO" /></word><word lex="background" start="57" end="67"><sense-info penn-parts-of-speech="NN" trips-parts-of-speech="N" /></word><prefer text="the background" start="53" end="67" penn-cats="NP" score="11.972" /><prefer text="in the background" start="50" end="67" penn-cats="PP" score="14.224" /><word lex="." start="68" end="68"><sense-info penn-parts-of-speech="FULL_STOP" trips-parts-of-speech="PUNC" /></word><prefer text="portrait of two dark-haired girls with a mountain in the background ." start="0" end="68" penn-cats="NP" score="77.833" /></tags><tree><lisp>(UTT
<  (UTT
<   (NP
<    (N1
<     (N1 (N1 (N PORTRAIT))
<      (ADVBL (ADV OF)
<       (NP
<        (N1
<         (N1 (ADJP (NUMBER TWO))
<          (N1 (ADJP (ADJ1 (ADJ DARK PUNC-MINUS HAIRED))) (N1 (N GIRLS))))
<         (ADVBL (ADV WITH) (NP (SPEC (DET (ART A))) (N1 (N MOUNTAIN))))))))
<     (ADVBL (ADV IN) (NP (SPEC (DET (ART THE))) (N1 (N BACKGROUND)))))))
<  (PUNC PUNC-PERIOD))</lisp><UTT><UTT><NP><N1><N1><N1><N>PORTRAIT</N></N1><ADVBL><ADV>OF</ADV><NP><N1><N1><ADJP><NUMBER>TWO</NUMBER></ADJP><N1><ADJP><ADJ1><ADJ>DARK PUNC-MINUS HAIRED</ADJ></ADJ1></ADJP><N1><N>GIRLS</N></N1></N1></N1><ADVBL><ADV>WITH</ADV><NP><SPEC><DET><ART>A</ART></DET></SPEC><N1><N>MOUNTAIN</N></N1></NP></ADVBL></N1></NP></ADVBL></N1><ADVBL><ADV>IN</ADV><NP><SPEC><DET><ART>THE</ART></DET></SPEC><N1><N>BACKGROUND</N></N1></NP></ADVBL></N1></NP></UTT><PUNC>PUNC-PERIOD</PUNC></UTT></tree><terms root="#V122323"><lisp>((ONT::SPEECHACT ONT::V122323 ONT::SA_IDENTIFY :PUNCTYPE W::DECL :CONTENT
<   ONT::V121869 :START 0 :END 68)
<  (ONT::BARE ONT::V121869 (:* ONT::CONTENT W::PORTRAIT) :LOCATION ONT::V121974
<   :MOD ONT::V121877 :START 0 :END 68)
<  (ONT::F ONT::V121877 (:* ONT::ASSOC-WITH W::OF) :GROUND ONT::V121908 :FIGURE
<   ONT::V121869 :START 9 :END 50)
<  (ONT::INDEF-SET ONT::V121908 (:* ONT::FEMALE-CHILD W::GIRL) :SIZE ONT::V121885
<   :MOD ONT::V121912 :MOD ONT::V121905 :START 12 :END 50)
<  (ONT::A ONT::V121885 ONT::NUMBER :VALUE 2 :START 12 :END 16)
<  (ONT::F ONT::V121905 (:* ONT::MODIFIER W::DARK-PUNC-MINUS-HAIRED) :FIGURE
<   ONT::V121908 :START 16 :END 28 :WNSENSE &quot;dark-haired%5:00:00&quot;)
<  (ONT::F ONT::V121912 (:* ONT::ASSOC-WITH W::WITH) :GROUND ONT::V121967 :FIGURE
<   ONT::V121908 :START 34 :END 50)
<  (ONT::A ONT::V121967 (:* ONT::GEO-FORMATION W::MOUNTAIN) :START 39 :END 50)
<  (ONT::F ONT::V121974 (:* ONT::IN-LOC W::IN) :GROUND ONT::V122030 :FIGURE
<   ONT::V121869 :START 50 :END 68)
<  (ONT::THE ONT::V122030 (:* ONT::IMAGE W::BACKGROUND) :START 53 :END 68))</lisp><rdf:RDF
<   xmlns:rdf="http://www.w3.org/1999/02/22-rdf-syntax-ns#"
<   xmlns:role="http://www.cs.rochester.edu/research/trips/role#"
<   xmlns:LF="http://www.cs.rochester.edu/research/trips/LF#">
<   <rdf:Description rdf:ID="V122323">
<     <LF:indicator>SPEECHACT</LF:indicator>
<     <LF:type>SA_IDENTIFY</LF:type>
<     <role:PUNCTYPE>DECL</role:PUNCTYPE>
<     <role:CONTENT rdf:resource="#V121869" />
<     <LF:start>0</LF:start>
<     <LF:end>68</LF:end>
<   </rdf:Description>
<   <rdf:Description rdf:ID="V121869">
<     <LF:indicator>BARE</LF:indicator>
<     <LF:type>CONTENT</LF:type>
<     <LF:word>PORTRAIT</LF:word>
<     <role:LOCATION rdf:resource="#V121974" />
<     <role:MOD rdf:resource="#V121877" />
<     <LF:start>0</LF:start>
<     <LF:end>68</LF:end>
<   </rdf:Description>
<   <rdf:Description rdf:ID="V121877">
<     <LF:indicator>F</LF:indicator>
<     <LF:type>ASSOC-WITH</LF:type>
<     <LF:word>OF</LF:word>
<     <role:GROUND rdf:resource="#V121908" />
<     <role:FIGURE rdf:resource="#V121869" />
<     <LF:start>9</LF:start>
<     <LF:end>50</LF:end>
<   </rdf:Description>
<   <rdf:Description rdf:ID="V121908">
<     <LF:indicator>INDEF-SET</LF:indicator>
<     <LF:type>FEMALE-CHILD</LF:type>
<     <LF:word>GIRL</LF:word>
<     <role:SIZE rdf:resource="#V121885" />
<     <role:MOD rdf:resource="#V121912" />
<     <role:MOD rdf:resource="#V121905" />
<     <LF:start>12</LF:start>
<     <LF:end>50</LF:end>
<   </rdf:Description>
<   <rdf:Description rdf:ID="V121885">
<     <LF:indicator>A</LF:indicator>
<     <LF:type>NUMBER</LF:type>
<     <role:VALUE>2</role:VALUE>
<     <LF:start>12</LF:start>
<     <LF:end>16</LF:end>
<   </rdf:Description>
<   <rdf:Description rdf:ID="V121905">
<     <LF:indicator>F</LF:indicator>
<     <LF:type>MODIFIER</LF:type>
<     <LF:word>DARK-PUNC-MINUS-HAIRED</LF:word>
<     <role:FIGURE rdf:resource="#V121908" />
<     <LF:start>16</LF:start>
<     <LF:end>28</LF:end>
<     <role:WNSENSE>dark-haired%5:00:00</role:WNSENSE>
<   </rdf:Description>
<   <rdf:Description rdf:ID="V121912">
<     <LF:indicator>F</LF:indicator>
<     <LF:type>ASSOC-WITH</LF:type>
<     <LF:word>WITH</LF:word>
<     <role:GROUND rdf:resource="#V121967" />
<     <role:FIGURE rdf:resource="#V121908" />
<     <LF:start>34</LF:start>
<     <LF:end>50</LF:end>
<   </rdf:Description>
<   <rdf:Description rdf:ID="V121967">
<     <LF:indicator>A</LF:indicator>
<     <LF:type>GEO-FORMATION</LF:type>
<     <LF:word>MOUNTAIN</LF:word>
<     <LF:start>39</LF:start>
<     <LF:end>50</LF:end>
<   </rdf:Description>
<   <rdf:Description rdf:ID="V121974">
<     <LF:indicator>F</LF:indicator>
<     <LF:type>IN-LOC</LF:type>
<     <LF:word>IN</LF:word>
<     <role:GROUND rdf:resource="#V122030" />
<     <role:FIGURE rdf:resource="#V121869" />
<     <LF:start>50</LF:start>
<     <LF:end>68</LF:end>
<   </rdf:Description>
<   <rdf:Description rdf:ID="V122030">
<     <LF:indicator>THE</LF:indicator>
<     <LF:type>IMAGE</LF:type>
<     <LF:word>BACKGROUND</LF:word>
<     <LF:start>53</LF:start>
<     <LF:end>68</LF:end>
<   </rdf:Description>
< </rdf:RDF>
< </terms></utt></trips-parser-output>
\ No newline at end of file
---
> <SpRL>
>  <SCENE>
>   <SENTENCE id="s1" indicator="SPEECHACT" type="SA_IDENTIFY" PUNCTYPE="DECL" start="0" end="68">
>    <TEXT>portrait of two dark-haired girls with a mountain in the background .</TEXT>
>    <RELATION id="1" head="V122323" res="V121869" label="CONTENT"/>
>    <PHRASE id="V121869" indicator="BARE" type="CONTENT" text="PORTRAIT" start="0" end="68"/>
>    <RELATION id="2" head="V121869" res="V121974" label="LOCATION"/>
>    <RELATION id="3" head="V121869" res="V121877" label="MOD"/>
>    <PHRASE id="V121877" indicator="F" type="ASSOC-WITH" text="OF" start="9" end="50"/>
>    <RELATION id="4" head="V121877" res="V121908" label="GROUND"/>
>    <RELATION id="5" head="V121877" res="V121869" label="FIGURE"/>
>    <PHRASE id="V121908" indicator="INDEF-SET" type="FEMALE-CHILD" text="GIRL" start="12" end="50"/>
>    <RELATION id="6" head="V121908" res="V121885" label="SIZE"/>
>    <RELATION id="7" head="V121908" res="V121912" label="MOD"/>
>    <RELATION id="8" head="V121908" res="V121905" label="MOD"/>
>    <PHRASE id="V121885" indicator="A" type="NUMBER" VALUE="2" start="12" end="16"/>
>    <PHRASE id="V121905" indicator="F" type="MODIFIER" text="DARK-PUNC-MINUS-HAIRED" start="16" end="28" WNSENSE="dark-haired%5:00:00"/>
>    <RELATION id="9" head="V121905" res="V121908" label="FIGURE"/>
>    <PHRASE id="V121912" indicator="F" type="ASSOC-WITH" text="WITH" start="34" end="50"/>
>    <RELATION id="10" head="V121912" res="V121967" label="GROUND"/>
>    <RELATION id="11" head="V121912" res="V121908" label="FIGURE"/>
>    <PHRASE id="V121967" indicator="A" type="GEO-FORMATION" text="MOUNTAIN" start="39" end="50"/>
>    <PHRASE id="V121974" indicator="F" type="IN-LOC" text="IN" start="50" end="68"/>
>    <RELATION id="12" head="V121974" res="V122030" label="GROUND"/>
>    <RELATION id="13" head="V121974" res="V121869" label="FIGURE"/>
>    <PHRASE id="V122030" indicator="THE" type="IMAGE" text="BACKGROUND" start="53" end="68"/>
>   </SENTENCE>
>  </SCENE>
> </SpRL>
