2,445c2,50
< <?xml-stylesheet type="text/xsl" href="../style/parser-interface.xsl"?>
< <!DOCTYPE trips-parser-output SYSTEM "../trips-parser-output.dtd">
< <trips-parser-output parser-build-date="2017-09-20T12:11:02-0500" system="STEP" extsformat="svg" tagsformat="hidden" treecontents="phrase" treeformat="LinGO" lfformat="svg" semantic-skeleton-scoring="T" rule-sets="" input="a dark-skinned girl wearing a traditional green hat and a purple cloak ( cloth ) standing in front of a very colourful wall .
< ">
< <debug>
< 
<  FOUNDS SEQUENCE from constit (% W::NP (W::BARE-SEQUENCE -) (W::CONSTRAINT -)
<                                  (W::MASS W::BARE) (W::GENERATED +)
<                                  (W::POSTADVBL +)
<                                  (W::SEM ?8607:(?286439:(F::PHYS-OBJ
<                                                          F::ABSTR-OBJ) NIL))
<                                  (W::LF (% W::DESCRIPTION (W::STATUS ONT::DEFINITE)
<                                            (W::VAR V122436)
<                                            (W::SORT W::INDIVIDUAL)
<                                            (W::LEX (W::A))
<                                            (W::CLASS ONT::SEQUENCE)
<                                            (W::CONSTRAINT (% &amp; (W::NAME-OF (W::A))
<                                                              (W::VAL (W::A))))
<                                            (W::LEX W::A) (W::SEM ?286437)
<                                            (W::TRANSFORM ?286438)))
<                                  (W::CASE ?286436:(W::SUB W::OBJ -))
<                                  (W::AGR ?286435) (W::CLASS ONT::ANY-SEM)
<                                  (W::VAR V122436) (W::SORT W::PRED) (W::NAME -)
<                                  (W::PRO -) (W::CHANGEAGR -) (W::LEX W::A)
<                                  (W::HEADCAT W::VALUE) (W::TRANSFORM -)
<                                  (W::REFL -) (1 RNUMBER122911))
< 
<  FOUNDS SEQUENCE from constit (% W::NP (W::BARE-SEQUENCE -) (W::CONSTRAINT -)
<                                  (W::MASS W::BARE) (W::GENERATED +)
<                                  (W::POSTADVBL +)
<                                  (W::SEM ?8607:(?287008:(F::PHYS-OBJ
<                                                          F::ABSTR-OBJ) NIL))
<                                  (W::LF (% W::DESCRIPTION (W::STATUS ONT::DEFINITE)
<                                            (W::VAR V122439)
<                                            (W::SORT W::INDIVIDUAL)
<                                            (W::LEX (W::A))
<                                            (W::CLASS ONT::SEQUENCE)
<                                            (W::CONSTRAINT (% &amp; (W::NAME-OF (W::A))
<                                                              (W::VAL (W::A))))
<                                            (W::LEX W::A) (W::SEM ?287006)
<                                            (W::TRANSFORM ?287007)))
<                                  (W::CASE ?287005:(W::SUB W::OBJ -))
<                                  (W::AGR ?287004) (W::CLASS ONT::ANY-SEM)
<                                  (W::VAR V122439) (W::SORT W::PRED) (W::NAME -)
<                                  (W::PRO -) (W::CHANGEAGR -) (W::LEX W::A)
<                                  (W::HEADCAT W::VALUE) (W::TRANSFORM -)
<                                  (W::REFL -) (1 RNUMBER122913))
< 
<  FOUNDS SEQUENCE from constit (% W::NP (W::BARE-SEQUENCE -) (W::CONSTRAINT -)
<                                  (W::MASS W::BARE) (W::GENERATED +)
<                                  (W::POSTADVBL +)
<                                  (W::SEM ?8607:(?287319:(F::PHYS-OBJ
<                                                          F::ABSTR-OBJ) NIL))
<                                  (W::LF (% W::DESCRIPTION (W::STATUS ONT::DEFINITE)
<                                            (W::VAR V122442)
<                                            (W::SORT W::INDIVIDUAL)
<                                            (W::LEX (W::A))
<                                            (W::CLASS ONT::SEQUENCE)
<                                            (W::CONSTRAINT (% &amp; (W::NAME-OF (W::A))
<                                                              (W::VAL (W::A))))
<                                            (W::LEX W::A) (W::SEM ?287317)
<                                            (W::TRANSFORM ?287318)))
<                                  (W::CASE ?287316:(W::SUB W::OBJ -))
<                                  (W::AGR ?287315) (W::CLASS ONT::ANY-SEM)
<                                  (W::VAR V122442) (W::SORT W::PRED) (W::NAME -)
<                                  (W::PRO -) (W::CHANGEAGR -) (W::LEX W::A)
<                                  (W::HEADCAT W::VALUE) (W::TRANSFORM -)
<                                  (W::REFL -) (1 RNUMBER122915))
< 
<  FOUNDS SEQUENCE from constit (% W::NP (W::BARE-SEQUENCE -) (W::CONSTRAINT -)
<                                  (W::MASS W::BARE) (W::GENERATED +)
<                                  (W::POSTADVBL +)
<                                  (W::SEM ?8607:(?287848:(F::PHYS-OBJ
<                                                          F::ABSTR-OBJ) NIL))
<                                  (W::LF (% W::DESCRIPTION (W::STATUS ONT::DEFINITE)
<                                            (W::VAR V122445)
<                                            (W::SORT W::INDIVIDUAL)
<                                            (W::LEX (W::A))
<                                            (W::CLASS ONT::SEQUENCE)
<                                            (W::CONSTRAINT (% &amp; (W::NAME-OF (W::A))
<                                                              (W::VAL (W::A))))
<                                            (W::LEX W::A) (W::SEM ?287846)
<                                            (W::TRANSFORM ?287847)))
<                                  (W::CASE ?287845:(W::SUB W::OBJ -))
<                                  (W::AGR ?287844) (W::CLASS ONT::ANY-SEM)
<                                  (W::VAR V122445) (W::SORT W::PRED) (W::NAME -)
<                                  (W::PRO -) (W::CHANGEAGR -) (W::LEX W::A)
<                                  (W::HEADCAT W::VALUE) (W::TRANSFORM -)
<                                  (W::REFL -) (1 RNUMBER122917))
< *last-utt-id*=NIL  utt-id+11
< *last-utt-id*=11  utt-id+11
< *last-utt-id*=11  utt-id+NIL</debug><compound-communication-act>
< <utt><words><lisp>(W::A W::DARK W::PUNC-MINUS W::SKINNED W::GIRL W::WEARING W::A W::TRADITIONAL
<  W::GREEN W::HAT W::AND W::A W::PURPLE W::CLOAK W::START-PAREN W::CLOTH
<  W::END-PAREN)</lisp><word>A</word><word>DARK</word><word>PUNC-MINUS</word><word>SKINNED</word><word>GIRL</word><word>WEARING</word><word>A</word><word>TRADITIONAL</word><word>GREEN</word><word>HAT</word><word>AND</word><word>A</word><word>PURPLE</word><word>CLOAK</word><word>START-PAREN</word><word>CLOTH</word><word>END-PAREN</word></words><tags><lisp>((WORD &quot;a&quot; :FRAME (0 1) :SENSE-INFO
<   ((:PENN-PARTS-OF-SPEECH (DT) :TRIPS-PARTS-OF-SPEECH (W::ART W::QUAN W::PRO)))
<   :UTTNUM 11 :CHANNEL DESKTOP :DIRECTION INPUT)
<  (WORD &quot;dark&quot; :FRAME (2 5) :SENSE-INFO
<   ((:PENN-PARTS-OF-SPEECH (NN) :TRIPS-PARTS-OF-SPEECH (W::N))) :UTTNUM 11
<   :CHANNEL DESKTOP :DIRECTION INPUT)
<  (WORD &quot;-&quot; :FRAME (6 6) :SENSE-INFO
<   ((:PENN-PARTS-OF-SPEECH (COLON) :TRIPS-PARTS-OF-SPEECH (W::PUNC))) :UTTNUM 11
<   :CHANNEL DESKTOP :DIRECTION INPUT)
<  (WORD &quot;skinned&quot; :FRAME (7 14) :SENSE-INFO
<   ((:PENN-PARTS-OF-SPEECH (VBN) :TRIPS-PARTS-OF-SPEECH (W::V))) :UTTNUM 11
<   :CHANNEL DESKTOP :DIRECTION INPUT)
<  (WORD &quot;dark-skinned&quot; :FRAME (2 14) :SENSE-INFO
<   ((:PENN-PARTS-OF-SPEECH (JJ) :TRIPS-PARTS-OF-SPEECH (W::ADJ) :WN-SENSE-KEYS
<     (&quot;dark-skinned%5:00:00&quot;)))
<   :UTTNUM 11 :CHANNEL DESKTOP :DIRECTION INPUT)
<  (WORD &quot;girl&quot; :FRAME (15 19) :SENSE-INFO
<   ((:PENN-PARTS-OF-SPEECH (NN) :TRIPS-PARTS-OF-SPEECH (W::N))) :UTTNUM 11
<   :CHANNEL DESKTOP :DIRECTION INPUT)
<  (PREFER &quot;a dark-skinned girl&quot; :FRAME (0 19) :PENN-CATS (NP) :TRIPS-CATS
<   (W::NP) :SCORE 26.445 :UTTNUM 11 :CHANNEL DESKTOP :DIRECTION INPUT)
<  (WORD &quot;wearing&quot; :FRAME (20 27) :SENSE-INFO
<   ((:PENN-PARTS-OF-SPEECH (VBG) :TRIPS-PARTS-OF-SPEECH (W::V))) :UTTNUM 11
<   :CHANNEL DESKTOP :DIRECTION INPUT)
<  (WORD &quot;a&quot; :FRAME (28 29) :SENSE-INFO
<   ((:PENN-PARTS-OF-SPEECH (DT) :TRIPS-PARTS-OF-SPEECH (W::ART W::QUAN W::PRO)))
<   :UTTNUM 11 :CHANNEL DESKTOP :DIRECTION INPUT)
<  (WORD &quot;traditional&quot; :FRAME (30 41) :SENSE-INFO
<   ((:PENN-PARTS-OF-SPEECH (JJ) :TRIPS-PARTS-OF-SPEECH (W::ADJ))) :UTTNUM 11
<   :CHANNEL DESKTOP :DIRECTION INPUT)
<  (WORD &quot;green&quot; :FRAME (42 47) :SENSE-INFO
<   ((:PENN-PARTS-OF-SPEECH (NN JJ) :TRIPS-PARTS-OF-SPEECH (W::N W::ADJ)))
<   :UTTNUM 11 :CHANNEL DESKTOP :DIRECTION INPUT)
<  (WORD &quot;hat&quot; :FRAME (48 51) :SENSE-INFO
<   ((:PENN-PARTS-OF-SPEECH (NN) :TRIPS-PARTS-OF-SPEECH (W::N))) :UTTNUM 11
<   :CHANNEL DESKTOP :DIRECTION INPUT)
<  (PREFER &quot;a traditional green hat&quot; :FRAME (28 51) :PENN-CATS (NP) :TRIPS-CATS
<   (W::NP) :SCORE 31.442 :UTTNUM 11 :CHANNEL DESKTOP :DIRECTION INPUT)
<  (PREFER &quot;wearing a traditional green hat&quot; :FRAME (20 51) :PENN-CATS (VP)
<   :TRIPS-CATS (W::VP) :SCORE 39.776 :UTTNUM 11 :CHANNEL DESKTOP :DIRECTION
<   INPUT)
<  (PREFER &quot;a dark-skinned girl wearing a traditional green hat&quot; :FRAME (0 51)
<   :PENN-CATS (S) :SCORE 71.836 :UTTNUM 11 :CHANNEL DESKTOP :DIRECTION INPUT)
<  (WORD &quot;and&quot; :FRAME (52 55) :SENSE-INFO
<   ((:PENN-PARTS-OF-SPEECH (CC) :TRIPS-PARTS-OF-SPEECH (W::CONJ))) :UTTNUM 11
<   :CHANNEL DESKTOP :DIRECTION INPUT)
<  (WORD &quot;a&quot; :FRAME (56 57) :SENSE-INFO
<   ((:PENN-PARTS-OF-SPEECH (DT) :TRIPS-PARTS-OF-SPEECH (W::ART W::QUAN W::PRO)))
<   :UTTNUM 11 :CHANNEL DESKTOP :DIRECTION INPUT)
<  (WORD &quot;purple&quot; :FRAME (58 64) :SENSE-INFO
<   ((:PENN-PARTS-OF-SPEECH (JJ) :TRIPS-PARTS-OF-SPEECH (W::ADJ))) :UTTNUM 11
<   :CHANNEL DESKTOP :DIRECTION INPUT)
<  (WORD &quot;cloak&quot; :FRAME (65 70) :SENSE-INFO
<   ((:PENN-PARTS-OF-SPEECH (NN) :TRIPS-PARTS-OF-SPEECH (W::N))) :UTTNUM 11
<   :CHANNEL DESKTOP :DIRECTION INPUT)
<  (PREFER &quot;a purple cloak&quot; :FRAME (56 70) :PENN-CATS (NP) :TRIPS-CATS (W::NP)
<   :SCORE 27.07 :UTTNUM 11 :CHANNEL DESKTOP :DIRECTION INPUT)
<  (WORD &quot;(&quot; :FRAME (71 72) :SENSE-INFO
<   ((:PENN-PARTS-OF-SPEECH (NN -LRB-) :TRIPS-PARTS-OF-SPEECH (W::N))) :UTTNUM 11
<   :CHANNEL DESKTOP :DIRECTION INPUT)
<  (WORD &quot;cloth&quot; :FRAME (73 78) :SENSE-INFO
<   ((:PENN-PARTS-OF-SPEECH (NN) :TRIPS-PARTS-OF-SPEECH (W::N))) :UTTNUM 11
<   :CHANNEL DESKTOP :DIRECTION INPUT)
<  (PREFER &quot;cloth&quot; :FRAME (73 78) :PENN-CATS (NP) :TRIPS-CATS (W::NP) :SCORE 12.5
<   :UTTNUM 11 :CHANNEL DESKTOP :DIRECTION INPUT)
<  (WORD &quot;)&quot; :FRAME (79 80) :SENSE-INFO
<   ((:PENN-PARTS-OF-SPEECH (NN -RRB-) :TRIPS-PARTS-OF-SPEECH (W::N))) :UTTNUM 11
<   :CHANNEL DESKTOP :DIRECTION INPUT)
<  (PREFER &quot;( cloth )&quot; :FRAME (71 80) :PENN-CATS (PRN) :SCORE 13.726 :UTTNUM 11
<   :CHANNEL DESKTOP :DIRECTION INPUT)
<  (PREFER &quot;a purple cloak ( cloth )&quot; :FRAME (56 80) :PENN-CATS (NP) :TRIPS-CATS
<   (W::NP) :SCORE 44.389 :UTTNUM 11 :CHANNEL DESKTOP :DIRECTION INPUT))</lisp><word lex="a" start="0" end="1"><sense-info penn-parts-of-speech="DT" trips-parts-of-speech="ART,QUAN,PRO" /></word><word lex="dark" start="2" end="5"><sense-info penn-parts-of-speech="NN" trips-parts-of-speech="N" /></word><word lex="-" start="6" end="6"><sense-info penn-parts-of-speech="COLON" trips-parts-of-speech="PUNC" /></word><word lex="skinned" start="7" end="14"><sense-info penn-parts-of-speech="VBN" trips-parts-of-speech="V" /></word><word lex="dark-skinned" start="2" end="14"><sense-info penn-parts-of-speech="JJ" trips-parts-of-speech="ADJ" wn-sense-keys="dark-skinned%5:00:00" /></word><word lex="girl" start="15" end="19"><sense-info penn-parts-of-speech="NN" trips-parts-of-speech="N" /></word><prefer text="a dark-skinned girl" start="0" end="19" penn-cats="NP" score="26.445" /><word lex="wearing" start="20" end="27"><sense-info penn-parts-of-speech="VBG" trips-parts-of-speech="V" /></word><word lex="a" start="28" end="29"><sense-info penn-parts-of-speech="DT" trips-parts-of-speech="ART,QUAN,PRO" /></word><word lex="traditional" start="30" end="41"><sense-info penn-parts-of-speech="JJ" trips-parts-of-speech="ADJ" /></word><word lex="green" start="42" end="47"><sense-info penn-parts-of-speech="NN,JJ" trips-parts-of-speech="N,ADJ" /></word><word lex="hat" start="48" end="51"><sense-info penn-parts-of-speech="NN" trips-parts-of-speech="N" /></word><prefer text="a traditional green hat" start="28" end="51" penn-cats="NP" score="31.442" /><prefer text="wearing a traditional green hat" start="20" end="51" penn-cats="VP" score="39.776" /><prefer text="a dark-skinned girl wearing a traditional green hat" start="0" end="51" penn-cats="S" score="71.836" /><word lex="and" start="52" end="55"><sense-info penn-parts-of-speech="CC" trips-parts-of-speech="CONJ" /></word><word lex="a" start="56" end="57"><sense-info penn-parts-of-speech="DT" trips-parts-of-speech="ART,QUAN,PRO" /></word><word lex="purple" start="58" end="64"><sense-info penn-parts-of-speech="JJ" trips-parts-of-speech="ADJ" /></word><word lex="cloak" start="65" end="70"><sense-info penn-parts-of-speech="NN" trips-parts-of-speech="N" /></word><prefer text="a purple cloak" start="56" end="70" penn-cats="NP" score="27.07" /><word lex="(" start="71" end="72"><sense-info penn-parts-of-speech="NN,-LRB-" trips-parts-of-speech="N" /></word><word lex="cloth" start="73" end="78"><sense-info penn-parts-of-speech="NN" trips-parts-of-speech="N" /></word><prefer text="cloth" start="73" end="78" penn-cats="NP" score="12.5" /><word lex=")" start="79" end="80"><sense-info penn-parts-of-speech="NN,-RRB-" trips-parts-of-speech="N" /></word><prefer text="( cloth )" start="71" end="80" penn-cats="PRN" score="13.726" /><prefer text="a purple cloak ( cloth )" start="56" end="80" penn-cats="NP" score="44.389" /></tags><tree><lisp>(NP
<  (NP (SPEC (DET (ART A)))
<   (N1 (N1 (ADJP (N1 (N DARK)) (PUNC PUNC-MINUS) (V SKINNED)) (N1 (N GIRL)))
<    (CP
<     (VP
<      (VP- (V WEARING)
<       (NP (SPEC (DET (ART A)))
<        (N1 (ADJP (ADJ1 (ADJ TRADITIONAL)))
<         (N1 (ADJP (ADJ1 (ADJ GREEN))) (N1 (N HAT))))))))))
<  (CONJ AND)
<  (NP (NP (SPEC (DET (ART A))) (N1 (ADJP (ADJ1 (ADJ PURPLE))) (N1 (N CLOAK))))
<   (PARENTHETICAL (PUNC START-PAREN) (UTT (NP (N1 (N CLOTH))))
<    (PUNC END-PAREN))))</lisp><NP><NP><SPEC><DET><ART>A</ART></DET></SPEC><N1><N1><ADJP><N1><N>DARK</N></N1><PUNC>PUNC-MINUS</PUNC><V>SKINNED</V></ADJP><N1><N>GIRL</N></N1></N1><CP><VP><VP-><V>WEARING</V><NP><SPEC><DET><ART>A</ART></DET></SPEC><N1><ADJP><ADJ1><ADJ>TRADITIONAL</ADJ></ADJ1></ADJP><N1><ADJP><ADJ1><ADJ>GREEN</ADJ></ADJ1></ADJP><N1><N>HAT</N></N1></N1></N1></NP></VP-></VP></CP></N1></NP><CONJ>AND</CONJ><NP><NP><SPEC><DET><ART>A</ART></DET></SPEC><N1><ADJP><ADJ1><ADJ>PURPLE</ADJ></ADJ1></ADJP><N1><N>CLOAK</N></N1></N1></NP><PARENTHETICAL><PUNC>START-PAREN</PUNC><UTT><NP><N1><N>CLOTH</N></N1></NP></UTT><PUNC>END-PAREN</PUNC></PARENTHETICAL></NP></NP></tree><terms root="#V119022"><lisp>((ONT::INDEF-SET ONT::V119022 ONT::PHYS-OBJECT :OPERATOR ONT::AND :SEQUENCE
<   (ONT::V118951 ONT::V119076) :START 0 :END 81)
<  (ONT::A ONT::V118951 (:* ONT::FEMALE-CHILD W::GIRL) :MOD ONT::V118957 :MOD
<   ONT::V118936 :START 0 :END 52)
<  (ONT::F ONT::V118936 (:* ONT::MOVE W::SKINNED) :AGENT ONT::V118925 :AFFECTED
<   ONT::V118951 :START 2 :END 15)
<  (ONT::KIND ONT::V118925 (:* ONT::LIGHT W::DARK) :START 2 :END 15)
<  (ONT::F ONT::V118957 (:* ONT::WEAR W::WEAR) :AGENT ONT::V118951 :NEUTRAL
<   ONT::V119018 :VFORM W::ING :START 20 :END 52)
<  (ONT::A ONT::V119018 (:* ONT::ATTIRE W::HAT) :MOD ONT::V119004 :MOD
<   ONT::V119007 :START 28 :END 52)
<  (ONT::F ONT::V119004 (:* ONT::CONVENTIONAL-VAL W::TRADITIONAL) :FIGURE
<   ONT::V119018 :START 30 :END 42)
<  (ONT::F ONT::V119007 (:* ONT::GREEN W::GREEN) :FIGURE ONT::V119018 :SCALE
<   ONT::GREEN*1--07--00 :START 42 :END 48)
<  (ONT::A ONT::V119076 (:* ONT::COVERING W::CLOAK) :PARENTHETICAL ONT::V119085
<   :MOD ONT::V119072 :START 56 :END 81)
<  (ONT::F ONT::V119072 (:* ONT::PURPLE W::PURPLE) :FIGURE ONT::V119076 :SCALE
<   ONT::PURPLE*1--07--00 :START 58 :END 65)
<  (ONT::SPEECHACT ONT::V119584 ONT::SA_IDENTIFY :CONTENT ONT::V119085 :START 73
<   :END 79)
<  (ONT::BARE ONT::V119085 (:* ONT::MATERIAL W::CLOTH) :START 73 :END 79))</lisp><rdf:RDF
<   xmlns:rdf="http://www.w3.org/1999/02/22-rdf-syntax-ns#"
<   xmlns:role="http://www.cs.rochester.edu/research/trips/role#"
<   xmlns:LF="http://www.cs.rochester.edu/research/trips/LF#">
<   <rdf:Description rdf:ID="V119022">
<     <LF:indicator>INDEF-SET</LF:indicator>
<     <LF:type>PHYS-OBJECT</LF:type>
<     <role:OPERATOR>AND</role:OPERATOR>
<     <role:SEQUENCE rdf:resource="#V118951" />
<     <role:SEQUENCE1 rdf:resource="#V119076" />
<     <LF:start>0</LF:start>
<     <LF:end>81</LF:end>
<   </rdf:Description>
<   <rdf:Description rdf:ID="V118951">
<     <LF:indicator>A</LF:indicator>
<     <LF:type>FEMALE-CHILD</LF:type>
<     <LF:word>GIRL</LF:word>
<     <role:MOD rdf:resource="#V118957" />
<     <role:MOD rdf:resource="#V118936" />
<     <LF:start>0</LF:start>
<     <LF:end>52</LF:end>
<   </rdf:Description>
<   <rdf:Description rdf:ID="V118936">
<     <LF:indicator>F</LF:indicator>
<     <LF:type>MOVE</LF:type>
<     <LF:word>SKINNED</LF:word>
<     <role:AGENT rdf:resource="#V118925" />
<     <role:AFFECTED rdf:resource="#V118951" />
<     <LF:start>2</LF:start>
<     <LF:end>15</LF:end>
<   </rdf:Description>
<   <rdf:Description rdf:ID="V118925">
<     <LF:indicator>KIND</LF:indicator>
<     <LF:type>LIGHT</LF:type>
<     <LF:word>DARK</LF:word>
<     <LF:start>2</LF:start>
<     <LF:end>15</LF:end>
<   </rdf:Description>
<   <rdf:Description rdf:ID="V118957">
<     <LF:indicator>F</LF:indicator>
<     <LF:type>WEAR</LF:type>
<     <LF:word>WEAR</LF:word>
<     <role:AGENT rdf:resource="#V118951" />
<     <role:NEUTRAL rdf:resource="#V119018" />
<     <role:VFORM>ING</role:VFORM>
<     <LF:start>20</LF:start>
<     <LF:end>52</LF:end>
<   </rdf:Description>
<   <rdf:Description rdf:ID="V119018">
<     <LF:indicator>A</LF:indicator>
<     <LF:type>ATTIRE</LF:type>
<     <LF:word>HAT</LF:word>
<     <role:MOD rdf:resource="#V119004" />
<     <role:MOD rdf:resource="#V119007" />
<     <LF:start>28</LF:start>
<     <LF:end>52</LF:end>
<   </rdf:Description>
<   <rdf:Description rdf:ID="V119004">
<     <LF:indicator>F</LF:indicator>
<     <LF:type>CONVENTIONAL-VAL</LF:type>
<     <LF:word>TRADITIONAL</LF:word>
<     <role:FIGURE rdf:resource="#V119018" />
<     <LF:start>30</LF:start>
<     <LF:end>42</LF:end>
<   </rdf:Description>
<   <rdf:Description rdf:ID="V119007">
<     <LF:indicator>F</LF:indicator>
<     <LF:type>GREEN</LF:type>
<     <LF:word>GREEN</LF:word>
<     <role:FIGURE rdf:resource="#V119018" />
<     <role:SCALE>GREEN*1--07--00</role:SCALE>
<     <LF:start>42</LF:start>
<     <LF:end>48</LF:end>
<   </rdf:Description>
<   <rdf:Description rdf:ID="V119076">
<     <LF:indicator>A</LF:indicator>
<     <LF:type>COVERING</LF:type>
<     <LF:word>CLOAK</LF:word>
<     <role:PARENTHETICAL rdf:resource="#V119085" />
<     <role:MOD rdf:resource="#V119072" />
<     <LF:start>56</LF:start>
<     <LF:end>81</LF:end>
<   </rdf:Description>
<   <rdf:Description rdf:ID="V119072">
<     <LF:indicator>F</LF:indicator>
<     <LF:type>PURPLE</LF:type>
<     <LF:word>PURPLE</LF:word>
<     <role:FIGURE rdf:resource="#V119076" />
<     <role:SCALE>PURPLE*1--07--00</role:SCALE>
<     <LF:start>58</LF:start>
<     <LF:end>65</LF:end>
<   </rdf:Description>
<   <rdf:Description rdf:ID="V119584">
<     <LF:indicator>SPEECHACT</LF:indicator>
<     <LF:type>SA_IDENTIFY</LF:type>
<     <role:CONTENT rdf:resource="#V119085" />
<     <LF:start>73</LF:start>
<     <LF:end>79</LF:end>
<   </rdf:Description>
<   <rdf:Description rdf:ID="V119085">
<     <LF:indicator>BARE</LF:indicator>
<     <LF:type>MATERIAL</LF:type>
<     <LF:word>CLOTH</LF:word>
<     <LF:start>73</LF:start>
<     <LF:end>79</LF:end>
<   </rdf:Description>
< </rdf:RDF>
< </terms></utt><utt><words><lisp>(W::STANDING W::IN W::FRONT W::OF W::A W::VERY W::COLOURFUL W::WALL
<  W::PUNC-PERIOD)</lisp><word>STANDING</word><word>IN</word><word>FRONT</word><word>OF</word><word>A</word><word>VERY</word><word>COLOURFUL</word><word>WALL</word><word>PUNC-PERIOD</word></words><tags><lisp>((WORD &quot;standing&quot; :FRAME (81 89) :SENSE-INFO
<   ((:PENN-PARTS-OF-SPEECH (NN VBG) :TRIPS-PARTS-OF-SPEECH (W::N W::V))) :UTTNUM
<   11 :CHANNEL DESKTOP :DIRECTION INPUT)
<  (WORD &quot;in&quot; :FRAME (90 92) :SENSE-INFO
<   ((:PENN-PARTS-OF-SPEECH (IN) :TRIPS-PARTS-OF-SPEECH (W::PREP W::ADV)))
<   :UTTNUM 11 :CHANNEL DESKTOP :DIRECTION INPUT)
<  (WORD &quot;standing in&quot; :FRAME (81 92) :SENSE-INFO
<   ((:PENN-PARTS-OF-SPEECH (VBG) :TRIPS-PARTS-OF-SPEECH (W::V) :WN-SENSE-KEYS
<     (&quot;stand_in%2:40:00&quot;)))
<   :UTTNUM 11 :CHANNEL DESKTOP :DIRECTION INPUT)
<  (WORD &quot;front&quot; :FRAME (93 98) :SENSE-INFO
<   ((:PENN-PARTS-OF-SPEECH (NN) :TRIPS-PARTS-OF-SPEECH (W::N))) :UTTNUM 11
<   :CHANNEL DESKTOP :DIRECTION INPUT)
<  (PREFER &quot;front&quot; :FRAME (93 98) :PENN-CATS (NP) :TRIPS-CATS (W::NP) :SCORE
<   10.944 :UTTNUM 11 :CHANNEL DESKTOP :DIRECTION INPUT)
<  (WORD &quot;in front&quot; :FRAME (90 98) :SENSE-INFO
<   ((:PENN-PARTS-OF-SPEECH (RB) :TRIPS-PARTS-OF-SPEECH (W::ADV) :WN-SENSE-KEYS
<     (&quot;in_front%4:02:00&quot;)))
<   :UTTNUM 11 :CHANNEL DESKTOP :DIRECTION INPUT)
<  (WORD &quot;of&quot; :FRAME (99 101) :SENSE-INFO
<   ((:PENN-PARTS-OF-SPEECH (IN) :TRIPS-PARTS-OF-SPEECH (W::PREP W::ADV)))
<   :UTTNUM 11 :CHANNEL DESKTOP :DIRECTION INPUT)
<  (WORD &quot;a&quot; :FRAME (102 103) :SENSE-INFO
<   ((:PENN-PARTS-OF-SPEECH (DT) :TRIPS-PARTS-OF-SPEECH (W::ART W::QUAN W::PRO)))
<   :UTTNUM 11 :CHANNEL DESKTOP :DIRECTION INPUT)
<  (WORD &quot;very&quot; :FRAME (104 108) :SENSE-INFO
<   ((:PENN-PARTS-OF-SPEECH (RB) :TRIPS-PARTS-OF-SPEECH (W::ADV))) :UTTNUM 11
<   :CHANNEL DESKTOP :DIRECTION INPUT)
<  (WORD &quot;colourful&quot; :FRAME (109 118) :SENSE-INFO
<   ((:PENN-PARTS-OF-SPEECH (JJ) :TRIPS-PARTS-OF-SPEECH (W::ADJ)
<     :ALTERNATE-SPELLINGS (&quot;colorful&quot;)))
<   :UTTNUM 11 :CHANNEL DESKTOP :DIRECTION INPUT)
<  (PREFER &quot;very colourful&quot; :FRAME (104 118) :PENN-CATS (ADJP) :TRIPS-CATS
<   (W::ADJP) :SCORE 15.677 :UTTNUM 11 :CHANNEL DESKTOP :DIRECTION INPUT)
<  (WORD &quot;wall&quot; :FRAME (119 123) :SENSE-INFO
<   ((:PENN-PARTS-OF-SPEECH (NN) :TRIPS-PARTS-OF-SPEECH (W::N))) :UTTNUM 11
<   :CHANNEL DESKTOP :DIRECTION INPUT)
<  (PREFER &quot;a very colourful wall&quot; :FRAME (102 123) :PENN-CATS (NP) :TRIPS-CATS
<   (W::NP) :SCORE 29.5 :UTTNUM 11 :CHANNEL DESKTOP :DIRECTION INPUT)
<  (PREFER &quot;of a very colourful wall&quot; :FRAME (99 123) :PENN-CATS (PP) :TRIPS-CATS
<   (W::PP) :SCORE 32.699 :UTTNUM 11 :CHANNEL DESKTOP :DIRECTION INPUT)
<  (PREFER &quot;front of a very colourful wall&quot; :FRAME (93 123) :PENN-CATS (NP)
<   :TRIPS-CATS (W::NP) :SCORE 44.184 :UTTNUM 11 :CHANNEL DESKTOP :DIRECTION
<   INPUT)
<  (PREFER &quot;in front of a very colourful wall&quot; :FRAME (90 123) :PENN-CATS (PP)
<   :TRIPS-CATS (W::PP) :SCORE 47.393 :UTTNUM 11 :CHANNEL DESKTOP :DIRECTION
<   INPUT)
<  (PREFER &quot;standing in front of a very colourful wall&quot; :FRAME (81 123)
<   :PENN-CATS (VP) :TRIPS-CATS (W::VP) :SCORE 56.818 :UTTNUM 11 :CHANNEL DESKTOP
<   :DIRECTION INPUT)
<  (PREFER &quot;a purple cloak ( cloth ) standing in front of a very colourful wall&quot;
<   :FRAME (56 123) :PENN-CATS (S) :SCORE 109.278 :UTTNUM 11 :CHANNEL DESKTOP
<   :DIRECTION INPUT)
<  (WORD &quot;.&quot; :FRAME (124 124) :SENSE-INFO
<   ((:PENN-PARTS-OF-SPEECH (FULL_STOP) :TRIPS-PARTS-OF-SPEECH (W::PUNC)))
<   :UTTNUM 11 :CHANNEL DESKTOP :DIRECTION INPUT)
<  (PREFER
<   &quot;a dark-skinned girl wearing a traditional green hat and a purple cloak ( cloth ) standing in front of a very colourful wall .&quot;
<   :FRAME (0 124) :PENN-CATS (S) :SCORE 186.73 :UTTNUM 11 :CHANNEL DESKTOP
<   :DIRECTION INPUT))</lisp><word lex="standing" start="81" end="89"><sense-info penn-parts-of-speech="NN,VBG" trips-parts-of-speech="N,V" /></word><word lex="in" start="90" end="92"><sense-info penn-parts-of-speech="IN" trips-parts-of-speech="PREP,ADV" /></word><word lex="standing in" start="81" end="92"><sense-info penn-parts-of-speech="VBG" trips-parts-of-speech="V" wn-sense-keys="stand_in%2:40:00" /></word><word lex="front" start="93" end="98"><sense-info penn-parts-of-speech="NN" trips-parts-of-speech="N" /></word><prefer text="front" start="93" end="98" penn-cats="NP" score="10.944" /><word lex="in front" start="90" end="98"><sense-info penn-parts-of-speech="RB" trips-parts-of-speech="ADV" wn-sense-keys="in_front%4:02:00" /></word><word lex="of" start="99" end="101"><sense-info penn-parts-of-speech="IN" trips-parts-of-speech="PREP,ADV" /></word><word lex="a" start="102" end="103"><sense-info penn-parts-of-speech="DT" trips-parts-of-speech="ART,QUAN,PRO" /></word><word lex="very" start="104" end="108"><sense-info penn-parts-of-speech="RB" trips-parts-of-speech="ADV" /></word><word lex="colourful" start="109" end="118"><sense-info penn-parts-of-speech="JJ" trips-parts-of-speech="ADJ" alternate-spellings="colorful" /></word><prefer text="very colourful" start="104" end="118" penn-cats="ADJP" score="15.677" /><word lex="wall" start="119" end="123"><sense-info penn-parts-of-speech="NN" trips-parts-of-speech="N" /></word><prefer text="a very colourful wall" start="102" end="123" penn-cats="NP" score="29.5" /><prefer text="of a very colourful wall" start="99" end="123" penn-cats="PP" score="32.699" /><prefer text="front of a very colourful wall" start="93" end="123" penn-cats="NP" score="44.184" /><prefer text="in front of a very colourful wall" start="90" end="123" penn-cats="PP" score="47.393" /><prefer text="standing in front of a very colourful wall" start="81" end="123" penn-cats="VP" score="56.818" /><prefer text="a purple cloak ( cloth ) standing in front of a very colourful wall" start="56" end="123" penn-cats="S" score="109.278" /><word lex="." start="124" end="124"><sense-info penn-parts-of-speech="FULL_STOP" trips-parts-of-speech="PUNC" /></word><prefer text="a dark-skinned girl wearing a traditional green hat and a purple cloak ( cloth ) standing in front of a very colourful wall ." start="0" end="124" penn-cats="S" score="186.73" /></tags><tree><lisp>(UTT
<  (UTT
<   (NP
<    (VP
<     (VP- (V STANDING IN)
<      (NP
<       (N1 (N FRONT)
<        (PP (PREP OF)
<         (NP (SPEC (DET (ART A)))
<          (N1 (ADJP (ADVBL (ADV VERY)) (ADJP (ADJ1 (ADJ COLOURFUL))))
<           (N1 (N WALL)))))))))))
<  (PUNC PUNC-PERIOD))</lisp><UTT><UTT><NP><VP><VP-><V>STANDING IN</V><NP><N1><N>FRONT</N><PP><PREP>OF</PREP><NP><SPEC><DET><ART>A</ART></DET></SPEC><N1><ADJP><ADVBL><ADV>VERY</ADV></ADVBL><ADJP><ADJ1><ADJ>COLOURFUL</ADJ></ADJ1></ADJP></ADJP><N1><N>WALL</N></N1></N1></NP></PP></N1></NP></VP-></VP></NP></UTT><PUNC>PUNC-PERIOD</PUNC></UTT></tree><terms root="#V121231"><lisp>((ONT::SPEECHACT ONT::V121231 ONT::SA_IDENTIFY :PUNCTYPE W::DECL :CONTENT
<   ONT::V119165 :START 81 :END 124)
<  (ONT::BARE ONT::V119165 (:* ONT::EXCHANGE W::STANDING-IN) :AFFECTED
<   ONT::V119171 :START 81 :END 124 :WNSENSE &quot;stand_in%2:40:00&quot;)
<  (ONT::BARE ONT::V119171 (:* ONT::OBJECT-DEPENDENT-LOCATION W::FRONT) :FIGURE
<   ONT::V119280 :START 93 :END 124)
<  (ONT::A ONT::V119280 (:* ONT::STRUCTURE-INTERNAL-COMPONENT W::WALL) :MOD
<   ONT::V119277 :START 99 :END 124)
<  (ONT::F ONT::V119277 (:* ONT::MODIFIER W::COLOURFUL) :FIGURE ONT::V119280
<   :DEGREE ONT::V119273 :START 104 :END 119)
<  (ONT::F ONT::V119273 (:* ONT::DEGREE-MODIFIER-HIGH W::VERY) :FIGURE
<   ONT::V119277 :START 104 :END 109))</lisp><rdf:RDF
<   xmlns:rdf="http://www.w3.org/1999/02/22-rdf-syntax-ns#"
<   xmlns:role="http://www.cs.rochester.edu/research/trips/role#"
<   xmlns:LF="http://www.cs.rochester.edu/research/trips/LF#">
<   <rdf:Description rdf:ID="V121231">
<     <LF:indicator>SPEECHACT</LF:indicator>
<     <LF:type>SA_IDENTIFY</LF:type>
<     <role:PUNCTYPE>DECL</role:PUNCTYPE>
<     <role:CONTENT rdf:resource="#V119165" />
<     <LF:start>81</LF:start>
<     <LF:end>124</LF:end>
<   </rdf:Description>
<   <rdf:Description rdf:ID="V119165">
<     <LF:indicator>BARE</LF:indicator>
<     <LF:type>EXCHANGE</LF:type>
<     <LF:word>STANDING-IN</LF:word>
<     <role:AFFECTED rdf:resource="#V119171" />
<     <LF:start>81</LF:start>
<     <LF:end>124</LF:end>
<     <role:WNSENSE>stand_in%2:40:00</role:WNSENSE>
<   </rdf:Description>
<   <rdf:Description rdf:ID="V119171">
<     <LF:indicator>BARE</LF:indicator>
<     <LF:type>OBJECT-DEPENDENT-LOCATION</LF:type>
<     <LF:word>FRONT</LF:word>
<     <role:FIGURE rdf:resource="#V119280" />
<     <LF:start>93</LF:start>
<     <LF:end>124</LF:end>
<   </rdf:Description>
<   <rdf:Description rdf:ID="V119280">
<     <LF:indicator>A</LF:indicator>
<     <LF:type>STRUCTURE-INTERNAL-COMPONENT</LF:type>
<     <LF:word>WALL</LF:word>
<     <role:MOD rdf:resource="#V119277" />
<     <LF:start>99</LF:start>
<     <LF:end>124</LF:end>
<   </rdf:Description>
<   <rdf:Description rdf:ID="V119277">
<     <LF:indicator>F</LF:indicator>
<     <LF:type>MODIFIER</LF:type>
<     <LF:word>COLOURFUL</LF:word>
<     <role:FIGURE rdf:resource="#V119280" />
<     <role:DEGREE rdf:resource="#V119273" />
<     <LF:start>104</LF:start>
<     <LF:end>119</LF:end>
<   </rdf:Description>
<   <rdf:Description rdf:ID="V119273">
<     <LF:indicator>F</LF:indicator>
<     <LF:type>DEGREE-MODIFIER-HIGH</LF:type>
<     <LF:word>VERY</LF:word>
<     <role:FIGURE rdf:resource="#V119277" />
<     <LF:start>104</LF:start>
<     <LF:end>109</LF:end>
<   </rdf:Description>
< </rdf:RDF>
< </terms></utt></compound-communication-act>
< </trips-parser-output>
\ No newline at end of file
---
> <SpRL>
>  <SCENE>
>   <SENTENCE id="s1" indicator="INDEF-SET" type="PHYS-OBJECT" OPERATOR="AND" start="0" end="81">
>    <TEXT>a dark-skinned girl wearing a traditional green hat and a purple cloak ( cloth ) s</TEXT>
>    <RELATION id="1" head="V119022" res="V118951" label="SEQUENCE"/>
>    <RELATION id="2" head="V119022" res="V119076" label="SEQUENCE1"/>
>    <PHRASE id="V118951" indicator="A" type="FEMALE-CHILD" text="GIRL" start="0" end="52"/>
>    <RELATION id="3" head="V118951" res="V118957" label="MOD"/>
>    <RELATION id="4" head="V118951" res="V118936" label="MOD"/>
>    <PHRASE id="V118936" indicator="F" type="MOVE" text="SKINNED" start="2" end="15"/>
>    <RELATION id="5" head="V118936" res="V118925" label="AGENT"/>
>    <RELATION id="6" head="V118936" res="V118951" label="AFFECTED"/>
>    <PHRASE id="V118925" indicator="KIND" type="LIGHT" text="DARK" start="2" end="15"/>
>    <PHRASE id="V118957" indicator="F" type="WEAR" text="WEAR" VFORM="ING" start="20" end="52"/>
>    <RELATION id="7" head="V118957" res="V118951" label="AGENT"/>
>    <RELATION id="8" head="V118957" res="V119018" label="NEUTRAL"/>
>    <PHRASE id="V119018" indicator="A" type="ATTIRE" text="HAT" start="28" end="52"/>
>    <RELATION id="9" head="V119018" res="V119004" label="MOD"/>
>    <RELATION id="10" head="V119018" res="V119007" label="MOD"/>
>    <PHRASE id="V119004" indicator="F" type="CONVENTIONAL-VAL" text="TRADITIONAL" start="30" end="42"/>
>    <RELATION id="11" head="V119004" res="V119018" label="FIGURE"/>
>    <PHRASE id="V119007" indicator="F" type="GREEN" text="GREEN" SCALE="GREEN*1--07--00" start="42" end="48"/>
>    <RELATION id="12" head="V119007" res="V119018" label="FIGURE"/>
>    <PHRASE id="V119076" indicator="A" type="COVERING" text="CLOAK" start="56" end="81"/>
>    <RELATION id="13" head="V119076" res="V119085" label="PARENTHETICAL"/>
>    <RELATION id="14" head="V119076" res="V119072" label="MOD"/>
>    <PHRASE id="V119072" indicator="F" type="PURPLE" text="PURPLE" SCALE="PURPLE*1--07--00" start="58" end="65"/>
>    <RELATION id="15" head="V119072" res="V119076" label="FIGURE"/>
>    <PHRASE id="V119584" indicator="SPEECHACT" type="SA_IDENTIFY" start="73" end="79"/>
>    <RELATION id="16" head="V119584" res="V119085" label="CONTENT"/>
>    <PHRASE id="V119085" indicator="BARE" type="MATERIAL" text="CLOTH" start="73" end="79"/>
>   </SENTENCE>
>   <SENTENCE id="s2" indicator="SPEECHACT" type="SA_IDENTIFY" PUNCTYPE="DECL" start="81" end="124">
>    <TEXT>standing in front of a very colourful wall .</TEXT>
>    <RELATION id="17" head="V121231" res="V119165" label="CONTENT"/>
>    <PHRASE id="V119165" indicator="BARE" type="EXCHANGE" text="STANDING-IN" start="81" end="124" WNSENSE="stand_in%2:40:00"/>
>    <RELATION id="18" head="V119165" res="V119171" label="AFFECTED"/>
>    <PHRASE id="V119171" indicator="BARE" type="OBJECT-DEPENDENT-LOCATION" text="FRONT" start="93" end="124"/>
>    <RELATION id="19" head="V119171" res="V119280" label="FIGURE"/>
>    <PHRASE id="V119280" indicator="A" type="STRUCTURE-INTERNAL-COMPONENT" text="WALL" start="99" end="124"/>
>    <RELATION id="20" head="V119280" res="V119277" label="MOD"/>
>    <PHRASE id="V119277" indicator="F" type="MODIFIER" text="COLOURFUL" start="104" end="119"/>
>    <RELATION id="21" head="V119277" res="V119280" label="FIGURE"/>
>    <RELATION id="22" head="V119277" res="V119273" label="DEGREE"/>
>    <PHRASE id="V119273" indicator="F" type="DEGREE-MODIFIER-HIGH" text="VERY" start="104" end="109"/>
>    <RELATION id="23" head="V119273" res="V119277" label="FIGURE"/>
>   </SENTENCE>
>  </SCENE>
> </SpRL>
