2,148c2,19
< <?xml-stylesheet type="text/xsl" href="../style/parser-interface.xsl"?>
< <!DOCTYPE trips-parser-output SYSTEM "../trips-parser-output.dtd">
< <trips-parser-output parser-build-date="2017-09-20T12:11:02-0500" system="STEP" extsformat="svg" tagsformat="hidden" treecontents="phrase" treeformat="LinGO" lfformat="svg" semantic-skeleton-scoring="T" rule-sets="" input="the kid in the foreground is holding a pencil .
< ">
< <debug>
< 
<  FOUNDS SEQUENCE from constit (% W::NP (W::BARE-SEQUENCE -) (W::CONSTRAINT -)
<                                  (W::MASS W::BARE) (W::GENERATED +)
<                                  (W::POSTADVBL +)
<                                  (W::SEM ?8607:(?20013:(F::PHYS-OBJ
<                                                         F::ABSTR-OBJ) NIL))
<                                  (W::LF (% W::DESCRIPTION (W::STATUS ONT::DEFINITE)
<                                            (W::VAR V400119)
<                                            (W::SORT W::INDIVIDUAL)
<                                            (W::LEX (W::A))
<                                            (W::CLASS ONT::SEQUENCE)
<                                            (W::CONSTRAINT (% &amp; (W::NAME-OF (W::A))
<                                                              (W::VAL (W::A))))
<                                            (W::LEX W::A) (W::SEM ?20011)
<                                            (W::TRANSFORM ?20012)))
<                                  (W::CASE ?20010:(W::SUB W::OBJ -))
<                                  (W::AGR ?20009) (W::CLASS ONT::ANY-SEM)
<                                  (W::VAR V400119) (W::SORT W::PRED) (W::NAME -)
<                                  (W::PRO -) (W::CHANGEAGR -) (W::LEX W::A)
<                                  (W::HEADCAT W::VALUE) (W::TRANSFORM -)
<                                  (W::REFL -) (1 RNUMBER400153))
< *last-utt-id*=NIL  utt-id+72
< *last-utt-id*=72  utt-id+NIL</debug><utt><words><lisp>(W::THE W::KID W::IN W::THE W::FOREGROUND W::IS W::HOLDING W::A W::PENCIL
<  W::PUNC-PERIOD)</lisp><word>THE</word><word>KID</word><word>IN</word><word>THE</word><word>FOREGROUND</word><word>IS</word><word>HOLDING</word><word>A</word><word>PENCIL</word><word>PUNC-PERIOD</word></words><tags><lisp>((WORD &quot;the&quot; :FRAME (0 3) :SENSE-INFO
<   ((:PENN-PARTS-OF-SPEECH (DT) :TRIPS-PARTS-OF-SPEECH (W::ART W::QUAN W::PRO)))
<   :UTTNUM 72 :CHANNEL DESKTOP :DIRECTION INPUT)
<  (WORD &quot;kid&quot; :FRAME (4 7) :SENSE-INFO
<   ((:PENN-PARTS-OF-SPEECH (NN) :TRIPS-PARTS-OF-SPEECH (W::N))) :UTTNUM 72
<   :CHANNEL DESKTOP :DIRECTION INPUT)
<  (PREFER &quot;the kid&quot; :FRAME (0 7) :PENN-CATS (NP) :TRIPS-CATS (W::NP) :SCORE
<   12.677 :UTTNUM 72 :CHANNEL DESKTOP :DIRECTION INPUT)
<  (WORD &quot;in&quot; :FRAME (8 10) :SENSE-INFO
<   ((:PENN-PARTS-OF-SPEECH (IN) :TRIPS-PARTS-OF-SPEECH (W::PREP W::ADV)))
<   :UTTNUM 72 :CHANNEL DESKTOP :DIRECTION INPUT)
<  (WORD &quot;the&quot; :FRAME (11 14) :SENSE-INFO
<   ((:PENN-PARTS-OF-SPEECH (DT) :TRIPS-PARTS-OF-SPEECH (W::ART W::QUAN W::PRO)))
<   :UTTNUM 72 :CHANNEL DESKTOP :DIRECTION INPUT)
<  (WORD &quot;foreground&quot; :FRAME (15 25) :SENSE-INFO
<   ((:PENN-PARTS-OF-SPEECH (NN) :TRIPS-PARTS-OF-SPEECH (W::N))) :UTTNUM 72
<   :CHANNEL DESKTOP :DIRECTION INPUT)
<  (PREFER &quot;the foreground&quot; :FRAME (11 25) :PENN-CATS (NP) :TRIPS-CATS (W::NP)
<   :SCORE 14.817 :UTTNUM 72 :CHANNEL DESKTOP :DIRECTION INPUT)
<  (PREFER &quot;in the foreground&quot; :FRAME (8 25) :PENN-CATS (PP) :TRIPS-CATS (W::PP)
<   :SCORE 17.068 :UTTNUM 72 :CHANNEL DESKTOP :DIRECTION INPUT)
<  (PREFER &quot;the kid in the foreground&quot; :FRAME (0 25) :PENN-CATS (NP) :TRIPS-CATS
<   (W::NP) :SCORE 30.112 :UTTNUM 72 :CHANNEL DESKTOP :DIRECTION INPUT)
<  (WORD &quot;is&quot; :FRAME (26 28) :SENSE-INFO
<   ((:PENN-PARTS-OF-SPEECH (VBZ) :TRIPS-PARTS-OF-SPEECH (W::V))) :UTTNUM 72
<   :CHANNEL DESKTOP :DIRECTION INPUT)
<  (WORD &quot;holding&quot; :FRAME (29 36) :SENSE-INFO
<   ((:PENN-PARTS-OF-SPEECH (VBG) :TRIPS-PARTS-OF-SPEECH (W::V))) :UTTNUM 72
<   :CHANNEL DESKTOP :DIRECTION INPUT)
<  (WORD &quot;a&quot; :FRAME (37 38) :SENSE-INFO
<   ((:PENN-PARTS-OF-SPEECH (DT) :TRIPS-PARTS-OF-SPEECH (W::ART W::QUAN W::PRO)))
<   :UTTNUM 72 :CHANNEL DESKTOP :DIRECTION INPUT)
<  (WORD &quot;pencil&quot; :FRAME (39 45) :SENSE-INFO
<   ((:PENN-PARTS-OF-SPEECH (NN) :TRIPS-PARTS-OF-SPEECH (W::N))) :UTTNUM 72
<   :CHANNEL DESKTOP :DIRECTION INPUT)
<  (PREFER &quot;a pencil&quot; :FRAME (37 45) :PENN-CATS (NP) :TRIPS-CATS (W::NP) :SCORE
<   13.47 :UTTNUM 72 :CHANNEL DESKTOP :DIRECTION INPUT)
<  (PREFER &quot;holding a pencil&quot; :FRAME (29 45) :PENN-CATS (VP) :TRIPS-CATS (W::VP)
<   :SCORE 20.837 :UTTNUM 72 :CHANNEL DESKTOP :DIRECTION INPUT)
<  (PREFER &quot;is holding a pencil&quot; :FRAME (26 45) :PENN-CATS (VP) :TRIPS-CATS
<   (W::VP) :SCORE 25.097 :UTTNUM 72 :CHANNEL DESKTOP :DIRECTION INPUT)
<  (WORD &quot;.&quot; :FRAME (46 46) :SENSE-INFO
<   ((:PENN-PARTS-OF-SPEECH (FULL_STOP) :TRIPS-PARTS-OF-SPEECH (W::PUNC)))
<   :UTTNUM 72 :CHANNEL DESKTOP :DIRECTION INPUT)
<  (PREFER &quot;the kid in the foreground is holding a pencil .&quot; :FRAME (0 46)
<   :PENN-CATS (S) :SCORE 58.038 :UTTNUM 72 :CHANNEL DESKTOP :DIRECTION INPUT))</lisp><word lex="the" start="0" end="3"><sense-info penn-parts-of-speech="DT" trips-parts-of-speech="ART,QUAN,PRO" /></word><word lex="kid" start="4" end="7"><sense-info penn-parts-of-speech="NN" trips-parts-of-speech="N" /></word><prefer text="the kid" start="0" end="7" penn-cats="NP" score="12.677" /><word lex="in" start="8" end="10"><sense-info penn-parts-of-speech="IN" trips-parts-of-speech="PREP,ADV" /></word><word lex="the" start="11" end="14"><sense-info penn-parts-of-speech="DT" trips-parts-of-speech="ART,QUAN,PRO" /></word><word lex="foreground" start="15" end="25"><sense-info penn-parts-of-speech="NN" trips-parts-of-speech="N" /></word><prefer text="the foreground" start="11" end="25" penn-cats="NP" score="14.817" /><prefer text="in the foreground" start="8" end="25" penn-cats="PP" score="17.068" /><prefer text="the kid in the foreground" start="0" end="25" penn-cats="NP" score="30.112" /><word lex="is" start="26" end="28"><sense-info penn-parts-of-speech="VBZ" trips-parts-of-speech="V" /></word><word lex="holding" start="29" end="36"><sense-info penn-parts-of-speech="VBG" trips-parts-of-speech="V" /></word><word lex="a" start="37" end="38"><sense-info penn-parts-of-speech="DT" trips-parts-of-speech="ART,QUAN,PRO" /></word><word lex="pencil" start="39" end="45"><sense-info penn-parts-of-speech="NN" trips-parts-of-speech="N" /></word><prefer text="a pencil" start="37" end="45" penn-cats="NP" score="13.47" /><prefer text="holding a pencil" start="29" end="45" penn-cats="VP" score="20.837" /><prefer text="is holding a pencil" start="26" end="45" penn-cats="VP" score="25.097" /><word lex="." start="46" end="46"><sense-info penn-parts-of-speech="FULL_STOP" trips-parts-of-speech="PUNC" /></word><prefer text="the kid in the foreground is holding a pencil ." start="0" end="46" penn-cats="S" score="58.038" /></tags><tree><lisp>(UTT
<  (UTT
<   (S
<    (NP (SPEC (DET (ART THE)))
<     (N1 (N1 (N KID))
<      (ADVBL (ADV IN) (NP (SPEC (DET (ART THE))) (N1 (N FOREGROUND))))))
<    (VP
<     (VP- (AUX (V IS))
<      (VP- (V HOLDING) (NP (SPEC (DET (ART A))) (N1 (N PENCIL))))))))
<  (PUNC PUNC-PERIOD))</lisp><UTT><UTT><S><NP><SPEC><DET><ART>THE</ART></DET></SPEC><N1><N1><N>KID</N></N1><ADVBL><ADV>IN</ADV><NP><SPEC><DET><ART>THE</ART></DET></SPEC><N1><N>FOREGROUND</N></N1></NP></ADVBL></N1></NP><VP><VP-><AUX><V>IS</V></AUX><VP-><V>HOLDING</V><NP><SPEC><DET><ART>A</ART></DET></SPEC><N1><N>PENCIL</N></N1></NP></VP-></VP-></VP></S></UTT><PUNC>PUNC-PERIOD</PUNC></UTT></tree><terms root="#V400297"><lisp>((ONT::SPEECHACT ONT::V400297 ONT::SA_TELL :PUNCTYPE W::DECL :CONTENT
<   ONT::V399576 :START 0 :END 46)
<  (ONT::F ONT::V399576 (:* ONT::BODY-MANIPULATION W::HOLD) :AGENT ONT::V399485
<   :AFFECTED ONT::V399627 :TENSE W::PRES :PROGR + :START 0 :END 46)
<  (ONT::THE ONT::V399485 (:* ONT::CHILD W::KID) :LOCATION ONT::V399492 :START 0
<   :END 26)
<  (ONT::F ONT::V399492 (:* ONT::IN-LOC W::IN) :GROUND ONT::V399551 :FIGURE
<   ONT::V399485 :START 8 :END 26)
<  (ONT::THE ONT::V399551 (:* ONT::DEVICE W::FOREGROUND) :START 11 :END 26)
<  (ONT::A ONT::V399627 (:* ONT::WRITING-IMPLEMENT W::PENCIL) :START 37 :END 46))</lisp><rdf:RDF
<   xmlns:rdf="http://www.w3.org/1999/02/22-rdf-syntax-ns#"
<   xmlns:role="http://www.cs.rochester.edu/research/trips/role#"
<   xmlns:LF="http://www.cs.rochester.edu/research/trips/LF#">
<   <rdf:Description rdf:ID="V400297">
<     <LF:indicator>SPEECHACT</LF:indicator>
<     <LF:type>SA_TELL</LF:type>
<     <role:PUNCTYPE>DECL</role:PUNCTYPE>
<     <role:CONTENT rdf:resource="#V399576" />
<     <LF:start>0</LF:start>
<     <LF:end>46</LF:end>
<   </rdf:Description>
<   <rdf:Description rdf:ID="V399576">
<     <LF:indicator>F</LF:indicator>
<     <LF:type>BODY-MANIPULATION</LF:type>
<     <LF:word>HOLD</LF:word>
<     <role:AGENT rdf:resource="#V399485" />
<     <role:AFFECTED rdf:resource="#V399627" />
<     <role:TENSE>PRES</role:TENSE>
<     <role:PROGR>+</role:PROGR>
<     <LF:start>0</LF:start>
<     <LF:end>46</LF:end>
<   </rdf:Description>
<   <rdf:Description rdf:ID="V399485">
<     <LF:indicator>THE</LF:indicator>
<     <LF:type>CHILD</LF:type>
<     <LF:word>KID</LF:word>
<     <role:LOCATION rdf:resource="#V399492" />
<     <LF:start>0</LF:start>
<     <LF:end>26</LF:end>
<   </rdf:Description>
<   <rdf:Description rdf:ID="V399492">
<     <LF:indicator>F</LF:indicator>
<     <LF:type>IN-LOC</LF:type>
<     <LF:word>IN</LF:word>
<     <role:GROUND rdf:resource="#V399551" />
<     <role:FIGURE rdf:resource="#V399485" />
<     <LF:start>8</LF:start>
<     <LF:end>26</LF:end>
<   </rdf:Description>
<   <rdf:Description rdf:ID="V399551">
<     <LF:indicator>THE</LF:indicator>
<     <LF:type>DEVICE</LF:type>
<     <LF:word>FOREGROUND</LF:word>
<     <LF:start>11</LF:start>
<     <LF:end>26</LF:end>
<   </rdf:Description>
<   <rdf:Description rdf:ID="V399627">
<     <LF:indicator>A</LF:indicator>
<     <LF:type>WRITING-IMPLEMENT</LF:type>
<     <LF:word>PENCIL</LF:word>
<     <LF:start>37</LF:start>
<     <LF:end>46</LF:end>
<   </rdf:Description>
< </rdf:RDF>
< </terms></utt></trips-parser-output>
\ No newline at end of file
---
> <SpRL>
>  <SCENE>
>   <SENTENCE id="s1" indicator="SPEECHACT" type="SA_TELL" PUNCTYPE="DECL" start="0" end="46">
>    <TEXT>the kid in the foreground is holding a pencil .</TEXT>
>    <RELATION id="1" head="V400297" res="V399576" label="CONTENT"/>
>    <PHRASE id="V399576" indicator="F" type="BODY-MANIPULATION" text="HOLD" TENSE="PRES" PROGR="+" start="0" end="46"/>
>    <RELATION id="2" head="V399576" res="V399485" label="AGENT"/>
>    <RELATION id="3" head="V399576" res="V399627" label="AFFECTED"/>
>    <PHRASE id="V399485" indicator="THE" type="CHILD" text="KID" start="0" end="26"/>
>    <RELATION id="4" head="V399485" res="V399492" label="LOCATION"/>
>    <PHRASE id="V399492" indicator="F" type="IN-LOC" text="IN" start="8" end="26"/>
>    <RELATION id="5" head="V399492" res="V399551" label="GROUND"/>
>    <RELATION id="6" head="V399492" res="V399485" label="FIGURE"/>
>    <PHRASE id="V399551" indicator="THE" type="DEVICE" text="FOREGROUND" start="11" end="26"/>
>    <PHRASE id="V399627" indicator="A" type="WRITING-IMPLEMENT" text="PENCIL" start="37" end="46"/>
>   </SENTENCE>
>  </SCENE>
> </SpRL>
