2,482c2,60
< <?xml-stylesheet type="text/xsl" href="../style/parser-interface.xsl"?>
< <!DOCTYPE trips-parser-output SYSTEM "../trips-parser-output.dtd">
< <trips-parser-output parser-build-date="2017-09-20T12:11:02-0500" system="STEP" extsformat="svg" tagsformat="hidden" treecontents="phrase" treeformat="LinGO" lfformat="svg" semantic-skeleton-scoring="T" rule-sets="" input="a dark-skinned , dark-haired boy in a white shirt and a green tee-shirt , putting his index finger of his left hand in his mouth .
< ">
< <debug>
< 
<  FOUNDS SEQUENCE from constit (% W::NP (W::BARE-SEQUENCE -) (W::CONSTRAINT -)
<                                  (W::MASS W::BARE) (W::GENERATED +)
<                                  (W::POSTADVBL +)
<                                  (W::SEM ?8607:(?400349:(F::PHYS-OBJ
<                                                          F::ABSTR-OBJ) NIL))
<                                  (W::LF (% W::DESCRIPTION (W::STATUS ONT::DEFINITE)
<                                            (W::VAR V39524)
<                                            (W::SORT W::INDIVIDUAL)
<                                            (W::LEX (W::A))
<                                            (W::CLASS ONT::SEQUENCE)
<                                            (W::CONSTRAINT (% &amp; (W::NAME-OF (W::A))
<                                                              (W::VAL (W::A))))
<                                            (W::LEX W::A) (W::SEM ?400347)
<                                            (W::TRANSFORM ?400348)))
<                                  (W::CASE ?400346:(W::SUB W::OBJ -))
<                                  (W::AGR ?400345) (W::CLASS ONT::ANY-SEM)
<                                  (W::VAR V39524) (W::SORT W::PRED) (W::NAME -)
<                                  (W::PRO -) (W::CHANGEAGR -) (W::LEX W::A)
<                                  (W::HEADCAT W::VALUE) (W::TRANSFORM -)
<                                  (W::REFL -) (1 RNUMBER40252))
< 
<  FOUNDS SEQUENCE from constit (% W::NP (W::BARE-SEQUENCE -) (W::CONSTRAINT -)
<                                  (W::MASS W::BARE) (W::GENERATED +)
<                                  (W::POSTADVBL +)
<                                  (W::SEM ?8607:(?400644:(F::PHYS-OBJ
<                                                          F::ABSTR-OBJ) NIL))
<                                  (W::LF (% W::DESCRIPTION (W::STATUS ONT::DEFINITE)
<                                            (W::VAR V39527)
<                                            (W::SORT W::INDIVIDUAL)
<                                            (W::LEX (W::A))
<                                            (W::CLASS ONT::SEQUENCE)
<                                            (W::CONSTRAINT (% &amp; (W::NAME-OF (W::A))
<                                                              (W::VAL (W::A))))
<                                            (W::LEX W::A) (W::SEM ?400642)
<                                            (W::TRANSFORM ?400643)))
<                                  (W::CASE ?400641:(W::SUB W::OBJ -))
<                                  (W::AGR ?400640) (W::CLASS ONT::ANY-SEM)
<                                  (W::VAR V39527) (W::SORT W::PRED) (W::NAME -)
<                                  (W::PRO -) (W::CHANGEAGR -) (W::LEX W::A)
<                                  (W::HEADCAT W::VALUE) (W::TRANSFORM -)
<                                  (W::REFL -) (1 RNUMBER40254))
< 
<  FOUNDS SEQUENCE from constit (% W::NP (W::BARE-SEQUENCE -) (W::CONSTRAINT -)
<                                  (W::MASS W::BARE) (W::GENERATED +)
<                                  (W::POSTADVBL +)
<                                  (W::SEM ?8607:(?400953:(F::PHYS-OBJ
<                                                          F::ABSTR-OBJ) NIL))
<                                  (W::LF (% W::DESCRIPTION (W::STATUS ONT::DEFINITE)
<                                            (W::VAR V39530)
<                                            (W::SORT W::INDIVIDUAL)
<                                            (W::LEX (W::A))
<                                            (W::CLASS ONT::SEQUENCE)
<                                            (W::CONSTRAINT (% &amp; (W::NAME-OF (W::A))
<                                                              (W::VAL (W::A))))
<                                            (W::LEX W::A) (W::SEM ?400951)
<                                            (W::TRANSFORM ?400952)))
<                                  (W::CASE ?400950:(W::SUB W::OBJ -))
<                                  (W::AGR ?400949) (W::CLASS ONT::ANY-SEM)
<                                  (W::VAR V39530) (W::SORT W::PRED) (W::NAME -)
<                                  (W::PRO -) (W::CHANGEAGR -) (W::LEX W::A)
<                                  (W::HEADCAT W::VALUE) (W::TRANSFORM -)
<                                  (W::REFL -) (1 RNUMBER40256))
< *last-utt-id*=NIL  utt-id+1
< *last-utt-id*=1  utt-id+1
< *last-utt-id*=1  utt-id+1
< *last-utt-id*=1  utt-id+1
< *last-utt-id*=1  utt-id+1
< *last-utt-id*=1  utt-id+NIL</debug><compound-communication-act>
< <utt><words><lisp>(W::A)</lisp><word>A</word></words><tags><lisp>((WORD &quot;a&quot; :FRAME (0 1) :SENSE-INFO
<   ((:PENN-PARTS-OF-SPEECH (DT) :TRIPS-PARTS-OF-SPEECH (W::ART W::QUAN W::PRO)))
<   :UTTNUM 1 :CHANNEL DESKTOP :DIRECTION INPUT))</lisp><word lex="a" start="0" end="1"><sense-info penn-parts-of-speech="DT" trips-parts-of-speech="ART,QUAN,PRO" /></word></tags><tree><lisp>(NP (NAME (VALUE A)))</lisp><NP><NAME><VALUE>A</VALUE></NAME></NP></tree><terms root="#V33183"><lisp>((ONT::THE ONT::V33183 ONT::LETTER-SYMBOL :NAME-OF (W::A) :START 0 :END 2))</lisp><rdf:RDF
<   xmlns:rdf="http://www.w3.org/1999/02/22-rdf-syntax-ns#"
<   xmlns:role="http://www.cs.rochester.edu/research/trips/role#"
<   xmlns:LF="http://www.cs.rochester.edu/research/trips/LF#">
<   <rdf:Description rdf:ID="V33183">
<     <LF:indicator>THE</LF:indicator>
<     <LF:type>LETTER-SYMBOL</LF:type>
<     <role:NAME-OF>(A)</role:NAME-OF>
<     <LF:start>0</LF:start>
<     <LF:end>2</LF:end>
<   </rdf:Description>
< </rdf:RDF>
< </terms></utt><utt><words><lisp>(W::DARK W::SKINNED W::PUNC-COMMA)</lisp><word>DARK</word><word>SKINNED</word><word>PUNC-COMMA</word></words><tags><lisp>((WORD &quot;dark&quot; :FRAME (2 5) :SENSE-INFO
<   ((:PENN-PARTS-OF-SPEECH (NN) :TRIPS-PARTS-OF-SPEECH (W::N))) :UTTNUM 1
<   :CHANNEL DESKTOP :DIRECTION INPUT)
<  (WORD &quot;-&quot; :FRAME (6 6) :SENSE-INFO
<   ((:PENN-PARTS-OF-SPEECH (COLON) :TRIPS-PARTS-OF-SPEECH (W::PUNC))) :UTTNUM 1
<   :CHANNEL DESKTOP :DIRECTION INPUT)
<  (WORD &quot;skinned&quot; :FRAME (7 14) :SENSE-INFO
<   ((:PENN-PARTS-OF-SPEECH (VBD) :TRIPS-PARTS-OF-SPEECH (W::V))) :UTTNUM 1
<   :CHANNEL DESKTOP :DIRECTION INPUT)
<  (WORD &quot;dark-skinned&quot; :FRAME (2 14) :SENSE-INFO
<   ((:PENN-PARTS-OF-SPEECH (JJ) :TRIPS-PARTS-OF-SPEECH (W::ADJ) :WN-SENSE-KEYS
<     (&quot;dark-skinned%5:00:00&quot;)))
<   :UTTNUM 1 :CHANNEL DESKTOP :DIRECTION INPUT)
<  (WORD &quot;,&quot; :FRAME (15 16) :SENSE-INFO
<   ((:PENN-PARTS-OF-SPEECH (COMMA) :TRIPS-PARTS-OF-SPEECH (W::PUNC))) :UTTNUM 1
<   :CHANNEL DESKTOP :DIRECTION INPUT))</lisp><word lex="dark" start="2" end="5"><sense-info penn-parts-of-speech="NN" trips-parts-of-speech="N" /></word><word lex="-" start="6" end="6"><sense-info penn-parts-of-speech="COLON" trips-parts-of-speech="PUNC" /></word><word lex="skinned" start="7" end="14"><sense-info penn-parts-of-speech="VBD" trips-parts-of-speech="V" /></word><word lex="dark-skinned" start="2" end="14"><sense-info penn-parts-of-speech="JJ" trips-parts-of-speech="ADJ" wn-sense-keys="dark-skinned%5:00:00" /></word><word lex="," start="15" end="16"><sense-info penn-parts-of-speech="COMMA" trips-parts-of-speech="PUNC" /></word></tags><tree><lisp>(UTT (UTT (S (NP (N1 (N DARK))) (VP (VP- (V SKINNED))))) (PUNC PUNC-COMMA))</lisp><UTT><UTT><S><NP><N1><N>DARK</N></N1></NP><VP><VP-><V>SKINNED</V></VP-></VP></S></UTT><PUNC>PUNC-COMMA</PUNC></UTT></tree><terms root="#V42484"><lisp>((ONT::SPEECHACT ONT::V42484 ONT::SA_TELL :CONTENT ONT::V33218 :START 2 :END
<   17)
<  (ONT::F ONT::V33218 (:* ONT::MOVE W::SKINNED) :AFFECTED ONT::V33209 :TENSE
<   W::PAST :START 2 :END 15)
<  (ONT::BARE ONT::V33209 (:* ONT::LIGHT W::DARK) :START 2 :END 6))</lisp><rdf:RDF
<   xmlns:rdf="http://www.w3.org/1999/02/22-rdf-syntax-ns#"
<   xmlns:role="http://www.cs.rochester.edu/research/trips/role#"
<   xmlns:LF="http://www.cs.rochester.edu/research/trips/LF#">
<   <rdf:Description rdf:ID="V42484">
<     <LF:indicator>SPEECHACT</LF:indicator>
<     <LF:type>SA_TELL</LF:type>
<     <role:CONTENT rdf:resource="#V33218" />
<     <LF:start>2</LF:start>
<     <LF:end>17</LF:end>
<   </rdf:Description>
<   <rdf:Description rdf:ID="V33218">
<     <LF:indicator>F</LF:indicator>
<     <LF:type>MOVE</LF:type>
<     <LF:word>SKINNED</LF:word>
<     <role:AFFECTED rdf:resource="#V33209" />
<     <role:TENSE>PAST</role:TENSE>
<     <LF:start>2</LF:start>
<     <LF:end>15</LF:end>
<   </rdf:Description>
<   <rdf:Description rdf:ID="V33209">
<     <LF:indicator>BARE</LF:indicator>
<     <LF:type>LIGHT</LF:type>
<     <LF:word>DARK</LF:word>
<     <LF:start>2</LF:start>
<     <LF:end>6</LF:end>
<   </rdf:Description>
< </rdf:RDF>
< </terms></utt><utt><words><lisp>(W::DARK W::PUNC-MINUS W::HAIRED W::BOY)</lisp><word>DARK</word><word>PUNC-MINUS</word><word>HAIRED</word><word>BOY</word></words><tags><lisp>((WORD &quot;dark&quot; :FRAME (17 20) :SENSE-INFO
<   ((:PENN-PARTS-OF-SPEECH (JJ) :TRIPS-PARTS-OF-SPEECH (W::ADJ))) :UTTNUM 1
<   :CHANNEL DESKTOP :DIRECTION INPUT)
<  (WORD &quot;-&quot; :FRAME (21 21) :SENSE-INFO
<   ((:PENN-PARTS-OF-SPEECH (COLON) :TRIPS-PARTS-OF-SPEECH (W::PUNC))) :UTTNUM 1
<   :CHANNEL DESKTOP :DIRECTION INPUT)
<  (WORD &quot;haired&quot; :FRAME (22 28) :SENSE-INFO
<   ((:PENN-PARTS-OF-SPEECH (VBN) :TRIPS-PARTS-OF-SPEECH (W::V))) :UTTNUM 1
<   :CHANNEL DESKTOP :DIRECTION INPUT)
<  (WORD &quot;dark-haired&quot; :FRAME (17 28) :SENSE-INFO
<   ((:PENN-PARTS-OF-SPEECH (JJ) :TRIPS-PARTS-OF-SPEECH (W::ADJ) :WN-SENSE-KEYS
<     (&quot;dark-haired%5:00:00&quot;)))
<   :UTTNUM 1 :CHANNEL DESKTOP :DIRECTION INPUT)
<  (WORD &quot;boy&quot; :FRAME (29 32) :SENSE-INFO
<   ((:PENN-PARTS-OF-SPEECH (NN) :TRIPS-PARTS-OF-SPEECH (W::N))) :UTTNUM 1
<   :CHANNEL DESKTOP :DIRECTION INPUT)
<  (PREFER &quot;a dark-skinned , dark-haired boy&quot; :FRAME (0 32) :PENN-CATS (NP)
<   :TRIPS-CATS (W::NP) :SCORE 40.958 :UTTNUM 1 :CHANNEL DESKTOP :DIRECTION
<   INPUT))</lisp><word lex="dark" start="17" end="20"><sense-info penn-parts-of-speech="JJ" trips-parts-of-speech="ADJ" /></word><word lex="-" start="21" end="21"><sense-info penn-parts-of-speech="COLON" trips-parts-of-speech="PUNC" /></word><word lex="haired" start="22" end="28"><sense-info penn-parts-of-speech="VBN" trips-parts-of-speech="V" /></word><word lex="dark-haired" start="17" end="28"><sense-info penn-parts-of-speech="JJ" trips-parts-of-speech="ADJ" wn-sense-keys="dark-haired%5:00:00" /></word><word lex="boy" start="29" end="32"><sense-info penn-parts-of-speech="NN" trips-parts-of-speech="N" /></word><prefer text="a dark-skinned , dark-haired boy" start="0" end="32" penn-cats="NP" score="40.958" /></tags><tree><lisp>(NP (N1 (ADJP (ADJ1 (ADJ DARK PUNC-MINUS HAIRED))) (N1 (N BOY))))</lisp><NP><N1><ADJP><ADJ1><ADJ>DARK PUNC-MINUS HAIRED</ADJ></ADJ1></ADJP><N1><N>BOY</N></N1></N1></NP></tree><terms root="#V33259"><lisp>((ONT::BARE ONT::V33259 (:* ONT::MALE-CHILD W::BOY) :MOD ONT::V33256 :START 17
<   :END 33)
<  (ONT::F ONT::V33256 (:* ONT::MODIFIER W::DARK-PUNC-MINUS-HAIRED) :FIGURE
<   ONT::V33259 :START 17 :END 29 :WNSENSE &quot;dark-haired%5:00:00&quot;))</lisp><rdf:RDF
<   xmlns:rdf="http://www.w3.org/1999/02/22-rdf-syntax-ns#"
<   xmlns:role="http://www.cs.rochester.edu/research/trips/role#"
<   xmlns:LF="http://www.cs.rochester.edu/research/trips/LF#">
<   <rdf:Description rdf:ID="V33259">
<     <LF:indicator>BARE</LF:indicator>
<     <LF:type>MALE-CHILD</LF:type>
<     <LF:word>BOY</LF:word>
<     <role:MOD rdf:resource="#V33256" />
<     <LF:start>17</LF:start>
<     <LF:end>33</LF:end>
<   </rdf:Description>
<   <rdf:Description rdf:ID="V33256">
<     <LF:indicator>F</LF:indicator>
<     <LF:type>MODIFIER</LF:type>
<     <LF:word>DARK-PUNC-MINUS-HAIRED</LF:word>
<     <role:FIGURE rdf:resource="#V33259" />
<     <LF:start>17</LF:start>
<     <LF:end>29</LF:end>
<     <role:WNSENSE>dark-haired%5:00:00</role:WNSENSE>
<   </rdf:Description>
< </rdf:RDF>
< </terms></utt><utt><words><lisp>(W::IN W::A W::WHITE W::SHIRT W::AND W::A W::GREEN W::TEE W::PUNC-MINUS
<  W::SHIRT)</lisp><word>IN</word><word>A</word><word>WHITE</word><word>SHIRT</word><word>AND</word><word>A</word><word>GREEN</word><word>TEE</word><word>PUNC-MINUS</word><word>SHIRT</word></words><tags><lisp>((WORD &quot;in&quot; :FRAME (33 35) :SENSE-INFO
<   ((:PENN-PARTS-OF-SPEECH (IN) :TRIPS-PARTS-OF-SPEECH (W::PREP W::ADV)))
<   :UTTNUM 1 :CHANNEL DESKTOP :DIRECTION INPUT)
<  (WORD &quot;a&quot; :FRAME (36 37) :SENSE-INFO
<   ((:PENN-PARTS-OF-SPEECH (DT) :TRIPS-PARTS-OF-SPEECH (W::ART W::QUAN W::PRO)))
<   :UTTNUM 1 :CHANNEL DESKTOP :DIRECTION INPUT)
<  (WORD &quot;white&quot; :FRAME (38 43) :SENSE-INFO
<   ((:PENN-PARTS-OF-SPEECH (JJ) :TRIPS-PARTS-OF-SPEECH (W::ADJ))) :UTTNUM 1
<   :CHANNEL DESKTOP :DIRECTION INPUT)
<  (WORD &quot;shirt&quot; :FRAME (44 49) :SENSE-INFO
<   ((:PENN-PARTS-OF-SPEECH (NN) :TRIPS-PARTS-OF-SPEECH (W::N))) :UTTNUM 1
<   :CHANNEL DESKTOP :DIRECTION INPUT)
<  (PREFER &quot;a white shirt&quot; :FRAME (36 49) :PENN-CATS (NP) :TRIPS-CATS (W::NP)
<   :SCORE 21.669 :UTTNUM 1 :CHANNEL DESKTOP :DIRECTION INPUT)
<  (WORD &quot;and&quot; :FRAME (50 53) :SENSE-INFO
<   ((:PENN-PARTS-OF-SPEECH (CC) :TRIPS-PARTS-OF-SPEECH (W::CONJ))) :UTTNUM 1
<   :CHANNEL DESKTOP :DIRECTION INPUT)
<  (WORD &quot;a&quot; :FRAME (54 55) :SENSE-INFO
<   ((:PENN-PARTS-OF-SPEECH (DT) :TRIPS-PARTS-OF-SPEECH (W::ART W::QUAN W::PRO)))
<   :UTTNUM 1 :CHANNEL DESKTOP :DIRECTION INPUT)
<  (WORD &quot;green&quot; :FRAME (56 61) :SENSE-INFO
<   ((:PENN-PARTS-OF-SPEECH (JJ) :TRIPS-PARTS-OF-SPEECH (W::ADJ))) :UTTNUM 1
<   :CHANNEL DESKTOP :DIRECTION INPUT)
<  (WORD &quot;tee&quot; :FRAME (62 64) :SENSE-INFO
<   ((:PENN-PARTS-OF-SPEECH (NN) :TRIPS-PARTS-OF-SPEECH (W::N))) :UTTNUM 1
<   :CHANNEL DESKTOP :DIRECTION INPUT)
<  (WORD &quot;-&quot; :FRAME (65 65) :SENSE-INFO
<   ((:PENN-PARTS-OF-SPEECH (COLON) :TRIPS-PARTS-OF-SPEECH (W::PUNC))) :UTTNUM 1
<   :CHANNEL DESKTOP :DIRECTION INPUT)
<  (WORD &quot;shirt&quot; :FRAME (66 71) :SENSE-INFO
<   ((:PENN-PARTS-OF-SPEECH (NN) :TRIPS-PARTS-OF-SPEECH (W::N))) :UTTNUM 1
<   :CHANNEL DESKTOP :DIRECTION INPUT)
<  (WORD &quot;tee-shirt&quot; :FRAME (62 71) :SENSE-INFO
<   ((:PENN-PARTS-OF-SPEECH (NN) :TRIPS-PARTS-OF-SPEECH (W::N))) :UTTNUM 1
<   :CHANNEL DESKTOP :DIRECTION INPUT)
<  (PREFER &quot;a green tee-shirt&quot; :FRAME (54 71) :PENN-CATS (NP) :TRIPS-CATS (W::NP)
<   :SCORE 25.836 :UTTNUM 1 :CHANNEL DESKTOP :DIRECTION INPUT)
<  (PREFER &quot;a white shirt and a green tee-shirt&quot; :FRAME (36 71) :PENN-CATS (NP)
<   :TRIPS-CATS (W::NP) :SCORE 50.339 :UTTNUM 1 :CHANNEL DESKTOP :DIRECTION
<   INPUT)
<  (PREFER &quot;in a white shirt and a green tee-shirt&quot; :FRAME (33 71) :PENN-CATS
<   (PP) :TRIPS-CATS (W::PP) :SCORE 53.936 :UTTNUM 1 :CHANNEL DESKTOP :DIRECTION
<   INPUT)
<  (PREFER
<   &quot;a dark-skinned , dark-haired boy in a white shirt and a green tee-shirt&quot;
<   :FRAME (0 71) :PENN-CATS (NP) :TRIPS-CATS (W::NP) :SCORE 95.26 :UTTNUM 1
<   :CHANNEL DESKTOP :DIRECTION INPUT)
<  (WORD &quot;,&quot; :FRAME (72 73) :SENSE-INFO
<   ((:PENN-PARTS-OF-SPEECH (COMMA) :TRIPS-PARTS-OF-SPEECH (W::PUNC))) :UTTNUM 1
<   :CHANNEL DESKTOP :DIRECTION INPUT))</lisp><word lex="in" start="33" end="35"><sense-info penn-parts-of-speech="IN" trips-parts-of-speech="PREP,ADV" /></word><word lex="a" start="36" end="37"><sense-info penn-parts-of-speech="DT" trips-parts-of-speech="ART,QUAN,PRO" /></word><word lex="white" start="38" end="43"><sense-info penn-parts-of-speech="JJ" trips-parts-of-speech="ADJ" /></word><word lex="shirt" start="44" end="49"><sense-info penn-parts-of-speech="NN" trips-parts-of-speech="N" /></word><prefer text="a white shirt" start="36" end="49" penn-cats="NP" score="21.669" /><word lex="and" start="50" end="53"><sense-info penn-parts-of-speech="CC" trips-parts-of-speech="CONJ" /></word><word lex="a" start="54" end="55"><sense-info penn-parts-of-speech="DT" trips-parts-of-speech="ART,QUAN,PRO" /></word><word lex="green" start="56" end="61"><sense-info penn-parts-of-speech="JJ" trips-parts-of-speech="ADJ" /></word><word lex="tee" start="62" end="64"><sense-info penn-parts-of-speech="NN" trips-parts-of-speech="N" /></word><word lex="-" start="65" end="65"><sense-info penn-parts-of-speech="COLON" trips-parts-of-speech="PUNC" /></word><word lex="shirt" start="66" end="71"><sense-info penn-parts-of-speech="NN" trips-parts-of-speech="N" /></word><word lex="tee-shirt" start="62" end="71"><sense-info penn-parts-of-speech="NN" trips-parts-of-speech="N" /></word><prefer text="a green tee-shirt" start="54" end="71" penn-cats="NP" score="25.836" /><prefer text="a white shirt and a green tee-shirt" start="36" end="71" penn-cats="NP" score="50.339" /><prefer text="in a white shirt and a green tee-shirt" start="33" end="71" penn-cats="PP" score="53.936" /><prefer text="a dark-skinned , dark-haired boy in a white shirt and a green tee-shirt" start="0" end="71" penn-cats="NP" score="95.26" /><word lex="," start="72" end="73"><sense-info penn-parts-of-speech="COMMA" trips-parts-of-speech="PUNC" /></word></tags><tree><lisp>(ADVBL (ADV IN)
<  (NP (NP (SPEC (DET (ART A))) (N1 (ADJP (ADJ1 (ADJ WHITE))) (N1 (N SHIRT))))
<   (CONJ AND)
<   (NP (SPEC (DET (ART A)))
<    (N1 (ADJP (ADJ1 (ADJ GREEN))) (N1 (N TEE PUNC-MINUS SHIRT))))))</lisp><ADVBL><ADV>IN</ADV><NP><NP><SPEC><DET><ART>A</ART></DET></SPEC><N1><ADJP><ADJ1><ADJ>WHITE</ADJ></ADJ1></ADJP><N1><N>SHIRT</N></N1></N1></NP><CONJ>AND</CONJ><NP><SPEC><DET><ART>A</ART></DET></SPEC><N1><ADJP><ADJ1><ADJ>GREEN</ADJ></ADJ1></ADJP><N1><N>TEE PUNC-MINUS SHIRT</N></N1></N1></NP></NP></ADVBL></tree><terms root="#V33266"><lisp>((ONT::F ONT::V33266 (:* ONT::IN-LOC W::IN) :GROUND ONT::V33367 :START 33 :END
<   72)
<  (ONT::INDEF-SET ONT::V33367 ONT::ATTIRE :OPERATOR ONT::AND :SEQUENCE
<   (ONT::V33363 ONT::V33437) :START 36 :END 72)
<  (ONT::A ONT::V33363 (:* ONT::ATTIRE W::SHIRT) :MOD ONT::V33356 :START 36 :END
<   50)
<  (ONT::F ONT::V33356 (:* ONT::WHITE W::WHITE) :FIGURE ONT::V33363 :SCALE
<   ONT::WHITE*1--07--00 :START 38 :END 44)
<  (ONT::A ONT::V33437 (:* ONT::ATTIRE W::TEE-PUNC-MINUS-SHIRT) :MOD ONT::V33417
<   :START 54 :END 72)
<  (ONT::F ONT::V33417 (:* ONT::GREEN W::GREEN) :FIGURE ONT::V33437 :SCALE
<   ONT::GREEN*1--07--00 :START 56 :END 62))</lisp><rdf:RDF
<   xmlns:rdf="http://www.w3.org/1999/02/22-rdf-syntax-ns#"
<   xmlns:role="http://www.cs.rochester.edu/research/trips/role#"
<   xmlns:LF="http://www.cs.rochester.edu/research/trips/LF#">
<   <rdf:Description rdf:ID="V33266">
<     <LF:indicator>F</LF:indicator>
<     <LF:type>IN-LOC</LF:type>
<     <LF:word>IN</LF:word>
<     <role:GROUND rdf:resource="#V33367" />
<     <LF:start>33</LF:start>
<     <LF:end>72</LF:end>
<   </rdf:Description>
<   <rdf:Description rdf:ID="V33367">
<     <LF:indicator>INDEF-SET</LF:indicator>
<     <LF:type>ATTIRE</LF:type>
<     <role:OPERATOR>AND</role:OPERATOR>
<     <role:SEQUENCE rdf:resource="#V33363" />
<     <role:SEQUENCE1 rdf:resource="#V33437" />
<     <LF:start>36</LF:start>
<     <LF:end>72</LF:end>
<   </rdf:Description>
<   <rdf:Description rdf:ID="V33363">
<     <LF:indicator>A</LF:indicator>
<     <LF:type>ATTIRE</LF:type>
<     <LF:word>SHIRT</LF:word>
<     <role:MOD rdf:resource="#V33356" />
<     <LF:start>36</LF:start>
<     <LF:end>50</LF:end>
<   </rdf:Description>
<   <rdf:Description rdf:ID="V33356">
<     <LF:indicator>F</LF:indicator>
<     <LF:type>WHITE</LF:type>
<     <LF:word>WHITE</LF:word>
<     <role:FIGURE rdf:resource="#V33363" />
<     <role:SCALE>WHITE*1--07--00</role:SCALE>
<     <LF:start>38</LF:start>
<     <LF:end>44</LF:end>
<   </rdf:Description>
<   <rdf:Description rdf:ID="V33437">
<     <LF:indicator>A</LF:indicator>
<     <LF:type>ATTIRE</LF:type>
<     <LF:word>TEE-PUNC-MINUS-SHIRT</LF:word>
<     <role:MOD rdf:resource="#V33417" />
<     <LF:start>54</LF:start>
<     <LF:end>72</LF:end>
<   </rdf:Description>
<   <rdf:Description rdf:ID="V33417">
<     <LF:indicator>F</LF:indicator>
<     <LF:type>GREEN</LF:type>
<     <LF:word>GREEN</LF:word>
<     <role:FIGURE rdf:resource="#V33437" />
<     <role:SCALE>GREEN*1--07--00</role:SCALE>
<     <LF:start>56</LF:start>
<     <LF:end>62</LF:end>
<   </rdf:Description>
< </rdf:RDF>
< </terms></utt><utt><words><lisp>(W::PUTTING W::HIS W::INDEX W::FINGER W::OF W::HIS W::LEFT W::HAND W::IN W::HIS
<  W::MOUTH W::PUNC-PERIOD)</lisp><word>PUTTING</word><word>HIS</word><word>INDEX</word><word>FINGER</word><word>OF</word><word>HIS</word><word>LEFT</word><word>HAND</word><word>IN</word><word>HIS</word><word>MOUTH</word><word>PUNC-PERIOD</word></words><tags><lisp>((WORD &quot;putting&quot; :FRAME (74 81) :SENSE-INFO
<   ((:PENN-PARTS-OF-SPEECH (VBG) :TRIPS-PARTS-OF-SPEECH (W::V))) :UTTNUM 1
<   :CHANNEL DESKTOP :DIRECTION INPUT)
<  (WORD &quot;his&quot; :FRAME (82 85) :SENSE-INFO
<   ((:PENN-PARTS-OF-SPEECH (PRP$) :TRIPS-PARTS-OF-SPEECH (W::PRO))) :UTTNUM 1
<   :CHANNEL DESKTOP :DIRECTION INPUT)
<  (WORD &quot;index&quot; :FRAME (86 91) :SENSE-INFO
<   ((:PENN-PARTS-OF-SPEECH (NN) :TRIPS-PARTS-OF-SPEECH (W::N))) :UTTNUM 1
<   :CHANNEL DESKTOP :DIRECTION INPUT)
<  (WORD &quot;finger&quot; :FRAME (92 98) :SENSE-INFO
<   ((:PENN-PARTS-OF-SPEECH (NN) :TRIPS-PARTS-OF-SPEECH (W::N))) :UTTNUM 1
<   :CHANNEL DESKTOP :DIRECTION INPUT)
<  (WORD &quot;index finger&quot; :FRAME (86 98) :SENSE-INFO
<   ((:PENN-PARTS-OF-SPEECH (NN) :TRIPS-PARTS-OF-SPEECH (W::N) :WN-SENSE-KEYS
<     (&quot;index_finger%1:08:00&quot;)))
<   :UTTNUM 1 :CHANNEL DESKTOP :DIRECTION INPUT)
<  (PREFER &quot;his index finger&quot; :FRAME (82 98) :PENN-CATS (NP) :TRIPS-CATS (W::NP)
<   :SCORE 23.644 :UTTNUM 1 :CHANNEL DESKTOP :DIRECTION INPUT)
<  (WORD &quot;of&quot; :FRAME (99 101) :SENSE-INFO
<   ((:PENN-PARTS-OF-SPEECH (IN) :TRIPS-PARTS-OF-SPEECH (W::PREP W::ADV)))
<   :UTTNUM 1 :CHANNEL DESKTOP :DIRECTION INPUT)
<  (WORD &quot;his&quot; :FRAME (102 105) :SENSE-INFO
<   ((:PENN-PARTS-OF-SPEECH (PRP$) :TRIPS-PARTS-OF-SPEECH (W::PRO))) :UTTNUM 1
<   :CHANNEL DESKTOP :DIRECTION INPUT)
<  (WORD &quot;left&quot; :FRAME (106 110) :SENSE-INFO
<   ((:PENN-PARTS-OF-SPEECH (NN JJ) :TRIPS-PARTS-OF-SPEECH (W::N W::ADJ)))
<   :UTTNUM 1 :CHANNEL DESKTOP :DIRECTION INPUT)
<  (WORD &quot;hand&quot; :FRAME (111 115) :SENSE-INFO
<   ((:PENN-PARTS-OF-SPEECH (NN) :TRIPS-PARTS-OF-SPEECH (W::N))) :UTTNUM 1
<   :CHANNEL DESKTOP :DIRECTION INPUT)
<  (WORD &quot;left hand&quot; :FRAME (106 115) :SENSE-INFO
<   ((:PENN-PARTS-OF-SPEECH (NN) :TRIPS-PARTS-OF-SPEECH (W::N) :WN-SENSE-KEYS
<     (&quot;left_hand%1:08:00&quot;)))
<   :UTTNUM 1 :CHANNEL DESKTOP :DIRECTION INPUT)
<  (PREFER &quot;his left hand&quot; :FRAME (102 115) :PENN-CATS (NP) :TRIPS-CATS (W::NP)
<   :SCORE 23.5 :UTTNUM 1 :CHANNEL DESKTOP :DIRECTION INPUT)
<  (WORD &quot;in&quot; :FRAME (116 118) :SENSE-INFO
<   ((:PENN-PARTS-OF-SPEECH (IN) :TRIPS-PARTS-OF-SPEECH (W::PREP W::ADV)))
<   :UTTNUM 1 :CHANNEL DESKTOP :DIRECTION INPUT)
<  (WORD &quot;his&quot; :FRAME (119 122) :SENSE-INFO
<   ((:PENN-PARTS-OF-SPEECH (PRP$) :TRIPS-PARTS-OF-SPEECH (W::PRO))) :UTTNUM 1
<   :CHANNEL DESKTOP :DIRECTION INPUT)
<  (WORD &quot;mouth&quot; :FRAME (123 128) :SENSE-INFO
<   ((:PENN-PARTS-OF-SPEECH (NN) :TRIPS-PARTS-OF-SPEECH (W::N))) :UTTNUM 1
<   :CHANNEL DESKTOP :DIRECTION INPUT)
<  (PREFER &quot;his mouth&quot; :FRAME (119 128) :PENN-CATS (NP) :TRIPS-CATS (W::NP)
<   :SCORE 16.149 :UTTNUM 1 :CHANNEL DESKTOP :DIRECTION INPUT)
<  (PREFER &quot;in his mouth&quot; :FRAME (116 128) :PENN-CATS (PP) :TRIPS-CATS (W::PP)
<   :SCORE 18.4 :UTTNUM 1 :CHANNEL DESKTOP :DIRECTION INPUT)
<  (PREFER &quot;his left hand in his mouth&quot; :FRAME (102 128) :PENN-CATS (NP)
<   :TRIPS-CATS (W::NP) :SCORE 42.441 :UTTNUM 1 :CHANNEL DESKTOP :DIRECTION
<   INPUT)
<  (PREFER &quot;of his left hand in his mouth&quot; :FRAME (99 128) :PENN-CATS (PP)
<   :TRIPS-CATS (W::PP) :SCORE 44.853 :UTTNUM 1 :CHANNEL DESKTOP :DIRECTION
<   INPUT)
<  (PREFER &quot;his index finger of his left hand in his mouth&quot; :FRAME (82 128)
<   :PENN-CATS (NP) :TRIPS-CATS (W::NP) :SCORE 68.903 :UTTNUM 1 :CHANNEL DESKTOP
<   :DIRECTION INPUT)
<  (PREFER &quot;putting his index finger of his left hand in his mouth&quot; :FRAME
<   (74 128) :PENN-CATS (VP) :TRIPS-CATS (W::VP) :SCORE 76.616 :UTTNUM 1 :CHANNEL
<   DESKTOP :DIRECTION INPUT)
<  (WORD &quot;.&quot; :FRAME (129 129) :SENSE-INFO
<   ((:PENN-PARTS-OF-SPEECH (FULL_STOP) :TRIPS-PARTS-OF-SPEECH (W::PUNC)))
<   :UTTNUM 1 :CHANNEL DESKTOP :DIRECTION INPUT)
<  (PREFER
<   &quot;a dark-skinned , dark-haired boy in a white shirt and a green tee-shirt , putting his index finger of his left hand in his mouth .&quot;
<   :FRAME (0 129) :PENN-CATS (S) :SCORE 182.455 :UTTNUM 1 :CHANNEL DESKTOP
<   :DIRECTION INPUT))</lisp><word lex="putting" start="74" end="81"><sense-info penn-parts-of-speech="VBG" trips-parts-of-speech="V" /></word><word lex="his" start="82" end="85"><sense-info penn-parts-of-speech="PRP$" trips-parts-of-speech="PRO" /></word><word lex="index" start="86" end="91"><sense-info penn-parts-of-speech="NN" trips-parts-of-speech="N" /></word><word lex="finger" start="92" end="98"><sense-info penn-parts-of-speech="NN" trips-parts-of-speech="N" /></word><word lex="index finger" start="86" end="98"><sense-info penn-parts-of-speech="NN" trips-parts-of-speech="N" wn-sense-keys="index_finger%1:08:00" /></word><prefer text="his index finger" start="82" end="98" penn-cats="NP" score="23.644" /><word lex="of" start="99" end="101"><sense-info penn-parts-of-speech="IN" trips-parts-of-speech="PREP,ADV" /></word><word lex="his" start="102" end="105"><sense-info penn-parts-of-speech="PRP$" trips-parts-of-speech="PRO" /></word><word lex="left" start="106" end="110"><sense-info penn-parts-of-speech="NN,JJ" trips-parts-of-speech="N,ADJ" /></word><word lex="hand" start="111" end="115"><sense-info penn-parts-of-speech="NN" trips-parts-of-speech="N" /></word><word lex="left hand" start="106" end="115"><sense-info penn-parts-of-speech="NN" trips-parts-of-speech="N" wn-sense-keys="left_hand%1:08:00" /></word><prefer text="his left hand" start="102" end="115" penn-cats="NP" score="23.5" /><word lex="in" start="116" end="118"><sense-info penn-parts-of-speech="IN" trips-parts-of-speech="PREP,ADV" /></word><word lex="his" start="119" end="122"><sense-info penn-parts-of-speech="PRP$" trips-parts-of-speech="PRO" /></word><word lex="mouth" start="123" end="128"><sense-info penn-parts-of-speech="NN" trips-parts-of-speech="N" /></word><prefer text="his mouth" start="119" end="128" penn-cats="NP" score="16.149" /><prefer text="in his mouth" start="116" end="128" penn-cats="PP" score="18.4" /><prefer text="his left hand in his mouth" start="102" end="128" penn-cats="NP" score="42.441" /><prefer text="of his left hand in his mouth" start="99" end="128" penn-cats="PP" score="44.853" /><prefer text="his index finger of his left hand in his mouth" start="82" end="128" penn-cats="NP" score="68.903" /><prefer text="putting his index finger of his left hand in his mouth" start="74" end="128" penn-cats="VP" score="76.616" /><word lex="." start="129" end="129"><sense-info penn-parts-of-speech="FULL_STOP" trips-parts-of-speech="PUNC" /></word><prefer text="a dark-skinned , dark-haired boy in a white shirt and a green tee-shirt , putting his index finger of his left hand in his mouth ." start="0" end="129" penn-cats="S" score="182.455" /></tags><tree><lisp>(PUNC PUNC-COMMA)</lisp><PUNC>PUNC-COMMA</PUNC></tree><terms root="#V33822"><lisp>((ONT::SPEECHACT ONT::V33822 ONT::SA_IDENTIFY :PUNCTYPE W::DECL :CONTENT
<   ONT::V33450 :START 74 :END 129)
<  (ONT::BARE ONT::V33450 (:* ONT::PUT W::PUT) :AFFECTED ONT::V33475 :RESULT
<   ONT::V33555 :START 74 :END 129)
<  (ONT::THE ONT::V33475 (:* ONT::BODY-PART W::INDEX-FINGER) :ASSOC-POSS
<   ONT::V33462 :MOD ONT::V33480 :START 82 :END 116 :WNSENSE
<   &quot;index_finger%1:08:00&quot;)
<  (ONT::PRO ONT::V33462 (:* ONT::MALE-PERSON W::HIS) :PROFORM W::HIS :START 82
<   :END 116 :COREF ONT::V33259)
<  (ONT::F ONT::V33480 (:* ONT::CONTAIN-RELN W::OF) :GROUND ONT::V33548 :FIGURE
<   ONT::V33475 :START 99 :END 116)
<  (ONT::THE ONT::V33548 (:* ONT::BODY-PART W::LEFT-HAND) :ASSOC-POSS ONT::V33487
<   :START 102 :END 116 :WNSENSE &quot;left_hand%1:08:00&quot;)
<  (ONT::PRO ONT::V33487 (:* ONT::MALE-PERSON W::HIS) :PROFORM W::HIS :START 102
<   :END 116)
<  (ONT::F ONT::V33555 (:* ONT::IN-LOC W::IN) :GROUND ONT::V33610 :FIGURE
<   ONT::V33475 :START 116 :END 129)
<  (ONT::THE ONT::V33610 (:* ONT::EXTERNAL-BODY-PART W::MOUTH) :ASSOC-POSS
<   ONT::V33605 :START 119 :END 129)
<  (ONT::PRO ONT::V33605 (:* ONT::MALE-PERSON W::HIS) :PROFORM W::HIS :START 119
<   :END 129))</lisp><rdf:RDF
<   xmlns:rdf="http://www.w3.org/1999/02/22-rdf-syntax-ns#"
<   xmlns:role="http://www.cs.rochester.edu/research/trips/role#"
<   xmlns:LF="http://www.cs.rochester.edu/research/trips/LF#">
<   <rdf:Description rdf:ID="V33822">
<     <LF:indicator>SPEECHACT</LF:indicator>
<     <LF:type>SA_IDENTIFY</LF:type>
<     <role:PUNCTYPE>DECL</role:PUNCTYPE>
<     <role:CONTENT rdf:resource="#V33450" />
<     <LF:start>74</LF:start>
<     <LF:end>129</LF:end>
<   </rdf:Description>
<   <rdf:Description rdf:ID="V33450">
<     <LF:indicator>BARE</LF:indicator>
<     <LF:type>PUT</LF:type>
<     <LF:word>PUT</LF:word>
<     <role:AFFECTED rdf:resource="#V33475" />
<     <role:RESULT rdf:resource="#V33555" />
<     <LF:start>74</LF:start>
<     <LF:end>129</LF:end>
<   </rdf:Description>
<   <rdf:Description rdf:ID="V33475">
<     <LF:indicator>THE</LF:indicator>
<     <LF:type>BODY-PART</LF:type>
<     <LF:word>INDEX-FINGER</LF:word>
<     <role:ASSOC-POSS rdf:resource="#V33462" />
<     <role:MOD rdf:resource="#V33480" />
<     <LF:start>82</LF:start>
<     <LF:end>116</LF:end>
<     <role:WNSENSE>index_finger%1:08:00</role:WNSENSE>
<   </rdf:Description>
<   <rdf:Description rdf:ID="V33462">
<     <LF:indicator>PRO</LF:indicator>
<     <LF:type>MALE-PERSON</LF:type>
<     <LF:word>HIS</LF:word>
<     <role:PROFORM>HIS</role:PROFORM>
<     <LF:start>82</LF:start>
<     <LF:end>116</LF:end>
<     <role:COREF rdf:resource="#V33259" />
<   </rdf:Description>
<   <rdf:Description rdf:ID="V33480">
<     <LF:indicator>F</LF:indicator>
<     <LF:type>CONTAIN-RELN</LF:type>
<     <LF:word>OF</LF:word>
<     <role:GROUND rdf:resource="#V33548" />
<     <role:FIGURE rdf:resource="#V33475" />
<     <LF:start>99</LF:start>
<     <LF:end>116</LF:end>
<   </rdf:Description>
<   <rdf:Description rdf:ID="V33548">
<     <LF:indicator>THE</LF:indicator>
<     <LF:type>BODY-PART</LF:type>
<     <LF:word>LEFT-HAND</LF:word>
<     <role:ASSOC-POSS rdf:resource="#V33487" />
<     <LF:start>102</LF:start>
<     <LF:end>116</LF:end>
<     <role:WNSENSE>left_hand%1:08:00</role:WNSENSE>
<   </rdf:Description>
<   <rdf:Description rdf:ID="V33487">
<     <LF:indicator>PRO</LF:indicator>
<     <LF:type>MALE-PERSON</LF:type>
<     <LF:word>HIS</LF:word>
<     <role:PROFORM>HIS</role:PROFORM>
<     <LF:start>102</LF:start>
<     <LF:end>116</LF:end>
<   </rdf:Description>
<   <rdf:Description rdf:ID="V33555">
<     <LF:indicator>F</LF:indicator>
<     <LF:type>IN-LOC</LF:type>
<     <LF:word>IN</LF:word>
<     <role:GROUND rdf:resource="#V33610" />
<     <role:FIGURE rdf:resource="#V33475" />
<     <LF:start>116</LF:start>
<     <LF:end>129</LF:end>
<   </rdf:Description>
<   <rdf:Description rdf:ID="V33610">
<     <LF:indicator>THE</LF:indicator>
<     <LF:type>EXTERNAL-BODY-PART</LF:type>
<     <LF:word>MOUTH</LF:word>
<     <role:ASSOC-POSS rdf:resource="#V33605" />
<     <LF:start>119</LF:start>
<     <LF:end>129</LF:end>
<   </rdf:Description>
<   <rdf:Description rdf:ID="V33605">
<     <LF:indicator>PRO</LF:indicator>
<     <LF:type>MALE-PERSON</LF:type>
<     <LF:word>HIS</LF:word>
<     <role:PROFORM>HIS</role:PROFORM>
<     <LF:start>119</LF:start>
<     <LF:end>129</LF:end>
<   </rdf:Description>
< </rdf:RDF>
< </terms></utt></compound-communication-act>
< </trips-parser-output>
\ No newline at end of file
---
> <SpRL>
>  <SCENE>
>   <SENTENCE id="s1" indicator="THE" type="LETTER-SYMBOL" NAME-OF="(A)" start="0" end="2">
>    <TEXT>a d</TEXT>
>   </SENTENCE>
>   <SENTENCE id="s2" indicator="SPEECHACT" type="SA_TELL" start="2" end="17">
>    <TEXT>dark-skinned , d</TEXT>
>    <RELATION id="1" head="V42484" res="V33218" label="CONTENT"/>
>    <PHRASE id="V33218" indicator="F" type="MOVE" text="SKINNED" TENSE="PAST" start="2" end="15"/>
>    <RELATION id="2" head="V33218" res="V33209" label="AFFECTED"/>
>    <PHRASE id="V33209" indicator="BARE" type="LIGHT" text="DARK" start="2" end="6"/>
>   </SENTENCE>
>   <SENTENCE id="s3" indicator="BARE" type="MALE-CHILD" text="BOY" start="17" end="33">
>    <TEXT>dark-haired boy i</TEXT>
>    <RELATION id="3" head="V33259" res="V33256" label="MOD"/>
>    <PHRASE id="V33256" indicator="F" type="MODIFIER" text="DARK-PUNC-MINUS-HAIRED" start="17" end="29" WNSENSE="dark-haired%5:00:00"/>
>    <RELATION id="4" head="V33256" res="V33259" label="FIGURE"/>
>   </SENTENCE>
>   <SENTENCE id="s4" indicator="F" type="IN-LOC" text="IN" start="33" end="72">
>    <TEXT>in a white shirt and a green tee-shirt ,</TEXT>
>    <RELATION id="5" head="V33266" res="V33367" label="GROUND"/>
>    <PHRASE id="V33367" indicator="INDEF-SET" type="ATTIRE" OPERATOR="AND" start="36" end="72"/>
>    <RELATION id="6" head="V33367" res="V33363" label="SEQUENCE"/>
>    <RELATION id="7" head="V33367" res="V33437" label="SEQUENCE1"/>
>    <PHRASE id="V33363" indicator="A" type="ATTIRE" text="SHIRT" start="36" end="50"/>
>    <RELATION id="8" head="V33363" res="V33356" label="MOD"/>
>    <PHRASE id="V33356" indicator="F" type="WHITE" text="WHITE" SCALE="WHITE*1--07--00" start="38" end="44"/>
>    <RELATION id="9" head="V33356" res="V33363" label="FIGURE"/>
>    <PHRASE id="V33437" indicator="A" type="ATTIRE" text="TEE-PUNC-MINUS-SHIRT" start="54" end="72"/>
>    <RELATION id="10" head="V33437" res="V33417" label="MOD"/>
>    <PHRASE id="V33417" indicator="F" type="GREEN" text="GREEN" SCALE="GREEN*1--07--00" start="56" end="62"/>
>    <RELATION id="11" head="V33417" res="V33437" label="FIGURE"/>
>   </SENTENCE>
>   <SENTENCE id="s5" indicator="SPEECHACT" type="SA_IDENTIFY" PUNCTYPE="DECL" start="74" end="129">
>    <TEXT>putting his index finger of his left hand in his mouth .</TEXT>
>    <RELATION id="12" head="V33822" res="V33450" label="CONTENT"/>
>    <PHRASE id="V33450" indicator="BARE" type="PUT" text="PUT" start="74" end="129"/>
>    <RELATION id="13" head="V33450" res="V33475" label="AFFECTED"/>
>    <RELATION id="14" head="V33450" res="V33555" label="RESULT"/>
>    <PHRASE id="V33475" indicator="THE" type="BODY-PART" text="INDEX-FINGER" start="82" end="116" WNSENSE="index_finger%1:08:00"/>
>    <RELATION id="15" head="V33475" res="V33462" label="ASSOC-POSS"/>
>    <RELATION id="16" head="V33475" res="V33480" label="MOD"/>
>    <PHRASE id="V33462" indicator="PRO" type="MALE-PERSON" text="HIS" PROFORM="HIS" start="82" end="116"/>
>    <RELATION id="17" head="V33462" res="V33259" label="COREF"/>
>    <PHRASE id="V33480" indicator="F" type="CONTAIN-RELN" text="OF" start="99" end="116"/>
>    <RELATION id="18" head="V33480" res="V33548" label="GROUND"/>
>    <RELATION id="19" head="V33480" res="V33475" label="FIGURE"/>
>    <PHRASE id="V33548" indicator="THE" type="BODY-PART" text="LEFT-HAND" start="102" end="116" WNSENSE="left_hand%1:08:00"/>
>    <RELATION id="20" head="V33548" res="V33487" label="ASSOC-POSS"/>
>    <PHRASE id="V33487" indicator="PRO" type="MALE-PERSON" text="HIS" PROFORM="HIS" start="102" end="116"/>
>    <PHRASE id="V33555" indicator="F" type="IN-LOC" text="IN" start="116" end="129"/>
>    <RELATION id="21" head="V33555" res="V33610" label="GROUND"/>
>    <RELATION id="22" head="V33555" res="V33475" label="FIGURE"/>
>    <PHRASE id="V33610" indicator="THE" type="EXTERNAL-BODY-PART" text="MOUTH" start="119" end="129"/>
>    <RELATION id="23" head="V33610" res="V33605" label="ASSOC-POSS"/>
>    <PHRASE id="V33605" indicator="PRO" type="MALE-PERSON" text="HIS" PROFORM="HIS" start="119" end="129"/>
>   </SENTENCE>
>  </SCENE>
> </SpRL>
