2,599c2,72
< <?xml-stylesheet type="text/xsl" href="../style/parser-interface.xsl"?>
< <!DOCTYPE trips-parser-output SYSTEM "../trips-parser-output.dtd">
< <trips-parser-output parser-build-date="2017-09-20T12:11:02-0500" system="STEP" extsformat="svg" tagsformat="hidden" treecontents="phrase" treeformat="LinGO" lfformat="svg" semantic-skeleton-scoring="T" rule-sets="" input="a dark-skinned boy wearing a black Nike cap , a chequered shirt and a red jacket ( that is black inside ) is standing in the meadow behind a house .
< ">
< <debug>
< 
<  FOUNDS SEQUENCE from constit (% W::NP (W::BARE-SEQUENCE -) (W::CONSTRAINT -)
<                                  (W::MASS W::BARE) (W::GENERATED +)
<                                  (W::POSTADVBL +)
<                                  (W::SEM ?8607:(?176752:(F::PHYS-OBJ
<                                                          F::ABSTR-OBJ) NIL))
<                                  (W::LF (% W::DESCRIPTION (W::STATUS ONT::DEFINITE)
<                                            (W::VAR V96487)
<                                            (W::SORT W::INDIVIDUAL)
<                                            (W::LEX (W::A))
<                                            (W::CLASS ONT::SEQUENCE)
<                                            (W::CONSTRAINT (% &amp; (W::NAME-OF (W::A))
<                                                              (W::VAL (W::A))))
<                                            (W::LEX W::A) (W::SEM ?176750)
<                                            (W::TRANSFORM ?176751)))
<                                  (W::CASE ?176749:(W::SUB W::OBJ -))
<                                  (W::AGR ?176748) (W::CLASS ONT::ANY-SEM)
<                                  (W::VAR V96487) (W::SORT W::PRED) (W::NAME -)
<                                  (W::PRO -) (W::CHANGEAGR -) (W::LEX W::A)
<                                  (W::HEADCAT W::VALUE) (W::TRANSFORM -)
<                                  (W::REFL -) (1 RNUMBER96805))
< 
<  FOUNDS SEQUENCE from constit (% W::NP (W::BARE-SEQUENCE -) (W::CONSTRAINT -)
<                                  (W::MASS W::BARE) (W::GENERATED +)
<                                  (W::POSTADVBL +)
<                                  (W::SEM ?8607:(?177277:(F::PHYS-OBJ
<                                                          F::ABSTR-OBJ) NIL))
<                                  (W::LF (% W::DESCRIPTION (W::STATUS ONT::DEFINITE)
<                                            (W::VAR V96490)
<                                            (W::SORT W::INDIVIDUAL)
<                                            (W::LEX (W::A))
<                                            (W::CLASS ONT::SEQUENCE)
<                                            (W::CONSTRAINT (% &amp; (W::NAME-OF (W::A))
<                                                              (W::VAL (W::A))))
<                                            (W::LEX W::A) (W::SEM ?177275)
<                                            (W::TRANSFORM ?177276)))
<                                  (W::CASE ?177274:(W::SUB W::OBJ -))
<                                  (W::AGR ?177273) (W::CLASS ONT::ANY-SEM)
<                                  (W::VAR V96490) (W::SORT W::PRED) (W::NAME -)
<                                  (W::PRO -) (W::CHANGEAGR -) (W::LEX W::A)
<                                  (W::HEADCAT W::VALUE) (W::TRANSFORM -)
<                                  (W::REFL -) (1 RNUMBER96807))
< 
<  FOUNDS SEQUENCE from constit (% W::NP (W::BARE-SEQUENCE -) (W::CONSTRAINT -)
<                                  (W::MASS W::BARE) (W::GENERATED +)
<                                  (W::POSTADVBL +)
<                                  (W::SEM ?8607:(?177581:(F::PHYS-OBJ
<                                                          F::ABSTR-OBJ) NIL))
<                                  (W::LF (% W::DESCRIPTION (W::STATUS ONT::DEFINITE)
<                                            (W::VAR V96493)
<                                            (W::SORT W::INDIVIDUAL)
<                                            (W::LEX (W::A))
<                                            (W::CLASS ONT::SEQUENCE)
<                                            (W::CONSTRAINT (% &amp; (W::NAME-OF (W::A))
<                                                              (W::VAL (W::A))))
<                                            (W::LEX W::A) (W::SEM ?177579)
<                                            (W::TRANSFORM ?177580)))
<                                  (W::CASE ?177578:(W::SUB W::OBJ -))
<                                  (W::AGR ?177577) (W::CLASS ONT::ANY-SEM)
<                                  (W::VAR V96493) (W::SORT W::PRED) (W::NAME -)
<                                  (W::PRO -) (W::CHANGEAGR -) (W::LEX W::A)
<                                  (W::HEADCAT W::VALUE) (W::TRANSFORM -)
<                                  (W::REFL -) (1 RNUMBER96809))
< 
<  FOUNDS SEQUENCE from constit (% W::NP (W::BARE-SEQUENCE -) (W::CONSTRAINT -)
<                                  (W::MASS W::BARE) (W::GENERATED +)
<                                  (W::POSTADVBL +)
<                                  (W::SEM ?8607:(?178070:(F::PHYS-OBJ
<                                                          F::ABSTR-OBJ) NIL))
<                                  (W::LF (% W::DESCRIPTION (W::STATUS ONT::DEFINITE)
<                                            (W::VAR V96496)
<                                            (W::SORT W::INDIVIDUAL)
<                                            (W::LEX (W::A))
<                                            (W::CLASS ONT::SEQUENCE)
<                                            (W::CONSTRAINT (% &amp; (W::NAME-OF (W::A))
<                                                              (W::VAL (W::A))))
<                                            (W::LEX W::A) (W::SEM ?178068)
<                                            (W::TRANSFORM ?178069)))
<                                  (W::CASE ?178067:(W::SUB W::OBJ -))
<                                  (W::AGR ?178066) (W::CLASS ONT::ANY-SEM)
<                                  (W::VAR V96496) (W::SORT W::PRED) (W::NAME -)
<                                  (W::PRO -) (W::CHANGEAGR -) (W::LEX W::A)
<                                  (W::HEADCAT W::VALUE) (W::TRANSFORM -)
<                                  (W::REFL -) (1 RNUMBER96811))
< 
<  FOUNDS SEQUENCE from constit (% W::NP (W::BARE-SEQUENCE -) (W::CONSTRAINT -)
<                                  (W::MASS W::BARE) (W::GENERATED +)
<                                  (W::POSTADVBL +)
<                                  (W::SEM ?8607:(?178367:(F::PHYS-OBJ
<                                                          F::ABSTR-OBJ) NIL))
<                                  (W::LF (% W::DESCRIPTION (W::STATUS ONT::DEFINITE)
<                                            (W::VAR V96499)
<                                            (W::SORT W::INDIVIDUAL)
<                                            (W::LEX (W::A))
<                                            (W::CLASS ONT::SEQUENCE)
<                                            (W::CONSTRAINT (% &amp; (W::NAME-OF (W::A))
<                                                              (W::VAL (W::A))))
<                                            (W::LEX W::A) (W::SEM ?178365)
<                                            (W::TRANSFORM ?178366)))
<                                  (W::CASE ?178364:(W::SUB W::OBJ -))
<                                  (W::AGR ?178363) (W::CLASS ONT::ANY-SEM)
<                                  (W::VAR V96499) (W::SORT W::PRED) (W::NAME -)
<                                  (W::PRO -) (W::CHANGEAGR -) (W::LEX W::A)
<                                  (W::HEADCAT W::VALUE) (W::TRANSFORM -)
<                                  (W::REFL -) (1 RNUMBER96813))
< *last-utt-id*=NIL  utt-id+14
< *last-utt-id*=14  utt-id+14
< *last-utt-id*=14  utt-id+14
< *last-utt-id*=14  utt-id+NIL</debug><compound-communication-act>
< <utt><words><lisp>(W::A W::DARK W::PUNC-MINUS W::SKINNED W::BOY W::WEARING W::A W::BLACK W::NIKE
<  W::CAP W::PUNC-COMMA)</lisp><word>A</word><word>DARK</word><word>PUNC-MINUS</word><word>SKINNED</word><word>BOY</word><word>WEARING</word><word>A</word><word>BLACK</word><word>NIKE</word><word>CAP</word><word>PUNC-COMMA</word></words><tags><lisp>((WORD &quot;a&quot; :FRAME (0 1) :SENSE-INFO
<   ((:PENN-PARTS-OF-SPEECH (DT) :TRIPS-PARTS-OF-SPEECH (W::ART W::QUAN W::PRO)))
<   :UTTNUM 14 :CHANNEL DESKTOP :DIRECTION INPUT)
<  (WORD &quot;dark&quot; :FRAME (2 5) :SENSE-INFO
<   ((:PENN-PARTS-OF-SPEECH (NN) :TRIPS-PARTS-OF-SPEECH (W::N))) :UTTNUM 14
<   :CHANNEL DESKTOP :DIRECTION INPUT)
<  (WORD &quot;-&quot; :FRAME (6 6) :SENSE-INFO
<   ((:PENN-PARTS-OF-SPEECH (COLON) :TRIPS-PARTS-OF-SPEECH (W::PUNC))) :UTTNUM 14
<   :CHANNEL DESKTOP :DIRECTION INPUT)
<  (WORD &quot;skinned&quot; :FRAME (7 14) :SENSE-INFO
<   ((:PENN-PARTS-OF-SPEECH (VBN) :TRIPS-PARTS-OF-SPEECH (W::V))) :UTTNUM 14
<   :CHANNEL DESKTOP :DIRECTION INPUT)
<  (WORD &quot;dark-skinned&quot; :FRAME (2 14) :SENSE-INFO
<   ((:PENN-PARTS-OF-SPEECH (JJ) :TRIPS-PARTS-OF-SPEECH (W::ADJ) :WN-SENSE-KEYS
<     (&quot;dark-skinned%5:00:00&quot;)))
<   :UTTNUM 14 :CHANNEL DESKTOP :DIRECTION INPUT)
<  (WORD &quot;boy&quot; :FRAME (15 18) :SENSE-INFO
<   ((:PENN-PARTS-OF-SPEECH (NN) :TRIPS-PARTS-OF-SPEECH (W::N))) :UTTNUM 14
<   :CHANNEL DESKTOP :DIRECTION INPUT)
<  (PREFER &quot;a dark-skinned boy&quot; :FRAME (0 18) :PENN-CATS (NP) :TRIPS-CATS (W::NP)
<   :SCORE 24.88 :UTTNUM 14 :CHANNEL DESKTOP :DIRECTION INPUT)
<  (WORD &quot;wearing&quot; :FRAME (19 26) :SENSE-INFO
<   ((:PENN-PARTS-OF-SPEECH (VBG) :TRIPS-PARTS-OF-SPEECH (W::V))) :UTTNUM 14
<   :CHANNEL DESKTOP :DIRECTION INPUT)
<  (WORD &quot;a&quot; :FRAME (27 28) :SENSE-INFO
<   ((:PENN-PARTS-OF-SPEECH (DT) :TRIPS-PARTS-OF-SPEECH (W::ART W::QUAN W::PRO)))
<   :UTTNUM 14 :CHANNEL DESKTOP :DIRECTION INPUT)
<  (WORD &quot;black&quot; :FRAME (29 34) :SENSE-INFO
<   ((:PENN-PARTS-OF-SPEECH (JJ) :TRIPS-PARTS-OF-SPEECH (W::ADJ))) :UTTNUM 14
<   :CHANNEL DESKTOP :DIRECTION INPUT)
<  (WORD &quot;Nike&quot; :FRAME (35 39) :SENSE-INFO
<   ((:PENN-PARTS-OF-SPEECH (NNP) :TRIPS-PARTS-OF-SPEECH (W::NAME) :ONT-TYPES
<     (ONT::REFERENTIAL-SEM)))
<   :UTTNUM 14 :CHANNEL DESKTOP :DIRECTION INPUT)
<  (WORD &quot;cap&quot; :FRAME (40 43) :SENSE-INFO
<   ((:PENN-PARTS-OF-SPEECH (NN) :TRIPS-PARTS-OF-SPEECH (W::N))) :UTTNUM 14
<   :CHANNEL DESKTOP :DIRECTION INPUT)
<  (PREFER &quot;a black Nike cap&quot; :FRAME (27 43) :PENN-CATS (NP) :TRIPS-CATS (W::NP)
<   :SCORE 34.142 :UTTNUM 14 :CHANNEL DESKTOP :DIRECTION INPUT)
<  (WORD &quot;,&quot; :FRAME (44 45) :SENSE-INFO
<   ((:PENN-PARTS-OF-SPEECH (COMMA) :TRIPS-PARTS-OF-SPEECH (W::PUNC))) :UTTNUM 14
<   :CHANNEL DESKTOP :DIRECTION INPUT))</lisp><word lex="a" start="0" end="1"><sense-info penn-parts-of-speech="DT" trips-parts-of-speech="ART,QUAN,PRO" /></word><word lex="dark" start="2" end="5"><sense-info penn-parts-of-speech="NN" trips-parts-of-speech="N" /></word><word lex="-" start="6" end="6"><sense-info penn-parts-of-speech="COLON" trips-parts-of-speech="PUNC" /></word><word lex="skinned" start="7" end="14"><sense-info penn-parts-of-speech="VBN" trips-parts-of-speech="V" /></word><word lex="dark-skinned" start="2" end="14"><sense-info penn-parts-of-speech="JJ" trips-parts-of-speech="ADJ" wn-sense-keys="dark-skinned%5:00:00" /></word><word lex="boy" start="15" end="18"><sense-info penn-parts-of-speech="NN" trips-parts-of-speech="N" /></word><prefer text="a dark-skinned boy" start="0" end="18" penn-cats="NP" score="24.88" /><word lex="wearing" start="19" end="26"><sense-info penn-parts-of-speech="VBG" trips-parts-of-speech="V" /></word><word lex="a" start="27" end="28"><sense-info penn-parts-of-speech="DT" trips-parts-of-speech="ART,QUAN,PRO" /></word><word lex="black" start="29" end="34"><sense-info penn-parts-of-speech="JJ" trips-parts-of-speech="ADJ" /></word><word lex="Nike" start="35" end="39"><sense-info penn-parts-of-speech="NNP" trips-parts-of-speech="NAME" ont-types="REFERENTIAL-SEM" /></word><word lex="cap" start="40" end="43"><sense-info penn-parts-of-speech="NN" trips-parts-of-speech="N" /></word><prefer text="a black Nike cap" start="27" end="43" penn-cats="NP" score="34.142" /><word lex="," start="44" end="45"><sense-info penn-parts-of-speech="COMMA" trips-parts-of-speech="PUNC" /></word></tags><tree><lisp>(NP (SPEC (DET (ART A)))
<  (N1 (N1 (ADJP (N1 (N DARK)) (PUNC PUNC-MINUS) (V SKINNED)) (N1 (N BOY)))
<   (CP
<    (VP
<     (VP- (V WEARING)
<      (NP
<       (NP (SPEC (DET (ART A)))
<        (N1 (ADJP (ADJ1 (ADJ BLACK))) (N1 (N1 (N NIKE)) (N1 (N CAP)))))
<       (PUNC PUNC-COMMA)))))))</lisp><NP><SPEC><DET><ART>A</ART></DET></SPEC><N1><N1><ADJP><N1><N>DARK</N></N1><PUNC>PUNC-MINUS</PUNC><V>SKINNED</V></ADJP><N1><N>BOY</N></N1></N1><CP><VP><VP-><V>WEARING</V><NP><NP><SPEC><DET><ART>A</ART></DET></SPEC><N1><ADJP><ADJ1><ADJ>BLACK</ADJ></ADJ1></ADJP><N1><N1><N>NIKE</N></N1><N1><N>CAP</N></N1></N1></N1></NP><PUNC>PUNC-COMMA</PUNC></NP></VP-></VP></CP></N1></NP></tree><terms root="#V93112"><lisp>((ONT::A ONT::V93112 (:* ONT::MALE-CHILD W::BOY) :MOD ONT::V93118 :MOD
<   ONT::V93097 :START 0 :END 46)
<  (ONT::F ONT::V93097 (:* ONT::MOVE W::SKINNED) :AGENT ONT::V93086 :AFFECTED
<   ONT::V93112 :START 2 :END 15)
<  (ONT::KIND ONT::V93086 (:* ONT::LIGHT W::DARK) :START 2 :END 15)
<  (ONT::F ONT::V93118 (:* ONT::WEAR W::WEAR) :AGENT ONT::V93112 :NEUTRAL
<   ONT::V93173 :VFORM W::ING :START 19 :END 46)
<  (ONT::A ONT::V93173 (:* ONT::ATTIRE W::CAP) :ASSOC-WITH ONT::V93170 :MOD
<   ONT::V93165 :START 27 :END 46)
<  (ONT::KIND ONT::V93170 (:* ONT::REFERENTIAL-SEM W::NIKE) :START 27 :END 46)
<  (ONT::F ONT::V93165 (:* ONT::BLACK W::BLACK) :FIGURE ONT::V93173 :SCALE
<   ONT::BLACKNESS*1--07--00 :START 29 :END 35))</lisp><rdf:RDF
<   xmlns:rdf="http://www.w3.org/1999/02/22-rdf-syntax-ns#"
<   xmlns:role="http://www.cs.rochester.edu/research/trips/role#"
<   xmlns:LF="http://www.cs.rochester.edu/research/trips/LF#">
<   <rdf:Description rdf:ID="V93112">
<     <LF:indicator>A</LF:indicator>
<     <LF:type>MALE-CHILD</LF:type>
<     <LF:word>BOY</LF:word>
<     <role:MOD rdf:resource="#V93118" />
<     <role:MOD rdf:resource="#V93097" />
<     <LF:start>0</LF:start>
<     <LF:end>46</LF:end>
<   </rdf:Description>
<   <rdf:Description rdf:ID="V93097">
<     <LF:indicator>F</LF:indicator>
<     <LF:type>MOVE</LF:type>
<     <LF:word>SKINNED</LF:word>
<     <role:AGENT rdf:resource="#V93086" />
<     <role:AFFECTED rdf:resource="#V93112" />
<     <LF:start>2</LF:start>
<     <LF:end>15</LF:end>
<   </rdf:Description>
<   <rdf:Description rdf:ID="V93086">
<     <LF:indicator>KIND</LF:indicator>
<     <LF:type>LIGHT</LF:type>
<     <LF:word>DARK</LF:word>
<     <LF:start>2</LF:start>
<     <LF:end>15</LF:end>
<   </rdf:Description>
<   <rdf:Description rdf:ID="V93118">
<     <LF:indicator>F</LF:indicator>
<     <LF:type>WEAR</LF:type>
<     <LF:word>WEAR</LF:word>
<     <role:AGENT rdf:resource="#V93112" />
<     <role:NEUTRAL rdf:resource="#V93173" />
<     <role:VFORM>ING</role:VFORM>
<     <LF:start>19</LF:start>
<     <LF:end>46</LF:end>
<   </rdf:Description>
<   <rdf:Description rdf:ID="V93173">
<     <LF:indicator>A</LF:indicator>
<     <LF:type>ATTIRE</LF:type>
<     <LF:word>CAP</LF:word>
<     <role:ASSOC-WITH rdf:resource="#V93170" />
<     <role:MOD rdf:resource="#V93165" />
<     <LF:start>27</LF:start>
<     <LF:end>46</LF:end>
<   </rdf:Description>
<   <rdf:Description rdf:ID="V93170">
<     <LF:indicator>KIND</LF:indicator>
<     <LF:type>REFERENTIAL-SEM</LF:type>
<     <LF:word>NIKE</LF:word>
<     <LF:start>27</LF:start>
<     <LF:end>46</LF:end>
<   </rdf:Description>
<   <rdf:Description rdf:ID="V93165">
<     <LF:indicator>F</LF:indicator>
<     <LF:type>BLACK</LF:type>
<     <LF:word>BLACK</LF:word>
<     <role:FIGURE rdf:resource="#V93173" />
<     <role:SCALE>BLACKNESS*1--07--00</role:SCALE>
<     <LF:start>29</LF:start>
<     <LF:end>35</LF:end>
<   </rdf:Description>
< </rdf:RDF>
< </terms></utt><utt><words><lisp>(W::A W::CHEQUERED W::SHIRT)</lisp><word>A</word><word>CHEQUERED</word><word>SHIRT</word></words><tags><lisp>((WORD &quot;a&quot; :FRAME (46 47) :SENSE-INFO
<   ((:PENN-PARTS-OF-SPEECH (DT) :TRIPS-PARTS-OF-SPEECH (W::ART W::QUAN W::PRO)))
<   :UTTNUM 14 :CHANNEL DESKTOP :DIRECTION INPUT)
<  (WORD &quot;chequered&quot; :FRAME (48 57) :SENSE-INFO
<   ((:PENN-PARTS-OF-SPEECH (VBD VBN) :TRIPS-PARTS-OF-SPEECH (W::V)
<     :ALTERNATE-SPELLINGS (&quot;checkered&quot;)))
<   :UTTNUM 14 :CHANNEL DESKTOP :DIRECTION INPUT)
<  (WORD &quot;shirt&quot; :FRAME (58 63) :SENSE-INFO
<   ((:PENN-PARTS-OF-SPEECH (NN) :TRIPS-PARTS-OF-SPEECH (W::N))) :UTTNUM 14
<   :CHANNEL DESKTOP :DIRECTION INPUT)
<  (PREFER &quot;a chequered shirt&quot; :FRAME (46 63) :PENN-CATS (NP) :TRIPS-CATS (W::NP)
<   :SCORE 24.847 :UTTNUM 14 :CHANNEL DESKTOP :DIRECTION INPUT))</lisp><word lex="a" start="46" end="47"><sense-info penn-parts-of-speech="DT" trips-parts-of-speech="ART,QUAN,PRO" /></word><word lex="chequered" start="48" end="57"><sense-info penn-parts-of-speech="VBD,VBN" trips-parts-of-speech="V" alternate-spellings="checkered" /></word><word lex="shirt" start="58" end="63"><sense-info penn-parts-of-speech="NN" trips-parts-of-speech="N" /></word><prefer text="a chequered shirt" start="46" end="63" penn-cats="NP" score="24.847" /></tags><tree><lisp>(UTT (S (NP (NAME (VALUE A))) (VP (VP- (V CHEQUERED) (NP (N1 (N SHIRT)))))))</lisp><UTT><S><NP><NAME><VALUE>A</VALUE></NAME></NP><VP><VP-><V>CHEQUERED</V><NP><N1><N>SHIRT</N></N1></NP></VP-></VP></S></UTT></tree><terms root="#V97101"><lisp>((ONT::SPEECHACT ONT::V97101 ONT::SA_TELL :CONTENT ONT::V93226 :START 46 :END
<   64)
<  (ONT::F ONT::V93226 (:* ONT::ENCODES-MESSAGE W::CHEQUERED) :NEUTRAL
<   ONT::V93198 :NEUTRAL1 ONT::V93247 :TENSE W::PAST :START 46 :END 64)
<  (ONT::THE ONT::V93198 ONT::LETTER-SYMBOL :NAME-OF (W::A) :START 46 :END 48)
<  (ONT::BARE ONT::V93247 (:* ONT::ATTIRE W::SHIRT) :START 58 :END 64))</lisp><rdf:RDF
<   xmlns:rdf="http://www.w3.org/1999/02/22-rdf-syntax-ns#"
<   xmlns:role="http://www.cs.rochester.edu/research/trips/role#"
<   xmlns:LF="http://www.cs.rochester.edu/research/trips/LF#">
<   <rdf:Description rdf:ID="V97101">
<     <LF:indicator>SPEECHACT</LF:indicator>
<     <LF:type>SA_TELL</LF:type>
<     <role:CONTENT rdf:resource="#V93226" />
<     <LF:start>46</LF:start>
<     <LF:end>64</LF:end>
<   </rdf:Description>
<   <rdf:Description rdf:ID="V93226">
<     <LF:indicator>F</LF:indicator>
<     <LF:type>ENCODES-MESSAGE</LF:type>
<     <LF:word>CHEQUERED</LF:word>
<     <role:NEUTRAL rdf:resource="#V93198" />
<     <role:NEUTRAL1 rdf:resource="#V93247" />
<     <role:TENSE>PAST</role:TENSE>
<     <LF:start>46</LF:start>
<     <LF:end>64</LF:end>
<   </rdf:Description>
<   <rdf:Description rdf:ID="V93198">
<     <LF:indicator>THE</LF:indicator>
<     <LF:type>LETTER-SYMBOL</LF:type>
<     <role:NAME-OF>(A)</role:NAME-OF>
<     <LF:start>46</LF:start>
<     <LF:end>48</LF:end>
<   </rdf:Description>
<   <rdf:Description rdf:ID="V93247">
<     <LF:indicator>BARE</LF:indicator>
<     <LF:type>ATTIRE</LF:type>
<     <LF:word>SHIRT</LF:word>
<     <LF:start>58</LF:start>
<     <LF:end>64</LF:end>
<   </rdf:Description>
< </rdf:RDF>
< </terms></utt><utt><words><lisp>(W::AND W::A W::RED W::JACKET W::START-PAREN W::THAT W::IS W::BLACK W::INSIDE
<  W::END-PAREN W::IS W::STANDING W::IN W::THE W::MEADOW W::BEHIND W::A W::HOUSE)</lisp><word>AND</word><word>A</word><word>RED</word><word>JACKET</word><word>START-PAREN</word><word>THAT</word><word>IS</word><word>BLACK</word><word>INSIDE</word><word>END-PAREN</word><word>IS</word><word>STANDING</word><word>IN</word><word>THE</word><word>MEADOW</word><word>BEHIND</word><word>A</word><word>HOUSE</word></words><tags><lisp>((WORD &quot;and&quot; :FRAME (64 67) :SENSE-INFO
<   ((:PENN-PARTS-OF-SPEECH (CC) :TRIPS-PARTS-OF-SPEECH (W::CONJ))) :UTTNUM 14
<   :CHANNEL DESKTOP :DIRECTION INPUT)
<  (WORD &quot;a&quot; :FRAME (68 69) :SENSE-INFO
<   ((:PENN-PARTS-OF-SPEECH (DT) :TRIPS-PARTS-OF-SPEECH (W::ART W::QUAN W::PRO)))
<   :UTTNUM 14 :CHANNEL DESKTOP :DIRECTION INPUT)
<  (WORD &quot;red&quot; :FRAME (70 73) :SENSE-INFO
<   ((:PENN-PARTS-OF-SPEECH (JJ) :TRIPS-PARTS-OF-SPEECH (W::ADJ))) :UTTNUM 14
<   :CHANNEL DESKTOP :DIRECTION INPUT)
<  (WORD &quot;jacket&quot; :FRAME (74 80) :SENSE-INFO
<   ((:PENN-PARTS-OF-SPEECH (NN) :TRIPS-PARTS-OF-SPEECH (W::N))) :UTTNUM 14
<   :CHANNEL DESKTOP :DIRECTION INPUT)
<  (PREFER &quot;a red jacket&quot; :FRAME (68 80) :PENN-CATS (NP) :TRIPS-CATS (W::NP)
<   :SCORE 21.789 :UTTNUM 14 :CHANNEL DESKTOP :DIRECTION INPUT)
<  (WORD &quot;(&quot; :FRAME (81 82) :SENSE-INFO
<   ((:PENN-PARTS-OF-SPEECH (NN -LRB-) :TRIPS-PARTS-OF-SPEECH (W::N))) :UTTNUM 14
<   :CHANNEL DESKTOP :DIRECTION INPUT)
<  (WORD &quot;that&quot; :FRAME (83 87) :SENSE-INFO
<   ((:PENN-PARTS-OF-SPEECH (WDT) :TRIPS-PARTS-OF-SPEECH (W::ART))) :UTTNUM 14
<   :CHANNEL DESKTOP :DIRECTION INPUT)
<  (PREFER &quot;that&quot; :FRAME (83 87) :PENN-CATS (WHNP) :TRIPS-CATS (W::NP) :SCORE
<   1.348 :UTTNUM 14 :CHANNEL DESKTOP :DIRECTION INPUT)
<  (WORD &quot;is&quot; :FRAME (88 90) :SENSE-INFO
<   ((:PENN-PARTS-OF-SPEECH (VBZ) :TRIPS-PARTS-OF-SPEECH (W::V))) :UTTNUM 14
<   :CHANNEL DESKTOP :DIRECTION INPUT)
<  (WORD &quot;black&quot; :FRAME (91 96) :SENSE-INFO
<   ((:PENN-PARTS-OF-SPEECH (JJ) :TRIPS-PARTS-OF-SPEECH (W::ADJ))) :UTTNUM 14
<   :CHANNEL DESKTOP :DIRECTION INPUT)
<  (PREFER &quot;black&quot; :FRAME (91 96) :PENN-CATS (ADJP) :TRIPS-CATS (W::ADJP) :SCORE
<   7.696 :UTTNUM 14 :CHANNEL DESKTOP :DIRECTION INPUT)
<  (WORD &quot;inside&quot; :FRAME (97 103) :SENSE-INFO
<   ((:PENN-PARTS-OF-SPEECH (IN RB) :TRIPS-PARTS-OF-SPEECH (W::PREP W::ADV)))
<   :UTTNUM 14 :CHANNEL DESKTOP :DIRECTION INPUT)
<  (PREFER &quot;inside&quot; :FRAME (97 103) :PENN-CATS (ADVP) :TRIPS-CATS (W::ADVBL)
<   :SCORE 8.385 :UTTNUM 14 :CHANNEL DESKTOP :DIRECTION INPUT)
<  (PREFER &quot;is black inside&quot; :FRAME (88 103) :PENN-CATS (S) :SCORE 25.93 :UTTNUM
<   14 :CHANNEL DESKTOP :DIRECTION INPUT)
<  (PREFER &quot;is black inside&quot; :FRAME (88 103) :PENN-CATS (VP) :TRIPS-CATS (W::VP)
<   :SCORE 25.656 :UTTNUM 14 :CHANNEL DESKTOP :DIRECTION INPUT)
<  (PREFER &quot;that is black inside&quot; :FRAME (83 103) :PENN-CATS (SBAR) :TRIPS-CATS
<   (W::CP) :SCORE 29.656 :UTTNUM 14 :CHANNEL DESKTOP :DIRECTION INPUT)
<  (WORD &quot;)&quot; :FRAME (104 105) :SENSE-INFO
<   ((:PENN-PARTS-OF-SPEECH (CD -RRB-) :TRIPS-PARTS-OF-SPEECH
<     (W::NUMBER W::NUMBER-UNIT)))
<   :UTTNUM 14 :CHANNEL DESKTOP :DIRECTION INPUT)
<  (PREFER &quot;( that is black inside )&quot; :FRAME (81 105) :PENN-CATS (PRN) :SCORE
<   32.778 :UTTNUM 14 :CHANNEL DESKTOP :DIRECTION INPUT)
<  (PREFER &quot;a red jacket ( that is black inside )&quot; :FRAME (68 105) :PENN-CATS
<   (NP) :TRIPS-CATS (W::NP) :SCORE 58.86 :UTTNUM 14 :CHANNEL DESKTOP :DIRECTION
<   INPUT)
<  (PREFER
<   &quot;a black Nike cap , a chequered shirt and a red jacket ( that is black inside )&quot;
<   :FRAME (27 105) :PENN-CATS (NP) :TRIPS-CATS (W::NP) :SCORE 127.396 :UTTNUM 14
<   :CHANNEL DESKTOP :DIRECTION INPUT)
<  (PREFER
<   &quot;wearing a black Nike cap , a chequered shirt and a red jacket ( that is black inside )&quot;
<   :FRAME (19 105) :PENN-CATS (VP) :TRIPS-CATS (W::VP) :SCORE 136.956 :UTTNUM 14
<   :CHANNEL DESKTOP :DIRECTION INPUT)
<  (PREFER
<   &quot;a dark-skinned boy wearing a black Nike cap , a chequered shirt and a red jacket ( that is black inside )&quot;
<   :FRAME (0 105) :PENN-CATS (NP) :TRIPS-CATS (W::NP) :SCORE 164.397 :UTTNUM 14
<   :CHANNEL DESKTOP :DIRECTION INPUT)
<  (WORD &quot;is&quot; :FRAME (106 108) :SENSE-INFO
<   ((:PENN-PARTS-OF-SPEECH (VBZ) :TRIPS-PARTS-OF-SPEECH (W::V))) :UTTNUM 14
<   :CHANNEL DESKTOP :DIRECTION INPUT)
<  (WORD &quot;standing&quot; :FRAME (109 117) :SENSE-INFO
<   ((:PENN-PARTS-OF-SPEECH (VBG) :TRIPS-PARTS-OF-SPEECH (W::V))) :UTTNUM 14
<   :CHANNEL DESKTOP :DIRECTION INPUT)
<  (WORD &quot;in&quot; :FRAME (118 120) :SENSE-INFO
<   ((:PENN-PARTS-OF-SPEECH (IN) :TRIPS-PARTS-OF-SPEECH (W::PREP W::ADV)))
<   :UTTNUM 14 :CHANNEL DESKTOP :DIRECTION INPUT)
<  (WORD &quot;standing in&quot; :FRAME (109 120) :SENSE-INFO
<   ((:PENN-PARTS-OF-SPEECH (VBG) :TRIPS-PARTS-OF-SPEECH (W::V) :WN-SENSE-KEYS
<     (&quot;stand_in%2:40:00&quot;)))
<   :UTTNUM 14 :CHANNEL DESKTOP :DIRECTION INPUT)
<  (WORD &quot;the&quot; :FRAME (121 124) :SENSE-INFO
<   ((:PENN-PARTS-OF-SPEECH (DT) :TRIPS-PARTS-OF-SPEECH (W::ART W::QUAN W::PRO)))
<   :UTTNUM 14 :CHANNEL DESKTOP :DIRECTION INPUT)
<  (WORD &quot;meadow&quot; :FRAME (125 131) :SENSE-INFO
<   ((:PENN-PARTS-OF-SPEECH (NN) :TRIPS-PARTS-OF-SPEECH (W::N))) :UTTNUM 14
<   :CHANNEL DESKTOP :DIRECTION INPUT)
<  (PREFER &quot;the meadow&quot; :FRAME (121 131) :PENN-CATS (NP) :TRIPS-CATS (W::NP)
<   :SCORE 14.588 :UTTNUM 14 :CHANNEL DESKTOP :DIRECTION INPUT)
<  (WORD &quot;behind&quot; :FRAME (132 138) :SENSE-INFO
<   ((:PENN-PARTS-OF-SPEECH (IN) :TRIPS-PARTS-OF-SPEECH (W::PREP W::ADV)))
<   :UTTNUM 14 :CHANNEL DESKTOP :DIRECTION INPUT)
<  (WORD &quot;a&quot; :FRAME (139 140) :SENSE-INFO
<   ((:PENN-PARTS-OF-SPEECH (DT) :TRIPS-PARTS-OF-SPEECH (W::ART W::QUAN W::PRO)))
<   :UTTNUM 14 :CHANNEL DESKTOP :DIRECTION INPUT)
<  (WORD &quot;house&quot; :FRAME (141 146) :SENSE-INFO
<   ((:PENN-PARTS-OF-SPEECH (NN) :TRIPS-PARTS-OF-SPEECH (W::N))) :UTTNUM 14
<   :CHANNEL DESKTOP :DIRECTION INPUT)
<  (PREFER &quot;a house&quot; :FRAME (139 146) :PENN-CATS (NP) :TRIPS-CATS (W::NP) :SCORE
<   10.534 :UTTNUM 14 :CHANNEL DESKTOP :DIRECTION INPUT)
<  (PREFER &quot;behind a house&quot; :FRAME (132 146) :PENN-CATS (PP) :TRIPS-CATS (W::PP)
<   :SCORE 18.307 :UTTNUM 14 :CHANNEL DESKTOP :DIRECTION INPUT)
<  (PREFER &quot;the meadow behind a house&quot; :FRAME (121 146) :PENN-CATS (NP)
<   :TRIPS-CATS (W::NP) :SCORE 33.435 :UTTNUM 14 :CHANNEL DESKTOP :DIRECTION
<   INPUT)
<  (PREFER &quot;in the meadow behind a house&quot; :FRAME (118 146) :PENN-CATS (PP)
<   :TRIPS-CATS (W::PP) :SCORE 36.643 :UTTNUM 14 :CHANNEL DESKTOP :DIRECTION
<   INPUT)
<  (PREFER &quot;standing in the meadow behind a house&quot; :FRAME (109 146) :PENN-CATS
<   (VP) :TRIPS-CATS (W::VP) :SCORE 45.817 :UTTNUM 14 :CHANNEL DESKTOP :DIRECTION
<   INPUT)
<  (PREFER &quot;is standing in the meadow behind a house&quot; :FRAME (106 146) :PENN-CATS
<   (VP) :TRIPS-CATS (W::VP) :SCORE 50.078 :UTTNUM 14 :CHANNEL DESKTOP :DIRECTION
<   INPUT)
<  (WORD &quot;.&quot; :FRAME (147 147) :SENSE-INFO
<   ((:PENN-PARTS-OF-SPEECH (FULL_STOP) :TRIPS-PARTS-OF-SPEECH (W::PUNC)))
<   :UTTNUM 14 :CHANNEL DESKTOP :DIRECTION INPUT)
<  (PREFER
<   &quot;a dark-skinned boy wearing a black Nike cap , a chequered shirt and a red jacket ( that is black inside ) is standing in the meadow behind a house .&quot;
<   :FRAME (0 147) :PENN-CATS (S) :SCORE 218.388 :UTTNUM 14 :CHANNEL DESKTOP
<   :DIRECTION INPUT))</lisp><word lex="and" start="64" end="67"><sense-info penn-parts-of-speech="CC" trips-parts-of-speech="CONJ" /></word><word lex="a" start="68" end="69"><sense-info penn-parts-of-speech="DT" trips-parts-of-speech="ART,QUAN,PRO" /></word><word lex="red" start="70" end="73"><sense-info penn-parts-of-speech="JJ" trips-parts-of-speech="ADJ" /></word><word lex="jacket" start="74" end="80"><sense-info penn-parts-of-speech="NN" trips-parts-of-speech="N" /></word><prefer text="a red jacket" start="68" end="80" penn-cats="NP" score="21.789" /><word lex="(" start="81" end="82"><sense-info penn-parts-of-speech="NN,-LRB-" trips-parts-of-speech="N" /></word><word lex="that" start="83" end="87"><sense-info penn-parts-of-speech="WDT" trips-parts-of-speech="ART" /></word><prefer text="that" start="83" end="87" penn-cats="WHNP" score="1.348" /><word lex="is" start="88" end="90"><sense-info penn-parts-of-speech="VBZ" trips-parts-of-speech="V" /></word><word lex="black" start="91" end="96"><sense-info penn-parts-of-speech="JJ" trips-parts-of-speech="ADJ" /></word><prefer text="black" start="91" end="96" penn-cats="ADJP" score="7.696" /><word lex="inside" start="97" end="103"><sense-info penn-parts-of-speech="IN,RB" trips-parts-of-speech="PREP,ADV" /></word><prefer text="inside" start="97" end="103" penn-cats="ADVP" score="8.385" /><prefer text="is black inside" start="88" end="103" penn-cats="S" score="25.93" /><prefer text="is black inside" start="88" end="103" penn-cats="VP" score="25.656" /><prefer text="that is black inside" start="83" end="103" penn-cats="SBAR" score="29.656" /><word lex=")" start="104" end="105"><sense-info penn-parts-of-speech="CD,-RRB-" trips-parts-of-speech="NUMBER,NUMBER-UNIT" /></word><prefer text="( that is black inside )" start="81" end="105" penn-cats="PRN" score="32.778" /><prefer text="a red jacket ( that is black inside )" start="68" end="105" penn-cats="NP" score="58.86" /><prefer text="a black Nike cap , a chequered shirt and a red jacket ( that is black inside )" start="27" end="105" penn-cats="NP" score="127.396" /><prefer text="wearing a black Nike cap , a chequered shirt and a red jacket ( that is black inside )" start="19" end="105" penn-cats="VP" score="136.956" /><prefer text="a dark-skinned boy wearing a black Nike cap , a chequered shirt and a red jacket ( that is black inside )" start="0" end="105" penn-cats="NP" score="164.397" /><word lex="is" start="106" end="108"><sense-info penn-parts-of-speech="VBZ" trips-parts-of-speech="V" /></word><word lex="standing" start="109" end="117"><sense-info penn-parts-of-speech="VBG" trips-parts-of-speech="V" /></word><word lex="in" start="118" end="120"><sense-info penn-parts-of-speech="IN" trips-parts-of-speech="PREP,ADV" /></word><word lex="standing in" start="109" end="120"><sense-info penn-parts-of-speech="VBG" trips-parts-of-speech="V" wn-sense-keys="stand_in%2:40:00" /></word><word lex="the" start="121" end="124"><sense-info penn-parts-of-speech="DT" trips-parts-of-speech="ART,QUAN,PRO" /></word><word lex="meadow" start="125" end="131"><sense-info penn-parts-of-speech="NN" trips-parts-of-speech="N" /></word><prefer text="the meadow" start="121" end="131" penn-cats="NP" score="14.588" /><word lex="behind" start="132" end="138"><sense-info penn-parts-of-speech="IN" trips-parts-of-speech="PREP,ADV" /></word><word lex="a" start="139" end="140"><sense-info penn-parts-of-speech="DT" trips-parts-of-speech="ART,QUAN,PRO" /></word><word lex="house" start="141" end="146"><sense-info penn-parts-of-speech="NN" trips-parts-of-speech="N" /></word><prefer text="a house" start="139" end="146" penn-cats="NP" score="10.534" /><prefer text="behind a house" start="132" end="146" penn-cats="PP" score="18.307" /><prefer text="the meadow behind a house" start="121" end="146" penn-cats="NP" score="33.435" /><prefer text="in the meadow behind a house" start="118" end="146" penn-cats="PP" score="36.643" /><prefer text="standing in the meadow behind a house" start="109" end="146" penn-cats="VP" score="45.817" /><prefer text="is standing in the meadow behind a house" start="106" end="146" penn-cats="VP" score="50.078" /><word lex="." start="147" end="147"><sense-info penn-parts-of-speech="FULL_STOP" trips-parts-of-speech="PUNC" /></word><prefer text="a dark-skinned boy wearing a black Nike cap , a chequered shirt and a red jacket ( that is black inside ) is standing in the meadow behind a house ." start="0" end="147" penn-cats="S" score="218.388" /></tags><tree><lisp>(UTT (ADVBL (ADV AND))
<  (UTT
<   (S
<    (NP (NP (SPEC (DET (ART A))) (N1 (ADJP (ADJ1 (ADJ RED))) (N1 (N JACKET))))
<     (PARENTHETICAL (PUNC START-PAREN)
<      (UTT
<       (S (NP (PRO THAT))
<        (VP
<         (VP- (V IS)
<          (PRED (ADJP (ADJ1 (ADJ1 (ADJ BLACK)) (ADVBL (ADV INSIDE)))))))))
<      (PUNC END-PAREN)))
<    (VP
<     (VP- (V IS)
<      (NP
<       (N1 (N1 (V STANDING))
<        (ADVBL (ADV IN)
<         (NP (SPEC (DET (ART THE)))
<          (N1 (N1 (N MEADOW))
<           (ADVBL (ADV BEHIND)
<            (NP (SPEC (DET (ART A))) (N1 (N HOUSE))))))))))))))</lisp><UTT><ADVBL><ADV>AND</ADV></ADVBL><UTT><S><NP><NP><SPEC><DET><ART>A</ART></DET></SPEC><N1><ADJP><ADJ1><ADJ>RED</ADJ></ADJ1></ADJP><N1><N>JACKET</N></N1></N1></NP><PARENTHETICAL><PUNC>START-PAREN</PUNC><UTT><S><NP><PRO>THAT</PRO></NP><VP><VP-><V>IS</V><PRED><ADJP><ADJ1><ADJ1><ADJ>BLACK</ADJ></ADJ1><ADVBL><ADV>INSIDE</ADV></ADVBL></ADJ1></ADJP></PRED></VP-></VP></S></UTT><PUNC>END-PAREN</PUNC></PARENTHETICAL></NP><VP><VP-><V>IS</V><NP><N1><N1><V>STANDING</V></N1><ADVBL><ADV>IN</ADV><NP><SPEC><DET><ART>THE</ART></DET></SPEC><N1><N1><N>MEADOW</N></N1><ADVBL><ADV>BEHIND</ADV><NP><SPEC><DET><ART>A</ART></DET></SPEC><N1><N>HOUSE</N></N1></NP></ADVBL></N1></NP></ADVBL></N1></NP></VP-></VP></S></UTT></UTT></tree><terms root="#V98380"><lisp>((ONT::SPEECHACT ONT::V98380 ONT::SA_TELL :CONTENT ONT::V93363 :MOD ONT::V93252
<   :START 64 :END 147)
<  (ONT::F ONT::V93252 (:* ONT::CONJUNCT W::AND) :FIGURE ONT::V98380 :START 64
<   :END 68)
<  (ONT::F ONT::V93363 (:* ONT::BE W::BE) :NEUTRAL ONT::V93308 :NEUTRAL1
<   ONT::V93380 :TENSE W::PRES :START 68 :END 147)
<  (ONT::A ONT::V93308 (:* ONT::ATTIRE W::JACKET) :PARENTHETICAL ONT::V93333 :MOD
<   ONT::V93301 :START 68 :END 106)
<  (ONT::F ONT::V93301 (:* ONT::RED W::RED) :FIGURE ONT::V93308 :SCALE
<   ONT::COLOR-SCALE :START 70 :END 74)
<  (ONT::SPEECHACT ONT::V97429 ONT::SA_TELL :CONTENT ONT::V93333 :START 83 :END
<   104)
<  (ONT::F ONT::V93333 (:* ONT::HAVE-PROPERTY W::BE) :NEUTRAL ONT::V93320 :FORMAL
<   ONT::V93347 :TENSE W::PRES :START 83 :END 104)
<  (ONT::PRO ONT::V93320 (:* ONT::REFERENTIAL-SEM W::THAT) :PROFORM W::THAT
<   :START 83 :END 88 :COREF ONT::V93247)
<  (ONT::F ONT::V93347 (:* ONT::BLACK W::BLACK) :FIGURE ONT::V93320 :SCALE
<   ONT::BLACKNESS*1--07--00 :LOCATION ONT::V93351 :START 91 :END 104)
<  (ONT::F ONT::V93351 (:* ONT::IN-LOC W::INSIDE) :GROUND ONT::V94006 :START 97
<   :END 104)
<  (ONT::IMPRO ONT::V94006 ONT::ANY-SEM :START 97 :END 104 :COREF ONT::V93308)
<  (ONT::BARE ONT::V93380 (:* ONT::BE-AT-LOC W::STAND) :LOCATION ONT::V93389
<   :START 109 :END 147)
<  (ONT::F ONT::V93389 (:* ONT::IN-LOC W::IN) :GROUND ONT::V93458 :FIGURE
<   ONT::V93380 :START 118 :END 147)
<  (ONT::THE ONT::V93458 (:* ONT::GEO-FORMATION W::MEADOW) :LOCATION ONT::V93461
<   :START 121 :END 147)
<  (ONT::F ONT::V93461 (:* ONT::BACK W::BEHIND) :GROUND ONT::V93508 :FIGURE
<   ONT::V93458 :START 132 :END 147)
<  (ONT::A ONT::V93508 (:* ONT::LODGING W::HOUSE) :START 139 :END 147))</lisp><rdf:RDF
<   xmlns:rdf="http://www.w3.org/1999/02/22-rdf-syntax-ns#"
<   xmlns:role="http://www.cs.rochester.edu/research/trips/role#"
<   xmlns:LF="http://www.cs.rochester.edu/research/trips/LF#">
<   <rdf:Description rdf:ID="V98380">
<     <LF:indicator>SPEECHACT</LF:indicator>
<     <LF:type>SA_TELL</LF:type>
<     <role:CONTENT rdf:resource="#V93363" />
<     <role:MOD rdf:resource="#V93252" />
<     <LF:start>64</LF:start>
<     <LF:end>147</LF:end>
<   </rdf:Description>
<   <rdf:Description rdf:ID="V93252">
<     <LF:indicator>F</LF:indicator>
<     <LF:type>CONJUNCT</LF:type>
<     <LF:word>AND</LF:word>
<     <role:FIGURE rdf:resource="#V98380" />
<     <LF:start>64</LF:start>
<     <LF:end>68</LF:end>
<   </rdf:Description>
<   <rdf:Description rdf:ID="V93363">
<     <LF:indicator>F</LF:indicator>
<     <LF:type>BE</LF:type>
<     <LF:word>BE</LF:word>
<     <role:NEUTRAL rdf:resource="#V93308" />
<     <role:NEUTRAL1 rdf:resource="#V93380" />
<     <role:TENSE>PRES</role:TENSE>
<     <LF:start>68</LF:start>
<     <LF:end>147</LF:end>
<   </rdf:Description>
<   <rdf:Description rdf:ID="V93308">
<     <LF:indicator>A</LF:indicator>
<     <LF:type>ATTIRE</LF:type>
<     <LF:word>JACKET</LF:word>
<     <role:PARENTHETICAL rdf:resource="#V93333" />
<     <role:MOD rdf:resource="#V93301" />
<     <LF:start>68</LF:start>
<     <LF:end>106</LF:end>
<   </rdf:Description>
<   <rdf:Description rdf:ID="V93301">
<     <LF:indicator>F</LF:indicator>
<     <LF:type>RED</LF:type>
<     <LF:word>RED</LF:word>
<     <role:FIGURE rdf:resource="#V93308" />
<     <role:SCALE>COLOR-SCALE</role:SCALE>
<     <LF:start>70</LF:start>
<     <LF:end>74</LF:end>
<   </rdf:Description>
<   <rdf:Description rdf:ID="V97429">
<     <LF:indicator>SPEECHACT</LF:indicator>
<     <LF:type>SA_TELL</LF:type>
<     <role:CONTENT rdf:resource="#V93333" />
<     <LF:start>83</LF:start>
<     <LF:end>104</LF:end>
<   </rdf:Description>
<   <rdf:Description rdf:ID="V93333">
<     <LF:indicator>F</LF:indicator>
<     <LF:type>HAVE-PROPERTY</LF:type>
<     <LF:word>BE</LF:word>
<     <role:NEUTRAL rdf:resource="#V93320" />
<     <role:FORMAL rdf:resource="#V93347" />
<     <role:TENSE>PRES</role:TENSE>
<     <LF:start>83</LF:start>
<     <LF:end>104</LF:end>
<   </rdf:Description>
<   <rdf:Description rdf:ID="V93320">
<     <LF:indicator>PRO</LF:indicator>
<     <LF:type>REFERENTIAL-SEM</LF:type>
<     <LF:word>THAT</LF:word>
<     <role:PROFORM>THAT</role:PROFORM>
<     <LF:start>83</LF:start>
<     <LF:end>88</LF:end>
<     <role:COREF rdf:resource="#V93247" />
<   </rdf:Description>
<   <rdf:Description rdf:ID="V93347">
<     <LF:indicator>F</LF:indicator>
<     <LF:type>BLACK</LF:type>
<     <LF:word>BLACK</LF:word>
<     <role:FIGURE rdf:resource="#V93320" />
<     <role:SCALE>BLACKNESS*1--07--00</role:SCALE>
<     <role:LOCATION rdf:resource="#V93351" />
<     <LF:start>91</LF:start>
<     <LF:end>104</LF:end>
<   </rdf:Description>
<   <rdf:Description rdf:ID="V93351">
<     <LF:indicator>F</LF:indicator>
<     <LF:type>IN-LOC</LF:type>
<     <LF:word>INSIDE</LF:word>
<     <role:GROUND rdf:resource="#V94006" />
<     <LF:start>97</LF:start>
<     <LF:end>104</LF:end>
<   </rdf:Description>
<   <rdf:Description rdf:ID="V94006">
<     <LF:indicator>IMPRO</LF:indicator>
<     <LF:type>ANY-SEM</LF:type>
<     <LF:start>97</LF:start>
<     <LF:end>104</LF:end>
<     <role:COREF rdf:resource="#V93308" />
<   </rdf:Description>
<   <rdf:Description rdf:ID="V93380">
<     <LF:indicator>BARE</LF:indicator>
<     <LF:type>BE-AT-LOC</LF:type>
<     <LF:word>STAND</LF:word>
<     <role:LOCATION rdf:resource="#V93389" />
<     <LF:start>109</LF:start>
<     <LF:end>147</LF:end>
<   </rdf:Description>
<   <rdf:Description rdf:ID="V93389">
<     <LF:indicator>F</LF:indicator>
<     <LF:type>IN-LOC</LF:type>
<     <LF:word>IN</LF:word>
<     <role:GROUND rdf:resource="#V93458" />
<     <role:FIGURE rdf:resource="#V93380" />
<     <LF:start>118</LF:start>
<     <LF:end>147</LF:end>
<   </rdf:Description>
<   <rdf:Description rdf:ID="V93458">
<     <LF:indicator>THE</LF:indicator>
<     <LF:type>GEO-FORMATION</LF:type>
<     <LF:word>MEADOW</LF:word>
<     <role:LOCATION rdf:resource="#V93461" />
<     <LF:start>121</LF:start>
<     <LF:end>147</LF:end>
<   </rdf:Description>
<   <rdf:Description rdf:ID="V93461">
<     <LF:indicator>F</LF:indicator>
<     <LF:type>BACK</LF:type>
<     <LF:word>BEHIND</LF:word>
<     <role:GROUND rdf:resource="#V93508" />
<     <role:FIGURE rdf:resource="#V93458" />
<     <LF:start>132</LF:start>
<     <LF:end>147</LF:end>
<   </rdf:Description>
<   <rdf:Description rdf:ID="V93508">
<     <LF:indicator>A</LF:indicator>
<     <LF:type>LODGING</LF:type>
<     <LF:word>HOUSE</LF:word>
<     <LF:start>139</LF:start>
<     <LF:end>147</LF:end>
<   </rdf:Description>
< </rdf:RDF>
< </terms></utt></compound-communication-act>
< </trips-parser-output>
\ No newline at end of file
---
> <SpRL>
>  <SCENE>
>   <SENTENCE id="s1" indicator="A" type="MALE-CHILD" text="BOY" start="0" end="46">
>    <TEXT>a dark-skinned boy wearing a black Nike cap , a</TEXT>
>    <RELATION id="1" head="V93112" res="V93118" label="MOD"/>
>    <RELATION id="2" head="V93112" res="V93097" label="MOD"/>
>    <PHRASE id="V93097" indicator="F" type="MOVE" text="SKINNED" start="2" end="15"/>
>    <RELATION id="3" head="V93097" res="V93086" label="AGENT"/>
>    <RELATION id="4" head="V93097" res="V93112" label="AFFECTED"/>
>    <PHRASE id="V93086" indicator="KIND" type="LIGHT" text="DARK" start="2" end="15"/>
>    <PHRASE id="V93118" indicator="F" type="WEAR" text="WEAR" VFORM="ING" start="19" end="46"/>
>    <RELATION id="5" head="V93118" res="V93112" label="AGENT"/>
>    <RELATION id="6" head="V93118" res="V93173" label="NEUTRAL"/>
>    <PHRASE id="V93173" indicator="A" type="ATTIRE" text="CAP" start="27" end="46"/>
>    <RELATION id="7" head="V93173" res="V93170" label="ASSOC-WITH"/>
>    <RELATION id="8" head="V93173" res="V93165" label="MOD"/>
>    <PHRASE id="V93170" indicator="KIND" type="REFERENTIAL-SEM" text="NIKE" start="27" end="46"/>
>    <PHRASE id="V93165" indicator="F" type="BLACK" text="BLACK" SCALE="BLACKNESS*1--07--00" start="29" end="35"/>
>    <RELATION id="9" head="V93165" res="V93173" label="FIGURE"/>
>   </SENTENCE>
>   <SENTENCE id="s2" indicator="SPEECHACT" type="SA_TELL" start="46" end="64">
>    <TEXT>a chequered shirt a</TEXT>
>    <RELATION id="10" head="V97101" res="V93226" label="CONTENT"/>
>    <PHRASE id="V93226" indicator="F" type="ENCODES-MESSAGE" text="CHEQUERED" TENSE="PAST" start="46" end="64"/>
>    <RELATION id="11" head="V93226" res="V93198" label="NEUTRAL"/>
>    <RELATION id="12" head="V93226" res="V93247" label="NEUTRAL1"/>
>    <PHRASE id="V93198" indicator="THE" type="LETTER-SYMBOL" NAME-OF="(A)" start="46" end="48"/>
>    <PHRASE id="V93247" indicator="BARE" type="ATTIRE" text="SHIRT" start="58" end="64"/>
>   </SENTENCE>
>   <SENTENCE id="s3" indicator="SPEECHACT" type="SA_TELL" start="64" end="147">
>    <TEXT>and a red jacket ( that is black inside ) is standing in the meadow behind a house .</TEXT>
>    <RELATION id="13" head="V98380" res="V93363" label="CONTENT"/>
>    <RELATION id="14" head="V98380" res="V93252" label="MOD"/>
>    <PHRASE id="V93252" indicator="F" type="CONJUNCT" text="AND" start="64" end="68"/>
>    <RELATION id="15" head="V93252" res="V98380" label="FIGURE"/>
>    <PHRASE id="V93363" indicator="F" type="BE" text="BE" TENSE="PRES" start="68" end="147"/>
>    <RELATION id="16" head="V93363" res="V93308" label="NEUTRAL"/>
>    <RELATION id="17" head="V93363" res="V93380" label="NEUTRAL1"/>
>    <PHRASE id="V93308" indicator="A" type="ATTIRE" text="JACKET" start="68" end="106"/>
>    <RELATION id="18" head="V93308" res="V93333" label="PARENTHETICAL"/>
>    <RELATION id="19" head="V93308" res="V93301" label="MOD"/>
>    <PHRASE id="V93301" indicator="F" type="RED" text="RED" SCALE="COLOR-SCALE" start="70" end="74"/>
>    <RELATION id="20" head="V93301" res="V93308" label="FIGURE"/>
>    <PHRASE id="V97429" indicator="SPEECHACT" type="SA_TELL" start="83" end="104"/>
>    <RELATION id="21" head="V97429" res="V93333" label="CONTENT"/>
>    <PHRASE id="V93333" indicator="F" type="HAVE-PROPERTY" text="BE" TENSE="PRES" start="83" end="104"/>
>    <RELATION id="22" head="V93333" res="V93320" label="NEUTRAL"/>
>    <RELATION id="23" head="V93333" res="V93347" label="FORMAL"/>
>    <PHRASE id="V93320" indicator="PRO" type="REFERENTIAL-SEM" text="THAT" PROFORM="THAT" start="83" end="88"/>
>    <RELATION id="24" head="V93320" res="V93247" label="COREF"/>
>    <PHRASE id="V93347" indicator="F" type="BLACK" text="BLACK" SCALE="BLACKNESS*1--07--00" start="91" end="104"/>
>    <RELATION id="25" head="V93347" res="V93320" label="FIGURE"/>
>    <RELATION id="26" head="V93347" res="V93351" label="LOCATION"/>
>    <PHRASE id="V93351" indicator="F" type="IN-LOC" text="INSIDE" start="97" end="104"/>
>    <RELATION id="27" head="V93351" res="V94006" label="GROUND"/>
>    <PHRASE id="V94006" indicator="IMPRO" type="ANY-SEM" start="97" end="104"/>
>    <RELATION id="28" head="V94006" res="V93308" label="COREF"/>
>    <PHRASE id="V93380" indicator="BARE" type="BE-AT-LOC" text="STAND" start="109" end="147"/>
>    <RELATION id="29" head="V93380" res="V93389" label="LOCATION"/>
>    <PHRASE id="V93389" indicator="F" type="IN-LOC" text="IN" start="118" end="147"/>
>    <RELATION id="30" head="V93389" res="V93458" label="GROUND"/>
>    <RELATION id="31" head="V93389" res="V93380" label="FIGURE"/>
>    <PHRASE id="V93458" indicator="THE" type="GEO-FORMATION" text="MEADOW" start="121" end="147"/>
>    <RELATION id="32" head="V93458" res="V93461" label="LOCATION"/>
>    <PHRASE id="V93461" indicator="F" type="BACK" text="BEHIND" start="132" end="147"/>
>    <RELATION id="33" head="V93461" res="V93508" label="GROUND"/>
>    <RELATION id="34" head="V93461" res="V93458" label="FIGURE"/>
>    <PHRASE id="V93508" indicator="A" type="LODGING" text="HOUSE" start="139" end="147"/>
>   </SENTENCE>
>  </SCENE>
> </SpRL>
