2,276c2,31
< <?xml-stylesheet type="text/xsl" href="../style/parser-interface.xsl"?>
< <!DOCTYPE trips-parser-output SYSTEM "../trips-parser-output.dtd">
< <trips-parser-output parser-build-date="2017-09-20T12:11:02-0500" system="STEP" extsformat="svg" tagsformat="hidden" treecontents="phrase" treeformat="LinGO" lfformat="svg" semantic-skeleton-scoring="T" rule-sets="" input="a white painted house with a thatched roof and a wooden fence in the background .
< ">
< <debug>
< 
<  FOUNDS SEQUENCE from constit (% W::NP (W::BARE-SEQUENCE -) (W::CONSTRAINT -)
<                                  (W::MASS W::BARE) (W::GENERATED +)
<                                  (W::POSTADVBL +)
<                                  (W::SEM ?8607:(?69773:(F::PHYS-OBJ
<                                                         F::ABSTR-OBJ) NIL))
<                                  (W::LF (% W::DESCRIPTION (W::STATUS ONT::DEFINITE)
<                                            (W::VAR V265375)
<                                            (W::SORT W::INDIVIDUAL)
<                                            (W::LEX (W::A))
<                                            (W::CLASS ONT::SEQUENCE)
<                                            (W::CONSTRAINT (% &amp; (W::NAME-OF (W::A))
<                                                              (W::VAL (W::A))))
<                                            (W::LEX W::A) (W::SEM ?69771)
<                                            (W::TRANSFORM ?69772)))
<                                  (W::CASE ?69770:(W::SUB W::OBJ -))
<                                  (W::AGR ?69769) (W::CLASS ONT::ANY-SEM)
<                                  (W::VAR V265375) (W::SORT W::PRED) (W::NAME -)
<                                  (W::PRO -) (W::CHANGEAGR -) (W::LEX W::A)
<                                  (W::HEADCAT W::VALUE) (W::TRANSFORM -)
<                                  (W::REFL -) (1 RNUMBER265536))
< 
<  FOUNDS SEQUENCE from constit (% W::NP (W::BARE-SEQUENCE -) (W::CONSTRAINT -)
<                                  (W::MASS W::BARE) (W::GENERATED +)
<                                  (W::POSTADVBL +)
<                                  (W::SEM ?8607:(?70121:(F::PHYS-OBJ
<                                                         F::ABSTR-OBJ) NIL))
<                                  (W::LF (% W::DESCRIPTION (W::STATUS ONT::DEFINITE)
<                                            (W::VAR V265378)
<                                            (W::SORT W::INDIVIDUAL)
<                                            (W::LEX (W::A))
<                                            (W::CLASS ONT::SEQUENCE)
<                                            (W::CONSTRAINT (% &amp; (W::NAME-OF (W::A))
<                                                              (W::VAL (W::A))))
<                                            (W::LEX W::A) (W::SEM ?70119)
<                                            (W::TRANSFORM ?70120)))
<                                  (W::CASE ?70118:(W::SUB W::OBJ -))
<                                  (W::AGR ?70117) (W::CLASS ONT::ANY-SEM)
<                                  (W::VAR V265378) (W::SORT W::PRED) (W::NAME -)
<                                  (W::PRO -) (W::CHANGEAGR -) (W::LEX W::A)
<                                  (W::HEADCAT W::VALUE) (W::TRANSFORM -)
<                                  (W::REFL -) (1 RNUMBER265538))
< 
<  FOUNDS SEQUENCE from constit (% W::NP (W::BARE-SEQUENCE -) (W::CONSTRAINT -)
<                                  (W::MASS W::BARE) (W::GENERATED +)
<                                  (W::POSTADVBL +)
<                                  (W::SEM ?8607:(?70451:(F::PHYS-OBJ
<                                                         F::ABSTR-OBJ) NIL))
<                                  (W::LF (% W::DESCRIPTION (W::STATUS ONT::DEFINITE)
<                                            (W::VAR V265381)
<                                            (W::SORT W::INDIVIDUAL)
<                                            (W::LEX (W::A))
<                                            (W::CLASS ONT::SEQUENCE)
<                                            (W::CONSTRAINT (% &amp; (W::NAME-OF (W::A))
<                                                              (W::VAL (W::A))))
<                                            (W::LEX W::A) (W::SEM ?70449)
<                                            (W::TRANSFORM ?70450)))
<                                  (W::CASE ?70448:(W::SUB W::OBJ -))
<                                  (W::AGR ?70447) (W::CLASS ONT::ANY-SEM)
<                                  (W::VAR V265381) (W::SORT W::PRED) (W::NAME -)
<                                  (W::PRO -) (W::CHANGEAGR -) (W::LEX W::A)
<                                  (W::HEADCAT W::VALUE) (W::TRANSFORM -)
<                                  (W::REFL -) (1 RNUMBER265540))
< *last-utt-id*=NIL  utt-id+43
< *last-utt-id*=43  utt-id+NIL</debug><utt><words><lisp>(W::A W::WHITE W::PAINTED W::HOUSE W::WITH W::A W::THATCHED W::ROOF W::AND W::A
<  W::WOODEN W::FENCE W::IN W::THE W::BACKGROUND W::PUNC-PERIOD)</lisp><word>A</word><word>WHITE</word><word>PAINTED</word><word>HOUSE</word><word>WITH</word><word>A</word><word>THATCHED</word><word>ROOF</word><word>AND</word><word>A</word><word>WOODEN</word><word>FENCE</word><word>IN</word><word>THE</word><word>BACKGROUND</word><word>PUNC-PERIOD</word></words><tags><lisp>((WORD &quot;a&quot; :FRAME (0 1) :SENSE-INFO
<   ((:PENN-PARTS-OF-SPEECH (DT) :TRIPS-PARTS-OF-SPEECH (W::ART W::QUAN W::PRO)))
<   :UTTNUM 43 :CHANNEL DESKTOP :DIRECTION INPUT)
<  (WORD &quot;white&quot; :FRAME (2 7) :SENSE-INFO
<   ((:PENN-PARTS-OF-SPEECH (NN JJ) :TRIPS-PARTS-OF-SPEECH (W::N W::ADJ)))
<   :UTTNUM 43 :CHANNEL DESKTOP :DIRECTION INPUT)
<  (WORD &quot;painted&quot; :FRAME (8 15) :SENSE-INFO
<   ((:PENN-PARTS-OF-SPEECH (VBN) :TRIPS-PARTS-OF-SPEECH (W::V))) :UTTNUM 43
<   :CHANNEL DESKTOP :DIRECTION INPUT)
<  (WORD &quot;house&quot; :FRAME (16 21) :SENSE-INFO
<   ((:PENN-PARTS-OF-SPEECH (NN) :TRIPS-PARTS-OF-SPEECH (W::N))) :UTTNUM 43
<   :CHANNEL DESKTOP :DIRECTION INPUT)
<  (PREFER &quot;a white painted house&quot; :FRAME (0 21) :PENN-CATS (NP) :TRIPS-CATS
<   (W::NP) :SCORE 27.708 :UTTNUM 43 :CHANNEL DESKTOP :DIRECTION INPUT)
<  (WORD &quot;with&quot; :FRAME (22 26) :SENSE-INFO
<   ((:PENN-PARTS-OF-SPEECH (IN) :TRIPS-PARTS-OF-SPEECH (W::PREP W::ADV)))
<   :UTTNUM 43 :CHANNEL DESKTOP :DIRECTION INPUT)
<  (WORD &quot;a&quot; :FRAME (27 28) :SENSE-INFO
<   ((:PENN-PARTS-OF-SPEECH (DT) :TRIPS-PARTS-OF-SPEECH (W::ART W::QUAN W::PRO)))
<   :UTTNUM 43 :CHANNEL DESKTOP :DIRECTION INPUT)
<  (WORD &quot;thatched&quot; :FRAME (29 37) :SENSE-INFO
<   ((:PENN-PARTS-OF-SPEECH (VBN JJ) :TRIPS-PARTS-OF-SPEECH (W::V W::ADJ)))
<   :UTTNUM 43 :CHANNEL DESKTOP :DIRECTION INPUT)
<  (WORD &quot;roof&quot; :FRAME (38 42) :SENSE-INFO
<   ((:PENN-PARTS-OF-SPEECH (NN) :TRIPS-PARTS-OF-SPEECH (W::N))) :UTTNUM 43
<   :CHANNEL DESKTOP :DIRECTION INPUT)
<  (WORD &quot;thatched roof&quot; :FRAME (29 42) :SENSE-INFO
<   ((:PENN-PARTS-OF-SPEECH (NN) :TRIPS-PARTS-OF-SPEECH (W::N) :WN-SENSE-KEYS
<     (&quot;thatched_roof%1:06:00&quot;)))
<   :UTTNUM 43 :CHANNEL DESKTOP :DIRECTION INPUT)
<  (PREFER &quot;a thatched roof&quot; :FRAME (27 42) :PENN-CATS (NP) :TRIPS-CATS (W::NP)
<   :SCORE 27.758 :UTTNUM 43 :CHANNEL DESKTOP :DIRECTION INPUT)
<  (WORD &quot;and&quot; :FRAME (43 46) :SENSE-INFO
<   ((:PENN-PARTS-OF-SPEECH (CC) :TRIPS-PARTS-OF-SPEECH (W::CONJ))) :UTTNUM 43
<   :CHANNEL DESKTOP :DIRECTION INPUT)
<  (WORD &quot;a&quot; :FRAME (47 48) :SENSE-INFO
<   ((:PENN-PARTS-OF-SPEECH (DT) :TRIPS-PARTS-OF-SPEECH (W::ART W::QUAN W::PRO)))
<   :UTTNUM 43 :CHANNEL DESKTOP :DIRECTION INPUT)
<  (WORD &quot;wooden&quot; :FRAME (49 55) :SENSE-INFO
<   ((:PENN-PARTS-OF-SPEECH (JJ) :TRIPS-PARTS-OF-SPEECH (W::ADJ))) :UTTNUM 43
<   :CHANNEL DESKTOP :DIRECTION INPUT)
<  (WORD &quot;fence&quot; :FRAME (56 61) :SENSE-INFO
<   ((:PENN-PARTS-OF-SPEECH (NN) :TRIPS-PARTS-OF-SPEECH (W::N))) :UTTNUM 43
<   :CHANNEL DESKTOP :DIRECTION INPUT)
<  (PREFER &quot;a wooden fence&quot; :FRAME (47 61) :PENN-CATS (NP) :TRIPS-CATS (W::NP)
<   :SCORE 23.696 :UTTNUM 43 :CHANNEL DESKTOP :DIRECTION INPUT)
<  (WORD &quot;in&quot; :FRAME (62 64) :SENSE-INFO
<   ((:PENN-PARTS-OF-SPEECH (IN) :TRIPS-PARTS-OF-SPEECH (W::PREP W::ADV)))
<   :UTTNUM 43 :CHANNEL DESKTOP :DIRECTION INPUT)
<  (WORD &quot;fence in&quot; :FRAME (56 64) :SENSE-INFO
<   ((:PENN-PARTS-OF-SPEECH (VB) :TRIPS-PARTS-OF-SPEECH (W::V) :WN-SENSE-KEYS
<     (&quot;fence_in%2:33:00&quot; &quot;fence_in%2:35:00&quot;)))
<   :UTTNUM 43 :CHANNEL DESKTOP :DIRECTION INPUT)
<  (WORD &quot;the&quot; :FRAME (65 68) :SENSE-INFO
<   ((:PENN-PARTS-OF-SPEECH (DT) :TRIPS-PARTS-OF-SPEECH (W::ART W::QUAN W::PRO)))
<   :UTTNUM 43 :CHANNEL DESKTOP :DIRECTION INPUT)
<  (WORD &quot;background&quot; :FRAME (69 79) :SENSE-INFO
<   ((:PENN-PARTS-OF-SPEECH (NN) :TRIPS-PARTS-OF-SPEECH (W::N))) :UTTNUM 43
<   :CHANNEL DESKTOP :DIRECTION INPUT)
<  (PREFER &quot;the background&quot; :FRAME (65 79) :PENN-CATS (NP) :TRIPS-CATS (W::NP)
<   :SCORE 11.972 :UTTNUM 43 :CHANNEL DESKTOP :DIRECTION INPUT)
<  (PREFER &quot;in the background&quot; :FRAME (62 79) :PENN-CATS (PP) :TRIPS-CATS (W::PP)
<   :SCORE 14.224 :UTTNUM 43 :CHANNEL DESKTOP :DIRECTION INPUT)
<  (PREFER &quot;a wooden fence in the background&quot; :FRAME (47 79) :PENN-CATS (NP)
<   :TRIPS-CATS (W::NP) :SCORE 38.581 :UTTNUM 43 :CHANNEL DESKTOP :DIRECTION
<   INPUT)
<  (PREFER &quot;a thatched roof and a wooden fence in the background&quot; :FRAME (27 79)
<   :PENN-CATS (NP) :TRIPS-CATS (W::NP) :SCORE 71.071 :UTTNUM 43 :CHANNEL DESKTOP
<   :DIRECTION INPUT)
<  (PREFER &quot;with a thatched roof and a wooden fence in the background&quot; :FRAME
<   (22 79) :PENN-CATS (PP) :TRIPS-CATS (W::PP) :SCORE 76.216 :UTTNUM 43 :CHANNEL
<   DESKTOP :DIRECTION INPUT)
<  (WORD &quot;.&quot; :FRAME (80 80) :SENSE-INFO
<   ((:PENN-PARTS-OF-SPEECH (FULL_STOP) :TRIPS-PARTS-OF-SPEECH (W::PUNC)))
<   :UTTNUM 43 :CHANNEL DESKTOP :DIRECTION INPUT)
<  (PREFER
<   &quot;a white painted house with a thatched roof and a wooden fence in the background .&quot;
<   :FRAME (0 80) :PENN-CATS (NP) :TRIPS-CATS (W::NP) :SCORE 108.715 :UTTNUM 43
<   :CHANNEL DESKTOP :DIRECTION INPUT))</lisp><word lex="a" start="0" end="1"><sense-info penn-parts-of-speech="DT" trips-parts-of-speech="ART,QUAN,PRO" /></word><word lex="white" start="2" end="7"><sense-info penn-parts-of-speech="NN,JJ" trips-parts-of-speech="N,ADJ" /></word><word lex="painted" start="8" end="15"><sense-info penn-parts-of-speech="VBN" trips-parts-of-speech="V" /></word><word lex="house" start="16" end="21"><sense-info penn-parts-of-speech="NN" trips-parts-of-speech="N" /></word><prefer text="a white painted house" start="0" end="21" penn-cats="NP" score="27.708" /><word lex="with" start="22" end="26"><sense-info penn-parts-of-speech="IN" trips-parts-of-speech="PREP,ADV" /></word><word lex="a" start="27" end="28"><sense-info penn-parts-of-speech="DT" trips-parts-of-speech="ART,QUAN,PRO" /></word><word lex="thatched" start="29" end="37"><sense-info penn-parts-of-speech="VBN,JJ" trips-parts-of-speech="V,ADJ" /></word><word lex="roof" start="38" end="42"><sense-info penn-parts-of-speech="NN" trips-parts-of-speech="N" /></word><word lex="thatched roof" start="29" end="42"><sense-info penn-parts-of-speech="NN" trips-parts-of-speech="N" wn-sense-keys="thatched_roof%1:06:00" /></word><prefer text="a thatched roof" start="27" end="42" penn-cats="NP" score="27.758" /><word lex="and" start="43" end="46"><sense-info penn-parts-of-speech="CC" trips-parts-of-speech="CONJ" /></word><word lex="a" start="47" end="48"><sense-info penn-parts-of-speech="DT" trips-parts-of-speech="ART,QUAN,PRO" /></word><word lex="wooden" start="49" end="55"><sense-info penn-parts-of-speech="JJ" trips-parts-of-speech="ADJ" /></word><word lex="fence" start="56" end="61"><sense-info penn-parts-of-speech="NN" trips-parts-of-speech="N" /></word><prefer text="a wooden fence" start="47" end="61" penn-cats="NP" score="23.696" /><word lex="in" start="62" end="64"><sense-info penn-parts-of-speech="IN" trips-parts-of-speech="PREP,ADV" /></word><word lex="fence in" start="56" end="64"><sense-info penn-parts-of-speech="VB" trips-parts-of-speech="V" wn-sense-keys="fence_in%2:33:00,fence_in%2:35:00" /></word><word lex="the" start="65" end="68"><sense-info penn-parts-of-speech="DT" trips-parts-of-speech="ART,QUAN,PRO" /></word><word lex="background" start="69" end="79"><sense-info penn-parts-of-speech="NN" trips-parts-of-speech="N" /></word><prefer text="the background" start="65" end="79" penn-cats="NP" score="11.972" /><prefer text="in the background" start="62" end="79" penn-cats="PP" score="14.224" /><prefer text="a wooden fence in the background" start="47" end="79" penn-cats="NP" score="38.581" /><prefer text="a thatched roof and a wooden fence in the background" start="27" end="79" penn-cats="NP" score="71.071" /><prefer text="with a thatched roof and a wooden fence in the background" start="22" end="79" penn-cats="PP" score="76.216" /><word lex="." start="80" end="80"><sense-info penn-parts-of-speech="FULL_STOP" trips-parts-of-speech="PUNC" /></word><prefer text="a white painted house with a thatched roof and a wooden fence in the background ." start="0" end="80" penn-cats="NP" score="108.715" /></tags><tree><lisp>(UTT
<  (UTT
<   (S (NP (SPEC (DET (ART A))) (N1 (N WHITE)))
<    (VP
<     (VP- (VP- (V PAINTED) (NP (N1 (N HOUSE))))
<      (ADVBL (ADV WITH)
<       (NP (NP (SPEC (DET (ART A))) (N1 (N THATCHED ROOF))) (CONJ AND)
<        (NP (SPEC (DET (ART A)))
<         (N1 (N1 (ADJP (ADJ1 (ADJ WOODEN))) (N1 (N FENCE)))
<          (ADVBL (ADV IN)
<           (NP (SPEC (DET (ART THE))) (N1 (N BACKGROUND))))))))))))
<  (PUNC PUNC-PERIOD))</lisp><UTT><UTT><S><NP><SPEC><DET><ART>A</ART></DET></SPEC><N1><N>WHITE</N></N1></NP><VP><VP-><VP-><V>PAINTED</V><NP><N1><N>HOUSE</N></N1></NP></VP-><ADVBL><ADV>WITH</ADV><NP><NP><SPEC><DET><ART>A</ART></DET></SPEC><N1><N>THATCHED ROOF</N></N1></NP><CONJ>AND</CONJ><NP><SPEC><DET><ART>A</ART></DET></SPEC><N1><N1><ADJP><ADJ1><ADJ>WOODEN</ADJ></ADJ1></ADJP><N1><N>FENCE</N></N1></N1><ADVBL><ADV>IN</ADV><NP><SPEC><DET><ART>THE</ART></DET></SPEC><N1><N>BACKGROUND</N></N1></NP></ADVBL></N1></NP></NP></ADVBL></VP-></VP></S></UTT><PUNC>PUNC-PERIOD</PUNC></UTT></tree><terms root="#V265564"><lisp>((ONT::SPEECHACT ONT::V265564 ONT::SA_TELL :PUNCTYPE W::DECL :CONTENT
<   ONT::V263822 :START 0 :END 80)
<  (ONT::F ONT::V263822 (:* ONT::COLORING W::PAINT) :AGENT ONT::V263813 :AFFECTED
<   ONT::V263828 :METHOD ONT::V263836 :TENSE W::PAST :START 0 :END 80)
<  (ONT::A ONT::V263813 (:* ONT::PERSON W::WHITE) :START 0 :END 8)
<  (ONT::BARE ONT::V263828 (:* ONT::LODGING W::HOUSE) :START 16 :END 22)
<  (ONT::F ONT::V263836 (:* ONT::WITH-INSTRUMENT W::WITH) :GROUND ONT::V263903
<   :FIGURE ONT::V263822 :START 22 :END 80)
<  (ONT::INDEF-SET ONT::V263903 ONT::GENERAL-STRUCTURE :OPERATOR ONT::AND
<   :SEQUENCE (ONT::V263899 ONT::V263963) :START 27 :END 80)
<  (ONT::A ONT::V263899 (:* ONT::STRUCTURE-EXTERNAL-COMPONENT W::THATCHED-ROOF)
<   :START 27 :END 43 :WNSENSE &quot;thatched_roof%1:06:00&quot;)
<  (ONT::A ONT::V263963 (:* ONT::GENERAL-STRUCTURE W::FENCE) :LOCATION
<   ONT::V263971 :MOD ONT::V263954 :START 47 :END 80)
<  (ONT::F ONT::V263954 (:* ONT::AWKWARD-VAL W::WOODEN) :FIGURE ONT::V263963
<   :START 49 :END 56)
<  (ONT::F ONT::V263971 (:* ONT::IN-LOC W::IN) :GROUND ONT::V264042 :FIGURE
<   ONT::V263963 :START 62 :END 80)
<  (ONT::THE ONT::V264042 (:* ONT::IMAGE W::BACKGROUND) :START 65 :END 80))</lisp><rdf:RDF
<   xmlns:rdf="http://www.w3.org/1999/02/22-rdf-syntax-ns#"
<   xmlns:role="http://www.cs.rochester.edu/research/trips/role#"
<   xmlns:LF="http://www.cs.rochester.edu/research/trips/LF#">
<   <rdf:Description rdf:ID="V265564">
<     <LF:indicator>SPEECHACT</LF:indicator>
<     <LF:type>SA_TELL</LF:type>
<     <role:PUNCTYPE>DECL</role:PUNCTYPE>
<     <role:CONTENT rdf:resource="#V263822" />
<     <LF:start>0</LF:start>
<     <LF:end>80</LF:end>
<   </rdf:Description>
<   <rdf:Description rdf:ID="V263822">
<     <LF:indicator>F</LF:indicator>
<     <LF:type>COLORING</LF:type>
<     <LF:word>PAINT</LF:word>
<     <role:AGENT rdf:resource="#V263813" />
<     <role:AFFECTED rdf:resource="#V263828" />
<     <role:METHOD rdf:resource="#V263836" />
<     <role:TENSE>PAST</role:TENSE>
<     <LF:start>0</LF:start>
<     <LF:end>80</LF:end>
<   </rdf:Description>
<   <rdf:Description rdf:ID="V263813">
<     <LF:indicator>A</LF:indicator>
<     <LF:type>PERSON</LF:type>
<     <LF:word>WHITE</LF:word>
<     <LF:start>0</LF:start>
<     <LF:end>8</LF:end>
<   </rdf:Description>
<   <rdf:Description rdf:ID="V263828">
<     <LF:indicator>BARE</LF:indicator>
<     <LF:type>LODGING</LF:type>
<     <LF:word>HOUSE</LF:word>
<     <LF:start>16</LF:start>
<     <LF:end>22</LF:end>
<   </rdf:Description>
<   <rdf:Description rdf:ID="V263836">
<     <LF:indicator>F</LF:indicator>
<     <LF:type>WITH-INSTRUMENT</LF:type>
<     <LF:word>WITH</LF:word>
<     <role:GROUND rdf:resource="#V263903" />
<     <role:FIGURE rdf:resource="#V263822" />
<     <LF:start>22</LF:start>
<     <LF:end>80</LF:end>
<   </rdf:Description>
<   <rdf:Description rdf:ID="V263903">
<     <LF:indicator>INDEF-SET</LF:indicator>
<     <LF:type>GENERAL-STRUCTURE</LF:type>
<     <role:OPERATOR>AND</role:OPERATOR>
<     <role:SEQUENCE rdf:resource="#V263899" />
<     <role:SEQUENCE1 rdf:resource="#V263963" />
<     <LF:start>27</LF:start>
<     <LF:end>80</LF:end>
<   </rdf:Description>
<   <rdf:Description rdf:ID="V263899">
<     <LF:indicator>A</LF:indicator>
<     <LF:type>STRUCTURE-EXTERNAL-COMPONENT</LF:type>
<     <LF:word>THATCHED-ROOF</LF:word>
<     <LF:start>27</LF:start>
<     <LF:end>43</LF:end>
<     <role:WNSENSE>thatched_roof%1:06:00</role:WNSENSE>
<   </rdf:Description>
<   <rdf:Description rdf:ID="V263963">
<     <LF:indicator>A</LF:indicator>
<     <LF:type>GENERAL-STRUCTURE</LF:type>
<     <LF:word>FENCE</LF:word>
<     <role:LOCATION rdf:resource="#V263971" />
<     <role:MOD rdf:resource="#V263954" />
<     <LF:start>47</LF:start>
<     <LF:end>80</LF:end>
<   </rdf:Description>
<   <rdf:Description rdf:ID="V263954">
<     <LF:indicator>F</LF:indicator>
<     <LF:type>AWKWARD-VAL</LF:type>
<     <LF:word>WOODEN</LF:word>
<     <role:FIGURE rdf:resource="#V263963" />
<     <LF:start>49</LF:start>
<     <LF:end>56</LF:end>
<   </rdf:Description>
<   <rdf:Description rdf:ID="V263971">
<     <LF:indicator>F</LF:indicator>
<     <LF:type>IN-LOC</LF:type>
<     <LF:word>IN</LF:word>
<     <role:GROUND rdf:resource="#V264042" />
<     <role:FIGURE rdf:resource="#V263963" />
<     <LF:start>62</LF:start>
<     <LF:end>80</LF:end>
<   </rdf:Description>
<   <rdf:Description rdf:ID="V264042">
<     <LF:indicator>THE</LF:indicator>
<     <LF:type>IMAGE</LF:type>
<     <LF:word>BACKGROUND</LF:word>
<     <LF:start>65</LF:start>
<     <LF:end>80</LF:end>
<   </rdf:Description>
< </rdf:RDF>
< </terms></utt></trips-parser-output>
\ No newline at end of file
---
> <SpRL>
>  <SCENE>
>   <SENTENCE id="s1" indicator="SPEECHACT" type="SA_TELL" PUNCTYPE="DECL" start="0" end="80">
>    <TEXT>a white painted house with a thatched roof and a wooden fence in the background .</TEXT>
>    <RELATION id="1" head="V265564" res="V263822" label="CONTENT"/>
>    <PHRASE id="V263822" indicator="F" type="COLORING" text="PAINT" TENSE="PAST" start="0" end="80"/>
>    <RELATION id="2" head="V263822" res="V263813" label="AGENT"/>
>    <RELATION id="3" head="V263822" res="V263828" label="AFFECTED"/>
>    <RELATION id="4" head="V263822" res="V263836" label="METHOD"/>
>    <PHRASE id="V263813" indicator="A" type="PERSON" text="WHITE" start="0" end="8"/>
>    <PHRASE id="V263828" indicator="BARE" type="LODGING" text="HOUSE" start="16" end="22"/>
>    <PHRASE id="V263836" indicator="F" type="WITH-INSTRUMENT" text="WITH" start="22" end="80"/>
>    <RELATION id="5" head="V263836" res="V263903" label="GROUND"/>
>    <RELATION id="6" head="V263836" res="V263822" label="FIGURE"/>
>    <PHRASE id="V263903" indicator="INDEF-SET" type="GENERAL-STRUCTURE" OPERATOR="AND" start="27" end="80"/>
>    <RELATION id="7" head="V263903" res="V263899" label="SEQUENCE"/>
>    <RELATION id="8" head="V263903" res="V263963" label="SEQUENCE1"/>
>    <PHRASE id="V263899" indicator="A" type="STRUCTURE-EXTERNAL-COMPONENT" text="THATCHED-ROOF" start="27" end="43" WNSENSE="thatched_roof%1:06:00"/>
>    <PHRASE id="V263963" indicator="A" type="GENERAL-STRUCTURE" text="FENCE" start="47" end="80"/>
>    <RELATION id="9" head="V263963" res="V263971" label="LOCATION"/>
>    <RELATION id="10" head="V263963" res="V263954" label="MOD"/>
>    <PHRASE id="V263954" indicator="F" type="AWKWARD-VAL" text="WOODEN" start="49" end="56"/>
>    <RELATION id="11" head="V263954" res="V263963" label="FIGURE"/>
>    <PHRASE id="V263971" indicator="F" type="IN-LOC" text="IN" start="62" end="80"/>
>    <RELATION id="12" head="V263971" res="V264042" label="GROUND"/>
>    <RELATION id="13" head="V263971" res="V263963" label="FIGURE"/>
>    <PHRASE id="V264042" indicator="THE" type="IMAGE" text="BACKGROUND" start="65" end="80"/>
>   </SENTENCE>
>  </SCENE>
> </SpRL>
