2,369c2,62
< <?xml-stylesheet type="text/xsl" href="../style/parser-interface.xsl"?>
< <!DOCTYPE trips-parser-output SYSTEM "../trips-parser-output.dtd">
< <trips-parser-output parser-build-date="2017-09-20T12:11:02-0500" system="STEP" extsformat="svg" tagsformat="hidden" treecontents="phrase" treeformat="LinGO" lfformat="svg" semantic-skeleton-scoring="T" rule-sets="" input="a dark-skinned girl with two long and dark pigtails wearing a beige hat and a black and white jumper sitting outside .
< ">
< <debug>
< *last-utt-id*=NIL  utt-id+19
< *last-utt-id*=19  utt-id+19
< *last-utt-id*=19  utt-id+19
< *last-utt-id*=19  utt-id+19
< *last-utt-id*=19  utt-id+19
< *last-utt-id*=19  utt-id+19
< *last-utt-id*=19  utt-id+NIL</debug><compound-communication-act>
< <utt><words><lisp>(W::A W::DARK W::PUNC-MINUS W::SKINNED W::GIRL W::WITH W::TWO)</lisp><word>A</word><word>DARK</word><word>PUNC-MINUS</word><word>SKINNED</word><word>GIRL</word><word>WITH</word><word>TWO</word></words><tags><lisp>((WORD &quot;a&quot; :FRAME (0 1) :SENSE-INFO
<   ((:PENN-PARTS-OF-SPEECH (DT) :TRIPS-PARTS-OF-SPEECH (W::ART W::QUAN W::PRO)))
<   :UTTNUM 19 :CHANNEL DESKTOP :DIRECTION INPUT)
<  (WORD &quot;dark&quot; :FRAME (2 5) :SENSE-INFO
<   ((:PENN-PARTS-OF-SPEECH (NN) :TRIPS-PARTS-OF-SPEECH (W::N))) :UTTNUM 19
<   :CHANNEL DESKTOP :DIRECTION INPUT)
<  (WORD &quot;-&quot; :FRAME (6 6) :SENSE-INFO
<   ((:PENN-PARTS-OF-SPEECH (COLON) :TRIPS-PARTS-OF-SPEECH (W::PUNC))) :UTTNUM 19
<   :CHANNEL DESKTOP :DIRECTION INPUT)
<  (WORD &quot;skinned&quot; :FRAME (7 14) :SENSE-INFO
<   ((:PENN-PARTS-OF-SPEECH (VBN) :TRIPS-PARTS-OF-SPEECH (W::V))) :UTTNUM 19
<   :CHANNEL DESKTOP :DIRECTION INPUT)
<  (WORD &quot;dark-skinned&quot; :FRAME (2 14) :SENSE-INFO
<   ((:PENN-PARTS-OF-SPEECH (JJ) :TRIPS-PARTS-OF-SPEECH (W::ADJ) :WN-SENSE-KEYS
<     (&quot;dark-skinned%5:00:00&quot;)))
<   :UTTNUM 19 :CHANNEL DESKTOP :DIRECTION INPUT)
<  (WORD &quot;girl&quot; :FRAME (15 19) :SENSE-INFO
<   ((:PENN-PARTS-OF-SPEECH (NN) :TRIPS-PARTS-OF-SPEECH (W::N))) :UTTNUM 19
<   :CHANNEL DESKTOP :DIRECTION INPUT)
<  (PREFER &quot;a dark-skinned girl&quot; :FRAME (0 19) :PENN-CATS (NP) :TRIPS-CATS
<   (W::NP) :SCORE 25.241 :UTTNUM 19 :CHANNEL DESKTOP :DIRECTION INPUT)
<  (WORD &quot;with&quot; :FRAME (20 24) :SENSE-INFO
<   ((:PENN-PARTS-OF-SPEECH (IN) :TRIPS-PARTS-OF-SPEECH (W::PREP W::ADV)))
<   :UTTNUM 19 :CHANNEL DESKTOP :DIRECTION INPUT)
<  (WORD &quot;two&quot; :FRAME (25 28) :SENSE-INFO
<   ((:PENN-PARTS-OF-SPEECH (CD) :TRIPS-PARTS-OF-SPEECH
<     (W::NUMBER W::NUMBER-UNIT)))
<   :UTTNUM 19 :CHANNEL DESKTOP :DIRECTION INPUT)
<  (PREFER &quot;two&quot; :FRAME (25 28) :PENN-CATS (NP) :TRIPS-CATS (W::NP) :SCORE 7.276
<   :UTTNUM 19 :CHANNEL DESKTOP :DIRECTION INPUT))</lisp><word lex="a" start="0" end="1"><sense-info penn-parts-of-speech="DT" trips-parts-of-speech="ART,QUAN,PRO" /></word><word lex="dark" start="2" end="5"><sense-info penn-parts-of-speech="NN" trips-parts-of-speech="N" /></word><word lex="-" start="6" end="6"><sense-info penn-parts-of-speech="COLON" trips-parts-of-speech="PUNC" /></word><word lex="skinned" start="7" end="14"><sense-info penn-parts-of-speech="VBN" trips-parts-of-speech="V" /></word><word lex="dark-skinned" start="2" end="14"><sense-info penn-parts-of-speech="JJ" trips-parts-of-speech="ADJ" wn-sense-keys="dark-skinned%5:00:00" /></word><word lex="girl" start="15" end="19"><sense-info penn-parts-of-speech="NN" trips-parts-of-speech="N" /></word><prefer text="a dark-skinned girl" start="0" end="19" penn-cats="NP" score="25.241" /><word lex="with" start="20" end="24"><sense-info penn-parts-of-speech="IN" trips-parts-of-speech="PREP,ADV" /></word><word lex="two" start="25" end="28"><sense-info penn-parts-of-speech="CD" trips-parts-of-speech="NUMBER,NUMBER-UNIT" /></word><prefer text="two" start="25" end="28" penn-cats="NP" score="7.276" /></tags><tree><lisp>(NP (SPEC (DET (ART A)))
<  (N1 (N1 (ADJP (N1 (N DARK)) (PUNC PUNC-MINUS) (V SKINNED)) (N1 (N GIRL)))
<   (ADVBL (ADV WITH) (NP (NUMBER TWO)))))</lisp><NP><SPEC><DET><ART>A</ART></DET></SPEC><N1><N1><ADJP><N1><N>DARK</N></N1><PUNC>PUNC-MINUS</PUNC><V>SKINNED</V></ADJP><N1><N>GIRL</N></N1></N1><ADVBL><ADV>WITH</ADV><NP><NUMBER>TWO</NUMBER></NP></ADVBL></N1></NP></tree><terms root="#V89759"><lisp>((ONT::A ONT::V89759 (:* ONT::FEMALE-CHILD W::GIRL) :MOD ONT::V89763 :MOD
<   ONT::V89744 :START 0 :END 29)
<  (ONT::F ONT::V89744 (:* ONT::MOVE W::SKINNED) :AGENT ONT::V89733 :AFFECTED
<   ONT::V89759 :START 2 :END 15)
<  (ONT::KIND ONT::V89733 (:* ONT::LIGHT W::DARK) :START 2 :END 15)
<  (ONT::F ONT::V89763 (:* ONT::ASSOC-WITH W::WITH) :GROUND ONT::V89776 :FIGURE
<   ONT::V89759 :START 20 :END 29)
<  (ONT::INDEF-SET ONT::V89776 ONT::NUMBER :NUMBER 2 :START 25 :END 29))</lisp><rdf:RDF
<   xmlns:rdf="http://www.w3.org/1999/02/22-rdf-syntax-ns#"
<   xmlns:role="http://www.cs.rochester.edu/research/trips/role#"
<   xmlns:LF="http://www.cs.rochester.edu/research/trips/LF#">
<   <rdf:Description rdf:ID="V89759">
<     <LF:indicator>A</LF:indicator>
<     <LF:type>FEMALE-CHILD</LF:type>
<     <LF:word>GIRL</LF:word>
<     <role:MOD rdf:resource="#V89763" />
<     <role:MOD rdf:resource="#V89744" />
<     <LF:start>0</LF:start>
<     <LF:end>29</LF:end>
<   </rdf:Description>
<   <rdf:Description rdf:ID="V89744">
<     <LF:indicator>F</LF:indicator>
<     <LF:type>MOVE</LF:type>
<     <LF:word>SKINNED</LF:word>
<     <role:AGENT rdf:resource="#V89733" />
<     <role:AFFECTED rdf:resource="#V89759" />
<     <LF:start>2</LF:start>
<     <LF:end>15</LF:end>
<   </rdf:Description>
<   <rdf:Description rdf:ID="V89733">
<     <LF:indicator>KIND</LF:indicator>
<     <LF:type>LIGHT</LF:type>
<     <LF:word>DARK</LF:word>
<     <LF:start>2</LF:start>
<     <LF:end>15</LF:end>
<   </rdf:Description>
<   <rdf:Description rdf:ID="V89763">
<     <LF:indicator>F</LF:indicator>
<     <LF:type>ASSOC-WITH</LF:type>
<     <LF:word>WITH</LF:word>
<     <role:GROUND rdf:resource="#V89776" />
<     <role:FIGURE rdf:resource="#V89759" />
<     <LF:start>20</LF:start>
<     <LF:end>29</LF:end>
<   </rdf:Description>
<   <rdf:Description rdf:ID="V89776">
<     <LF:indicator>INDEF-SET</LF:indicator>
<     <LF:type>NUMBER</LF:type>
<     <role:NUMBER>2</role:NUMBER>
<     <LF:start>25</LF:start>
<     <LF:end>29</LF:end>
<   </rdf:Description>
< </rdf:RDF>
< </terms></utt><utt><words><lisp>(W::LONG W::AND W::DARK W::PIGTAILS)</lisp><word>LONG</word><word>AND</word><word>DARK</word><word>PIGTAILS</word></words><tags><lisp>((WORD &quot;long&quot; :FRAME (29 33) :SENSE-INFO
<   ((:PENN-PARTS-OF-SPEECH (JJ) :TRIPS-PARTS-OF-SPEECH (W::ADJ))) :UTTNUM 19
<   :CHANNEL DESKTOP :DIRECTION INPUT)
<  (WORD &quot;and&quot; :FRAME (34 37) :SENSE-INFO
<   ((:PENN-PARTS-OF-SPEECH (CC) :TRIPS-PARTS-OF-SPEECH (W::CONJ))) :UTTNUM 19
<   :CHANNEL DESKTOP :DIRECTION INPUT)
<  (WORD &quot;dark&quot; :FRAME (38 42) :SENSE-INFO
<   ((:PENN-PARTS-OF-SPEECH (JJ) :TRIPS-PARTS-OF-SPEECH (W::ADJ))) :UTTNUM 19
<   :CHANNEL DESKTOP :DIRECTION INPUT)
<  (PREFER &quot;long and dark&quot; :FRAME (29 42) :PENN-CATS (ADJP) :TRIPS-CATS (W::ADJP)
<   :SCORE 17.225 :UTTNUM 19 :CHANNEL DESKTOP :DIRECTION INPUT)
<  (PREFER &quot;two long and dark&quot; :FRAME (25 42) :PENN-CATS (NP) :TRIPS-CATS (W::NP)
<   :SCORE 29.409 :UTTNUM 19 :CHANNEL DESKTOP :DIRECTION INPUT)
<  (PREFER &quot;with two long and dark&quot; :FRAME (20 42) :PENN-CATS (PP) :TRIPS-CATS
<   (W::PP) :SCORE 34.553 :UTTNUM 19 :CHANNEL DESKTOP :DIRECTION INPUT)
<  (PREFER &quot;a dark-skinned girl with two long and dark&quot; :FRAME (0 42) :PENN-CATS
<   (NP) :TRIPS-CATS (W::NP) :SCORE 60.161 :UTTNUM 19 :CHANNEL DESKTOP :DIRECTION
<   INPUT)
<  (WORD &quot;pigtails&quot; :FRAME (43 51) :SENSE-INFO
<   ((:PENN-PARTS-OF-SPEECH (NNS VBZ) :TRIPS-PARTS-OF-SPEECH (W::N W::V)))
<   :UTTNUM 19 :CHANNEL DESKTOP :DIRECTION INPUT))</lisp><word lex="long" start="29" end="33"><sense-info penn-parts-of-speech="JJ" trips-parts-of-speech="ADJ" /></word><word lex="and" start="34" end="37"><sense-info penn-parts-of-speech="CC" trips-parts-of-speech="CONJ" /></word><word lex="dark" start="38" end="42"><sense-info penn-parts-of-speech="JJ" trips-parts-of-speech="ADJ" /></word><prefer text="long and dark" start="29" end="42" penn-cats="ADJP" score="17.225" /><prefer text="two long and dark" start="25" end="42" penn-cats="NP" score="29.409" /><prefer text="with two long and dark" start="20" end="42" penn-cats="PP" score="34.553" /><prefer text="a dark-skinned girl with two long and dark" start="0" end="42" penn-cats="NP" score="60.161" /><word lex="pigtails" start="43" end="51"><sense-info penn-parts-of-speech="NNS,VBZ" trips-parts-of-speech="N,V" /></word></tags><tree><lisp>(NP
<  (N1 (ADJP (ADJP (ADJ1 (ADJ LONG))) (CONJ AND) (ADJP (ADJ1 (ADJ DARK))))
<   (N1 (N PIGTAILS))))</lisp><NP><N1><ADJP><ADJP><ADJ1><ADJ>LONG</ADJ></ADJ1></ADJP><CONJ>AND</CONJ><ADJP><ADJ1><ADJ>DARK</ADJ></ADJ1></ADJP></ADJP><N1><N>PIGTAILS</N></N1></N1></NP></tree><terms root="#V89803"><lisp>((ONT::INDEF-SET ONT::V89803 (:* ONT::NATURAL-OBJECT W::PIGTAILS) :MOD
<   ONT::V90056 :START 29 :END 52)
<  (ONT::F ONT::V90056 ONT::PROPERTY-VAL :SEQUENCE (ONT::V89778 ONT::V89795)
<   :OPERATOR ONT::AND :START 29 :END 43)
<  (ONT::F ONT::V89778 (:* ONT::LONG W::LONG) :FIGURE ONT::V89803 :SCALE
<   ONT::SIZE-SCALE :START 29 :END 34)
<  (ONT::F ONT::V89795 (:* ONT::DARK-VAL W::DARK) :FIGURE ONT::V89803 :START 38
<   :END 43))</lisp><rdf:RDF
<   xmlns:rdf="http://www.w3.org/1999/02/22-rdf-syntax-ns#"
<   xmlns:role="http://www.cs.rochester.edu/research/trips/role#"
<   xmlns:LF="http://www.cs.rochester.edu/research/trips/LF#">
<   <rdf:Description rdf:ID="V89803">
<     <LF:indicator>INDEF-SET</LF:indicator>
<     <LF:type>NATURAL-OBJECT</LF:type>
<     <LF:word>PIGTAILS</LF:word>
<     <role:MOD rdf:resource="#V90056" />
<     <LF:start>29</LF:start>
<     <LF:end>52</LF:end>
<   </rdf:Description>
<   <rdf:Description rdf:ID="V90056">
<     <LF:indicator>F</LF:indicator>
<     <LF:type>PROPERTY-VAL</LF:type>
<     <role:SEQUENCE rdf:resource="#V89778" />
<     <role:SEQUENCE1 rdf:resource="#V89795" />
<     <role:OPERATOR>AND</role:OPERATOR>
<     <LF:start>29</LF:start>
<     <LF:end>43</LF:end>
<   </rdf:Description>
<   <rdf:Description rdf:ID="V89778">
<     <LF:indicator>F</LF:indicator>
<     <LF:type>LONG</LF:type>
<     <LF:word>LONG</LF:word>
<     <role:FIGURE rdf:resource="#V89803" />
<     <role:SCALE>SIZE-SCALE</role:SCALE>
<     <LF:start>29</LF:start>
<     <LF:end>34</LF:end>
<   </rdf:Description>
<   <rdf:Description rdf:ID="V89795">
<     <LF:indicator>F</LF:indicator>
<     <LF:type>DARK-VAL</LF:type>
<     <LF:word>DARK</LF:word>
<     <role:FIGURE rdf:resource="#V89803" />
<     <LF:start>38</LF:start>
<     <LF:end>43</LF:end>
<   </rdf:Description>
< </rdf:RDF>
< </terms></utt><utt><words><lisp>(W::WEARING)</lisp><word>WEARING</word></words><tags><lisp>((WORD &quot;wearing&quot; :FRAME (52 59) :SENSE-INFO
<   ((:PENN-PARTS-OF-SPEECH (VBG) :TRIPS-PARTS-OF-SPEECH (W::V))) :UTTNUM 19
<   :CHANNEL DESKTOP :DIRECTION INPUT)
<  (WORD &quot;a&quot; :FRAME (60 61) :SENSE-INFO
<   ((:PENN-PARTS-OF-SPEECH (DT) :TRIPS-PARTS-OF-SPEECH (W::ART W::QUAN W::PRO)))
<   :UTTNUM 19 :CHANNEL DESKTOP :DIRECTION INPUT))</lisp><word lex="wearing" start="52" end="59"><sense-info penn-parts-of-speech="VBG" trips-parts-of-speech="V" /></word><word lex="a" start="60" end="61"><sense-info penn-parts-of-speech="DT" trips-parts-of-speech="ART,QUAN,PRO" /></word></tags><tree><lisp>(VP (VP- (V WEARING)))</lisp><VP><VP-><V>WEARING</V></VP-></VP></tree><terms root="#V89809"><lisp>((ONT::F ONT::V89809 (:* ONT::WEAR W::WEAR) :VFORM W::ING :START 52 :END 60))</lisp><rdf:RDF
<   xmlns:rdf="http://www.w3.org/1999/02/22-rdf-syntax-ns#"
<   xmlns:role="http://www.cs.rochester.edu/research/trips/role#"
<   xmlns:LF="http://www.cs.rochester.edu/research/trips/LF#">
<   <rdf:Description rdf:ID="V89809">
<     <LF:indicator>F</LF:indicator>
<     <LF:type>WEAR</LF:type>
<     <LF:word>WEAR</LF:word>
<     <role:VFORM>ING</role:VFORM>
<     <LF:start>52</LF:start>
<     <LF:end>60</LF:end>
<   </rdf:Description>
< </rdf:RDF>
< </terms></utt><utt><words><lisp>(W::BEIGE)</lisp><word>BEIGE</word></words><tags><lisp>((WORD &quot;beige&quot; :FRAME (62 67) :SENSE-INFO
<   ((:PENN-PARTS-OF-SPEECH (JJ) :TRIPS-PARTS-OF-SPEECH (W::ADJ))) :UTTNUM 19
<   :CHANNEL DESKTOP :DIRECTION INPUT))</lisp><word lex="beige" start="62" end="67"><sense-info penn-parts-of-speech="JJ" trips-parts-of-speech="ADJ" /></word></tags><tree><lisp>(DET (ART A))</lisp><DET><ART>A</ART></DET></tree><terms root="#V89857"><lisp>((ONT::F ONT::V89857 (:* ONT::MODIFIER W::BEIGE) :START 62 :END 68))</lisp><rdf:RDF
<   xmlns:rdf="http://www.w3.org/1999/02/22-rdf-syntax-ns#"
<   xmlns:role="http://www.cs.rochester.edu/research/trips/role#"
<   xmlns:LF="http://www.cs.rochester.edu/research/trips/LF#">
<   <rdf:Description rdf:ID="V89857">
<     <LF:indicator>F</LF:indicator>
<     <LF:type>MODIFIER</LF:type>
<     <LF:word>BEIGE</LF:word>
<     <LF:start>62</LF:start>
<     <LF:end>68</LF:end>
<   </rdf:Description>
< </rdf:RDF>
< </terms></utt><utt><words><lisp>(W::HAT)</lisp><word>HAT</word></words><tags><lisp>((WORD &quot;hat&quot; :FRAME (68 71) :SENSE-INFO
<   ((:PENN-PARTS-OF-SPEECH (NN) :TRIPS-PARTS-OF-SPEECH (W::N))) :UTTNUM 19
<   :CHANNEL DESKTOP :DIRECTION INPUT)
<  (PREFER &quot;a beige hat&quot; :FRAME (60 71) :PENN-CATS (NP) :TRIPS-CATS (W::NP)
<   :SCORE 24.722 :UTTNUM 19 :CHANNEL DESKTOP :DIRECTION INPUT))</lisp><word lex="hat" start="68" end="71"><sense-info penn-parts-of-speech="NN" trips-parts-of-speech="N" /></word><prefer text="a beige hat" start="60" end="71" penn-cats="NP" score="24.722" /></tags><tree><lisp>(ADJP (ADJ1 (ADJ BEIGE)))</lisp><ADJP><ADJ1><ADJ>BEIGE</ADJ></ADJ1></ADJP></tree><terms root="#V89860"><lisp>((ONT::BARE ONT::V89860 (:* ONT::ATTIRE W::HAT) :START 68 :END 72))</lisp><rdf:RDF
<   xmlns:rdf="http://www.w3.org/1999/02/22-rdf-syntax-ns#"
<   xmlns:role="http://www.cs.rochester.edu/research/trips/role#"
<   xmlns:LF="http://www.cs.rochester.edu/research/trips/LF#">
<   <rdf:Description rdf:ID="V89860">
<     <LF:indicator>BARE</LF:indicator>
<     <LF:type>ATTIRE</LF:type>
<     <LF:word>HAT</LF:word>
<     <LF:start>68</LF:start>
<     <LF:end>72</LF:end>
<   </rdf:Description>
< </rdf:RDF>
< </terms></utt><utt><words><lisp>(W::AND W::A W::BLACK W::AND W::WHITE W::JUMPER W::SITTING W::OUTSIDE
<  W::PUNC-PERIOD)</lisp><word>AND</word><word>A</word><word>BLACK</word><word>AND</word><word>WHITE</word><word>JUMPER</word><word>SITTING</word><word>OUTSIDE</word><word>PUNC-PERIOD</word></words><tags><lisp>((WORD &quot;and&quot; :FRAME (72 75) :SENSE-INFO
<   ((:PENN-PARTS-OF-SPEECH (CC) :TRIPS-PARTS-OF-SPEECH (W::CONJ))) :UTTNUM 19
<   :CHANNEL DESKTOP :DIRECTION INPUT)
<  (WORD &quot;a&quot; :FRAME (76 77) :SENSE-INFO
<   ((:PENN-PARTS-OF-SPEECH (DT) :TRIPS-PARTS-OF-SPEECH (W::ART W::QUAN W::PRO)))
<   :UTTNUM 19 :CHANNEL DESKTOP :DIRECTION INPUT)
<  (WORD &quot;black&quot; :FRAME (78 83) :SENSE-INFO
<   ((:PENN-PARTS-OF-SPEECH (JJ) :TRIPS-PARTS-OF-SPEECH (W::ADJ))) :UTTNUM 19
<   :CHANNEL DESKTOP :DIRECTION INPUT)
<  (WORD &quot;and&quot; :FRAME (84 87) :SENSE-INFO
<   ((:PENN-PARTS-OF-SPEECH (CC) :TRIPS-PARTS-OF-SPEECH (W::CONJ))) :UTTNUM 19
<   :CHANNEL DESKTOP :DIRECTION INPUT)
<  (WORD &quot;white&quot; :FRAME (88 93) :SENSE-INFO
<   ((:PENN-PARTS-OF-SPEECH (JJ) :TRIPS-PARTS-OF-SPEECH (W::ADJ))) :UTTNUM 19
<   :CHANNEL DESKTOP :DIRECTION INPUT)
<  (WORD &quot;black and white&quot; :FRAME (78 93) :SENSE-INFO
<   ((:PENN-PARTS-OF-SPEECH (JJ) :TRIPS-PARTS-OF-SPEECH (W::ADJ) :WN-SENSE-KEYS
<     (&quot;black_and_white%3:00:02&quot;))
<    (:PENN-PARTS-OF-SPEECH (NN) :TRIPS-PARTS-OF-SPEECH (W::N) :WN-SENSE-KEYS
<     (&quot;black_and_white%1:06:00&quot; &quot;black_and_white%1:10:00&quot;)))
<   :UTTNUM 19 :CHANNEL DESKTOP :DIRECTION INPUT)
<  (PREFER &quot;black and white&quot; :FRAME (78 93) :PENN-CATS (ADJP) :TRIPS-CATS
<   (W::ADJP) :SCORE 16.993 :UTTNUM 19 :CHANNEL DESKTOP :DIRECTION INPUT)
<  (WORD &quot;jumper&quot; :FRAME (94 100) :SENSE-INFO
<   ((:PENN-PARTS-OF-SPEECH (NN) :TRIPS-PARTS-OF-SPEECH (W::N))) :UTTNUM 19
<   :CHANNEL DESKTOP :DIRECTION INPUT)
<  (WORD &quot;sitting&quot; :FRAME (101 108) :SENSE-INFO
<   ((:PENN-PARTS-OF-SPEECH (VBG) :TRIPS-PARTS-OF-SPEECH (W::V))) :UTTNUM 19
<   :CHANNEL DESKTOP :DIRECTION INPUT)
<  (WORD &quot;outside&quot; :FRAME (109 116) :SENSE-INFO
<   ((:PENN-PARTS-OF-SPEECH (IN NN) :TRIPS-PARTS-OF-SPEECH
<     (W::PREP W::ADV W::N)))
<   :UTTNUM 19 :CHANNEL DESKTOP :DIRECTION INPUT)
<  (PREFER &quot;a black and white jumper sitting outside&quot; :FRAME (76 116) :PENN-CATS
<   (NP) :TRIPS-CATS (W::NP) :SCORE 55.016 :UTTNUM 19 :CHANNEL DESKTOP :DIRECTION
<   INPUT)
<  (PREFER &quot;a beige hat and a black and white jumper sitting outside&quot; :FRAME
<   (60 116) :PENN-CATS (NP) :TRIPS-CATS (W::NP) :SCORE 86.598 :UTTNUM 19
<   :CHANNEL DESKTOP :DIRECTION INPUT)
<  (PREFER &quot;wearing a beige hat and a black and white jumper sitting outside&quot;
<   :FRAME (52 116) :PENN-CATS (S) :SCORE 97.578 :UTTNUM 19 :CHANNEL DESKTOP
<   :DIRECTION INPUT)
<  (PREFER &quot;wearing a beige hat and a black and white jumper sitting outside&quot;
<   :FRAME (52 116) :PENN-CATS (VP) :TRIPS-CATS (W::VP) :SCORE 95.928 :UTTNUM 19
<   :CHANNEL DESKTOP :DIRECTION INPUT)
<  (PREFER
<   &quot;pigtails wearing a beige hat and a black and white jumper sitting outside&quot;
<   :FRAME (43 116) :PENN-CATS (VP) :TRIPS-CATS (W::VP) :SCORE 113.305 :UTTNUM 19
<   :CHANNEL DESKTOP :DIRECTION INPUT)
<  (WORD &quot;.&quot; :FRAME (117 117) :SENSE-INFO
<   ((:PENN-PARTS-OF-SPEECH (FULL_STOP) :TRIPS-PARTS-OF-SPEECH (W::PUNC)))
<   :UTTNUM 19 :CHANNEL DESKTOP :DIRECTION INPUT)
<  (PREFER
<   &quot;a dark-skinned girl with two long and dark pigtails wearing a beige hat and a black and white jumper sitting outside .&quot;
<   :FRAME (0 117) :PENN-CATS (S) :SCORE 176.295 :UTTNUM 19 :CHANNEL DESKTOP
<   :DIRECTION INPUT))</lisp><word lex="and" start="72" end="75"><sense-info penn-parts-of-speech="CC" trips-parts-of-speech="CONJ" /></word><word lex="a" start="76" end="77"><sense-info penn-parts-of-speech="DT" trips-parts-of-speech="ART,QUAN,PRO" /></word><word lex="black" start="78" end="83"><sense-info penn-parts-of-speech="JJ" trips-parts-of-speech="ADJ" /></word><word lex="and" start="84" end="87"><sense-info penn-parts-of-speech="CC" trips-parts-of-speech="CONJ" /></word><word lex="white" start="88" end="93"><sense-info penn-parts-of-speech="JJ" trips-parts-of-speech="ADJ" /></word><word lex="black and white" start="78" end="93"><sense-info penn-parts-of-speech="JJ" trips-parts-of-speech="ADJ" wn-sense-keys="black_and_white%3:00:02" /><sense-info penn-parts-of-speech="NN" trips-parts-of-speech="N" wn-sense-keys="black_and_white%1:06:00,black_and_white%1:10:00" /></word><prefer text="black and white" start="78" end="93" penn-cats="ADJP" score="16.993" /><word lex="jumper" start="94" end="100"><sense-info penn-parts-of-speech="NN" trips-parts-of-speech="N" /></word><word lex="sitting" start="101" end="108"><sense-info penn-parts-of-speech="VBG" trips-parts-of-speech="V" /></word><word lex="outside" start="109" end="116"><sense-info penn-parts-of-speech="IN,NN" trips-parts-of-speech="PREP,ADV,N" /></word><prefer text="a black and white jumper sitting outside" start="76" end="116" penn-cats="NP" score="55.016" /><prefer text="a beige hat and a black and white jumper sitting outside" start="60" end="116" penn-cats="NP" score="86.598" /><prefer text="wearing a beige hat and a black and white jumper sitting outside" start="52" end="116" penn-cats="S" score="97.578" /><prefer text="wearing a beige hat and a black and white jumper sitting outside" start="52" end="116" penn-cats="VP" score="95.928" /><prefer text="pigtails wearing a beige hat and a black and white jumper sitting outside" start="43" end="116" penn-cats="VP" score="113.305" /><word lex="." start="117" end="117"><sense-info penn-parts-of-speech="FULL_STOP" trips-parts-of-speech="PUNC" /></word><prefer text="a dark-skinned girl with two long and dark pigtails wearing a beige hat and a black and white jumper sitting outside ." start="0" end="117" penn-cats="S" score="176.295" /></tags><tree><lisp>(NP (N1 (N HAT)))</lisp><NP><N1><N>HAT</N></N1></NP></tree><terms root="#V90669"><lisp>((ONT::SPEECHACT ONT::V90669 ONT::SA_IDENTIFY :PUNCTYPE W::DECL :CONTENT
<   ONT::V89953 :MOD ONT::V89865 :START 72 :END 117)
<  (ONT::F ONT::V89865 (:* ONT::CONJUNCT W::AND) :FIGURE ONT::V90669 :START 72
<   :END 76)
<  (ONT::A ONT::V89953 (:* ONT::BODY-MOVEMENT W::SIT-UP) :AGENT ONT::V89946
<   :LOCATION ONT::V89970 :START 76 :END 117)
<  (ONT::BARE ONT::V89946 (:* ONT::PERSON W::JUMPER) :MOD ONT::V90060 :START 78
<   :END 101)
<  (ONT::F ONT::V90060 ONT::COLOR-VAL :SEQUENCE (ONT::V89914 ONT::V89927)
<   :OPERATOR ONT::AND :START 78 :END 94)
<  (ONT::F ONT::V89914 (:* ONT::BLACK W::BLACK) :FIGURE ONT::V89946 :SCALE
<   ONT::BLACKNESS*1--07--00 :START 78 :END 84)
<  (ONT::F ONT::V89927 (:* ONT::WHITE W::WHITE) :FIGURE ONT::V89946 :SCALE
<   ONT::WHITE*1--07--00 :START 88 :END 94)
<  (ONT::F ONT::V89970 (:* ONT::OUTSIDE W::OUTSIDE) :GROUND ONT::V90206 :FIGURE
<   ONT::V89953 :START 109 :END 117)
<  (ONT::IMPRO ONT::V90206 ONT::ANY-SEM :START 109 :END 117 :COREF ONT::V89946))</lisp><rdf:RDF
<   xmlns:rdf="http://www.w3.org/1999/02/22-rdf-syntax-ns#"
<   xmlns:role="http://www.cs.rochester.edu/research/trips/role#"
<   xmlns:LF="http://www.cs.rochester.edu/research/trips/LF#">
<   <rdf:Description rdf:ID="V90669">
<     <LF:indicator>SPEECHACT</LF:indicator>
<     <LF:type>SA_IDENTIFY</LF:type>
<     <role:PUNCTYPE>DECL</role:PUNCTYPE>
<     <role:CONTENT rdf:resource="#V89953" />
<     <role:MOD rdf:resource="#V89865" />
<     <LF:start>72</LF:start>
<     <LF:end>117</LF:end>
<   </rdf:Description>
<   <rdf:Description rdf:ID="V89865">
<     <LF:indicator>F</LF:indicator>
<     <LF:type>CONJUNCT</LF:type>
<     <LF:word>AND</LF:word>
<     <role:FIGURE rdf:resource="#V90669" />
<     <LF:start>72</LF:start>
<     <LF:end>76</LF:end>
<   </rdf:Description>
<   <rdf:Description rdf:ID="V89953">
<     <LF:indicator>A</LF:indicator>
<     <LF:type>BODY-MOVEMENT</LF:type>
<     <LF:word>SIT-UP</LF:word>
<     <role:AGENT rdf:resource="#V89946" />
<     <role:LOCATION rdf:resource="#V89970" />
<     <LF:start>76</LF:start>
<     <LF:end>117</LF:end>
<   </rdf:Description>
<   <rdf:Description rdf:ID="V89946">
<     <LF:indicator>BARE</LF:indicator>
<     <LF:type>PERSON</LF:type>
<     <LF:word>JUMPER</LF:word>
<     <role:MOD rdf:resource="#V90060" />
<     <LF:start>78</LF:start>
<     <LF:end>101</LF:end>
<   </rdf:Description>
<   <rdf:Description rdf:ID="V90060">
<     <LF:indicator>F</LF:indicator>
<     <LF:type>COLOR-VAL</LF:type>
<     <role:SEQUENCE rdf:resource="#V89914" />
<     <role:SEQUENCE1 rdf:resource="#V89927" />
<     <role:OPERATOR>AND</role:OPERATOR>
<     <LF:start>78</LF:start>
<     <LF:end>94</LF:end>
<   </rdf:Description>
<   <rdf:Description rdf:ID="V89914">
<     <LF:indicator>F</LF:indicator>
<     <LF:type>BLACK</LF:type>
<     <LF:word>BLACK</LF:word>
<     <role:FIGURE rdf:resource="#V89946" />
<     <role:SCALE>BLACKNESS*1--07--00</role:SCALE>
<     <LF:start>78</LF:start>
<     <LF:end>84</LF:end>
<   </rdf:Description>
<   <rdf:Description rdf:ID="V89927">
<     <LF:indicator>F</LF:indicator>
<     <LF:type>WHITE</LF:type>
<     <LF:word>WHITE</LF:word>
<     <role:FIGURE rdf:resource="#V89946" />
<     <role:SCALE>WHITE*1--07--00</role:SCALE>
<     <LF:start>88</LF:start>
<     <LF:end>94</LF:end>
<   </rdf:Description>
<   <rdf:Description rdf:ID="V89970">
<     <LF:indicator>F</LF:indicator>
<     <LF:type>OUTSIDE</LF:type>
<     <LF:word>OUTSIDE</LF:word>
<     <role:GROUND rdf:resource="#V90206" />
<     <role:FIGURE rdf:resource="#V89953" />
<     <LF:start>109</LF:start>
<     <LF:end>117</LF:end>
<   </rdf:Description>
<   <rdf:Description rdf:ID="V90206">
<     <LF:indicator>IMPRO</LF:indicator>
<     <LF:type>ANY-SEM</LF:type>
<     <LF:start>109</LF:start>
<     <LF:end>117</LF:end>
<     <role:COREF rdf:resource="#V89946" />
<   </rdf:Description>
< </rdf:RDF>
< </terms></utt></compound-communication-act>
< </trips-parser-output>
\ No newline at end of file
---
> <SpRL>
>  <SCENE>
>   <SENTENCE id="s1" indicator="A" type="FEMALE-CHILD" text="GIRL" start="0" end="29">
>    <TEXT>a dark-skinned girl with two l</TEXT>
>    <RELATION id="1" head="V89759" res="V89763" label="MOD"/>
>    <RELATION id="2" head="V89759" res="V89744" label="MOD"/>
>    <PHRASE id="V89744" indicator="F" type="MOVE" text="SKINNED" start="2" end="15"/>
>    <RELATION id="3" head="V89744" res="V89733" label="AGENT"/>
>    <RELATION id="4" head="V89744" res="V89759" label="AFFECTED"/>
>    <PHRASE id="V89733" indicator="KIND" type="LIGHT" text="DARK" start="2" end="15"/>
>    <PHRASE id="V89763" indicator="F" type="ASSOC-WITH" text="WITH" start="20" end="29"/>
>    <RELATION id="5" head="V89763" res="V89776" label="GROUND"/>
>    <RELATION id="6" head="V89763" res="V89759" label="FIGURE"/>
>    <PHRASE id="V89776" indicator="INDEF-SET" type="NUMBER" NUMBER="2" start="25" end="29"/>
>   </SENTENCE>
>   <SENTENCE id="s2" indicator="INDEF-SET" type="NATURAL-OBJECT" text="PIGTAILS" start="29" end="52">
>    <TEXT>long and dark pigtails w</TEXT>
>    <RELATION id="7" head="V89803" res="V90056" label="MOD"/>
>    <PHRASE id="V90056" indicator="F" type="PROPERTY-VAL" OPERATOR="AND" start="29" end="43"/>
>    <RELATION id="8" head="V90056" res="V89778" label="SEQUENCE"/>
>    <RELATION id="9" head="V90056" res="V89795" label="SEQUENCE1"/>
>    <PHRASE id="V89778" indicator="F" type="LONG" text="LONG" SCALE="SIZE-SCALE" start="29" end="34"/>
>    <RELATION id="10" head="V89778" res="V89803" label="FIGURE"/>
>    <PHRASE id="V89795" indicator="F" type="DARK-VAL" text="DARK" start="38" end="43"/>
>    <RELATION id="11" head="V89795" res="V89803" label="FIGURE"/>
>   </SENTENCE>
>   <SENTENCE id="s3" indicator="F" type="WEAR" text="WEAR" VFORM="ING" start="52" end="60">
>    <TEXT>wearing a</TEXT>
>   </SENTENCE>
>   <SENTENCE id="s4" indicator="F" type="MODIFIER" text="BEIGE" start="62" end="68">
>    <TEXT>beige h</TEXT>
>   </SENTENCE>
>   <SENTENCE id="s5" indicator="BARE" type="ATTIRE" text="HAT" start="68" end="72">
>    <TEXT>hat a</TEXT>
>   </SENTENCE>
>   <SENTENCE id="s6" indicator="SPEECHACT" type="SA_IDENTIFY" PUNCTYPE="DECL" start="72" end="117">
>    <TEXT>and a black and white jumper sitting outside .</TEXT>
>    <RELATION id="12" head="V90669" res="V89953" label="CONTENT"/>
>    <RELATION id="13" head="V90669" res="V89865" label="MOD"/>
>    <PHRASE id="V89865" indicator="F" type="CONJUNCT" text="AND" start="72" end="76"/>
>    <RELATION id="14" head="V89865" res="V90669" label="FIGURE"/>
>    <PHRASE id="V89953" indicator="A" type="BODY-MOVEMENT" text="SIT-UP" start="76" end="117"/>
>    <RELATION id="15" head="V89953" res="V89946" label="AGENT"/>
>    <RELATION id="16" head="V89953" res="V89970" label="LOCATION"/>
>    <PHRASE id="V89946" indicator="BARE" type="PERSON" text="JUMPER" start="78" end="101"/>
>    <RELATION id="17" head="V89946" res="V90060" label="MOD"/>
>    <PHRASE id="V90060" indicator="F" type="COLOR-VAL" OPERATOR="AND" start="78" end="94"/>
>    <RELATION id="18" head="V90060" res="V89914" label="SEQUENCE"/>
>    <RELATION id="19" head="V90060" res="V89927" label="SEQUENCE1"/>
>    <PHRASE id="V89914" indicator="F" type="BLACK" text="BLACK" SCALE="BLACKNESS*1--07--00" start="78" end="84"/>
>    <RELATION id="20" head="V89914" res="V89946" label="FIGURE"/>
>    <PHRASE id="V89927" indicator="F" type="WHITE" text="WHITE" SCALE="WHITE*1--07--00" start="88" end="94"/>
>    <RELATION id="21" head="V89927" res="V89946" label="FIGURE"/>
>    <PHRASE id="V89970" indicator="F" type="OUTSIDE" text="OUTSIDE" start="109" end="117"/>
>    <RELATION id="22" head="V89970" res="V90206" label="GROUND"/>
>    <RELATION id="23" head="V89970" res="V89953" label="FIGURE"/>
>    <PHRASE id="V90206" indicator="IMPRO" type="ANY-SEM" start="109" end="117"/>
>    <RELATION id="24" head="V90206" res="V89946" label="COREF"/>
>   </SENTENCE>
>  </SCENE>
> </SpRL>
