2,793c2,96
< <?xml-stylesheet type="text/xsl" href="../style/parser-interface.xsl"?>
< <!DOCTYPE trips-parser-output SYSTEM "../trips-parser-output.dtd">
< <trips-parser-output parser-build-date="2017-09-20T12:11:02-0500" system="STEP" extsformat="svg" tagsformat="hidden" treecontents="phrase" treeformat="LinGO" lfformat="svg" semantic-skeleton-scoring="T" rule-sets="" input="a dark-skinned boy wearing a grey cap , a red and white striped shirt under a sleeveless grey vest with a black zip , black pants and runners is standing at a lookout and carrying a black bag in his right hand .
< ">
< <debug>
< 
<  FOUNDS SEQUENCE from constit (% W::NP (W::BARE-SEQUENCE -) (W::CONSTRAINT -)
<                                  (W::MASS W::BARE) (W::GENERATED +)
<                                  (W::POSTADVBL +)
<                                  (W::SEM ?8607:(?292377:(F::PHYS-OBJ
<                                                          F::ABSTR-OBJ) NIL))
<                                  (W::LF (% W::DESCRIPTION (W::STATUS ONT::DEFINITE)
<                                            (W::VAR V47641)
<                                            (W::SORT W::INDIVIDUAL)
<                                            (W::LEX (W::A))
<                                            (W::CLASS ONT::SEQUENCE)
<                                            (W::CONSTRAINT (% &amp; (W::NAME-OF (W::A))
<                                                              (W::VAL (W::A))))
<                                            (W::LEX W::A) (W::SEM ?292375)
<                                            (W::TRANSFORM ?292376)))
<                                  (W::CASE ?292374:(W::SUB W::OBJ -))
<                                  (W::AGR ?292373) (W::CLASS ONT::ANY-SEM)
<                                  (W::VAR V47641) (W::SORT W::PRED) (W::NAME -)
<                                  (W::PRO -) (W::CHANGEAGR -) (W::LEX W::A)
<                                  (W::HEADCAT W::VALUE) (W::TRANSFORM -)
<                                  (W::REFL -) (1 RNUMBER48337))
< 
<  FOUNDS SEQUENCE from constit (% W::NP (W::BARE-SEQUENCE -) (W::CONSTRAINT -)
<                                  (W::MASS W::BARE) (W::GENERATED +)
<                                  (W::POSTADVBL +)
<                                  (W::SEM ?8607:(?292954:(F::PHYS-OBJ
<                                                          F::ABSTR-OBJ) NIL))
<                                  (W::LF (% W::DESCRIPTION (W::STATUS ONT::DEFINITE)
<                                            (W::VAR V47644)
<                                            (W::SORT W::INDIVIDUAL)
<                                            (W::LEX (W::A))
<                                            (W::CLASS ONT::SEQUENCE)
<                                            (W::CONSTRAINT (% &amp; (W::NAME-OF (W::A))
<                                                              (W::VAL (W::A))))
<                                            (W::LEX W::A) (W::SEM ?292952)
<                                            (W::TRANSFORM ?292953)))
<                                  (W::CASE ?292951:(W::SUB W::OBJ -))
<                                  (W::AGR ?292950) (W::CLASS ONT::ANY-SEM)
<                                  (W::VAR V47644) (W::SORT W::PRED) (W::NAME -)
<                                  (W::PRO -) (W::CHANGEAGR -) (W::LEX W::A)
<                                  (W::HEADCAT W::VALUE) (W::TRANSFORM -)
<                                  (W::REFL -) (1 RNUMBER48339))
< 
<  FOUNDS SEQUENCE from constit (% W::NP (W::BARE-SEQUENCE -) (W::CONSTRAINT -)
<                                  (W::MASS W::BARE) (W::GENERATED +)
<                                  (W::POSTADVBL +)
<                                  (W::SEM ?8607:(?293260:(F::PHYS-OBJ
<                                                          F::ABSTR-OBJ) NIL))
<                                  (W::LF (% W::DESCRIPTION (W::STATUS ONT::DEFINITE)
<                                            (W::VAR V47647)
<                                            (W::SORT W::INDIVIDUAL)
<                                            (W::LEX (W::A))
<                                            (W::CLASS ONT::SEQUENCE)
<                                            (W::CONSTRAINT (% &amp; (W::NAME-OF (W::A))
<                                                              (W::VAL (W::A))))
<                                            (W::LEX W::A) (W::SEM ?293258)
<                                            (W::TRANSFORM ?293259)))
<                                  (W::CASE ?293257:(W::SUB W::OBJ -))
<                                  (W::AGR ?293256) (W::CLASS ONT::ANY-SEM)
<                                  (W::VAR V47647) (W::SORT W::PRED) (W::NAME -)
<                                  (W::PRO -) (W::CHANGEAGR -) (W::LEX W::A)
<                                  (W::HEADCAT W::VALUE) (W::TRANSFORM -)
<                                  (W::REFL -) (1 RNUMBER48341))
< 
<  FOUNDS SEQUENCE from constit (% W::NP (W::BARE-SEQUENCE -) (W::CONSTRAINT -)
<                                  (W::MASS W::BARE) (W::GENERATED +)
<                                  (W::POSTADVBL +)
<                                  (W::SEM ?8607:(?293636:(F::PHYS-OBJ
<                                                          F::ABSTR-OBJ) NIL))
<                                  (W::LF (% W::DESCRIPTION (W::STATUS ONT::DEFINITE)
<                                            (W::VAR V47650)
<                                            (W::SORT W::INDIVIDUAL)
<                                            (W::LEX (W::A))
<                                            (W::CLASS ONT::SEQUENCE)
<                                            (W::CONSTRAINT (% &amp; (W::NAME-OF (W::A))
<                                                              (W::VAL (W::A))))
<                                            (W::LEX W::A) (W::SEM ?293634)
<                                            (W::TRANSFORM ?293635)))
<                                  (W::CASE ?293633:(W::SUB W::OBJ -))
<                                  (W::AGR ?293632) (W::CLASS ONT::ANY-SEM)
<                                  (W::VAR V47650) (W::SORT W::PRED) (W::NAME -)
<                                  (W::PRO -) (W::CHANGEAGR -) (W::LEX W::A)
<                                  (W::HEADCAT W::VALUE) (W::TRANSFORM -)
<                                  (W::REFL -) (1 RNUMBER48343))
< 
<  FOUNDS SEQUENCE from constit (% W::NP (W::BARE-SEQUENCE -) (W::CONSTRAINT -)
<                                  (W::MASS W::BARE) (W::GENERATED +)
<                                  (W::POSTADVBL +)
<                                  (W::SEM ?8607:(?293953:(F::PHYS-OBJ
<                                                          F::ABSTR-OBJ) NIL))
<                                  (W::LF (% W::DESCRIPTION (W::STATUS ONT::DEFINITE)
<                                            (W::VAR V47653)
<                                            (W::SORT W::INDIVIDUAL)
<                                            (W::LEX (W::A))
<                                            (W::CLASS ONT::SEQUENCE)
<                                            (W::CONSTRAINT (% &amp; (W::NAME-OF (W::A))
<                                                              (W::VAL (W::A))))
<                                            (W::LEX W::A) (W::SEM ?293951)
<                                            (W::TRANSFORM ?293952)))
<                                  (W::CASE ?293950:(W::SUB W::OBJ -))
<                                  (W::AGR ?293949) (W::CLASS ONT::ANY-SEM)
<                                  (W::VAR V47653) (W::SORT W::PRED) (W::NAME -)
<                                  (W::PRO -) (W::CHANGEAGR -) (W::LEX W::A)
<                                  (W::HEADCAT W::VALUE) (W::TRANSFORM -)
<                                  (W::REFL -) (1 RNUMBER48345))
< 
<  FOUNDS SEQUENCE from constit (% W::NP (W::BARE-SEQUENCE -) (W::CONSTRAINT -)
<                                  (W::MASS W::BARE) (W::GENERATED +)
<                                  (W::POSTADVBL +)
<                                  (W::SEM ?8607:(?294262:(F::PHYS-OBJ
<                                                          F::ABSTR-OBJ) NIL))
<                                  (W::LF (% W::DESCRIPTION (W::STATUS ONT::DEFINITE)
<                                            (W::VAR V47656)
<                                            (W::SORT W::INDIVIDUAL)
<                                            (W::LEX (W::A))
<                                            (W::CLASS ONT::SEQUENCE)
<                                            (W::CONSTRAINT (% &amp; (W::NAME-OF (W::A))
<                                                              (W::VAL (W::A))))
<                                            (W::LEX W::A) (W::SEM ?294260)
<                                            (W::TRANSFORM ?294261)))
<                                  (W::CASE ?294259:(W::SUB W::OBJ -))
<                                  (W::AGR ?294258) (W::CLASS ONT::ANY-SEM)
<                                  (W::VAR V47656) (W::SORT W::PRED) (W::NAME -)
<                                  (W::PRO -) (W::CHANGEAGR -) (W::LEX W::A)
<                                  (W::HEADCAT W::VALUE) (W::TRANSFORM -)
<                                  (W::REFL -) (1 RNUMBER48347))
< 
<  FOUNDS SEQUENCE from constit (% W::NP (W::BARE-SEQUENCE -) (W::CONSTRAINT -)
<                                  (W::MASS W::BARE) (W::GENERATED +)
<                                  (W::POSTADVBL +)
<                                  (W::SEM ?8607:(?294572:(F::PHYS-OBJ
<                                                          F::ABSTR-OBJ) NIL))
<                                  (W::LF (% W::DESCRIPTION (W::STATUS ONT::DEFINITE)
<                                            (W::VAR V47659)
<                                            (W::SORT W::INDIVIDUAL)
<                                            (W::LEX (W::A))
<                                            (W::CLASS ONT::SEQUENCE)
<                                            (W::CONSTRAINT (% &amp; (W::NAME-OF (W::A))
<                                                              (W::VAL (W::A))))
<                                            (W::LEX W::A) (W::SEM ?294570)
<                                            (W::TRANSFORM ?294571)))
<                                  (W::CASE ?294569:(W::SUB W::OBJ -))
<                                  (W::AGR ?294568) (W::CLASS ONT::ANY-SEM)
<                                  (W::VAR V47659) (W::SORT W::PRED) (W::NAME -)
<                                  (W::PRO -) (W::CHANGEAGR -) (W::LEX W::A)
<                                  (W::HEADCAT W::VALUE) (W::TRANSFORM -)
<                                  (W::REFL -) (1 RNUMBER48349))
< *last-utt-id*=NIL  utt-id+2
< *last-utt-id*=2  utt-id+2
< *last-utt-id*=2  utt-id+2
< *last-utt-id*=2  utt-id+2
< *last-utt-id*=2  utt-id+2
< *last-utt-id*=2  utt-id+NIL</debug><compound-communication-act>
< <utt><words><lisp>(W::A W::DARK W::PUNC-MINUS W::SKINNED W::BOY W::WEARING W::A W::GREY W::CAP
<  W::PUNC-COMMA)</lisp><word>A</word><word>DARK</word><word>PUNC-MINUS</word><word>SKINNED</word><word>BOY</word><word>WEARING</word><word>A</word><word>GREY</word><word>CAP</word><word>PUNC-COMMA</word></words><tags><lisp>((WORD &quot;a&quot; :FRAME (0 1) :SENSE-INFO
<   ((:PENN-PARTS-OF-SPEECH (DT) :TRIPS-PARTS-OF-SPEECH (W::ART W::QUAN W::PRO)))
<   :UTTNUM 2 :CHANNEL DESKTOP :DIRECTION INPUT)
<  (WORD &quot;dark&quot; :FRAME (2 5) :SENSE-INFO
<   ((:PENN-PARTS-OF-SPEECH (NN) :TRIPS-PARTS-OF-SPEECH (W::N))) :UTTNUM 2
<   :CHANNEL DESKTOP :DIRECTION INPUT)
<  (WORD &quot;-&quot; :FRAME (6 6) :SENSE-INFO
<   ((:PENN-PARTS-OF-SPEECH (COLON) :TRIPS-PARTS-OF-SPEECH (W::PUNC))) :UTTNUM 2
<   :CHANNEL DESKTOP :DIRECTION INPUT)
<  (WORD &quot;skinned&quot; :FRAME (7 14) :SENSE-INFO
<   ((:PENN-PARTS-OF-SPEECH (VBN) :TRIPS-PARTS-OF-SPEECH (W::V))) :UTTNUM 2
<   :CHANNEL DESKTOP :DIRECTION INPUT)
<  (WORD &quot;dark-skinned&quot; :FRAME (2 14) :SENSE-INFO
<   ((:PENN-PARTS-OF-SPEECH (JJ) :TRIPS-PARTS-OF-SPEECH (W::ADJ) :WN-SENSE-KEYS
<     (&quot;dark-skinned%5:00:00&quot;)))
<   :UTTNUM 2 :CHANNEL DESKTOP :DIRECTION INPUT)
<  (WORD &quot;boy&quot; :FRAME (15 18) :SENSE-INFO
<   ((:PENN-PARTS-OF-SPEECH (NN) :TRIPS-PARTS-OF-SPEECH (W::N))) :UTTNUM 2
<   :CHANNEL DESKTOP :DIRECTION INPUT)
<  (PREFER &quot;a dark-skinned boy&quot; :FRAME (0 18) :PENN-CATS (NP) :TRIPS-CATS (W::NP)
<   :SCORE 24.88 :UTTNUM 2 :CHANNEL DESKTOP :DIRECTION INPUT)
<  (WORD &quot;wearing&quot; :FRAME (19 26) :SENSE-INFO
<   ((:PENN-PARTS-OF-SPEECH (VBG) :TRIPS-PARTS-OF-SPEECH (W::V))) :UTTNUM 2
<   :CHANNEL DESKTOP :DIRECTION INPUT)
<  (WORD &quot;a&quot; :FRAME (27 28) :SENSE-INFO
<   ((:PENN-PARTS-OF-SPEECH (DT) :TRIPS-PARTS-OF-SPEECH (W::ART W::QUAN W::PRO)))
<   :UTTNUM 2 :CHANNEL DESKTOP :DIRECTION INPUT)
<  (WORD &quot;grey&quot; :FRAME (29 33) :SENSE-INFO
<   ((:PENN-PARTS-OF-SPEECH (NN JJ) :TRIPS-PARTS-OF-SPEECH (W::N W::ADJ)
<     :ALTERNATE-SPELLINGS (&quot;gray&quot;)))
<   :UTTNUM 2 :CHANNEL DESKTOP :DIRECTION INPUT)
<  (WORD &quot;cap&quot; :FRAME (34 37) :SENSE-INFO
<   ((:PENN-PARTS-OF-SPEECH (NN) :TRIPS-PARTS-OF-SPEECH (W::N))) :UTTNUM 2
<   :CHANNEL DESKTOP :DIRECTION INPUT)
<  (PREFER &quot;a grey cap&quot; :FRAME (27 37) :PENN-CATS (NP) :TRIPS-CATS (W::NP) :SCORE
<   22.089 :UTTNUM 2 :CHANNEL DESKTOP :DIRECTION INPUT)
<  (WORD &quot;,&quot; :FRAME (38 39) :SENSE-INFO
<   ((:PENN-PARTS-OF-SPEECH (COMMA) :TRIPS-PARTS-OF-SPEECH (W::PUNC))) :UTTNUM 2
<   :CHANNEL DESKTOP :DIRECTION INPUT))</lisp><word lex="a" start="0" end="1"><sense-info penn-parts-of-speech="DT" trips-parts-of-speech="ART,QUAN,PRO" /></word><word lex="dark" start="2" end="5"><sense-info penn-parts-of-speech="NN" trips-parts-of-speech="N" /></word><word lex="-" start="6" end="6"><sense-info penn-parts-of-speech="COLON" trips-parts-of-speech="PUNC" /></word><word lex="skinned" start="7" end="14"><sense-info penn-parts-of-speech="VBN" trips-parts-of-speech="V" /></word><word lex="dark-skinned" start="2" end="14"><sense-info penn-parts-of-speech="JJ" trips-parts-of-speech="ADJ" wn-sense-keys="dark-skinned%5:00:00" /></word><word lex="boy" start="15" end="18"><sense-info penn-parts-of-speech="NN" trips-parts-of-speech="N" /></word><prefer text="a dark-skinned boy" start="0" end="18" penn-cats="NP" score="24.88" /><word lex="wearing" start="19" end="26"><sense-info penn-parts-of-speech="VBG" trips-parts-of-speech="V" /></word><word lex="a" start="27" end="28"><sense-info penn-parts-of-speech="DT" trips-parts-of-speech="ART,QUAN,PRO" /></word><word lex="grey" start="29" end="33"><sense-info penn-parts-of-speech="NN,JJ" trips-parts-of-speech="N,ADJ" alternate-spellings="gray" /></word><word lex="cap" start="34" end="37"><sense-info penn-parts-of-speech="NN" trips-parts-of-speech="N" /></word><prefer text="a grey cap" start="27" end="37" penn-cats="NP" score="22.089" /><word lex="," start="38" end="39"><sense-info penn-parts-of-speech="COMMA" trips-parts-of-speech="PUNC" /></word></tags><tree><lisp>(NP (SPEC (DET (ART A)))
<  (N1 (N1 (ADJP (N1 (N DARK)) (PUNC PUNC-MINUS) (V SKINNED)) (N1 (N BOY)))
<   (CP
<    (VP
<     (VP- (V WEARING)
<      (NP (NP (SPEC (DET (ART A))) (N1 (ADJP (ADJ1 (ADJ GREY))) (N1 (N CAP))))
<       (PUNC PUNC-COMMA)))))))</lisp><NP><SPEC><DET><ART>A</ART></DET></SPEC><N1><N1><ADJP><N1><N>DARK</N></N1><PUNC>PUNC-MINUS</PUNC><V>SKINNED</V></ADJP><N1><N>BOY</N></N1></N1><CP><VP><VP-><V>WEARING</V><NP><NP><SPEC><DET><ART>A</ART></DET></SPEC><N1><ADJP><ADJ1><ADJ>GREY</ADJ></ADJ1></ADJP><N1><N>CAP</N></N1></N1></NP><PUNC>PUNC-COMMA</PUNC></NP></VP-></VP></CP></N1></NP></tree><terms root="#V43271"><lisp>((ONT::A ONT::V43271 (:* ONT::MALE-CHILD W::BOY) :MOD ONT::V43277 :MOD
<   ONT::V43256 :START 0 :END 40)
<  (ONT::F ONT::V43256 (:* ONT::MOVE W::SKINNED) :AGENT ONT::V43245 :AFFECTED
<   ONT::V43271 :START 2 :END 15)
<  (ONT::KIND ONT::V43245 (:* ONT::LIGHT W::DARK) :START 2 :END 15)
<  (ONT::F ONT::V43277 (:* ONT::WEAR W::WEAR) :AGENT ONT::V43271 :NEUTRAL
<   ONT::V43333 :VFORM W::ING :START 19 :END 40)
<  (ONT::A ONT::V43333 (:* ONT::ATTIRE W::CAP) :MOD ONT::V43324 :START 27 :END
<   40)
<  (ONT::F ONT::V43324 (:* ONT::GRAY W::GREY) :FIGURE ONT::V43333 :SCALE
<   ONT::GREYNESS*1--07--00 :START 29 :END 34))</lisp><rdf:RDF
<   xmlns:rdf="http://www.w3.org/1999/02/22-rdf-syntax-ns#"
<   xmlns:role="http://www.cs.rochester.edu/research/trips/role#"
<   xmlns:LF="http://www.cs.rochester.edu/research/trips/LF#">
<   <rdf:Description rdf:ID="V43271">
<     <LF:indicator>A</LF:indicator>
<     <LF:type>MALE-CHILD</LF:type>
<     <LF:word>BOY</LF:word>
<     <role:MOD rdf:resource="#V43277" />
<     <role:MOD rdf:resource="#V43256" />
<     <LF:start>0</LF:start>
<     <LF:end>40</LF:end>
<   </rdf:Description>
<   <rdf:Description rdf:ID="V43256">
<     <LF:indicator>F</LF:indicator>
<     <LF:type>MOVE</LF:type>
<     <LF:word>SKINNED</LF:word>
<     <role:AGENT rdf:resource="#V43245" />
<     <role:AFFECTED rdf:resource="#V43271" />
<     <LF:start>2</LF:start>
<     <LF:end>15</LF:end>
<   </rdf:Description>
<   <rdf:Description rdf:ID="V43245">
<     <LF:indicator>KIND</LF:indicator>
<     <LF:type>LIGHT</LF:type>
<     <LF:word>DARK</LF:word>
<     <LF:start>2</LF:start>
<     <LF:end>15</LF:end>
<   </rdf:Description>
<   <rdf:Description rdf:ID="V43277">
<     <LF:indicator>F</LF:indicator>
<     <LF:type>WEAR</LF:type>
<     <LF:word>WEAR</LF:word>
<     <role:AGENT rdf:resource="#V43271" />
<     <role:NEUTRAL rdf:resource="#V43333" />
<     <role:VFORM>ING</role:VFORM>
<     <LF:start>19</LF:start>
<     <LF:end>40</LF:end>
<   </rdf:Description>
<   <rdf:Description rdf:ID="V43333">
<     <LF:indicator>A</LF:indicator>
<     <LF:type>ATTIRE</LF:type>
<     <LF:word>CAP</LF:word>
<     <role:MOD rdf:resource="#V43324" />
<     <LF:start>27</LF:start>
<     <LF:end>40</LF:end>
<   </rdf:Description>
<   <rdf:Description rdf:ID="V43324">
<     <LF:indicator>F</LF:indicator>
<     <LF:type>GRAY</LF:type>
<     <LF:word>GREY</LF:word>
<     <role:FIGURE rdf:resource="#V43333" />
<     <role:SCALE>GREYNESS*1--07--00</role:SCALE>
<     <LF:start>29</LF:start>
<     <LF:end>34</LF:end>
<   </rdf:Description>
< </rdf:RDF>
< </terms></utt><utt><words><lisp>(W::A W::RED W::AND W::WHITE W::STRIPED W::SHIRT)</lisp><word>A</word><word>RED</word><word>AND</word><word>WHITE</word><word>STRIPED</word><word>SHIRT</word></words><tags><lisp>((WORD &quot;a&quot; :FRAME (40 41) :SENSE-INFO
<   ((:PENN-PARTS-OF-SPEECH (DT) :TRIPS-PARTS-OF-SPEECH (W::ART W::QUAN W::PRO)))
<   :UTTNUM 2 :CHANNEL DESKTOP :DIRECTION INPUT)
<  (WORD &quot;red&quot; :FRAME (42 45) :SENSE-INFO
<   ((:PENN-PARTS-OF-SPEECH (JJ) :TRIPS-PARTS-OF-SPEECH (W::ADJ))) :UTTNUM 2
<   :CHANNEL DESKTOP :DIRECTION INPUT)
<  (WORD &quot;and&quot; :FRAME (46 49) :SENSE-INFO
<   ((:PENN-PARTS-OF-SPEECH (CC) :TRIPS-PARTS-OF-SPEECH (W::CONJ))) :UTTNUM 2
<   :CHANNEL DESKTOP :DIRECTION INPUT)
<  (WORD &quot;white&quot; :FRAME (50 55) :SENSE-INFO
<   ((:PENN-PARTS-OF-SPEECH (JJ) :TRIPS-PARTS-OF-SPEECH (W::ADJ))) :UTTNUM 2
<   :CHANNEL DESKTOP :DIRECTION INPUT)
<  (PREFER &quot;red and white&quot; :FRAME (42 55) :PENN-CATS (ADJP) :TRIPS-CATS (W::ADJP)
<   :SCORE 17.601 :UTTNUM 2 :CHANNEL DESKTOP :DIRECTION INPUT)
<  (WORD &quot;striped&quot; :FRAME (56 63) :SENSE-INFO
<   ((:PENN-PARTS-OF-SPEECH (VBD JJ) :TRIPS-PARTS-OF-SPEECH (W::V W::ADJ)))
<   :UTTNUM 2 :CHANNEL DESKTOP :DIRECTION INPUT)
<  (WORD &quot;shirt&quot; :FRAME (64 69) :SENSE-INFO
<   ((:PENN-PARTS-OF-SPEECH (NN) :TRIPS-PARTS-OF-SPEECH (W::N))) :UTTNUM 2
<   :CHANNEL DESKTOP :DIRECTION INPUT)
<  (PREFER &quot;a red and white striped shirt&quot; :FRAME (40 69) :PENN-CATS (NP)
<   :TRIPS-CATS (W::NP) :SCORE 47.771 :UTTNUM 2 :CHANNEL DESKTOP :DIRECTION
<   INPUT)
<  (PREFER &quot;a grey cap , a red and white striped shirt&quot; :FRAME (27 69) :PENN-CATS
<   (NP) :TRIPS-CATS (W::NP) :SCORE 76.031 :UTTNUM 2 :CHANNEL DESKTOP :DIRECTION
<   INPUT))</lisp><word lex="a" start="40" end="41"><sense-info penn-parts-of-speech="DT" trips-parts-of-speech="ART,QUAN,PRO" /></word><word lex="red" start="42" end="45"><sense-info penn-parts-of-speech="JJ" trips-parts-of-speech="ADJ" /></word><word lex="and" start="46" end="49"><sense-info penn-parts-of-speech="CC" trips-parts-of-speech="CONJ" /></word><word lex="white" start="50" end="55"><sense-info penn-parts-of-speech="JJ" trips-parts-of-speech="ADJ" /></word><prefer text="red and white" start="42" end="55" penn-cats="ADJP" score="17.601" /><word lex="striped" start="56" end="63"><sense-info penn-parts-of-speech="VBD,JJ" trips-parts-of-speech="V,ADJ" /></word><word lex="shirt" start="64" end="69"><sense-info penn-parts-of-speech="NN" trips-parts-of-speech="N" /></word><prefer text="a red and white striped shirt" start="40" end="69" penn-cats="NP" score="47.771" /><prefer text="a grey cap , a red and white striped shirt" start="27" end="69" penn-cats="NP" score="76.031" /></tags><tree><lisp>(NP (SPEC (DET (ART A)))
<  (N1 (ADJP (ADJP (ADJ1 (ADJ RED))) (CONJ AND) (ADJP (ADJ1 (ADJ WHITE))))
<   (N1 (ADJP (ADJ1 (ADJ STRIPED))) (N1 (N SHIRT)))))</lisp><NP><SPEC><DET><ART>A</ART></DET></SPEC><N1><ADJP><ADJP><ADJ1><ADJ>RED</ADJ></ADJ1></ADJP><CONJ>AND</CONJ><ADJP><ADJ1><ADJ>WHITE</ADJ></ADJ1></ADJP></ADJP><N1><ADJP><ADJ1><ADJ>STRIPED</ADJ></ADJ1></ADJP><N1><N>SHIRT</N></N1></N1></N1></NP></tree><terms root="#V43424"><lisp>((ONT::A ONT::V43424 (:* ONT::ATTIRE W::SHIRT) :MOD ONT::V43956 :MOD
<   ONT::V43416 :START 40 :END 70)
<  (ONT::F ONT::V43956 ONT::COLOR-VAL :SEQUENCE (ONT::V43382 ONT::V43399)
<   :OPERATOR ONT::AND :START 42 :END 56)
<  (ONT::F ONT::V43382 (:* ONT::RED W::RED) :FIGURE ONT::V43424 :SCALE
<   ONT::COLOR-SCALE :START 42 :END 46)
<  (ONT::F ONT::V43399 (:* ONT::WHITE W::WHITE) :FIGURE ONT::V43424 :SCALE
<   ONT::WHITE*1--07--00 :START 50 :END 56)
<  (ONT::F ONT::V43416 (:* ONT::MODIFIER W::STRIPED) :FIGURE ONT::V43424 :START
<   56 :END 64))</lisp><rdf:RDF
<   xmlns:rdf="http://www.w3.org/1999/02/22-rdf-syntax-ns#"
<   xmlns:role="http://www.cs.rochester.edu/research/trips/role#"
<   xmlns:LF="http://www.cs.rochester.edu/research/trips/LF#">
<   <rdf:Description rdf:ID="V43424">
<     <LF:indicator>A</LF:indicator>
<     <LF:type>ATTIRE</LF:type>
<     <LF:word>SHIRT</LF:word>
<     <role:MOD rdf:resource="#V43956" />
<     <role:MOD rdf:resource="#V43416" />
<     <LF:start>40</LF:start>
<     <LF:end>70</LF:end>
<   </rdf:Description>
<   <rdf:Description rdf:ID="V43956">
<     <LF:indicator>F</LF:indicator>
<     <LF:type>COLOR-VAL</LF:type>
<     <role:SEQUENCE rdf:resource="#V43382" />
<     <role:SEQUENCE1 rdf:resource="#V43399" />
<     <role:OPERATOR>AND</role:OPERATOR>
<     <LF:start>42</LF:start>
<     <LF:end>56</LF:end>
<   </rdf:Description>
<   <rdf:Description rdf:ID="V43382">
<     <LF:indicator>F</LF:indicator>
<     <LF:type>RED</LF:type>
<     <LF:word>RED</LF:word>
<     <role:FIGURE rdf:resource="#V43424" />
<     <role:SCALE>COLOR-SCALE</role:SCALE>
<     <LF:start>42</LF:start>
<     <LF:end>46</LF:end>
<   </rdf:Description>
<   <rdf:Description rdf:ID="V43399">
<     <LF:indicator>F</LF:indicator>
<     <LF:type>WHITE</LF:type>
<     <LF:word>WHITE</LF:word>
<     <role:FIGURE rdf:resource="#V43424" />
<     <role:SCALE>WHITE*1--07--00</role:SCALE>
<     <LF:start>50</LF:start>
<     <LF:end>56</LF:end>
<   </rdf:Description>
<   <rdf:Description rdf:ID="V43416">
<     <LF:indicator>F</LF:indicator>
<     <LF:type>MODIFIER</LF:type>
<     <LF:word>STRIPED</LF:word>
<     <role:FIGURE rdf:resource="#V43424" />
<     <LF:start>56</LF:start>
<     <LF:end>64</LF:end>
<   </rdf:Description>
< </rdf:RDF>
< </terms></utt><utt><words><lisp>(W::UNDER W::A W::SLEEVELESS W::GREY W::VEST W::WITH W::A W::BLACK W::ZIP
<  W::PUNC-COMMA)</lisp><word>UNDER</word><word>A</word><word>SLEEVELESS</word><word>GREY</word><word>VEST</word><word>WITH</word><word>A</word><word>BLACK</word><word>ZIP</word><word>PUNC-COMMA</word></words><tags><lisp>((WORD &quot;under&quot; :FRAME (70 75) :SENSE-INFO
<   ((:PENN-PARTS-OF-SPEECH (IN) :TRIPS-PARTS-OF-SPEECH (W::PREP W::ADV)))
<   :UTTNUM 2 :CHANNEL DESKTOP :DIRECTION INPUT)
<  (WORD &quot;a&quot; :FRAME (76 77) :SENSE-INFO
<   ((:PENN-PARTS-OF-SPEECH (DT) :TRIPS-PARTS-OF-SPEECH (W::ART W::QUAN W::PRO)))
<   :UTTNUM 2 :CHANNEL DESKTOP :DIRECTION INPUT)
<  (WORD &quot;sleeveless&quot; :FRAME (78 88) :SENSE-INFO
<   ((:PENN-PARTS-OF-SPEECH (JJ) :TRIPS-PARTS-OF-SPEECH (W::ADJ))) :UTTNUM 2
<   :CHANNEL DESKTOP :DIRECTION INPUT)
<  (WORD &quot;grey&quot; :FRAME (89 93) :SENSE-INFO
<   ((:PENN-PARTS-OF-SPEECH (NN JJ) :TRIPS-PARTS-OF-SPEECH (W::N W::ADJ)
<     :ALTERNATE-SPELLINGS (&quot;gray&quot;)))
<   :UTTNUM 2 :CHANNEL DESKTOP :DIRECTION INPUT)
<  (WORD &quot;vest&quot; :FRAME (94 98) :SENSE-INFO
<   ((:PENN-PARTS-OF-SPEECH (NN) :TRIPS-PARTS-OF-SPEECH (W::N))) :UTTNUM 2
<   :CHANNEL DESKTOP :DIRECTION INPUT)
<  (PREFER &quot;a sleeveless grey vest&quot; :FRAME (76 98) :PENN-CATS (NP) :TRIPS-CATS
<   (W::NP) :SCORE 42.047 :UTTNUM 2 :CHANNEL DESKTOP :DIRECTION INPUT)
<  (WORD &quot;with&quot; :FRAME (99 103) :SENSE-INFO
<   ((:PENN-PARTS-OF-SPEECH (IN) :TRIPS-PARTS-OF-SPEECH (W::PREP W::ADV)))
<   :UTTNUM 2 :CHANNEL DESKTOP :DIRECTION INPUT)
<  (WORD &quot;a&quot; :FRAME (104 105) :SENSE-INFO
<   ((:PENN-PARTS-OF-SPEECH (DT) :TRIPS-PARTS-OF-SPEECH (W::ART W::QUAN W::PRO)))
<   :UTTNUM 2 :CHANNEL DESKTOP :DIRECTION INPUT)
<  (WORD &quot;black&quot; :FRAME (106 111) :SENSE-INFO
<   ((:PENN-PARTS-OF-SPEECH (JJ) :TRIPS-PARTS-OF-SPEECH (W::ADJ))) :UTTNUM 2
<   :CHANNEL DESKTOP :DIRECTION INPUT)
<  (WORD &quot;zip&quot; :FRAME (112 115) :SENSE-INFO
<   ((:PENN-PARTS-OF-SPEECH (NN) :TRIPS-PARTS-OF-SPEECH (W::N))) :UTTNUM 2
<   :CHANNEL DESKTOP :DIRECTION INPUT)
<  (PREFER &quot;a black zip&quot; :FRAME (104 115) :PENN-CATS (NP) :TRIPS-CATS (W::NP)
<   :SCORE 21.153 :UTTNUM 2 :CHANNEL DESKTOP :DIRECTION INPUT)
<  (WORD &quot;,&quot; :FRAME (116 117) :SENSE-INFO
<   ((:PENN-PARTS-OF-SPEECH (COMMA) :TRIPS-PARTS-OF-SPEECH (W::PUNC))) :UTTNUM 2
<   :CHANNEL DESKTOP :DIRECTION INPUT))</lisp><word lex="under" start="70" end="75"><sense-info penn-parts-of-speech="IN" trips-parts-of-speech="PREP,ADV" /></word><word lex="a" start="76" end="77"><sense-info penn-parts-of-speech="DT" trips-parts-of-speech="ART,QUAN,PRO" /></word><word lex="sleeveless" start="78" end="88"><sense-info penn-parts-of-speech="JJ" trips-parts-of-speech="ADJ" /></word><word lex="grey" start="89" end="93"><sense-info penn-parts-of-speech="NN,JJ" trips-parts-of-speech="N,ADJ" alternate-spellings="gray" /></word><word lex="vest" start="94" end="98"><sense-info penn-parts-of-speech="NN" trips-parts-of-speech="N" /></word><prefer text="a sleeveless grey vest" start="76" end="98" penn-cats="NP" score="42.047" /><word lex="with" start="99" end="103"><sense-info penn-parts-of-speech="IN" trips-parts-of-speech="PREP,ADV" /></word><word lex="a" start="104" end="105"><sense-info penn-parts-of-speech="DT" trips-parts-of-speech="ART,QUAN,PRO" /></word><word lex="black" start="106" end="111"><sense-info penn-parts-of-speech="JJ" trips-parts-of-speech="ADJ" /></word><word lex="zip" start="112" end="115"><sense-info penn-parts-of-speech="NN" trips-parts-of-speech="N" /></word><prefer text="a black zip" start="104" end="115" penn-cats="NP" score="21.153" /><word lex="," start="116" end="117"><sense-info penn-parts-of-speech="COMMA" trips-parts-of-speech="PUNC" /></word></tags><tree><lisp>(ADVBL (ADV UNDER)
<  (NP (SPEC (DET (ART A)))
<   (N1
<    (N1 (ADJP (ADJ1 (ADJ SLEEVELESS)))
<     (N1 (ADJP (ADJ1 (ADJ GREY))) (N1 (N VEST))))
<    (ADVBL (ADV WITH)
<     (NP (NP (SPEC (DET (ART A))) (N1 (ADJP (ADJ1 (ADJ BLACK))) (N1 (N ZIP))))
<      (PUNC PUNC-COMMA))))))</lisp><ADVBL><ADV>UNDER</ADV><NP><SPEC><DET><ART>A</ART></DET></SPEC><N1><N1><ADJP><ADJ1><ADJ>SLEEVELESS</ADJ></ADJ1></ADJP><N1><ADJP><ADJ1><ADJ>GREY</ADJ></ADJ1></ADJP><N1><N>VEST</N></N1></N1></N1><ADVBL><ADV>WITH</ADV><NP><NP><SPEC><DET><ART>A</ART></DET></SPEC><N1><ADJP><ADJ1><ADJ>BLACK</ADJ></ADJ1></ADJP><N1><N>ZIP</N></N1></N1></NP><PUNC>PUNC-COMMA</PUNC></NP></ADVBL></N1></NP></ADVBL></tree><terms root="#V43428"><lisp>((ONT::F ONT::V43428 (:* ONT::BELOW W::UNDER) :GROUND ONT::V43493 :START 70
<   :END 118)
<  (ONT::A ONT::V43493 (:* ONT::ATTIRE W::VEST) :MOD ONT::V43497 :MOD ONT::V43480
<   :MOD ONT::V43483 :START 76 :END 118)
<  (ONT::F ONT::V43480 (:* ONT::MODIFIER W::SLEEVELESS) :FIGURE ONT::V43493
<   :START 78 :END 89)
<  (ONT::F ONT::V43483 (:* ONT::GRAY W::GREY) :FIGURE ONT::V43493 :SCALE
<   ONT::GREYNESS*1--07--00 :START 89 :END 94)
<  (ONT::F ONT::V43497 (:* ONT::ASSOC-WITH W::WITH) :GROUND ONT::V43558 :FIGURE
<   ONT::V43493 :START 99 :END 118)
<  (ONT::A ONT::V43558 (:* ONT::QUANTITY W::ZIP) :MOD ONT::V43550 :START 104 :END
<   118)
<  (ONT::F ONT::V43550 (:* ONT::BLACK W::BLACK) :FIGURE ONT::V43558 :SCALE
<   ONT::BLACKNESS*1--07--00 :START 106 :END 112))</lisp><rdf:RDF
<   xmlns:rdf="http://www.w3.org/1999/02/22-rdf-syntax-ns#"
<   xmlns:role="http://www.cs.rochester.edu/research/trips/role#"
<   xmlns:LF="http://www.cs.rochester.edu/research/trips/LF#">
<   <rdf:Description rdf:ID="V43428">
<     <LF:indicator>F</LF:indicator>
<     <LF:type>BELOW</LF:type>
<     <LF:word>UNDER</LF:word>
<     <role:GROUND rdf:resource="#V43493" />
<     <LF:start>70</LF:start>
<     <LF:end>118</LF:end>
<   </rdf:Description>
<   <rdf:Description rdf:ID="V43493">
<     <LF:indicator>A</LF:indicator>
<     <LF:type>ATTIRE</LF:type>
<     <LF:word>VEST</LF:word>
<     <role:MOD rdf:resource="#V43497" />
<     <role:MOD rdf:resource="#V43480" />
<     <role:MOD rdf:resource="#V43483" />
<     <LF:start>76</LF:start>
<     <LF:end>118</LF:end>
<   </rdf:Description>
<   <rdf:Description rdf:ID="V43480">
<     <LF:indicator>F</LF:indicator>
<     <LF:type>MODIFIER</LF:type>
<     <LF:word>SLEEVELESS</LF:word>
<     <role:FIGURE rdf:resource="#V43493" />
<     <LF:start>78</LF:start>
<     <LF:end>89</LF:end>
<   </rdf:Description>
<   <rdf:Description rdf:ID="V43483">
<     <LF:indicator>F</LF:indicator>
<     <LF:type>GRAY</LF:type>
<     <LF:word>GREY</LF:word>
<     <role:FIGURE rdf:resource="#V43493" />
<     <role:SCALE>GREYNESS*1--07--00</role:SCALE>
<     <LF:start>89</LF:start>
<     <LF:end>94</LF:end>
<   </rdf:Description>
<   <rdf:Description rdf:ID="V43497">
<     <LF:indicator>F</LF:indicator>
<     <LF:type>ASSOC-WITH</LF:type>
<     <LF:word>WITH</LF:word>
<     <role:GROUND rdf:resource="#V43558" />
<     <role:FIGURE rdf:resource="#V43493" />
<     <LF:start>99</LF:start>
<     <LF:end>118</LF:end>
<   </rdf:Description>
<   <rdf:Description rdf:ID="V43558">
<     <LF:indicator>A</LF:indicator>
<     <LF:type>QUANTITY</LF:type>
<     <LF:word>ZIP</LF:word>
<     <role:MOD rdf:resource="#V43550" />
<     <LF:start>104</LF:start>
<     <LF:end>118</LF:end>
<   </rdf:Description>
<   <rdf:Description rdf:ID="V43550">
<     <LF:indicator>F</LF:indicator>
<     <LF:type>BLACK</LF:type>
<     <LF:word>BLACK</LF:word>
<     <role:FIGURE rdf:resource="#V43558" />
<     <role:SCALE>BLACKNESS*1--07--00</role:SCALE>
<     <LF:start>106</LF:start>
<     <LF:end>112</LF:end>
<   </rdf:Description>
< </rdf:RDF>
< </terms></utt><utt><words><lisp>(W::BLACK W::PANTS W::AND W::RUNNERS)</lisp><word>BLACK</word><word>PANTS</word><word>AND</word><word>RUNNERS</word></words><tags><lisp>((WORD &quot;black&quot; :FRAME (118 123) :SENSE-INFO
<   ((:PENN-PARTS-OF-SPEECH (JJ) :TRIPS-PARTS-OF-SPEECH (W::ADJ))) :UTTNUM 2
<   :CHANNEL DESKTOP :DIRECTION INPUT)
<  (WORD &quot;pants&quot; :FRAME (124 129) :SENSE-INFO
<   ((:PENN-PARTS-OF-SPEECH (NNS) :TRIPS-PARTS-OF-SPEECH (W::N))) :UTTNUM 2
<   :CHANNEL DESKTOP :DIRECTION INPUT)
<  (PREFER &quot;black pants&quot; :FRAME (118 129) :PENN-CATS (NP) :TRIPS-CATS (W::NP)
<   :SCORE 18.782 :UTTNUM 2 :CHANNEL DESKTOP :DIRECTION INPUT)
<  (WORD &quot;and&quot; :FRAME (130 133) :SENSE-INFO
<   ((:PENN-PARTS-OF-SPEECH (CC) :TRIPS-PARTS-OF-SPEECH (W::CONJ))) :UTTNUM 2
<   :CHANNEL DESKTOP :DIRECTION INPUT)
<  (WORD &quot;runners&quot; :FRAME (134 141) :SENSE-INFO
<   ((:PENN-PARTS-OF-SPEECH (NNS) :TRIPS-PARTS-OF-SPEECH (W::N))) :UTTNUM 2
<   :CHANNEL DESKTOP :DIRECTION INPUT)
<  (PREFER &quot;runners&quot; :FRAME (134 141) :PENN-CATS (NP) :TRIPS-CATS (W::NP) :SCORE
<   12.962 :UTTNUM 2 :CHANNEL DESKTOP :DIRECTION INPUT)
<  (PREFER &quot;a black zip , black pants and runners&quot; :FRAME (104 141) :PENN-CATS
<   (NP) :TRIPS-CATS (W::NP) :SCORE 57.382 :UTTNUM 2 :CHANNEL DESKTOP :DIRECTION
<   INPUT)
<  (PREFER &quot;with a black zip , black pants and runners&quot; :FRAME (99 141)
<   :PENN-CATS (PP) :TRIPS-CATS (W::PP) :SCORE 62.527 :UTTNUM 2 :CHANNEL DESKTOP
<   :DIRECTION INPUT)
<  (PREFER &quot;a sleeveless grey vest with a black zip , black pants and runners&quot;
<   :FRAME (76 141) :PENN-CATS (NP) :TRIPS-CATS (W::NP) :SCORE 105.115 :UTTNUM 2
<   :CHANNEL DESKTOP :DIRECTION INPUT)
<  (PREFER
<   &quot;under a sleeveless grey vest with a black zip , black pants and runners&quot;
<   :FRAME (70 141) :PENN-CATS (PP) :TRIPS-CATS (W::PP) :SCORE 111.419 :UTTNUM 2
<   :CHANNEL DESKTOP :DIRECTION INPUT)
<  (PREFER
<   &quot;wearing a grey cap , a red and white striped shirt under a sleeveless grey vest with a black zip , black pants and runners&quot;
<   :FRAME (19 141) :PENN-CATS (VP) :TRIPS-CATS (W::VP) :SCORE 198.963 :UTTNUM 2
<   :CHANNEL DESKTOP :DIRECTION INPUT)
<  (PREFER
<   &quot;a dark-skinned boy wearing a grey cap , a red and white striped shirt under a sleeveless grey vest with a black zip , black pants and runners&quot;
<   :FRAME (0 141) :PENN-CATS (NP) :TRIPS-CATS (W::NP) :SCORE 226.404 :UTTNUM 2
<   :CHANNEL DESKTOP :DIRECTION INPUT))</lisp><word lex="black" start="118" end="123"><sense-info penn-parts-of-speech="JJ" trips-parts-of-speech="ADJ" /></word><word lex="pants" start="124" end="129"><sense-info penn-parts-of-speech="NNS" trips-parts-of-speech="N" /></word><prefer text="black pants" start="118" end="129" penn-cats="NP" score="18.782" /><word lex="and" start="130" end="133"><sense-info penn-parts-of-speech="CC" trips-parts-of-speech="CONJ" /></word><word lex="runners" start="134" end="141"><sense-info penn-parts-of-speech="NNS" trips-parts-of-speech="N" /></word><prefer text="runners" start="134" end="141" penn-cats="NP" score="12.962" /><prefer text="a black zip , black pants and runners" start="104" end="141" penn-cats="NP" score="57.382" /><prefer text="with a black zip , black pants and runners" start="99" end="141" penn-cats="PP" score="62.527" /><prefer text="a sleeveless grey vest with a black zip , black pants and runners" start="76" end="141" penn-cats="NP" score="105.115" /><prefer text="under a sleeveless grey vest with a black zip , black pants and runners" start="70" end="141" penn-cats="PP" score="111.419" /><prefer text="wearing a grey cap , a red and white striped shirt under a sleeveless grey vest with a black zip , black pants and runners" start="19" end="141" penn-cats="VP" score="198.963" /><prefer text="a dark-skinned boy wearing a grey cap , a red and white striped shirt under a sleeveless grey vest with a black zip , black pants and runners" start="0" end="141" penn-cats="NP" score="226.404" /></tags><tree><lisp>(NP (NP (N1 (ADJP (ADJ1 (ADJ BLACK))) (N1 (N PANTS)))) (CONJ AND)
<  (NP (N1 (N RUNNERS))))</lisp><NP><NP><N1><ADJP><ADJ1><ADJ>BLACK</ADJ></ADJ1></ADJP><N1><N>PANTS</N></N1></N1></NP><CONJ>AND</CONJ><NP><N1><N>RUNNERS</N></N1></NP></NP></tree><terms root="#V43577"><lisp>((ONT::INDEF-SET ONT::V43577 ONT::PHYS-OBJECT :OPERATOR ONT::AND :SEQUENCE
<   (ONT::V43570 ONT::V43586) :START 118 :END 142)
<  (ONT::BARE ONT::V43570 (:* ONT::ATTIRE W::PANTS) :MOD ONT::V43567 :START 118
<   :END 130)
<  (ONT::F ONT::V43567 (:* ONT::BLACK W::BLACK) :FIGURE ONT::V43570 :SCALE
<   ONT::BLACKNESS*1--07--00 :START 118 :END 124)
<  (ONT::INDEF-SET ONT::V43586 (:* ONT::ATHLETE W::RUNNER) :START 134 :END 142))</lisp><rdf:RDF
<   xmlns:rdf="http://www.w3.org/1999/02/22-rdf-syntax-ns#"
<   xmlns:role="http://www.cs.rochester.edu/research/trips/role#"
<   xmlns:LF="http://www.cs.rochester.edu/research/trips/LF#">
<   <rdf:Description rdf:ID="V43577">
<     <LF:indicator>INDEF-SET</LF:indicator>
<     <LF:type>PHYS-OBJECT</LF:type>
<     <role:OPERATOR>AND</role:OPERATOR>
<     <role:SEQUENCE rdf:resource="#V43570" />
<     <role:SEQUENCE1 rdf:resource="#V43586" />
<     <LF:start>118</LF:start>
<     <LF:end>142</LF:end>
<   </rdf:Description>
<   <rdf:Description rdf:ID="V43570">
<     <LF:indicator>BARE</LF:indicator>
<     <LF:type>ATTIRE</LF:type>
<     <LF:word>PANTS</LF:word>
<     <role:MOD rdf:resource="#V43567" />
<     <LF:start>118</LF:start>
<     <LF:end>130</LF:end>
<   </rdf:Description>
<   <rdf:Description rdf:ID="V43567">
<     <LF:indicator>F</LF:indicator>
<     <LF:type>BLACK</LF:type>
<     <LF:word>BLACK</LF:word>
<     <role:FIGURE rdf:resource="#V43570" />
<     <role:SCALE>BLACKNESS*1--07--00</role:SCALE>
<     <LF:start>118</LF:start>
<     <LF:end>124</LF:end>
<   </rdf:Description>
<   <rdf:Description rdf:ID="V43586">
<     <LF:indicator>INDEF-SET</LF:indicator>
<     <LF:type>ATHLETE</LF:type>
<     <LF:word>RUNNER</LF:word>
<     <LF:start>134</LF:start>
<     <LF:end>142</LF:end>
<   </rdf:Description>
< </rdf:RDF>
< </terms></utt><utt><words><lisp>(W::IS W::STANDING W::AT W::A W::LOOKOUT W::AND W::CARRYING W::A W::BLACK
<  W::BAG W::IN W::HIS W::RIGHT W::HAND W::PUNC-PERIOD)</lisp><word>IS</word><word>STANDING</word><word>AT</word><word>A</word><word>LOOKOUT</word><word>AND</word><word>CARRYING</word><word>A</word><word>BLACK</word><word>BAG</word><word>IN</word><word>HIS</word><word>RIGHT</word><word>HAND</word><word>PUNC-PERIOD</word></words><tags><lisp>((WORD &quot;is&quot; :FRAME (142 144) :SENSE-INFO
<   ((:PENN-PARTS-OF-SPEECH (VBZ) :TRIPS-PARTS-OF-SPEECH (W::V))) :UTTNUM 2
<   :CHANNEL DESKTOP :DIRECTION INPUT)
<  (WORD &quot;standing&quot; :FRAME (145 153) :SENSE-INFO
<   ((:PENN-PARTS-OF-SPEECH (VBG) :TRIPS-PARTS-OF-SPEECH (W::V))) :UTTNUM 2
<   :CHANNEL DESKTOP :DIRECTION INPUT)
<  (WORD &quot;at&quot; :FRAME (154 156) :SENSE-INFO
<   ((:PENN-PARTS-OF-SPEECH (IN) :TRIPS-PARTS-OF-SPEECH (W::PREP W::ADV)))
<   :UTTNUM 2 :CHANNEL DESKTOP :DIRECTION INPUT)
<  (WORD &quot;a&quot; :FRAME (157 158) :SENSE-INFO
<   ((:PENN-PARTS-OF-SPEECH (DT) :TRIPS-PARTS-OF-SPEECH (W::ART W::QUAN W::PRO)))
<   :UTTNUM 2 :CHANNEL DESKTOP :DIRECTION INPUT)
<  (WORD &quot;lookout&quot; :FRAME (159 166) :SENSE-INFO
<   ((:PENN-PARTS-OF-SPEECH (NN) :TRIPS-PARTS-OF-SPEECH (W::N))) :UTTNUM 2
<   :CHANNEL DESKTOP :DIRECTION INPUT)
<  (PREFER &quot;a lookout&quot; :FRAME (157 166) :PENN-CATS (NP) :TRIPS-CATS (W::NP)
<   :SCORE 14.824 :UTTNUM 2 :CHANNEL DESKTOP :DIRECTION INPUT)
<  (PREFER &quot;at a lookout&quot; :FRAME (154 166) :PENN-CATS (PP) :TRIPS-CATS (W::PP)
<   :SCORE 18.151 :UTTNUM 2 :CHANNEL DESKTOP :DIRECTION INPUT)
<  (PREFER &quot;standing at a lookout&quot; :FRAME (145 166) :PENN-CATS (VP) :TRIPS-CATS
<   (W::VP) :SCORE 27.325 :UTTNUM 2 :CHANNEL DESKTOP :DIRECTION INPUT)
<  (WORD &quot;and&quot; :FRAME (167 170) :SENSE-INFO
<   ((:PENN-PARTS-OF-SPEECH (CC) :TRIPS-PARTS-OF-SPEECH (W::CONJ))) :UTTNUM 2
<   :CHANNEL DESKTOP :DIRECTION INPUT)
<  (WORD &quot;carrying&quot; :FRAME (171 179) :SENSE-INFO
<   ((:PENN-PARTS-OF-SPEECH (VBG) :TRIPS-PARTS-OF-SPEECH (W::V))) :UTTNUM 2
<   :CHANNEL DESKTOP :DIRECTION INPUT)
<  (WORD &quot;a&quot; :FRAME (180 181) :SENSE-INFO
<   ((:PENN-PARTS-OF-SPEECH (DT) :TRIPS-PARTS-OF-SPEECH (W::ART W::QUAN W::PRO)))
<   :UTTNUM 2 :CHANNEL DESKTOP :DIRECTION INPUT)
<  (WORD &quot;black&quot; :FRAME (182 187) :SENSE-INFO
<   ((:PENN-PARTS-OF-SPEECH (JJ) :TRIPS-PARTS-OF-SPEECH (W::ADJ))) :UTTNUM 2
<   :CHANNEL DESKTOP :DIRECTION INPUT)
<  (WORD &quot;bag&quot; :FRAME (188 191) :SENSE-INFO
<   ((:PENN-PARTS-OF-SPEECH (NN) :TRIPS-PARTS-OF-SPEECH (W::N))) :UTTNUM 2
<   :CHANNEL DESKTOP :DIRECTION INPUT)
<  (PREFER &quot;a black bag&quot; :FRAME (180 191) :PENN-CATS (NP) :TRIPS-CATS (W::NP)
<   :SCORE 20.049 :UTTNUM 2 :CHANNEL DESKTOP :DIRECTION INPUT)
<  (WORD &quot;in&quot; :FRAME (192 194) :SENSE-INFO
<   ((:PENN-PARTS-OF-SPEECH (IN) :TRIPS-PARTS-OF-SPEECH (W::PREP W::ADV)))
<   :UTTNUM 2 :CHANNEL DESKTOP :DIRECTION INPUT)
<  (WORD &quot;his&quot; :FRAME (195 198) :SENSE-INFO
<   ((:PENN-PARTS-OF-SPEECH (PRP$) :TRIPS-PARTS-OF-SPEECH (W::PRO))) :UTTNUM 2
<   :CHANNEL DESKTOP :DIRECTION INPUT)
<  (WORD &quot;right&quot; :FRAME (199 204) :SENSE-INFO
<   ((:PENN-PARTS-OF-SPEECH (NN JJ) :TRIPS-PARTS-OF-SPEECH (W::N W::ADJ)))
<   :UTTNUM 2 :CHANNEL DESKTOP :DIRECTION INPUT)
<  (WORD &quot;hand&quot; :FRAME (205 209) :SENSE-INFO
<   ((:PENN-PARTS-OF-SPEECH (NN) :TRIPS-PARTS-OF-SPEECH (W::N))) :UTTNUM 2
<   :CHANNEL DESKTOP :DIRECTION INPUT)
<  (WORD &quot;right hand&quot; :FRAME (199 209) :SENSE-INFO
<   ((:PENN-PARTS-OF-SPEECH (NN) :TRIPS-PARTS-OF-SPEECH (W::N) :WN-SENSE-KEYS
<     (&quot;right_hand%1:08:00&quot;)))
<   :UTTNUM 2 :CHANNEL DESKTOP :DIRECTION INPUT)
<  (PREFER &quot;his right hand&quot; :FRAME (195 209) :PENN-CATS (NP) :TRIPS-CATS (W::NP)
<   :SCORE 21.146 :UTTNUM 2 :CHANNEL DESKTOP :DIRECTION INPUT)
<  (PREFER &quot;in his right hand&quot; :FRAME (192 209) :PENN-CATS (PP) :TRIPS-CATS
<   (W::PP) :SCORE 23.398 :UTTNUM 2 :CHANNEL DESKTOP :DIRECTION INPUT)
<  (PREFER &quot;a black bag in his right hand&quot; :FRAME (180 209) :PENN-CATS (NP)
<   :TRIPS-CATS (W::NP) :SCORE 43.853 :UTTNUM 2 :CHANNEL DESKTOP :DIRECTION
<   INPUT)
<  (PREFER &quot;carrying a black bag in his right hand&quot; :FRAME (171 209) :PENN-CATS
<   (VP) :TRIPS-CATS (W::VP) :SCORE 52.443 :UTTNUM 2 :CHANNEL DESKTOP :DIRECTION
<   INPUT)
<  (PREFER &quot;standing at a lookout and carrying a black bag in his right hand&quot;
<   :FRAME (145 209) :PENN-CATS (VP) :TRIPS-CATS (W::VP) :SCORE 84.449 :UTTNUM 2
<   :CHANNEL DESKTOP :DIRECTION INPUT)
<  (PREFER &quot;is standing at a lookout and carrying a black bag in his right hand&quot;
<   :FRAME (142 209) :PENN-CATS (VP) :TRIPS-CATS (W::VP) :SCORE 88.709 :UTTNUM 2
<   :CHANNEL DESKTOP :DIRECTION INPUT)
<  (WORD &quot;.&quot; :FRAME (210 210) :SENSE-INFO
<   ((:PENN-PARTS-OF-SPEECH (FULL_STOP) :TRIPS-PARTS-OF-SPEECH (W::PUNC)))
<   :UTTNUM 2 :CHANNEL DESKTOP :DIRECTION INPUT)
<  (PREFER
<   &quot;a dark-skinned boy wearing a grey cap , a red and white striped shirt under a sleeveless grey vest with a black zip , black pants and runners is standing at a lookout and carrying a black bag in his right hand .&quot;
<   :FRAME (0 210) :PENN-CATS (S) :SCORE 319.027 :UTTNUM 2 :CHANNEL DESKTOP
<   :DIRECTION INPUT))</lisp><word lex="is" start="142" end="144"><sense-info penn-parts-of-speech="VBZ" trips-parts-of-speech="V" /></word><word lex="standing" start="145" end="153"><sense-info penn-parts-of-speech="VBG" trips-parts-of-speech="V" /></word><word lex="at" start="154" end="156"><sense-info penn-parts-of-speech="IN" trips-parts-of-speech="PREP,ADV" /></word><word lex="a" start="157" end="158"><sense-info penn-parts-of-speech="DT" trips-parts-of-speech="ART,QUAN,PRO" /></word><word lex="lookout" start="159" end="166"><sense-info penn-parts-of-speech="NN" trips-parts-of-speech="N" /></word><prefer text="a lookout" start="157" end="166" penn-cats="NP" score="14.824" /><prefer text="at a lookout" start="154" end="166" penn-cats="PP" score="18.151" /><prefer text="standing at a lookout" start="145" end="166" penn-cats="VP" score="27.325" /><word lex="and" start="167" end="170"><sense-info penn-parts-of-speech="CC" trips-parts-of-speech="CONJ" /></word><word lex="carrying" start="171" end="179"><sense-info penn-parts-of-speech="VBG" trips-parts-of-speech="V" /></word><word lex="a" start="180" end="181"><sense-info penn-parts-of-speech="DT" trips-parts-of-speech="ART,QUAN,PRO" /></word><word lex="black" start="182" end="187"><sense-info penn-parts-of-speech="JJ" trips-parts-of-speech="ADJ" /></word><word lex="bag" start="188" end="191"><sense-info penn-parts-of-speech="NN" trips-parts-of-speech="N" /></word><prefer text="a black bag" start="180" end="191" penn-cats="NP" score="20.049" /><word lex="in" start="192" end="194"><sense-info penn-parts-of-speech="IN" trips-parts-of-speech="PREP,ADV" /></word><word lex="his" start="195" end="198"><sense-info penn-parts-of-speech="PRP$" trips-parts-of-speech="PRO" /></word><word lex="right" start="199" end="204"><sense-info penn-parts-of-speech="NN,JJ" trips-parts-of-speech="N,ADJ" /></word><word lex="hand" start="205" end="209"><sense-info penn-parts-of-speech="NN" trips-parts-of-speech="N" /></word><word lex="right hand" start="199" end="209"><sense-info penn-parts-of-speech="NN" trips-parts-of-speech="N" wn-sense-keys="right_hand%1:08:00" /></word><prefer text="his right hand" start="195" end="209" penn-cats="NP" score="21.146" /><prefer text="in his right hand" start="192" end="209" penn-cats="PP" score="23.398" /><prefer text="a black bag in his right hand" start="180" end="209" penn-cats="NP" score="43.853" /><prefer text="carrying a black bag in his right hand" start="171" end="209" penn-cats="VP" score="52.443" /><prefer text="standing at a lookout and carrying a black bag in his right hand" start="145" end="209" penn-cats="VP" score="84.449" /><prefer text="is standing at a lookout and carrying a black bag in his right hand" start="142" end="209" penn-cats="VP" score="88.709" /><word lex="." start="210" end="210"><sense-info penn-parts-of-speech="FULL_STOP" trips-parts-of-speech="PUNC" /></word><prefer text="a dark-skinned boy wearing a grey cap , a red and white striped shirt under a sleeveless grey vest with a black zip , black pants and runners is standing at a lookout and carrying a black bag in his right hand ." start="0" end="210" penn-cats="S" score="319.027" /></tags><tree><lisp>(UTT
<  (UTT
<   (S (V IS)
<    (NP
<     (VP
<      (VP- (VP- (V STANDING))
<       (ADVBL (ADVBL (ADV AT) (NP (SPEC (DET (ART A))) (N1 (N LOOKOUT))))
<        (CONJ AND)
<        (ADVBL
<         (VP
<          (VP- (V CARRYING)
<           (NP (SPEC (DET (ART A)))
<            (N1 (ADJP (ADJ1 (ADJ BLACK))) (N1 (N BAG)))))))))))
<    (PRED
<     (ADVBL (ADV IN)
<      (NP (SPEC (DET (POSSESSOR (PRO HIS)))) (N1 (N RIGHT HAND)))))))
<  (PUNC PUNC-PERIOD))</lisp><UTT><UTT><S><V>IS</V><NP><VP><VP-><VP-><V>STANDING</V></VP-><ADVBL><ADVBL><ADV>AT</ADV><NP><SPEC><DET><ART>A</ART></DET></SPEC><N1><N>LOOKOUT</N></N1></NP></ADVBL><CONJ>AND</CONJ><ADVBL><VP><VP-><V>CARRYING</V><NP><SPEC><DET><ART>A</ART></DET></SPEC><N1><ADJP><ADJ1><ADJ>BLACK</ADJ></ADJ1></ADJP><N1><N>BAG</N></N1></N1></NP></VP-></VP></ADVBL></ADVBL></VP-></VP></NP><PRED><ADVBL><ADV>IN</ADV><NP><SPEC><DET><POSSESSOR><PRO>HIS</PRO></POSSESSOR></DET></SPEC><N1><N>RIGHT HAND</N></N1></NP></ADVBL></PRED></S></UTT><PUNC>PUNC-PERIOD</PUNC></UTT></tree><terms root="#V50261"><lisp>((ONT::SPEECHACT ONT::V50261 ONT::SA_YN-QUESTION :PUNCTYPE W::DECL :CONTENT
<   ONT::V43594 :START 142 :END 210)
<  (ONT::F ONT::V43594 (:* ONT::HAVE-PROPERTY W::BE) :NEUTRAL ONT::V43612 :FORMAL
<   ONT::V43748 :TENSE W::PRES :START 142 :END 210)
<  (ONT::BARE ONT::V43612 (:* ONT::BE-AT-LOC W::STAND) :MOD ONT::V44892 :START
<   145 :END 192)
<  (ONT::F ONT::V44892 ONT::ABSTRACT-OBJECT :SEQUENCE (ONT::V43623 ONT::V44499)
<   :OPERATOR ONT::AND :START 154 :END 192)
<  (ONT::F ONT::V43623 (:* ONT::AT-LOC W::AT) :GROUND ONT::V43677 :FIGURE
<   ONT::V43612 :START 154 :END 167)
<  (ONT::A ONT::V43677 (:* ONT::PERSON W::LOOKOUT) :START 157 :END 167)
<  (ONT::F ONT::V44499 ONT::IMPLICIT-OVERLAP :FIGURE ONT::V43612 :GROUND
<   ONT::V43694 :START 171 :END 192)
<  (ONT::F ONT::V43694 (:* ONT::TRANSPORT W::CARRY) :AFFECTED ONT::V43741 :VFORM
<   W::ING :START 171 :END 192)
<  (ONT::A ONT::V43741 (:* ONT::BAG W::BAG) :MOD ONT::V43738 :START 180 :END 192)
<  (ONT::F ONT::V43738 (:* ONT::BLACK W::BLACK) :FIGURE ONT::V43741 :SCALE
<   ONT::BLACKNESS*1--07--00 :START 182 :END 188)
<  (ONT::F ONT::V43748 (:* ONT::IN-LOC W::IN) :GROUND ONT::V43841 :FIGURE
<   ONT::V43612 :START 192 :END 210)
<  (ONT::THE ONT::V43841 (:* ONT::BODY-PART W::RIGHT-HAND) :ASSOC-POSS
<   ONT::V43798 :START 195 :END 210 :WNSENSE &quot;right_hand%1:08:00&quot;)
<  (ONT::PRO ONT::V43798 (:* ONT::MALE-PERSON W::HIS) :PROFORM W::HIS :START 195
<   :END 210 :COREF ONT::V43271))</lisp><rdf:RDF
<   xmlns:rdf="http://www.w3.org/1999/02/22-rdf-syntax-ns#"
<   xmlns:role="http://www.cs.rochester.edu/research/trips/role#"
<   xmlns:LF="http://www.cs.rochester.edu/research/trips/LF#">
<   <rdf:Description rdf:ID="V50261">
<     <LF:indicator>SPEECHACT</LF:indicator>
<     <LF:type>SA_YN-QUESTION</LF:type>
<     <role:PUNCTYPE>DECL</role:PUNCTYPE>
<     <role:CONTENT rdf:resource="#V43594" />
<     <LF:start>142</LF:start>
<     <LF:end>210</LF:end>
<   </rdf:Description>
<   <rdf:Description rdf:ID="V43594">
<     <LF:indicator>F</LF:indicator>
<     <LF:type>HAVE-PROPERTY</LF:type>
<     <LF:word>BE</LF:word>
<     <role:NEUTRAL rdf:resource="#V43612" />
<     <role:FORMAL rdf:resource="#V43748" />
<     <role:TENSE>PRES</role:TENSE>
<     <LF:start>142</LF:start>
<     <LF:end>210</LF:end>
<   </rdf:Description>
<   <rdf:Description rdf:ID="V43612">
<     <LF:indicator>BARE</LF:indicator>
<     <LF:type>BE-AT-LOC</LF:type>
<     <LF:word>STAND</LF:word>
<     <role:MOD rdf:resource="#V44892" />
<     <LF:start>145</LF:start>
<     <LF:end>192</LF:end>
<   </rdf:Description>
<   <rdf:Description rdf:ID="V44892">
<     <LF:indicator>F</LF:indicator>
<     <LF:type>ABSTRACT-OBJECT</LF:type>
<     <role:SEQUENCE rdf:resource="#V43623" />
<     <role:SEQUENCE1 rdf:resource="#V44499" />
<     <role:OPERATOR>AND</role:OPERATOR>
<     <LF:start>154</LF:start>
<     <LF:end>192</LF:end>
<   </rdf:Description>
<   <rdf:Description rdf:ID="V43623">
<     <LF:indicator>F</LF:indicator>
<     <LF:type>AT-LOC</LF:type>
<     <LF:word>AT</LF:word>
<     <role:GROUND rdf:resource="#V43677" />
<     <role:FIGURE rdf:resource="#V43612" />
<     <LF:start>154</LF:start>
<     <LF:end>167</LF:end>
<   </rdf:Description>
<   <rdf:Description rdf:ID="V43677">
<     <LF:indicator>A</LF:indicator>
<     <LF:type>PERSON</LF:type>
<     <LF:word>LOOKOUT</LF:word>
<     <LF:start>157</LF:start>
<     <LF:end>167</LF:end>
<   </rdf:Description>
<   <rdf:Description rdf:ID="V44499">
<     <LF:indicator>F</LF:indicator>
<     <LF:type>IMPLICIT-OVERLAP</LF:type>
<     <role:FIGURE rdf:resource="#V43612" />
<     <role:GROUND rdf:resource="#V43694" />
<     <LF:start>171</LF:start>
<     <LF:end>192</LF:end>
<   </rdf:Description>
<   <rdf:Description rdf:ID="V43694">
<     <LF:indicator>F</LF:indicator>
<     <LF:type>TRANSPORT</LF:type>
<     <LF:word>CARRY</LF:word>
<     <role:AFFECTED rdf:resource="#V43741" />
<     <role:VFORM>ING</role:VFORM>
<     <LF:start>171</LF:start>
<     <LF:end>192</LF:end>
<   </rdf:Description>
<   <rdf:Description rdf:ID="V43741">
<     <LF:indicator>A</LF:indicator>
<     <LF:type>BAG</LF:type>
<     <LF:word>BAG</LF:word>
<     <role:MOD rdf:resource="#V43738" />
<     <LF:start>180</LF:start>
<     <LF:end>192</LF:end>
<   </rdf:Description>
<   <rdf:Description rdf:ID="V43738">
<     <LF:indicator>F</LF:indicator>
<     <LF:type>BLACK</LF:type>
<     <LF:word>BLACK</LF:word>
<     <role:FIGURE rdf:resource="#V43741" />
<     <role:SCALE>BLACKNESS*1--07--00</role:SCALE>
<     <LF:start>182</LF:start>
<     <LF:end>188</LF:end>
<   </rdf:Description>
<   <rdf:Description rdf:ID="V43748">
<     <LF:indicator>F</LF:indicator>
<     <LF:type>IN-LOC</LF:type>
<     <LF:word>IN</LF:word>
<     <role:GROUND rdf:resource="#V43841" />
<     <role:FIGURE rdf:resource="#V43612" />
<     <LF:start>192</LF:start>
<     <LF:end>210</LF:end>
<   </rdf:Description>
<   <rdf:Description rdf:ID="V43841">
<     <LF:indicator>THE</LF:indicator>
<     <LF:type>BODY-PART</LF:type>
<     <LF:word>RIGHT-HAND</LF:word>
<     <role:ASSOC-POSS rdf:resource="#V43798" />
<     <LF:start>195</LF:start>
<     <LF:end>210</LF:end>
<     <role:WNSENSE>right_hand%1:08:00</role:WNSENSE>
<   </rdf:Description>
<   <rdf:Description rdf:ID="V43798">
<     <LF:indicator>PRO</LF:indicator>
<     <LF:type>MALE-PERSON</LF:type>
<     <LF:word>HIS</LF:word>
<     <role:PROFORM>HIS</role:PROFORM>
<     <LF:start>195</LF:start>
<     <LF:end>210</LF:end>
<     <role:COREF rdf:resource="#V43271" />
<   </rdf:Description>
< </rdf:RDF>
< </terms></utt></compound-communication-act>
< </trips-parser-output>
\ No newline at end of file
---
> <SpRL>
>  <SCENE>
>   <SENTENCE id="s1" indicator="A" type="MALE-CHILD" text="BOY" start="0" end="40">
>    <TEXT>a dark-skinned boy wearing a grey cap , a</TEXT>
>    <RELATION id="1" head="V43271" res="V43277" label="MOD"/>
>    <RELATION id="2" head="V43271" res="V43256" label="MOD"/>
>    <PHRASE id="V43256" indicator="F" type="MOVE" text="SKINNED" start="2" end="15"/>
>    <RELATION id="3" head="V43256" res="V43245" label="AGENT"/>
>    <RELATION id="4" head="V43256" res="V43271" label="AFFECTED"/>
>    <PHRASE id="V43245" indicator="KIND" type="LIGHT" text="DARK" start="2" end="15"/>
>    <PHRASE id="V43277" indicator="F" type="WEAR" text="WEAR" VFORM="ING" start="19" end="40"/>
>    <RELATION id="5" head="V43277" res="V43271" label="AGENT"/>
>    <RELATION id="6" head="V43277" res="V43333" label="NEUTRAL"/>
>    <PHRASE id="V43333" indicator="A" type="ATTIRE" text="CAP" start="27" end="40"/>
>    <RELATION id="7" head="V43333" res="V43324" label="MOD"/>
>    <PHRASE id="V43324" indicator="F" type="GRAY" text="GREY" SCALE="GREYNESS*1--07--00" start="29" end="34"/>
>    <RELATION id="8" head="V43324" res="V43333" label="FIGURE"/>
>   </SENTENCE>
>   <SENTENCE id="s2" indicator="A" type="ATTIRE" text="SHIRT" start="40" end="70">
>    <TEXT>a red and white striped shirt u</TEXT>
>    <RELATION id="9" head="V43424" res="V43956" label="MOD"/>
>    <RELATION id="10" head="V43424" res="V43416" label="MOD"/>
>    <PHRASE id="V43956" indicator="F" type="COLOR-VAL" OPERATOR="AND" start="42" end="56"/>
>    <RELATION id="11" head="V43956" res="V43382" label="SEQUENCE"/>
>    <RELATION id="12" head="V43956" res="V43399" label="SEQUENCE1"/>
>    <PHRASE id="V43382" indicator="F" type="RED" text="RED" SCALE="COLOR-SCALE" start="42" end="46"/>
>    <RELATION id="13" head="V43382" res="V43424" label="FIGURE"/>
>    <PHRASE id="V43399" indicator="F" type="WHITE" text="WHITE" SCALE="WHITE*1--07--00" start="50" end="56"/>
>    <RELATION id="14" head="V43399" res="V43424" label="FIGURE"/>
>    <PHRASE id="V43416" indicator="F" type="MODIFIER" text="STRIPED" start="56" end="64"/>
>    <RELATION id="15" head="V43416" res="V43424" label="FIGURE"/>
>   </SENTENCE>
>   <SENTENCE id="s3" indicator="F" type="BELOW" text="UNDER" start="70" end="118">
>    <TEXT>under a sleeveless grey vest with a black zip , b</TEXT>
>    <RELATION id="16" head="V43428" res="V43493" label="GROUND"/>
>    <PHRASE id="V43493" indicator="A" type="ATTIRE" text="VEST" start="76" end="118"/>
>    <RELATION id="17" head="V43493" res="V43497" label="MOD"/>
>    <RELATION id="18" head="V43493" res="V43480" label="MOD"/>
>    <RELATION id="19" head="V43493" res="V43483" label="MOD"/>
>    <PHRASE id="V43480" indicator="F" type="MODIFIER" text="SLEEVELESS" start="78" end="89"/>
>    <RELATION id="20" head="V43480" res="V43493" label="FIGURE"/>
>    <PHRASE id="V43483" indicator="F" type="GRAY" text="GREY" SCALE="GREYNESS*1--07--00" start="89" end="94"/>
>    <RELATION id="21" head="V43483" res="V43493" label="FIGURE"/>
>    <PHRASE id="V43497" indicator="F" type="ASSOC-WITH" text="WITH" start="99" end="118"/>
>    <RELATION id="22" head="V43497" res="V43558" label="GROUND"/>
>    <RELATION id="23" head="V43497" res="V43493" label="FIGURE"/>
>    <PHRASE id="V43558" indicator="A" type="QUANTITY" text="ZIP" start="104" end="118"/>
>    <RELATION id="24" head="V43558" res="V43550" label="MOD"/>
>    <PHRASE id="V43550" indicator="F" type="BLACK" text="BLACK" SCALE="BLACKNESS*1--07--00" start="106" end="112"/>
>    <RELATION id="25" head="V43550" res="V43558" label="FIGURE"/>
>   </SENTENCE>
>   <SENTENCE id="s4" indicator="INDEF-SET" type="PHYS-OBJECT" OPERATOR="AND" start="118" end="142">
>    <TEXT>black pants and runners i</TEXT>
>    <RELATION id="26" head="V43577" res="V43570" label="SEQUENCE"/>
>    <RELATION id="27" head="V43577" res="V43586" label="SEQUENCE1"/>
>    <PHRASE id="V43570" indicator="BARE" type="ATTIRE" text="PANTS" start="118" end="130"/>
>    <RELATION id="28" head="V43570" res="V43567" label="MOD"/>
>    <PHRASE id="V43567" indicator="F" type="BLACK" text="BLACK" SCALE="BLACKNESS*1--07--00" start="118" end="124"/>
>    <RELATION id="29" head="V43567" res="V43570" label="FIGURE"/>
>    <PHRASE id="V43586" indicator="INDEF-SET" type="ATHLETE" text="RUNNER" start="134" end="142"/>
>   </SENTENCE>
>   <SENTENCE id="s5" indicator="SPEECHACT" type="SA_YN-QUESTION" PUNCTYPE="DECL" start="142" end="210">
>    <TEXT>is standing at a lookout and carrying a black bag in his right hand .</TEXT>
>    <RELATION id="30" head="V50261" res="V43594" label="CONTENT"/>
>    <PHRASE id="V43594" indicator="F" type="HAVE-PROPERTY" text="BE" TENSE="PRES" start="142" end="210"/>
>    <RELATION id="31" head="V43594" res="V43612" label="NEUTRAL"/>
>    <RELATION id="32" head="V43594" res="V43748" label="FORMAL"/>
>    <PHRASE id="V43612" indicator="BARE" type="BE-AT-LOC" text="STAND" start="145" end="192"/>
>    <RELATION id="33" head="V43612" res="V44892" label="MOD"/>
>    <PHRASE id="V44892" indicator="F" type="ABSTRACT-OBJECT" OPERATOR="AND" start="154" end="192"/>
>    <RELATION id="34" head="V44892" res="V43623" label="SEQUENCE"/>
>    <RELATION id="35" head="V44892" res="V44499" label="SEQUENCE1"/>
>    <PHRASE id="V43623" indicator="F" type="AT-LOC" text="AT" start="154" end="167"/>
>    <RELATION id="36" head="V43623" res="V43677" label="GROUND"/>
>    <RELATION id="37" head="V43623" res="V43612" label="FIGURE"/>
>    <PHRASE id="V43677" indicator="A" type="PERSON" text="LOOKOUT" start="157" end="167"/>
>    <PHRASE id="V44499" indicator="F" type="IMPLICIT-OVERLAP" start="171" end="192"/>
>    <RELATION id="38" head="V44499" res="V43612" label="FIGURE"/>
>    <RELATION id="39" head="V44499" res="V43694" label="GROUND"/>
>    <PHRASE id="V43694" indicator="F" type="TRANSPORT" text="CARRY" VFORM="ING" start="171" end="192"/>
>    <RELATION id="40" head="V43694" res="V43741" label="AFFECTED"/>
>    <PHRASE id="V43741" indicator="A" type="BAG" text="BAG" start="180" end="192"/>
>    <RELATION id="41" head="V43741" res="V43738" label="MOD"/>
>    <PHRASE id="V43738" indicator="F" type="BLACK" text="BLACK" SCALE="BLACKNESS*1--07--00" start="182" end="188"/>
>    <RELATION id="42" head="V43738" res="V43741" label="FIGURE"/>
>    <PHRASE id="V43748" indicator="F" type="IN-LOC" text="IN" start="192" end="210"/>
>    <RELATION id="43" head="V43748" res="V43841" label="GROUND"/>
>    <RELATION id="44" head="V43748" res="V43612" label="FIGURE"/>
>    <PHRASE id="V43841" indicator="THE" type="BODY-PART" text="RIGHT-HAND" start="195" end="210" WNSENSE="right_hand%1:08:00"/>
>    <RELATION id="45" head="V43841" res="V43798" label="ASSOC-POSS"/>
>    <PHRASE id="V43798" indicator="PRO" type="MALE-PERSON" text="HIS" PROFORM="HIS" start="195" end="210"/>
>    <RELATION id="46" head="V43798" res="V43271" label="COREF"/>
>   </SENTENCE>
>  </SCENE>
> </SpRL>
