2,239c2,32
< <?xml-stylesheet type="text/xsl" href="../style/parser-interface.xsl"?>
< <!DOCTYPE trips-parser-output SYSTEM "../trips-parser-output.dtd">
< <trips-parser-output parser-build-date="2017-09-20T12:11:02-0500" system="STEP" extsformat="svg" tagsformat="hidden" treecontents="phrase" treeformat="LinGO" lfformat="svg" semantic-skeleton-scoring="T" rule-sets="" input="Tourists are standing on a wet sidewalk and are carrying bags of food .
< ">
< <debug>
< 
<  FOUNDS SEQUENCE from constit (% W::NP (W::BARE-SEQUENCE -) (W::CONSTRAINT -)
<                                  (W::MASS W::BARE) (W::GENERATED +)
<                                  (W::POSTADVBL +)
<                                  (W::SEM ?8607:(?28366:(F::PHYS-OBJ
<                                                         F::ABSTR-OBJ) NIL))
<                                  (W::LF (% W::DESCRIPTION (W::STATUS ONT::DEFINITE)
<                                            (W::VAR V163421)
<                                            (W::SORT W::INDIVIDUAL)
<                                            (W::LEX (W::A))
<                                            (W::CLASS ONT::SEQUENCE)
<                                            (W::CONSTRAINT (% &amp; (W::NAME-OF (W::A))
<                                                              (W::VAL (W::A))))
<                                            (W::LEX W::A) (W::SEM ?28364)
<                                            (W::TRANSFORM ?28365)))
<                                  (W::CASE ?28363:(W::SUB W::OBJ -))
<                                  (W::AGR ?28362) (W::CLASS ONT::ANY-SEM)
<                                  (W::VAR V163421) (W::SORT W::PRED) (W::NAME -)
<                                  (W::PRO -) (W::CHANGEAGR -) (W::LEX W::A)
<                                  (W::HEADCAT W::VALUE) (W::TRANSFORM -)
<                                  (W::REFL -) (1 RNUMBER163449))
< *last-utt-id*=NIL  utt-id+31
< *last-utt-id*=31  utt-id+NIL</debug><utt><words><lisp>(W::TOURISTS W::ARE W::STANDING W::ON W::A W::WET W::SIDEWALK W::AND W::ARE
<  W::CARRYING W::BAGS W::OF W::FOOD W::PUNC-PERIOD)</lisp><word>TOURISTS</word><word>ARE</word><word>STANDING</word><word>ON</word><word>A</word><word>WET</word><word>SIDEWALK</word><word>AND</word><word>ARE</word><word>CARRYING</word><word>BAGS</word><word>OF</word><word>FOOD</word><word>PUNC-PERIOD</word></words><tags><lisp>((WORD &quot;Tourists&quot; :FRAME (0 8) :SENSE-INFO
<   ((:PENN-PARTS-OF-SPEECH (NNS) :TRIPS-PARTS-OF-SPEECH (W::N))) :UTTNUM 31
<   :CHANNEL DESKTOP :DIRECTION INPUT)
<  (PREFER &quot;Tourists&quot; :FRAME (0 8) :PENN-CATS (NP) :TRIPS-CATS (W::NP) :SCORE
<   14.152 :UTTNUM 31 :CHANNEL DESKTOP :DIRECTION INPUT)
<  (WORD &quot;are&quot; :FRAME (9 12) :SENSE-INFO
<   ((:PENN-PARTS-OF-SPEECH (VBP) :TRIPS-PARTS-OF-SPEECH (W::V))) :UTTNUM 31
<   :CHANNEL DESKTOP :DIRECTION INPUT)
<  (WORD &quot;standing&quot; :FRAME (13 21) :SENSE-INFO
<   ((:PENN-PARTS-OF-SPEECH (VBG) :TRIPS-PARTS-OF-SPEECH (W::V))) :UTTNUM 31
<   :CHANNEL DESKTOP :DIRECTION INPUT)
<  (WORD &quot;on&quot; :FRAME (22 24) :SENSE-INFO
<   ((:PENN-PARTS-OF-SPEECH (IN) :TRIPS-PARTS-OF-SPEECH (W::PREP W::ADV)))
<   :UTTNUM 31 :CHANNEL DESKTOP :DIRECTION INPUT)
<  (WORD &quot;a&quot; :FRAME (25 26) :SENSE-INFO
<   ((:PENN-PARTS-OF-SPEECH (DT) :TRIPS-PARTS-OF-SPEECH (W::ART W::QUAN W::PRO)))
<   :UTTNUM 31 :CHANNEL DESKTOP :DIRECTION INPUT)
<  (WORD &quot;wet&quot; :FRAME (27 30) :SENSE-INFO
<   ((:PENN-PARTS-OF-SPEECH (JJ) :TRIPS-PARTS-OF-SPEECH (W::ADJ))) :UTTNUM 31
<   :CHANNEL DESKTOP :DIRECTION INPUT)
<  (WORD &quot;sidewalk&quot; :FRAME (31 39) :SENSE-INFO
<   ((:PENN-PARTS-OF-SPEECH (NN) :TRIPS-PARTS-OF-SPEECH (W::N)
<     :ALTERNATE-SPELLINGS (&quot;pavement&quot;)))
<   :UTTNUM 31 :CHANNEL DESKTOP :DIRECTION INPUT)
<  (PREFER &quot;a wet sidewalk&quot; :FRAME (25 39) :PENN-CATS (NP) :TRIPS-CATS (W::NP)
<   :SCORE 26.157 :UTTNUM 31 :CHANNEL DESKTOP :DIRECTION INPUT)
<  (PREFER &quot;on a wet sidewalk&quot; :FRAME (22 39) :PENN-CATS (PP) :TRIPS-CATS (W::PP)
<   :SCORE 29.369 :UTTNUM 31 :CHANNEL DESKTOP :DIRECTION INPUT)
<  (PREFER &quot;standing on a wet sidewalk&quot; :FRAME (13 39) :PENN-CATS (VP)
<   :TRIPS-CATS (W::VP) :SCORE 38.543 :UTTNUM 31 :CHANNEL DESKTOP :DIRECTION
<   INPUT)
<  (PREFER &quot;are standing on a wet sidewalk&quot; :FRAME (9 39) :PENN-CATS (VP)
<   :TRIPS-CATS (W::VP) :SCORE 44.258 :UTTNUM 31 :CHANNEL DESKTOP :DIRECTION
<   INPUT)
<  (WORD &quot;and&quot; :FRAME (40 43) :SENSE-INFO
<   ((:PENN-PARTS-OF-SPEECH (CC) :TRIPS-PARTS-OF-SPEECH (W::CONJ))) :UTTNUM 31
<   :CHANNEL DESKTOP :DIRECTION INPUT)
<  (WORD &quot;are&quot; :FRAME (44 47) :SENSE-INFO
<   ((:PENN-PARTS-OF-SPEECH (VBP) :TRIPS-PARTS-OF-SPEECH (W::V))) :UTTNUM 31
<   :CHANNEL DESKTOP :DIRECTION INPUT)
<  (WORD &quot;carrying&quot; :FRAME (48 56) :SENSE-INFO
<   ((:PENN-PARTS-OF-SPEECH (VBG) :TRIPS-PARTS-OF-SPEECH (W::V))) :UTTNUM 31
<   :CHANNEL DESKTOP :DIRECTION INPUT)
<  (WORD &quot;bags&quot; :FRAME (57 61) :SENSE-INFO
<   ((:PENN-PARTS-OF-SPEECH (NNS) :TRIPS-PARTS-OF-SPEECH (W::N))) :UTTNUM 31
<   :CHANNEL DESKTOP :DIRECTION INPUT)
<  (PREFER &quot;bags&quot; :FRAME (57 61) :PENN-CATS (NP) :TRIPS-CATS (W::NP) :SCORE
<   11.015 :UTTNUM 31 :CHANNEL DESKTOP :DIRECTION INPUT)
<  (WORD &quot;of&quot; :FRAME (62 64) :SENSE-INFO
<   ((:PENN-PARTS-OF-SPEECH (IN) :TRIPS-PARTS-OF-SPEECH (W::PREP W::ADV)))
<   :UTTNUM 31 :CHANNEL DESKTOP :DIRECTION INPUT)
<  (WORD &quot;food&quot; :FRAME (65 69) :SENSE-INFO
<   ((:PENN-PARTS-OF-SPEECH (NN) :TRIPS-PARTS-OF-SPEECH (W::N))) :UTTNUM 31
<   :CHANNEL DESKTOP :DIRECTION INPUT)
<  (PREFER &quot;food&quot; :FRAME (65 69) :PENN-CATS (NP) :TRIPS-CATS (W::NP) :SCORE 9.213
<   :UTTNUM 31 :CHANNEL DESKTOP :DIRECTION INPUT)
<  (PREFER &quot;of food&quot; :FRAME (62 69) :PENN-CATS (PP) :TRIPS-CATS (W::PP) :SCORE
<   10.28 :UTTNUM 31 :CHANNEL DESKTOP :DIRECTION INPUT)
<  (PREFER &quot;bags of food&quot; :FRAME (57 69) :PENN-CATS (NP) :TRIPS-CATS (W::NP)
<   :SCORE 21.701 :UTTNUM 31 :CHANNEL DESKTOP :DIRECTION INPUT)
<  (PREFER &quot;carrying bags of food&quot; :FRAME (48 69) :PENN-CATS (VP) :TRIPS-CATS
<   (W::VP) :SCORE 30.291 :UTTNUM 31 :CHANNEL DESKTOP :DIRECTION INPUT)
<  (PREFER &quot;are carrying bags of food&quot; :FRAME (44 69) :PENN-CATS (VP) :TRIPS-CATS
<   (W::VP) :SCORE 36.006 :UTTNUM 31 :CHANNEL DESKTOP :DIRECTION INPUT)
<  (PREFER &quot;are standing on a wet sidewalk and are carrying bags of food&quot; :FRAME
<   (9 69) :PENN-CATS (VP) :TRIPS-CATS (W::VP) :SCORE 84.537 :UTTNUM 31 :CHANNEL
<   DESKTOP :DIRECTION INPUT)
<  (WORD &quot;.&quot; :FRAME (70 70) :SENSE-INFO
<   ((:PENN-PARTS-OF-SPEECH (FULL_STOP) :TRIPS-PARTS-OF-SPEECH (W::PUNC)))
<   :UTTNUM 31 :CHANNEL DESKTOP :DIRECTION INPUT)
<  (PREFER
<   &quot;Tourists are standing on a wet sidewalk and are carrying bags of food .&quot;
<   :FRAME (0 70) :PENN-CATS (S) :SCORE 99.83 :UTTNUM 31 :CHANNEL DESKTOP
<   :DIRECTION INPUT))</lisp><word lex="Tourists" start="0" end="8"><sense-info penn-parts-of-speech="NNS" trips-parts-of-speech="N" /></word><prefer text="Tourists" start="0" end="8" penn-cats="NP" score="14.152" /><word lex="are" start="9" end="12"><sense-info penn-parts-of-speech="VBP" trips-parts-of-speech="V" /></word><word lex="standing" start="13" end="21"><sense-info penn-parts-of-speech="VBG" trips-parts-of-speech="V" /></word><word lex="on" start="22" end="24"><sense-info penn-parts-of-speech="IN" trips-parts-of-speech="PREP,ADV" /></word><word lex="a" start="25" end="26"><sense-info penn-parts-of-speech="DT" trips-parts-of-speech="ART,QUAN,PRO" /></word><word lex="wet" start="27" end="30"><sense-info penn-parts-of-speech="JJ" trips-parts-of-speech="ADJ" /></word><word lex="sidewalk" start="31" end="39"><sense-info penn-parts-of-speech="NN" trips-parts-of-speech="N" alternate-spellings="pavement" /></word><prefer text="a wet sidewalk" start="25" end="39" penn-cats="NP" score="26.157" /><prefer text="on a wet sidewalk" start="22" end="39" penn-cats="PP" score="29.369" /><prefer text="standing on a wet sidewalk" start="13" end="39" penn-cats="VP" score="38.543" /><prefer text="are standing on a wet sidewalk" start="9" end="39" penn-cats="VP" score="44.258" /><word lex="and" start="40" end="43"><sense-info penn-parts-of-speech="CC" trips-parts-of-speech="CONJ" /></word><word lex="are" start="44" end="47"><sense-info penn-parts-of-speech="VBP" trips-parts-of-speech="V" /></word><word lex="carrying" start="48" end="56"><sense-info penn-parts-of-speech="VBG" trips-parts-of-speech="V" /></word><word lex="bags" start="57" end="61"><sense-info penn-parts-of-speech="NNS" trips-parts-of-speech="N" /></word><prefer text="bags" start="57" end="61" penn-cats="NP" score="11.015" /><word lex="of" start="62" end="64"><sense-info penn-parts-of-speech="IN" trips-parts-of-speech="PREP,ADV" /></word><word lex="food" start="65" end="69"><sense-info penn-parts-of-speech="NN" trips-parts-of-speech="N" /></word><prefer text="food" start="65" end="69" penn-cats="NP" score="9.213" /><prefer text="of food" start="62" end="69" penn-cats="PP" score="10.28" /><prefer text="bags of food" start="57" end="69" penn-cats="NP" score="21.701" /><prefer text="carrying bags of food" start="48" end="69" penn-cats="VP" score="30.291" /><prefer text="are carrying bags of food" start="44" end="69" penn-cats="VP" score="36.006" /><prefer text="are standing on a wet sidewalk and are carrying bags of food" start="9" end="69" penn-cats="VP" score="84.537" /><word lex="." start="70" end="70"><sense-info penn-parts-of-speech="FULL_STOP" trips-parts-of-speech="PUNC" /></word><prefer text="Tourists are standing on a wet sidewalk and are carrying bags of food ." start="0" end="70" penn-cats="S" score="99.83" /></tags><tree><lisp>(UTT
<  (UTT
<   (S
<    (S (NP (N1 (N TOURISTS)))
<     (VP
<      (VP- (AUX (V ARE))
<       (VP- (VP- (V STANDING))
<        (ADVBL (ADV ON)
<         (NP (SPEC (DET (ART A)))
<          (N1 (ADJP (ADJ1 (ADJ WET))) (N1 (N SIDEWALK)))))))))
<    (CONJ AND)
<    (VP
<     (VP- (AUX (V ARE))
<      (VP- (V CARRYING)
<       (NP (N1 (N1 (N BAGS)) (ADVBL (ADV OF) (NP (N1 (N FOOD)))))))))))
<  (PUNC PUNC-PERIOD))</lisp><UTT><UTT><S><S><NP><N1><N>TOURISTS</N></N1></NP><VP><VP-><AUX><V>ARE</V></AUX><VP-><VP-><V>STANDING</V></VP-><ADVBL><ADV>ON</ADV><NP><SPEC><DET><ART>A</ART></DET></SPEC><N1><ADJP><ADJ1><ADJ>WET</ADJ></ADJ1></ADJP><N1><N>SIDEWALK</N></N1></N1></NP></ADVBL></VP-></VP-></VP></S><CONJ>AND</CONJ><VP><VP-><AUX><V>ARE</V></AUX><VP-><V>CARRYING</V><NP><N1><N1><N>BAGS</N></N1><ADVBL><ADV>OF</ADV><NP><N1><N>FOOD</N></N1></NP></ADVBL></N1></NP></VP-></VP-></VP></S></UTT><PUNC>PUNC-PERIOD</PUNC></UTT></tree><terms root="#V164113"><lisp>((ONT::SPEECHACT ONT::V164113 ONT::SA_TELL :PUNCTYPE W::DECL :CONTENT
<   ONT::V162743 :START 0 :END 70)
<  (ONT::F ONT::V162743 ONT::SITUATION-ROOT :OPERATOR ONT::AND :SEQUENCE
<   (ONT::V162662 ONT::V162770) :TENSE W::PRES :PROGR + :START 0 :END 70)
<  (ONT::F ONT::V162662 (:* ONT::BE-AT-LOC W::STAND) :NEUTRAL ONT::V162638
<   :LOCATION ONT::V162672 :TENSE W::PRES :PROGR + :START 0 :END 40)
<  (ONT::INDEF-SET ONT::V162638 (:* ONT::TRAVELLER W::TOURISTS) :START 0 :END 9)
<  (ONT::F ONT::V162672 (:* ONT::ON W::ON) :GROUND ONT::V162739 :FIGURE
<   ONT::V162662 :START 22 :END 40)
<  (ONT::A ONT::V162739 (:* ONT::MANUFACTURED-OBJECT W::SIDEWALK) :MOD
<   ONT::V162735 :START 25 :END 40)
<  (ONT::F ONT::V162735 (:* ONT::WET-VAL W::WET) :FIGURE ONT::V162739 :START 27
<   :END 31)
<  (ONT::F ONT::V162770 (:* ONT::TRANSPORT W::CARRY) :AGENT ONT::V162638
<   :AFFECTED ONT::V162773 :TENSE W::PRES :PROGR + :START 44 :END 70)
<  (ONT::INDEF-SET ONT::V162773 (:* ONT::BAG W::BAG) :MOD ONT::V162778 :START 57
<   :END 70)
<  (ONT::F ONT::V162778 (:* ONT::CONTAIN-RELN W::OF) :GROUND ONT::V162784 :FIGURE
<   ONT::V162773 :START 62 :END 70)
<  (ONT::BARE ONT::V162784 (:* ONT::FOOD W::FOOD) :START 65 :END 70))</lisp><rdf:RDF
<   xmlns:rdf="http://www.w3.org/1999/02/22-rdf-syntax-ns#"
<   xmlns:role="http://www.cs.rochester.edu/research/trips/role#"
<   xmlns:LF="http://www.cs.rochester.edu/research/trips/LF#">
<   <rdf:Description rdf:ID="V164113">
<     <LF:indicator>SPEECHACT</LF:indicator>
<     <LF:type>SA_TELL</LF:type>
<     <role:PUNCTYPE>DECL</role:PUNCTYPE>
<     <role:CONTENT rdf:resource="#V162743" />
<     <LF:start>0</LF:start>
<     <LF:end>70</LF:end>
<   </rdf:Description>
<   <rdf:Description rdf:ID="V162743">
<     <LF:indicator>F</LF:indicator>
<     <LF:type>SITUATION-ROOT</LF:type>
<     <role:OPERATOR>AND</role:OPERATOR>
<     <role:SEQUENCE rdf:resource="#V162662" />
<     <role:SEQUENCE1 rdf:resource="#V162770" />
<     <role:TENSE>PRES</role:TENSE>
<     <role:PROGR>+</role:PROGR>
<     <LF:start>0</LF:start>
<     <LF:end>70</LF:end>
<   </rdf:Description>
<   <rdf:Description rdf:ID="V162662">
<     <LF:indicator>F</LF:indicator>
<     <LF:type>BE-AT-LOC</LF:type>
<     <LF:word>STAND</LF:word>
<     <role:NEUTRAL rdf:resource="#V162638" />
<     <role:LOCATION rdf:resource="#V162672" />
<     <role:TENSE>PRES</role:TENSE>
<     <role:PROGR>+</role:PROGR>
<     <LF:start>0</LF:start>
<     <LF:end>40</LF:end>
<   </rdf:Description>
<   <rdf:Description rdf:ID="V162638">
<     <LF:indicator>INDEF-SET</LF:indicator>
<     <LF:type>TRAVELLER</LF:type>
<     <LF:word>TOURISTS</LF:word>
<     <LF:start>0</LF:start>
<     <LF:end>9</LF:end>
<   </rdf:Description>
<   <rdf:Description rdf:ID="V162672">
<     <LF:indicator>F</LF:indicator>
<     <LF:type>ON</LF:type>
<     <LF:word>ON</LF:word>
<     <role:GROUND rdf:resource="#V162739" />
<     <role:FIGURE rdf:resource="#V162662" />
<     <LF:start>22</LF:start>
<     <LF:end>40</LF:end>
<   </rdf:Description>
<   <rdf:Description rdf:ID="V162739">
<     <LF:indicator>A</LF:indicator>
<     <LF:type>MANUFACTURED-OBJECT</LF:type>
<     <LF:word>SIDEWALK</LF:word>
<     <role:MOD rdf:resource="#V162735" />
<     <LF:start>25</LF:start>
<     <LF:end>40</LF:end>
<   </rdf:Description>
<   <rdf:Description rdf:ID="V162735">
<     <LF:indicator>F</LF:indicator>
<     <LF:type>WET-VAL</LF:type>
<     <LF:word>WET</LF:word>
<     <role:FIGURE rdf:resource="#V162739" />
<     <LF:start>27</LF:start>
<     <LF:end>31</LF:end>
<   </rdf:Description>
<   <rdf:Description rdf:ID="V162770">
<     <LF:indicator>F</LF:indicator>
<     <LF:type>TRANSPORT</LF:type>
<     <LF:word>CARRY</LF:word>
<     <role:AGENT rdf:resource="#V162638" />
<     <role:AFFECTED rdf:resource="#V162773" />
<     <role:TENSE>PRES</role:TENSE>
<     <role:PROGR>+</role:PROGR>
<     <LF:start>44</LF:start>
<     <LF:end>70</LF:end>
<   </rdf:Description>
<   <rdf:Description rdf:ID="V162773">
<     <LF:indicator>INDEF-SET</LF:indicator>
<     <LF:type>BAG</LF:type>
<     <LF:word>BAG</LF:word>
<     <role:MOD rdf:resource="#V162778" />
<     <LF:start>57</LF:start>
<     <LF:end>70</LF:end>
<   </rdf:Description>
<   <rdf:Description rdf:ID="V162778">
<     <LF:indicator>F</LF:indicator>
<     <LF:type>CONTAIN-RELN</LF:type>
<     <LF:word>OF</LF:word>
<     <role:GROUND rdf:resource="#V162784" />
<     <role:FIGURE rdf:resource="#V162773" />
<     <LF:start>62</LF:start>
<     <LF:end>70</LF:end>
<   </rdf:Description>
<   <rdf:Description rdf:ID="V162784">
<     <LF:indicator>BARE</LF:indicator>
<     <LF:type>FOOD</LF:type>
<     <LF:word>FOOD</LF:word>
<     <LF:start>65</LF:start>
<     <LF:end>70</LF:end>
<   </rdf:Description>
< </rdf:RDF>
< </terms></utt></trips-parser-output>
\ No newline at end of file
---
> <SpRL>
>  <SCENE>
>   <SENTENCE id="s1" indicator="SPEECHACT" type="SA_TELL" PUNCTYPE="DECL" start="0" end="70">
>    <TEXT>Tourists are standing on a wet sidewalk and are carrying bags of food .</TEXT>
>    <RELATION id="1" head="V164113" res="V162743" label="CONTENT"/>
>    <PHRASE id="V162743" indicator="F" type="SITUATION-ROOT" OPERATOR="AND" TENSE="PRES" PROGR="+" start="0" end="70"/>
>    <RELATION id="2" head="V162743" res="V162662" label="SEQUENCE"/>
>    <RELATION id="3" head="V162743" res="V162770" label="SEQUENCE1"/>
>    <PHRASE id="V162662" indicator="F" type="BE-AT-LOC" text="STAND" TENSE="PRES" PROGR="+" start="0" end="40"/>
>    <RELATION id="4" head="V162662" res="V162638" label="NEUTRAL"/>
>    <RELATION id="5" head="V162662" res="V162672" label="LOCATION"/>
>    <PHRASE id="V162638" indicator="INDEF-SET" type="TRAVELLER" text="TOURISTS" start="0" end="9"/>
>    <PHRASE id="V162672" indicator="F" type="ON" text="ON" start="22" end="40"/>
>    <RELATION id="6" head="V162672" res="V162739" label="GROUND"/>
>    <RELATION id="7" head="V162672" res="V162662" label="FIGURE"/>
>    <PHRASE id="V162739" indicator="A" type="MANUFACTURED-OBJECT" text="SIDEWALK" start="25" end="40"/>
>    <RELATION id="8" head="V162739" res="V162735" label="MOD"/>
>    <PHRASE id="V162735" indicator="F" type="WET-VAL" text="WET" start="27" end="31"/>
>    <RELATION id="9" head="V162735" res="V162739" label="FIGURE"/>
>    <PHRASE id="V162770" indicator="F" type="TRANSPORT" text="CARRY" TENSE="PRES" PROGR="+" start="44" end="70"/>
>    <RELATION id="10" head="V162770" res="V162638" label="AGENT"/>
>    <RELATION id="11" head="V162770" res="V162773" label="AFFECTED"/>
>    <PHRASE id="V162773" indicator="INDEF-SET" type="BAG" text="BAG" start="57" end="70"/>
>    <RELATION id="12" head="V162773" res="V162778" label="MOD"/>
>    <PHRASE id="V162778" indicator="F" type="CONTAIN-RELN" text="OF" start="62" end="70"/>
>    <RELATION id="13" head="V162778" res="V162784" label="GROUND"/>
>    <RELATION id="14" head="V162778" res="V162773" label="FIGURE"/>
>    <PHRASE id="V162784" indicator="BARE" type="FOOD" text="FOOD" start="65" end="70"/>
>   </SENTENCE>
>  </SCENE>
> </SpRL>
