2,101c2,18
< <?xml-stylesheet type="text/xsl" href="../style/parser-interface.xsl"?>
< <!DOCTYPE trips-parser-output SYSTEM "../trips-parser-output.dtd">
< <trips-parser-output parser-build-date="2017-09-20T12:11:02-0500" system="STEP" extsformat="svg" tagsformat="hidden" treecontents="phrase" treeformat="LinGO" lfformat="svg" semantic-skeleton-scoring="T" rule-sets="" input="two more boys in the background .
< ">
< <debug>
< *last-utt-id*=NIL  utt-id+52
< *last-utt-id*=52  utt-id+52
< *last-utt-id*=52  utt-id+NIL</debug><compound-communication-act>
< <utt><words><lisp>(W::TWO)</lisp><word>TWO</word></words><tags><lisp>((WORD &quot;two&quot; :FRAME (0 3) :SENSE-INFO
<   ((:PENN-PARTS-OF-SPEECH (CD) :TRIPS-PARTS-OF-SPEECH
<     (W::NUMBER W::NUMBER-UNIT)))
<   :UTTNUM 52 :CHANNEL DESKTOP :DIRECTION INPUT))</lisp><word lex="two" start="0" end="3"><sense-info penn-parts-of-speech="CD" trips-parts-of-speech="NUMBER,NUMBER-UNIT" /></word></tags><tree><lisp>(ADJP (NUMBER TWO))</lisp><ADJP><NUMBER>TWO</NUMBER></ADJP></tree><terms root="#V453301"><lisp>((ONT::A ONT::V453301 ONT::NUMBER :VALUE 2 :START 0 :END 4))</lisp><rdf:RDF
<   xmlns:rdf="http://www.w3.org/1999/02/22-rdf-syntax-ns#"
<   xmlns:role="http://www.cs.rochester.edu/research/trips/role#"
<   xmlns:LF="http://www.cs.rochester.edu/research/trips/LF#">
<   <rdf:Description rdf:ID="V453301">
<     <LF:indicator>A</LF:indicator>
<     <LF:type>NUMBER</LF:type>
<     <role:VALUE>2</role:VALUE>
<     <LF:start>0</LF:start>
<     <LF:end>4</LF:end>
<   </rdf:Description>
< </rdf:RDF>
< </terms></utt><utt><words><lisp>(W::MORE W::BOYS W::IN W::THE W::BACKGROUND W::PUNC-PERIOD)</lisp><word>MORE</word><word>BOYS</word><word>IN</word><word>THE</word><word>BACKGROUND</word><word>PUNC-PERIOD</word></words><tags><lisp>((WORD &quot;more&quot; :FRAME (4 8) :SENSE-INFO
<   ((:PENN-PARTS-OF-SPEECH (JJR) :TRIPS-PARTS-OF-SPEECH (W::ADJ))) :UTTNUM 52
<   :CHANNEL DESKTOP :DIRECTION INPUT)
<  (WORD &quot;boys&quot; :FRAME (9 13) :SENSE-INFO
<   ((:PENN-PARTS-OF-SPEECH (NNS) :TRIPS-PARTS-OF-SPEECH (W::N))) :UTTNUM 52
<   :CHANNEL DESKTOP :DIRECTION INPUT)
<  (PREFER &quot;two more boys&quot; :FRAME (0 13) :PENN-CATS (NP) :TRIPS-CATS (W::NP)
<   :SCORE 22.918 :UTTNUM 52 :CHANNEL DESKTOP :DIRECTION INPUT)
<  (WORD &quot;in&quot; :FRAME (14 16) :SENSE-INFO
<   ((:PENN-PARTS-OF-SPEECH (IN) :TRIPS-PARTS-OF-SPEECH (W::PREP W::ADV)))
<   :UTTNUM 52 :CHANNEL DESKTOP :DIRECTION INPUT)
<  (WORD &quot;the&quot; :FRAME (17 20) :SENSE-INFO
<   ((:PENN-PARTS-OF-SPEECH (DT) :TRIPS-PARTS-OF-SPEECH (W::ART W::QUAN W::PRO)))
<   :UTTNUM 52 :CHANNEL DESKTOP :DIRECTION INPUT)
<  (WORD &quot;background&quot; :FRAME (21 31) :SENSE-INFO
<   ((:PENN-PARTS-OF-SPEECH (NN) :TRIPS-PARTS-OF-SPEECH (W::N))) :UTTNUM 52
<   :CHANNEL DESKTOP :DIRECTION INPUT)
<  (PREFER &quot;the background&quot; :FRAME (17 31) :PENN-CATS (NP) :TRIPS-CATS (W::NP)
<   :SCORE 11.972 :UTTNUM 52 :CHANNEL DESKTOP :DIRECTION INPUT)
<  (PREFER &quot;in the background&quot; :FRAME (14 31) :PENN-CATS (PP) :TRIPS-CATS (W::PP)
<   :SCORE 14.224 :UTTNUM 52 :CHANNEL DESKTOP :DIRECTION INPUT)
<  (WORD &quot;.&quot; :FRAME (32 32) :SENSE-INFO
<   ((:PENN-PARTS-OF-SPEECH (FULL_STOP) :TRIPS-PARTS-OF-SPEECH (W::PUNC)))
<   :UTTNUM 52 :CHANNEL DESKTOP :DIRECTION INPUT)
<  (PREFER &quot;two more boys in the background .&quot; :FRAME (0 32) :PENN-CATS (NP)
<   :TRIPS-CATS (W::NP) :SCORE 39.626 :UTTNUM 52 :CHANNEL DESKTOP :DIRECTION
<   INPUT))</lisp><word lex="more" start="4" end="8"><sense-info penn-parts-of-speech="JJR" trips-parts-of-speech="ADJ" /></word><word lex="boys" start="9" end="13"><sense-info penn-parts-of-speech="NNS" trips-parts-of-speech="N" /></word><prefer text="two more boys" start="0" end="13" penn-cats="NP" score="22.918" /><word lex="in" start="14" end="16"><sense-info penn-parts-of-speech="IN" trips-parts-of-speech="PREP,ADV" /></word><word lex="the" start="17" end="20"><sense-info penn-parts-of-speech="DT" trips-parts-of-speech="ART,QUAN,PRO" /></word><word lex="background" start="21" end="31"><sense-info penn-parts-of-speech="NN" trips-parts-of-speech="N" /></word><prefer text="the background" start="17" end="31" penn-cats="NP" score="11.972" /><prefer text="in the background" start="14" end="31" penn-cats="PP" score="14.224" /><word lex="." start="32" end="32"><sense-info penn-parts-of-speech="FULL_STOP" trips-parts-of-speech="PUNC" /></word><prefer text="two more boys in the background ." start="0" end="32" penn-cats="NP" score="39.626" /></tags><tree><lisp>(UTT
<  (UTT
<   (NP (SPEC (QUAN MORE))
<    (N1 (N1 (N BOYS))
<     (ADVBL (ADV IN) (NP (SPEC (DET (ART THE))) (N1 (N BACKGROUND)))))))
<  (PUNC PUNC-PERIOD))</lisp><UTT><UTT><NP><SPEC><QUAN>MORE</QUAN></SPEC><N1><N1><N>BOYS</N></N1><ADVBL><ADV>IN</ADV><NP><SPEC><DET><ART>THE</ART></DET></SPEC><N1><N>BACKGROUND</N></N1></NP></ADVBL></N1></NP></UTT><PUNC>PUNC-PERIOD</PUNC></UTT></tree><terms root="#V453438"><lisp>((ONT::SPEECHACT ONT::V453438 ONT::SA_IDENTIFY :PUNCTYPE W::DECL :CONTENT
<   ONT::V453310 :START 4 :END 32)
<  (ONT::INDEF-SET ONT::V453310 (:* ONT::MALE-CHILD W::BOY) :QUAN
<   (:* ONT::QMODIFIER W::MORE) :LOCATION ONT::V453317 :START 4 :END 32)
<  (ONT::F ONT::V453317 (:* ONT::IN-LOC W::IN) :GROUND ONT::V453373 :FIGURE
<   ONT::V453310 :START 14 :END 32)
<  (ONT::THE ONT::V453373 (:* ONT::IMAGE W::BACKGROUND) :START 17 :END 32))</lisp><rdf:RDF
<   xmlns:rdf="http://www.w3.org/1999/02/22-rdf-syntax-ns#"
<   xmlns:role="http://www.cs.rochester.edu/research/trips/role#"
<   xmlns:LF="http://www.cs.rochester.edu/research/trips/LF#">
<   <rdf:Description rdf:ID="V453438">
<     <LF:indicator>SPEECHACT</LF:indicator>
<     <LF:type>SA_IDENTIFY</LF:type>
<     <role:PUNCTYPE>DECL</role:PUNCTYPE>
<     <role:CONTENT rdf:resource="#V453310" />
<     <LF:start>4</LF:start>
<     <LF:end>32</LF:end>
<   </rdf:Description>
<   <rdf:Description rdf:ID="V453310">
<     <LF:indicator>INDEF-SET</LF:indicator>
<     <LF:type>MALE-CHILD</LF:type>
<     <LF:word>BOY</LF:word>
<     <role:QUAN>(:* QMODIFIER MORE)</role:QUAN>
<     <role:LOCATION rdf:resource="#V453317" />
<     <LF:start>4</LF:start>
<     <LF:end>32</LF:end>
<   </rdf:Description>
<   <rdf:Description rdf:ID="V453317">
<     <LF:indicator>F</LF:indicator>
<     <LF:type>IN-LOC</LF:type>
<     <LF:word>IN</LF:word>
<     <role:GROUND rdf:resource="#V453373" />
<     <role:FIGURE rdf:resource="#V453310" />
<     <LF:start>14</LF:start>
<     <LF:end>32</LF:end>
<   </rdf:Description>
<   <rdf:Description rdf:ID="V453373">
<     <LF:indicator>THE</LF:indicator>
<     <LF:type>IMAGE</LF:type>
<     <LF:word>BACKGROUND</LF:word>
<     <LF:start>17</LF:start>
<     <LF:end>32</LF:end>
<   </rdf:Description>
< </rdf:RDF>
< </terms></utt></compound-communication-act>
< </trips-parser-output>
\ No newline at end of file
---
> <SpRL>
>  <SCENE>
>   <SENTENCE id="s1" indicator="A" type="NUMBER" VALUE="2" start="0" end="4">
>    <TEXT>two m</TEXT>
>   </SENTENCE>
>   <SENTENCE id="s2" indicator="SPEECHACT" type="SA_IDENTIFY" PUNCTYPE="DECL" start="4" end="32">
>    <TEXT>more boys in the background .</TEXT>
>    <RELATION id="1" head="V453438" res="V453310" label="CONTENT"/>
>    <PHRASE id="V453310" indicator="INDEF-SET" type="MALE-CHILD" text="BOY" QUAN="(:* QMODIFIER MORE)" start="4" end="32"/>
>    <RELATION id="2" head="V453310" res="V453317" label="LOCATION"/>
>    <PHRASE id="V453317" indicator="F" type="IN-LOC" text="IN" start="14" end="32"/>
>    <RELATION id="3" head="V453317" res="V453373" label="GROUND"/>
>    <RELATION id="4" head="V453317" res="V453310" label="FIGURE"/>
>    <PHRASE id="V453373" indicator="THE" type="IMAGE" text="BACKGROUND" start="17" end="32"/>
>   </SENTENCE>
>  </SCENE>
> </SpRL>
