2,195c2,26
< <?xml-stylesheet type="text/xsl" href="../style/parser-interface.xsl"?>
< <!DOCTYPE trips-parser-output SYSTEM "../trips-parser-output.dtd">
< <trips-parser-output parser-build-date="2017-09-20T12:11:02-0500" system="STEP" extsformat="svg" tagsformat="hidden" treecontents="phrase" treeformat="LinGO" lfformat="svg" semantic-skeleton-scoring="T" rule-sets="" input="each of them is holding a leaflet und some pens .
< ">
< <debug>
< 
<  FOUNDS SEQUENCE from constit (% W::NP (W::BARE-SEQUENCE -) (W::CONSTRAINT -)
<                                  (W::MASS W::BARE) (W::GENERATED +)
<                                  (W::POSTADVBL +)
<                                  (W::SEM ?8607:(?20998:(F::PHYS-OBJ
<                                                         F::ABSTR-OBJ) NIL))
<                                  (W::LF (% W::DESCRIPTION (W::STATUS ONT::DEFINITE)
<                                            (W::VAR V53667)
<                                            (W::SORT W::INDIVIDUAL)
<                                            (W::LEX (W::A))
<                                            (W::CLASS ONT::SEQUENCE)
<                                            (W::CONSTRAINT (% &amp; (W::NAME-OF (W::A))
<                                                              (W::VAL (W::A))))
<                                            (W::LEX W::A) (W::SEM ?20996)
<                                            (W::TRANSFORM ?20997)))
<                                  (W::CASE ?20995:(W::SUB W::OBJ -))
<                                  (W::AGR ?20994) (W::CLASS ONT::ANY-SEM)
<                                  (W::VAR V53667) (W::SORT W::PRED) (W::NAME -)
<                                  (W::PRO -) (W::CHANGEAGR -) (W::LEX W::A)
<                                  (W::HEADCAT W::VALUE) (W::TRANSFORM -)
<                                  (W::REFL -) (1 RNUMBER53680))
< *last-utt-id*=NIL  utt-id+16
< *last-utt-id*=16  utt-id+16
< *last-utt-id*=16  utt-id+NIL</debug><compound-communication-act>
< <utt><words><lisp>(W::EACH W::OF W::THEM)</lisp><word>EACH</word><word>OF</word><word>THEM</word></words><tags><lisp>((WORD &quot;each&quot; :FRAME (0 4) :SENSE-INFO
<   ((:PENN-PARTS-OF-SPEECH (DT) :TRIPS-PARTS-OF-SPEECH (W::ART W::QUAN W::PRO)))
<   :UTTNUM 16 :CHANNEL DESKTOP :DIRECTION INPUT)
<  (PREFER &quot;each&quot; :FRAME (0 4) :PENN-CATS (NP) :TRIPS-CATS (W::NP) :SCORE 8.218
<   :UTTNUM 16 :CHANNEL DESKTOP :DIRECTION INPUT)
<  (WORD &quot;of&quot; :FRAME (5 7) :SENSE-INFO
<   ((:PENN-PARTS-OF-SPEECH (IN) :TRIPS-PARTS-OF-SPEECH (W::PREP W::ADV)))
<   :UTTNUM 16 :CHANNEL DESKTOP :DIRECTION INPUT)
<  (WORD &quot;them&quot; :FRAME (8 12) :SENSE-INFO
<   ((:PENN-PARTS-OF-SPEECH (PRP) :TRIPS-PARTS-OF-SPEECH (W::PRO))) :UTTNUM 16
<   :CHANNEL DESKTOP :DIRECTION INPUT)
<  (PREFER &quot;them&quot; :FRAME (8 12) :PENN-CATS (NP) :TRIPS-CATS (W::NP) :SCORE 7.534
<   :UTTNUM 16 :CHANNEL DESKTOP :DIRECTION INPUT)
<  (PREFER &quot;of them&quot; :FRAME (5 12) :PENN-CATS (PP) :TRIPS-CATS (W::PP) :SCORE
<   8.602 :UTTNUM 16 :CHANNEL DESKTOP :DIRECTION INPUT)
<  (PREFER &quot;each of them&quot; :FRAME (0 12) :PENN-CATS (NP) :TRIPS-CATS (W::NP)
<   :SCORE 17.187 :UTTNUM 16 :CHANNEL DESKTOP :DIRECTION INPUT))</lisp><word lex="each" start="0" end="4"><sense-info penn-parts-of-speech="DT" trips-parts-of-speech="ART,QUAN,PRO" /></word><prefer text="each" start="0" end="4" penn-cats="NP" score="8.218" /><word lex="of" start="5" end="7"><sense-info penn-parts-of-speech="IN" trips-parts-of-speech="PREP,ADV" /></word><word lex="them" start="8" end="12"><sense-info penn-parts-of-speech="PRP" trips-parts-of-speech="PRO" /></word><prefer text="them" start="8" end="12" penn-cats="NP" score="7.534" /><prefer text="of them" start="5" end="12" penn-cats="PP" score="8.602" /><prefer text="each of them" start="0" end="12" penn-cats="NP" score="17.187" /></tags><tree><lisp>(NP (SPEC (QUAN EACH)) (PP (PREP OF) (NP (PRO THEM))))</lisp><NP><SPEC><QUAN>EACH</QUAN></SPEC><PP><PREP>OF</PREP><NP><PRO>THEM</PRO></NP></PP></NP></tree><terms root="#V53213"><lisp>((ONT::QUANTIFIER ONT::V53213 (:* ONT::REFERENTIAL-SEM W::THEM) :REFSET
<   ONT::V53070 :QUAN ONT::EACH :START 0 :END 13)
<  (ONT::PRO-SET ONT::V53070 (:* ONT::REFERENTIAL-SEM W::THEM) :PROFORM W::THEM
<   :START 5 :END 13))</lisp><rdf:RDF
<   xmlns:rdf="http://www.w3.org/1999/02/22-rdf-syntax-ns#"
<   xmlns:role="http://www.cs.rochester.edu/research/trips/role#"
<   xmlns:LF="http://www.cs.rochester.edu/research/trips/LF#">
<   <rdf:Description rdf:ID="V53213">
<     <LF:indicator>QUANTIFIER</LF:indicator>
<     <LF:type>REFERENTIAL-SEM</LF:type>
<     <LF:word>THEM</LF:word>
<     <role:REFSET rdf:resource="#V53070" />
<     <role:QUAN>EACH</role:QUAN>
<     <LF:start>0</LF:start>
<     <LF:end>13</LF:end>
<   </rdf:Description>
<   <rdf:Description rdf:ID="V53070">
<     <LF:indicator>PRO-SET</LF:indicator>
<     <LF:type>REFERENTIAL-SEM</LF:type>
<     <LF:word>THEM</LF:word>
<     <role:PROFORM>THEM</role:PROFORM>
<     <LF:start>5</LF:start>
<     <LF:end>13</LF:end>
<   </rdf:Description>
< </rdf:RDF>
< </terms></utt><utt><words><lisp>(W::IS W::HOLDING W::A W::LEAFLET W::UND W::SOME W::PENS W::PUNC-PERIOD)</lisp><word>IS</word><word>HOLDING</word><word>A</word><word>LEAFLET</word><word>UND</word><word>SOME</word><word>PENS</word><word>PUNC-PERIOD</word></words><tags><lisp>((WORD &quot;is&quot; :FRAME (13 15) :SENSE-INFO
<   ((:PENN-PARTS-OF-SPEECH (VBZ) :TRIPS-PARTS-OF-SPEECH (W::V))) :UTTNUM 16
<   :CHANNEL DESKTOP :DIRECTION INPUT)
<  (WORD &quot;holding&quot; :FRAME (16 23) :SENSE-INFO
<   ((:PENN-PARTS-OF-SPEECH (VBG) :TRIPS-PARTS-OF-SPEECH (W::V))) :UTTNUM 16
<   :CHANNEL DESKTOP :DIRECTION INPUT)
<  (WORD &quot;a&quot; :FRAME (24 25) :SENSE-INFO
<   ((:PENN-PARTS-OF-SPEECH (DT) :TRIPS-PARTS-OF-SPEECH (W::ART W::QUAN W::PRO)))
<   :UTTNUM 16 :CHANNEL DESKTOP :DIRECTION INPUT)
<  (WORD &quot;leaflet&quot; :FRAME (26 33) :SENSE-INFO
<   ((:PENN-PARTS-OF-SPEECH (NN) :TRIPS-PARTS-OF-SPEECH (W::N))) :UTTNUM 16
<   :CHANNEL DESKTOP :DIRECTION INPUT)
<  (PREFER &quot;a leaflet&quot; :FRAME (24 33) :PENN-CATS (NP) :TRIPS-CATS (W::NP) :SCORE
<   16.036 :UTTNUM 16 :CHANNEL DESKTOP :DIRECTION INPUT)
<  (WORD &quot;und&quot; :FRAME (34 37) :SENSE-INFO
<   ((:PENN-PARTS-OF-SPEECH (NN VB) :TRIPS-PARTS-OF-SPEECH (W::N W::V))) :UTTNUM
<   16 :CHANNEL DESKTOP :DIRECTION INPUT)
<  (WORD &quot;some&quot; :FRAME (38 42) :SENSE-INFO
<   ((:PENN-PARTS-OF-SPEECH (DT) :TRIPS-PARTS-OF-SPEECH (W::ART W::QUAN W::PRO)))
<   :UTTNUM 16 :CHANNEL DESKTOP :DIRECTION INPUT)
<  (WORD &quot;pens&quot; :FRAME (43 47) :SENSE-INFO
<   ((:PENN-PARTS-OF-SPEECH (NNS) :TRIPS-PARTS-OF-SPEECH (W::N))) :UTTNUM 16
<   :CHANNEL DESKTOP :DIRECTION INPUT)
<  (PREFER &quot;some pens&quot; :FRAME (38 47) :PENN-CATS (NP) :TRIPS-CATS (W::NP) :SCORE
<   19.254 :UTTNUM 16 :CHANNEL DESKTOP :DIRECTION INPUT)
<  (PREFER &quot;und some pens&quot; :FRAME (34 47) :PENN-CATS (VP) :TRIPS-CATS (W::VP)
<   :SCORE 34.549 :UTTNUM 16 :CHANNEL DESKTOP :DIRECTION INPUT)
<  (PREFER &quot;a leaflet und some pens&quot; :FRAME (24 47) :PENN-CATS (S) :SCORE 52.523
<   :UTTNUM 16 :CHANNEL DESKTOP :DIRECTION INPUT)
<  (PREFER &quot;holding a leaflet und some pens&quot; :FRAME (16 47) :PENN-CATS (VP)
<   :TRIPS-CATS (W::VP) :SCORE 62.301 :UTTNUM 16 :CHANNEL DESKTOP :DIRECTION
<   INPUT)
<  (PREFER &quot;is holding a leaflet und some pens&quot; :FRAME (13 47) :PENN-CATS (VP)
<   :TRIPS-CATS (W::VP) :SCORE 66.561 :UTTNUM 16 :CHANNEL DESKTOP :DIRECTION
<   INPUT)
<  (WORD &quot;.&quot; :FRAME (48 48) :SENSE-INFO
<   ((:PENN-PARTS-OF-SPEECH (FULL_STOP) :TRIPS-PARTS-OF-SPEECH (W::PUNC)))
<   :UTTNUM 16 :CHANNEL DESKTOP :DIRECTION INPUT)
<  (PREFER &quot;each of them is holding a leaflet und some pens .&quot; :FRAME (0 48)
<   :PENN-CATS (S) :SCORE 86.577 :UTTNUM 16 :CHANNEL DESKTOP :DIRECTION INPUT))</lisp><word lex="is" start="13" end="15"><sense-info penn-parts-of-speech="VBZ" trips-parts-of-speech="V" /></word><word lex="holding" start="16" end="23"><sense-info penn-parts-of-speech="VBG" trips-parts-of-speech="V" /></word><word lex="a" start="24" end="25"><sense-info penn-parts-of-speech="DT" trips-parts-of-speech="ART,QUAN,PRO" /></word><word lex="leaflet" start="26" end="33"><sense-info penn-parts-of-speech="NN" trips-parts-of-speech="N" /></word><prefer text="a leaflet" start="24" end="33" penn-cats="NP" score="16.036" /><word lex="und" start="34" end="37"><sense-info penn-parts-of-speech="NN,VB" trips-parts-of-speech="N,V" /></word><word lex="some" start="38" end="42"><sense-info penn-parts-of-speech="DT" trips-parts-of-speech="ART,QUAN,PRO" /></word><word lex="pens" start="43" end="47"><sense-info penn-parts-of-speech="NNS" trips-parts-of-speech="N" /></word><prefer text="some pens" start="38" end="47" penn-cats="NP" score="19.254" /><prefer text="und some pens" start="34" end="47" penn-cats="VP" score="34.549" /><prefer text="a leaflet und some pens" start="24" end="47" penn-cats="S" score="52.523" /><prefer text="holding a leaflet und some pens" start="16" end="47" penn-cats="VP" score="62.301" /><prefer text="is holding a leaflet und some pens" start="13" end="47" penn-cats="VP" score="66.561" /><word lex="." start="48" end="48"><sense-info penn-parts-of-speech="FULL_STOP" trips-parts-of-speech="PUNC" /></word><prefer text="each of them is holding a leaflet und some pens ." start="0" end="48" penn-cats="S" score="86.577" /></tags><tree><lisp>(UTT
<  (UTT
<   (S (AUX (V IS))
<    (NP
<     (VP
<      (VP- (V HOLDING)
<       (NP (SPEC (DET (ART A))) (N1 (N1 (N LEAFLET)) (N1 (N UND))))
<       (NP (SPEC (QUAN SOME)) (N1 (N PENS))))))))
<  (PUNC PUNC-PERIOD))</lisp><UTT><UTT><S><AUX><V>IS</V></AUX><NP><VP><VP-><V>HOLDING</V><NP><SPEC><DET><ART>A</ART></DET></SPEC><N1><N1><N>LEAFLET</N></N1><N1><N>UND</N></N1></N1></NP><NP><SPEC><QUAN>SOME</QUAN></SPEC><N1><N>PENS</N></N1></NP></VP-></VP></NP></S></UTT><PUNC>PUNC-PERIOD</PUNC></UTT></tree><terms root="#V54045"><lisp>((ONT::SPEECHACT ONT::V54045 ONT::SA_YN-QUESTION :PUNCTYPE W::DECL :CONTENT
<   ONT::V53075 :START 13 :END 48)
<  (ONT::F ONT::V53075 (:* ONT::ELLIPSIS) :NEUTRAL ONT::V53094 :TENSE W::PRES
<   :PROGR + :START 13 :END 48)
<  (ONT::BARE ONT::V53094 (:* ONT::BODY-MANIPULATION W::HOLD) :AFFECTED
<   ONT::V53164 :BENEFICIARY ONT::V53262 :START 16 :END 48)
<  (ONT::F ONT::V53262 (:* ONT::BENEFICIARY W::IOBJ) :GROUND ONT::V53154 :FIGURE
<   ONT::V53094 :START 16 :END 48)
<  (ONT::A ONT::V53154 (:* ONT::REFERENTIAL-SEM W::UND) :ASSOC-WITH ONT::V53146
<   :START 24 :END 38)
<  (ONT::KIND ONT::V53146 (:* ONT::BODY-PART W::LEAFLET) :START 24 :END 38)
<  (ONT::INDEF-SET ONT::V53164 (:* ONT::WRITING-IMPLEMENT W::PEN) :SIZE ONT::SOME
<   :START 38 :END 48))</lisp><rdf:RDF
<   xmlns:rdf="http://www.w3.org/1999/02/22-rdf-syntax-ns#"
<   xmlns:role="http://www.cs.rochester.edu/research/trips/role#"
<   xmlns:LF="http://www.cs.rochester.edu/research/trips/LF#">
<   <rdf:Description rdf:ID="V54045">
<     <LF:indicator>SPEECHACT</LF:indicator>
<     <LF:type>SA_YN-QUESTION</LF:type>
<     <role:PUNCTYPE>DECL</role:PUNCTYPE>
<     <role:CONTENT rdf:resource="#V53075" />
<     <LF:start>13</LF:start>
<     <LF:end>48</LF:end>
<   </rdf:Description>
<   <rdf:Description rdf:ID="V53075">
<     <LF:indicator>F</LF:indicator>
<     <LF:type>ELLIPSIS</LF:type>
<     <role:NEUTRAL rdf:resource="#V53094" />
<     <role:TENSE>PRES</role:TENSE>
<     <role:PROGR>+</role:PROGR>
<     <LF:start>13</LF:start>
<     <LF:end>48</LF:end>
<   </rdf:Description>
<   <rdf:Description rdf:ID="V53094">
<     <LF:indicator>BARE</LF:indicator>
<     <LF:type>BODY-MANIPULATION</LF:type>
<     <LF:word>HOLD</LF:word>
<     <role:AFFECTED rdf:resource="#V53164" />
<     <role:BENEFICIARY rdf:resource="#V53262" />
<     <LF:start>16</LF:start>
<     <LF:end>48</LF:end>
<   </rdf:Description>
<   <rdf:Description rdf:ID="V53262">
<     <LF:indicator>F</LF:indicator>
<     <LF:type>BENEFICIARY</LF:type>
<     <LF:word>IOBJ</LF:word>
<     <role:GROUND rdf:resource="#V53154" />
<     <role:FIGURE rdf:resource="#V53094" />
<     <LF:start>16</LF:start>
<     <LF:end>48</LF:end>
<   </rdf:Description>
<   <rdf:Description rdf:ID="V53154">
<     <LF:indicator>A</LF:indicator>
<     <LF:type>REFERENTIAL-SEM</LF:type>
<     <LF:word>UND</LF:word>
<     <role:ASSOC-WITH rdf:resource="#V53146" />
<     <LF:start>24</LF:start>
<     <LF:end>38</LF:end>
<   </rdf:Description>
<   <rdf:Description rdf:ID="V53146">
<     <LF:indicator>KIND</LF:indicator>
<     <LF:type>BODY-PART</LF:type>
<     <LF:word>LEAFLET</LF:word>
<     <LF:start>24</LF:start>
<     <LF:end>38</LF:end>
<   </rdf:Description>
<   <rdf:Description rdf:ID="V53164">
<     <LF:indicator>INDEF-SET</LF:indicator>
<     <LF:type>WRITING-IMPLEMENT</LF:type>
<     <LF:word>PEN</LF:word>
<     <role:SIZE>SOME</role:SIZE>
<     <LF:start>38</LF:start>
<     <LF:end>48</LF:end>
<   </rdf:Description>
< </rdf:RDF>
< </terms></utt></compound-communication-act>
< </trips-parser-output>
\ No newline at end of file
---
> <SpRL>
>  <SCENE>
>   <SENTENCE id="s1" indicator="QUANTIFIER" type="REFERENTIAL-SEM" text="THEM" QUAN="EACH" start="0" end="13">
>    <TEXT>each of them i</TEXT>
>    <RELATION id="1" head="V53213" res="V53070" label="REFSET"/>
>    <PHRASE id="V53070" indicator="PRO-SET" type="REFERENTIAL-SEM" text="THEM" PROFORM="THEM" start="5" end="13"/>
>   </SENTENCE>
>   <SENTENCE id="s2" indicator="SPEECHACT" type="SA_YN-QUESTION" PUNCTYPE="DECL" start="13" end="48">
>    <TEXT>is holding a leaflet und some pens .</TEXT>
>    <RELATION id="2" head="V54045" res="V53075" label="CONTENT"/>
>    <PHRASE id="V53075" indicator="F" type="ELLIPSIS" TENSE="PRES" PROGR="+" start="13" end="48"/>
>    <RELATION id="3" head="V53075" res="V53094" label="NEUTRAL"/>
>    <PHRASE id="V53094" indicator="BARE" type="BODY-MANIPULATION" text="HOLD" start="16" end="48"/>
>    <RELATION id="4" head="V53094" res="V53164" label="AFFECTED"/>
>    <RELATION id="5" head="V53094" res="V53262" label="BENEFICIARY"/>
>    <PHRASE id="V53262" indicator="F" type="BENEFICIARY" text="IOBJ" start="16" end="48"/>
>    <RELATION id="6" head="V53262" res="V53154" label="GROUND"/>
>    <RELATION id="7" head="V53262" res="V53094" label="FIGURE"/>
>    <PHRASE id="V53154" indicator="A" type="REFERENTIAL-SEM" text="UND" start="24" end="38"/>
>    <RELATION id="8" head="V53154" res="V53146" label="ASSOC-WITH"/>
>    <PHRASE id="V53146" indicator="KIND" type="BODY-PART" text="LEAFLET" start="24" end="38"/>
>    <PHRASE id="V53164" indicator="INDEF-SET" type="WRITING-IMPLEMENT" text="PEN" SIZE="SOME" start="38" end="48"/>
>   </SENTENCE>
>  </SCENE>
> </SpRL>
