2,374c2,48
< <?xml-stylesheet type="text/xsl" href="../style/parser-interface.xsl"?>
< <!DOCTYPE trips-parser-output SYSTEM "../trips-parser-output.dtd">
< <trips-parser-output parser-build-date="2017-09-20T12:11:02-0500" system="STEP" extsformat="svg" tagsformat="hidden" treecontents="phrase" treeformat="LinGO" lfformat="svg" semantic-skeleton-scoring="T" rule-sets="" input="a dark-haired , dark-skinned boy wearing white shirt and yellow and grey sweater is standing in a classroom .
< ">
< <debug>
< 
<  FOUNDS SEQUENCE from constit (% W::NP (W::BARE-SEQUENCE -) (W::CONSTRAINT -)
<                                  (W::MASS W::BARE) (W::GENERATED +)
<                                  (W::POSTADVBL +)
<                                  (W::SEM ?8607:(?111413:(F::PHYS-OBJ
<                                                          F::ABSTR-OBJ) NIL))
<                                  (W::LF (% W::DESCRIPTION (W::STATUS ONT::DEFINITE)
<                                            (W::VAR V110577)
<                                            (W::SORT W::INDIVIDUAL)
<                                            (W::LEX (W::A))
<                                            (W::CLASS ONT::SEQUENCE)
<                                            (W::CONSTRAINT (% &amp; (W::NAME-OF (W::A))
<                                                              (W::VAL (W::A))))
<                                            (W::LEX W::A) (W::SEM ?111411)
<                                            (W::TRANSFORM ?111412)))
<                                  (W::CASE ?111410:(W::SUB W::OBJ -))
<                                  (W::AGR ?111409) (W::CLASS ONT::ANY-SEM)
<                                  (W::VAR V110577) (W::SORT W::PRED) (W::NAME -)
<                                  (W::PRO -) (W::CHANGEAGR -) (W::LEX W::A)
<                                  (W::HEADCAT W::VALUE) (W::TRANSFORM -)
<                                  (W::REFL -) (1 RNUMBER110782))
< 
<  FOUNDS SEQUENCE from constit (% W::NP (W::BARE-SEQUENCE -) (W::CONSTRAINT -)
<                                  (W::MASS W::BARE) (W::GENERATED +)
<                                  (W::POSTADVBL +)
<                                  (W::SEM ?8607:(?111708:(F::PHYS-OBJ
<                                                          F::ABSTR-OBJ) NIL))
<                                  (W::LF (% W::DESCRIPTION (W::STATUS ONT::DEFINITE)
<                                            (W::VAR V110580)
<                                            (W::SORT W::INDIVIDUAL)
<                                            (W::LEX (W::A))
<                                            (W::CLASS ONT::SEQUENCE)
<                                            (W::CONSTRAINT (% &amp; (W::NAME-OF (W::A))
<                                                              (W::VAL (W::A))))
<                                            (W::LEX W::A) (W::SEM ?111706)
<                                            (W::TRANSFORM ?111707)))
<                                  (W::CASE ?111705:(W::SUB W::OBJ -))
<                                  (W::AGR ?111704) (W::CLASS ONT::ANY-SEM)
<                                  (W::VAR V110580) (W::SORT W::PRED) (W::NAME -)
<                                  (W::PRO -) (W::CHANGEAGR -) (W::LEX W::A)
<                                  (W::HEADCAT W::VALUE) (W::TRANSFORM -)
<                                  (W::REFL -) (1 RNUMBER110784))
< *last-utt-id*=NIL  utt-id+23
< *last-utt-id*=23  utt-id+23
< *last-utt-id*=23  utt-id+NIL</debug><compound-communication-act>
< <utt><words><lisp>(W::A W::DARK W::PUNC-MINUS W::HAIRED W::DARK W::PUNC-MINUS W::SKINNED W::BOY)</lisp><word>A</word><word>DARK</word><word>PUNC-MINUS</word><word>HAIRED</word><word>DARK</word><word>PUNC-MINUS</word><word>SKINNED</word><word>BOY</word></words><tags><lisp>((WORD &quot;a&quot; :FRAME (0 1) :SENSE-INFO
<   ((:PENN-PARTS-OF-SPEECH (DT) :TRIPS-PARTS-OF-SPEECH (W::ART W::QUAN W::PRO)))
<   :UTTNUM 23 :CHANNEL DESKTOP :DIRECTION INPUT)
<  (WORD &quot;dark&quot; :FRAME (2 5) :SENSE-INFO
<   ((:PENN-PARTS-OF-SPEECH (NN) :TRIPS-PARTS-OF-SPEECH (W::N))) :UTTNUM 23
<   :CHANNEL DESKTOP :DIRECTION INPUT)
<  (WORD &quot;-&quot; :FRAME (6 6) :SENSE-INFO
<   ((:PENN-PARTS-OF-SPEECH (COLON) :TRIPS-PARTS-OF-SPEECH (W::PUNC))) :UTTNUM 23
<   :CHANNEL DESKTOP :DIRECTION INPUT)
<  (WORD &quot;haired&quot; :FRAME (7 13) :SENSE-INFO
<   ((:PENN-PARTS-OF-SPEECH (JJ) :TRIPS-PARTS-OF-SPEECH (W::ADJ))) :UTTNUM 23
<   :CHANNEL DESKTOP :DIRECTION INPUT)
<  (WORD &quot;dark-haired&quot; :FRAME (2 13) :SENSE-INFO
<   ((:PENN-PARTS-OF-SPEECH (JJ) :TRIPS-PARTS-OF-SPEECH (W::ADJ) :WN-SENSE-KEYS
<     (&quot;dark-haired%5:00:00&quot;)))
<   :UTTNUM 23 :CHANNEL DESKTOP :DIRECTION INPUT)
<  (WORD &quot;,&quot; :FRAME (14 15) :SENSE-INFO
<   ((:PENN-PARTS-OF-SPEECH (COMMA) :TRIPS-PARTS-OF-SPEECH (W::PUNC))) :UTTNUM 23
<   :CHANNEL DESKTOP :DIRECTION INPUT)
<  (WORD &quot;dark&quot; :FRAME (16 19) :SENSE-INFO
<   ((:PENN-PARTS-OF-SPEECH (JJ) :TRIPS-PARTS-OF-SPEECH (W::ADJ))) :UTTNUM 23
<   :CHANNEL DESKTOP :DIRECTION INPUT)
<  (WORD &quot;-&quot; :FRAME (20 20) :SENSE-INFO
<   ((:PENN-PARTS-OF-SPEECH (COLON) :TRIPS-PARTS-OF-SPEECH (W::PUNC))) :UTTNUM 23
<   :CHANNEL DESKTOP :DIRECTION INPUT)
<  (WORD &quot;skinned&quot; :FRAME (21 28) :SENSE-INFO
<   ((:PENN-PARTS-OF-SPEECH (VBN) :TRIPS-PARTS-OF-SPEECH (W::V))) :UTTNUM 23
<   :CHANNEL DESKTOP :DIRECTION INPUT)
<  (WORD &quot;dark-skinned&quot; :FRAME (16 28) :SENSE-INFO
<   ((:PENN-PARTS-OF-SPEECH (JJ) :TRIPS-PARTS-OF-SPEECH (W::ADJ) :WN-SENSE-KEYS
<     (&quot;dark-skinned%5:00:00&quot;)))
<   :UTTNUM 23 :CHANNEL DESKTOP :DIRECTION INPUT)
<  (WORD &quot;boy&quot; :FRAME (29 32) :SENSE-INFO
<   ((:PENN-PARTS-OF-SPEECH (NN) :TRIPS-PARTS-OF-SPEECH (W::N))) :UTTNUM 23
<   :CHANNEL DESKTOP :DIRECTION INPUT)
<  (PREFER &quot;a dark-haired , dark-skinned boy&quot; :FRAME (0 32) :PENN-CATS (NP)
<   :TRIPS-CATS (W::NP) :SCORE 40.958 :UTTNUM 23 :CHANNEL DESKTOP :DIRECTION
<   INPUT))</lisp><word lex="a" start="0" end="1"><sense-info penn-parts-of-speech="DT" trips-parts-of-speech="ART,QUAN,PRO" /></word><word lex="dark" start="2" end="5"><sense-info penn-parts-of-speech="NN" trips-parts-of-speech="N" /></word><word lex="-" start="6" end="6"><sense-info penn-parts-of-speech="COLON" trips-parts-of-speech="PUNC" /></word><word lex="haired" start="7" end="13"><sense-info penn-parts-of-speech="JJ" trips-parts-of-speech="ADJ" /></word><word lex="dark-haired" start="2" end="13"><sense-info penn-parts-of-speech="JJ" trips-parts-of-speech="ADJ" wn-sense-keys="dark-haired%5:00:00" /></word><word lex="," start="14" end="15"><sense-info penn-parts-of-speech="COMMA" trips-parts-of-speech="PUNC" /></word><word lex="dark" start="16" end="19"><sense-info penn-parts-of-speech="JJ" trips-parts-of-speech="ADJ" /></word><word lex="-" start="20" end="20"><sense-info penn-parts-of-speech="COLON" trips-parts-of-speech="PUNC" /></word><word lex="skinned" start="21" end="28"><sense-info penn-parts-of-speech="VBN" trips-parts-of-speech="V" /></word><word lex="dark-skinned" start="16" end="28"><sense-info penn-parts-of-speech="JJ" trips-parts-of-speech="ADJ" wn-sense-keys="dark-skinned%5:00:00" /></word><word lex="boy" start="29" end="32"><sense-info penn-parts-of-speech="NN" trips-parts-of-speech="N" /></word><prefer text="a dark-haired , dark-skinned boy" start="0" end="32" penn-cats="NP" score="40.958" /></tags><tree><lisp>(NP (SPEC (DET (ART A)))
<  (N1 (ADJP (ADJ1 (ADJ DARK PUNC-MINUS HAIRED)))
<   (N1 (ADJP (ADJ1 (ADJ DARK))) (WORD PUNC-MINUS)
<    (N1 (ADJP (VP- (V SKINNED))) (N1 (N BOY))))))</lisp><NP><SPEC><DET><ART>A</ART></DET></SPEC><N1><ADJP><ADJ1><ADJ>DARK PUNC-MINUS HAIRED</ADJ></ADJ1></ADJP><N1><ADJP><ADJ1><ADJ>DARK</ADJ></ADJ1></ADJP><WORD>PUNC-MINUS</WORD><N1><ADJP><VP-><V>SKINNED</V></VP-></ADJP><N1><N>BOY</N></N1></N1></N1></N1></NP></tree><terms root="#V108346"><lisp>((ONT::A ONT::V108346 (:* ONT::MALE-CHILD W::BOY) :MOD ONT::V108312 :MOD
<   ONT::V108319 :MOD ONT::V108329 :START 0 :END 33)
<  (ONT::F ONT::V108312 (:* ONT::MODIFIER W::DARK-PUNC-MINUS-HAIRED) :FIGURE
<   ONT::V108346 :START 2 :END 14 :WNSENSE &quot;dark-haired%5:00:00&quot;)
<  (ONT::F ONT::V108319 (:* ONT::DARK-IN-COLOR-VAL W::DARK) :FIGURE ONT::V108346
<   :START 16 :END 20)
<  (ONT::F ONT::V108329 (:* ONT::MOVE W::SKINNED) :AFFECTED ONT::V108346 :START
<   21 :END 29))</lisp><rdf:RDF
<   xmlns:rdf="http://www.w3.org/1999/02/22-rdf-syntax-ns#"
<   xmlns:role="http://www.cs.rochester.edu/research/trips/role#"
<   xmlns:LF="http://www.cs.rochester.edu/research/trips/LF#">
<   <rdf:Description rdf:ID="V108346">
<     <LF:indicator>A</LF:indicator>
<     <LF:type>MALE-CHILD</LF:type>
<     <LF:word>BOY</LF:word>
<     <role:MOD rdf:resource="#V108312" />
<     <role:MOD rdf:resource="#V108319" />
<     <role:MOD rdf:resource="#V108329" />
<     <LF:start>0</LF:start>
<     <LF:end>33</LF:end>
<   </rdf:Description>
<   <rdf:Description rdf:ID="V108312">
<     <LF:indicator>F</LF:indicator>
<     <LF:type>MODIFIER</LF:type>
<     <LF:word>DARK-PUNC-MINUS-HAIRED</LF:word>
<     <role:FIGURE rdf:resource="#V108346" />
<     <LF:start>2</LF:start>
<     <LF:end>14</LF:end>
<     <role:WNSENSE>dark-haired%5:00:00</role:WNSENSE>
<   </rdf:Description>
<   <rdf:Description rdf:ID="V108319">
<     <LF:indicator>F</LF:indicator>
<     <LF:type>DARK-IN-COLOR-VAL</LF:type>
<     <LF:word>DARK</LF:word>
<     <role:FIGURE rdf:resource="#V108346" />
<     <LF:start>16</LF:start>
<     <LF:end>20</LF:end>
<   </rdf:Description>
<   <rdf:Description rdf:ID="V108329">
<     <LF:indicator>F</LF:indicator>
<     <LF:type>MOVE</LF:type>
<     <LF:word>SKINNED</LF:word>
<     <role:AFFECTED rdf:resource="#V108346" />
<     <LF:start>21</LF:start>
<     <LF:end>29</LF:end>
<   </rdf:Description>
< </rdf:RDF>
< </terms></utt><utt><words><lisp>(W::WEARING W::WHITE W::SHIRT W::AND W::YELLOW W::AND W::GREY W::SWEATER W::IS
<  W::STANDING W::IN W::A W::CLASSROOM W::PUNC-PERIOD)</lisp><word>WEARING</word><word>WHITE</word><word>SHIRT</word><word>AND</word><word>YELLOW</word><word>AND</word><word>GREY</word><word>SWEATER</word><word>IS</word><word>STANDING</word><word>IN</word><word>A</word><word>CLASSROOM</word><word>PUNC-PERIOD</word></words><tags><lisp>((WORD &quot;wearing&quot; :FRAME (33 40) :SENSE-INFO
<   ((:PENN-PARTS-OF-SPEECH (VBG) :TRIPS-PARTS-OF-SPEECH (W::V))) :UTTNUM 23
<   :CHANNEL DESKTOP :DIRECTION INPUT)
<  (WORD &quot;white&quot; :FRAME (41 46) :SENSE-INFO
<   ((:PENN-PARTS-OF-SPEECH (JJ) :TRIPS-PARTS-OF-SPEECH (W::ADJ))) :UTTNUM 23
<   :CHANNEL DESKTOP :DIRECTION INPUT)
<  (WORD &quot;shirt&quot; :FRAME (47 52) :SENSE-INFO
<   ((:PENN-PARTS-OF-SPEECH (NN) :TRIPS-PARTS-OF-SPEECH (W::N))) :UTTNUM 23
<   :CHANNEL DESKTOP :DIRECTION INPUT)
<  (PREFER &quot;white shirt&quot; :FRAME (41 52) :PENN-CATS (NP) :TRIPS-CATS (W::NP)
<   :SCORE 21.337 :UTTNUM 23 :CHANNEL DESKTOP :DIRECTION INPUT)
<  (WORD &quot;and&quot; :FRAME (53 56) :SENSE-INFO
<   ((:PENN-PARTS-OF-SPEECH (CC) :TRIPS-PARTS-OF-SPEECH (W::CONJ))) :UTTNUM 23
<   :CHANNEL DESKTOP :DIRECTION INPUT)
<  (WORD &quot;yellow&quot; :FRAME (57 63) :SENSE-INFO
<   ((:PENN-PARTS-OF-SPEECH (NN JJ) :TRIPS-PARTS-OF-SPEECH (W::N W::ADJ)))
<   :UTTNUM 23 :CHANNEL DESKTOP :DIRECTION INPUT)
<  (WORD &quot;and&quot; :FRAME (64 67) :SENSE-INFO
<   ((:PENN-PARTS-OF-SPEECH (CC) :TRIPS-PARTS-OF-SPEECH (W::CONJ))) :UTTNUM 23
<   :CHANNEL DESKTOP :DIRECTION INPUT)
<  (WORD &quot;grey&quot; :FRAME (68 72) :SENSE-INFO
<   ((:PENN-PARTS-OF-SPEECH (NN JJ) :TRIPS-PARTS-OF-SPEECH (W::N W::ADJ)
<     :ALTERNATE-SPELLINGS (&quot;gray&quot;)))
<   :UTTNUM 23 :CHANNEL DESKTOP :DIRECTION INPUT)
<  (PREFER &quot;yellow and grey&quot; :FRAME (57 72) :PENN-CATS (ADJP) :TRIPS-CATS
<   (W::ADJP) :SCORE 20.343 :UTTNUM 23 :CHANNEL DESKTOP :DIRECTION INPUT)
<  (WORD &quot;sweater&quot; :FRAME (73 80) :SENSE-INFO
<   ((:PENN-PARTS-OF-SPEECH (NN) :TRIPS-PARTS-OF-SPEECH (W::N))) :UTTNUM 23
<   :CHANNEL DESKTOP :DIRECTION INPUT)
<  (PREFER &quot;yellow and grey sweater&quot; :FRAME (57 80) :PENN-CATS (NP) :TRIPS-CATS
<   (W::NP) :SCORE 35.765 :UTTNUM 23 :CHANNEL DESKTOP :DIRECTION INPUT)
<  (PREFER &quot;white shirt and yellow and grey sweater&quot; :FRAME (41 80) :PENN-CATS
<   (NP) :TRIPS-CATS (W::NP) :SCORE 63.942 :UTTNUM 23 :CHANNEL DESKTOP :DIRECTION
<   INPUT)
<  (PREFER &quot;wearing white shirt and yellow and grey sweater&quot; :FRAME (33 80)
<   :PENN-CATS (VP) :TRIPS-CATS (W::VP) :SCORE 73.069 :UTTNUM 23 :CHANNEL DESKTOP
<   :DIRECTION INPUT)
<  (PREFER
<   &quot;a dark-haired , dark-skinned boy wearing white shirt and yellow and grey sweater&quot;
<   :FRAME (0 80) :PENN-CATS (NP) :TRIPS-CATS (W::NP) :SCORE 116.589 :UTTNUM 23
<   :CHANNEL DESKTOP :DIRECTION INPUT)
<  (WORD &quot;is&quot; :FRAME (81 83) :SENSE-INFO
<   ((:PENN-PARTS-OF-SPEECH (VBZ) :TRIPS-PARTS-OF-SPEECH (W::V))) :UTTNUM 23
<   :CHANNEL DESKTOP :DIRECTION INPUT)
<  (WORD &quot;standing&quot; :FRAME (84 92) :SENSE-INFO
<   ((:PENN-PARTS-OF-SPEECH (VBG) :TRIPS-PARTS-OF-SPEECH (W::V))) :UTTNUM 23
<   :CHANNEL DESKTOP :DIRECTION INPUT)
<  (WORD &quot;in&quot; :FRAME (93 95) :SENSE-INFO
<   ((:PENN-PARTS-OF-SPEECH (RP IN) :TRIPS-PARTS-OF-SPEECH
<     (W::PART W::PREP W::ADV)))
<   :UTTNUM 23 :CHANNEL DESKTOP :DIRECTION INPUT)
<  (WORD &quot;standing in&quot; :FRAME (84 95) :SENSE-INFO
<   ((:PENN-PARTS-OF-SPEECH (VBG) :TRIPS-PARTS-OF-SPEECH (W::V) :WN-SENSE-KEYS
<     (&quot;stand_in%2:40:00&quot;)))
<   :UTTNUM 23 :CHANNEL DESKTOP :DIRECTION INPUT)
<  (WORD &quot;a&quot; :FRAME (96 97) :SENSE-INFO
<   ((:PENN-PARTS-OF-SPEECH (DT) :TRIPS-PARTS-OF-SPEECH (W::ART W::QUAN W::PRO)))
<   :UTTNUM 23 :CHANNEL DESKTOP :DIRECTION INPUT)
<  (WORD &quot;classroom&quot; :FRAME (98 107) :SENSE-INFO
<   ((:PENN-PARTS-OF-SPEECH (NN) :TRIPS-PARTS-OF-SPEECH (W::N))) :UTTNUM 23
<   :CHANNEL DESKTOP :DIRECTION INPUT)
<  (PREFER &quot;a classroom&quot; :FRAME (96 107) :PENN-CATS (NP) :TRIPS-CATS (W::NP)
<   :SCORE 13.862 :UTTNUM 23 :CHANNEL DESKTOP :DIRECTION INPUT)
<  (PREFER &quot;in a classroom&quot; :FRAME (93 107) :PENN-CATS (PP) :TRIPS-CATS (W::PP)
<   :SCORE 16.087 :UTTNUM 23 :CHANNEL DESKTOP :DIRECTION INPUT)
<  (PREFER &quot;standing in a classroom&quot; :FRAME (84 107) :PENN-CATS (VP) :TRIPS-CATS
<   (W::VP) :SCORE 25.261 :UTTNUM 23 :CHANNEL DESKTOP :DIRECTION INPUT)
<  (PREFER &quot;is standing in a classroom&quot; :FRAME (81 107) :PENN-CATS (VP)
<   :TRIPS-CATS (W::VP) :SCORE 29.521 :UTTNUM 23 :CHANNEL DESKTOP :DIRECTION
<   INPUT)
<  (WORD &quot;.&quot; :FRAME (108 108) :SENSE-INFO
<   ((:PENN-PARTS-OF-SPEECH (FULL_STOP) :TRIPS-PARTS-OF-SPEECH (W::PUNC)))
<   :UTTNUM 23 :CHANNEL DESKTOP :DIRECTION INPUT)
<  (PREFER
<   &quot;a dark-haired , dark-skinned boy wearing white shirt and yellow and grey sweater is standing in a classroom .&quot;
<   :FRAME (0 108) :PENN-CATS (S) :SCORE 150.024 :UTTNUM 23 :CHANNEL DESKTOP
<   :DIRECTION INPUT))</lisp><word lex="wearing" start="33" end="40"><sense-info penn-parts-of-speech="VBG" trips-parts-of-speech="V" /></word><word lex="white" start="41" end="46"><sense-info penn-parts-of-speech="JJ" trips-parts-of-speech="ADJ" /></word><word lex="shirt" start="47" end="52"><sense-info penn-parts-of-speech="NN" trips-parts-of-speech="N" /></word><prefer text="white shirt" start="41" end="52" penn-cats="NP" score="21.337" /><word lex="and" start="53" end="56"><sense-info penn-parts-of-speech="CC" trips-parts-of-speech="CONJ" /></word><word lex="yellow" start="57" end="63"><sense-info penn-parts-of-speech="NN,JJ" trips-parts-of-speech="N,ADJ" /></word><word lex="and" start="64" end="67"><sense-info penn-parts-of-speech="CC" trips-parts-of-speech="CONJ" /></word><word lex="grey" start="68" end="72"><sense-info penn-parts-of-speech="NN,JJ" trips-parts-of-speech="N,ADJ" alternate-spellings="gray" /></word><prefer text="yellow and grey" start="57" end="72" penn-cats="ADJP" score="20.343" /><word lex="sweater" start="73" end="80"><sense-info penn-parts-of-speech="NN" trips-parts-of-speech="N" /></word><prefer text="yellow and grey sweater" start="57" end="80" penn-cats="NP" score="35.765" /><prefer text="white shirt and yellow and grey sweater" start="41" end="80" penn-cats="NP" score="63.942" /><prefer text="wearing white shirt and yellow and grey sweater" start="33" end="80" penn-cats="VP" score="73.069" /><prefer text="a dark-haired , dark-skinned boy wearing white shirt and yellow and grey sweater" start="0" end="80" penn-cats="NP" score="116.589" /><word lex="is" start="81" end="83"><sense-info penn-parts-of-speech="VBZ" trips-parts-of-speech="V" /></word><word lex="standing" start="84" end="92"><sense-info penn-parts-of-speech="VBG" trips-parts-of-speech="V" /></word><word lex="in" start="93" end="95"><sense-info penn-parts-of-speech="RP,IN" trips-parts-of-speech="PART,PREP,ADV" /></word><word lex="standing in" start="84" end="95"><sense-info penn-parts-of-speech="VBG" trips-parts-of-speech="V" wn-sense-keys="stand_in%2:40:00" /></word><word lex="a" start="96" end="97"><sense-info penn-parts-of-speech="DT" trips-parts-of-speech="ART,QUAN,PRO" /></word><word lex="classroom" start="98" end="107"><sense-info penn-parts-of-speech="NN" trips-parts-of-speech="N" /></word><prefer text="a classroom" start="96" end="107" penn-cats="NP" score="13.862" /><prefer text="in a classroom" start="93" end="107" penn-cats="PP" score="16.087" /><prefer text="standing in a classroom" start="84" end="107" penn-cats="VP" score="25.261" /><prefer text="is standing in a classroom" start="81" end="107" penn-cats="VP" score="29.521" /><word lex="." start="108" end="108"><sense-info penn-parts-of-speech="FULL_STOP" trips-parts-of-speech="PUNC" /></word><prefer text="a dark-haired , dark-skinned boy wearing white shirt and yellow and grey sweater is standing in a classroom ." start="0" end="108" penn-cats="S" score="150.024" /></tags><tree><lisp>(UTT
<  (UTT
<   (S
<    (NP
<     (VP
<      (VP- (V WEARING)
<       (NP (NP (N1 (ADJP (ADJ1 (ADJ WHITE))) (N1 (N SHIRT)))) (CONJ AND)
<        (NP
<         (N1
<          (ADJP (ADJP (ADJ1 (ADJ YELLOW))) (CONJ AND) (ADJP (ADJ1 (ADJ GREY))))
<          (N1 (N SWEATER))))))))
<    (VP
<     (VP- (V IS)
<      (NP
<       (N1 (N1 (V STANDING))
<        (ADVBL (ADV IN) (NP (SPEC (DET (ART A))) (N1 (N CLASSROOM))))))))))
<  (PUNC PUNC-PERIOD))</lisp><UTT><UTT><S><NP><VP><VP-><V>WEARING</V><NP><NP><N1><ADJP><ADJ1><ADJ>WHITE</ADJ></ADJ1></ADJP><N1><N>SHIRT</N></N1></N1></NP><CONJ>AND</CONJ><NP><N1><ADJP><ADJP><ADJ1><ADJ>YELLOW</ADJ></ADJ1></ADJP><CONJ>AND</CONJ><ADJP><ADJ1><ADJ>GREY</ADJ></ADJ1></ADJP></ADJP><N1><N>SWEATER</N></N1></N1></NP></NP></VP-></VP></NP><VP><VP-><V>IS</V><NP><N1><N1><V>STANDING</V></N1><ADVBL><ADV>IN</ADV><NP><SPEC><DET><ART>A</ART></DET></SPEC><N1><N>CLASSROOM</N></N1></NP></ADVBL></N1></NP></VP-></VP></S></UTT><PUNC>PUNC-PERIOD</PUNC></UTT></tree><terms root="#V109563"><lisp>((ONT::SPEECHACT ONT::V109563 ONT::SA_TELL :PUNCTYPE W::DECL :CONTENT
<   ONT::V108414 :START 33 :END 108)
<  (ONT::F ONT::V108414 (:* ONT::BE W::BE) :NEUTRAL ONT::V108352 :NEUTRAL1
<   ONT::V108431 :TENSE W::PRES :START 33 :END 108)
<  (ONT::BARE ONT::V108352 (:* ONT::WEAR W::WEAR) :NEUTRAL ONT::V108369 :START 33
<   :END 81)
<  (ONT::INDEF-SET ONT::V108369 ONT::ATTIRE :OPERATOR ONT::AND :SEQUENCE
<   (ONT::V108365 ONT::V108405) :START 41 :END 81)
<  (ONT::BARE ONT::V108365 (:* ONT::ATTIRE W::SHIRT) :MOD ONT::V108358 :START 41
<   :END 53)
<  (ONT::F ONT::V108358 (:* ONT::WHITE W::WHITE) :FIGURE ONT::V108365 :SCALE
<   ONT::WHITE*1--07--00 :START 41 :END 47)
<  (ONT::BARE ONT::V108405 (:* ONT::ATTIRE W::SWEATER) :MOD ONT::V108605 :START
<   57 :END 81)
<  (ONT::F ONT::V108605 ONT::COLOR-VAL :SEQUENCE (ONT::V108378 ONT::V108396)
<   :OPERATOR ONT::AND :START 57 :END 73)
<  (ONT::F ONT::V108378 (:* ONT::YELLOW W::YELLOW) :FIGURE ONT::V108405 :SCALE
<   ONT::YELLOW*1--07--00 :START 57 :END 64)
<  (ONT::F ONT::V108396 (:* ONT::GRAY W::GREY) :FIGURE ONT::V108405 :SCALE
<   ONT::GREYNESS*1--07--00 :START 68 :END 73)
<  (ONT::BARE ONT::V108431 (:* ONT::BE-AT-LOC W::STAND) :LOCATION ONT::V108440
<   :START 84 :END 108)
<  (ONT::F ONT::V108440 (:* ONT::IN-LOC W::IN) :GROUND ONT::V108542 :FIGURE
<   ONT::V108431 :START 93 :END 108)
<  (ONT::A ONT::V108542 (:* ONT::INTERNAL-ENCLOSURE W::CLASSROOM) :START 96 :END
<   108))</lisp><rdf:RDF
<   xmlns:rdf="http://www.w3.org/1999/02/22-rdf-syntax-ns#"
<   xmlns:role="http://www.cs.rochester.edu/research/trips/role#"
<   xmlns:LF="http://www.cs.rochester.edu/research/trips/LF#">
<   <rdf:Description rdf:ID="V109563">
<     <LF:indicator>SPEECHACT</LF:indicator>
<     <LF:type>SA_TELL</LF:type>
<     <role:PUNCTYPE>DECL</role:PUNCTYPE>
<     <role:CONTENT rdf:resource="#V108414" />
<     <LF:start>33</LF:start>
<     <LF:end>108</LF:end>
<   </rdf:Description>
<   <rdf:Description rdf:ID="V108414">
<     <LF:indicator>F</LF:indicator>
<     <LF:type>BE</LF:type>
<     <LF:word>BE</LF:word>
<     <role:NEUTRAL rdf:resource="#V108352" />
<     <role:NEUTRAL1 rdf:resource="#V108431" />
<     <role:TENSE>PRES</role:TENSE>
<     <LF:start>33</LF:start>
<     <LF:end>108</LF:end>
<   </rdf:Description>
<   <rdf:Description rdf:ID="V108352">
<     <LF:indicator>BARE</LF:indicator>
<     <LF:type>WEAR</LF:type>
<     <LF:word>WEAR</LF:word>
<     <role:NEUTRAL rdf:resource="#V108369" />
<     <LF:start>33</LF:start>
<     <LF:end>81</LF:end>
<   </rdf:Description>
<   <rdf:Description rdf:ID="V108369">
<     <LF:indicator>INDEF-SET</LF:indicator>
<     <LF:type>ATTIRE</LF:type>
<     <role:OPERATOR>AND</role:OPERATOR>
<     <role:SEQUENCE rdf:resource="#V108365" />
<     <role:SEQUENCE1 rdf:resource="#V108405" />
<     <LF:start>41</LF:start>
<     <LF:end>81</LF:end>
<   </rdf:Description>
<   <rdf:Description rdf:ID="V108365">
<     <LF:indicator>BARE</LF:indicator>
<     <LF:type>ATTIRE</LF:type>
<     <LF:word>SHIRT</LF:word>
<     <role:MOD rdf:resource="#V108358" />
<     <LF:start>41</LF:start>
<     <LF:end>53</LF:end>
<   </rdf:Description>
<   <rdf:Description rdf:ID="V108358">
<     <LF:indicator>F</LF:indicator>
<     <LF:type>WHITE</LF:type>
<     <LF:word>WHITE</LF:word>
<     <role:FIGURE rdf:resource="#V108365" />
<     <role:SCALE>WHITE*1--07--00</role:SCALE>
<     <LF:start>41</LF:start>
<     <LF:end>47</LF:end>
<   </rdf:Description>
<   <rdf:Description rdf:ID="V108405">
<     <LF:indicator>BARE</LF:indicator>
<     <LF:type>ATTIRE</LF:type>
<     <LF:word>SWEATER</LF:word>
<     <role:MOD rdf:resource="#V108605" />
<     <LF:start>57</LF:start>
<     <LF:end>81</LF:end>
<   </rdf:Description>
<   <rdf:Description rdf:ID="V108605">
<     <LF:indicator>F</LF:indicator>
<     <LF:type>COLOR-VAL</LF:type>
<     <role:SEQUENCE rdf:resource="#V108378" />
<     <role:SEQUENCE1 rdf:resource="#V108396" />
<     <role:OPERATOR>AND</role:OPERATOR>
<     <LF:start>57</LF:start>
<     <LF:end>73</LF:end>
<   </rdf:Description>
<   <rdf:Description rdf:ID="V108378">
<     <LF:indicator>F</LF:indicator>
<     <LF:type>YELLOW</LF:type>
<     <LF:word>YELLOW</LF:word>
<     <role:FIGURE rdf:resource="#V108405" />
<     <role:SCALE>YELLOW*1--07--00</role:SCALE>
<     <LF:start>57</LF:start>
<     <LF:end>64</LF:end>
<   </rdf:Description>
<   <rdf:Description rdf:ID="V108396">
<     <LF:indicator>F</LF:indicator>
<     <LF:type>GRAY</LF:type>
<     <LF:word>GREY</LF:word>
<     <role:FIGURE rdf:resource="#V108405" />
<     <role:SCALE>GREYNESS*1--07--00</role:SCALE>
<     <LF:start>68</LF:start>
<     <LF:end>73</LF:end>
<   </rdf:Description>
<   <rdf:Description rdf:ID="V108431">
<     <LF:indicator>BARE</LF:indicator>
<     <LF:type>BE-AT-LOC</LF:type>
<     <LF:word>STAND</LF:word>
<     <role:LOCATION rdf:resource="#V108440" />
<     <LF:start>84</LF:start>
<     <LF:end>108</LF:end>
<   </rdf:Description>
<   <rdf:Description rdf:ID="V108440">
<     <LF:indicator>F</LF:indicator>
<     <LF:type>IN-LOC</LF:type>
<     <LF:word>IN</LF:word>
<     <role:GROUND rdf:resource="#V108542" />
<     <role:FIGURE rdf:resource="#V108431" />
<     <LF:start>93</LF:start>
<     <LF:end>108</LF:end>
<   </rdf:Description>
<   <rdf:Description rdf:ID="V108542">
<     <LF:indicator>A</LF:indicator>
<     <LF:type>INTERNAL-ENCLOSURE</LF:type>
<     <LF:word>CLASSROOM</LF:word>
<     <LF:start>96</LF:start>
<     <LF:end>108</LF:end>
<   </rdf:Description>
< </rdf:RDF>
< </terms></utt></compound-communication-act>
< </trips-parser-output>
\ No newline at end of file
---
> <SpRL>
>  <SCENE>
>   <SENTENCE id="s1" indicator="A" type="MALE-CHILD" text="BOY" start="0" end="33">
>    <TEXT>a dark-haired , dark-skinned boy w</TEXT>
>    <RELATION id="1" head="V108346" res="V108312" label="MOD"/>
>    <RELATION id="2" head="V108346" res="V108319" label="MOD"/>
>    <RELATION id="3" head="V108346" res="V108329" label="MOD"/>
>    <PHRASE id="V108312" indicator="F" type="MODIFIER" text="DARK-PUNC-MINUS-HAIRED" start="2" end="14" WNSENSE="dark-haired%5:00:00"/>
>    <RELATION id="4" head="V108312" res="V108346" label="FIGURE"/>
>    <PHRASE id="V108319" indicator="F" type="DARK-IN-COLOR-VAL" text="DARK" start="16" end="20"/>
>    <RELATION id="5" head="V108319" res="V108346" label="FIGURE"/>
>    <PHRASE id="V108329" indicator="F" type="MOVE" text="SKINNED" start="21" end="29"/>
>    <RELATION id="6" head="V108329" res="V108346" label="AFFECTED"/>
>   </SENTENCE>
>   <SENTENCE id="s2" indicator="SPEECHACT" type="SA_TELL" PUNCTYPE="DECL" start="33" end="108">
>    <TEXT>wearing white shirt and yellow and grey sweater is standing in a classroom .</TEXT>
>    <RELATION id="7" head="V109563" res="V108414" label="CONTENT"/>
>    <PHRASE id="V108414" indicator="F" type="BE" text="BE" TENSE="PRES" start="33" end="108"/>
>    <RELATION id="8" head="V108414" res="V108352" label="NEUTRAL"/>
>    <RELATION id="9" head="V108414" res="V108431" label="NEUTRAL1"/>
>    <PHRASE id="V108352" indicator="BARE" type="WEAR" text="WEAR" start="33" end="81"/>
>    <RELATION id="10" head="V108352" res="V108369" label="NEUTRAL"/>
>    <PHRASE id="V108369" indicator="INDEF-SET" type="ATTIRE" OPERATOR="AND" start="41" end="81"/>
>    <RELATION id="11" head="V108369" res="V108365" label="SEQUENCE"/>
>    <RELATION id="12" head="V108369" res="V108405" label="SEQUENCE1"/>
>    <PHRASE id="V108365" indicator="BARE" type="ATTIRE" text="SHIRT" start="41" end="53"/>
>    <RELATION id="13" head="V108365" res="V108358" label="MOD"/>
>    <PHRASE id="V108358" indicator="F" type="WHITE" text="WHITE" SCALE="WHITE*1--07--00" start="41" end="47"/>
>    <RELATION id="14" head="V108358" res="V108365" label="FIGURE"/>
>    <PHRASE id="V108405" indicator="BARE" type="ATTIRE" text="SWEATER" start="57" end="81"/>
>    <RELATION id="15" head="V108405" res="V108605" label="MOD"/>
>    <PHRASE id="V108605" indicator="F" type="COLOR-VAL" OPERATOR="AND" start="57" end="73"/>
>    <RELATION id="16" head="V108605" res="V108378" label="SEQUENCE"/>
>    <RELATION id="17" head="V108605" res="V108396" label="SEQUENCE1"/>
>    <PHRASE id="V108378" indicator="F" type="YELLOW" text="YELLOW" SCALE="YELLOW*1--07--00" start="57" end="64"/>
>    <RELATION id="18" head="V108378" res="V108405" label="FIGURE"/>
>    <PHRASE id="V108396" indicator="F" type="GRAY" text="GREY" SCALE="GREYNESS*1--07--00" start="68" end="73"/>
>    <RELATION id="19" head="V108396" res="V108405" label="FIGURE"/>
>    <PHRASE id="V108431" indicator="BARE" type="BE-AT-LOC" text="STAND" start="84" end="108"/>
>    <RELATION id="20" head="V108431" res="V108440" label="LOCATION"/>
>    <PHRASE id="V108440" indicator="F" type="IN-LOC" text="IN" start="93" end="108"/>
>    <RELATION id="21" head="V108440" res="V108542" label="GROUND"/>
>    <RELATION id="22" head="V108440" res="V108431" label="FIGURE"/>
>    <PHRASE id="V108542" indicator="A" type="INTERNAL-ENCLOSURE" text="CLASSROOM" start="96" end="108"/>
>   </SENTENCE>
>  </SCENE>
> </SpRL>
