2,211c2,32
< <?xml-stylesheet type="text/xsl" href="../style/parser-interface.xsl"?>
< <!DOCTYPE trips-parser-output SYSTEM "../trips-parser-output.dtd">
< <trips-parser-output parser-build-date="2017-09-20T12:11:02-0500" system="STEP" extsformat="svg" tagsformat="hidden" treecontents="phrase" treeformat="LinGO" lfformat="svg" semantic-skeleton-scoring="T" rule-sets="" input="a house with brick walls and two garage doors behind them .
< ">
< <debug>
< 
<  FOUNDS SEQUENCE from constit (% W::NP (W::BARE-SEQUENCE -) (W::CONSTRAINT -)
<                                  (W::MASS W::BARE) (W::GENERATED +)
<                                  (W::POSTADVBL +)
<                                  (W::SEM ?8607:(?20013:(F::PHYS-OBJ
<                                                         F::ABSTR-OBJ) NIL))
<                                  (W::LF (% W::DESCRIPTION (W::STATUS ONT::DEFINITE)
<                                            (W::VAR V160758)
<                                            (W::SORT W::INDIVIDUAL)
<                                            (W::LEX (W::A))
<                                            (W::CLASS ONT::SEQUENCE)
<                                            (W::CONSTRAINT (% &amp; (W::NAME-OF (W::A))
<                                                              (W::VAL (W::A))))
<                                            (W::LEX W::A) (W::SEM ?20011)
<                                            (W::TRANSFORM ?20012)))
<                                  (W::CASE ?20010:(W::SUB W::OBJ -))
<                                  (W::AGR ?20009) (W::CLASS ONT::ANY-SEM)
<                                  (W::VAR V160758) (W::SORT W::PRED) (W::NAME -)
<                                  (W::PRO -) (W::CHANGEAGR -) (W::LEX W::A)
<                                  (W::HEADCAT W::VALUE) (W::TRANSFORM -)
<                                  (W::REFL -) (1 RNUMBER160800))
< *last-utt-id*=NIL  utt-id+29
< *last-utt-id*=29  utt-id+NIL</debug><utt><words><lisp>(W::A W::HOUSE W::WITH W::BRICK W::WALLS W::AND W::TWO W::GARAGE W::DOORS
<  W::BEHIND W::THEM W::PUNC-PERIOD)</lisp><word>A</word><word>HOUSE</word><word>WITH</word><word>BRICK</word><word>WALLS</word><word>AND</word><word>TWO</word><word>GARAGE</word><word>DOORS</word><word>BEHIND</word><word>THEM</word><word>PUNC-PERIOD</word></words><tags><lisp>((WORD &quot;a&quot; :FRAME (0 1) :SENSE-INFO
<   ((:PENN-PARTS-OF-SPEECH (DT) :TRIPS-PARTS-OF-SPEECH (W::ART W::QUAN W::PRO)))
<   :UTTNUM 29 :CHANNEL DESKTOP :DIRECTION INPUT)
<  (WORD &quot;house&quot; :FRAME (2 7) :SENSE-INFO
<   ((:PENN-PARTS-OF-SPEECH (NN) :TRIPS-PARTS-OF-SPEECH (W::N))) :UTTNUM 29
<   :CHANNEL DESKTOP :DIRECTION INPUT)
<  (PREFER &quot;a house&quot; :FRAME (0 7) :PENN-CATS (NP) :TRIPS-CATS (W::NP) :SCORE
<   10.119 :UTTNUM 29 :CHANNEL DESKTOP :DIRECTION INPUT)
<  (WORD &quot;with&quot; :FRAME (8 12) :SENSE-INFO
<   ((:PENN-PARTS-OF-SPEECH (IN) :TRIPS-PARTS-OF-SPEECH (W::PREP W::ADV)))
<   :UTTNUM 29 :CHANNEL DESKTOP :DIRECTION INPUT)
<  (WORD &quot;brick&quot; :FRAME (13 18) :SENSE-INFO
<   ((:PENN-PARTS-OF-SPEECH (NN) :TRIPS-PARTS-OF-SPEECH (W::N))) :UTTNUM 29
<   :CHANNEL DESKTOP :DIRECTION INPUT)
<  (WORD &quot;walls&quot; :FRAME (19 24) :SENSE-INFO
<   ((:PENN-PARTS-OF-SPEECH (NNS) :TRIPS-PARTS-OF-SPEECH (W::N))) :UTTNUM 29
<   :CHANNEL DESKTOP :DIRECTION INPUT)
<  (PREFER &quot;brick walls&quot; :FRAME (13 24) :PENN-CATS (NP) :TRIPS-CATS (W::NP)
<   :SCORE 21.392 :UTTNUM 29 :CHANNEL DESKTOP :DIRECTION INPUT)
<  (WORD &quot;and&quot; :FRAME (25 28) :SENSE-INFO
<   ((:PENN-PARTS-OF-SPEECH (CC) :TRIPS-PARTS-OF-SPEECH (W::CONJ))) :UTTNUM 29
<   :CHANNEL DESKTOP :DIRECTION INPUT)
<  (WORD &quot;two&quot; :FRAME (29 32) :SENSE-INFO
<   ((:PENN-PARTS-OF-SPEECH (CD) :TRIPS-PARTS-OF-SPEECH
<     (W::NUMBER W::NUMBER-UNIT)))
<   :UTTNUM 29 :CHANNEL DESKTOP :DIRECTION INPUT)
<  (WORD &quot;garage&quot; :FRAME (33 39) :SENSE-INFO
<   ((:PENN-PARTS-OF-SPEECH (NN) :TRIPS-PARTS-OF-SPEECH (W::N))) :UTTNUM 29
<   :CHANNEL DESKTOP :DIRECTION INPUT)
<  (WORD &quot;doors&quot; :FRAME (40 45) :SENSE-INFO
<   ((:PENN-PARTS-OF-SPEECH (NNS) :TRIPS-PARTS-OF-SPEECH (W::N))) :UTTNUM 29
<   :CHANNEL DESKTOP :DIRECTION INPUT)
<  (PREFER &quot;two garage doors&quot; :FRAME (29 45) :PENN-CATS (NP) :TRIPS-CATS (W::NP)
<   :SCORE 28.626 :UTTNUM 29 :CHANNEL DESKTOP :DIRECTION INPUT)
<  (PREFER &quot;brick walls and two garage doors&quot; :FRAME (13 45) :PENN-CATS (NP)
<   :TRIPS-CATS (W::NP) :SCORE 52.852 :UTTNUM 29 :CHANNEL DESKTOP :DIRECTION
<   INPUT)
<  (PREFER &quot;with brick walls and two garage doors&quot; :FRAME (8 45) :PENN-CATS (PP)
<   :TRIPS-CATS (W::PP) :SCORE 57.997 :UTTNUM 29 :CHANNEL DESKTOP :DIRECTION
<   INPUT)
<  (WORD &quot;behind&quot; :FRAME (46 52) :SENSE-INFO
<   ((:PENN-PARTS-OF-SPEECH (IN) :TRIPS-PARTS-OF-SPEECH (W::PREP W::ADV)))
<   :UTTNUM 29 :CHANNEL DESKTOP :DIRECTION INPUT)
<  (WORD &quot;them&quot; :FRAME (53 57) :SENSE-INFO
<   ((:PENN-PARTS-OF-SPEECH (PRP) :TRIPS-PARTS-OF-SPEECH (W::PRO))) :UTTNUM 29
<   :CHANNEL DESKTOP :DIRECTION INPUT)
<  (PREFER &quot;them&quot; :FRAME (53 57) :PENN-CATS (NP) :TRIPS-CATS (W::NP) :SCORE 7.534
<   :UTTNUM 29 :CHANNEL DESKTOP :DIRECTION INPUT)
<  (PREFER &quot;behind them&quot; :FRAME (46 57) :PENN-CATS (PP) :TRIPS-CATS (W::PP)
<   :SCORE 15.307 :UTTNUM 29 :CHANNEL DESKTOP :DIRECTION INPUT)
<  (WORD &quot;.&quot; :FRAME (58 58) :SENSE-INFO
<   ((:PENN-PARTS-OF-SPEECH (FULL_STOP) :TRIPS-PARTS-OF-SPEECH (W::PUNC)))
<   :UTTNUM 29 :CHANNEL DESKTOP :DIRECTION INPUT)
<  (PREFER &quot;a house with brick walls and two garage doors behind them .&quot; :FRAME
<   (0 58) :PENN-CATS (NP) :TRIPS-CATS (W::NP) :SCORE 86.75 :UTTNUM 29 :CHANNEL
<   DESKTOP :DIRECTION INPUT))</lisp><word lex="a" start="0" end="1"><sense-info penn-parts-of-speech="DT" trips-parts-of-speech="ART,QUAN,PRO" /></word><word lex="house" start="2" end="7"><sense-info penn-parts-of-speech="NN" trips-parts-of-speech="N" /></word><prefer text="a house" start="0" end="7" penn-cats="NP" score="10.119" /><word lex="with" start="8" end="12"><sense-info penn-parts-of-speech="IN" trips-parts-of-speech="PREP,ADV" /></word><word lex="brick" start="13" end="18"><sense-info penn-parts-of-speech="NN" trips-parts-of-speech="N" /></word><word lex="walls" start="19" end="24"><sense-info penn-parts-of-speech="NNS" trips-parts-of-speech="N" /></word><prefer text="brick walls" start="13" end="24" penn-cats="NP" score="21.392" /><word lex="and" start="25" end="28"><sense-info penn-parts-of-speech="CC" trips-parts-of-speech="CONJ" /></word><word lex="two" start="29" end="32"><sense-info penn-parts-of-speech="CD" trips-parts-of-speech="NUMBER,NUMBER-UNIT" /></word><word lex="garage" start="33" end="39"><sense-info penn-parts-of-speech="NN" trips-parts-of-speech="N" /></word><word lex="doors" start="40" end="45"><sense-info penn-parts-of-speech="NNS" trips-parts-of-speech="N" /></word><prefer text="two garage doors" start="29" end="45" penn-cats="NP" score="28.626" /><prefer text="brick walls and two garage doors" start="13" end="45" penn-cats="NP" score="52.852" /><prefer text="with brick walls and two garage doors" start="8" end="45" penn-cats="PP" score="57.997" /><word lex="behind" start="46" end="52"><sense-info penn-parts-of-speech="IN" trips-parts-of-speech="PREP,ADV" /></word><word lex="them" start="53" end="57"><sense-info penn-parts-of-speech="PRP" trips-parts-of-speech="PRO" /></word><prefer text="them" start="53" end="57" penn-cats="NP" score="7.534" /><prefer text="behind them" start="46" end="57" penn-cats="PP" score="15.307" /><word lex="." start="58" end="58"><sense-info penn-parts-of-speech="FULL_STOP" trips-parts-of-speech="PUNC" /></word><prefer text="a house with brick walls and two garage doors behind them ." start="0" end="58" penn-cats="NP" score="86.75" /></tags><tree><lisp>(UTT
<  (UTT
<   (NP (SPEC (DET (ART A)))
<    (N1
<     (N1 (N1 (N HOUSE))
<      (ADVBL (ADV WITH)
<       (NP (NP (N1 (N1 (N BRICK)) (N1 (N WALLS)))) (CONJ AND)
<        (NP (N1 (ADJP (NUMBER TWO) (N1 (N GARAGE))) (N1 (N DOORS)))))))
<     (ADVBL (ADV BEHIND) (NP (PRO THEM))))))
<  (PUNC PUNC-PERIOD))</lisp><UTT><UTT><NP><SPEC><DET><ART>A</ART></DET></SPEC><N1><N1><N1><N>HOUSE</N></N1><ADVBL><ADV>WITH</ADV><NP><NP><N1><N1><N>BRICK</N></N1><N1><N>WALLS</N></N1></N1></NP><CONJ>AND</CONJ><NP><N1><ADJP><NUMBER>TWO</NUMBER><N1><N>GARAGE</N></N1></ADJP><N1><N>DOORS</N></N1></N1></NP></NP></ADVBL></N1><ADVBL><ADV>BEHIND</ADV><NP><PRO>THEM</PRO></NP></ADVBL></N1></NP></UTT><PUNC>PUNC-PERIOD</PUNC></UTT></tree><terms root="#V160814"><lisp>((ONT::SPEECHACT ONT::V160814 ONT::SA_IDENTIFY :PUNCTYPE W::DECL :CONTENT
<   ONT::V160399 :START 0 :END 58)
<  (ONT::A ONT::V160399 (:* ONT::LODGING W::HOUSE) :LOCATION ONT::V160445 :MOD
<   ONT::V160408 :START 0 :END 58)
<  (ONT::F ONT::V160408 (:* ONT::ASSOC-WITH W::WITH) :GROUND ONT::V160427 :FIGURE
<   ONT::V160399 :START 8 :END 46)
<  (ONT::INDEF-SET ONT::V160427 ONT::GENERAL-STRUCTURE :OPERATOR ONT::AND
<   :SEQUENCE (ONT::V160423 ONT::V160442) :START 13 :END 46)
<  (ONT::INDEF-SET ONT::V160423 (:* ONT::STRUCTURE-INTERNAL-COMPONENT W::WALL)
<   :ASSOC-WITH ONT::V160420 :START 13 :END 25)
<  (ONT::KIND ONT::V160420 (:* ONT::MATERIAL W::BRICK) :START 13 :END 25)
<  (ONT::INDEF-SET ONT::V160442 (:* ONT::STRUCTURAL-OPENING W::DOOR) :MOD
<   ONT::V160480 :START 29 :END 46)
<  (ONT::F ONT::V160480 ONT::ASSOC-WITH :FIGURE ONT::V160442 :GROUND ONT::V160437
<   :START 29 :END 40)
<  (ONT::KIND ONT::V160437 (:* ONT::GENERAL-STRUCTURE W::GARAGE) :AMOUNT 2 :START
<   29 :END 40)
<  (ONT::F ONT::V160445 (:* ONT::BACK W::BEHIND) :GROUND ONT::V160448 :FIGURE
<   ONT::V160399 :START 46 :END 58)
<  (ONT::PRO-SET ONT::V160448 (:* ONT::REFERENTIAL-SEM W::THEM) :PROFORM W::THEM
<   :START 53 :END 58 :COREF ONT::V160423))</lisp><rdf:RDF
<   xmlns:rdf="http://www.w3.org/1999/02/22-rdf-syntax-ns#"
<   xmlns:role="http://www.cs.rochester.edu/research/trips/role#"
<   xmlns:LF="http://www.cs.rochester.edu/research/trips/LF#">
<   <rdf:Description rdf:ID="V160814">
<     <LF:indicator>SPEECHACT</LF:indicator>
<     <LF:type>SA_IDENTIFY</LF:type>
<     <role:PUNCTYPE>DECL</role:PUNCTYPE>
<     <role:CONTENT rdf:resource="#V160399" />
<     <LF:start>0</LF:start>
<     <LF:end>58</LF:end>
<   </rdf:Description>
<   <rdf:Description rdf:ID="V160399">
<     <LF:indicator>A</LF:indicator>
<     <LF:type>LODGING</LF:type>
<     <LF:word>HOUSE</LF:word>
<     <role:LOCATION rdf:resource="#V160445" />
<     <role:MOD rdf:resource="#V160408" />
<     <LF:start>0</LF:start>
<     <LF:end>58</LF:end>
<   </rdf:Description>
<   <rdf:Description rdf:ID="V160408">
<     <LF:indicator>F</LF:indicator>
<     <LF:type>ASSOC-WITH</LF:type>
<     <LF:word>WITH</LF:word>
<     <role:GROUND rdf:resource="#V160427" />
<     <role:FIGURE rdf:resource="#V160399" />
<     <LF:start>8</LF:start>
<     <LF:end>46</LF:end>
<   </rdf:Description>
<   <rdf:Description rdf:ID="V160427">
<     <LF:indicator>INDEF-SET</LF:indicator>
<     <LF:type>GENERAL-STRUCTURE</LF:type>
<     <role:OPERATOR>AND</role:OPERATOR>
<     <role:SEQUENCE rdf:resource="#V160423" />
<     <role:SEQUENCE1 rdf:resource="#V160442" />
<     <LF:start>13</LF:start>
<     <LF:end>46</LF:end>
<   </rdf:Description>
<   <rdf:Description rdf:ID="V160423">
<     <LF:indicator>INDEF-SET</LF:indicator>
<     <LF:type>STRUCTURE-INTERNAL-COMPONENT</LF:type>
<     <LF:word>WALL</LF:word>
<     <role:ASSOC-WITH rdf:resource="#V160420" />
<     <LF:start>13</LF:start>
<     <LF:end>25</LF:end>
<   </rdf:Description>
<   <rdf:Description rdf:ID="V160420">
<     <LF:indicator>KIND</LF:indicator>
<     <LF:type>MATERIAL</LF:type>
<     <LF:word>BRICK</LF:word>
<     <LF:start>13</LF:start>
<     <LF:end>25</LF:end>
<   </rdf:Description>
<   <rdf:Description rdf:ID="V160442">
<     <LF:indicator>INDEF-SET</LF:indicator>
<     <LF:type>STRUCTURAL-OPENING</LF:type>
<     <LF:word>DOOR</LF:word>
<     <role:MOD rdf:resource="#V160480" />
<     <LF:start>29</LF:start>
<     <LF:end>46</LF:end>
<   </rdf:Description>
<   <rdf:Description rdf:ID="V160480">
<     <LF:indicator>F</LF:indicator>
<     <LF:type>ASSOC-WITH</LF:type>
<     <role:FIGURE rdf:resource="#V160442" />
<     <role:GROUND rdf:resource="#V160437" />
<     <LF:start>29</LF:start>
<     <LF:end>40</LF:end>
<   </rdf:Description>
<   <rdf:Description rdf:ID="V160437">
<     <LF:indicator>KIND</LF:indicator>
<     <LF:type>GENERAL-STRUCTURE</LF:type>
<     <LF:word>GARAGE</LF:word>
<     <role:AMOUNT>2</role:AMOUNT>
<     <LF:start>29</LF:start>
<     <LF:end>40</LF:end>
<   </rdf:Description>
<   <rdf:Description rdf:ID="V160445">
<     <LF:indicator>F</LF:indicator>
<     <LF:type>BACK</LF:type>
<     <LF:word>BEHIND</LF:word>
<     <role:GROUND rdf:resource="#V160448" />
<     <role:FIGURE rdf:resource="#V160399" />
<     <LF:start>46</LF:start>
<     <LF:end>58</LF:end>
<   </rdf:Description>
<   <rdf:Description rdf:ID="V160448">
<     <LF:indicator>PRO-SET</LF:indicator>
<     <LF:type>REFERENTIAL-SEM</LF:type>
<     <LF:word>THEM</LF:word>
<     <role:PROFORM>THEM</role:PROFORM>
<     <LF:start>53</LF:start>
<     <LF:end>58</LF:end>
<     <role:COREF rdf:resource="#V160423" />
<   </rdf:Description>
< </rdf:RDF>
< </terms></utt></trips-parser-output>
\ No newline at end of file
---
> <SpRL>
>  <SCENE>
>   <SENTENCE id="s1" indicator="SPEECHACT" type="SA_IDENTIFY" PUNCTYPE="DECL" start="0" end="58">
>    <TEXT>a house with brick walls and two garage doors behind them .</TEXT>
>    <RELATION id="1" head="V160814" res="V160399" label="CONTENT"/>
>    <PHRASE id="V160399" indicator="A" type="LODGING" text="HOUSE" start="0" end="58"/>
>    <RELATION id="2" head="V160399" res="V160445" label="LOCATION"/>
>    <RELATION id="3" head="V160399" res="V160408" label="MOD"/>
>    <PHRASE id="V160408" indicator="F" type="ASSOC-WITH" text="WITH" start="8" end="46"/>
>    <RELATION id="4" head="V160408" res="V160427" label="GROUND"/>
>    <RELATION id="5" head="V160408" res="V160399" label="FIGURE"/>
>    <PHRASE id="V160427" indicator="INDEF-SET" type="GENERAL-STRUCTURE" OPERATOR="AND" start="13" end="46"/>
>    <RELATION id="6" head="V160427" res="V160423" label="SEQUENCE"/>
>    <RELATION id="7" head="V160427" res="V160442" label="SEQUENCE1"/>
>    <PHRASE id="V160423" indicator="INDEF-SET" type="STRUCTURE-INTERNAL-COMPONENT" text="WALL" start="13" end="25"/>
>    <RELATION id="8" head="V160423" res="V160420" label="ASSOC-WITH"/>
>    <PHRASE id="V160420" indicator="KIND" type="MATERIAL" text="BRICK" start="13" end="25"/>
>    <PHRASE id="V160442" indicator="INDEF-SET" type="STRUCTURAL-OPENING" text="DOOR" start="29" end="46"/>
>    <RELATION id="9" head="V160442" res="V160480" label="MOD"/>
>    <PHRASE id="V160480" indicator="F" type="ASSOC-WITH" start="29" end="40"/>
>    <RELATION id="10" head="V160480" res="V160442" label="FIGURE"/>
>    <RELATION id="11" head="V160480" res="V160437" label="GROUND"/>
>    <PHRASE id="V160437" indicator="KIND" type="GENERAL-STRUCTURE" text="GARAGE" AMOUNT="2" start="29" end="40"/>
>    <PHRASE id="V160445" indicator="F" type="BACK" text="BEHIND" start="46" end="58"/>
>    <RELATION id="12" head="V160445" res="V160448" label="GROUND"/>
>    <RELATION id="13" head="V160445" res="V160399" label="FIGURE"/>
>    <PHRASE id="V160448" indicator="PRO-SET" type="REFERENTIAL-SEM" text="THEM" PROFORM="THEM" start="53" end="58"/>
>    <RELATION id="14" head="V160448" res="V160423" label="COREF"/>
>   </SENTENCE>
>  </SCENE>
> </SpRL>
