2,548c2,63
< <?xml-stylesheet type="text/xsl" href="../style/parser-interface.xsl"?>
< <!DOCTYPE trips-parser-output SYSTEM "../trips-parser-output.dtd">
< <trips-parser-output parser-build-date="2017-09-20T12:11:02-0500" system="STEP" extsformat="svg" tagsformat="hidden" treecontents="phrase" treeformat="LinGO" lfformat="svg" semantic-skeleton-scoring="T" rule-sets="" input="a dark-haired girl wearing a black hat , a yellow tee-shirt and a white vest underneath a green vest , and a necklace with white and green glass beads .
< ">
< <debug>
< 
<  FOUNDS SEQUENCE from constit (% W::NP (W::BARE-SEQUENCE -) (W::CONSTRAINT -)
<                                  (W::MASS W::BARE) (W::GENERATED +)
<                                  (W::POSTADVBL +)
<                                  (W::SEM ?8607:(?43956:(F::PHYS-OBJ
<                                                         F::ABSTR-OBJ) NIL))
<                                  (W::LF (% W::DESCRIPTION (W::STATUS ONT::DEFINITE)
<                                            (W::VAR V146564)
<                                            (W::SORT W::INDIVIDUAL)
<                                            (W::LEX (W::A))
<                                            (W::CLASS ONT::SEQUENCE)
<                                            (W::CONSTRAINT (% &amp; (W::NAME-OF (W::A))
<                                                              (W::VAL (W::A))))
<                                            (W::LEX W::A) (W::SEM ?43954)
<                                            (W::TRANSFORM ?43955)))
<                                  (W::CASE ?43953:(W::SUB W::OBJ -))
<                                  (W::AGR ?43952) (W::CLASS ONT::ANY-SEM)
<                                  (W::VAR V146564) (W::SORT W::PRED) (W::NAME -)
<                                  (W::PRO -) (W::CHANGEAGR -) (W::LEX W::A)
<                                  (W::HEADCAT W::VALUE) (W::TRANSFORM -)
<                                  (W::REFL -) (1 RNUMBER146626))
< 
<  FOUNDS SEQUENCE from constit (% W::NP (W::BARE-SEQUENCE -) (W::CONSTRAINT -)
<                                  (W::MASS W::BARE) (W::GENERATED +)
<                                  (W::POSTADVBL +)
<                                  (W::SEM ?8607:(?44335:(F::PHYS-OBJ
<                                                         F::ABSTR-OBJ) NIL))
<                                  (W::LF (% W::DESCRIPTION (W::STATUS ONT::DEFINITE)
<                                            (W::VAR V146567)
<                                            (W::SORT W::INDIVIDUAL)
<                                            (W::LEX (W::A))
<                                            (W::CLASS ONT::SEQUENCE)
<                                            (W::CONSTRAINT (% &amp; (W::NAME-OF (W::A))
<                                                              (W::VAL (W::A))))
<                                            (W::LEX W::A) (W::SEM ?44333)
<                                            (W::TRANSFORM ?44334)))
<                                  (W::CASE ?44332:(W::SUB W::OBJ -))
<                                  (W::AGR ?44331) (W::CLASS ONT::ANY-SEM)
<                                  (W::VAR V146567) (W::SORT W::PRED) (W::NAME -)
<                                  (W::PRO -) (W::CHANGEAGR -) (W::LEX W::A)
<                                  (W::HEADCAT W::VALUE) (W::TRANSFORM -)
<                                  (W::REFL -) (1 RNUMBER146628))
< *last-utt-id*=NIL  utt-id+23
< *last-utt-id*=23  utt-id+NIL
< 
<  FOUNDS SEQUENCE from constit (% W::NP (W::BARE-SEQUENCE -) (W::CONSTRAINT -)
<                                  (W::MASS W::BARE) (W::GENERATED +)
<                                  (W::POSTADVBL +)
<                                  (W::SEM ?8607:(?26870:(F::PHYS-OBJ
<                                                         F::ABSTR-OBJ) NIL))
<                                  (W::LF (% W::DESCRIPTION (W::STATUS ONT::DEFINITE)
<                                            (W::VAR V147643)
<                                            (W::SORT W::INDIVIDUAL)
<                                            (W::LEX (W::A))
<                                            (W::CLASS ONT::SEQUENCE)
<                                            (W::CONSTRAINT (% &amp; (W::NAME-OF (W::A))
<                                                              (W::VAL (W::A))))
<                                            (W::LEX W::A) (W::SEM ?26868)
<                                            (W::TRANSFORM ?26869)))
<                                  (W::CASE ?26867:(W::SUB W::OBJ -))
<                                  (W::AGR ?26866) (W::CLASS ONT::ANY-SEM)
<                                  (W::VAR V147643) (W::SORT W::PRED) (W::NAME -)
<                                  (W::PRO -) (W::CHANGEAGR -) (W::LEX W::A)
<                                  (W::HEADCAT W::VALUE) (W::TRANSFORM -)
<                                  (W::REFL -) (1 RNUMBER147690))
< 
<  FOUNDS SEQUENCE from constit (% W::NP (W::BARE-SEQUENCE -) (W::CONSTRAINT -)
<                                  (W::MASS W::BARE) (W::GENERATED +)
<                                  (W::POSTADVBL +)
<                                  (W::SEM ?8607:(?27172:(F::PHYS-OBJ
<                                                         F::ABSTR-OBJ) NIL))
<                                  (W::LF (% W::DESCRIPTION (W::STATUS ONT::DEFINITE)
<                                            (W::VAR V147646)
<                                            (W::SORT W::INDIVIDUAL)
<                                            (W::LEX (W::A))
<                                            (W::CLASS ONT::SEQUENCE)
<                                            (W::CONSTRAINT (% &amp; (W::NAME-OF (W::A))
<                                                              (W::VAL (W::A))))
<                                            (W::LEX W::A) (W::SEM ?27170)
<                                            (W::TRANSFORM ?27171)))
<                                  (W::CASE ?27169:(W::SUB W::OBJ -))
<                                  (W::AGR ?27168) (W::CLASS ONT::ANY-SEM)
<                                  (W::VAR V147646) (W::SORT W::PRED) (W::NAME -)
<                                  (W::PRO -) (W::CHANGEAGR -) (W::LEX W::A)
<                                  (W::HEADCAT W::VALUE) (W::TRANSFORM -)
<                                  (W::REFL -) (1 RNUMBER147692))
< 
<  FOUNDS SEQUENCE from constit (% W::NP (W::BARE-SEQUENCE -) (W::CONSTRAINT -)
<                                  (W::MASS W::BARE) (W::GENERATED +)
<                                  (W::POSTADVBL +)
<                                  (W::SEM ?8607:(?27498:(F::PHYS-OBJ
<                                                         F::ABSTR-OBJ) NIL))
<                                  (W::LF (% W::DESCRIPTION (W::STATUS ONT::DEFINITE)
<                                            (W::VAR V147649)
<                                            (W::SORT W::INDIVIDUAL)
<                                            (W::LEX (W::A))
<                                            (W::CLASS ONT::SEQUENCE)
<                                            (W::CONSTRAINT (% &amp; (W::NAME-OF (W::A))
<                                                              (W::VAL (W::A))))
<                                            (W::LEX W::A) (W::SEM ?27496)
<                                            (W::TRANSFORM ?27497)))
<                                  (W::CASE ?27495:(W::SUB W::OBJ -))
<                                  (W::AGR ?27494) (W::CLASS ONT::ANY-SEM)
<                                  (W::VAR V147649) (W::SORT W::PRED) (W::NAME -)
<                                  (W::PRO -) (W::CHANGEAGR -) (W::LEX W::A)
<                                  (W::HEADCAT W::VALUE) (W::TRANSFORM -)
<                                  (W::REFL -) (1 RNUMBER147694))
< *last-utt-id*=NIL  utt-id+23
< *last-utt-id*=23  utt-id+NIL
< 
<  FOUNDS SEQUENCE from constit (% W::NP (W::BARE-SEQUENCE -) (W::CONSTRAINT -)
<                                  (W::MASS W::BARE) (W::GENERATED +)
<                                  (W::POSTADVBL +)
<                                  (W::SEM ?8607:(?13481:(F::PHYS-OBJ
<                                                         F::ABSTR-OBJ) NIL))
<                                  (W::LF (% W::DESCRIPTION (W::STATUS ONT::DEFINITE)
<                                            (W::VAR V148639)
<                                            (W::SORT W::INDIVIDUAL)
<                                            (W::LEX (W::A))
<                                            (W::CLASS ONT::SEQUENCE)
<                                            (W::CONSTRAINT (% &amp; (W::NAME-OF (W::A))
<                                                              (W::VAL (W::A))))
<                                            (W::LEX W::A) (W::SEM ?13479)
<                                            (W::TRANSFORM ?13480)))
<                                  (W::CASE ?13478:(W::SUB W::OBJ -))
<                                  (W::AGR ?13477) (W::CLASS ONT::ANY-SEM)
<                                  (W::VAR V148639) (W::SORT W::PRED) (W::NAME -)
<                                  (W::PRO -) (W::CHANGEAGR -) (W::LEX W::A)
<                                  (W::HEADCAT W::VALUE) (W::TRANSFORM -)
<                                  (W::REFL -) (1 RNUMBER148672))
< *last-utt-id*=NIL  utt-id+23
< *last-utt-id*=23  utt-id+NIL</debug><utt><words><lisp>(W::A W::DARK W::PUNC-MINUS W::HAIRED W::GIRL W::WEARING W::A W::BLACK W::HAT
<  W::PUNC-COMMA)</lisp><word>A</word><word>DARK</word><word>PUNC-MINUS</word><word>HAIRED</word><word>GIRL</word><word>WEARING</word><word>A</word><word>BLACK</word><word>HAT</word><word>PUNC-COMMA</word></words><tags><lisp>((WORD &quot;a&quot; :FRAME (0 1) :SENSE-INFO
<   ((:PENN-PARTS-OF-SPEECH (DT) :TRIPS-PARTS-OF-SPEECH (W::ART W::QUAN W::PRO)))
<   :UTTNUM 23 :CHANNEL DESKTOP :DIRECTION INPUT)
<  (WORD &quot;dark&quot; :FRAME (2 5) :SENSE-INFO
<   ((:PENN-PARTS-OF-SPEECH (NN) :TRIPS-PARTS-OF-SPEECH (W::N))) :UTTNUM 23
<   :CHANNEL DESKTOP :DIRECTION INPUT)
<  (WORD &quot;-&quot; :FRAME (6 6) :SENSE-INFO
<   ((:PENN-PARTS-OF-SPEECH (COLON) :TRIPS-PARTS-OF-SPEECH (W::PUNC))) :UTTNUM 23
<   :CHANNEL DESKTOP :DIRECTION INPUT)
<  (WORD &quot;haired&quot; :FRAME (7 13) :SENSE-INFO
<   ((:PENN-PARTS-OF-SPEECH (VBN) :TRIPS-PARTS-OF-SPEECH (W::V))) :UTTNUM 23
<   :CHANNEL DESKTOP :DIRECTION INPUT)
<  (WORD &quot;dark-haired&quot; :FRAME (2 13) :SENSE-INFO
<   ((:PENN-PARTS-OF-SPEECH (JJ) :TRIPS-PARTS-OF-SPEECH (W::ADJ) :WN-SENSE-KEYS
<     (&quot;dark-haired%5:00:00&quot;)))
<   :UTTNUM 23 :CHANNEL DESKTOP :DIRECTION INPUT)
<  (WORD &quot;girl&quot; :FRAME (14 18) :SENSE-INFO
<   ((:PENN-PARTS-OF-SPEECH (NN) :TRIPS-PARTS-OF-SPEECH (W::N))) :UTTNUM 23
<   :CHANNEL DESKTOP :DIRECTION INPUT)
<  (PREFER &quot;a dark-haired girl&quot; :FRAME (0 18) :PENN-CATS (NP) :TRIPS-CATS (W::NP)
<   :SCORE 25.241 :UTTNUM 23 :CHANNEL DESKTOP :DIRECTION INPUT)
<  (WORD &quot;wearing&quot; :FRAME (19 26) :SENSE-INFO
<   ((:PENN-PARTS-OF-SPEECH (VBG) :TRIPS-PARTS-OF-SPEECH (W::V))) :UTTNUM 23
<   :CHANNEL DESKTOP :DIRECTION INPUT)
<  (WORD &quot;a&quot; :FRAME (27 28) :SENSE-INFO
<   ((:PENN-PARTS-OF-SPEECH (DT) :TRIPS-PARTS-OF-SPEECH (W::ART W::QUAN W::PRO)))
<   :UTTNUM 23 :CHANNEL DESKTOP :DIRECTION INPUT)
<  (WORD &quot;black&quot; :FRAME (29 34) :SENSE-INFO
<   ((:PENN-PARTS-OF-SPEECH (JJ) :TRIPS-PARTS-OF-SPEECH (W::ADJ))) :UTTNUM 23
<   :CHANNEL DESKTOP :DIRECTION INPUT)
<  (WORD &quot;hat&quot; :FRAME (35 38) :SENSE-INFO
<   ((:PENN-PARTS-OF-SPEECH (NN) :TRIPS-PARTS-OF-SPEECH (W::N))) :UTTNUM 23
<   :CHANNEL DESKTOP :DIRECTION INPUT)
<  (PREFER &quot;a black hat&quot; :FRAME (27 38) :PENN-CATS (NP) :TRIPS-CATS (W::NP)
<   :SCORE 19.943 :UTTNUM 23 :CHANNEL DESKTOP :DIRECTION INPUT)
<  (WORD &quot;,&quot; :FRAME (39 39) :SENSE-INFO
<   ((:PENN-PARTS-OF-SPEECH (COMMA) :TRIPS-PARTS-OF-SPEECH (W::PUNC))) :UTTNUM 23
<   :CHANNEL DESKTOP :DIRECTION INPUT))</lisp><word lex="a" start="0" end="1"><sense-info penn-parts-of-speech="DT" trips-parts-of-speech="ART,QUAN,PRO" /></word><word lex="dark" start="2" end="5"><sense-info penn-parts-of-speech="NN" trips-parts-of-speech="N" /></word><word lex="-" start="6" end="6"><sense-info penn-parts-of-speech="COLON" trips-parts-of-speech="PUNC" /></word><word lex="haired" start="7" end="13"><sense-info penn-parts-of-speech="VBN" trips-parts-of-speech="V" /></word><word lex="dark-haired" start="2" end="13"><sense-info penn-parts-of-speech="JJ" trips-parts-of-speech="ADJ" wn-sense-keys="dark-haired%5:00:00" /></word><word lex="girl" start="14" end="18"><sense-info penn-parts-of-speech="NN" trips-parts-of-speech="N" /></word><prefer text="a dark-haired girl" start="0" end="18" penn-cats="NP" score="25.241" /><word lex="wearing" start="19" end="26"><sense-info penn-parts-of-speech="VBG" trips-parts-of-speech="V" /></word><word lex="a" start="27" end="28"><sense-info penn-parts-of-speech="DT" trips-parts-of-speech="ART,QUAN,PRO" /></word><word lex="black" start="29" end="34"><sense-info penn-parts-of-speech="JJ" trips-parts-of-speech="ADJ" /></word><word lex="hat" start="35" end="38"><sense-info penn-parts-of-speech="NN" trips-parts-of-speech="N" /></word><prefer text="a black hat" start="27" end="38" penn-cats="NP" score="19.943" /><word lex="," start="39" end="39"><sense-info penn-parts-of-speech="COMMA" trips-parts-of-speech="PUNC" /></word></tags><tree><lisp>(NP (SPEC (DET (ART A)))
<  (N1 (N1 (ADJP (ADJ1 (ADJ DARK PUNC-MINUS HAIRED))) (N1 (N GIRL)))
<   (CP
<    (VP
<     (VP- (V WEARING)
<      (NP (NP (SPEC (DET (ART A))) (N1 (ADJP (ADJ1 (ADJ BLACK))) (N1 (N HAT))))
<       (PUNC PUNC-COMMA)))))))</lisp><NP><SPEC><DET><ART>A</ART></DET></SPEC><N1><N1><ADJP><ADJ1><ADJ>DARK PUNC-MINUS HAIRED</ADJ></ADJ1></ADJP><N1><N>GIRL</N></N1></N1><CP><VP><VP-><V>WEARING</V><NP><NP><SPEC><DET><ART>A</ART></DET></SPEC><N1><ADJP><ADJ1><ADJ>BLACK</ADJ></ADJ1></ADJP><N1><N>HAT</N></N1></N1></NP><PUNC>PUNC-COMMA</PUNC></NP></VP-></VP></CP></N1></NP></tree><terms root="#V146123"><lisp>((ONT::A ONT::V146123 (:* ONT::FEMALE-CHILD W::GIRL) :MOD ONT::V146129 :MOD
<   ONT::V146120 :START 0 :END 39)
<  (ONT::F ONT::V146120 (:* ONT::MODIFIER W::DARK-PUNC-MINUS-HAIRED) :FIGURE
<   ONT::V146123 :START 2 :END 14 :WNSENSE &quot;dark-haired%5:00:00&quot;)
<  (ONT::F ONT::V146129 (:* ONT::WEAR W::WEAR) :AGENT ONT::V146123 :NEUTRAL
<   ONT::V146179 :VFORM W::ING :START 19 :END 39)
<  (ONT::A ONT::V146179 (:* ONT::ATTIRE W::HAT) :MOD ONT::V146176 :START 27 :END
<   39)
<  (ONT::F ONT::V146176 (:* ONT::BLACK W::BLACK) :FIGURE ONT::V146179 :SCALE
<   ONT::BLACKNESS*1--07--00 :START 29 :END 35))</lisp><rdf:RDF
<   xmlns:rdf="http://www.w3.org/1999/02/22-rdf-syntax-ns#"
<   xmlns:role="http://www.cs.rochester.edu/research/trips/role#"
<   xmlns:LF="http://www.cs.rochester.edu/research/trips/LF#">
<   <rdf:Description rdf:ID="V146123">
<     <LF:indicator>A</LF:indicator>
<     <LF:type>FEMALE-CHILD</LF:type>
<     <LF:word>GIRL</LF:word>
<     <role:MOD rdf:resource="#V146129" />
<     <role:MOD rdf:resource="#V146120" />
<     <LF:start>0</LF:start>
<     <LF:end>39</LF:end>
<   </rdf:Description>
<   <rdf:Description rdf:ID="V146120">
<     <LF:indicator>F</LF:indicator>
<     <LF:type>MODIFIER</LF:type>
<     <LF:word>DARK-PUNC-MINUS-HAIRED</LF:word>
<     <role:FIGURE rdf:resource="#V146123" />
<     <LF:start>2</LF:start>
<     <LF:end>14</LF:end>
<     <role:WNSENSE>dark-haired%5:00:00</role:WNSENSE>
<   </rdf:Description>
<   <rdf:Description rdf:ID="V146129">
<     <LF:indicator>F</LF:indicator>
<     <LF:type>WEAR</LF:type>
<     <LF:word>WEAR</LF:word>
<     <role:AGENT rdf:resource="#V146123" />
<     <role:NEUTRAL rdf:resource="#V146179" />
<     <role:VFORM>ING</role:VFORM>
<     <LF:start>19</LF:start>
<     <LF:end>39</LF:end>
<   </rdf:Description>
<   <rdf:Description rdf:ID="V146179">
<     <LF:indicator>A</LF:indicator>
<     <LF:type>ATTIRE</LF:type>
<     <LF:word>HAT</LF:word>
<     <role:MOD rdf:resource="#V146176" />
<     <LF:start>27</LF:start>
<     <LF:end>39</LF:end>
<   </rdf:Description>
<   <rdf:Description rdf:ID="V146176">
<     <LF:indicator>F</LF:indicator>
<     <LF:type>BLACK</LF:type>
<     <LF:word>BLACK</LF:word>
<     <role:FIGURE rdf:resource="#V146179" />
<     <role:SCALE>BLACKNESS*1--07--00</role:SCALE>
<     <LF:start>29</LF:start>
<     <LF:end>35</LF:end>
<   </rdf:Description>
< </rdf:RDF>
< </terms></utt><utt><words><lisp>(W::A W::YELLOW W::TEE W::PUNC-MINUS W::SHIRT W::AND W::A W::WHITE W::VEST
<  W::UNDERNEATH W::A W::GREEN W::VEST W::PUNC-COMMA)</lisp><word>A</word><word>YELLOW</word><word>TEE</word><word>PUNC-MINUS</word><word>SHIRT</word><word>AND</word><word>A</word><word>WHITE</word><word>VEST</word><word>UNDERNEATH</word><word>A</word><word>GREEN</word><word>VEST</word><word>PUNC-COMMA</word></words><tags><lisp>((WORD &quot;a&quot; :FRAME (41 42) :SENSE-INFO
<   ((:PENN-PARTS-OF-SPEECH (DT) :TRIPS-PARTS-OF-SPEECH (W::ART W::QUAN W::PRO)))
<   :UTTNUM 23 :CHANNEL DESKTOP :DIRECTION INPUT)
<  (WORD &quot;yellow&quot; :FRAME (43 49) :SENSE-INFO
<   ((:PENN-PARTS-OF-SPEECH (NN JJ) :TRIPS-PARTS-OF-SPEECH (W::N W::ADJ)))
<   :UTTNUM 23 :CHANNEL DESKTOP :DIRECTION INPUT)
<  (WORD &quot;tee&quot; :FRAME (50 52) :SENSE-INFO
<   ((:PENN-PARTS-OF-SPEECH (NN) :TRIPS-PARTS-OF-SPEECH (W::N))) :UTTNUM 23
<   :CHANNEL DESKTOP :DIRECTION INPUT)
<  (WORD &quot;-&quot; :FRAME (53 53) :SENSE-INFO
<   ((:PENN-PARTS-OF-SPEECH (COLON) :TRIPS-PARTS-OF-SPEECH (W::PUNC))) :UTTNUM 23
<   :CHANNEL DESKTOP :DIRECTION INPUT)
<  (WORD &quot;shirt&quot; :FRAME (54 59) :SENSE-INFO
<   ((:PENN-PARTS-OF-SPEECH (NN) :TRIPS-PARTS-OF-SPEECH (W::N))) :UTTNUM 23
<   :CHANNEL DESKTOP :DIRECTION INPUT)
<  (WORD &quot;tee-shirt&quot; :FRAME (50 59) :SENSE-INFO
<   ((:PENN-PARTS-OF-SPEECH (NN) :TRIPS-PARTS-OF-SPEECH (W::N))) :UTTNUM 23
<   :CHANNEL DESKTOP :DIRECTION INPUT)
<  (PREFER &quot;a yellow tee-shirt&quot; :FRAME (41 59) :PENN-CATS (NP) :TRIPS-CATS
<   (W::NP) :SCORE 26.543 :UTTNUM 23 :CHANNEL DESKTOP :DIRECTION INPUT)
<  (WORD &quot;and&quot; :FRAME (60 63) :SENSE-INFO
<   ((:PENN-PARTS-OF-SPEECH (CC) :TRIPS-PARTS-OF-SPEECH (W::CONJ))) :UTTNUM 23
<   :CHANNEL DESKTOP :DIRECTION INPUT)
<  (WORD &quot;a&quot; :FRAME (64 65) :SENSE-INFO
<   ((:PENN-PARTS-OF-SPEECH (DT) :TRIPS-PARTS-OF-SPEECH (W::ART W::QUAN W::PRO)))
<   :UTTNUM 23 :CHANNEL DESKTOP :DIRECTION INPUT)
<  (WORD &quot;white&quot; :FRAME (66 71) :SENSE-INFO
<   ((:PENN-PARTS-OF-SPEECH (JJ) :TRIPS-PARTS-OF-SPEECH (W::ADJ))) :UTTNUM 23
<   :CHANNEL DESKTOP :DIRECTION INPUT)
<  (WORD &quot;vest&quot; :FRAME (72 76) :SENSE-INFO
<   ((:PENN-PARTS-OF-SPEECH (NN) :TRIPS-PARTS-OF-SPEECH (W::N))) :UTTNUM 23
<   :CHANNEL DESKTOP :DIRECTION INPUT)
<  (PREFER &quot;a white vest&quot; :FRAME (64 76) :PENN-CATS (NP) :TRIPS-CATS (W::NP)
<   :SCORE 22.862 :UTTNUM 23 :CHANNEL DESKTOP :DIRECTION INPUT)
<  (WORD &quot;underneath&quot; :FRAME (77 87) :SENSE-INFO
<   ((:PENN-PARTS-OF-SPEECH (IN) :TRIPS-PARTS-OF-SPEECH (W::PREP W::ADV)))
<   :UTTNUM 23 :CHANNEL DESKTOP :DIRECTION INPUT)
<  (WORD &quot;a&quot; :FRAME (88 89) :SENSE-INFO
<   ((:PENN-PARTS-OF-SPEECH (DT) :TRIPS-PARTS-OF-SPEECH (W::ART W::QUAN W::PRO)))
<   :UTTNUM 23 :CHANNEL DESKTOP :DIRECTION INPUT)
<  (WORD &quot;green&quot; :FRAME (90 95) :SENSE-INFO
<   ((:PENN-PARTS-OF-SPEECH (JJ) :TRIPS-PARTS-OF-SPEECH (W::ADJ))) :UTTNUM 23
<   :CHANNEL DESKTOP :DIRECTION INPUT)
<  (WORD &quot;vest&quot; :FRAME (96 100) :SENSE-INFO
<   ((:PENN-PARTS-OF-SPEECH (NN) :TRIPS-PARTS-OF-SPEECH (W::N))) :UTTNUM 23
<   :CHANNEL DESKTOP :DIRECTION INPUT)
<  (PREFER &quot;a green vest&quot; :FRAME (88 100) :PENN-CATS (NP) :TRIPS-CATS (W::NP)
<   :SCORE 24.989 :UTTNUM 23 :CHANNEL DESKTOP :DIRECTION INPUT)
<  (PREFER &quot;underneath a green vest&quot; :FRAME (77 100) :PENN-CATS (PP) :TRIPS-CATS
<   (W::PP) :SCORE 36.221 :UTTNUM 23 :CHANNEL DESKTOP :DIRECTION INPUT)
<  (PREFER &quot;a white vest underneath a green vest&quot; :FRAME (64 100) :PENN-CATS (NP)
<   :TRIPS-CATS (W::NP) :SCORE 59.744 :UTTNUM 23 :CHANNEL DESKTOP :DIRECTION
<   INPUT)
<  (WORD &quot;,&quot; :FRAME (101 101) :SENSE-INFO
<   ((:PENN-PARTS-OF-SPEECH (COMMA) :TRIPS-PARTS-OF-SPEECH (W::PUNC))) :UTTNUM 23
<   :CHANNEL DESKTOP :DIRECTION INPUT))</lisp><word lex="a" start="41" end="42"><sense-info penn-parts-of-speech="DT" trips-parts-of-speech="ART,QUAN,PRO" /></word><word lex="yellow" start="43" end="49"><sense-info penn-parts-of-speech="NN,JJ" trips-parts-of-speech="N,ADJ" /></word><word lex="tee" start="50" end="52"><sense-info penn-parts-of-speech="NN" trips-parts-of-speech="N" /></word><word lex="-" start="53" end="53"><sense-info penn-parts-of-speech="COLON" trips-parts-of-speech="PUNC" /></word><word lex="shirt" start="54" end="59"><sense-info penn-parts-of-speech="NN" trips-parts-of-speech="N" /></word><word lex="tee-shirt" start="50" end="59"><sense-info penn-parts-of-speech="NN" trips-parts-of-speech="N" /></word><prefer text="a yellow tee-shirt" start="41" end="59" penn-cats="NP" score="26.543" /><word lex="and" start="60" end="63"><sense-info penn-parts-of-speech="CC" trips-parts-of-speech="CONJ" /></word><word lex="a" start="64" end="65"><sense-info penn-parts-of-speech="DT" trips-parts-of-speech="ART,QUAN,PRO" /></word><word lex="white" start="66" end="71"><sense-info penn-parts-of-speech="JJ" trips-parts-of-speech="ADJ" /></word><word lex="vest" start="72" end="76"><sense-info penn-parts-of-speech="NN" trips-parts-of-speech="N" /></word><prefer text="a white vest" start="64" end="76" penn-cats="NP" score="22.862" /><word lex="underneath" start="77" end="87"><sense-info penn-parts-of-speech="IN" trips-parts-of-speech="PREP,ADV" /></word><word lex="a" start="88" end="89"><sense-info penn-parts-of-speech="DT" trips-parts-of-speech="ART,QUAN,PRO" /></word><word lex="green" start="90" end="95"><sense-info penn-parts-of-speech="JJ" trips-parts-of-speech="ADJ" /></word><word lex="vest" start="96" end="100"><sense-info penn-parts-of-speech="NN" trips-parts-of-speech="N" /></word><prefer text="a green vest" start="88" end="100" penn-cats="NP" score="24.989" /><prefer text="underneath a green vest" start="77" end="100" penn-cats="PP" score="36.221" /><prefer text="a white vest underneath a green vest" start="64" end="100" penn-cats="NP" score="59.744" /><word lex="," start="101" end="101"><sense-info penn-parts-of-speech="COMMA" trips-parts-of-speech="PUNC" /></word></tags><tree><lisp>(NP
<  (NP (SPEC (DET (ART A)))
<   (N1 (ADJP (ADJ1 (ADJ YELLOW))) (N1 (N TEE PUNC-MINUS SHIRT))))
<  (CONJ AND)
<  (NP
<   (NP (SPEC (DET (ART A)))
<    (N1 (N1 (ADJP (ADJ1 (ADJ WHITE))) (N1 (N VEST)))
<     (ADVBL (ADV UNDERNEATH)
<      (NP (SPEC (DET (ART A))) (N1 (ADJP (ADJ1 (ADJ GREEN))) (N1 (N VEST)))))))
<   (PUNC PUNC-COMMA)))</lisp><NP><NP><SPEC><DET><ART>A</ART></DET></SPEC><N1><ADJP><ADJ1><ADJ>YELLOW</ADJ></ADJ1></ADJP><N1><N>TEE PUNC-MINUS SHIRT</N></N1></N1></NP><CONJ>AND</CONJ><NP><NP><SPEC><DET><ART>A</ART></DET></SPEC><N1><N1><ADJP><ADJ1><ADJ>WHITE</ADJ></ADJ1></ADJP><N1><N>VEST</N></N1></N1><ADVBL><ADV>UNDERNEATH</ADV><NP><SPEC><DET><ART>A</ART></DET></SPEC><N1><ADJP><ADJ1><ADJ>GREEN</ADJ></ADJ1></ADJP><N1><N>VEST</N></N1></N1></NP></ADVBL></N1></NP><PUNC>PUNC-COMMA</PUNC></NP></NP></tree><terms root="#V147289"><lisp>((ONT::INDEF-SET ONT::V147289 ONT::ATTIRE :OPERATOR ONT::AND :SEQUENCE
<   (ONT::V147285 ONT::V147347) :START 41 :END 101)
<  (ONT::A ONT::V147285 (:* ONT::ATTIRE W::TEE-PUNC-MINUS-SHIRT) :MOD
<   ONT::V147258 :START 41 :END 60)
<  (ONT::F ONT::V147258 (:* ONT::YELLOW W::YELLOW) :FIGURE ONT::V147285 :SCALE
<   ONT::YELLOW*1--07--00 :START 43 :END 50)
<  (ONT::A ONT::V147347 (:* ONT::ATTIRE W::VEST) :LOCATION ONT::V147350 :MOD
<   ONT::V147339 :START 64 :END 101)
<  (ONT::F ONT::V147339 (:* ONT::WHITE W::WHITE) :FIGURE ONT::V147347 :SCALE
<   ONT::WHITE*1--07--00 :START 66 :END 72)
<  (ONT::F ONT::V147350 (:* ONT::BELOW W::UNDERNEATH) :GROUND ONT::V147403
<   :FIGURE ONT::V147347 :START 77 :END 101)
<  (ONT::A ONT::V147403 (:* ONT::ATTIRE W::VEST) :MOD ONT::V147394 :START 88 :END
<   101)
<  (ONT::F ONT::V147394 (:* ONT::GREEN W::GREEN) :FIGURE ONT::V147403 :SCALE
<   ONT::GREEN*1--07--00 :START 90 :END 96))</lisp><rdf:RDF
<   xmlns:rdf="http://www.w3.org/1999/02/22-rdf-syntax-ns#"
<   xmlns:role="http://www.cs.rochester.edu/research/trips/role#"
<   xmlns:LF="http://www.cs.rochester.edu/research/trips/LF#">
<   <rdf:Description rdf:ID="V147289">
<     <LF:indicator>INDEF-SET</LF:indicator>
<     <LF:type>ATTIRE</LF:type>
<     <role:OPERATOR>AND</role:OPERATOR>
<     <role:SEQUENCE rdf:resource="#V147285" />
<     <role:SEQUENCE1 rdf:resource="#V147347" />
<     <LF:start>41</LF:start>
<     <LF:end>101</LF:end>
<   </rdf:Description>
<   <rdf:Description rdf:ID="V147285">
<     <LF:indicator>A</LF:indicator>
<     <LF:type>ATTIRE</LF:type>
<     <LF:word>TEE-PUNC-MINUS-SHIRT</LF:word>
<     <role:MOD rdf:resource="#V147258" />
<     <LF:start>41</LF:start>
<     <LF:end>60</LF:end>
<   </rdf:Description>
<   <rdf:Description rdf:ID="V147258">
<     <LF:indicator>F</LF:indicator>
<     <LF:type>YELLOW</LF:type>
<     <LF:word>YELLOW</LF:word>
<     <role:FIGURE rdf:resource="#V147285" />
<     <role:SCALE>YELLOW*1--07--00</role:SCALE>
<     <LF:start>43</LF:start>
<     <LF:end>50</LF:end>
<   </rdf:Description>
<   <rdf:Description rdf:ID="V147347">
<     <LF:indicator>A</LF:indicator>
<     <LF:type>ATTIRE</LF:type>
<     <LF:word>VEST</LF:word>
<     <role:LOCATION rdf:resource="#V147350" />
<     <role:MOD rdf:resource="#V147339" />
<     <LF:start>64</LF:start>
<     <LF:end>101</LF:end>
<   </rdf:Description>
<   <rdf:Description rdf:ID="V147339">
<     <LF:indicator>F</LF:indicator>
<     <LF:type>WHITE</LF:type>
<     <LF:word>WHITE</LF:word>
<     <role:FIGURE rdf:resource="#V147347" />
<     <role:SCALE>WHITE*1--07--00</role:SCALE>
<     <LF:start>66</LF:start>
<     <LF:end>72</LF:end>
<   </rdf:Description>
<   <rdf:Description rdf:ID="V147350">
<     <LF:indicator>F</LF:indicator>
<     <LF:type>BELOW</LF:type>
<     <LF:word>UNDERNEATH</LF:word>
<     <role:GROUND rdf:resource="#V147403" />
<     <role:FIGURE rdf:resource="#V147347" />
<     <LF:start>77</LF:start>
<     <LF:end>101</LF:end>
<   </rdf:Description>
<   <rdf:Description rdf:ID="V147403">
<     <LF:indicator>A</LF:indicator>
<     <LF:type>ATTIRE</LF:type>
<     <LF:word>VEST</LF:word>
<     <role:MOD rdf:resource="#V147394" />
<     <LF:start>88</LF:start>
<     <LF:end>101</LF:end>
<   </rdf:Description>
<   <rdf:Description rdf:ID="V147394">
<     <LF:indicator>F</LF:indicator>
<     <LF:type>GREEN</LF:type>
<     <LF:word>GREEN</LF:word>
<     <role:FIGURE rdf:resource="#V147403" />
<     <role:SCALE>GREEN*1--07--00</role:SCALE>
<     <LF:start>90</LF:start>
<     <LF:end>96</LF:end>
<   </rdf:Description>
< </rdf:RDF>
< </terms></utt><utt><words><lisp>(W::AND W::A W::NECKLACE W::WITH W::WHITE W::AND W::GREEN W::GLASS W::BEADS
<  W::PUNC-PERIOD)</lisp><word>AND</word><word>A</word><word>NECKLACE</word><word>WITH</word><word>WHITE</word><word>AND</word><word>GREEN</word><word>GLASS</word><word>BEADS</word><word>PUNC-PERIOD</word></words><tags><lisp>((WORD &quot;and&quot; :FRAME (103 106) :SENSE-INFO
<   ((:PENN-PARTS-OF-SPEECH (CC) :TRIPS-PARTS-OF-SPEECH (W::CONJ))) :UTTNUM 23
<   :CHANNEL DESKTOP :DIRECTION INPUT)
<  (WORD &quot;a&quot; :FRAME (107 108) :SENSE-INFO
<   ((:PENN-PARTS-OF-SPEECH (DT) :TRIPS-PARTS-OF-SPEECH (W::ART W::QUAN W::PRO)))
<   :UTTNUM 23 :CHANNEL DESKTOP :DIRECTION INPUT)
<  (WORD &quot;necklace&quot; :FRAME (109 117) :SENSE-INFO
<   ((:PENN-PARTS-OF-SPEECH (NN) :TRIPS-PARTS-OF-SPEECH (W::N))) :UTTNUM 23
<   :CHANNEL DESKTOP :DIRECTION INPUT)
<  (PREFER &quot;a necklace&quot; :FRAME (107 117) :PENN-CATS (NP) :TRIPS-CATS (W::NP)
<   :SCORE 15.171 :UTTNUM 23 :CHANNEL DESKTOP :DIRECTION INPUT)
<  (WORD &quot;with&quot; :FRAME (118 122) :SENSE-INFO
<   ((:PENN-PARTS-OF-SPEECH (IN) :TRIPS-PARTS-OF-SPEECH (W::PREP W::ADV)))
<   :UTTNUM 23 :CHANNEL DESKTOP :DIRECTION INPUT)
<  (WORD &quot;white&quot; :FRAME (123 128) :SENSE-INFO
<   ((:PENN-PARTS-OF-SPEECH (JJ) :TRIPS-PARTS-OF-SPEECH (W::ADJ))) :UTTNUM 23
<   :CHANNEL DESKTOP :DIRECTION INPUT)
<  (WORD &quot;and&quot; :FRAME (129 132) :SENSE-INFO
<   ((:PENN-PARTS-OF-SPEECH (CC) :TRIPS-PARTS-OF-SPEECH (W::CONJ))) :UTTNUM 23
<   :CHANNEL DESKTOP :DIRECTION INPUT)
<  (WORD &quot;green&quot; :FRAME (133 138) :SENSE-INFO
<   ((:PENN-PARTS-OF-SPEECH (JJ) :TRIPS-PARTS-OF-SPEECH (W::ADJ))) :UTTNUM 23
<   :CHANNEL DESKTOP :DIRECTION INPUT)
<  (PREFER &quot;white and green&quot; :FRAME (123 138) :PENN-CATS (ADJP) :TRIPS-CATS
<   (W::ADJP) :SCORE 17.792 :UTTNUM 23 :CHANNEL DESKTOP :DIRECTION INPUT)
<  (WORD &quot;glass&quot; :FRAME (139 144) :SENSE-INFO
<   ((:PENN-PARTS-OF-SPEECH (NN) :TRIPS-PARTS-OF-SPEECH (W::N))) :UTTNUM 23
<   :CHANNEL DESKTOP :DIRECTION INPUT)
<  (WORD &quot;beads&quot; :FRAME (145 150) :SENSE-INFO
<   ((:PENN-PARTS-OF-SPEECH (NNS) :TRIPS-PARTS-OF-SPEECH (W::N))) :UTTNUM 23
<   :CHANNEL DESKTOP :DIRECTION INPUT)
<  (PREFER &quot;white and green glass beads&quot; :FRAME (123 150) :PENN-CATS (NP)
<   :TRIPS-CATS (W::NP) :SCORE 42.858 :UTTNUM 23 :CHANNEL DESKTOP :DIRECTION
<   INPUT)
<  (PREFER &quot;with white and green glass beads&quot; :FRAME (118 150) :PENN-CATS (PP)
<   :TRIPS-CATS (W::PP) :SCORE 48.79 :UTTNUM 23 :CHANNEL DESKTOP :DIRECTION
<   INPUT)
<  (PREFER &quot;a necklace with white and green glass beads&quot; :FRAME (107 150)
<   :PENN-CATS (NP) :TRIPS-CATS (W::NP) :SCORE 64.622 :UTTNUM 23 :CHANNEL DESKTOP
<   :DIRECTION INPUT)
<  (WORD &quot;.&quot; :FRAME (151 151) :SENSE-INFO
<   ((:PENN-PARTS-OF-SPEECH (FULL_STOP) :TRIPS-PARTS-OF-SPEECH (W::PUNC)))
<   :UTTNUM 23 :CHANNEL DESKTOP :DIRECTION INPUT))</lisp><word lex="and" start="103" end="106"><sense-info penn-parts-of-speech="CC" trips-parts-of-speech="CONJ" /></word><word lex="a" start="107" end="108"><sense-info penn-parts-of-speech="DT" trips-parts-of-speech="ART,QUAN,PRO" /></word><word lex="necklace" start="109" end="117"><sense-info penn-parts-of-speech="NN" trips-parts-of-speech="N" /></word><prefer text="a necklace" start="107" end="117" penn-cats="NP" score="15.171" /><word lex="with" start="118" end="122"><sense-info penn-parts-of-speech="IN" trips-parts-of-speech="PREP,ADV" /></word><word lex="white" start="123" end="128"><sense-info penn-parts-of-speech="JJ" trips-parts-of-speech="ADJ" /></word><word lex="and" start="129" end="132"><sense-info penn-parts-of-speech="CC" trips-parts-of-speech="CONJ" /></word><word lex="green" start="133" end="138"><sense-info penn-parts-of-speech="JJ" trips-parts-of-speech="ADJ" /></word><prefer text="white and green" start="123" end="138" penn-cats="ADJP" score="17.792" /><word lex="glass" start="139" end="144"><sense-info penn-parts-of-speech="NN" trips-parts-of-speech="N" /></word><word lex="beads" start="145" end="150"><sense-info penn-parts-of-speech="NNS" trips-parts-of-speech="N" /></word><prefer text="white and green glass beads" start="123" end="150" penn-cats="NP" score="42.858" /><prefer text="with white and green glass beads" start="118" end="150" penn-cats="PP" score="48.79" /><prefer text="a necklace with white and green glass beads" start="107" end="150" penn-cats="NP" score="64.622" /><word lex="." start="151" end="151"><sense-info penn-parts-of-speech="FULL_STOP" trips-parts-of-speech="PUNC" /></word></tags><tree><lisp>(UTT
<  (UTT (ADVBL (ADV AND))
<   (UTT
<    (NP (SPEC (DET (ART A)))
<     (N1 (N1 (N NECKLACE))
<      (ADVBL (ADV WITH)
<       (NP
<        (N1
<         (ADJP (ADJP (ADJ1 (ADJ WHITE))) (CONJ AND) (ADJP (ADJ1 (ADJ GREEN))))
<         (N1 (N1 (N GLASS)) (N1 (N BEADS))))))))))
<  (PUNC PUNC-PERIOD))</lisp><UTT><UTT><ADVBL><ADV>AND</ADV></ADVBL><UTT><NP><SPEC><DET><ART>A</ART></DET></SPEC><N1><N1><N>NECKLACE</N></N1><ADVBL><ADV>WITH</ADV><NP><N1><ADJP><ADJP><ADJ1><ADJ>WHITE</ADJ></ADJ1></ADJP><CONJ>AND</CONJ><ADJP><ADJ1><ADJ>GREEN</ADJ></ADJ1></ADJP></ADJP><N1><N1><N>GLASS</N></N1><N1><N>BEADS</N></N1></N1></N1></NP></ADVBL></N1></NP></UTT></UTT><PUNC>PUNC-PERIOD</PUNC></UTT></tree><terms root="#V148991"><lisp>((ONT::SPEECHACT ONT::V148991 ONT::SA_IDENTIFY :PUNCTYPE W::DECL :CONTENT
<   ONT::V148454 :MOD ONT::V148404 :START 103 :END 151)
<  (ONT::F ONT::V148404 (:* ONT::CONJUNCT W::AND) :FIGURE ONT::V148991 :START 103
<   :END 107)
<  (ONT::A ONT::V148454 (:* ONT::MANUFACTURED-OBJECT W::NECKLACE) :MOD
<   ONT::V148458 :START 107 :END 151)
<  (ONT::F ONT::V148458 (:* ONT::ASSOC-WITH W::WITH) :GROUND ONT::V148498 :FIGURE
<   ONT::V148454 :START 118 :END 151)
<  (ONT::INDEF-SET ONT::V148498 (:* ONT::COLLECTION W::BEADS) :ASSOC-WITH
<   ONT::V148493 :MOD ONT::V148524 :START 123 :END 151)
<  (ONT::KIND ONT::V148493 (:* ONT::SOLID-SUBSTANCE W::GLASS) :START 123 :END
<   151)
<  (ONT::F ONT::V148524 ONT::COLOR-VAL :SEQUENCE (ONT::V148470 ONT::V148487)
<   :OPERATOR ONT::AND :START 123 :END 139)
<  (ONT::F ONT::V148470 (:* ONT::WHITE W::WHITE) :FIGURE ONT::V148498 :SCALE
<   ONT::WHITE*1--07--00 :START 123 :END 129)
<  (ONT::F ONT::V148487 (:* ONT::GREEN W::GREEN) :FIGURE ONT::V148498 :SCALE
<   ONT::GREEN*1--07--00 :START 133 :END 139))</lisp><rdf:RDF
<   xmlns:rdf="http://www.w3.org/1999/02/22-rdf-syntax-ns#"
<   xmlns:role="http://www.cs.rochester.edu/research/trips/role#"
<   xmlns:LF="http://www.cs.rochester.edu/research/trips/LF#">
<   <rdf:Description rdf:ID="V148991">
<     <LF:indicator>SPEECHACT</LF:indicator>
<     <LF:type>SA_IDENTIFY</LF:type>
<     <role:PUNCTYPE>DECL</role:PUNCTYPE>
<     <role:CONTENT rdf:resource="#V148454" />
<     <role:MOD rdf:resource="#V148404" />
<     <LF:start>103</LF:start>
<     <LF:end>151</LF:end>
<   </rdf:Description>
<   <rdf:Description rdf:ID="V148404">
<     <LF:indicator>F</LF:indicator>
<     <LF:type>CONJUNCT</LF:type>
<     <LF:word>AND</LF:word>
<     <role:FIGURE rdf:resource="#V148991" />
<     <LF:start>103</LF:start>
<     <LF:end>107</LF:end>
<   </rdf:Description>
<   <rdf:Description rdf:ID="V148454">
<     <LF:indicator>A</LF:indicator>
<     <LF:type>MANUFACTURED-OBJECT</LF:type>
<     <LF:word>NECKLACE</LF:word>
<     <role:MOD rdf:resource="#V148458" />
<     <LF:start>107</LF:start>
<     <LF:end>151</LF:end>
<   </rdf:Description>
<   <rdf:Description rdf:ID="V148458">
<     <LF:indicator>F</LF:indicator>
<     <LF:type>ASSOC-WITH</LF:type>
<     <LF:word>WITH</LF:word>
<     <role:GROUND rdf:resource="#V148498" />
<     <role:FIGURE rdf:resource="#V148454" />
<     <LF:start>118</LF:start>
<     <LF:end>151</LF:end>
<   </rdf:Description>
<   <rdf:Description rdf:ID="V148498">
<     <LF:indicator>INDEF-SET</LF:indicator>
<     <LF:type>COLLECTION</LF:type>
<     <LF:word>BEADS</LF:word>
<     <role:ASSOC-WITH rdf:resource="#V148493" />
<     <role:MOD rdf:resource="#V148524" />
<     <LF:start>123</LF:start>
<     <LF:end>151</LF:end>
<   </rdf:Description>
<   <rdf:Description rdf:ID="V148493">
<     <LF:indicator>KIND</LF:indicator>
<     <LF:type>SOLID-SUBSTANCE</LF:type>
<     <LF:word>GLASS</LF:word>
<     <LF:start>123</LF:start>
<     <LF:end>151</LF:end>
<   </rdf:Description>
<   <rdf:Description rdf:ID="V148524">
<     <LF:indicator>F</LF:indicator>
<     <LF:type>COLOR-VAL</LF:type>
<     <role:SEQUENCE rdf:resource="#V148470" />
<     <role:SEQUENCE1 rdf:resource="#V148487" />
<     <role:OPERATOR>AND</role:OPERATOR>
<     <LF:start>123</LF:start>
<     <LF:end>139</LF:end>
<   </rdf:Description>
<   <rdf:Description rdf:ID="V148470">
<     <LF:indicator>F</LF:indicator>
<     <LF:type>WHITE</LF:type>
<     <LF:word>WHITE</LF:word>
<     <role:FIGURE rdf:resource="#V148498" />
<     <role:SCALE>WHITE*1--07--00</role:SCALE>
<     <LF:start>123</LF:start>
<     <LF:end>129</LF:end>
<   </rdf:Description>
<   <rdf:Description rdf:ID="V148487">
<     <LF:indicator>F</LF:indicator>
<     <LF:type>GREEN</LF:type>
<     <LF:word>GREEN</LF:word>
<     <role:FIGURE rdf:resource="#V148498" />
<     <role:SCALE>GREEN*1--07--00</role:SCALE>
<     <LF:start>133</LF:start>
<     <LF:end>139</LF:end>
<   </rdf:Description>
< </rdf:RDF>
< </terms></utt></trips-parser-output>
\ No newline at end of file
---
> <SpRL>
>  <SCENE>
>   <SENTENCE id="s1" indicator="A" type="FEMALE-CHILD" text="GIRL" start="0" end="39">
>    <TEXT>a dark-haired girl wearing a black hat ,</TEXT>
>    <RELATION id="1" head="V146123" res="V146129" label="MOD"/>
>    <RELATION id="2" head="V146123" res="V146120" label="MOD"/>
>    <PHRASE id="V146120" indicator="F" type="MODIFIER" text="DARK-PUNC-MINUS-HAIRED" start="2" end="14" WNSENSE="dark-haired%5:00:00"/>
>    <RELATION id="3" head="V146120" res="V146123" label="FIGURE"/>
>    <PHRASE id="V146129" indicator="F" type="WEAR" text="WEAR" VFORM="ING" start="19" end="39"/>
>    <RELATION id="4" head="V146129" res="V146123" label="AGENT"/>
>    <RELATION id="5" head="V146129" res="V146179" label="NEUTRAL"/>
>    <PHRASE id="V146179" indicator="A" type="ATTIRE" text="HAT" start="27" end="39"/>
>    <RELATION id="6" head="V146179" res="V146176" label="MOD"/>
>    <PHRASE id="V146176" indicator="F" type="BLACK" text="BLACK" SCALE="BLACKNESS*1--07--00" start="29" end="35"/>
>    <RELATION id="7" head="V146176" res="V146179" label="FIGURE"/>
>   </SENTENCE>
>   <SENTENCE id="s2" indicator="INDEF-SET" type="ATTIRE" OPERATOR="AND" start="41" end="101">
>    <TEXT>a yellow tee-shirt and a white vest underneath a green vest ,</TEXT>
>    <RELATION id="8" head="V147289" res="V147285" label="SEQUENCE"/>
>    <RELATION id="9" head="V147289" res="V147347" label="SEQUENCE1"/>
>    <PHRASE id="V147285" indicator="A" type="ATTIRE" text="TEE-PUNC-MINUS-SHIRT" start="41" end="60"/>
>    <RELATION id="10" head="V147285" res="V147258" label="MOD"/>
>    <PHRASE id="V147258" indicator="F" type="YELLOW" text="YELLOW" SCALE="YELLOW*1--07--00" start="43" end="50"/>
>    <RELATION id="11" head="V147258" res="V147285" label="FIGURE"/>
>    <PHRASE id="V147347" indicator="A" type="ATTIRE" text="VEST" start="64" end="101"/>
>    <RELATION id="12" head="V147347" res="V147350" label="LOCATION"/>
>    <RELATION id="13" head="V147347" res="V147339" label="MOD"/>
>    <PHRASE id="V147339" indicator="F" type="WHITE" text="WHITE" SCALE="WHITE*1--07--00" start="66" end="72"/>
>    <RELATION id="14" head="V147339" res="V147347" label="FIGURE"/>
>    <PHRASE id="V147350" indicator="F" type="BELOW" text="UNDERNEATH" start="77" end="101"/>
>    <RELATION id="15" head="V147350" res="V147403" label="GROUND"/>
>    <RELATION id="16" head="V147350" res="V147347" label="FIGURE"/>
>    <PHRASE id="V147403" indicator="A" type="ATTIRE" text="VEST" start="88" end="101"/>
>    <RELATION id="17" head="V147403" res="V147394" label="MOD"/>
>    <PHRASE id="V147394" indicator="F" type="GREEN" text="GREEN" SCALE="GREEN*1--07--00" start="90" end="96"/>
>    <RELATION id="18" head="V147394" res="V147403" label="FIGURE"/>
>   </SENTENCE>
>   <SENTENCE id="s3" indicator="SPEECHACT" type="SA_IDENTIFY" PUNCTYPE="DECL" start="103" end="151">
>    <TEXT>and a necklace with white and green glass beads .</TEXT>
>    <RELATION id="19" head="V148991" res="V148454" label="CONTENT"/>
>    <RELATION id="20" head="V148991" res="V148404" label="MOD"/>
>    <PHRASE id="V148404" indicator="F" type="CONJUNCT" text="AND" start="103" end="107"/>
>    <RELATION id="21" head="V148404" res="V148991" label="FIGURE"/>
>    <PHRASE id="V148454" indicator="A" type="MANUFACTURED-OBJECT" text="NECKLACE" start="107" end="151"/>
>    <RELATION id="22" head="V148454" res="V148458" label="MOD"/>
>    <PHRASE id="V148458" indicator="F" type="ASSOC-WITH" text="WITH" start="118" end="151"/>
>    <RELATION id="23" head="V148458" res="V148498" label="GROUND"/>
>    <RELATION id="24" head="V148458" res="V148454" label="FIGURE"/>
>    <PHRASE id="V148498" indicator="INDEF-SET" type="COLLECTION" text="BEADS" start="123" end="151"/>
>    <RELATION id="25" head="V148498" res="V148493" label="ASSOC-WITH"/>
>    <RELATION id="26" head="V148498" res="V148524" label="MOD"/>
>    <PHRASE id="V148493" indicator="KIND" type="SOLID-SUBSTANCE" text="GLASS" start="123" end="151"/>
>    <PHRASE id="V148524" indicator="F" type="COLOR-VAL" OPERATOR="AND" start="123" end="139"/>
>    <RELATION id="27" head="V148524" res="V148470" label="SEQUENCE"/>
>    <RELATION id="28" head="V148524" res="V148487" label="SEQUENCE1"/>
>    <PHRASE id="V148470" indicator="F" type="WHITE" text="WHITE" SCALE="WHITE*1--07--00" start="123" end="129"/>
>    <RELATION id="29" head="V148470" res="V148498" label="FIGURE"/>
>    <PHRASE id="V148487" indicator="F" type="GREEN" text="GREEN" SCALE="GREEN*1--07--00" start="133" end="139"/>
>    <RELATION id="30" head="V148487" res="V148498" label="FIGURE"/>
>   </SENTENCE>
>  </SCENE>
> </SpRL>
