2,278c2,32
< <?xml-stylesheet type="text/xsl" href="../style/parser-interface.xsl"?>
< <!DOCTYPE trips-parser-output SYSTEM "../trips-parser-output.dtd">
< <trips-parser-output parser-build-date="2017-09-20T12:11:02-0500" system="STEP" extsformat="svg" tagsformat="hidden" treecontents="phrase" treeformat="LinGO" lfformat="svg" semantic-skeleton-scoring="T" rule-sets="" input="a dark-skinned , dark-haired girl wearing a yellow blouse with a blue collar .
< ">
< <debug>
< 
<  FOUNDS SEQUENCE from constit (% W::NP (W::BARE-SEQUENCE -) (W::CONSTRAINT -)
<                                  (W::MASS W::BARE) (W::GENERATED +)
<                                  (W::POSTADVBL +)
<                                  (W::SEM ?8607:(?81119:(F::PHYS-OBJ
<                                                         F::ABSTR-OBJ) NIL))
<                                  (W::LF (% W::DESCRIPTION (W::STATUS ONT::DEFINITE)
<                                            (W::VAR V385954)
<                                            (W::SORT W::INDIVIDUAL)
<                                            (W::LEX (W::A))
<                                            (W::CLASS ONT::SEQUENCE)
<                                            (W::CONSTRAINT (% &amp; (W::NAME-OF (W::A))
<                                                              (W::VAL (W::A))))
<                                            (W::LEX W::A) (W::SEM ?81117)
<                                            (W::TRANSFORM ?81118)))
<                                  (W::CASE ?81116:(W::SUB W::OBJ -))
<                                  (W::AGR ?81115) (W::CLASS ONT::ANY-SEM)
<                                  (W::VAR V385954) (W::SORT W::PRED) (W::NAME -)
<                                  (W::PRO -) (W::CHANGEAGR -) (W::LEX W::A)
<                                  (W::HEADCAT W::VALUE) (W::TRANSFORM -)
<                                  (W::REFL -) (1 RNUMBER386044))
< 
<  FOUNDS SEQUENCE from constit (% W::NP (W::BARE-SEQUENCE -) (W::CONSTRAINT -)
<                                  (W::MASS W::BARE) (W::GENERATED +)
<                                  (W::POSTADVBL +)
<                                  (W::SEM ?8607:(?81414:(F::PHYS-OBJ
<                                                         F::ABSTR-OBJ) NIL))
<                                  (W::LF (% W::DESCRIPTION (W::STATUS ONT::DEFINITE)
<                                            (W::VAR V385957)
<                                            (W::SORT W::INDIVIDUAL)
<                                            (W::LEX (W::A))
<                                            (W::CLASS ONT::SEQUENCE)
<                                            (W::CONSTRAINT (% &amp; (W::NAME-OF (W::A))
<                                                              (W::VAL (W::A))))
<                                            (W::LEX W::A) (W::SEM ?81412)
<                                            (W::TRANSFORM ?81413)))
<                                  (W::CASE ?81411:(W::SUB W::OBJ -))
<                                  (W::AGR ?81410) (W::CLASS ONT::ANY-SEM)
<                                  (W::VAR V385957) (W::SORT W::PRED) (W::NAME -)
<                                  (W::PRO -) (W::CHANGEAGR -) (W::LEX W::A)
<                                  (W::HEADCAT W::VALUE) (W::TRANSFORM -)
<                                  (W::REFL -) (1 RNUMBER386046))
< 
<  FOUNDS SEQUENCE from constit (% W::NP (W::BARE-SEQUENCE -) (W::CONSTRAINT -)
<                                  (W::MASS W::BARE) (W::GENERATED +)
<                                  (W::POSTADVBL +)
<                                  (W::SEM ?8607:(?81729:(F::PHYS-OBJ
<                                                         F::ABSTR-OBJ) NIL))
<                                  (W::LF (% W::DESCRIPTION (W::STATUS ONT::DEFINITE)
<                                            (W::VAR V385960)
<                                            (W::SORT W::INDIVIDUAL)
<                                            (W::LEX (W::A))
<                                            (W::CLASS ONT::SEQUENCE)
<                                            (W::CONSTRAINT (% &amp; (W::NAME-OF (W::A))
<                                                              (W::VAL (W::A))))
<                                            (W::LEX W::A) (W::SEM ?81727)
<                                            (W::TRANSFORM ?81728)))
<                                  (W::CASE ?81726:(W::SUB W::OBJ -))
<                                  (W::AGR ?81725) (W::CLASS ONT::ANY-SEM)
<                                  (W::VAR V385960) (W::SORT W::PRED) (W::NAME -)
<                                  (W::PRO -) (W::CHANGEAGR -) (W::LEX W::A)
<                                  (W::HEADCAT W::VALUE) (W::TRANSFORM -)
<                                  (W::REFL -) (1 RNUMBER386048))
< *last-utt-id*=NIL  utt-id+64
< *last-utt-id*=64  utt-id+64
< *last-utt-id*=64  utt-id+NIL</debug><compound-communication-act>
< <utt><words><lisp>(W::A W::DARK W::PUNC-MINUS W::SKINNED W::DARK W::PUNC-MINUS W::HAIRED W::GIRL)</lisp><word>A</word><word>DARK</word><word>PUNC-MINUS</word><word>SKINNED</word><word>DARK</word><word>PUNC-MINUS</word><word>HAIRED</word><word>GIRL</word></words><tags><lisp>((WORD &quot;a&quot; :FRAME (0 1) :SENSE-INFO
<   ((:PENN-PARTS-OF-SPEECH (DT) :TRIPS-PARTS-OF-SPEECH (W::ART W::QUAN W::PRO)))
<   :UTTNUM 64 :CHANNEL DESKTOP :DIRECTION INPUT)
<  (WORD &quot;dark&quot; :FRAME (2 5) :SENSE-INFO
<   ((:PENN-PARTS-OF-SPEECH (NN) :TRIPS-PARTS-OF-SPEECH (W::N))) :UTTNUM 64
<   :CHANNEL DESKTOP :DIRECTION INPUT)
<  (WORD &quot;-&quot; :FRAME (6 6) :SENSE-INFO
<   ((:PENN-PARTS-OF-SPEECH (COLON) :TRIPS-PARTS-OF-SPEECH (W::PUNC))) :UTTNUM 64
<   :CHANNEL DESKTOP :DIRECTION INPUT)
<  (WORD &quot;skinned&quot; :FRAME (7 14) :SENSE-INFO
<   ((:PENN-PARTS-OF-SPEECH (VBD) :TRIPS-PARTS-OF-SPEECH (W::V))) :UTTNUM 64
<   :CHANNEL DESKTOP :DIRECTION INPUT)
<  (WORD &quot;dark-skinned&quot; :FRAME (2 14) :SENSE-INFO
<   ((:PENN-PARTS-OF-SPEECH (JJ) :TRIPS-PARTS-OF-SPEECH (W::ADJ) :WN-SENSE-KEYS
<     (&quot;dark-skinned%5:00:00&quot;)))
<   :UTTNUM 64 :CHANNEL DESKTOP :DIRECTION INPUT)
<  (WORD &quot;,&quot; :FRAME (15 16) :SENSE-INFO
<   ((:PENN-PARTS-OF-SPEECH (COMMA) :TRIPS-PARTS-OF-SPEECH (W::PUNC))) :UTTNUM 64
<   :CHANNEL DESKTOP :DIRECTION INPUT)
<  (WORD &quot;dark&quot; :FRAME (17 20) :SENSE-INFO
<   ((:PENN-PARTS-OF-SPEECH (JJ) :TRIPS-PARTS-OF-SPEECH (W::ADJ))) :UTTNUM 64
<   :CHANNEL DESKTOP :DIRECTION INPUT)
<  (WORD &quot;-&quot; :FRAME (21 21) :SENSE-INFO
<   ((:PENN-PARTS-OF-SPEECH (COLON) :TRIPS-PARTS-OF-SPEECH (W::PUNC))) :UTTNUM 64
<   :CHANNEL DESKTOP :DIRECTION INPUT)
<  (WORD &quot;haired&quot; :FRAME (22 28) :SENSE-INFO
<   ((:PENN-PARTS-OF-SPEECH (VBN) :TRIPS-PARTS-OF-SPEECH (W::V))) :UTTNUM 64
<   :CHANNEL DESKTOP :DIRECTION INPUT)
<  (WORD &quot;dark-haired&quot; :FRAME (17 28) :SENSE-INFO
<   ((:PENN-PARTS-OF-SPEECH (JJ) :TRIPS-PARTS-OF-SPEECH (W::ADJ) :WN-SENSE-KEYS
<     (&quot;dark-haired%5:00:00&quot;)))
<   :UTTNUM 64 :CHANNEL DESKTOP :DIRECTION INPUT)
<  (WORD &quot;girl&quot; :FRAME (29 33) :SENSE-INFO
<   ((:PENN-PARTS-OF-SPEECH (NN) :TRIPS-PARTS-OF-SPEECH (W::N))) :UTTNUM 64
<   :CHANNEL DESKTOP :DIRECTION INPUT)
<  (PREFER &quot;a dark-skinned , dark-haired girl&quot; :FRAME (0 33) :PENN-CATS (NP)
<   :TRIPS-CATS (W::NP) :SCORE 41.32 :UTTNUM 64 :CHANNEL DESKTOP :DIRECTION
<   INPUT))</lisp><word lex="a" start="0" end="1"><sense-info penn-parts-of-speech="DT" trips-parts-of-speech="ART,QUAN,PRO" /></word><word lex="dark" start="2" end="5"><sense-info penn-parts-of-speech="NN" trips-parts-of-speech="N" /></word><word lex="-" start="6" end="6"><sense-info penn-parts-of-speech="COLON" trips-parts-of-speech="PUNC" /></word><word lex="skinned" start="7" end="14"><sense-info penn-parts-of-speech="VBD" trips-parts-of-speech="V" /></word><word lex="dark-skinned" start="2" end="14"><sense-info penn-parts-of-speech="JJ" trips-parts-of-speech="ADJ" wn-sense-keys="dark-skinned%5:00:00" /></word><word lex="," start="15" end="16"><sense-info penn-parts-of-speech="COMMA" trips-parts-of-speech="PUNC" /></word><word lex="dark" start="17" end="20"><sense-info penn-parts-of-speech="JJ" trips-parts-of-speech="ADJ" /></word><word lex="-" start="21" end="21"><sense-info penn-parts-of-speech="COLON" trips-parts-of-speech="PUNC" /></word><word lex="haired" start="22" end="28"><sense-info penn-parts-of-speech="VBN" trips-parts-of-speech="V" /></word><word lex="dark-haired" start="17" end="28"><sense-info penn-parts-of-speech="JJ" trips-parts-of-speech="ADJ" wn-sense-keys="dark-haired%5:00:00" /></word><word lex="girl" start="29" end="33"><sense-info penn-parts-of-speech="NN" trips-parts-of-speech="N" /></word><prefer text="a dark-skinned , dark-haired girl" start="0" end="33" penn-cats="NP" score="41.32" /></tags><tree><lisp>(NP (SPEC (DET (ART A)))
<  (N1 (ADJP (ADJ1 (ADJ DARK PUNC-MINUS SKINNED)))
<   (N1 (ADJP (ADJ1 (ADJ DARK PUNC-MINUS HAIRED))) (N1 (N GIRL)))))</lisp><NP><SPEC><DET><ART>A</ART></DET></SPEC><N1><ADJP><ADJ1><ADJ>DARK PUNC-MINUS SKINNED</ADJ></ADJ1></ADJP><N1><ADJP><ADJ1><ADJ>DARK PUNC-MINUS HAIRED</ADJ></ADJ1></ADJP><N1><N>GIRL</N></N1></N1></N1></NP></tree><terms root="#V384802"><lisp>((ONT::A ONT::V384802 (:* ONT::FEMALE-CHILD W::GIRL) :MOD ONT::V384775 :MOD
<   ONT::V384799 :START 0 :END 34)
<  (ONT::F ONT::V384775 (:* ONT::MODIFIER W::DARK-PUNC-MINUS-SKINNED) :FIGURE
<   ONT::V384802 :START 2 :END 15 :WNSENSE &quot;dark-skinned%5:00:00&quot;)
<  (ONT::F ONT::V384799 (:* ONT::MODIFIER W::DARK-PUNC-MINUS-HAIRED) :FIGURE
<   ONT::V384802 :START 17 :END 29 :WNSENSE &quot;dark-haired%5:00:00&quot;))</lisp><rdf:RDF
<   xmlns:rdf="http://www.w3.org/1999/02/22-rdf-syntax-ns#"
<   xmlns:role="http://www.cs.rochester.edu/research/trips/role#"
<   xmlns:LF="http://www.cs.rochester.edu/research/trips/LF#">
<   <rdf:Description rdf:ID="V384802">
<     <LF:indicator>A</LF:indicator>
<     <LF:type>FEMALE-CHILD</LF:type>
<     <LF:word>GIRL</LF:word>
<     <role:MOD rdf:resource="#V384775" />
<     <role:MOD rdf:resource="#V384799" />
<     <LF:start>0</LF:start>
<     <LF:end>34</LF:end>
<   </rdf:Description>
<   <rdf:Description rdf:ID="V384775">
<     <LF:indicator>F</LF:indicator>
<     <LF:type>MODIFIER</LF:type>
<     <LF:word>DARK-PUNC-MINUS-SKINNED</LF:word>
<     <role:FIGURE rdf:resource="#V384802" />
<     <LF:start>2</LF:start>
<     <LF:end>15</LF:end>
<     <role:WNSENSE>dark-skinned%5:00:00</role:WNSENSE>
<   </rdf:Description>
<   <rdf:Description rdf:ID="V384799">
<     <LF:indicator>F</LF:indicator>
<     <LF:type>MODIFIER</LF:type>
<     <LF:word>DARK-PUNC-MINUS-HAIRED</LF:word>
<     <role:FIGURE rdf:resource="#V384802" />
<     <LF:start>17</LF:start>
<     <LF:end>29</LF:end>
<     <role:WNSENSE>dark-haired%5:00:00</role:WNSENSE>
<   </rdf:Description>
< </rdf:RDF>
< </terms></utt><utt><words><lisp>(W::WEARING W::A W::YELLOW W::BLOUSE W::WITH W::A W::BLUE W::COLLAR
<  W::PUNC-PERIOD)</lisp><word>WEARING</word><word>A</word><word>YELLOW</word><word>BLOUSE</word><word>WITH</word><word>A</word><word>BLUE</word><word>COLLAR</word><word>PUNC-PERIOD</word></words><tags><lisp>((WORD &quot;wearing&quot; :FRAME (34 41) :SENSE-INFO
<   ((:PENN-PARTS-OF-SPEECH (VBG) :TRIPS-PARTS-OF-SPEECH (W::V))) :UTTNUM 64
<   :CHANNEL DESKTOP :DIRECTION INPUT)
<  (WORD &quot;a&quot; :FRAME (42 43) :SENSE-INFO
<   ((:PENN-PARTS-OF-SPEECH (DT) :TRIPS-PARTS-OF-SPEECH (W::ART W::QUAN W::PRO)))
<   :UTTNUM 64 :CHANNEL DESKTOP :DIRECTION INPUT)
<  (WORD &quot;yellow&quot; :FRAME (44 50) :SENSE-INFO
<   ((:PENN-PARTS-OF-SPEECH (NN JJ) :TRIPS-PARTS-OF-SPEECH (W::N W::ADJ)))
<   :UTTNUM 64 :CHANNEL DESKTOP :DIRECTION INPUT)
<  (WORD &quot;blouse&quot; :FRAME (51 57) :SENSE-INFO
<   ((:PENN-PARTS-OF-SPEECH (NN) :TRIPS-PARTS-OF-SPEECH (W::N))) :UTTNUM 64
<   :CHANNEL DESKTOP :DIRECTION INPUT)
<  (PREFER &quot;a yellow blouse&quot; :FRAME (42 57) :PENN-CATS (NP) :TRIPS-CATS (W::NP)
<   :SCORE 28.748 :UTTNUM 64 :CHANNEL DESKTOP :DIRECTION INPUT)
<  (WORD &quot;with&quot; :FRAME (58 62) :SENSE-INFO
<   ((:PENN-PARTS-OF-SPEECH (IN) :TRIPS-PARTS-OF-SPEECH (W::PREP W::ADV)))
<   :UTTNUM 64 :CHANNEL DESKTOP :DIRECTION INPUT)
<  (WORD &quot;a&quot; :FRAME (63 64) :SENSE-INFO
<   ((:PENN-PARTS-OF-SPEECH (DT) :TRIPS-PARTS-OF-SPEECH (W::ART W::QUAN W::PRO)))
<   :UTTNUM 64 :CHANNEL DESKTOP :DIRECTION INPUT)
<  (WORD &quot;blue&quot; :FRAME (65 69) :SENSE-INFO
<   ((:PENN-PARTS-OF-SPEECH (NN JJ) :TRIPS-PARTS-OF-SPEECH (W::N W::ADJ)))
<   :UTTNUM 64 :CHANNEL DESKTOP :DIRECTION INPUT)
<  (WORD &quot;collar&quot; :FRAME (70 76) :SENSE-INFO
<   ((:PENN-PARTS-OF-SPEECH (NN) :TRIPS-PARTS-OF-SPEECH (W::N))) :UTTNUM 64
<   :CHANNEL DESKTOP :DIRECTION INPUT)
<  (PREFER &quot;a blue collar&quot; :FRAME (63 76) :PENN-CATS (NP) :TRIPS-CATS (W::NP)
<   :SCORE 22.387 :UTTNUM 64 :CHANNEL DESKTOP :DIRECTION INPUT)
<  (PREFER &quot;with a blue collar&quot; :FRAME (58 76) :PENN-CATS (PP) :TRIPS-CATS
<   (W::PP) :SCORE 25.654 :UTTNUM 64 :CHANNEL DESKTOP :DIRECTION INPUT)
<  (PREFER &quot;wearing a yellow blouse with a blue collar&quot; :FRAME (34 76) :PENN-CATS
<   (VP) :TRIPS-CATS (W::VP) :SCORE 64.11 :UTTNUM 64 :CHANNEL DESKTOP :DIRECTION
<   INPUT)
<  (WORD &quot;.&quot; :FRAME (77 77) :SENSE-INFO
<   ((:PENN-PARTS-OF-SPEECH (FULL_STOP) :TRIPS-PARTS-OF-SPEECH (W::PUNC)))
<   :UTTNUM 64 :CHANNEL DESKTOP :DIRECTION INPUT)
<  (PREFER
<   &quot;a dark-skinned , dark-haired girl wearing a yellow blouse with a blue collar .&quot;
<   :FRAME (0 77) :PENN-CATS (NP) :TRIPS-CATS (W::NP) :SCORE 108.872 :UTTNUM 64
<   :CHANNEL DESKTOP :DIRECTION INPUT))</lisp><word lex="wearing" start="34" end="41"><sense-info penn-parts-of-speech="VBG" trips-parts-of-speech="V" /></word><word lex="a" start="42" end="43"><sense-info penn-parts-of-speech="DT" trips-parts-of-speech="ART,QUAN,PRO" /></word><word lex="yellow" start="44" end="50"><sense-info penn-parts-of-speech="NN,JJ" trips-parts-of-speech="N,ADJ" /></word><word lex="blouse" start="51" end="57"><sense-info penn-parts-of-speech="NN" trips-parts-of-speech="N" /></word><prefer text="a yellow blouse" start="42" end="57" penn-cats="NP" score="28.748" /><word lex="with" start="58" end="62"><sense-info penn-parts-of-speech="IN" trips-parts-of-speech="PREP,ADV" /></word><word lex="a" start="63" end="64"><sense-info penn-parts-of-speech="DT" trips-parts-of-speech="ART,QUAN,PRO" /></word><word lex="blue" start="65" end="69"><sense-info penn-parts-of-speech="NN,JJ" trips-parts-of-speech="N,ADJ" /></word><word lex="collar" start="70" end="76"><sense-info penn-parts-of-speech="NN" trips-parts-of-speech="N" /></word><prefer text="a blue collar" start="63" end="76" penn-cats="NP" score="22.387" /><prefer text="with a blue collar" start="58" end="76" penn-cats="PP" score="25.654" /><prefer text="wearing a yellow blouse with a blue collar" start="34" end="76" penn-cats="VP" score="64.11" /><word lex="." start="77" end="77"><sense-info penn-parts-of-speech="FULL_STOP" trips-parts-of-speech="PUNC" /></word><prefer text="a dark-skinned , dark-haired girl wearing a yellow blouse with a blue collar ." start="0" end="77" penn-cats="NP" score="108.872" /></tags><tree><lisp>(UTT
<  (UTT
<   (NP
<    (VP
<     (VP- (V WEARING)
<      (NP (SPEC (DET (ART A)))
<       (N1 (N1 (ADJP (ADJ1 (ADJ YELLOW))) (N1 (N BLOUSE)))
<        (ADVBL (ADV WITH)
<         (NP (SPEC (DET (ART A)))
<          (N1 (ADJP (ADJ1 (ADJ BLUE))) (N1 (N COLLAR)))))))))))
<  (PUNC PUNC-PERIOD))</lisp><UTT><UTT><NP><VP><VP-><V>WEARING</V><NP><SPEC><DET><ART>A</ART></DET></SPEC><N1><N1><ADJP><ADJ1><ADJ>YELLOW</ADJ></ADJ1></ADJP><N1><N>BLOUSE</N></N1></N1><ADVBL><ADV>WITH</ADV><NP><SPEC><DET><ART>A</ART></DET></SPEC><N1><ADJP><ADJ1><ADJ>BLUE</ADJ></ADJ1></ADJP><N1><N>COLLAR</N></N1></N1></NP></ADVBL></N1></NP></VP-></VP></NP></UTT><PUNC>PUNC-PERIOD</PUNC></UTT></tree><terms root="#V385095"><lisp>((ONT::SPEECHACT ONT::V385095 ONT::SA_IDENTIFY :PUNCTYPE W::DECL :CONTENT
<   ONT::V384808 :START 34 :END 77)
<  (ONT::BARE ONT::V384808 (:* ONT::WEAR W::WEAR) :NEUTRAL ONT::V384863 :START 34
<   :END 77)
<  (ONT::A ONT::V384863 (:* ONT::ATTIRE W::BLOUSE) :MOD ONT::V384867 :MOD
<   ONT::V384855 :START 42 :END 77)
<  (ONT::F ONT::V384855 (:* ONT::YELLOW W::YELLOW) :FIGURE ONT::V384863 :SCALE
<   ONT::YELLOW*1--07--00 :START 44 :END 51)
<  (ONT::F ONT::V384867 (:* ONT::ASSOC-WITH W::WITH) :GROUND ONT::V384933 :FIGURE
<   ONT::V384863 :START 58 :END 77)
<  (ONT::A ONT::V384933 (:* ONT::MANUFACTURED-OBJECT W::COLLAR) :MOD ONT::V384920
<   :START 63 :END 77)
<  (ONT::F ONT::V384920 (:* ONT::BLUE W::BLUE) :FIGURE ONT::V384933 :SCALE
<   ONT::COLOR-SCALE :START 65 :END 70))</lisp><rdf:RDF
<   xmlns:rdf="http://www.w3.org/1999/02/22-rdf-syntax-ns#"
<   xmlns:role="http://www.cs.rochester.edu/research/trips/role#"
<   xmlns:LF="http://www.cs.rochester.edu/research/trips/LF#">
<   <rdf:Description rdf:ID="V385095">
<     <LF:indicator>SPEECHACT</LF:indicator>
<     <LF:type>SA_IDENTIFY</LF:type>
<     <role:PUNCTYPE>DECL</role:PUNCTYPE>
<     <role:CONTENT rdf:resource="#V384808" />
<     <LF:start>34</LF:start>
<     <LF:end>77</LF:end>
<   </rdf:Description>
<   <rdf:Description rdf:ID="V384808">
<     <LF:indicator>BARE</LF:indicator>
<     <LF:type>WEAR</LF:type>
<     <LF:word>WEAR</LF:word>
<     <role:NEUTRAL rdf:resource="#V384863" />
<     <LF:start>34</LF:start>
<     <LF:end>77</LF:end>
<   </rdf:Description>
<   <rdf:Description rdf:ID="V384863">
<     <LF:indicator>A</LF:indicator>
<     <LF:type>ATTIRE</LF:type>
<     <LF:word>BLOUSE</LF:word>
<     <role:MOD rdf:resource="#V384867" />
<     <role:MOD rdf:resource="#V384855" />
<     <LF:start>42</LF:start>
<     <LF:end>77</LF:end>
<   </rdf:Description>
<   <rdf:Description rdf:ID="V384855">
<     <LF:indicator>F</LF:indicator>
<     <LF:type>YELLOW</LF:type>
<     <LF:word>YELLOW</LF:word>
<     <role:FIGURE rdf:resource="#V384863" />
<     <role:SCALE>YELLOW*1--07--00</role:SCALE>
<     <LF:start>44</LF:start>
<     <LF:end>51</LF:end>
<   </rdf:Description>
<   <rdf:Description rdf:ID="V384867">
<     <LF:indicator>F</LF:indicator>
<     <LF:type>ASSOC-WITH</LF:type>
<     <LF:word>WITH</LF:word>
<     <role:GROUND rdf:resource="#V384933" />
<     <role:FIGURE rdf:resource="#V384863" />
<     <LF:start>58</LF:start>
<     <LF:end>77</LF:end>
<   </rdf:Description>
<   <rdf:Description rdf:ID="V384933">
<     <LF:indicator>A</LF:indicator>
<     <LF:type>MANUFACTURED-OBJECT</LF:type>
<     <LF:word>COLLAR</LF:word>
<     <role:MOD rdf:resource="#V384920" />
<     <LF:start>63</LF:start>
<     <LF:end>77</LF:end>
<   </rdf:Description>
<   <rdf:Description rdf:ID="V384920">
<     <LF:indicator>F</LF:indicator>
<     <LF:type>BLUE</LF:type>
<     <LF:word>BLUE</LF:word>
<     <role:FIGURE rdf:resource="#V384933" />
<     <role:SCALE>COLOR-SCALE</role:SCALE>
<     <LF:start>65</LF:start>
<     <LF:end>70</LF:end>
<   </rdf:Description>
< </rdf:RDF>
< </terms></utt></compound-communication-act>
< </trips-parser-output>
\ No newline at end of file
---
> <SpRL>
>  <SCENE>
>   <SENTENCE id="s1" indicator="A" type="FEMALE-CHILD" text="GIRL" start="0" end="34">
>    <TEXT>a dark-skinned , dark-haired girl w</TEXT>
>    <RELATION id="1" head="V384802" res="V384775" label="MOD"/>
>    <RELATION id="2" head="V384802" res="V384799" label="MOD"/>
>    <PHRASE id="V384775" indicator="F" type="MODIFIER" text="DARK-PUNC-MINUS-SKINNED" start="2" end="15" WNSENSE="dark-skinned%5:00:00"/>
>    <RELATION id="3" head="V384775" res="V384802" label="FIGURE"/>
>    <PHRASE id="V384799" indicator="F" type="MODIFIER" text="DARK-PUNC-MINUS-HAIRED" start="17" end="29" WNSENSE="dark-haired%5:00:00"/>
>    <RELATION id="4" head="V384799" res="V384802" label="FIGURE"/>
>   </SENTENCE>
>   <SENTENCE id="s2" indicator="SPEECHACT" type="SA_IDENTIFY" PUNCTYPE="DECL" start="34" end="77">
>    <TEXT>wearing a yellow blouse with a blue collar .</TEXT>
>    <RELATION id="5" head="V385095" res="V384808" label="CONTENT"/>
>    <PHRASE id="V384808" indicator="BARE" type="WEAR" text="WEAR" start="34" end="77"/>
>    <RELATION id="6" head="V384808" res="V384863" label="NEUTRAL"/>
>    <PHRASE id="V384863" indicator="A" type="ATTIRE" text="BLOUSE" start="42" end="77"/>
>    <RELATION id="7" head="V384863" res="V384867" label="MOD"/>
>    <RELATION id="8" head="V384863" res="V384855" label="MOD"/>
>    <PHRASE id="V384855" indicator="F" type="YELLOW" text="YELLOW" SCALE="YELLOW*1--07--00" start="44" end="51"/>
>    <RELATION id="9" head="V384855" res="V384863" label="FIGURE"/>
>    <PHRASE id="V384867" indicator="F" type="ASSOC-WITH" text="WITH" start="58" end="77"/>
>    <RELATION id="10" head="V384867" res="V384933" label="GROUND"/>
>    <RELATION id="11" head="V384867" res="V384863" label="FIGURE"/>
>    <PHRASE id="V384933" indicator="A" type="MANUFACTURED-OBJECT" text="COLLAR" start="63" end="77"/>
>    <RELATION id="12" head="V384933" res="V384920" label="MOD"/>
>    <PHRASE id="V384920" indicator="F" type="BLUE" text="BLUE" SCALE="COLOR-SCALE" start="65" end="70"/>
>    <RELATION id="13" head="V384920" res="V384933" label="FIGURE"/>
>   </SENTENCE>
>  </SCENE>
> </SpRL>
