2,446c2,47
< <?xml-stylesheet type="text/xsl" href="../style/parser-interface.xsl"?>
< <!DOCTYPE trips-parser-output SYSTEM "../trips-parser-output.dtd">
< <trips-parser-output parser-build-date="2017-09-20T12:11:02-0500" system="STEP" extsformat="svg" tagsformat="hidden" treecontents="phrase" treeformat="LinGO" lfformat="svg" semantic-skeleton-scoring="T" rule-sets="" input="a dark-skinned , dark-haired boy in a blue jumper with a yellow zip and a light blue nametag is standing in a classroom .
< ">
< <debug>
< 
<  FOUNDS SEQUENCE from constit (% W::NP (W::BARE-SEQUENCE -) (W::CONSTRAINT -)
<                                  (W::MASS W::BARE) (W::GENERATED +)
<                                  (W::POSTADVBL +)
<                                  (W::SEM ?8607:(?139845:(F::PHYS-OBJ
<                                                          F::ABSTR-OBJ) NIL))
<                                  (W::LF (% W::DESCRIPTION (W::STATUS ONT::DEFINITE)
<                                            (W::VAR V294092)
<                                            (W::SORT W::INDIVIDUAL)
<                                            (W::LEX (W::A))
<                                            (W::CLASS ONT::SEQUENCE)
<                                            (W::CONSTRAINT (% &amp; (W::NAME-OF (W::A))
<                                                              (W::VAL (W::A))))
<                                            (W::LEX W::A) (W::SEM ?139843)
<                                            (W::TRANSFORM ?139844)))
<                                  (W::CASE ?139842:(W::SUB W::OBJ -))
<                                  (W::AGR ?139841) (W::CLASS ONT::ANY-SEM)
<                                  (W::VAR V294092) (W::SORT W::PRED) (W::NAME -)
<                                  (W::PRO -) (W::CHANGEAGR -) (W::LEX W::A)
<                                  (W::HEADCAT W::VALUE) (W::TRANSFORM -)
<                                  (W::REFL -) (1 RNUMBER294544))
< 
<  FOUNDS SEQUENCE from constit (% W::NP (W::BARE-SEQUENCE -) (W::CONSTRAINT -)
<                                  (W::MASS W::BARE) (W::GENERATED +)
<                                  (W::POSTADVBL +)
<                                  (W::SEM ?8607:(?140140:(F::PHYS-OBJ
<                                                          F::ABSTR-OBJ) NIL))
<                                  (W::LF (% W::DESCRIPTION (W::STATUS ONT::DEFINITE)
<                                            (W::VAR V294095)
<                                            (W::SORT W::INDIVIDUAL)
<                                            (W::LEX (W::A))
<                                            (W::CLASS ONT::SEQUENCE)
<                                            (W::CONSTRAINT (% &amp; (W::NAME-OF (W::A))
<                                                              (W::VAL (W::A))))
<                                            (W::LEX W::A) (W::SEM ?140138)
<                                            (W::TRANSFORM ?140139)))
<                                  (W::CASE ?140137:(W::SUB W::OBJ -))
<                                  (W::AGR ?140136) (W::CLASS ONT::ANY-SEM)
<                                  (W::VAR V294095) (W::SORT W::PRED) (W::NAME -)
<                                  (W::PRO -) (W::CHANGEAGR -) (W::LEX W::A)
<                                  (W::HEADCAT W::VALUE) (W::TRANSFORM -)
<                                  (W::REFL -) (1 RNUMBER294546))
< 
<  FOUNDS SEQUENCE from constit (% W::NP (W::BARE-SEQUENCE -) (W::CONSTRAINT -)
<                                  (W::MASS W::BARE) (W::GENERATED +)
<                                  (W::POSTADVBL +)
<                                  (W::SEM ?8607:(?140499:(F::PHYS-OBJ
<                                                          F::ABSTR-OBJ) NIL))
<                                  (W::LF (% W::DESCRIPTION (W::STATUS ONT::DEFINITE)
<                                            (W::VAR V294098)
<                                            (W::SORT W::INDIVIDUAL)
<                                            (W::LEX (W::A))
<                                            (W::CLASS ONT::SEQUENCE)
<                                            (W::CONSTRAINT (% &amp; (W::NAME-OF (W::A))
<                                                              (W::VAL (W::A))))
<                                            (W::LEX W::A) (W::SEM ?140497)
<                                            (W::TRANSFORM ?140498)))
<                                  (W::CASE ?140496:(W::SUB W::OBJ -))
<                                  (W::AGR ?140495) (W::CLASS ONT::ANY-SEM)
<                                  (W::VAR V294098) (W::SORT W::PRED) (W::NAME -)
<                                  (W::PRO -) (W::CHANGEAGR -) (W::LEX W::A)
<                                  (W::HEADCAT W::VALUE) (W::TRANSFORM -)
<                                  (W::REFL -) (1 RNUMBER294548))
< 
<  FOUNDS SEQUENCE from constit (% W::NP (W::BARE-SEQUENCE -) (W::CONSTRAINT -)
<                                  (W::MASS W::BARE) (W::GENERATED +)
<                                  (W::POSTADVBL +)
<                                  (W::SEM ?8607:(?140811:(F::PHYS-OBJ
<                                                          F::ABSTR-OBJ) NIL))
<                                  (W::LF (% W::DESCRIPTION (W::STATUS ONT::DEFINITE)
<                                            (W::VAR V294101)
<                                            (W::SORT W::INDIVIDUAL)
<                                            (W::LEX (W::A))
<                                            (W::CLASS ONT::SEQUENCE)
<                                            (W::CONSTRAINT (% &amp; (W::NAME-OF (W::A))
<                                                              (W::VAL (W::A))))
<                                            (W::LEX W::A) (W::SEM ?140809)
<                                            (W::TRANSFORM ?140810)))
<                                  (W::CASE ?140808:(W::SUB W::OBJ -))
<                                  (W::AGR ?140807) (W::CLASS ONT::ANY-SEM)
<                                  (W::VAR V294101) (W::SORT W::PRED) (W::NAME -)
<                                  (W::PRO -) (W::CHANGEAGR -) (W::LEX W::A)
<                                  (W::HEADCAT W::VALUE) (W::TRANSFORM -)
<                                  (W::REFL -) (1 RNUMBER294550))
< 
<  FOUNDS SEQUENCE from constit (% W::NP (W::BARE-SEQUENCE -) (W::CONSTRAINT -)
<                                  (W::MASS W::BARE) (W::GENERATED +)
<                                  (W::POSTADVBL +)
<                                  (W::SEM ?8607:(?141256:(F::PHYS-OBJ
<                                                          F::ABSTR-OBJ) NIL))
<                                  (W::LF (% W::DESCRIPTION (W::STATUS ONT::DEFINITE)
<                                            (W::VAR V294104)
<                                            (W::SORT W::INDIVIDUAL)
<                                            (W::LEX (W::A))
<                                            (W::CLASS ONT::SEQUENCE)
<                                            (W::CONSTRAINT (% &amp; (W::NAME-OF (W::A))
<                                                              (W::VAL (W::A))))
<                                            (W::LEX W::A) (W::SEM ?141254)
<                                            (W::TRANSFORM ?141255)))
<                                  (W::CASE ?141253:(W::SUB W::OBJ -))
<                                  (W::AGR ?141252) (W::CLASS ONT::ANY-SEM)
<                                  (W::VAR V294104) (W::SORT W::PRED) (W::NAME -)
<                                  (W::PRO -) (W::CHANGEAGR -) (W::LEX W::A)
<                                  (W::HEADCAT W::VALUE) (W::TRANSFORM -)
<                                  (W::REFL -) (1 RNUMBER294552))
< *last-utt-id*=NIL  utt-id+42
< *last-utt-id*=42  utt-id+42
< *last-utt-id*=42  utt-id+42
< *last-utt-id*=42  utt-id+42
< *last-utt-id*=42  utt-id+NIL</debug><compound-communication-act>
< <utt><words><lisp>(W::A W::DARK W::PUNC-MINUS W::SKINNED W::DARK W::PUNC-MINUS W::HAIRED W::BOY)</lisp><word>A</word><word>DARK</word><word>PUNC-MINUS</word><word>SKINNED</word><word>DARK</word><word>PUNC-MINUS</word><word>HAIRED</word><word>BOY</word></words><tags><lisp>((WORD &quot;a&quot; :FRAME (0 1) :SENSE-INFO
<   ((:PENN-PARTS-OF-SPEECH (DT) :TRIPS-PARTS-OF-SPEECH (W::ART W::QUAN W::PRO)))
<   :UTTNUM 42 :CHANNEL DESKTOP :DIRECTION INPUT)
<  (WORD &quot;dark&quot; :FRAME (2 5) :SENSE-INFO
<   ((:PENN-PARTS-OF-SPEECH (NN) :TRIPS-PARTS-OF-SPEECH (W::N))) :UTTNUM 42
<   :CHANNEL DESKTOP :DIRECTION INPUT)
<  (WORD &quot;-&quot; :FRAME (6 6) :SENSE-INFO
<   ((:PENN-PARTS-OF-SPEECH (COLON) :TRIPS-PARTS-OF-SPEECH (W::PUNC))) :UTTNUM 42
<   :CHANNEL DESKTOP :DIRECTION INPUT)
<  (WORD &quot;skinned&quot; :FRAME (7 14) :SENSE-INFO
<   ((:PENN-PARTS-OF-SPEECH (VBD) :TRIPS-PARTS-OF-SPEECH (W::V))) :UTTNUM 42
<   :CHANNEL DESKTOP :DIRECTION INPUT)
<  (WORD &quot;dark-skinned&quot; :FRAME (2 14) :SENSE-INFO
<   ((:PENN-PARTS-OF-SPEECH (JJ) :TRIPS-PARTS-OF-SPEECH (W::ADJ) :WN-SENSE-KEYS
<     (&quot;dark-skinned%5:00:00&quot;)))
<   :UTTNUM 42 :CHANNEL DESKTOP :DIRECTION INPUT)
<  (WORD &quot;,&quot; :FRAME (15 16) :SENSE-INFO
<   ((:PENN-PARTS-OF-SPEECH (COMMA) :TRIPS-PARTS-OF-SPEECH (W::PUNC))) :UTTNUM 42
<   :CHANNEL DESKTOP :DIRECTION INPUT)
<  (WORD &quot;dark&quot; :FRAME (17 20) :SENSE-INFO
<   ((:PENN-PARTS-OF-SPEECH (JJ) :TRIPS-PARTS-OF-SPEECH (W::ADJ))) :UTTNUM 42
<   :CHANNEL DESKTOP :DIRECTION INPUT)
<  (WORD &quot;-&quot; :FRAME (21 21) :SENSE-INFO
<   ((:PENN-PARTS-OF-SPEECH (COLON) :TRIPS-PARTS-OF-SPEECH (W::PUNC))) :UTTNUM 42
<   :CHANNEL DESKTOP :DIRECTION INPUT)
<  (WORD &quot;haired&quot; :FRAME (22 28) :SENSE-INFO
<   ((:PENN-PARTS-OF-SPEECH (VBN) :TRIPS-PARTS-OF-SPEECH (W::V))) :UTTNUM 42
<   :CHANNEL DESKTOP :DIRECTION INPUT)
<  (WORD &quot;dark-haired&quot; :FRAME (17 28) :SENSE-INFO
<   ((:PENN-PARTS-OF-SPEECH (JJ) :TRIPS-PARTS-OF-SPEECH (W::ADJ) :WN-SENSE-KEYS
<     (&quot;dark-haired%5:00:00&quot;)))
<   :UTTNUM 42 :CHANNEL DESKTOP :DIRECTION INPUT)
<  (WORD &quot;boy&quot; :FRAME (29 32) :SENSE-INFO
<   ((:PENN-PARTS-OF-SPEECH (NN) :TRIPS-PARTS-OF-SPEECH (W::N))) :UTTNUM 42
<   :CHANNEL DESKTOP :DIRECTION INPUT)
<  (PREFER &quot;a dark-skinned , dark-haired boy&quot; :FRAME (0 32) :PENN-CATS (NP)
<   :TRIPS-CATS (W::NP) :SCORE 40.958 :UTTNUM 42 :CHANNEL DESKTOP :DIRECTION
<   INPUT))</lisp><word lex="a" start="0" end="1"><sense-info penn-parts-of-speech="DT" trips-parts-of-speech="ART,QUAN,PRO" /></word><word lex="dark" start="2" end="5"><sense-info penn-parts-of-speech="NN" trips-parts-of-speech="N" /></word><word lex="-" start="6" end="6"><sense-info penn-parts-of-speech="COLON" trips-parts-of-speech="PUNC" /></word><word lex="skinned" start="7" end="14"><sense-info penn-parts-of-speech="VBD" trips-parts-of-speech="V" /></word><word lex="dark-skinned" start="2" end="14"><sense-info penn-parts-of-speech="JJ" trips-parts-of-speech="ADJ" wn-sense-keys="dark-skinned%5:00:00" /></word><word lex="," start="15" end="16"><sense-info penn-parts-of-speech="COMMA" trips-parts-of-speech="PUNC" /></word><word lex="dark" start="17" end="20"><sense-info penn-parts-of-speech="JJ" trips-parts-of-speech="ADJ" /></word><word lex="-" start="21" end="21"><sense-info penn-parts-of-speech="COLON" trips-parts-of-speech="PUNC" /></word><word lex="haired" start="22" end="28"><sense-info penn-parts-of-speech="VBN" trips-parts-of-speech="V" /></word><word lex="dark-haired" start="17" end="28"><sense-info penn-parts-of-speech="JJ" trips-parts-of-speech="ADJ" wn-sense-keys="dark-haired%5:00:00" /></word><word lex="boy" start="29" end="32"><sense-info penn-parts-of-speech="NN" trips-parts-of-speech="N" /></word><prefer text="a dark-skinned , dark-haired boy" start="0" end="32" penn-cats="NP" score="40.958" /></tags><tree><lisp>(NP (SPEC (DET (ART A)))
<  (N1 (ADJP (ADJ1 (ADJ DARK PUNC-MINUS SKINNED)))
<   (N1 (ADJP (ADJ1 (ADJ DARK PUNC-MINUS HAIRED))) (N1 (N BOY)))))</lisp><NP><SPEC><DET><ART>A</ART></DET></SPEC><N1><ADJP><ADJ1><ADJ>DARK PUNC-MINUS SKINNED</ADJ></ADJ1></ADJP><N1><ADJP><ADJ1><ADJ>DARK PUNC-MINUS HAIRED</ADJ></ADJ1></ADJP><N1><N>BOY</N></N1></N1></N1></NP></tree><terms root="#V290487"><lisp>((ONT::A ONT::V290487 (:* ONT::MALE-CHILD W::BOY) :MOD ONT::V290460 :MOD
<   ONT::V290484 :START 0 :END 33)
<  (ONT::F ONT::V290460 (:* ONT::MODIFIER W::DARK-PUNC-MINUS-SKINNED) :FIGURE
<   ONT::V290487 :START 2 :END 15 :WNSENSE &quot;dark-skinned%5:00:00&quot;)
<  (ONT::F ONT::V290484 (:* ONT::MODIFIER W::DARK-PUNC-MINUS-HAIRED) :FIGURE
<   ONT::V290487 :START 17 :END 29 :WNSENSE &quot;dark-haired%5:00:00&quot;))</lisp><rdf:RDF
<   xmlns:rdf="http://www.w3.org/1999/02/22-rdf-syntax-ns#"
<   xmlns:role="http://www.cs.rochester.edu/research/trips/role#"
<   xmlns:LF="http://www.cs.rochester.edu/research/trips/LF#">
<   <rdf:Description rdf:ID="V290487">
<     <LF:indicator>A</LF:indicator>
<     <LF:type>MALE-CHILD</LF:type>
<     <LF:word>BOY</LF:word>
<     <role:MOD rdf:resource="#V290460" />
<     <role:MOD rdf:resource="#V290484" />
<     <LF:start>0</LF:start>
<     <LF:end>33</LF:end>
<   </rdf:Description>
<   <rdf:Description rdf:ID="V290460">
<     <LF:indicator>F</LF:indicator>
<     <LF:type>MODIFIER</LF:type>
<     <LF:word>DARK-PUNC-MINUS-SKINNED</LF:word>
<     <role:FIGURE rdf:resource="#V290487" />
<     <LF:start>2</LF:start>
<     <LF:end>15</LF:end>
<     <role:WNSENSE>dark-skinned%5:00:00</role:WNSENSE>
<   </rdf:Description>
<   <rdf:Description rdf:ID="V290484">
<     <LF:indicator>F</LF:indicator>
<     <LF:type>MODIFIER</LF:type>
<     <LF:word>DARK-PUNC-MINUS-HAIRED</LF:word>
<     <role:FIGURE rdf:resource="#V290487" />
<     <LF:start>17</LF:start>
<     <LF:end>29</LF:end>
<     <role:WNSENSE>dark-haired%5:00:00</role:WNSENSE>
<   </rdf:Description>
< </rdf:RDF>
< </terms></utt><utt><words><lisp>(W::IN)</lisp><word>IN</word></words><tags><lisp>((WORD &quot;in&quot; :FRAME (33 35) :SENSE-INFO
<   ((:PENN-PARTS-OF-SPEECH (IN) :TRIPS-PARTS-OF-SPEECH (W::PREP W::ADV)))
<   :UTTNUM 42 :CHANNEL DESKTOP :DIRECTION INPUT))</lisp><word lex="in" start="33" end="35"><sense-info penn-parts-of-speech="IN" trips-parts-of-speech="PREP,ADV" /></word></tags><tree><lisp>(ADVBL (ADV IN))</lisp><ADVBL><ADV>IN</ADV></ADVBL></tree><terms root="#V290495"><lisp>((ONT::F ONT::V290495 (:* ONT::DIRECTION W::IN) :START 33 :END 36))</lisp><rdf:RDF
<   xmlns:rdf="http://www.w3.org/1999/02/22-rdf-syntax-ns#"
<   xmlns:role="http://www.cs.rochester.edu/research/trips/role#"
<   xmlns:LF="http://www.cs.rochester.edu/research/trips/LF#">
<   <rdf:Description rdf:ID="V290495">
<     <LF:indicator>F</LF:indicator>
<     <LF:type>DIRECTION</LF:type>
<     <LF:word>IN</LF:word>
<     <LF:start>33</LF:start>
<     <LF:end>36</LF:end>
<   </rdf:Description>
< </rdf:RDF>
< </terms></utt><utt><words><lisp>(W::A W::BLUE W::JUMPER)</lisp><word>A</word><word>BLUE</word><word>JUMPER</word></words><tags><lisp>((WORD &quot;a&quot; :FRAME (36 37) :SENSE-INFO
<   ((:PENN-PARTS-OF-SPEECH (DT) :TRIPS-PARTS-OF-SPEECH (W::ART W::QUAN W::PRO)))
<   :UTTNUM 42 :CHANNEL DESKTOP :DIRECTION INPUT)
<  (WORD &quot;blue&quot; :FRAME (38 42) :SENSE-INFO
<   ((:PENN-PARTS-OF-SPEECH (NN JJ) :TRIPS-PARTS-OF-SPEECH (W::N W::ADJ)))
<   :UTTNUM 42 :CHANNEL DESKTOP :DIRECTION INPUT)
<  (WORD &quot;jumper&quot; :FRAME (43 49) :SENSE-INFO
<   ((:PENN-PARTS-OF-SPEECH (NN) :TRIPS-PARTS-OF-SPEECH (W::N))) :UTTNUM 42
<   :CHANNEL DESKTOP :DIRECTION INPUT)
<  (PREFER &quot;a blue jumper&quot; :FRAME (36 49) :PENN-CATS (NP) :TRIPS-CATS (W::NP)
<   :SCORE 24.348 :UTTNUM 42 :CHANNEL DESKTOP :DIRECTION INPUT))</lisp><word lex="a" start="36" end="37"><sense-info penn-parts-of-speech="DT" trips-parts-of-speech="ART,QUAN,PRO" /></word><word lex="blue" start="38" end="42"><sense-info penn-parts-of-speech="NN,JJ" trips-parts-of-speech="N,ADJ" /></word><word lex="jumper" start="43" end="49"><sense-info penn-parts-of-speech="NN" trips-parts-of-speech="N" /></word><prefer text="a blue jumper" start="36" end="49" penn-cats="NP" score="24.348" /></tags><tree><lisp>(NP (SPEC (DET (ART A))) (N1 (ADJP (ADJ1 (ADJ BLUE))) (N1 (N JUMPER))))</lisp><NP><SPEC><DET><ART>A</ART></DET></SPEC><N1><ADJP><ADJ1><ADJ>BLUE</ADJ></ADJ1></ADJP><N1><N>JUMPER</N></N1></N1></NP></tree><terms root="#V290597"><lisp>((ONT::A ONT::V290597 (:* ONT::PERSON W::JUMPER) :MOD ONT::V290584 :START 36
<   :END 50)
<  (ONT::F ONT::V290584 (:* ONT::BLUE W::BLUE) :FIGURE ONT::V290597 :SCALE
<   ONT::COLOR-SCALE :START 38 :END 43))</lisp><rdf:RDF
<   xmlns:rdf="http://www.w3.org/1999/02/22-rdf-syntax-ns#"
<   xmlns:role="http://www.cs.rochester.edu/research/trips/role#"
<   xmlns:LF="http://www.cs.rochester.edu/research/trips/LF#">
<   <rdf:Description rdf:ID="V290597">
<     <LF:indicator>A</LF:indicator>
<     <LF:type>PERSON</LF:type>
<     <LF:word>JUMPER</LF:word>
<     <role:MOD rdf:resource="#V290584" />
<     <LF:start>36</LF:start>
<     <LF:end>50</LF:end>
<   </rdf:Description>
<   <rdf:Description rdf:ID="V290584">
<     <LF:indicator>F</LF:indicator>
<     <LF:type>BLUE</LF:type>
<     <LF:word>BLUE</LF:word>
<     <role:FIGURE rdf:resource="#V290597" />
<     <role:SCALE>COLOR-SCALE</role:SCALE>
<     <LF:start>38</LF:start>
<     <LF:end>43</LF:end>
<   </rdf:Description>
< </rdf:RDF>
< </terms></utt><utt><words><lisp>(W::WITH W::A W::YELLOW W::ZIP W::AND W::A W::LIGHT W::BLUE W::NAMETAG W::IS
<  W::STANDING W::IN W::A W::CLASSROOM W::PUNC-PERIOD)</lisp><word>WITH</word><word>A</word><word>YELLOW</word><word>ZIP</word><word>AND</word><word>A</word><word>LIGHT</word><word>BLUE</word><word>NAMETAG</word><word>IS</word><word>STANDING</word><word>IN</word><word>A</word><word>CLASSROOM</word><word>PUNC-PERIOD</word></words><tags><lisp>((WORD &quot;with&quot; :FRAME (50 54) :SENSE-INFO
<   ((:PENN-PARTS-OF-SPEECH (IN) :TRIPS-PARTS-OF-SPEECH (W::PREP W::ADV)))
<   :UTTNUM 42 :CHANNEL DESKTOP :DIRECTION INPUT)
<  (WORD &quot;a&quot; :FRAME (55 56) :SENSE-INFO
<   ((:PENN-PARTS-OF-SPEECH (DT) :TRIPS-PARTS-OF-SPEECH (W::ART W::QUAN W::PRO)))
<   :UTTNUM 42 :CHANNEL DESKTOP :DIRECTION INPUT)
<  (WORD &quot;yellow&quot; :FRAME (57 63) :SENSE-INFO
<   ((:PENN-PARTS-OF-SPEECH (NN JJ) :TRIPS-PARTS-OF-SPEECH (W::N W::ADJ)))
<   :UTTNUM 42 :CHANNEL DESKTOP :DIRECTION INPUT)
<  (WORD &quot;zip&quot; :FRAME (64 67) :SENSE-INFO
<   ((:PENN-PARTS-OF-SPEECH (NN) :TRIPS-PARTS-OF-SPEECH (W::N))) :UTTNUM 42
<   :CHANNEL DESKTOP :DIRECTION INPUT)
<  (PREFER &quot;a yellow zip&quot; :FRAME (55 67) :PENN-CATS (NP) :TRIPS-CATS (W::NP)
<   :SCORE 24.191 :UTTNUM 42 :CHANNEL DESKTOP :DIRECTION INPUT)
<  (WORD &quot;and&quot; :FRAME (68 71) :SENSE-INFO
<   ((:PENN-PARTS-OF-SPEECH (CC) :TRIPS-PARTS-OF-SPEECH (W::CONJ))) :UTTNUM 42
<   :CHANNEL DESKTOP :DIRECTION INPUT)
<  (WORD &quot;a&quot; :FRAME (72 73) :SENSE-INFO
<   ((:PENN-PARTS-OF-SPEECH (DT) :TRIPS-PARTS-OF-SPEECH (W::ART W::QUAN W::PRO)))
<   :UTTNUM 42 :CHANNEL DESKTOP :DIRECTION INPUT)
<  (WORD &quot;light&quot; :FRAME (74 79) :SENSE-INFO
<   ((:PENN-PARTS-OF-SPEECH (NN JJ) :TRIPS-PARTS-OF-SPEECH (W::N W::ADJ)))
<   :UTTNUM 42 :CHANNEL DESKTOP :DIRECTION INPUT)
<  (WORD &quot;blue&quot; :FRAME (80 84) :SENSE-INFO
<   ((:PENN-PARTS-OF-SPEECH (JJ) :TRIPS-PARTS-OF-SPEECH (W::ADJ))) :UTTNUM 42
<   :CHANNEL DESKTOP :DIRECTION INPUT)
<  (WORD &quot;nametag&quot; :FRAME (85 92) :SENSE-INFO
<   ((:PENN-PARTS-OF-SPEECH (NN) :TRIPS-PARTS-OF-SPEECH (W::N))) :UTTNUM 42
<   :CHANNEL DESKTOP :DIRECTION INPUT)
<  (PREFER &quot;a light blue nametag&quot; :FRAME (72 92) :PENN-CATS (NP) :TRIPS-CATS
<   (W::NP) :SCORE 35.747 :UTTNUM 42 :CHANNEL DESKTOP :DIRECTION INPUT)
<  (PREFER &quot;a yellow zip and a light blue nametag&quot; :FRAME (55 92) :PENN-CATS (NP)
<   :TRIPS-CATS (W::NP) :SCORE 62.772 :UTTNUM 42 :CHANNEL DESKTOP :DIRECTION
<   INPUT)
<  (PREFER &quot;with a yellow zip and a light blue nametag&quot; :FRAME (50 92) :PENN-CATS
<   (PP) :TRIPS-CATS (W::PP) :SCORE 67.917 :UTTNUM 42 :CHANNEL DESKTOP :DIRECTION
<   INPUT)
<  (PREFER &quot;a blue jumper with a yellow zip and a light blue nametag&quot; :FRAME
<   (36 92) :PENN-CATS (NP) :TRIPS-CATS (W::NP) :SCORE 92.805 :UTTNUM 42 :CHANNEL
<   DESKTOP :DIRECTION INPUT)
<  (PREFER &quot;in a blue jumper with a yellow zip and a light blue nametag&quot; :FRAME
<   (33 92) :PENN-CATS (PP) :TRIPS-CATS (W::PP) :SCORE 96.402 :UTTNUM 42 :CHANNEL
<   DESKTOP :DIRECTION INPUT)
<  (PREFER
<   &quot;a dark-skinned , dark-haired boy in a blue jumper with a yellow zip and a light blue nametag&quot;
<   :FRAME (0 92) :PENN-CATS (NP) :TRIPS-CATS (W::NP) :SCORE 137.726 :UTTNUM 42
<   :CHANNEL DESKTOP :DIRECTION INPUT)
<  (WORD &quot;is&quot; :FRAME (93 95) :SENSE-INFO
<   ((:PENN-PARTS-OF-SPEECH (VBZ) :TRIPS-PARTS-OF-SPEECH (W::V))) :UTTNUM 42
<   :CHANNEL DESKTOP :DIRECTION INPUT)
<  (WORD &quot;standing&quot; :FRAME (96 104) :SENSE-INFO
<   ((:PENN-PARTS-OF-SPEECH (VBG) :TRIPS-PARTS-OF-SPEECH (W::V))) :UTTNUM 42
<   :CHANNEL DESKTOP :DIRECTION INPUT)
<  (WORD &quot;in&quot; :FRAME (105 107) :SENSE-INFO
<   ((:PENN-PARTS-OF-SPEECH (RP IN) :TRIPS-PARTS-OF-SPEECH
<     (W::PART W::PREP W::ADV)))
<   :UTTNUM 42 :CHANNEL DESKTOP :DIRECTION INPUT)
<  (WORD &quot;standing in&quot; :FRAME (96 107) :SENSE-INFO
<   ((:PENN-PARTS-OF-SPEECH (VBG) :TRIPS-PARTS-OF-SPEECH (W::V) :WN-SENSE-KEYS
<     (&quot;stand_in%2:40:00&quot;)))
<   :UTTNUM 42 :CHANNEL DESKTOP :DIRECTION INPUT)
<  (WORD &quot;a&quot; :FRAME (108 109) :SENSE-INFO
<   ((:PENN-PARTS-OF-SPEECH (DT) :TRIPS-PARTS-OF-SPEECH (W::ART W::QUAN W::PRO)))
<   :UTTNUM 42 :CHANNEL DESKTOP :DIRECTION INPUT)
<  (WORD &quot;classroom&quot; :FRAME (110 119) :SENSE-INFO
<   ((:PENN-PARTS-OF-SPEECH (NN) :TRIPS-PARTS-OF-SPEECH (W::N))) :UTTNUM 42
<   :CHANNEL DESKTOP :DIRECTION INPUT)
<  (PREFER &quot;a classroom&quot; :FRAME (108 119) :PENN-CATS (NP) :TRIPS-CATS (W::NP)
<   :SCORE 13.862 :UTTNUM 42 :CHANNEL DESKTOP :DIRECTION INPUT)
<  (PREFER &quot;in a classroom&quot; :FRAME (105 119) :PENN-CATS (PP) :TRIPS-CATS (W::PP)
<   :SCORE 16.087 :UTTNUM 42 :CHANNEL DESKTOP :DIRECTION INPUT)
<  (PREFER &quot;standing in a classroom&quot; :FRAME (96 119) :PENN-CATS (VP) :TRIPS-CATS
<   (W::VP) :SCORE 25.261 :UTTNUM 42 :CHANNEL DESKTOP :DIRECTION INPUT)
<  (PREFER &quot;is standing in a classroom&quot; :FRAME (93 119) :PENN-CATS (VP)
<   :TRIPS-CATS (W::VP) :SCORE 29.521 :UTTNUM 42 :CHANNEL DESKTOP :DIRECTION
<   INPUT)
<  (WORD &quot;.&quot; :FRAME (120 120) :SENSE-INFO
<   ((:PENN-PARTS-OF-SPEECH (FULL_STOP) :TRIPS-PARTS-OF-SPEECH (W::PUNC)))
<   :UTTNUM 42 :CHANNEL DESKTOP :DIRECTION INPUT)
<  (PREFER
<   &quot;a dark-skinned , dark-haired boy in a blue jumper with a yellow zip and a light blue nametag is standing in a classroom .&quot;
<   :FRAME (0 120) :PENN-CATS (S) :SCORE 170.077 :UTTNUM 42 :CHANNEL DESKTOP
<   :DIRECTION INPUT))</lisp><word lex="with" start="50" end="54"><sense-info penn-parts-of-speech="IN" trips-parts-of-speech="PREP,ADV" /></word><word lex="a" start="55" end="56"><sense-info penn-parts-of-speech="DT" trips-parts-of-speech="ART,QUAN,PRO" /></word><word lex="yellow" start="57" end="63"><sense-info penn-parts-of-speech="NN,JJ" trips-parts-of-speech="N,ADJ" /></word><word lex="zip" start="64" end="67"><sense-info penn-parts-of-speech="NN" trips-parts-of-speech="N" /></word><prefer text="a yellow zip" start="55" end="67" penn-cats="NP" score="24.191" /><word lex="and" start="68" end="71"><sense-info penn-parts-of-speech="CC" trips-parts-of-speech="CONJ" /></word><word lex="a" start="72" end="73"><sense-info penn-parts-of-speech="DT" trips-parts-of-speech="ART,QUAN,PRO" /></word><word lex="light" start="74" end="79"><sense-info penn-parts-of-speech="NN,JJ" trips-parts-of-speech="N,ADJ" /></word><word lex="blue" start="80" end="84"><sense-info penn-parts-of-speech="JJ" trips-parts-of-speech="ADJ" /></word><word lex="nametag" start="85" end="92"><sense-info penn-parts-of-speech="NN" trips-parts-of-speech="N" /></word><prefer text="a light blue nametag" start="72" end="92" penn-cats="NP" score="35.747" /><prefer text="a yellow zip and a light blue nametag" start="55" end="92" penn-cats="NP" score="62.772" /><prefer text="with a yellow zip and a light blue nametag" start="50" end="92" penn-cats="PP" score="67.917" /><prefer text="a blue jumper with a yellow zip and a light blue nametag" start="36" end="92" penn-cats="NP" score="92.805" /><prefer text="in a blue jumper with a yellow zip and a light blue nametag" start="33" end="92" penn-cats="PP" score="96.402" /><prefer text="a dark-skinned , dark-haired boy in a blue jumper with a yellow zip and a light blue nametag" start="0" end="92" penn-cats="NP" score="137.726" /><word lex="is" start="93" end="95"><sense-info penn-parts-of-speech="VBZ" trips-parts-of-speech="V" /></word><word lex="standing" start="96" end="104"><sense-info penn-parts-of-speech="VBG" trips-parts-of-speech="V" /></word><word lex="in" start="105" end="107"><sense-info penn-parts-of-speech="RP,IN" trips-parts-of-speech="PART,PREP,ADV" /></word><word lex="standing in" start="96" end="107"><sense-info penn-parts-of-speech="VBG" trips-parts-of-speech="V" wn-sense-keys="stand_in%2:40:00" /></word><word lex="a" start="108" end="109"><sense-info penn-parts-of-speech="DT" trips-parts-of-speech="ART,QUAN,PRO" /></word><word lex="classroom" start="110" end="119"><sense-info penn-parts-of-speech="NN" trips-parts-of-speech="N" /></word><prefer text="a classroom" start="108" end="119" penn-cats="NP" score="13.862" /><prefer text="in a classroom" start="105" end="119" penn-cats="PP" score="16.087" /><prefer text="standing in a classroom" start="96" end="119" penn-cats="VP" score="25.261" /><prefer text="is standing in a classroom" start="93" end="119" penn-cats="VP" score="29.521" /><word lex="." start="120" end="120"><sense-info penn-parts-of-speech="FULL_STOP" trips-parts-of-speech="PUNC" /></word><prefer text="a dark-skinned , dark-haired boy in a blue jumper with a yellow zip and a light blue nametag is standing in a classroom ." start="0" end="120" penn-cats="S" score="170.077" /></tags><tree><lisp>(UTT
<  (UTT
<   (S
<    (ADVBL (ADV WITH)
<     (NP (NP (SPEC (DET (ART A))) (N1 (ADJP (ADJ1 (ADJ YELLOW))) (N1 (N ZIP))))
<      (CONJ AND) (NP (SPEC (DET (ART A))) (N1 (N LIGHT)))))
<    (S (NP (N1 (ADJP (ADJ1 (ADJ BLUE))) (N1 (N NAMETAG))))
<     (VP
<      (VP- (AUX (V IS))
<       (VP- (V STANDING IN) (NP (SPEC (DET (ART A))) (N1 (N CLASSROOM)))))))))
<  (PUNC PUNC-PERIOD))</lisp><UTT><UTT><S><ADVBL><ADV>WITH</ADV><NP><NP><SPEC><DET><ART>A</ART></DET></SPEC><N1><ADJP><ADJ1><ADJ>YELLOW</ADJ></ADJ1></ADJP><N1><N>ZIP</N></N1></N1></NP><CONJ>AND</CONJ><NP><SPEC><DET><ART>A</ART></DET></SPEC><N1><N>LIGHT</N></N1></NP></NP></ADVBL><S><NP><N1><ADJP><ADJ1><ADJ>BLUE</ADJ></ADJ1></ADJP><N1><N>NAMETAG</N></N1></N1></NP><VP><VP-><AUX><V>IS</V></AUX><VP-><V>STANDING IN</V><NP><SPEC><DET><ART>A</ART></DET></SPEC><N1><N>CLASSROOM</N></N1></NP></VP-></VP-></VP></S></S></UTT><PUNC>PUNC-PERIOD</PUNC></UTT></tree><terms root="#V295911"><lisp>((ONT::SPEECHACT ONT::V295911 ONT::SA_TELL :PUNCTYPE W::DECL :CONTENT
<   ONT::V290850 :START 50 :END 120)
<  (ONT::F ONT::V290850 (:* ONT::EXCHANGE W::STANDING-IN) :AGENT ONT::V290760
<   :AFFECTED ONT::V290897 :MANNER ONT::V290605 :TENSE W::PRES :PROGR + :START 50
<   :END 120)
<  (ONT::F ONT::V290605 (:* ONT::MANNER W::WITH) :GROUND ONT::V290677 :FIGURE
<   ONT::V290850 :START 50 :END 80)
<  (ONT::INDEF-SET ONT::V290677 ONT::PHYS-OBJECT :OPERATOR ONT::AND :SEQUENCE
<   (ONT::V290670 ONT::V290739) :START 55 :END 80)
<  (ONT::A ONT::V290670 (:* ONT::QUANTITY W::ZIP) :MOD ONT::V290657 :START 55
<   :END 68)
<  (ONT::F ONT::V290657 (:* ONT::YELLOW W::YELLOW) :FIGURE ONT::V290670 :SCALE
<   ONT::YELLOW*1--07--00 :START 57 :END 64)
<  (ONT::A ONT::V290739 (:* ONT::DEVICE-COMPONENT W::LIGHT) :START 72 :END 80)
<  (ONT::BARE ONT::V290760 (:* ONT::REFERENTIAL-SEM W::NAMETAG) :MOD ONT::V290752
<   :START 80 :END 93)
<  (ONT::F ONT::V290752 (:* ONT::BLUE W::BLUE) :FIGURE ONT::V290760 :SCALE
<   ONT::COLOR-SCALE :START 80 :END 85)
<  (ONT::A ONT::V290897 (:* ONT::INTERNAL-ENCLOSURE W::CLASSROOM) :START 108 :END
<   120))</lisp><rdf:RDF
<   xmlns:rdf="http://www.w3.org/1999/02/22-rdf-syntax-ns#"
<   xmlns:role="http://www.cs.rochester.edu/research/trips/role#"
<   xmlns:LF="http://www.cs.rochester.edu/research/trips/LF#">
<   <rdf:Description rdf:ID="V295911">
<     <LF:indicator>SPEECHACT</LF:indicator>
<     <LF:type>SA_TELL</LF:type>
<     <role:PUNCTYPE>DECL</role:PUNCTYPE>
<     <role:CONTENT rdf:resource="#V290850" />
<     <LF:start>50</LF:start>
<     <LF:end>120</LF:end>
<   </rdf:Description>
<   <rdf:Description rdf:ID="V290850">
<     <LF:indicator>F</LF:indicator>
<     <LF:type>EXCHANGE</LF:type>
<     <LF:word>STANDING-IN</LF:word>
<     <role:AGENT rdf:resource="#V290760" />
<     <role:AFFECTED rdf:resource="#V290897" />
<     <role:MANNER rdf:resource="#V290605" />
<     <role:TENSE>PRES</role:TENSE>
<     <role:PROGR>+</role:PROGR>
<     <LF:start>50</LF:start>
<     <LF:end>120</LF:end>
<   </rdf:Description>
<   <rdf:Description rdf:ID="V290605">
<     <LF:indicator>F</LF:indicator>
<     <LF:type>MANNER</LF:type>
<     <LF:word>WITH</LF:word>
<     <role:GROUND rdf:resource="#V290677" />
<     <role:FIGURE rdf:resource="#V290850" />
<     <LF:start>50</LF:start>
<     <LF:end>80</LF:end>
<   </rdf:Description>
<   <rdf:Description rdf:ID="V290677">
<     <LF:indicator>INDEF-SET</LF:indicator>
<     <LF:type>PHYS-OBJECT</LF:type>
<     <role:OPERATOR>AND</role:OPERATOR>
<     <role:SEQUENCE rdf:resource="#V290670" />
<     <role:SEQUENCE1 rdf:resource="#V290739" />
<     <LF:start>55</LF:start>
<     <LF:end>80</LF:end>
<   </rdf:Description>
<   <rdf:Description rdf:ID="V290670">
<     <LF:indicator>A</LF:indicator>
<     <LF:type>QUANTITY</LF:type>
<     <LF:word>ZIP</LF:word>
<     <role:MOD rdf:resource="#V290657" />
<     <LF:start>55</LF:start>
<     <LF:end>68</LF:end>
<   </rdf:Description>
<   <rdf:Description rdf:ID="V290657">
<     <LF:indicator>F</LF:indicator>
<     <LF:type>YELLOW</LF:type>
<     <LF:word>YELLOW</LF:word>
<     <role:FIGURE rdf:resource="#V290670" />
<     <role:SCALE>YELLOW*1--07--00</role:SCALE>
<     <LF:start>57</LF:start>
<     <LF:end>64</LF:end>
<   </rdf:Description>
<   <rdf:Description rdf:ID="V290739">
<     <LF:indicator>A</LF:indicator>
<     <LF:type>DEVICE-COMPONENT</LF:type>
<     <LF:word>LIGHT</LF:word>
<     <LF:start>72</LF:start>
<     <LF:end>80</LF:end>
<   </rdf:Description>
<   <rdf:Description rdf:ID="V290760">
<     <LF:indicator>BARE</LF:indicator>
<     <LF:type>REFERENTIAL-SEM</LF:type>
<     <LF:word>NAMETAG</LF:word>
<     <role:MOD rdf:resource="#V290752" />
<     <LF:start>80</LF:start>
<     <LF:end>93</LF:end>
<   </rdf:Description>
<   <rdf:Description rdf:ID="V290752">
<     <LF:indicator>F</LF:indicator>
<     <LF:type>BLUE</LF:type>
<     <LF:word>BLUE</LF:word>
<     <role:FIGURE rdf:resource="#V290760" />
<     <role:SCALE>COLOR-SCALE</role:SCALE>
<     <LF:start>80</LF:start>
<     <LF:end>85</LF:end>
<   </rdf:Description>
<   <rdf:Description rdf:ID="V290897">
<     <LF:indicator>A</LF:indicator>
<     <LF:type>INTERNAL-ENCLOSURE</LF:type>
<     <LF:word>CLASSROOM</LF:word>
<     <LF:start>108</LF:start>
<     <LF:end>120</LF:end>
<   </rdf:Description>
< </rdf:RDF>
< </terms></utt></compound-communication-act>
< </trips-parser-output>
\ No newline at end of file
---
> <SpRL>
>  <SCENE>
>   <SENTENCE id="s1" indicator="A" type="MALE-CHILD" text="BOY" start="0" end="33">
>    <TEXT>a dark-skinned , dark-haired boy i</TEXT>
>    <RELATION id="1" head="V290487" res="V290460" label="MOD"/>
>    <RELATION id="2" head="V290487" res="V290484" label="MOD"/>
>    <PHRASE id="V290460" indicator="F" type="MODIFIER" text="DARK-PUNC-MINUS-SKINNED" start="2" end="15" WNSENSE="dark-skinned%5:00:00"/>
>    <RELATION id="3" head="V290460" res="V290487" label="FIGURE"/>
>    <PHRASE id="V290484" indicator="F" type="MODIFIER" text="DARK-PUNC-MINUS-HAIRED" start="17" end="29" WNSENSE="dark-haired%5:00:00"/>
>    <RELATION id="4" head="V290484" res="V290487" label="FIGURE"/>
>   </SENTENCE>
>   <SENTENCE id="s2" indicator="F" type="DIRECTION" text="IN" start="33" end="36">
>    <TEXT>in a</TEXT>
>   </SENTENCE>
>   <SENTENCE id="s3" indicator="A" type="PERSON" text="JUMPER" start="36" end="50">
>    <TEXT>a blue jumper w</TEXT>
>    <RELATION id="5" head="V290597" res="V290584" label="MOD"/>
>    <PHRASE id="V290584" indicator="F" type="BLUE" text="BLUE" SCALE="COLOR-SCALE" start="38" end="43"/>
>    <RELATION id="6" head="V290584" res="V290597" label="FIGURE"/>
>   </SENTENCE>
>   <SENTENCE id="s4" indicator="SPEECHACT" type="SA_TELL" PUNCTYPE="DECL" start="50" end="120">
>    <TEXT>with a yellow zip and a light blue nametag is standing in a classroom .</TEXT>
>    <RELATION id="7" head="V295911" res="V290850" label="CONTENT"/>
>    <PHRASE id="V290850" indicator="F" type="EXCHANGE" text="STANDING-IN" TENSE="PRES" PROGR="+" start="50" end="120"/>
>    <RELATION id="8" head="V290850" res="V290760" label="AGENT"/>
>    <RELATION id="9" head="V290850" res="V290897" label="AFFECTED"/>
>    <RELATION id="10" head="V290850" res="V290605" label="MANNER"/>
>    <PHRASE id="V290605" indicator="F" type="MANNER" text="WITH" start="50" end="80"/>
>    <RELATION id="11" head="V290605" res="V290677" label="GROUND"/>
>    <RELATION id="12" head="V290605" res="V290850" label="FIGURE"/>
>    <PHRASE id="V290677" indicator="INDEF-SET" type="PHYS-OBJECT" OPERATOR="AND" start="55" end="80"/>
>    <RELATION id="13" head="V290677" res="V290670" label="SEQUENCE"/>
>    <RELATION id="14" head="V290677" res="V290739" label="SEQUENCE1"/>
>    <PHRASE id="V290670" indicator="A" type="QUANTITY" text="ZIP" start="55" end="68"/>
>    <RELATION id="15" head="V290670" res="V290657" label="MOD"/>
>    <PHRASE id="V290657" indicator="F" type="YELLOW" text="YELLOW" SCALE="YELLOW*1--07--00" start="57" end="64"/>
>    <RELATION id="16" head="V290657" res="V290670" label="FIGURE"/>
>    <PHRASE id="V290739" indicator="A" type="DEVICE-COMPONENT" text="LIGHT" start="72" end="80"/>
>    <PHRASE id="V290760" indicator="BARE" type="REFERENTIAL-SEM" text="NAMETAG" start="80" end="93"/>
>    <RELATION id="17" head="V290760" res="V290752" label="MOD"/>
>    <PHRASE id="V290752" indicator="F" type="BLUE" text="BLUE" SCALE="COLOR-SCALE" start="80" end="85"/>
>    <RELATION id="18" head="V290752" res="V290760" label="FIGURE"/>
>    <PHRASE id="V290897" indicator="A" type="INTERNAL-ENCLOSURE" text="CLASSROOM" start="108" end="120"/>
>   </SENTENCE>
>  </SCENE>
> </SpRL>
