2,266c2,41
< <?xml-stylesheet type="text/xsl" href="../style/parser-interface.xsl"?>
< <!DOCTYPE trips-parser-output SYSTEM "../trips-parser-output.dtd">
< <trips-parser-output parser-build-date="2017-09-20T12:11:02-0500" system="STEP" extsformat="svg" tagsformat="hidden" treecontents="phrase" treeformat="LinGO" lfformat="svg" semantic-skeleton-scoring="T" rule-sets="" input="a dark-skinned , dark-haired girl in red vest is sitting outside .
< ">
< <debug>
< 
<  FOUNDS SEQUENCE from constit (% W::NP (W::BARE-SEQUENCE -) (W::CONSTRAINT -)
<                                  (W::MASS W::BARE) (W::GENERATED +)
<                                  (W::POSTADVBL +)
<                                  (W::SEM ?8607:(?47585:(F::PHYS-OBJ
<                                                         F::ABSTR-OBJ) NIL))
<                                  (W::LF (% W::DESCRIPTION (W::STATUS ONT::DEFINITE)
<                                            (W::VAR V173078)
<                                            (W::SORT W::INDIVIDUAL)
<                                            (W::LEX (W::A))
<                                            (W::CLASS ONT::SEQUENCE)
<                                            (W::CONSTRAINT (% &amp; (W::NAME-OF (W::A))
<                                                              (W::VAL (W::A))))
<                                            (W::LEX W::A) (W::SEM ?47583)
<                                            (W::TRANSFORM ?47584)))
<                                  (W::CASE ?47582:(W::SUB W::OBJ -))
<                                  (W::AGR ?47581) (W::CLASS ONT::ANY-SEM)
<                                  (W::VAR V173078) (W::SORT W::PRED) (W::NAME -)
<                                  (W::PRO -) (W::CHANGEAGR -) (W::LEX W::A)
<                                  (W::HEADCAT W::VALUE) (W::TRANSFORM -)
<                                  (W::REFL -) (1 RNUMBER173141))
< *last-utt-id*=NIL  utt-id+19
< *last-utt-id*=19  utt-id+19
< *last-utt-id*=19  utt-id+NIL</debug><compound-communication-act>
< <utt><words><lisp>(W::A W::DARK W::SKINNED W::PUNC-COMMA W::DARK W::PUNC-MINUS W::HAIRED)</lisp><word>A</word><word>DARK</word><word>SKINNED</word><word>PUNC-COMMA</word><word>DARK</word><word>PUNC-MINUS</word><word>HAIRED</word></words><tags><lisp>((WORD &quot;a&quot; :FRAME (0 1) :SENSE-INFO
<   ((:PENN-PARTS-OF-SPEECH (DT) :TRIPS-PARTS-OF-SPEECH (W::ART W::QUAN W::PRO)))
<   :UTTNUM 19 :CHANNEL DESKTOP :DIRECTION INPUT)
<  (WORD &quot;dark&quot; :FRAME (2 5) :SENSE-INFO
<   ((:PENN-PARTS-OF-SPEECH (NN) :TRIPS-PARTS-OF-SPEECH (W::N))) :UTTNUM 19
<   :CHANNEL DESKTOP :DIRECTION INPUT)
<  (WORD &quot;-&quot; :FRAME (6 6) :SENSE-INFO
<   ((:PENN-PARTS-OF-SPEECH (COLON) :TRIPS-PARTS-OF-SPEECH (W::PUNC))) :UTTNUM 19
<   :CHANNEL DESKTOP :DIRECTION INPUT)
<  (WORD &quot;skinned&quot; :FRAME (7 14) :SENSE-INFO
<   ((:PENN-PARTS-OF-SPEECH (VBD) :TRIPS-PARTS-OF-SPEECH (W::V))) :UTTNUM 19
<   :CHANNEL DESKTOP :DIRECTION INPUT)
<  (WORD &quot;dark-skinned&quot; :FRAME (2 14) :SENSE-INFO
<   ((:PENN-PARTS-OF-SPEECH (JJ) :TRIPS-PARTS-OF-SPEECH (W::ADJ) :WN-SENSE-KEYS
<     (&quot;dark-skinned%5:00:00&quot;)))
<   :UTTNUM 19 :CHANNEL DESKTOP :DIRECTION INPUT)
<  (WORD &quot;,&quot; :FRAME (15 16) :SENSE-INFO
<   ((:PENN-PARTS-OF-SPEECH (COMMA) :TRIPS-PARTS-OF-SPEECH (W::PUNC))) :UTTNUM 19
<   :CHANNEL DESKTOP :DIRECTION INPUT)
<  (WORD &quot;dark&quot; :FRAME (17 20) :SENSE-INFO
<   ((:PENN-PARTS-OF-SPEECH (JJ) :TRIPS-PARTS-OF-SPEECH (W::ADJ))) :UTTNUM 19
<   :CHANNEL DESKTOP :DIRECTION INPUT)
<  (WORD &quot;-&quot; :FRAME (21 21) :SENSE-INFO
<   ((:PENN-PARTS-OF-SPEECH (COLON) :TRIPS-PARTS-OF-SPEECH (W::PUNC))) :UTTNUM 19
<   :CHANNEL DESKTOP :DIRECTION INPUT)
<  (WORD &quot;haired&quot; :FRAME (22 28) :SENSE-INFO
<   ((:PENN-PARTS-OF-SPEECH (VBN) :TRIPS-PARTS-OF-SPEECH (W::V))) :UTTNUM 19
<   :CHANNEL DESKTOP :DIRECTION INPUT)
<  (WORD &quot;dark-haired&quot; :FRAME (17 28) :SENSE-INFO
<   ((:PENN-PARTS-OF-SPEECH (JJ) :TRIPS-PARTS-OF-SPEECH (W::ADJ) :WN-SENSE-KEYS
<     (&quot;dark-haired%5:00:00&quot;)))
<   :UTTNUM 19 :CHANNEL DESKTOP :DIRECTION INPUT))</lisp><word lex="a" start="0" end="1"><sense-info penn-parts-of-speech="DT" trips-parts-of-speech="ART,QUAN,PRO" /></word><word lex="dark" start="2" end="5"><sense-info penn-parts-of-speech="NN" trips-parts-of-speech="N" /></word><word lex="-" start="6" end="6"><sense-info penn-parts-of-speech="COLON" trips-parts-of-speech="PUNC" /></word><word lex="skinned" start="7" end="14"><sense-info penn-parts-of-speech="VBD" trips-parts-of-speech="V" /></word><word lex="dark-skinned" start="2" end="14"><sense-info penn-parts-of-speech="JJ" trips-parts-of-speech="ADJ" wn-sense-keys="dark-skinned%5:00:00" /></word><word lex="," start="15" end="16"><sense-info penn-parts-of-speech="COMMA" trips-parts-of-speech="PUNC" /></word><word lex="dark" start="17" end="20"><sense-info penn-parts-of-speech="JJ" trips-parts-of-speech="ADJ" /></word><word lex="-" start="21" end="21"><sense-info penn-parts-of-speech="COLON" trips-parts-of-speech="PUNC" /></word><word lex="haired" start="22" end="28"><sense-info penn-parts-of-speech="VBN" trips-parts-of-speech="V" /></word><word lex="dark-haired" start="17" end="28"><sense-info penn-parts-of-speech="JJ" trips-parts-of-speech="ADJ" wn-sense-keys="dark-haired%5:00:00" /></word></tags><tree><lisp>(UTT
<  (S (S (NP (N1 (NP (NAME (VALUE A))) (N1 (N DARK)))) (VP (VP- (V SKINNED))))
<   (PUNC PUNC-COMMA) (ADJP (ADJ1 (ADJ DARK PUNC-MINUS HAIRED)))))</lisp><UTT><S><S><NP><N1><NP><NAME><VALUE>A</VALUE></NAME></NP><N1><N>DARK</N></N1></N1></NP><VP><VP-><V>SKINNED</V></VP-></VP></S><PUNC>PUNC-COMMA</PUNC><ADJP><ADJ1><ADJ>DARK PUNC-MINUS HAIRED</ADJ></ADJ1></ADJP></S></UTT></tree><terms root="#V179636"><lisp>((ONT::SPEECHACT ONT::V179636 ONT::SA_TELL :CONTENT ONT::V171397 :START 0 :END
<   29)
<  (ONT::F ONT::V171397 (:* ONT::MOVE W::SKINNED) :TIME ONT::V179616 :AFFECTED
<   ONT::V171388 :TENSE W::PAST :START 0 :END 29)
<  (ONT::F ONT::V179616 ONT::EVENT-TIME-REL :FIGURE ONT::V171397 :GROUND
<   ONT::V171435 :START 0 :END 29)
<  (ONT::BARE ONT::V171388 (:* ONT::LIGHT W::DARK) :ASSOC-WITH ONT::V171362
<   :START 0 :END 6)
<  (ONT::THE ONT::V171362 ONT::LETTER-SYMBOL :NAME-OF (W::A) :START 0 :END 2)
<  (ONT::F ONT::V171435 (:* ONT::MODIFIER W::DARK-PUNC-MINUS-HAIRED) :FIGURE
<   ONT::V171388 :START 17 :END 29 :WNSENSE &quot;dark-haired%5:00:00&quot;))</lisp><rdf:RDF
<   xmlns:rdf="http://www.w3.org/1999/02/22-rdf-syntax-ns#"
<   xmlns:role="http://www.cs.rochester.edu/research/trips/role#"
<   xmlns:LF="http://www.cs.rochester.edu/research/trips/LF#">
<   <rdf:Description rdf:ID="V179636">
<     <LF:indicator>SPEECHACT</LF:indicator>
<     <LF:type>SA_TELL</LF:type>
<     <role:CONTENT rdf:resource="#V171397" />
<     <LF:start>0</LF:start>
<     <LF:end>29</LF:end>
<   </rdf:Description>
<   <rdf:Description rdf:ID="V171397">
<     <LF:indicator>F</LF:indicator>
<     <LF:type>MOVE</LF:type>
<     <LF:word>SKINNED</LF:word>
<     <role:TIME rdf:resource="#V179616" />
<     <role:AFFECTED rdf:resource="#V171388" />
<     <role:TENSE>PAST</role:TENSE>
<     <LF:start>0</LF:start>
<     <LF:end>29</LF:end>
<   </rdf:Description>
<   <rdf:Description rdf:ID="V179616">
<     <LF:indicator>F</LF:indicator>
<     <LF:type>EVENT-TIME-REL</LF:type>
<     <role:FIGURE rdf:resource="#V171397" />
<     <role:GROUND rdf:resource="#V171435" />
<     <LF:start>0</LF:start>
<     <LF:end>29</LF:end>
<   </rdf:Description>
<   <rdf:Description rdf:ID="V171388">
<     <LF:indicator>BARE</LF:indicator>
<     <LF:type>LIGHT</LF:type>
<     <LF:word>DARK</LF:word>
<     <role:ASSOC-WITH rdf:resource="#V171362" />
<     <LF:start>0</LF:start>
<     <LF:end>6</LF:end>
<   </rdf:Description>
<   <rdf:Description rdf:ID="V171362">
<     <LF:indicator>THE</LF:indicator>
<     <LF:type>LETTER-SYMBOL</LF:type>
<     <role:NAME-OF>(A)</role:NAME-OF>
<     <LF:start>0</LF:start>
<     <LF:end>2</LF:end>
<   </rdf:Description>
<   <rdf:Description rdf:ID="V171435">
<     <LF:indicator>F</LF:indicator>
<     <LF:type>MODIFIER</LF:type>
<     <LF:word>DARK-PUNC-MINUS-HAIRED</LF:word>
<     <role:FIGURE rdf:resource="#V171388" />
<     <LF:start>17</LF:start>
<     <LF:end>29</LF:end>
<     <role:WNSENSE>dark-haired%5:00:00</role:WNSENSE>
<   </rdf:Description>
< </rdf:RDF>
< </terms></utt><utt><words><lisp>(W::GIRL W::IN W::RED W::VEST W::IS W::SITTING W::OUTSIDE W::PUNC-PERIOD)</lisp><word>GIRL</word><word>IN</word><word>RED</word><word>VEST</word><word>IS</word><word>SITTING</word><word>OUTSIDE</word><word>PUNC-PERIOD</word></words><tags><lisp>((WORD &quot;girl&quot; :FRAME (29 33) :SENSE-INFO
<   ((:PENN-PARTS-OF-SPEECH (NN) :TRIPS-PARTS-OF-SPEECH (W::N))) :UTTNUM 19
<   :CHANNEL DESKTOP :DIRECTION INPUT)
<  (PREFER &quot;a dark-skinned , dark-haired girl&quot; :FRAME (0 33) :PENN-CATS (NP)
<   :TRIPS-CATS (W::NP) :SCORE 41.32 :UTTNUM 19 :CHANNEL DESKTOP :DIRECTION
<   INPUT)
<  (WORD &quot;in&quot; :FRAME (34 36) :SENSE-INFO
<   ((:PENN-PARTS-OF-SPEECH (IN) :TRIPS-PARTS-OF-SPEECH (W::PREP W::ADV)))
<   :UTTNUM 19 :CHANNEL DESKTOP :DIRECTION INPUT)
<  (WORD &quot;red&quot; :FRAME (37 40) :SENSE-INFO
<   ((:PENN-PARTS-OF-SPEECH (JJ) :TRIPS-PARTS-OF-SPEECH (W::ADJ))) :UTTNUM 19
<   :CHANNEL DESKTOP :DIRECTION INPUT)
<  (WORD &quot;vest&quot; :FRAME (41 45) :SENSE-INFO
<   ((:PENN-PARTS-OF-SPEECH (NN) :TRIPS-PARTS-OF-SPEECH (W::N))) :UTTNUM 19
<   :CHANNEL DESKTOP :DIRECTION INPUT)
<  (PREFER &quot;red vest&quot; :FRAME (37 45) :PENN-CATS (NP) :TRIPS-CATS (W::NP) :SCORE
<   22.745 :UTTNUM 19 :CHANNEL DESKTOP :DIRECTION INPUT)
<  (PREFER &quot;in red vest&quot; :FRAME (34 45) :PENN-CATS (PP) :TRIPS-CATS (W::PP)
<   :SCORE 24.997 :UTTNUM 19 :CHANNEL DESKTOP :DIRECTION INPUT)
<  (PREFER &quot;a dark-skinned , dark-haired girl in red vest&quot; :FRAME (0 45)
<   :PENN-CATS (NP) :TRIPS-CATS (W::NP) :SCORE 66.684 :UTTNUM 19 :CHANNEL DESKTOP
<   :DIRECTION INPUT)
<  (WORD &quot;is&quot; :FRAME (46 48) :SENSE-INFO
<   ((:PENN-PARTS-OF-SPEECH (VBZ) :TRIPS-PARTS-OF-SPEECH (W::V))) :UTTNUM 19
<   :CHANNEL DESKTOP :DIRECTION INPUT)
<  (WORD &quot;sitting&quot; :FRAME (49 56) :SENSE-INFO
<   ((:PENN-PARTS-OF-SPEECH (VBG) :TRIPS-PARTS-OF-SPEECH (W::V))) :UTTNUM 19
<   :CHANNEL DESKTOP :DIRECTION INPUT)
<  (WORD &quot;outside&quot; :FRAME (57 64) :SENSE-INFO
<   ((:PENN-PARTS-OF-SPEECH (IN RB) :TRIPS-PARTS-OF-SPEECH (W::PREP W::ADV)))
<   :UTTNUM 19 :CHANNEL DESKTOP :DIRECTION INPUT)
<  (PREFER &quot;outside&quot; :FRAME (57 64) :PENN-CATS (ADVP) :TRIPS-CATS (W::ADVBL)
<   :SCORE 8.891 :UTTNUM 19 :CHANNEL DESKTOP :DIRECTION INPUT)
<  (PREFER &quot;sitting outside&quot; :FRAME (49 64) :PENN-CATS (VP) :TRIPS-CATS (W::VP)
<   :SCORE 19.183 :UTTNUM 19 :CHANNEL DESKTOP :DIRECTION INPUT)
<  (PREFER &quot;is sitting outside&quot; :FRAME (46 64) :PENN-CATS (VP) :TRIPS-CATS
<   (W::VP) :SCORE 23.443 :UTTNUM 19 :CHANNEL DESKTOP :DIRECTION INPUT)
<  (WORD &quot;.&quot; :FRAME (65 65) :SENSE-INFO
<   ((:PENN-PARTS-OF-SPEECH (FULL_STOP) :TRIPS-PARTS-OF-SPEECH (W::PUNC)))
<   :UTTNUM 19 :CHANNEL DESKTOP :DIRECTION INPUT)
<  (PREFER &quot;a dark-skinned , dark-haired girl in red vest is sitting outside .&quot;
<   :FRAME (0 65) :PENN-CATS (S) :SCORE 92.956 :UTTNUM 19 :CHANNEL DESKTOP
<   :DIRECTION INPUT))</lisp><word lex="girl" start="29" end="33"><sense-info penn-parts-of-speech="NN" trips-parts-of-speech="N" /></word><prefer text="a dark-skinned , dark-haired girl" start="0" end="33" penn-cats="NP" score="41.32" /><word lex="in" start="34" end="36"><sense-info penn-parts-of-speech="IN" trips-parts-of-speech="PREP,ADV" /></word><word lex="red" start="37" end="40"><sense-info penn-parts-of-speech="JJ" trips-parts-of-speech="ADJ" /></word><word lex="vest" start="41" end="45"><sense-info penn-parts-of-speech="NN" trips-parts-of-speech="N" /></word><prefer text="red vest" start="37" end="45" penn-cats="NP" score="22.745" /><prefer text="in red vest" start="34" end="45" penn-cats="PP" score="24.997" /><prefer text="a dark-skinned , dark-haired girl in red vest" start="0" end="45" penn-cats="NP" score="66.684" /><word lex="is" start="46" end="48"><sense-info penn-parts-of-speech="VBZ" trips-parts-of-speech="V" /></word><word lex="sitting" start="49" end="56"><sense-info penn-parts-of-speech="VBG" trips-parts-of-speech="V" /></word><word lex="outside" start="57" end="64"><sense-info penn-parts-of-speech="IN,RB" trips-parts-of-speech="PREP,ADV" /></word><prefer text="outside" start="57" end="64" penn-cats="ADVP" score="8.891" /><prefer text="sitting outside" start="49" end="64" penn-cats="VP" score="19.183" /><prefer text="is sitting outside" start="46" end="64" penn-cats="VP" score="23.443" /><word lex="." start="65" end="65"><sense-info penn-parts-of-speech="FULL_STOP" trips-parts-of-speech="PUNC" /></word><prefer text="a dark-skinned , dark-haired girl in red vest is sitting outside ." start="0" end="65" penn-cats="S" score="92.956" /></tags><tree><lisp>(UTT
<  (UTT
<   (S
<    (NP
<     (N1 (N1 (N GIRL))
<      (ADVBL (ADV IN) (NP (N1 (ADJP (ADJ1 (ADJ RED))) (N1 (N VEST)))))))
<    (VP (VP- (AUX (V IS)) (VP- (VP- (V SITTING)) (ADVBL (ADV OUTSIDE)))))))
<  (PUNC PUNC-PERIOD))</lisp><UTT><UTT><S><NP><N1><N1><N>GIRL</N></N1><ADVBL><ADV>IN</ADV><NP><N1><ADJP><ADJ1><ADJ>RED</ADJ></ADJ1></ADJP><N1><N>VEST</N></N1></N1></NP></ADVBL></N1></NP><VP><VP-><AUX><V>IS</V></AUX><VP-><VP-><V>SITTING</V></VP-><ADVBL><ADV>OUTSIDE</ADV></ADVBL></VP-></VP-></VP></S></UTT><PUNC>PUNC-PERIOD</PUNC></UTT></tree><terms root="#V175123"><lisp>((ONT::SPEECHACT ONT::V175123 ONT::SA_TELL :PUNCTYPE W::DECL :CONTENT
<   ONT::V171531 :START 29 :END 65)
<  (ONT::F ONT::V171531 (:* ONT::BODY-MOVEMENT-PLACE W::SIT) :RESULT ONT::V171543
<   :AGENT ONT::V171438 :TENSE W::PRES :PROGR + :START 29 :END 65)
<  (ONT::BARE ONT::V171438 (:* ONT::FEMALE-CHILD W::GIRL) :LOCATION ONT::V171445
<   :START 29 :END 46)
<  (ONT::F ONT::V171445 (:* ONT::IN-LOC W::IN) :GROUND ONT::V171503 :FIGURE
<   ONT::V171438 :START 34 :END 46)
<  (ONT::BARE ONT::V171503 (:* ONT::ATTIRE W::VEST) :MOD ONT::V171495 :START 37
<   :END 46)
<  (ONT::F ONT::V171495 (:* ONT::RED W::RED) :FIGURE ONT::V171503 :SCALE
<   ONT::COLOR-SCALE :START 37 :END 41)
<  (ONT::F ONT::V171543 (:* ONT::OUTSIDE W::OUTSIDE) :GROUND ONT::V171707 :FIGURE
<   ONT::V171438 :START 57 :END 65)
<  (ONT::IMPRO ONT::V171707 ONT::ANY-SEM :START 57 :END 65 :COREF ONT::V171503))</lisp><rdf:RDF
<   xmlns:rdf="http://www.w3.org/1999/02/22-rdf-syntax-ns#"
<   xmlns:role="http://www.cs.rochester.edu/research/trips/role#"
<   xmlns:LF="http://www.cs.rochester.edu/research/trips/LF#">
<   <rdf:Description rdf:ID="V175123">
<     <LF:indicator>SPEECHACT</LF:indicator>
<     <LF:type>SA_TELL</LF:type>
<     <role:PUNCTYPE>DECL</role:PUNCTYPE>
<     <role:CONTENT rdf:resource="#V171531" />
<     <LF:start>29</LF:start>
<     <LF:end>65</LF:end>
<   </rdf:Description>
<   <rdf:Description rdf:ID="V171531">
<     <LF:indicator>F</LF:indicator>
<     <LF:type>BODY-MOVEMENT-PLACE</LF:type>
<     <LF:word>SIT</LF:word>
<     <role:RESULT rdf:resource="#V171543" />
<     <role:AGENT rdf:resource="#V171438" />
<     <role:TENSE>PRES</role:TENSE>
<     <role:PROGR>+</role:PROGR>
<     <LF:start>29</LF:start>
<     <LF:end>65</LF:end>
<   </rdf:Description>
<   <rdf:Description rdf:ID="V171438">
<     <LF:indicator>BARE</LF:indicator>
<     <LF:type>FEMALE-CHILD</LF:type>
<     <LF:word>GIRL</LF:word>
<     <role:LOCATION rdf:resource="#V171445" />
<     <LF:start>29</LF:start>
<     <LF:end>46</LF:end>
<   </rdf:Description>
<   <rdf:Description rdf:ID="V171445">
<     <LF:indicator>F</LF:indicator>
<     <LF:type>IN-LOC</LF:type>
<     <LF:word>IN</LF:word>
<     <role:GROUND rdf:resource="#V171503" />
<     <role:FIGURE rdf:resource="#V171438" />
<     <LF:start>34</LF:start>
<     <LF:end>46</LF:end>
<   </rdf:Description>
<   <rdf:Description rdf:ID="V171503">
<     <LF:indicator>BARE</LF:indicator>
<     <LF:type>ATTIRE</LF:type>
<     <LF:word>VEST</LF:word>
<     <role:MOD rdf:resource="#V171495" />
<     <LF:start>37</LF:start>
<     <LF:end>46</LF:end>
<   </rdf:Description>
<   <rdf:Description rdf:ID="V171495">
<     <LF:indicator>F</LF:indicator>
<     <LF:type>RED</LF:type>
<     <LF:word>RED</LF:word>
<     <role:FIGURE rdf:resource="#V171503" />
<     <role:SCALE>COLOR-SCALE</role:SCALE>
<     <LF:start>37</LF:start>
<     <LF:end>41</LF:end>
<   </rdf:Description>
<   <rdf:Description rdf:ID="V171543">
<     <LF:indicator>F</LF:indicator>
<     <LF:type>OUTSIDE</LF:type>
<     <LF:word>OUTSIDE</LF:word>
<     <role:GROUND rdf:resource="#V171707" />
<     <role:FIGURE rdf:resource="#V171438" />
<     <LF:start>57</LF:start>
<     <LF:end>65</LF:end>
<   </rdf:Description>
<   <rdf:Description rdf:ID="V171707">
<     <LF:indicator>IMPRO</LF:indicator>
<     <LF:type>ANY-SEM</LF:type>
<     <LF:start>57</LF:start>
<     <LF:end>65</LF:end>
<     <role:COREF rdf:resource="#V171503" />
<   </rdf:Description>
< </rdf:RDF>
< </terms></utt></compound-communication-act>
< </trips-parser-output>
\ No newline at end of file
---
> <SpRL>
>  <SCENE>
>   <SENTENCE id="s1" indicator="SPEECHACT" type="SA_TELL" start="0" end="29">
>    <TEXT>a dark-skinned , dark-haired g</TEXT>
>    <RELATION id="1" head="V179636" res="V171397" label="CONTENT"/>
>    <PHRASE id="V171397" indicator="F" type="MOVE" text="SKINNED" TENSE="PAST" start="0" end="29"/>
>    <RELATION id="2" head="V171397" res="V179616" label="TIME"/>
>    <RELATION id="3" head="V171397" res="V171388" label="AFFECTED"/>
>    <PHRASE id="V179616" indicator="F" type="EVENT-TIME-REL" start="0" end="29"/>
>    <RELATION id="4" head="V179616" res="V171397" label="FIGURE"/>
>    <RELATION id="5" head="V179616" res="V171435" label="GROUND"/>
>    <PHRASE id="V171388" indicator="BARE" type="LIGHT" text="DARK" start="0" end="6"/>
>    <RELATION id="6" head="V171388" res="V171362" label="ASSOC-WITH"/>
>    <PHRASE id="V171362" indicator="THE" type="LETTER-SYMBOL" NAME-OF="(A)" start="0" end="2"/>
>    <PHRASE id="V171435" indicator="F" type="MODIFIER" text="DARK-PUNC-MINUS-HAIRED" start="17" end="29" WNSENSE="dark-haired%5:00:00"/>
>    <RELATION id="7" head="V171435" res="V171388" label="FIGURE"/>
>   </SENTENCE>
>   <SENTENCE id="s2" indicator="SPEECHACT" type="SA_TELL" PUNCTYPE="DECL" start="29" end="65">
>    <TEXT>girl in red vest is sitting outside .</TEXT>
>    <RELATION id="8" head="V175123" res="V171531" label="CONTENT"/>
>    <PHRASE id="V171531" indicator="F" type="BODY-MOVEMENT-PLACE" text="SIT" TENSE="PRES" PROGR="+" start="29" end="65"/>
>    <RELATION id="9" head="V171531" res="V171543" label="RESULT"/>
>    <RELATION id="10" head="V171531" res="V171438" label="AGENT"/>
>    <PHRASE id="V171438" indicator="BARE" type="FEMALE-CHILD" text="GIRL" start="29" end="46"/>
>    <RELATION id="11" head="V171438" res="V171445" label="LOCATION"/>
>    <PHRASE id="V171445" indicator="F" type="IN-LOC" text="IN" start="34" end="46"/>
>    <RELATION id="12" head="V171445" res="V171503" label="GROUND"/>
>    <RELATION id="13" head="V171445" res="V171438" label="FIGURE"/>
>    <PHRASE id="V171503" indicator="BARE" type="ATTIRE" text="VEST" start="37" end="46"/>
>    <RELATION id="14" head="V171503" res="V171495" label="MOD"/>
>    <PHRASE id="V171495" indicator="F" type="RED" text="RED" SCALE="COLOR-SCALE" start="37" end="41"/>
>    <RELATION id="15" head="V171495" res="V171503" label="FIGURE"/>
>    <PHRASE id="V171543" indicator="F" type="OUTSIDE" text="OUTSIDE" start="57" end="65"/>
>    <RELATION id="16" head="V171543" res="V171707" label="GROUND"/>
>    <RELATION id="17" head="V171543" res="V171438" label="FIGURE"/>
>    <PHRASE id="V171707" indicator="IMPRO" type="ANY-SEM" start="57" end="65"/>
>    <RELATION id="18" head="V171707" res="V171503" label="COREF"/>
>   </SENTENCE>
>  </SCENE>
> </SpRL>
