2,401c2,48
< <?xml-stylesheet type="text/xsl" href="../style/parser-interface.xsl"?>
< <!DOCTYPE trips-parser-output SYSTEM "../trips-parser-output.dtd">
< <trips-parser-output parser-build-date="2017-09-20T12:11:02-0500" system="STEP" extsformat="svg" tagsformat="hidden" treecontents="phrase" treeformat="LinGO" lfformat="svg" semantic-skeleton-scoring="T" rule-sets="" input="a dark-skinned dark-haired girl with two pigtails wearing a pink and white striped pullover is standing in a classroom .
< ">
< <debug>
< 
<  FOUNDS SEQUENCE from constit (% W::NP (W::BARE-SEQUENCE -) (W::CONSTRAINT -)
<                                  (W::MASS W::BARE) (W::GENERATED +)
<                                  (W::POSTADVBL +)
<                                  (W::SEM ?8607:(?67539:(F::PHYS-OBJ
<                                                         F::ABSTR-OBJ) NIL))
<                                  (W::LF (% W::DESCRIPTION (W::STATUS ONT::DEFINITE)
<                                            (W::VAR V133577)
<                                            (W::SORT W::INDIVIDUAL)
<                                            (W::LEX (W::A))
<                                            (W::CLASS ONT::SEQUENCE)
<                                            (W::CONSTRAINT (% &amp; (W::NAME-OF (W::A))
<                                                              (W::VAL (W::A))))
<                                            (W::LEX W::A) (W::SEM ?67537)
<                                            (W::TRANSFORM ?67538)))
<                                  (W::CASE ?67536:(W::SUB W::OBJ -))
<                                  (W::AGR ?67535) (W::CLASS ONT::ANY-SEM)
<                                  (W::VAR V133577) (W::SORT W::PRED) (W::NAME -)
<                                  (W::PRO -) (W::CHANGEAGR -) (W::LEX W::A)
<                                  (W::HEADCAT W::VALUE) (W::TRANSFORM -)
<                                  (W::REFL -) (1 RNUMBER133749))
< 
<  FOUNDS SEQUENCE from constit (% W::NP (W::BARE-SEQUENCE -) (W::CONSTRAINT -)
<                                  (W::MASS W::BARE) (W::GENERATED +)
<                                  (W::POSTADVBL +)
<                                  (W::SEM ?8607:(?67842:(F::PHYS-OBJ
<                                                         F::ABSTR-OBJ) NIL))
<                                  (W::LF (% W::DESCRIPTION (W::STATUS ONT::DEFINITE)
<                                            (W::VAR V133580)
<                                            (W::SORT W::INDIVIDUAL)
<                                            (W::LEX (W::A))
<                                            (W::CLASS ONT::SEQUENCE)
<                                            (W::CONSTRAINT (% &amp; (W::NAME-OF (W::A))
<                                                              (W::VAL (W::A))))
<                                            (W::LEX W::A) (W::SEM ?67840)
<                                            (W::TRANSFORM ?67841)))
<                                  (W::CASE ?67839:(W::SUB W::OBJ -))
<                                  (W::AGR ?67838) (W::CLASS ONT::ANY-SEM)
<                                  (W::VAR V133580) (W::SORT W::PRED) (W::NAME -)
<                                  (W::PRO -) (W::CHANGEAGR -) (W::LEX W::A)
<                                  (W::HEADCAT W::VALUE) (W::TRANSFORM -)
<                                  (W::REFL -) (1 RNUMBER133751))
< 
<  FOUNDS SEQUENCE from constit (% W::NP (W::BARE-SEQUENCE -) (W::CONSTRAINT -)
<                                  (W::MASS W::BARE) (W::GENERATED +)
<                                  (W::POSTADVBL +)
<                                  (W::SEM ?8607:(?68142:(F::PHYS-OBJ
<                                                         F::ABSTR-OBJ) NIL))
<                                  (W::LF (% W::DESCRIPTION (W::STATUS ONT::DEFINITE)
<                                            (W::VAR V133583)
<                                            (W::SORT W::INDIVIDUAL)
<                                            (W::LEX (W::A))
<                                            (W::CLASS ONT::SEQUENCE)
<                                            (W::CONSTRAINT (% &amp; (W::NAME-OF (W::A))
<                                                              (W::VAL (W::A))))
<                                            (W::LEX W::A) (W::SEM ?68140)
<                                            (W::TRANSFORM ?68141)))
<                                  (W::CASE ?68139:(W::SUB W::OBJ -))
<                                  (W::AGR ?68138) (W::CLASS ONT::ANY-SEM)
<                                  (W::VAR V133583) (W::SORT W::PRED) (W::NAME -)
<                                  (W::PRO -) (W::CHANGEAGR -) (W::LEX W::A)
<                                  (W::HEADCAT W::VALUE) (W::TRANSFORM -)
<                                  (W::REFL -) (1 RNUMBER133753))
< *last-utt-id*=NIL  utt-id+28
< *last-utt-id*=28  utt-id+28
< *last-utt-id*=28  utt-id+NIL</debug><compound-communication-act>
< <utt><words><lisp>(W::A W::DARK W::PUNC-MINUS W::SKINNED W::DARK W::PUNC-MINUS W::HAIRED W::GIRL
<  W::WITH W::TWO W::PIGTAILS)</lisp><word>A</word><word>DARK</word><word>PUNC-MINUS</word><word>SKINNED</word><word>DARK</word><word>PUNC-MINUS</word><word>HAIRED</word><word>GIRL</word><word>WITH</word><word>TWO</word><word>PIGTAILS</word></words><tags><lisp>((WORD &quot;a&quot; :FRAME (0 1) :SENSE-INFO
<   ((:PENN-PARTS-OF-SPEECH (DT) :TRIPS-PARTS-OF-SPEECH (W::ART W::QUAN W::PRO)))
<   :UTTNUM 28 :CHANNEL DESKTOP :DIRECTION INPUT)
<  (WORD &quot;dark&quot; :FRAME (2 5) :SENSE-INFO
<   ((:PENN-PARTS-OF-SPEECH (NN) :TRIPS-PARTS-OF-SPEECH (W::N))) :UTTNUM 28
<   :CHANNEL DESKTOP :DIRECTION INPUT)
<  (WORD &quot;-&quot; :FRAME (6 6) :SENSE-INFO
<   ((:PENN-PARTS-OF-SPEECH (COLON) :TRIPS-PARTS-OF-SPEECH (W::PUNC))) :UTTNUM 28
<   :CHANNEL DESKTOP :DIRECTION INPUT)
<  (WORD &quot;skinned&quot; :FRAME (7 14) :SENSE-INFO
<   ((:PENN-PARTS-OF-SPEECH (VBD) :TRIPS-PARTS-OF-SPEECH (W::V))) :UTTNUM 28
<   :CHANNEL DESKTOP :DIRECTION INPUT)
<  (WORD &quot;dark-skinned&quot; :FRAME (2 14) :SENSE-INFO
<   ((:PENN-PARTS-OF-SPEECH (JJ) :TRIPS-PARTS-OF-SPEECH (W::ADJ) :WN-SENSE-KEYS
<     (&quot;dark-skinned%5:00:00&quot;)))
<   :UTTNUM 28 :CHANNEL DESKTOP :DIRECTION INPUT)
<  (WORD &quot;dark&quot; :FRAME (15 18) :SENSE-INFO
<   ((:PENN-PARTS-OF-SPEECH (JJ) :TRIPS-PARTS-OF-SPEECH (W::ADJ))) :UTTNUM 28
<   :CHANNEL DESKTOP :DIRECTION INPUT)
<  (WORD &quot;-&quot; :FRAME (19 19) :SENSE-INFO
<   ((:PENN-PARTS-OF-SPEECH (COLON) :TRIPS-PARTS-OF-SPEECH (W::PUNC))) :UTTNUM 28
<   :CHANNEL DESKTOP :DIRECTION INPUT)
<  (WORD &quot;haired&quot; :FRAME (20 26) :SENSE-INFO
<   ((:PENN-PARTS-OF-SPEECH (VBN) :TRIPS-PARTS-OF-SPEECH (W::V))) :UTTNUM 28
<   :CHANNEL DESKTOP :DIRECTION INPUT)
<  (WORD &quot;dark-haired&quot; :FRAME (15 26) :SENSE-INFO
<   ((:PENN-PARTS-OF-SPEECH (JJ) :TRIPS-PARTS-OF-SPEECH (W::ADJ) :WN-SENSE-KEYS
<     (&quot;dark-haired%5:00:00&quot;)))
<   :UTTNUM 28 :CHANNEL DESKTOP :DIRECTION INPUT)
<  (WORD &quot;girl&quot; :FRAME (27 31) :SENSE-INFO
<   ((:PENN-PARTS-OF-SPEECH (NN) :TRIPS-PARTS-OF-SPEECH (W::N))) :UTTNUM 28
<   :CHANNEL DESKTOP :DIRECTION INPUT)
<  (PREFER &quot;a dark-skinned dark-haired girl&quot; :FRAME (0 31) :PENN-CATS (NP)
<   :TRIPS-CATS (W::NP) :SCORE 38.928 :UTTNUM 28 :CHANNEL DESKTOP :DIRECTION
<   INPUT)
<  (WORD &quot;with&quot; :FRAME (32 36) :SENSE-INFO
<   ((:PENN-PARTS-OF-SPEECH (IN) :TRIPS-PARTS-OF-SPEECH (W::PREP W::ADV)))
<   :UTTNUM 28 :CHANNEL DESKTOP :DIRECTION INPUT)
<  (WORD &quot;two&quot; :FRAME (37 40) :SENSE-INFO
<   ((:PENN-PARTS-OF-SPEECH (CD) :TRIPS-PARTS-OF-SPEECH
<     (W::NUMBER W::NUMBER-UNIT)))
<   :UTTNUM 28 :CHANNEL DESKTOP :DIRECTION INPUT)
<  (WORD &quot;pigtails&quot; :FRAME (41 49) :SENSE-INFO
<   ((:PENN-PARTS-OF-SPEECH (NNS) :TRIPS-PARTS-OF-SPEECH (W::N))) :UTTNUM 28
<   :CHANNEL DESKTOP :DIRECTION INPUT)
<  (PREFER &quot;two pigtails&quot; :FRAME (37 49) :PENN-CATS (NP) :TRIPS-CATS (W::NP)
<   :SCORE 18.322 :UTTNUM 28 :CHANNEL DESKTOP :DIRECTION INPUT))</lisp><word lex="a" start="0" end="1"><sense-info penn-parts-of-speech="DT" trips-parts-of-speech="ART,QUAN,PRO" /></word><word lex="dark" start="2" end="5"><sense-info penn-parts-of-speech="NN" trips-parts-of-speech="N" /></word><word lex="-" start="6" end="6"><sense-info penn-parts-of-speech="COLON" trips-parts-of-speech="PUNC" /></word><word lex="skinned" start="7" end="14"><sense-info penn-parts-of-speech="VBD" trips-parts-of-speech="V" /></word><word lex="dark-skinned" start="2" end="14"><sense-info penn-parts-of-speech="JJ" trips-parts-of-speech="ADJ" wn-sense-keys="dark-skinned%5:00:00" /></word><word lex="dark" start="15" end="18"><sense-info penn-parts-of-speech="JJ" trips-parts-of-speech="ADJ" /></word><word lex="-" start="19" end="19"><sense-info penn-parts-of-speech="COLON" trips-parts-of-speech="PUNC" /></word><word lex="haired" start="20" end="26"><sense-info penn-parts-of-speech="VBN" trips-parts-of-speech="V" /></word><word lex="dark-haired" start="15" end="26"><sense-info penn-parts-of-speech="JJ" trips-parts-of-speech="ADJ" wn-sense-keys="dark-haired%5:00:00" /></word><word lex="girl" start="27" end="31"><sense-info penn-parts-of-speech="NN" trips-parts-of-speech="N" /></word><prefer text="a dark-skinned dark-haired girl" start="0" end="31" penn-cats="NP" score="38.928" /><word lex="with" start="32" end="36"><sense-info penn-parts-of-speech="IN" trips-parts-of-speech="PREP,ADV" /></word><word lex="two" start="37" end="40"><sense-info penn-parts-of-speech="CD" trips-parts-of-speech="NUMBER,NUMBER-UNIT" /></word><word lex="pigtails" start="41" end="49"><sense-info penn-parts-of-speech="NNS" trips-parts-of-speech="N" /></word><prefer text="two pigtails" start="37" end="49" penn-cats="NP" score="18.322" /></tags><tree><lisp>(NP (SPEC (DET (ART A)))
<  (N1
<   (N1 (ADJP (ADJ1 (ADJ DARK PUNC-MINUS SKINNED)))
<    (N1 (ADJP (ADJ1 (ADJ DARK PUNC-MINUS HAIRED))) (N1 (N GIRL))))
<   (ADVBL (ADV WITH) (NP (N1 (ADJP (NUMBER TWO)) (N1 (N PIGTAILS)))))))</lisp><NP><SPEC><DET><ART>A</ART></DET></SPEC><N1><N1><ADJP><ADJ1><ADJ>DARK PUNC-MINUS SKINNED</ADJ></ADJ1></ADJP><N1><ADJP><ADJ1><ADJ>DARK PUNC-MINUS HAIRED</ADJ></ADJ1></ADJP><N1><N>GIRL</N></N1></N1></N1><ADVBL><ADV>WITH</ADV><NP><N1><ADJP><NUMBER>TWO</NUMBER></ADJP><N1><N>PIGTAILS</N></N1></N1></NP></ADVBL></N1></NP></tree><terms root="#V131580"><lisp>((ONT::A ONT::V131580 (:* ONT::FEMALE-CHILD W::GIRL) :MOD ONT::V131584 :MOD
<   ONT::V131556 :MOD ONT::V131577 :START 0 :END 50)
<  (ONT::F ONT::V131556 (:* ONT::MODIFIER W::DARK-PUNC-MINUS-SKINNED) :FIGURE
<   ONT::V131580 :START 2 :END 15 :WNSENSE &quot;dark-skinned%5:00:00&quot;)
<  (ONT::F ONT::V131577 (:* ONT::MODIFIER W::DARK-PUNC-MINUS-HAIRED) :FIGURE
<   ONT::V131580 :START 15 :END 27 :WNSENSE &quot;dark-haired%5:00:00&quot;)
<  (ONT::F ONT::V131584 (:* ONT::ASSOC-WITH W::WITH) :GROUND ONT::V131600 :FIGURE
<   ONT::V131580 :START 32 :END 50)
<  (ONT::INDEF-SET ONT::V131600 (:* ONT::NATURAL-OBJECT W::PIGTAILS) :SIZE
<   ONT::V131597 :START 37 :END 50)
<  (ONT::A ONT::V131597 ONT::NUMBER :VALUE 2 :START 37 :END 41))</lisp><rdf:RDF
<   xmlns:rdf="http://www.w3.org/1999/02/22-rdf-syntax-ns#"
<   xmlns:role="http://www.cs.rochester.edu/research/trips/role#"
<   xmlns:LF="http://www.cs.rochester.edu/research/trips/LF#">
<   <rdf:Description rdf:ID="V131580">
<     <LF:indicator>A</LF:indicator>
<     <LF:type>FEMALE-CHILD</LF:type>
<     <LF:word>GIRL</LF:word>
<     <role:MOD rdf:resource="#V131584" />
<     <role:MOD rdf:resource="#V131556" />
<     <role:MOD rdf:resource="#V131577" />
<     <LF:start>0</LF:start>
<     <LF:end>50</LF:end>
<   </rdf:Description>
<   <rdf:Description rdf:ID="V131556">
<     <LF:indicator>F</LF:indicator>
<     <LF:type>MODIFIER</LF:type>
<     <LF:word>DARK-PUNC-MINUS-SKINNED</LF:word>
<     <role:FIGURE rdf:resource="#V131580" />
<     <LF:start>2</LF:start>
<     <LF:end>15</LF:end>
<     <role:WNSENSE>dark-skinned%5:00:00</role:WNSENSE>
<   </rdf:Description>
<   <rdf:Description rdf:ID="V131577">
<     <LF:indicator>F</LF:indicator>
<     <LF:type>MODIFIER</LF:type>
<     <LF:word>DARK-PUNC-MINUS-HAIRED</LF:word>
<     <role:FIGURE rdf:resource="#V131580" />
<     <LF:start>15</LF:start>
<     <LF:end>27</LF:end>
<     <role:WNSENSE>dark-haired%5:00:00</role:WNSENSE>
<   </rdf:Description>
<   <rdf:Description rdf:ID="V131584">
<     <LF:indicator>F</LF:indicator>
<     <LF:type>ASSOC-WITH</LF:type>
<     <LF:word>WITH</LF:word>
<     <role:GROUND rdf:resource="#V131600" />
<     <role:FIGURE rdf:resource="#V131580" />
<     <LF:start>32</LF:start>
<     <LF:end>50</LF:end>
<   </rdf:Description>
<   <rdf:Description rdf:ID="V131600">
<     <LF:indicator>INDEF-SET</LF:indicator>
<     <LF:type>NATURAL-OBJECT</LF:type>
<     <LF:word>PIGTAILS</LF:word>
<     <role:SIZE rdf:resource="#V131597" />
<     <LF:start>37</LF:start>
<     <LF:end>50</LF:end>
<   </rdf:Description>
<   <rdf:Description rdf:ID="V131597">
<     <LF:indicator>A</LF:indicator>
<     <LF:type>NUMBER</LF:type>
<     <role:VALUE>2</role:VALUE>
<     <LF:start>37</LF:start>
<     <LF:end>41</LF:end>
<   </rdf:Description>
< </rdf:RDF>
< </terms></utt><utt><words><lisp>(W::WEARING W::A W::PINK W::AND W::WHITE W::STRIPED W::PULLOVER W::IS
<  W::STANDING W::IN W::A W::CLASSROOM W::PUNC-PERIOD)</lisp><word>WEARING</word><word>A</word><word>PINK</word><word>AND</word><word>WHITE</word><word>STRIPED</word><word>PULLOVER</word><word>IS</word><word>STANDING</word><word>IN</word><word>A</word><word>CLASSROOM</word><word>PUNC-PERIOD</word></words><tags><lisp>((WORD &quot;wearing&quot; :FRAME (50 57) :SENSE-INFO
<   ((:PENN-PARTS-OF-SPEECH (VBG) :TRIPS-PARTS-OF-SPEECH (W::V))) :UTTNUM 28
<   :CHANNEL DESKTOP :DIRECTION INPUT)
<  (WORD &quot;a&quot; :FRAME (58 59) :SENSE-INFO
<   ((:PENN-PARTS-OF-SPEECH (DT) :TRIPS-PARTS-OF-SPEECH (W::ART W::QUAN W::PRO)))
<   :UTTNUM 28 :CHANNEL DESKTOP :DIRECTION INPUT)
<  (WORD &quot;pink&quot; :FRAME (60 64) :SENSE-INFO
<   ((:PENN-PARTS-OF-SPEECH (JJ) :TRIPS-PARTS-OF-SPEECH (W::ADJ))) :UTTNUM 28
<   :CHANNEL DESKTOP :DIRECTION INPUT)
<  (WORD &quot;and&quot; :FRAME (65 68) :SENSE-INFO
<   ((:PENN-PARTS-OF-SPEECH (CC) :TRIPS-PARTS-OF-SPEECH (W::CONJ))) :UTTNUM 28
<   :CHANNEL DESKTOP :DIRECTION INPUT)
<  (WORD &quot;white&quot; :FRAME (69 74) :SENSE-INFO
<   ((:PENN-PARTS-OF-SPEECH (JJ) :TRIPS-PARTS-OF-SPEECH (W::ADJ))) :UTTNUM 28
<   :CHANNEL DESKTOP :DIRECTION INPUT)
<  (PREFER &quot;pink and white&quot; :FRAME (60 74) :PENN-CATS (ADJP) :TRIPS-CATS
<   (W::ADJP) :SCORE 19.479 :UTTNUM 28 :CHANNEL DESKTOP :DIRECTION INPUT)
<  (WORD &quot;striped&quot; :FRAME (75 82) :SENSE-INFO
<   ((:PENN-PARTS-OF-SPEECH (VBD JJ) :TRIPS-PARTS-OF-SPEECH (W::V W::ADJ)))
<   :UTTNUM 28 :CHANNEL DESKTOP :DIRECTION INPUT)
<  (WORD &quot;pullover&quot; :FRAME (83 91) :SENSE-INFO
<   ((:PENN-PARTS-OF-SPEECH (NN) :TRIPS-PARTS-OF-SPEECH (W::N))) :UTTNUM 28
<   :CHANNEL DESKTOP :DIRECTION INPUT)
<  (PREFER &quot;a pink and white striped pullover&quot; :FRAME (58 91) :PENN-CATS (NP)
<   :TRIPS-CATS (W::NP) :SCORE 51.128 :UTTNUM 28 :CHANNEL DESKTOP :DIRECTION
<   INPUT)
<  (PREFER &quot;wearing a pink and white striped pullover&quot; :FRAME (50 91) :PENN-CATS
<   (VP) :TRIPS-CATS (W::VP) :SCORE 61.908 :UTTNUM 28 :CHANNEL DESKTOP :DIRECTION
<   INPUT)
<  (PREFER &quot;two pigtails wearing a pink and white striped pullover&quot; :FRAME
<   (37 91) :PENN-CATS (NP) :TRIPS-CATS (W::NP) :SCORE 83.268 :UTTNUM 28 :CHANNEL
<   DESKTOP :DIRECTION INPUT)
<  (PREFER &quot;with two pigtails wearing a pink and white striped pullover&quot; :FRAME
<   (32 91) :PENN-CATS (PP) :TRIPS-CATS (W::PP) :SCORE 87.327 :UTTNUM 28 :CHANNEL
<   DESKTOP :DIRECTION INPUT)
<  (PREFER
<   &quot;a dark-skinned dark-haired girl with two pigtails wearing a pink and white striped pullover&quot;
<   :FRAME (0 91) :PENN-CATS (NP) :TRIPS-CATS (W::NP) :SCORE 127.537 :UTTNUM 28
<   :CHANNEL DESKTOP :DIRECTION INPUT)
<  (WORD &quot;is&quot; :FRAME (92 94) :SENSE-INFO
<   ((:PENN-PARTS-OF-SPEECH (VBZ) :TRIPS-PARTS-OF-SPEECH (W::V))) :UTTNUM 28
<   :CHANNEL DESKTOP :DIRECTION INPUT)
<  (WORD &quot;standing&quot; :FRAME (95 103) :SENSE-INFO
<   ((:PENN-PARTS-OF-SPEECH (VBG) :TRIPS-PARTS-OF-SPEECH (W::V))) :UTTNUM 28
<   :CHANNEL DESKTOP :DIRECTION INPUT)
<  (WORD &quot;in&quot; :FRAME (104 106) :SENSE-INFO
<   ((:PENN-PARTS-OF-SPEECH (RP IN) :TRIPS-PARTS-OF-SPEECH
<     (W::PART W::PREP W::ADV)))
<   :UTTNUM 28 :CHANNEL DESKTOP :DIRECTION INPUT)
<  (WORD &quot;standing in&quot; :FRAME (95 106) :SENSE-INFO
<   ((:PENN-PARTS-OF-SPEECH (VBG) :TRIPS-PARTS-OF-SPEECH (W::V) :WN-SENSE-KEYS
<     (&quot;stand_in%2:40:00&quot;)))
<   :UTTNUM 28 :CHANNEL DESKTOP :DIRECTION INPUT)
<  (WORD &quot;a&quot; :FRAME (107 108) :SENSE-INFO
<   ((:PENN-PARTS-OF-SPEECH (DT) :TRIPS-PARTS-OF-SPEECH (W::ART W::QUAN W::PRO)))
<   :UTTNUM 28 :CHANNEL DESKTOP :DIRECTION INPUT)
<  (WORD &quot;classroom&quot; :FRAME (109 118) :SENSE-INFO
<   ((:PENN-PARTS-OF-SPEECH (NN) :TRIPS-PARTS-OF-SPEECH (W::N))) :UTTNUM 28
<   :CHANNEL DESKTOP :DIRECTION INPUT)
<  (PREFER &quot;a classroom&quot; :FRAME (107 118) :PENN-CATS (NP) :TRIPS-CATS (W::NP)
<   :SCORE 13.862 :UTTNUM 28 :CHANNEL DESKTOP :DIRECTION INPUT)
<  (PREFER &quot;in a classroom&quot; :FRAME (104 118) :PENN-CATS (PP) :TRIPS-CATS (W::PP)
<   :SCORE 16.087 :UTTNUM 28 :CHANNEL DESKTOP :DIRECTION INPUT)
<  (PREFER &quot;standing in a classroom&quot; :FRAME (95 118) :PENN-CATS (VP) :TRIPS-CATS
<   (W::VP) :SCORE 25.261 :UTTNUM 28 :CHANNEL DESKTOP :DIRECTION INPUT)
<  (PREFER &quot;is standing in a classroom&quot; :FRAME (92 118) :PENN-CATS (VP)
<   :TRIPS-CATS (W::VP) :SCORE 29.521 :UTTNUM 28 :CHANNEL DESKTOP :DIRECTION
<   INPUT)
<  (WORD &quot;.&quot; :FRAME (119 119) :SENSE-INFO
<   ((:PENN-PARTS-OF-SPEECH (FULL_STOP) :TRIPS-PARTS-OF-SPEECH (W::PUNC)))
<   :UTTNUM 28 :CHANNEL DESKTOP :DIRECTION INPUT)
<  (PREFER
<   &quot;a dark-skinned dark-haired girl with two pigtails wearing a pink and white striped pullover is standing in a classroom .&quot;
<   :FRAME (0 119) :PENN-CATS (S) :SCORE 160.973 :UTTNUM 28 :CHANNEL DESKTOP
<   :DIRECTION INPUT))</lisp><word lex="wearing" start="50" end="57"><sense-info penn-parts-of-speech="VBG" trips-parts-of-speech="V" /></word><word lex="a" start="58" end="59"><sense-info penn-parts-of-speech="DT" trips-parts-of-speech="ART,QUAN,PRO" /></word><word lex="pink" start="60" end="64"><sense-info penn-parts-of-speech="JJ" trips-parts-of-speech="ADJ" /></word><word lex="and" start="65" end="68"><sense-info penn-parts-of-speech="CC" trips-parts-of-speech="CONJ" /></word><word lex="white" start="69" end="74"><sense-info penn-parts-of-speech="JJ" trips-parts-of-speech="ADJ" /></word><prefer text="pink and white" start="60" end="74" penn-cats="ADJP" score="19.479" /><word lex="striped" start="75" end="82"><sense-info penn-parts-of-speech="VBD,JJ" trips-parts-of-speech="V,ADJ" /></word><word lex="pullover" start="83" end="91"><sense-info penn-parts-of-speech="NN" trips-parts-of-speech="N" /></word><prefer text="a pink and white striped pullover" start="58" end="91" penn-cats="NP" score="51.128" /><prefer text="wearing a pink and white striped pullover" start="50" end="91" penn-cats="VP" score="61.908" /><prefer text="two pigtails wearing a pink and white striped pullover" start="37" end="91" penn-cats="NP" score="83.268" /><prefer text="with two pigtails wearing a pink and white striped pullover" start="32" end="91" penn-cats="PP" score="87.327" /><prefer text="a dark-skinned dark-haired girl with two pigtails wearing a pink and white striped pullover" start="0" end="91" penn-cats="NP" score="127.537" /><word lex="is" start="92" end="94"><sense-info penn-parts-of-speech="VBZ" trips-parts-of-speech="V" /></word><word lex="standing" start="95" end="103"><sense-info penn-parts-of-speech="VBG" trips-parts-of-speech="V" /></word><word lex="in" start="104" end="106"><sense-info penn-parts-of-speech="RP,IN" trips-parts-of-speech="PART,PREP,ADV" /></word><word lex="standing in" start="95" end="106"><sense-info penn-parts-of-speech="VBG" trips-parts-of-speech="V" wn-sense-keys="stand_in%2:40:00" /></word><word lex="a" start="107" end="108"><sense-info penn-parts-of-speech="DT" trips-parts-of-speech="ART,QUAN,PRO" /></word><word lex="classroom" start="109" end="118"><sense-info penn-parts-of-speech="NN" trips-parts-of-speech="N" /></word><prefer text="a classroom" start="107" end="118" penn-cats="NP" score="13.862" /><prefer text="in a classroom" start="104" end="118" penn-cats="PP" score="16.087" /><prefer text="standing in a classroom" start="95" end="118" penn-cats="VP" score="25.261" /><prefer text="is standing in a classroom" start="92" end="118" penn-cats="VP" score="29.521" /><word lex="." start="119" end="119"><sense-info penn-parts-of-speech="FULL_STOP" trips-parts-of-speech="PUNC" /></word><prefer text="a dark-skinned dark-haired girl with two pigtails wearing a pink and white striped pullover is standing in a classroom ." start="0" end="119" penn-cats="S" score="160.973" /></tags><tree><lisp>(UTT
<  (UTT
<   (S
<    (NP
<     (VP
<      (VP- (V WEARING)
<       (NP (SPEC (DET (ART A)))
<        (N1 (ADJP (ADJP (ADJ1 (ADJ PINK))) (CONJ AND) (ADJP (ADJ1 (ADJ WHITE))))
<         (N1 (ADJP (ADJ1 (ADJ STRIPED))) (N1 (N PULLOVER))))))))
<    (VP
<     (VP- (V IS)
<      (NP
<       (N1 (N1 (V STANDING))
<        (ADVBL (ADV IN) (NP (SPEC (DET (ART A))) (N1 (N CLASSROOM))))))))))
<  (PUNC PUNC-PERIOD))</lisp><UTT><UTT><S><NP><VP><VP-><V>WEARING</V><NP><SPEC><DET><ART>A</ART></DET></SPEC><N1><ADJP><ADJP><ADJ1><ADJ>PINK</ADJ></ADJ1></ADJP><CONJ>AND</CONJ><ADJP><ADJ1><ADJ>WHITE</ADJ></ADJ1></ADJP></ADJP><N1><ADJP><ADJ1><ADJ>STRIPED</ADJ></ADJ1></ADJP><N1><N>PULLOVER</N></N1></N1></N1></NP></VP-></VP></NP><VP><VP-><V>IS</V><NP><N1><N1><V>STANDING</V></N1><ADVBL><ADV>IN</ADV><NP><SPEC><DET><ART>A</ART></DET></SPEC><N1><N>CLASSROOM</N></N1></NP></ADVBL></N1></NP></VP-></VP></S></UTT><PUNC>PUNC-PERIOD</PUNC></UTT></tree><terms root="#V133064"><lisp>((ONT::SPEECHACT ONT::V133064 ONT::SA_TELL :PUNCTYPE W::DECL :CONTENT
<   ONT::V131705 :START 50 :END 119)
<  (ONT::F ONT::V131705 (:* ONT::BE W::BE) :NEUTRAL ONT::V131606 :NEUTRAL1
<   ONT::V131722 :TENSE W::PRES :START 50 :END 119)
<  (ONT::BARE ONT::V131606 (:* ONT::WEAR W::WEAR) :NEUTRAL ONT::V131696 :START 50
<   :END 92)
<  (ONT::A ONT::V131696 (:* ONT::ATTIRE W::PULLOVER) :MOD ONT::V131907 :MOD
<   ONT::V131687 :START 58 :END 92)
<  (ONT::F ONT::V131907 ONT::COLOR-VAL :SEQUENCE (ONT::V131653 ONT::V131670)
<   :OPERATOR ONT::AND :START 60 :END 75)
<  (ONT::F ONT::V131653 (:* ONT::PINK W::PINK) :FIGURE ONT::V131696 :SCALE
<   ONT::PINK*1--07--00 :START 60 :END 65)
<  (ONT::F ONT::V131670 (:* ONT::WHITE W::WHITE) :FIGURE ONT::V131696 :SCALE
<   ONT::WHITE*1--07--00 :START 69 :END 75)
<  (ONT::F ONT::V131687 (:* ONT::MODIFIER W::STRIPED) :FIGURE ONT::V131696 :START
<   75 :END 83)
<  (ONT::BARE ONT::V131722 (:* ONT::BE-AT-LOC W::STAND) :LOCATION ONT::V131731
<   :START 95 :END 119)
<  (ONT::F ONT::V131731 (:* ONT::IN-LOC W::IN) :GROUND ONT::V131833 :FIGURE
<   ONT::V131722 :START 104 :END 119)
<  (ONT::A ONT::V131833 (:* ONT::INTERNAL-ENCLOSURE W::CLASSROOM) :START 107 :END
<   119))</lisp><rdf:RDF
<   xmlns:rdf="http://www.w3.org/1999/02/22-rdf-syntax-ns#"
<   xmlns:role="http://www.cs.rochester.edu/research/trips/role#"
<   xmlns:LF="http://www.cs.rochester.edu/research/trips/LF#">
<   <rdf:Description rdf:ID="V133064">
<     <LF:indicator>SPEECHACT</LF:indicator>
<     <LF:type>SA_TELL</LF:type>
<     <role:PUNCTYPE>DECL</role:PUNCTYPE>
<     <role:CONTENT rdf:resource="#V131705" />
<     <LF:start>50</LF:start>
<     <LF:end>119</LF:end>
<   </rdf:Description>
<   <rdf:Description rdf:ID="V131705">
<     <LF:indicator>F</LF:indicator>
<     <LF:type>BE</LF:type>
<     <LF:word>BE</LF:word>
<     <role:NEUTRAL rdf:resource="#V131606" />
<     <role:NEUTRAL1 rdf:resource="#V131722" />
<     <role:TENSE>PRES</role:TENSE>
<     <LF:start>50</LF:start>
<     <LF:end>119</LF:end>
<   </rdf:Description>
<   <rdf:Description rdf:ID="V131606">
<     <LF:indicator>BARE</LF:indicator>
<     <LF:type>WEAR</LF:type>
<     <LF:word>WEAR</LF:word>
<     <role:NEUTRAL rdf:resource="#V131696" />
<     <LF:start>50</LF:start>
<     <LF:end>92</LF:end>
<   </rdf:Description>
<   <rdf:Description rdf:ID="V131696">
<     <LF:indicator>A</LF:indicator>
<     <LF:type>ATTIRE</LF:type>
<     <LF:word>PULLOVER</LF:word>
<     <role:MOD rdf:resource="#V131907" />
<     <role:MOD rdf:resource="#V131687" />
<     <LF:start>58</LF:start>
<     <LF:end>92</LF:end>
<   </rdf:Description>
<   <rdf:Description rdf:ID="V131907">
<     <LF:indicator>F</LF:indicator>
<     <LF:type>COLOR-VAL</LF:type>
<     <role:SEQUENCE rdf:resource="#V131653" />
<     <role:SEQUENCE1 rdf:resource="#V131670" />
<     <role:OPERATOR>AND</role:OPERATOR>
<     <LF:start>60</LF:start>
<     <LF:end>75</LF:end>
<   </rdf:Description>
<   <rdf:Description rdf:ID="V131653">
<     <LF:indicator>F</LF:indicator>
<     <LF:type>PINK</LF:type>
<     <LF:word>PINK</LF:word>
<     <role:FIGURE rdf:resource="#V131696" />
<     <role:SCALE>PINK*1--07--00</role:SCALE>
<     <LF:start>60</LF:start>
<     <LF:end>65</LF:end>
<   </rdf:Description>
<   <rdf:Description rdf:ID="V131670">
<     <LF:indicator>F</LF:indicator>
<     <LF:type>WHITE</LF:type>
<     <LF:word>WHITE</LF:word>
<     <role:FIGURE rdf:resource="#V131696" />
<     <role:SCALE>WHITE*1--07--00</role:SCALE>
<     <LF:start>69</LF:start>
<     <LF:end>75</LF:end>
<   </rdf:Description>
<   <rdf:Description rdf:ID="V131687">
<     <LF:indicator>F</LF:indicator>
<     <LF:type>MODIFIER</LF:type>
<     <LF:word>STRIPED</LF:word>
<     <role:FIGURE rdf:resource="#V131696" />
<     <LF:start>75</LF:start>
<     <LF:end>83</LF:end>
<   </rdf:Description>
<   <rdf:Description rdf:ID="V131722">
<     <LF:indicator>BARE</LF:indicator>
<     <LF:type>BE-AT-LOC</LF:type>
<     <LF:word>STAND</LF:word>
<     <role:LOCATION rdf:resource="#V131731" />
<     <LF:start>95</LF:start>
<     <LF:end>119</LF:end>
<   </rdf:Description>
<   <rdf:Description rdf:ID="V131731">
<     <LF:indicator>F</LF:indicator>
<     <LF:type>IN-LOC</LF:type>
<     <LF:word>IN</LF:word>
<     <role:GROUND rdf:resource="#V131833" />
<     <role:FIGURE rdf:resource="#V131722" />
<     <LF:start>104</LF:start>
<     <LF:end>119</LF:end>
<   </rdf:Description>
<   <rdf:Description rdf:ID="V131833">
<     <LF:indicator>A</LF:indicator>
<     <LF:type>INTERNAL-ENCLOSURE</LF:type>
<     <LF:word>CLASSROOM</LF:word>
<     <LF:start>107</LF:start>
<     <LF:end>119</LF:end>
<   </rdf:Description>
< </rdf:RDF>
< </terms></utt></compound-communication-act>
< </trips-parser-output>
\ No newline at end of file
---
> <SpRL>
>  <SCENE>
>   <SENTENCE id="s1" indicator="A" type="FEMALE-CHILD" text="GIRL" start="0" end="50">
>    <TEXT>a dark-skinned dark-haired girl with two pigtails w</TEXT>
>    <RELATION id="1" head="V131580" res="V131584" label="MOD"/>
>    <RELATION id="2" head="V131580" res="V131556" label="MOD"/>
>    <RELATION id="3" head="V131580" res="V131577" label="MOD"/>
>    <PHRASE id="V131556" indicator="F" type="MODIFIER" text="DARK-PUNC-MINUS-SKINNED" start="2" end="15" WNSENSE="dark-skinned%5:00:00"/>
>    <RELATION id="4" head="V131556" res="V131580" label="FIGURE"/>
>    <PHRASE id="V131577" indicator="F" type="MODIFIER" text="DARK-PUNC-MINUS-HAIRED" start="15" end="27" WNSENSE="dark-haired%5:00:00"/>
>    <RELATION id="5" head="V131577" res="V131580" label="FIGURE"/>
>    <PHRASE id="V131584" indicator="F" type="ASSOC-WITH" text="WITH" start="32" end="50"/>
>    <RELATION id="6" head="V131584" res="V131600" label="GROUND"/>
>    <RELATION id="7" head="V131584" res="V131580" label="FIGURE"/>
>    <PHRASE id="V131600" indicator="INDEF-SET" type="NATURAL-OBJECT" text="PIGTAILS" start="37" end="50"/>
>    <RELATION id="8" head="V131600" res="V131597" label="SIZE"/>
>    <PHRASE id="V131597" indicator="A" type="NUMBER" VALUE="2" start="37" end="41"/>
>   </SENTENCE>
>   <SENTENCE id="s2" indicator="SPEECHACT" type="SA_TELL" PUNCTYPE="DECL" start="50" end="119">
>    <TEXT>wearing a pink and white striped pullover is standing in a classroom .</TEXT>
>    <RELATION id="9" head="V133064" res="V131705" label="CONTENT"/>
>    <PHRASE id="V131705" indicator="F" type="BE" text="BE" TENSE="PRES" start="50" end="119"/>
>    <RELATION id="10" head="V131705" res="V131606" label="NEUTRAL"/>
>    <RELATION id="11" head="V131705" res="V131722" label="NEUTRAL1"/>
>    <PHRASE id="V131606" indicator="BARE" type="WEAR" text="WEAR" start="50" end="92"/>
>    <RELATION id="12" head="V131606" res="V131696" label="NEUTRAL"/>
>    <PHRASE id="V131696" indicator="A" type="ATTIRE" text="PULLOVER" start="58" end="92"/>
>    <RELATION id="13" head="V131696" res="V131907" label="MOD"/>
>    <RELATION id="14" head="V131696" res="V131687" label="MOD"/>
>    <PHRASE id="V131907" indicator="F" type="COLOR-VAL" OPERATOR="AND" start="60" end="75"/>
>    <RELATION id="15" head="V131907" res="V131653" label="SEQUENCE"/>
>    <RELATION id="16" head="V131907" res="V131670" label="SEQUENCE1"/>
>    <PHRASE id="V131653" indicator="F" type="PINK" text="PINK" SCALE="PINK*1--07--00" start="60" end="65"/>
>    <RELATION id="17" head="V131653" res="V131696" label="FIGURE"/>
>    <PHRASE id="V131670" indicator="F" type="WHITE" text="WHITE" SCALE="WHITE*1--07--00" start="69" end="75"/>
>    <RELATION id="18" head="V131670" res="V131696" label="FIGURE"/>
>    <PHRASE id="V131687" indicator="F" type="MODIFIER" text="STRIPED" start="75" end="83"/>
>    <RELATION id="19" head="V131687" res="V131696" label="FIGURE"/>
>    <PHRASE id="V131722" indicator="BARE" type="BE-AT-LOC" text="STAND" start="95" end="119"/>
>    <RELATION id="20" head="V131722" res="V131731" label="LOCATION"/>
>    <PHRASE id="V131731" indicator="F" type="IN-LOC" text="IN" start="104" end="119"/>
>    <RELATION id="21" head="V131731" res="V131833" label="GROUND"/>
>    <RELATION id="22" head="V131731" res="V131722" label="FIGURE"/>
>    <PHRASE id="V131833" indicator="A" type="INTERNAL-ENCLOSURE" text="CLASSROOM" start="107" end="119"/>
>   </SENTENCE>
>  </SCENE>
> </SpRL>
