2,362c2,46
< <?xml-stylesheet type="text/xsl" href="../style/parser-interface.xsl"?>
< <!DOCTYPE trips-parser-output SYSTEM "../trips-parser-output.dtd">
< <trips-parser-output parser-build-date="2017-09-20T12:11:02-0500" system="STEP" extsformat="svg" tagsformat="hidden" treecontents="phrase" treeformat="LinGO" lfformat="svg" semantic-skeleton-scoring="T" rule-sets="" input="a dark-skinned , dark-haired boy in a blue and white chequered shirt is sitting at a desk outside .
< ">
< <debug>
< 
<  FOUNDS SEQUENCE from constit (% W::NP (W::BARE-SEQUENCE -) (W::CONSTRAINT -)
<                                  (W::MASS W::BARE) (W::GENERATED +)
<                                  (W::POSTADVBL +)
<                                  (W::SEM ?8607:(?156780:(F::PHYS-OBJ
<                                                          F::ABSTR-OBJ) NIL))
<                                  (W::LF (% W::DESCRIPTION (W::STATUS ONT::DEFINITE)
<                                            (W::VAR V223531)
<                                            (W::SORT W::INDIVIDUAL)
<                                            (W::LEX (W::A))
<                                            (W::CLASS ONT::SEQUENCE)
<                                            (W::CONSTRAINT (% &amp; (W::NAME-OF (W::A))
<                                                              (W::VAL (W::A))))
<                                            (W::LEX W::A) (W::SEM ?156778)
<                                            (W::TRANSFORM ?156779)))
<                                  (W::CASE ?156777:(W::SUB W::OBJ -))
<                                  (W::AGR ?156776) (W::CLASS ONT::ANY-SEM)
<                                  (W::VAR V223531) (W::SORT W::PRED) (W::NAME -)
<                                  (W::PRO -) (W::CHANGEAGR -) (W::LEX W::A)
<                                  (W::HEADCAT W::VALUE) (W::TRANSFORM -)
<                                  (W::REFL -) (1 RNUMBER224299))
< 
<  FOUNDS SEQUENCE from constit (% W::NP (W::BARE-SEQUENCE -) (W::CONSTRAINT -)
<                                  (W::MASS W::BARE) (W::GENERATED +)
<                                  (W::POSTADVBL +)
<                                  (W::SEM ?8607:(?157075:(F::PHYS-OBJ
<                                                          F::ABSTR-OBJ) NIL))
<                                  (W::LF (% W::DESCRIPTION (W::STATUS ONT::DEFINITE)
<                                            (W::VAR V223534)
<                                            (W::SORT W::INDIVIDUAL)
<                                            (W::LEX (W::A))
<                                            (W::CLASS ONT::SEQUENCE)
<                                            (W::CONSTRAINT (% &amp; (W::NAME-OF (W::A))
<                                                              (W::VAL (W::A))))
<                                            (W::LEX W::A) (W::SEM ?157073)
<                                            (W::TRANSFORM ?157074)))
<                                  (W::CASE ?157072:(W::SUB W::OBJ -))
<                                  (W::AGR ?157071) (W::CLASS ONT::ANY-SEM)
<                                  (W::VAR V223534) (W::SORT W::PRED) (W::NAME -)
<                                  (W::PRO -) (W::CHANGEAGR -) (W::LEX W::A)
<                                  (W::HEADCAT W::VALUE) (W::TRANSFORM -)
<                                  (W::REFL -) (1 RNUMBER224301))
< 
<  FOUNDS SEQUENCE from constit (% W::NP (W::BARE-SEQUENCE -) (W::CONSTRAINT -)
<                                  (W::MASS W::BARE) (W::GENERATED +)
<                                  (W::POSTADVBL +)
<                                  (W::SEM ?8607:(?157385:(F::PHYS-OBJ
<                                                          F::ABSTR-OBJ) NIL))
<                                  (W::LF (% W::DESCRIPTION (W::STATUS ONT::DEFINITE)
<                                            (W::VAR V223537)
<                                            (W::SORT W::INDIVIDUAL)
<                                            (W::LEX (W::A))
<                                            (W::CLASS ONT::SEQUENCE)
<                                            (W::CONSTRAINT (% &amp; (W::NAME-OF (W::A))
<                                                              (W::VAL (W::A))))
<                                            (W::LEX W::A) (W::SEM ?157383)
<                                            (W::TRANSFORM ?157384)))
<                                  (W::CASE ?157382:(W::SUB W::OBJ -))
<                                  (W::AGR ?157381) (W::CLASS ONT::ANY-SEM)
<                                  (W::VAR V223537) (W::SORT W::PRED) (W::NAME -)
<                                  (W::PRO -) (W::CHANGEAGR -) (W::LEX W::A)
<                                  (W::HEADCAT W::VALUE) (W::TRANSFORM -)
<                                  (W::REFL -) (1 RNUMBER224303))
< *last-utt-id*=NIL  utt-id+24
< *last-utt-id*=24  utt-id+24
< *last-utt-id*=24  utt-id+24
< *last-utt-id*=24  utt-id+NIL</debug><compound-communication-act>
< <utt><words><lisp>(W::A W::DARK W::PUNC-MINUS W::SKINNED W::DARK W::PUNC-MINUS W::HAIRED W::BOY)</lisp><word>A</word><word>DARK</word><word>PUNC-MINUS</word><word>SKINNED</word><word>DARK</word><word>PUNC-MINUS</word><word>HAIRED</word><word>BOY</word></words><tags><lisp>((WORD &quot;a&quot; :FRAME (0 1) :SENSE-INFO
<   ((:PENN-PARTS-OF-SPEECH (DT) :TRIPS-PARTS-OF-SPEECH (W::ART W::QUAN W::PRO)))
<   :UTTNUM 24 :CHANNEL DESKTOP :DIRECTION INPUT)
<  (WORD &quot;dark&quot; :FRAME (2 5) :SENSE-INFO
<   ((:PENN-PARTS-OF-SPEECH (NN) :TRIPS-PARTS-OF-SPEECH (W::N))) :UTTNUM 24
<   :CHANNEL DESKTOP :DIRECTION INPUT)
<  (WORD &quot;-&quot; :FRAME (6 6) :SENSE-INFO
<   ((:PENN-PARTS-OF-SPEECH (COLON) :TRIPS-PARTS-OF-SPEECH (W::PUNC))) :UTTNUM 24
<   :CHANNEL DESKTOP :DIRECTION INPUT)
<  (WORD &quot;skinned&quot; :FRAME (7 14) :SENSE-INFO
<   ((:PENN-PARTS-OF-SPEECH (VBD) :TRIPS-PARTS-OF-SPEECH (W::V))) :UTTNUM 24
<   :CHANNEL DESKTOP :DIRECTION INPUT)
<  (WORD &quot;dark-skinned&quot; :FRAME (2 14) :SENSE-INFO
<   ((:PENN-PARTS-OF-SPEECH (JJ) :TRIPS-PARTS-OF-SPEECH (W::ADJ) :WN-SENSE-KEYS
<     (&quot;dark-skinned%5:00:00&quot;)))
<   :UTTNUM 24 :CHANNEL DESKTOP :DIRECTION INPUT)
<  (WORD &quot;,&quot; :FRAME (15 16) :SENSE-INFO
<   ((:PENN-PARTS-OF-SPEECH (COMMA) :TRIPS-PARTS-OF-SPEECH (W::PUNC))) :UTTNUM 24
<   :CHANNEL DESKTOP :DIRECTION INPUT)
<  (WORD &quot;dark&quot; :FRAME (17 20) :SENSE-INFO
<   ((:PENN-PARTS-OF-SPEECH (JJ) :TRIPS-PARTS-OF-SPEECH (W::ADJ))) :UTTNUM 24
<   :CHANNEL DESKTOP :DIRECTION INPUT)
<  (WORD &quot;-&quot; :FRAME (21 21) :SENSE-INFO
<   ((:PENN-PARTS-OF-SPEECH (COLON) :TRIPS-PARTS-OF-SPEECH (W::PUNC))) :UTTNUM 24
<   :CHANNEL DESKTOP :DIRECTION INPUT)
<  (WORD &quot;haired&quot; :FRAME (22 28) :SENSE-INFO
<   ((:PENN-PARTS-OF-SPEECH (VBN) :TRIPS-PARTS-OF-SPEECH (W::V))) :UTTNUM 24
<   :CHANNEL DESKTOP :DIRECTION INPUT)
<  (WORD &quot;dark-haired&quot; :FRAME (17 28) :SENSE-INFO
<   ((:PENN-PARTS-OF-SPEECH (JJ) :TRIPS-PARTS-OF-SPEECH (W::ADJ) :WN-SENSE-KEYS
<     (&quot;dark-haired%5:00:00&quot;)))
<   :UTTNUM 24 :CHANNEL DESKTOP :DIRECTION INPUT)
<  (WORD &quot;boy&quot; :FRAME (29 32) :SENSE-INFO
<   ((:PENN-PARTS-OF-SPEECH (NN) :TRIPS-PARTS-OF-SPEECH (W::N))) :UTTNUM 24
<   :CHANNEL DESKTOP :DIRECTION INPUT)
<  (PREFER &quot;a dark-skinned , dark-haired boy&quot; :FRAME (0 32) :PENN-CATS (NP)
<   :TRIPS-CATS (W::NP) :SCORE 40.958 :UTTNUM 24 :CHANNEL DESKTOP :DIRECTION
<   INPUT))</lisp><word lex="a" start="0" end="1"><sense-info penn-parts-of-speech="DT" trips-parts-of-speech="ART,QUAN,PRO" /></word><word lex="dark" start="2" end="5"><sense-info penn-parts-of-speech="NN" trips-parts-of-speech="N" /></word><word lex="-" start="6" end="6"><sense-info penn-parts-of-speech="COLON" trips-parts-of-speech="PUNC" /></word><word lex="skinned" start="7" end="14"><sense-info penn-parts-of-speech="VBD" trips-parts-of-speech="V" /></word><word lex="dark-skinned" start="2" end="14"><sense-info penn-parts-of-speech="JJ" trips-parts-of-speech="ADJ" wn-sense-keys="dark-skinned%5:00:00" /></word><word lex="," start="15" end="16"><sense-info penn-parts-of-speech="COMMA" trips-parts-of-speech="PUNC" /></word><word lex="dark" start="17" end="20"><sense-info penn-parts-of-speech="JJ" trips-parts-of-speech="ADJ" /></word><word lex="-" start="21" end="21"><sense-info penn-parts-of-speech="COLON" trips-parts-of-speech="PUNC" /></word><word lex="haired" start="22" end="28"><sense-info penn-parts-of-speech="VBN" trips-parts-of-speech="V" /></word><word lex="dark-haired" start="17" end="28"><sense-info penn-parts-of-speech="JJ" trips-parts-of-speech="ADJ" wn-sense-keys="dark-haired%5:00:00" /></word><word lex="boy" start="29" end="32"><sense-info penn-parts-of-speech="NN" trips-parts-of-speech="N" /></word><prefer text="a dark-skinned , dark-haired boy" start="0" end="32" penn-cats="NP" score="40.958" /></tags><tree><lisp>(NP (SPEC (DET (ART A)))
<  (N1 (ADJP (ADJ1 (ADJ DARK PUNC-MINUS SKINNED)))
<   (N1 (ADJP (ADJ1 (ADJ DARK PUNC-MINUS HAIRED))) (N1 (N BOY)))))</lisp><NP><SPEC><DET><ART>A</ART></DET></SPEC><N1><ADJP><ADJ1><ADJ>DARK PUNC-MINUS SKINNED</ADJ></ADJ1></ADJP><N1><ADJP><ADJ1><ADJ>DARK PUNC-MINUS HAIRED</ADJ></ADJ1></ADJP><N1><N>BOY</N></N1></N1></N1></NP></tree><terms root="#V218310"><lisp>((ONT::A ONT::V218310 (:* ONT::MALE-CHILD W::BOY) :MOD ONT::V218283 :MOD
<   ONT::V218307 :START 0 :END 33)
<  (ONT::F ONT::V218283 (:* ONT::MODIFIER W::DARK-PUNC-MINUS-SKINNED) :FIGURE
<   ONT::V218310 :START 2 :END 15 :WNSENSE &quot;dark-skinned%5:00:00&quot;)
<  (ONT::F ONT::V218307 (:* ONT::MODIFIER W::DARK-PUNC-MINUS-HAIRED) :FIGURE
<   ONT::V218310 :START 17 :END 29 :WNSENSE &quot;dark-haired%5:00:00&quot;))</lisp><rdf:RDF
<   xmlns:rdf="http://www.w3.org/1999/02/22-rdf-syntax-ns#"
<   xmlns:role="http://www.cs.rochester.edu/research/trips/role#"
<   xmlns:LF="http://www.cs.rochester.edu/research/trips/LF#">
<   <rdf:Description rdf:ID="V218310">
<     <LF:indicator>A</LF:indicator>
<     <LF:type>MALE-CHILD</LF:type>
<     <LF:word>BOY</LF:word>
<     <role:MOD rdf:resource="#V218283" />
<     <role:MOD rdf:resource="#V218307" />
<     <LF:start>0</LF:start>
<     <LF:end>33</LF:end>
<   </rdf:Description>
<   <rdf:Description rdf:ID="V218283">
<     <LF:indicator>F</LF:indicator>
<     <LF:type>MODIFIER</LF:type>
<     <LF:word>DARK-PUNC-MINUS-SKINNED</LF:word>
<     <role:FIGURE rdf:resource="#V218310" />
<     <LF:start>2</LF:start>
<     <LF:end>15</LF:end>
<     <role:WNSENSE>dark-skinned%5:00:00</role:WNSENSE>
<   </rdf:Description>
<   <rdf:Description rdf:ID="V218307">
<     <LF:indicator>F</LF:indicator>
<     <LF:type>MODIFIER</LF:type>
<     <LF:word>DARK-PUNC-MINUS-HAIRED</LF:word>
<     <role:FIGURE rdf:resource="#V218310" />
<     <LF:start>17</LF:start>
<     <LF:end>29</LF:end>
<     <role:WNSENSE>dark-haired%5:00:00</role:WNSENSE>
<   </rdf:Description>
< </rdf:RDF>
< </terms></utt><utt><words><lisp>(W::IN)</lisp><word>IN</word></words><tags><lisp>((WORD &quot;in&quot; :FRAME (33 35) :SENSE-INFO
<   ((:PENN-PARTS-OF-SPEECH (IN) :TRIPS-PARTS-OF-SPEECH (W::PREP W::ADV)))
<   :UTTNUM 24 :CHANNEL DESKTOP :DIRECTION INPUT))</lisp><word lex="in" start="33" end="35"><sense-info penn-parts-of-speech="IN" trips-parts-of-speech="PREP,ADV" /></word></tags><tree><lisp>(ADVBL (ADV IN))</lisp><ADVBL><ADV>IN</ADV></ADVBL></tree><terms root="#V218318"><lisp>((ONT::F ONT::V218318 (:* ONT::DIRECTION W::IN) :START 33 :END 36))</lisp><rdf:RDF
<   xmlns:rdf="http://www.w3.org/1999/02/22-rdf-syntax-ns#"
<   xmlns:role="http://www.cs.rochester.edu/research/trips/role#"
<   xmlns:LF="http://www.cs.rochester.edu/research/trips/LF#">
<   <rdf:Description rdf:ID="V218318">
<     <LF:indicator>F</LF:indicator>
<     <LF:type>DIRECTION</LF:type>
<     <LF:word>IN</LF:word>
<     <LF:start>33</LF:start>
<     <LF:end>36</LF:end>
<   </rdf:Description>
< </rdf:RDF>
< </terms></utt><utt><words><lisp>(W::A W::BLUE W::AND W::WHITE W::CHEQUERED W::SHIRT W::IS W::SITTING W::AT W::A
<  W::DESK W::OUTSIDE W::PUNC-PERIOD)</lisp><word>A</word><word>BLUE</word><word>AND</word><word>WHITE</word><word>CHEQUERED</word><word>SHIRT</word><word>IS</word><word>SITTING</word><word>AT</word><word>A</word><word>DESK</word><word>OUTSIDE</word><word>PUNC-PERIOD</word></words><tags><lisp>((WORD &quot;a&quot; :FRAME (36 37) :SENSE-INFO
<   ((:PENN-PARTS-OF-SPEECH (DT) :TRIPS-PARTS-OF-SPEECH (W::ART W::QUAN W::PRO)))
<   :UTTNUM 24 :CHANNEL DESKTOP :DIRECTION INPUT)
<  (WORD &quot;blue&quot; :FRAME (38 42) :SENSE-INFO
<   ((:PENN-PARTS-OF-SPEECH (NN JJ) :TRIPS-PARTS-OF-SPEECH (W::N W::ADJ)))
<   :UTTNUM 24 :CHANNEL DESKTOP :DIRECTION INPUT)
<  (WORD &quot;and&quot; :FRAME (43 46) :SENSE-INFO
<   ((:PENN-PARTS-OF-SPEECH (CC) :TRIPS-PARTS-OF-SPEECH (W::CONJ))) :UTTNUM 24
<   :CHANNEL DESKTOP :DIRECTION INPUT)
<  (WORD &quot;white&quot; :FRAME (47 52) :SENSE-INFO
<   ((:PENN-PARTS-OF-SPEECH (JJ) :TRIPS-PARTS-OF-SPEECH (W::ADJ))) :UTTNUM 24
<   :CHANNEL DESKTOP :DIRECTION INPUT)
<  (PREFER &quot;blue and white&quot; :FRAME (38 52) :PENN-CATS (ADJP) :TRIPS-CATS
<   (W::ADJP) :SCORE 18.298 :UTTNUM 24 :CHANNEL DESKTOP :DIRECTION INPUT)
<  (WORD &quot;chequered&quot; :FRAME (53 62) :SENSE-INFO
<   ((:PENN-PARTS-OF-SPEECH (VBD JJ) :TRIPS-PARTS-OF-SPEECH (W::V W::ADJ)
<     :ALTERNATE-SPELLINGS (&quot;checkered&quot;)))
<   :UTTNUM 24 :CHANNEL DESKTOP :DIRECTION INPUT)
<  (WORD &quot;shirt&quot; :FRAME (63 68) :SENSE-INFO
<   ((:PENN-PARTS-OF-SPEECH (NN) :TRIPS-PARTS-OF-SPEECH (W::N))) :UTTNUM 24
<   :CHANNEL DESKTOP :DIRECTION INPUT)
<  (PREFER &quot;a blue and white chequered shirt&quot; :FRAME (36 68) :PENN-CATS (NP)
<   :TRIPS-CATS (W::NP) :SCORE 49.045 :UTTNUM 24 :CHANNEL DESKTOP :DIRECTION
<   INPUT)
<  (PREFER &quot;in a blue and white chequered shirt&quot; :FRAME (33 68) :PENN-CATS (PP)
<   :TRIPS-CATS (W::PP) :SCORE 53.428 :UTTNUM 24 :CHANNEL DESKTOP :DIRECTION
<   INPUT)
<  (PREFER &quot;a dark-skinned , dark-haired boy in a blue and white chequered shirt&quot;
<   :FRAME (0 68) :PENN-CATS (NP) :TRIPS-CATS (W::NP) :SCORE 94.753 :UTTNUM 24
<   :CHANNEL DESKTOP :DIRECTION INPUT)
<  (WORD &quot;is&quot; :FRAME (69 71) :SENSE-INFO
<   ((:PENN-PARTS-OF-SPEECH (VBZ) :TRIPS-PARTS-OF-SPEECH (W::V))) :UTTNUM 24
<   :CHANNEL DESKTOP :DIRECTION INPUT)
<  (WORD &quot;sitting&quot; :FRAME (72 79) :SENSE-INFO
<   ((:PENN-PARTS-OF-SPEECH (VBG) :TRIPS-PARTS-OF-SPEECH (W::V))) :UTTNUM 24
<   :CHANNEL DESKTOP :DIRECTION INPUT)
<  (WORD &quot;at&quot; :FRAME (80 82) :SENSE-INFO
<   ((:PENN-PARTS-OF-SPEECH (IN) :TRIPS-PARTS-OF-SPEECH (W::PREP W::ADV)))
<   :UTTNUM 24 :CHANNEL DESKTOP :DIRECTION INPUT)
<  (WORD &quot;a&quot; :FRAME (83 84) :SENSE-INFO
<   ((:PENN-PARTS-OF-SPEECH (DT) :TRIPS-PARTS-OF-SPEECH (W::ART W::QUAN W::PRO)))
<   :UTTNUM 24 :CHANNEL DESKTOP :DIRECTION INPUT)
<  (WORD &quot;desk&quot; :FRAME (85 89) :SENSE-INFO
<   ((:PENN-PARTS-OF-SPEECH (NN) :TRIPS-PARTS-OF-SPEECH (W::N))) :UTTNUM 24
<   :CHANNEL DESKTOP :DIRECTION INPUT)
<  (WORD &quot;outside&quot; :FRAME (90 97) :SENSE-INFO
<   ((:PENN-PARTS-OF-SPEECH (IN NN) :TRIPS-PARTS-OF-SPEECH
<     (W::PREP W::ADV W::N)))
<   :UTTNUM 24 :CHANNEL DESKTOP :DIRECTION INPUT)
<  (PREFER &quot;a desk outside&quot; :FRAME (83 97) :PENN-CATS (NP) :TRIPS-CATS (W::NP)
<   :SCORE 24.332 :UTTNUM 24 :CHANNEL DESKTOP :DIRECTION INPUT)
<  (PREFER &quot;at a desk outside&quot; :FRAME (80 97) :PENN-CATS (PP) :TRIPS-CATS (W::PP)
<   :SCORE 27.659 :UTTNUM 24 :CHANNEL DESKTOP :DIRECTION INPUT)
<  (PREFER &quot;sitting at a desk outside&quot; :FRAME (72 97) :PENN-CATS (VP) :TRIPS-CATS
<   (W::VP) :SCORE 36.356 :UTTNUM 24 :CHANNEL DESKTOP :DIRECTION INPUT)
<  (PREFER &quot;is sitting at a desk outside&quot; :FRAME (69 97) :PENN-CATS (VP)
<   :TRIPS-CATS (W::VP) :SCORE 40.616 :UTTNUM 24 :CHANNEL DESKTOP :DIRECTION
<   INPUT)
<  (WORD &quot;.&quot; :FRAME (98 98) :SENSE-INFO
<   ((:PENN-PARTS-OF-SPEECH (FULL_STOP) :TRIPS-PARTS-OF-SPEECH (W::PUNC)))
<   :UTTNUM 24 :CHANNEL DESKTOP :DIRECTION INPUT)
<  (PREFER
<   &quot;a dark-skinned , dark-haired boy in a blue and white chequered shirt is sitting at a desk outside .&quot;
<   :FRAME (0 98) :PENN-CATS (S) :SCORE 138.199 :UTTNUM 24 :CHANNEL DESKTOP
<   :DIRECTION INPUT))</lisp><word lex="a" start="36" end="37"><sense-info penn-parts-of-speech="DT" trips-parts-of-speech="ART,QUAN,PRO" /></word><word lex="blue" start="38" end="42"><sense-info penn-parts-of-speech="NN,JJ" trips-parts-of-speech="N,ADJ" /></word><word lex="and" start="43" end="46"><sense-info penn-parts-of-speech="CC" trips-parts-of-speech="CONJ" /></word><word lex="white" start="47" end="52"><sense-info penn-parts-of-speech="JJ" trips-parts-of-speech="ADJ" /></word><prefer text="blue and white" start="38" end="52" penn-cats="ADJP" score="18.298" /><word lex="chequered" start="53" end="62"><sense-info penn-parts-of-speech="VBD,JJ" trips-parts-of-speech="V,ADJ" alternate-spellings="checkered" /></word><word lex="shirt" start="63" end="68"><sense-info penn-parts-of-speech="NN" trips-parts-of-speech="N" /></word><prefer text="a blue and white chequered shirt" start="36" end="68" penn-cats="NP" score="49.045" /><prefer text="in a blue and white chequered shirt" start="33" end="68" penn-cats="PP" score="53.428" /><prefer text="a dark-skinned , dark-haired boy in a blue and white chequered shirt" start="0" end="68" penn-cats="NP" score="94.753" /><word lex="is" start="69" end="71"><sense-info penn-parts-of-speech="VBZ" trips-parts-of-speech="V" /></word><word lex="sitting" start="72" end="79"><sense-info penn-parts-of-speech="VBG" trips-parts-of-speech="V" /></word><word lex="at" start="80" end="82"><sense-info penn-parts-of-speech="IN" trips-parts-of-speech="PREP,ADV" /></word><word lex="a" start="83" end="84"><sense-info penn-parts-of-speech="DT" trips-parts-of-speech="ART,QUAN,PRO" /></word><word lex="desk" start="85" end="89"><sense-info penn-parts-of-speech="NN" trips-parts-of-speech="N" /></word><word lex="outside" start="90" end="97"><sense-info penn-parts-of-speech="IN,NN" trips-parts-of-speech="PREP,ADV,N" /></word><prefer text="a desk outside" start="83" end="97" penn-cats="NP" score="24.332" /><prefer text="at a desk outside" start="80" end="97" penn-cats="PP" score="27.659" /><prefer text="sitting at a desk outside" start="72" end="97" penn-cats="VP" score="36.356" /><prefer text="is sitting at a desk outside" start="69" end="97" penn-cats="VP" score="40.616" /><word lex="." start="98" end="98"><sense-info penn-parts-of-speech="FULL_STOP" trips-parts-of-speech="PUNC" /></word><prefer text="a dark-skinned , dark-haired boy in a blue and white chequered shirt is sitting at a desk outside ." start="0" end="98" penn-cats="S" score="138.199" /></tags><tree><lisp>(UTT
<  (UTT
<   (S
<    (NP (SPEC (DET (ART A)))
<     (N1 (ADJP (ADJP (ADJ1 (ADJ BLUE))) (CONJ AND) (ADJP (ADJ1 (ADJ WHITE))))
<      (N1 (ADJP (ADJ1 (ADJ CHEQUERED))) (N1 (N SHIRT)))))
<    (VP
<     (VP- (AUX (V IS))
<      (VP- (VP- (V SITTING))
<       (ADVBL (ADV AT)
<        (NP (SPEC (DET (ART A))) (N1 (N1 (N DESK)) (ADVBL (ADV OUTSIDE))))))))))
<  (PUNC PUNC-PERIOD))</lisp><UTT><UTT><S><NP><SPEC><DET><ART>A</ART></DET></SPEC><N1><ADJP><ADJP><ADJ1><ADJ>BLUE</ADJ></ADJ1></ADJP><CONJ>AND</CONJ><ADJP><ADJ1><ADJ>WHITE</ADJ></ADJ1></ADJP></ADJP><N1><ADJP><ADJ1><ADJ>CHEQUERED</ADJ></ADJ1></ADJP><N1><N>SHIRT</N></N1></N1></N1></NP><VP><VP-><AUX><V>IS</V></AUX><VP-><VP-><V>SITTING</V></VP-><ADVBL><ADV>AT</ADV><NP><SPEC><DET><ART>A</ART></DET></SPEC><N1><N1><N>DESK</N></N1><ADVBL><ADV>OUTSIDE</ADV></ADVBL></N1></NP></ADVBL></VP-></VP-></VP></S></UTT><PUNC>PUNC-PERIOD</PUNC></UTT></tree><terms root="#V222429"><lisp>((ONT::SPEECHACT ONT::V222429 ONT::SA_TELL :PUNCTYPE W::DECL :CONTENT
<   ONT::V218492 :START 36 :END 98)
<  (ONT::F ONT::V218492 (:* ONT::BODY-MOVEMENT-PLACE W::SIT) :RESULT ONT::V218509
<   :AGENT ONT::V218464 :TENSE W::PRES :PROGR + :START 36 :END 98)
<  (ONT::A ONT::V218464 (:* ONT::ATTIRE W::SHIRT) :MOD ONT::V218639 :MOD
<   ONT::V218450 :START 36 :END 69)
<  (ONT::F ONT::V218639 ONT::COLOR-VAL :SEQUENCE (ONT::V218407 ONT::V218429)
<   :OPERATOR ONT::AND :START 38 :END 53)
<  (ONT::F ONT::V218407 (:* ONT::BLUE W::BLUE) :FIGURE ONT::V218464 :SCALE
<   ONT::COLOR-SCALE :START 38 :END 43)
<  (ONT::F ONT::V218429 (:* ONT::WHITE W::WHITE) :FIGURE ONT::V218464 :SCALE
<   ONT::WHITE*1--07--00 :START 47 :END 53)
<  (ONT::F ONT::V218450 (:* ONT::MODIFIER W::CHEQUERED) :FIGURE ONT::V218464
<   :START 53 :END 63)
<  (ONT::F ONT::V218509 (:* ONT::AT-LOC W::AT) :GROUND ONT::V218562 :FIGURE
<   ONT::V218464 :START 80 :END 98)
<  (ONT::A ONT::V218562 (:* ONT::FURNISHINGS W::DESK) :LOCATION ONT::V218566
<   :START 83 :END 98)
<  (ONT::F ONT::V218566 (:* ONT::OUTSIDE W::OUTSIDE) :GROUND ONT::V218819 :FIGURE
<   ONT::V218562 :START 90 :END 98)
<  (ONT::IMPRO ONT::V218819 ONT::ANY-SEM :START 90 :END 98 :COREF ONT::V218464))</lisp><rdf:RDF
<   xmlns:rdf="http://www.w3.org/1999/02/22-rdf-syntax-ns#"
<   xmlns:role="http://www.cs.rochester.edu/research/trips/role#"
<   xmlns:LF="http://www.cs.rochester.edu/research/trips/LF#">
<   <rdf:Description rdf:ID="V222429">
<     <LF:indicator>SPEECHACT</LF:indicator>
<     <LF:type>SA_TELL</LF:type>
<     <role:PUNCTYPE>DECL</role:PUNCTYPE>
<     <role:CONTENT rdf:resource="#V218492" />
<     <LF:start>36</LF:start>
<     <LF:end>98</LF:end>
<   </rdf:Description>
<   <rdf:Description rdf:ID="V218492">
<     <LF:indicator>F</LF:indicator>
<     <LF:type>BODY-MOVEMENT-PLACE</LF:type>
<     <LF:word>SIT</LF:word>
<     <role:RESULT rdf:resource="#V218509" />
<     <role:AGENT rdf:resource="#V218464" />
<     <role:TENSE>PRES</role:TENSE>
<     <role:PROGR>+</role:PROGR>
<     <LF:start>36</LF:start>
<     <LF:end>98</LF:end>
<   </rdf:Description>
<   <rdf:Description rdf:ID="V218464">
<     <LF:indicator>A</LF:indicator>
<     <LF:type>ATTIRE</LF:type>
<     <LF:word>SHIRT</LF:word>
<     <role:MOD rdf:resource="#V218639" />
<     <role:MOD rdf:resource="#V218450" />
<     <LF:start>36</LF:start>
<     <LF:end>69</LF:end>
<   </rdf:Description>
<   <rdf:Description rdf:ID="V218639">
<     <LF:indicator>F</LF:indicator>
<     <LF:type>COLOR-VAL</LF:type>
<     <role:SEQUENCE rdf:resource="#V218407" />
<     <role:SEQUENCE1 rdf:resource="#V218429" />
<     <role:OPERATOR>AND</role:OPERATOR>
<     <LF:start>38</LF:start>
<     <LF:end>53</LF:end>
<   </rdf:Description>
<   <rdf:Description rdf:ID="V218407">
<     <LF:indicator>F</LF:indicator>
<     <LF:type>BLUE</LF:type>
<     <LF:word>BLUE</LF:word>
<     <role:FIGURE rdf:resource="#V218464" />
<     <role:SCALE>COLOR-SCALE</role:SCALE>
<     <LF:start>38</LF:start>
<     <LF:end>43</LF:end>
<   </rdf:Description>
<   <rdf:Description rdf:ID="V218429">
<     <LF:indicator>F</LF:indicator>
<     <LF:type>WHITE</LF:type>
<     <LF:word>WHITE</LF:word>
<     <role:FIGURE rdf:resource="#V218464" />
<     <role:SCALE>WHITE*1--07--00</role:SCALE>
<     <LF:start>47</LF:start>
<     <LF:end>53</LF:end>
<   </rdf:Description>
<   <rdf:Description rdf:ID="V218450">
<     <LF:indicator>F</LF:indicator>
<     <LF:type>MODIFIER</LF:type>
<     <LF:word>CHEQUERED</LF:word>
<     <role:FIGURE rdf:resource="#V218464" />
<     <LF:start>53</LF:start>
<     <LF:end>63</LF:end>
<   </rdf:Description>
<   <rdf:Description rdf:ID="V218509">
<     <LF:indicator>F</LF:indicator>
<     <LF:type>AT-LOC</LF:type>
<     <LF:word>AT</LF:word>
<     <role:GROUND rdf:resource="#V218562" />
<     <role:FIGURE rdf:resource="#V218464" />
<     <LF:start>80</LF:start>
<     <LF:end>98</LF:end>
<   </rdf:Description>
<   <rdf:Description rdf:ID="V218562">
<     <LF:indicator>A</LF:indicator>
<     <LF:type>FURNISHINGS</LF:type>
<     <LF:word>DESK</LF:word>
<     <role:LOCATION rdf:resource="#V218566" />
<     <LF:start>83</LF:start>
<     <LF:end>98</LF:end>
<   </rdf:Description>
<   <rdf:Description rdf:ID="V218566">
<     <LF:indicator>F</LF:indicator>
<     <LF:type>OUTSIDE</LF:type>
<     <LF:word>OUTSIDE</LF:word>
<     <role:GROUND rdf:resource="#V218819" />
<     <role:FIGURE rdf:resource="#V218562" />
<     <LF:start>90</LF:start>
<     <LF:end>98</LF:end>
<   </rdf:Description>
<   <rdf:Description rdf:ID="V218819">
<     <LF:indicator>IMPRO</LF:indicator>
<     <LF:type>ANY-SEM</LF:type>
<     <LF:start>90</LF:start>
<     <LF:end>98</LF:end>
<     <role:COREF rdf:resource="#V218464" />
<   </rdf:Description>
< </rdf:RDF>
< </terms></utt></compound-communication-act>
< </trips-parser-output>
\ No newline at end of file
---
> <SpRL>
>  <SCENE>
>   <SENTENCE id="s1" indicator="A" type="MALE-CHILD" text="BOY" start="0" end="33">
>    <TEXT>a dark-skinned , dark-haired boy i</TEXT>
>    <RELATION id="1" head="V218310" res="V218283" label="MOD"/>
>    <RELATION id="2" head="V218310" res="V218307" label="MOD"/>
>    <PHRASE id="V218283" indicator="F" type="MODIFIER" text="DARK-PUNC-MINUS-SKINNED" start="2" end="15" WNSENSE="dark-skinned%5:00:00"/>
>    <RELATION id="3" head="V218283" res="V218310" label="FIGURE"/>
>    <PHRASE id="V218307" indicator="F" type="MODIFIER" text="DARK-PUNC-MINUS-HAIRED" start="17" end="29" WNSENSE="dark-haired%5:00:00"/>
>    <RELATION id="4" head="V218307" res="V218310" label="FIGURE"/>
>   </SENTENCE>
>   <SENTENCE id="s2" indicator="F" type="DIRECTION" text="IN" start="33" end="36">
>    <TEXT>in a</TEXT>
>   </SENTENCE>
>   <SENTENCE id="s3" indicator="SPEECHACT" type="SA_TELL" PUNCTYPE="DECL" start="36" end="98">
>    <TEXT>a blue and white chequered shirt is sitting at a desk outside .</TEXT>
>    <RELATION id="5" head="V222429" res="V218492" label="CONTENT"/>
>    <PHRASE id="V218492" indicator="F" type="BODY-MOVEMENT-PLACE" text="SIT" TENSE="PRES" PROGR="+" start="36" end="98"/>
>    <RELATION id="6" head="V218492" res="V218509" label="RESULT"/>
>    <RELATION id="7" head="V218492" res="V218464" label="AGENT"/>
>    <PHRASE id="V218464" indicator="A" type="ATTIRE" text="SHIRT" start="36" end="69"/>
>    <RELATION id="8" head="V218464" res="V218639" label="MOD"/>
>    <RELATION id="9" head="V218464" res="V218450" label="MOD"/>
>    <PHRASE id="V218639" indicator="F" type="COLOR-VAL" OPERATOR="AND" start="38" end="53"/>
>    <RELATION id="10" head="V218639" res="V218407" label="SEQUENCE"/>
>    <RELATION id="11" head="V218639" res="V218429" label="SEQUENCE1"/>
>    <PHRASE id="V218407" indicator="F" type="BLUE" text="BLUE" SCALE="COLOR-SCALE" start="38" end="43"/>
>    <RELATION id="12" head="V218407" res="V218464" label="FIGURE"/>
>    <PHRASE id="V218429" indicator="F" type="WHITE" text="WHITE" SCALE="WHITE*1--07--00" start="47" end="53"/>
>    <RELATION id="13" head="V218429" res="V218464" label="FIGURE"/>
>    <PHRASE id="V218450" indicator="F" type="MODIFIER" text="CHEQUERED" start="53" end="63"/>
>    <RELATION id="14" head="V218450" res="V218464" label="FIGURE"/>
>    <PHRASE id="V218509" indicator="F" type="AT-LOC" text="AT" start="80" end="98"/>
>    <RELATION id="15" head="V218509" res="V218562" label="GROUND"/>
>    <RELATION id="16" head="V218509" res="V218464" label="FIGURE"/>
>    <PHRASE id="V218562" indicator="A" type="FURNISHINGS" text="DESK" start="83" end="98"/>
>    <RELATION id="17" head="V218562" res="V218566" label="LOCATION"/>
>    <PHRASE id="V218566" indicator="F" type="OUTSIDE" text="OUTSIDE" start="90" end="98"/>
>    <RELATION id="18" head="V218566" res="V218819" label="GROUND"/>
>    <RELATION id="19" head="V218566" res="V218562" label="FIGURE"/>
>    <PHRASE id="V218819" indicator="IMPRO" type="ANY-SEM" start="90" end="98"/>
>    <RELATION id="20" head="V218819" res="V218464" label="COREF"/>
>   </SENTENCE>
>  </SCENE>
> </SpRL>
