2,103c2,15
< <?xml-stylesheet type="text/xsl" href="../style/parser-interface.xsl"?>
< <!DOCTYPE trips-parser-output SYSTEM "../trips-parser-output.dtd">
< <trips-parser-output parser-build-date="2017-09-20T12:11:02-0500" system="STEP" extsformat="svg" tagsformat="hidden" treecontents="phrase" treeformat="LinGO" lfformat="svg" semantic-skeleton-scoring="T" rule-sets="" input="a blackboard in the background .
< ">
< <debug>
< 
<  FOUNDS SEQUENCE from constit (% W::NP (W::BARE-SEQUENCE -) (W::CONSTRAINT -)
<                                  (W::MASS W::BARE) (W::GENERATED +)
<                                  (W::POSTADVBL +)
<                                  (W::SEM ?8607:(?4763:(F::PHYS-OBJ
<                                                        F::ABSTR-OBJ) NIL))
<                                  (W::LF (% W::DESCRIPTION (W::STATUS ONT::DEFINITE)
<                                            (W::VAR V306729)
<                                            (W::SORT W::INDIVIDUAL)
<                                            (W::LEX (W::A))
<                                            (W::CLASS ONT::SEQUENCE)
<                                            (W::CONSTRAINT (% &amp; (W::NAME-OF (W::A))
<                                                              (W::VAL (W::A))))
<                                            (W::LEX W::A) (W::SEM ?4761)
<                                            (W::TRANSFORM ?4762)))
<                                  (W::CASE ?4760:(W::SUB W::OBJ -))
<                                  (W::AGR ?4759) (W::CLASS ONT::ANY-SEM)
<                                  (W::VAR V306729) (W::SORT W::PRED) (W::NAME -)
<                                  (W::PRO -) (W::CHANGEAGR -) (W::LEX W::A)
<                                  (W::HEADCAT W::VALUE) (W::TRANSFORM -)
<                                  (W::REFL -) (1 RNUMBER306733))
< *last-utt-id*=NIL  utt-id+59
< *last-utt-id*=59  utt-id+NIL</debug><utt><words><lisp>(W::A W::BLACKBOARD W::IN W::THE W::BACKGROUND W::PUNC-PERIOD)</lisp><word>A</word><word>BLACKBOARD</word><word>IN</word><word>THE</word><word>BACKGROUND</word><word>PUNC-PERIOD</word></words><tags><lisp>((WORD &quot;a&quot; :FRAME (0 1) :SENSE-INFO
<   ((:PENN-PARTS-OF-SPEECH (DT) :TRIPS-PARTS-OF-SPEECH (W::ART W::QUAN W::PRO)))
<   :UTTNUM 59 :CHANNEL DESKTOP :DIRECTION INPUT)
<  (WORD &quot;blackboard&quot; :FRAME (2 12) :SENSE-INFO
<   ((:PENN-PARTS-OF-SPEECH (NN) :TRIPS-PARTS-OF-SPEECH (W::N))) :UTTNUM 59
<   :CHANNEL DESKTOP :DIRECTION INPUT)
<  (PREFER &quot;a blackboard&quot; :FRAME (0 12) :PENN-CATS (NP) :TRIPS-CATS (W::NP)
<   :SCORE 15.171 :UTTNUM 59 :CHANNEL DESKTOP :DIRECTION INPUT)
<  (WORD &quot;in&quot; :FRAME (13 15) :SENSE-INFO
<   ((:PENN-PARTS-OF-SPEECH (IN) :TRIPS-PARTS-OF-SPEECH (W::PREP W::ADV)))
<   :UTTNUM 59 :CHANNEL DESKTOP :DIRECTION INPUT)
<  (WORD &quot;the&quot; :FRAME (16 19) :SENSE-INFO
<   ((:PENN-PARTS-OF-SPEECH (DT) :TRIPS-PARTS-OF-SPEECH (W::ART W::QUAN W::PRO)))
<   :UTTNUM 59 :CHANNEL DESKTOP :DIRECTION INPUT)
<  (WORD &quot;background&quot; :FRAME (20 30) :SENSE-INFO
<   ((:PENN-PARTS-OF-SPEECH (NN) :TRIPS-PARTS-OF-SPEECH (W::N))) :UTTNUM 59
<   :CHANNEL DESKTOP :DIRECTION INPUT)
<  (PREFER &quot;the background&quot; :FRAME (16 30) :PENN-CATS (NP) :TRIPS-CATS (W::NP)
<   :SCORE 11.972 :UTTNUM 59 :CHANNEL DESKTOP :DIRECTION INPUT)
<  (PREFER &quot;in the background&quot; :FRAME (13 30) :PENN-CATS (PP) :TRIPS-CATS (W::PP)
<   :SCORE 14.224 :UTTNUM 59 :CHANNEL DESKTOP :DIRECTION INPUT)
<  (WORD &quot;.&quot; :FRAME (31 31) :SENSE-INFO
<   ((:PENN-PARTS-OF-SPEECH (FULL_STOP) :TRIPS-PARTS-OF-SPEECH (W::PUNC)))
<   :UTTNUM 59 :CHANNEL DESKTOP :DIRECTION INPUT)
<  (PREFER &quot;a blackboard in the background .&quot; :FRAME (0 31) :PENN-CATS (NP)
<   :TRIPS-CATS (W::NP) :SCORE 31.878 :UTTNUM 59 :CHANNEL DESKTOP :DIRECTION
<   INPUT))</lisp><word lex="a" start="0" end="1"><sense-info penn-parts-of-speech="DT" trips-parts-of-speech="ART,QUAN,PRO" /></word><word lex="blackboard" start="2" end="12"><sense-info penn-parts-of-speech="NN" trips-parts-of-speech="N" /></word><prefer text="a blackboard" start="0" end="12" penn-cats="NP" score="15.171" /><word lex="in" start="13" end="15"><sense-info penn-parts-of-speech="IN" trips-parts-of-speech="PREP,ADV" /></word><word lex="the" start="16" end="19"><sense-info penn-parts-of-speech="DT" trips-parts-of-speech="ART,QUAN,PRO" /></word><word lex="background" start="20" end="30"><sense-info penn-parts-of-speech="NN" trips-parts-of-speech="N" /></word><prefer text="the background" start="16" end="30" penn-cats="NP" score="11.972" /><prefer text="in the background" start="13" end="30" penn-cats="PP" score="14.224" /><word lex="." start="31" end="31"><sense-info penn-parts-of-speech="FULL_STOP" trips-parts-of-speech="PUNC" /></word><prefer text="a blackboard in the background ." start="0" end="31" penn-cats="NP" score="31.878" /></tags><tree><lisp>(UTT
<  (UTT
<   (NP (SPEC (DET (ART A)))
<    (N1 (N1 (N BLACKBOARD))
<     (ADVBL (ADV IN) (NP (SPEC (DET (ART THE))) (N1 (N BACKGROUND)))))))
<  (PUNC PUNC-PERIOD))</lisp><UTT><UTT><NP><SPEC><DET><ART>A</ART></DET></SPEC><N1><N1><N>BLACKBOARD</N></N1><ADVBL><ADV>IN</ADV><NP><SPEC><DET><ART>THE</ART></DET></SPEC><N1><N>BACKGROUND</N></N1></NP></ADVBL></N1></NP></UTT><PUNC>PUNC-PERIOD</PUNC></UTT></tree><terms root="#V306688"><lisp>((ONT::SPEECHACT ONT::V306688 ONT::SA_IDENTIFY :PUNCTYPE W::DECL :CONTENT
<   ONT::V306592 :START 0 :END 31)
<  (ONT::A ONT::V306592 (:* ONT::DISPLAY W::BLACKBOARD) :LOCATION ONT::V306599
<   :START 0 :END 31)
<  (ONT::F ONT::V306599 (:* ONT::IN-LOC W::IN) :GROUND ONT::V306655 :FIGURE
<   ONT::V306592 :START 13 :END 31)
<  (ONT::THE ONT::V306655 (:* ONT::IMAGE W::BACKGROUND) :START 16 :END 31))</lisp><rdf:RDF
<   xmlns:rdf="http://www.w3.org/1999/02/22-rdf-syntax-ns#"
<   xmlns:role="http://www.cs.rochester.edu/research/trips/role#"
<   xmlns:LF="http://www.cs.rochester.edu/research/trips/LF#">
<   <rdf:Description rdf:ID="V306688">
<     <LF:indicator>SPEECHACT</LF:indicator>
<     <LF:type>SA_IDENTIFY</LF:type>
<     <role:PUNCTYPE>DECL</role:PUNCTYPE>
<     <role:CONTENT rdf:resource="#V306592" />
<     <LF:start>0</LF:start>
<     <LF:end>31</LF:end>
<   </rdf:Description>
<   <rdf:Description rdf:ID="V306592">
<     <LF:indicator>A</LF:indicator>
<     <LF:type>DISPLAY</LF:type>
<     <LF:word>BLACKBOARD</LF:word>
<     <role:LOCATION rdf:resource="#V306599" />
<     <LF:start>0</LF:start>
<     <LF:end>31</LF:end>
<   </rdf:Description>
<   <rdf:Description rdf:ID="V306599">
<     <LF:indicator>F</LF:indicator>
<     <LF:type>IN-LOC</LF:type>
<     <LF:word>IN</LF:word>
<     <role:GROUND rdf:resource="#V306655" />
<     <role:FIGURE rdf:resource="#V306592" />
<     <LF:start>13</LF:start>
<     <LF:end>31</LF:end>
<   </rdf:Description>
<   <rdf:Description rdf:ID="V306655">
<     <LF:indicator>THE</LF:indicator>
<     <LF:type>IMAGE</LF:type>
<     <LF:word>BACKGROUND</LF:word>
<     <LF:start>16</LF:start>
<     <LF:end>31</LF:end>
<   </rdf:Description>
< </rdf:RDF>
< </terms></utt></trips-parser-output>
\ No newline at end of file
---
> <SpRL>
>  <SCENE>
>   <SENTENCE id="s1" indicator="SPEECHACT" type="SA_IDENTIFY" PUNCTYPE="DECL" start="0" end="31">
>    <TEXT>a blackboard in the background .</TEXT>
>    <RELATION id="1" head="V306688" res="V306592" label="CONTENT"/>
>    <PHRASE id="V306592" indicator="A" type="DISPLAY" text="BLACKBOARD" start="0" end="31"/>
>    <RELATION id="2" head="V306592" res="V306599" label="LOCATION"/>
>    <PHRASE id="V306599" indicator="F" type="IN-LOC" text="IN" start="13" end="31"/>
>    <RELATION id="3" head="V306599" res="V306655" label="GROUND"/>
>    <RELATION id="4" head="V306599" res="V306592" label="FIGURE"/>
>    <PHRASE id="V306655" indicator="THE" type="IMAGE" text="BACKGROUND" start="16" end="31"/>
>   </SENTENCE>
>  </SCENE>
> </SpRL>
