2,445c2,60
< <?xml-stylesheet type="text/xsl" href="../style/parser-interface.xsl"?>
< <!DOCTYPE trips-parser-output SYSTEM "../trips-parser-output.dtd">
< <trips-parser-output parser-build-date="2017-09-20T12:11:02-0500" system="STEP" extsformat="svg" tagsformat="hidden" treecontents="phrase" treeformat="LinGO" lfformat="svg" semantic-skeleton-scoring="T" rule-sets="" input="a dark-haired , dark-skinned girl in grey tee-shirt with Pokemon print and pink edge standing in a classroom in front of the desks .
< ">
< <debug>
< 
<  FOUNDS SEQUENCE from constit (% W::NP (W::BARE-SEQUENCE -) (W::CONSTRAINT -)
<                                  (W::MASS W::BARE) (W::GENERATED +)
<                                  (W::POSTADVBL +)
<                                  (W::SEM ?8607:(?425845:(F::PHYS-OBJ
<                                                          F::ABSTR-OBJ) NIL))
<                                  (W::LF (% W::DESCRIPTION (W::STATUS ONT::DEFINITE)
<                                            (W::VAR V48554)
<                                            (W::SORT W::INDIVIDUAL)
<                                            (W::LEX (W::A))
<                                            (W::CLASS ONT::SEQUENCE)
<                                            (W::CONSTRAINT (% &amp; (W::NAME-OF (W::A))
<                                                              (W::VAL (W::A))))
<                                            (W::LEX W::A) (W::SEM ?425843)
<                                            (W::TRANSFORM ?425844)))
<                                  (W::CASE ?425842:(W::SUB W::OBJ -))
<                                  (W::AGR ?425841) (W::CLASS ONT::ANY-SEM)
<                                  (W::VAR V48554) (W::SORT W::PRED) (W::NAME -)
<                                  (W::PRO -) (W::CHANGEAGR -) (W::LEX W::A)
<                                  (W::HEADCAT W::VALUE) (W::TRANSFORM -)
<                                  (W::REFL -) (1 RNUMBER49463))
< 
<  FOUNDS SEQUENCE from constit (% W::NP (W::BARE-SEQUENCE -) (W::CONSTRAINT -)
<                                  (W::MASS W::BARE) (W::GENERATED +)
<                                  (W::POSTADVBL +)
<                                  (W::SEM ?8607:(?426140:(F::PHYS-OBJ
<                                                          F::ABSTR-OBJ) NIL))
<                                  (W::LF (% W::DESCRIPTION (W::STATUS ONT::DEFINITE)
<                                            (W::VAR V48557)
<                                            (W::SORT W::INDIVIDUAL)
<                                            (W::LEX (W::A))
<                                            (W::CLASS ONT::SEQUENCE)
<                                            (W::CONSTRAINT (% &amp; (W::NAME-OF (W::A))
<                                                              (W::VAL (W::A))))
<                                            (W::LEX W::A) (W::SEM ?426138)
<                                            (W::TRANSFORM ?426139)))
<                                  (W::CASE ?426137:(W::SUB W::OBJ -))
<                                  (W::AGR ?426136) (W::CLASS ONT::ANY-SEM)
<                                  (W::VAR V48557) (W::SORT W::PRED) (W::NAME -)
<                                  (W::PRO -) (W::CHANGEAGR -) (W::LEX W::A)
<                                  (W::HEADCAT W::VALUE) (W::TRANSFORM -)
<                                  (W::REFL -) (1 RNUMBER49465))
< *last-utt-id*=NIL  utt-id+2
< *last-utt-id*=2  utt-id+2
< *last-utt-id*=2  utt-id+2
< *last-utt-id*=2  utt-id+NIL</debug><compound-communication-act>
< <utt><words><lisp>(W::A W::DARK W::PUNC-MINUS W::HAIRED W::DARK W::PUNC-MINUS W::SKINNED W::GIRL)</lisp><word>A</word><word>DARK</word><word>PUNC-MINUS</word><word>HAIRED</word><word>DARK</word><word>PUNC-MINUS</word><word>SKINNED</word><word>GIRL</word></words><tags><lisp>((WORD &quot;a&quot; :FRAME (0 1) :SENSE-INFO
<   ((:PENN-PARTS-OF-SPEECH (DT) :TRIPS-PARTS-OF-SPEECH (W::ART W::QUAN W::PRO)))
<   :UTTNUM 2 :CHANNEL DESKTOP :DIRECTION INPUT)
<  (WORD &quot;dark&quot; :FRAME (2 5) :SENSE-INFO
<   ((:PENN-PARTS-OF-SPEECH (NN) :TRIPS-PARTS-OF-SPEECH (W::N))) :UTTNUM 2
<   :CHANNEL DESKTOP :DIRECTION INPUT)
<  (WORD &quot;-&quot; :FRAME (6 6) :SENSE-INFO
<   ((:PENN-PARTS-OF-SPEECH (COLON) :TRIPS-PARTS-OF-SPEECH (W::PUNC))) :UTTNUM 2
<   :CHANNEL DESKTOP :DIRECTION INPUT)
<  (WORD &quot;haired&quot; :FRAME (7 13) :SENSE-INFO
<   ((:PENN-PARTS-OF-SPEECH (JJ) :TRIPS-PARTS-OF-SPEECH (W::ADJ))) :UTTNUM 2
<   :CHANNEL DESKTOP :DIRECTION INPUT)
<  (WORD &quot;dark-haired&quot; :FRAME (2 13) :SENSE-INFO
<   ((:PENN-PARTS-OF-SPEECH (JJ) :TRIPS-PARTS-OF-SPEECH (W::ADJ) :WN-SENSE-KEYS
<     (&quot;dark-haired%5:00:00&quot;)))
<   :UTTNUM 2 :CHANNEL DESKTOP :DIRECTION INPUT)
<  (WORD &quot;,&quot; :FRAME (14 15) :SENSE-INFO
<   ((:PENN-PARTS-OF-SPEECH (COMMA) :TRIPS-PARTS-OF-SPEECH (W::PUNC))) :UTTNUM 2
<   :CHANNEL DESKTOP :DIRECTION INPUT)
<  (WORD &quot;dark&quot; :FRAME (16 19) :SENSE-INFO
<   ((:PENN-PARTS-OF-SPEECH (JJ) :TRIPS-PARTS-OF-SPEECH (W::ADJ))) :UTTNUM 2
<   :CHANNEL DESKTOP :DIRECTION INPUT)
<  (WORD &quot;-&quot; :FRAME (20 20) :SENSE-INFO
<   ((:PENN-PARTS-OF-SPEECH (COLON) :TRIPS-PARTS-OF-SPEECH (W::PUNC))) :UTTNUM 2
<   :CHANNEL DESKTOP :DIRECTION INPUT)
<  (WORD &quot;skinned&quot; :FRAME (21 28) :SENSE-INFO
<   ((:PENN-PARTS-OF-SPEECH (VBN) :TRIPS-PARTS-OF-SPEECH (W::V))) :UTTNUM 2
<   :CHANNEL DESKTOP :DIRECTION INPUT)
<  (WORD &quot;dark-skinned&quot; :FRAME (16 28) :SENSE-INFO
<   ((:PENN-PARTS-OF-SPEECH (JJ) :TRIPS-PARTS-OF-SPEECH (W::ADJ) :WN-SENSE-KEYS
<     (&quot;dark-skinned%5:00:00&quot;)))
<   :UTTNUM 2 :CHANNEL DESKTOP :DIRECTION INPUT)
<  (WORD &quot;girl&quot; :FRAME (29 33) :SENSE-INFO
<   ((:PENN-PARTS-OF-SPEECH (NN) :TRIPS-PARTS-OF-SPEECH (W::N))) :UTTNUM 2
<   :CHANNEL DESKTOP :DIRECTION INPUT)
<  (PREFER &quot;a dark-haired , dark-skinned girl&quot; :FRAME (0 33) :PENN-CATS (NP)
<   :TRIPS-CATS (W::NP) :SCORE 41.32 :UTTNUM 2 :CHANNEL DESKTOP :DIRECTION INPUT))</lisp><word lex="a" start="0" end="1"><sense-info penn-parts-of-speech="DT" trips-parts-of-speech="ART,QUAN,PRO" /></word><word lex="dark" start="2" end="5"><sense-info penn-parts-of-speech="NN" trips-parts-of-speech="N" /></word><word lex="-" start="6" end="6"><sense-info penn-parts-of-speech="COLON" trips-parts-of-speech="PUNC" /></word><word lex="haired" start="7" end="13"><sense-info penn-parts-of-speech="JJ" trips-parts-of-speech="ADJ" /></word><word lex="dark-haired" start="2" end="13"><sense-info penn-parts-of-speech="JJ" trips-parts-of-speech="ADJ" wn-sense-keys="dark-haired%5:00:00" /></word><word lex="," start="14" end="15"><sense-info penn-parts-of-speech="COMMA" trips-parts-of-speech="PUNC" /></word><word lex="dark" start="16" end="19"><sense-info penn-parts-of-speech="JJ" trips-parts-of-speech="ADJ" /></word><word lex="-" start="20" end="20"><sense-info penn-parts-of-speech="COLON" trips-parts-of-speech="PUNC" /></word><word lex="skinned" start="21" end="28"><sense-info penn-parts-of-speech="VBN" trips-parts-of-speech="V" /></word><word lex="dark-skinned" start="16" end="28"><sense-info penn-parts-of-speech="JJ" trips-parts-of-speech="ADJ" wn-sense-keys="dark-skinned%5:00:00" /></word><word lex="girl" start="29" end="33"><sense-info penn-parts-of-speech="NN" trips-parts-of-speech="N" /></word><prefer text="a dark-haired , dark-skinned girl" start="0" end="33" penn-cats="NP" score="41.32" /></tags><tree><lisp>(NP (SPEC (DET (ART A)))
<  (N1 (ADJP (ADJ1 (ADJ DARK PUNC-MINUS HAIRED)))
<   (N1 (ADJP (ADJ1 (ADJ DARK))) (WORD PUNC-MINUS)
<    (N1 (ADJP (VP- (V SKINNED))) (N1 (N GIRL))))))</lisp><NP><SPEC><DET><ART>A</ART></DET></SPEC><N1><ADJP><ADJ1><ADJ>DARK PUNC-MINUS HAIRED</ADJ></ADJ1></ADJP><N1><ADJP><ADJ1><ADJ>DARK</ADJ></ADJ1></ADJP><WORD>PUNC-MINUS</WORD><N1><ADJP><VP-><V>SKINNED</V></VP-></ADJP><N1><N>GIRL</N></N1></N1></N1></N1></NP></tree><terms root="#V43192"><lisp>((ONT::A ONT::V43192 (:* ONT::FEMALE-CHILD W::GIRL) :MOD ONT::V43158 :MOD
<   ONT::V43165 :MOD ONT::V43175 :START 0 :END 34)
<  (ONT::F ONT::V43158 (:* ONT::MODIFIER W::DARK-PUNC-MINUS-HAIRED) :FIGURE
<   ONT::V43192 :START 2 :END 14 :WNSENSE &quot;dark-haired%5:00:00&quot;)
<  (ONT::F ONT::V43165 (:* ONT::DARK-IN-COLOR-VAL W::DARK) :FIGURE ONT::V43192
<   :START 16 :END 20)
<  (ONT::F ONT::V43175 (:* ONT::MOVE W::SKINNED) :AFFECTED ONT::V43192 :START 21
<   :END 29))</lisp><rdf:RDF
<   xmlns:rdf="http://www.w3.org/1999/02/22-rdf-syntax-ns#"
<   xmlns:role="http://www.cs.rochester.edu/research/trips/role#"
<   xmlns:LF="http://www.cs.rochester.edu/research/trips/LF#">
<   <rdf:Description rdf:ID="V43192">
<     <LF:indicator>A</LF:indicator>
<     <LF:type>FEMALE-CHILD</LF:type>
<     <LF:word>GIRL</LF:word>
<     <role:MOD rdf:resource="#V43158" />
<     <role:MOD rdf:resource="#V43165" />
<     <role:MOD rdf:resource="#V43175" />
<     <LF:start>0</LF:start>
<     <LF:end>34</LF:end>
<   </rdf:Description>
<   <rdf:Description rdf:ID="V43158">
<     <LF:indicator>F</LF:indicator>
<     <LF:type>MODIFIER</LF:type>
<     <LF:word>DARK-PUNC-MINUS-HAIRED</LF:word>
<     <role:FIGURE rdf:resource="#V43192" />
<     <LF:start>2</LF:start>
<     <LF:end>14</LF:end>
<     <role:WNSENSE>dark-haired%5:00:00</role:WNSENSE>
<   </rdf:Description>
<   <rdf:Description rdf:ID="V43165">
<     <LF:indicator>F</LF:indicator>
<     <LF:type>DARK-IN-COLOR-VAL</LF:type>
<     <LF:word>DARK</LF:word>
<     <role:FIGURE rdf:resource="#V43192" />
<     <LF:start>16</LF:start>
<     <LF:end>20</LF:end>
<   </rdf:Description>
<   <rdf:Description rdf:ID="V43175">
<     <LF:indicator>F</LF:indicator>
<     <LF:type>MOVE</LF:type>
<     <LF:word>SKINNED</LF:word>
<     <role:AFFECTED rdf:resource="#V43192" />
<     <LF:start>21</LF:start>
<     <LF:end>29</LF:end>
<   </rdf:Description>
< </rdf:RDF>
< </terms></utt><utt><words><lisp>(W::IN W::GREY W::TEE W::PUNC-MINUS W::SHIRT W::WITH W::POKEMON W::PRINT)</lisp><word>IN</word><word>GREY</word><word>TEE</word><word>PUNC-MINUS</word><word>SHIRT</word><word>WITH</word><word>POKEMON</word><word>PRINT</word></words><tags><lisp>((WORD &quot;in&quot; :FRAME (34 36) :SENSE-INFO
<   ((:PENN-PARTS-OF-SPEECH (IN) :TRIPS-PARTS-OF-SPEECH (W::PREP W::ADV)))
<   :UTTNUM 2 :CHANNEL DESKTOP :DIRECTION INPUT)
<  (WORD &quot;grey&quot; :FRAME (37 41) :SENSE-INFO
<   ((:PENN-PARTS-OF-SPEECH (NN JJ) :TRIPS-PARTS-OF-SPEECH (W::N W::ADJ)
<     :ALTERNATE-SPELLINGS (&quot;gray&quot;)))
<   :UTTNUM 2 :CHANNEL DESKTOP :DIRECTION INPUT)
<  (WORD &quot;tee&quot; :FRAME (42 44) :SENSE-INFO
<   ((:PENN-PARTS-OF-SPEECH (NN) :TRIPS-PARTS-OF-SPEECH (W::N))) :UTTNUM 2
<   :CHANNEL DESKTOP :DIRECTION INPUT)
<  (WORD &quot;-&quot; :FRAME (45 45) :SENSE-INFO
<   ((:PENN-PARTS-OF-SPEECH (COLON) :TRIPS-PARTS-OF-SPEECH (W::PUNC))) :UTTNUM 2
<   :CHANNEL DESKTOP :DIRECTION INPUT)
<  (WORD &quot;shirt&quot; :FRAME (46 51) :SENSE-INFO
<   ((:PENN-PARTS-OF-SPEECH (NN) :TRIPS-PARTS-OF-SPEECH (W::N))) :UTTNUM 2
<   :CHANNEL DESKTOP :DIRECTION INPUT)
<  (WORD &quot;tee-shirt&quot; :FRAME (42 51) :SENSE-INFO
<   ((:PENN-PARTS-OF-SPEECH (NN) :TRIPS-PARTS-OF-SPEECH (W::N))) :UTTNUM 2
<   :CHANNEL DESKTOP :DIRECTION INPUT)
<  (PREFER &quot;grey tee-shirt&quot; :FRAME (37 51) :PENN-CATS (NP) :TRIPS-CATS (W::NP)
<   :SCORE 25.805 :UTTNUM 2 :CHANNEL DESKTOP :DIRECTION INPUT)
<  (PREFER &quot;in grey tee-shirt&quot; :FRAME (34 51) :PENN-CATS (PP) :TRIPS-CATS (W::PP)
<   :SCORE 28.057 :UTTNUM 2 :CHANNEL DESKTOP :DIRECTION INPUT)
<  (WORD &quot;with&quot; :FRAME (52 56) :SENSE-INFO
<   ((:PENN-PARTS-OF-SPEECH (IN) :TRIPS-PARTS-OF-SPEECH (W::PREP W::ADV)))
<   :UTTNUM 2 :CHANNEL DESKTOP :DIRECTION INPUT)
<  (WORD &quot;Pokemon&quot; :FRAME (57 64) :SENSE-INFO
<   ((:PENN-PARTS-OF-SPEECH (NNP) :TRIPS-PARTS-OF-SPEECH (W::NAME) :ONT-TYPES
<     (ONT::PERSON)))
<   :UTTNUM 2 :CHANNEL DESKTOP :DIRECTION INPUT)
<  (WORD &quot;print&quot; :FRAME (65 70) :SENSE-INFO
<   ((:PENN-PARTS-OF-SPEECH (NN) :TRIPS-PARTS-OF-SPEECH (W::N))) :UTTNUM 2
<   :CHANNEL DESKTOP :DIRECTION INPUT))</lisp><word lex="in" start="34" end="36"><sense-info penn-parts-of-speech="IN" trips-parts-of-speech="PREP,ADV" /></word><word lex="grey" start="37" end="41"><sense-info penn-parts-of-speech="NN,JJ" trips-parts-of-speech="N,ADJ" alternate-spellings="gray" /></word><word lex="tee" start="42" end="44"><sense-info penn-parts-of-speech="NN" trips-parts-of-speech="N" /></word><word lex="-" start="45" end="45"><sense-info penn-parts-of-speech="COLON" trips-parts-of-speech="PUNC" /></word><word lex="shirt" start="46" end="51"><sense-info penn-parts-of-speech="NN" trips-parts-of-speech="N" /></word><word lex="tee-shirt" start="42" end="51"><sense-info penn-parts-of-speech="NN" trips-parts-of-speech="N" /></word><prefer text="grey tee-shirt" start="37" end="51" penn-cats="NP" score="25.805" /><prefer text="in grey tee-shirt" start="34" end="51" penn-cats="PP" score="28.057" /><word lex="with" start="52" end="56"><sense-info penn-parts-of-speech="IN" trips-parts-of-speech="PREP,ADV" /></word><word lex="Pokemon" start="57" end="64"><sense-info penn-parts-of-speech="NNP" trips-parts-of-speech="NAME" ont-types="PERSON" /></word><word lex="print" start="65" end="70"><sense-info penn-parts-of-speech="NN" trips-parts-of-speech="N" /></word></tags><tree><lisp>(UTT
<  (S
<   (ADVBL (ADV IN)
<    (NP (N1 (ADJP (ADJ1 (ADJ GREY))) (N1 (N TEE PUNC-MINUS SHIRT)))))
<   (S (ADVBL (ADV WITH) (NP (NAME POKEMON))) (S (VP (VP- (V PRINT)))))))</lisp><UTT><S><ADVBL><ADV>IN</ADV><NP><N1><ADJP><ADJ1><ADJ>GREY</ADJ></ADJ1></ADJP><N1><N>TEE PUNC-MINUS SHIRT</N></N1></N1></NP></ADVBL><S><ADVBL><ADV>WITH</ADV><NP><NAME>POKEMON</NAME></NP></ADVBL><S><VP><VP-><V>PRINT</V></VP-></VP></S></S></S></UTT></tree><terms root="#V50238"><lisp>((ONT::SPEECHACT ONT::V50238 ONT::SA_REQUEST :CONTENT ONT::V43296 :START 34
<   :END 71)
<  (ONT::F ONT::V43296
<   (:* ONT::AUTHOR-WRITE-BURN-PRINT_REPRINT_TYPE_RETYPE_MISTYPE W::PRINT) :AGENT
<   ONT::V43910 :LOCATION ONT::V43199 :AGENT1 ONT::V43278 :TENSE W::PRES :VFORM
<   W::BASE :START 34 :END 71)
<  (ONT::IMPRO ONT::V43910 ONT::PERSON :PROFORM W::*YOU* :START 34 :END 71 :COREF
<   SYS)
<  (ONT::F ONT::V43199 (:* ONT::IN-LOC W::IN) :GROUND ONT::V43272 :FIGURE
<   ONT::V43296 :START 34 :END 52)
<  (ONT::BARE ONT::V43272 (:* ONT::ATTIRE W::TEE-PUNC-MINUS-SHIRT) :MOD
<   ONT::V43248 :START 37 :END 52)
<  (ONT::F ONT::V43248 (:* ONT::GRAY W::GREY) :FIGURE ONT::V43272 :SCALE
<   ONT::GREYNESS*1--07--00 :START 37 :END 42)
<  (ONT::F ONT::V43278 (:* ONT::ACCOMPANIMENT W::WITH) :GROUND ONT::V43290
<   :FIGURE ONT::V43296 :START 52 :END 65)
<  (ONT::THE ONT::V43290 (:* ONT::PERSON W::POKEMON) :NAME-OF (W::POKEMON) :START
<   57 :END 65))</lisp><rdf:RDF
<   xmlns:rdf="http://www.w3.org/1999/02/22-rdf-syntax-ns#"
<   xmlns:role="http://www.cs.rochester.edu/research/trips/role#"
<   xmlns:LF="http://www.cs.rochester.edu/research/trips/LF#">
<   <rdf:Description rdf:ID="V50238">
<     <LF:indicator>SPEECHACT</LF:indicator>
<     <LF:type>SA_REQUEST</LF:type>
<     <role:CONTENT rdf:resource="#V43296" />
<     <LF:start>34</LF:start>
<     <LF:end>71</LF:end>
<   </rdf:Description>
<   <rdf:Description rdf:ID="V43296">
<     <LF:indicator>F</LF:indicator>
<     <LF:type>AUTHOR-WRITE-BURN-PRINT_REPRINT_TYPE_RETYPE_MISTYPE</LF:type>
<     <LF:word>PRINT</LF:word>
<     <role:AGENT rdf:resource="#V43910" />
<     <role:LOCATION rdf:resource="#V43199" />
<     <role:AGENT1 rdf:resource="#V43278" />
<     <role:TENSE>PRES</role:TENSE>
<     <role:VFORM>BASE</role:VFORM>
<     <LF:start>34</LF:start>
<     <LF:end>71</LF:end>
<   </rdf:Description>
<   <rdf:Description rdf:ID="V43910">
<     <LF:indicator>IMPRO</LF:indicator>
<     <LF:type>PERSON</LF:type>
<     <role:PROFORM>*YOU*</role:PROFORM>
<     <LF:start>34</LF:start>
<     <LF:end>71</LF:end>
<     <role:COREF>SYS</role:COREF>
<   </rdf:Description>
<   <rdf:Description rdf:ID="V43199">
<     <LF:indicator>F</LF:indicator>
<     <LF:type>IN-LOC</LF:type>
<     <LF:word>IN</LF:word>
<     <role:GROUND rdf:resource="#V43272" />
<     <role:FIGURE rdf:resource="#V43296" />
<     <LF:start>34</LF:start>
<     <LF:end>52</LF:end>
<   </rdf:Description>
<   <rdf:Description rdf:ID="V43272">
<     <LF:indicator>BARE</LF:indicator>
<     <LF:type>ATTIRE</LF:type>
<     <LF:word>TEE-PUNC-MINUS-SHIRT</LF:word>
<     <role:MOD rdf:resource="#V43248" />
<     <LF:start>37</LF:start>
<     <LF:end>52</LF:end>
<   </rdf:Description>
<   <rdf:Description rdf:ID="V43248">
<     <LF:indicator>F</LF:indicator>
<     <LF:type>GRAY</LF:type>
<     <LF:word>GREY</LF:word>
<     <role:FIGURE rdf:resource="#V43272" />
<     <role:SCALE>GREYNESS*1--07--00</role:SCALE>
<     <LF:start>37</LF:start>
<     <LF:end>42</LF:end>
<   </rdf:Description>
<   <rdf:Description rdf:ID="V43278">
<     <LF:indicator>F</LF:indicator>
<     <LF:type>ACCOMPANIMENT</LF:type>
<     <LF:word>WITH</LF:word>
<     <role:GROUND rdf:resource="#V43290" />
<     <role:FIGURE rdf:resource="#V43296" />
<     <LF:start>52</LF:start>
<     <LF:end>65</LF:end>
<   </rdf:Description>
<   <rdf:Description rdf:ID="V43290">
<     <LF:indicator>THE</LF:indicator>
<     <LF:type>PERSON</LF:type>
<     <LF:word>POKEMON</LF:word>
<     <role:NAME-OF>(POKEMON)</role:NAME-OF>
<     <LF:start>57</LF:start>
<     <LF:end>65</LF:end>
<   </rdf:Description>
< </rdf:RDF>
< </terms></utt><utt><words><lisp>(W::AND W::PINK W::EDGE W::STANDING W::IN W::A W::CLASSROOM W::IN W::FRONT
<  W::OF W::THE W::DESKS)</lisp><word>AND</word><word>PINK</word><word>EDGE</word><word>STANDING</word><word>IN</word><word>A</word><word>CLASSROOM</word><word>IN</word><word>FRONT</word><word>OF</word><word>THE</word><word>DESKS</word></words><tags><lisp>((WORD &quot;and&quot; :FRAME (71 74) :SENSE-INFO
<   ((:PENN-PARTS-OF-SPEECH (CC) :TRIPS-PARTS-OF-SPEECH (W::CONJ))) :UTTNUM 2
<   :CHANNEL DESKTOP :DIRECTION INPUT)
<  (WORD &quot;pink&quot; :FRAME (75 79) :SENSE-INFO
<   ((:PENN-PARTS-OF-SPEECH (JJ) :TRIPS-PARTS-OF-SPEECH (W::ADJ))) :UTTNUM 2
<   :CHANNEL DESKTOP :DIRECTION INPUT)
<  (WORD &quot;edge&quot; :FRAME (80 84) :SENSE-INFO
<   ((:PENN-PARTS-OF-SPEECH (NN) :TRIPS-PARTS-OF-SPEECH (W::N))) :UTTNUM 2
<   :CHANNEL DESKTOP :DIRECTION INPUT)
<  (WORD &quot;standing&quot; :FRAME (85 93) :SENSE-INFO
<   ((:PENN-PARTS-OF-SPEECH (NN) :TRIPS-PARTS-OF-SPEECH (W::N))) :UTTNUM 2
<   :CHANNEL DESKTOP :DIRECTION INPUT)
<  (PREFER &quot;Pokemon print and pink edge standing&quot; :FRAME (57 93) :PENN-CATS (NP)
<   :TRIPS-CATS (W::NP) :SCORE 64.001 :UTTNUM 2 :CHANNEL DESKTOP :DIRECTION
<   INPUT)
<  (WORD &quot;in&quot; :FRAME (94 96) :SENSE-INFO
<   ((:PENN-PARTS-OF-SPEECH (IN) :TRIPS-PARTS-OF-SPEECH (W::PREP W::ADV)))
<   :UTTNUM 2 :CHANNEL DESKTOP :DIRECTION INPUT)
<  (WORD &quot;standing in&quot; :FRAME (85 96) :SENSE-INFO
<   ((:PENN-PARTS-OF-SPEECH (VBG) :TRIPS-PARTS-OF-SPEECH (W::V) :WN-SENSE-KEYS
<     (&quot;stand_in%2:40:00&quot;)))
<   :UTTNUM 2 :CHANNEL DESKTOP :DIRECTION INPUT)
<  (WORD &quot;a&quot; :FRAME (97 98) :SENSE-INFO
<   ((:PENN-PARTS-OF-SPEECH (DT) :TRIPS-PARTS-OF-SPEECH (W::ART W::QUAN W::PRO)))
<   :UTTNUM 2 :CHANNEL DESKTOP :DIRECTION INPUT)
<  (WORD &quot;classroom&quot; :FRAME (99 108) :SENSE-INFO
<   ((:PENN-PARTS-OF-SPEECH (NN) :TRIPS-PARTS-OF-SPEECH (W::N))) :UTTNUM 2
<   :CHANNEL DESKTOP :DIRECTION INPUT)
<  (PREFER &quot;a classroom&quot; :FRAME (97 108) :PENN-CATS (NP) :TRIPS-CATS (W::NP)
<   :SCORE 13.447 :UTTNUM 2 :CHANNEL DESKTOP :DIRECTION INPUT)
<  (WORD &quot;in&quot; :FRAME (109 111) :SENSE-INFO
<   ((:PENN-PARTS-OF-SPEECH (IN) :TRIPS-PARTS-OF-SPEECH (W::PREP W::ADV)))
<   :UTTNUM 2 :CHANNEL DESKTOP :DIRECTION INPUT)
<  (WORD &quot;front&quot; :FRAME (112 117) :SENSE-INFO
<   ((:PENN-PARTS-OF-SPEECH (NN) :TRIPS-PARTS-OF-SPEECH (W::N))) :UTTNUM 2
<   :CHANNEL DESKTOP :DIRECTION INPUT)
<  (PREFER &quot;front&quot; :FRAME (112 117) :PENN-CATS (NP) :TRIPS-CATS (W::NP) :SCORE
<   10.668 :UTTNUM 2 :CHANNEL DESKTOP :DIRECTION INPUT)
<  (WORD &quot;in front&quot; :FRAME (109 117) :SENSE-INFO
<   ((:PENN-PARTS-OF-SPEECH (RB) :TRIPS-PARTS-OF-SPEECH (W::ADV) :WN-SENSE-KEYS
<     (&quot;in_front%4:02:00&quot;)))
<   :UTTNUM 2 :CHANNEL DESKTOP :DIRECTION INPUT)
<  (PREFER &quot;in front&quot; :FRAME (109 117) :PENN-CATS (PP) :TRIPS-CATS (W::PP) :SCORE
<   12.92 :UTTNUM 2 :CHANNEL DESKTOP :DIRECTION INPUT)
<  (PREFER &quot;a classroom in front&quot; :FRAME (97 117) :PENN-CATS (NP) :TRIPS-CATS
<   (W::NP) :SCORE 26.908 :UTTNUM 2 :CHANNEL DESKTOP :DIRECTION INPUT)
<  (PREFER &quot;in a classroom in front&quot; :FRAME (94 117) :PENN-CATS (PP) :TRIPS-CATS
<   (W::PP) :SCORE 30.504 :UTTNUM 2 :CHANNEL DESKTOP :DIRECTION INPUT)
<  (PREFER &quot;Pokemon print and pink edge standing in a classroom in front&quot; :FRAME
<   (57 117) :PENN-CATS (NP) :TRIPS-CATS (W::NP) :SCORE 95.045 :UTTNUM 2 :CHANNEL
<   DESKTOP :DIRECTION INPUT)
<  (PREFER &quot;with Pokemon print and pink edge standing in a classroom in front&quot;
<   :FRAME (52 117) :PENN-CATS (PP) :TRIPS-CATS (W::PP) :SCORE 100.19 :UTTNUM 2
<   :CHANNEL DESKTOP :DIRECTION INPUT)
<  (WORD &quot;of&quot; :FRAME (118 120) :SENSE-INFO
<   ((:PENN-PARTS-OF-SPEECH (IN) :TRIPS-PARTS-OF-SPEECH (W::PREP W::ADV)))
<   :UTTNUM 2 :CHANNEL DESKTOP :DIRECTION INPUT)
<  (WORD &quot;the&quot; :FRAME (121 124) :SENSE-INFO
<   ((:PENN-PARTS-OF-SPEECH (DT) :TRIPS-PARTS-OF-SPEECH (W::ART W::QUAN W::PRO)))
<   :UTTNUM 2 :CHANNEL DESKTOP :DIRECTION INPUT)
<  (WORD &quot;desks&quot; :FRAME (125 130) :SENSE-INFO
<   ((:PENN-PARTS-OF-SPEECH (NNS) :TRIPS-PARTS-OF-SPEECH (W::N))) :UTTNUM 2
<   :CHANNEL DESKTOP :DIRECTION INPUT)
<  (PREFER &quot;the desks&quot; :FRAME (121 130) :PENN-CATS (NP) :TRIPS-CATS (W::NP)
<   :SCORE 13.19 :UTTNUM 2 :CHANNEL DESKTOP :DIRECTION INPUT)
<  (PREFER &quot;of the desks&quot; :FRAME (118 130) :PENN-CATS (PP) :TRIPS-CATS (W::PP)
<   :SCORE 14.257 :UTTNUM 2 :CHANNEL DESKTOP :DIRECTION INPUT)
<  (WORD &quot;.&quot; :FRAME (131 131) :SENSE-INFO
<   ((:PENN-PARTS-OF-SPEECH (FULL_STOP) :TRIPS-PARTS-OF-SPEECH (W::PUNC)))
<   :UTTNUM 2 :CHANNEL DESKTOP :DIRECTION INPUT)
<  (PREFER
<   &quot;a dark-haired , dark-skinned girl in grey tee-shirt with Pokemon print and pink edge standing in a classroom in front of the desks .&quot;
<   :FRAME (0 131) :PENN-CATS (NP) :TRIPS-CATS (W::NP) :SCORE 188.906 :UTTNUM 2
<   :CHANNEL DESKTOP :DIRECTION INPUT))</lisp><word lex="and" start="71" end="74"><sense-info penn-parts-of-speech="CC" trips-parts-of-speech="CONJ" /></word><word lex="pink" start="75" end="79"><sense-info penn-parts-of-speech="JJ" trips-parts-of-speech="ADJ" /></word><word lex="edge" start="80" end="84"><sense-info penn-parts-of-speech="NN" trips-parts-of-speech="N" /></word><word lex="standing" start="85" end="93"><sense-info penn-parts-of-speech="NN" trips-parts-of-speech="N" /></word><prefer text="Pokemon print and pink edge standing" start="57" end="93" penn-cats="NP" score="64.001" /><word lex="in" start="94" end="96"><sense-info penn-parts-of-speech="IN" trips-parts-of-speech="PREP,ADV" /></word><word lex="standing in" start="85" end="96"><sense-info penn-parts-of-speech="VBG" trips-parts-of-speech="V" wn-sense-keys="stand_in%2:40:00" /></word><word lex="a" start="97" end="98"><sense-info penn-parts-of-speech="DT" trips-parts-of-speech="ART,QUAN,PRO" /></word><word lex="classroom" start="99" end="108"><sense-info penn-parts-of-speech="NN" trips-parts-of-speech="N" /></word><prefer text="a classroom" start="97" end="108" penn-cats="NP" score="13.447" /><word lex="in" start="109" end="111"><sense-info penn-parts-of-speech="IN" trips-parts-of-speech="PREP,ADV" /></word><word lex="front" start="112" end="117"><sense-info penn-parts-of-speech="NN" trips-parts-of-speech="N" /></word><prefer text="front" start="112" end="117" penn-cats="NP" score="10.668" /><word lex="in front" start="109" end="117"><sense-info penn-parts-of-speech="RB" trips-parts-of-speech="ADV" wn-sense-keys="in_front%4:02:00" /></word><prefer text="in front" start="109" end="117" penn-cats="PP" score="12.92" /><prefer text="a classroom in front" start="97" end="117" penn-cats="NP" score="26.908" /><prefer text="in a classroom in front" start="94" end="117" penn-cats="PP" score="30.504" /><prefer text="Pokemon print and pink edge standing in a classroom in front" start="57" end="117" penn-cats="NP" score="95.045" /><prefer text="with Pokemon print and pink edge standing in a classroom in front" start="52" end="117" penn-cats="PP" score="100.19" /><word lex="of" start="118" end="120"><sense-info penn-parts-of-speech="IN" trips-parts-of-speech="PREP,ADV" /></word><word lex="the" start="121" end="124"><sense-info penn-parts-of-speech="DT" trips-parts-of-speech="ART,QUAN,PRO" /></word><word lex="desks" start="125" end="130"><sense-info penn-parts-of-speech="NNS" trips-parts-of-speech="N" /></word><prefer text="the desks" start="121" end="130" penn-cats="NP" score="13.19" /><prefer text="of the desks" start="118" end="130" penn-cats="PP" score="14.257" /><word lex="." start="131" end="131"><sense-info penn-parts-of-speech="FULL_STOP" trips-parts-of-speech="PUNC" /></word><prefer text="a dark-haired , dark-skinned girl in grey tee-shirt with Pokemon print and pink edge standing in a classroom in front of the desks ." start="0" end="131" penn-cats="NP" score="188.906" /></tags><tree><lisp>(UTT (ADVBL (ADV AND))
<  (UTT
<   (NP
<    (N1
<     (N1 (N1 (NP (N1 (ADJP (ADJ1 (ADJ PINK))) (N1 (N EDGE)))) (N1 (V STANDING)))
<      (ADVBL (ADV IN) (NP (SPEC (DET (ART A))) (N1 (N CLASSROOM)))))
<     (ADVBL (ADV (WORD IN) (WORD FRONT))
<      (PP (PREP OF) (NP (SPEC (DET (ART THE))) (N1 (N DESKS)))))))))</lisp><UTT><ADVBL><ADV>AND</ADV></ADVBL><UTT><NP><N1><N1><N1><NP><N1><ADJP><ADJ1><ADJ>PINK</ADJ></ADJ1></ADJP><N1><N>EDGE</N></N1></N1></NP><N1><V>STANDING</V></N1></N1><ADVBL><ADV>IN</ADV><NP><SPEC><DET><ART>A</ART></DET></SPEC><N1><N>CLASSROOM</N></N1></NP></ADVBL></N1><ADVBL><ADV><WORD>IN</WORD><WORD>FRONT</WORD></ADV><PP><PREP>OF</PREP><NP><SPEC><DET><ART>THE</ART></DET></SPEC><N1><N>DESKS</N></N1></NP></PP></ADVBL></N1></NP></UTT></UTT></tree><terms root="#V45640"><lisp>((ONT::SPEECHACT ONT::V45640 ONT::SA_IDENTIFY :CONTENT ONT::V43326 :MOD
<   ONT::V43304 :START 71 :END 131)
<  (ONT::F ONT::V43304 (:* ONT::CONJUNCT W::AND) :FIGURE ONT::V45640 :START 71
<   :END 75)
<  (ONT::BARE ONT::V43326 (:* ONT::BE-AT-LOC W::STAND) :NEUTRAL ONT::V43319
<   :LOCATION ONT::V43460 :LOCATION ONT::V43341 :START 75 :END 131)
<  (ONT::BARE ONT::V43319 (:* ONT::EDGE W::EDGE) :MOD ONT::V43312 :START 75 :END
<   85)
<  (ONT::F ONT::V43312 (:* ONT::PINK W::PINK) :FIGURE ONT::V43319 :SCALE
<   ONT::PINK*1--07--00 :START 75 :END 80)
<  (ONT::F ONT::V43341 (:* ONT::IN-LOC W::IN) :GROUND ONT::V43443 :FIGURE
<   ONT::V43326 :START 94 :END 109)
<  (ONT::A ONT::V43443 (:* ONT::INTERNAL-ENCLOSURE W::CLASSROOM) :START 97 :END
<   109)
<  (ONT::F ONT::V43460 (:* ONT::FRONT W::IN-FRONT) :GROUND ONT::V43567 :FIGURE
<   ONT::V43326 :START 109 :END 131)
<  (ONT::THE-SET ONT::V43567 (:* ONT::FURNISHINGS W::DESK) :START 118 :END 131))</lisp><rdf:RDF
<   xmlns:rdf="http://www.w3.org/1999/02/22-rdf-syntax-ns#"
<   xmlns:role="http://www.cs.rochester.edu/research/trips/role#"
<   xmlns:LF="http://www.cs.rochester.edu/research/trips/LF#">
<   <rdf:Description rdf:ID="V45640">
<     <LF:indicator>SPEECHACT</LF:indicator>
<     <LF:type>SA_IDENTIFY</LF:type>
<     <role:CONTENT rdf:resource="#V43326" />
<     <role:MOD rdf:resource="#V43304" />
<     <LF:start>71</LF:start>
<     <LF:end>131</LF:end>
<   </rdf:Description>
<   <rdf:Description rdf:ID="V43304">
<     <LF:indicator>F</LF:indicator>
<     <LF:type>CONJUNCT</LF:type>
<     <LF:word>AND</LF:word>
<     <role:FIGURE rdf:resource="#V45640" />
<     <LF:start>71</LF:start>
<     <LF:end>75</LF:end>
<   </rdf:Description>
<   <rdf:Description rdf:ID="V43326">
<     <LF:indicator>BARE</LF:indicator>
<     <LF:type>BE-AT-LOC</LF:type>
<     <LF:word>STAND</LF:word>
<     <role:NEUTRAL rdf:resource="#V43319" />
<     <role:LOCATION rdf:resource="#V43460" />
<     <role:LOCATION rdf:resource="#V43341" />
<     <LF:start>75</LF:start>
<     <LF:end>131</LF:end>
<   </rdf:Description>
<   <rdf:Description rdf:ID="V43319">
<     <LF:indicator>BARE</LF:indicator>
<     <LF:type>EDGE</LF:type>
<     <LF:word>EDGE</LF:word>
<     <role:MOD rdf:resource="#V43312" />
<     <LF:start>75</LF:start>
<     <LF:end>85</LF:end>
<   </rdf:Description>
<   <rdf:Description rdf:ID="V43312">
<     <LF:indicator>F</LF:indicator>
<     <LF:type>PINK</LF:type>
<     <LF:word>PINK</LF:word>
<     <role:FIGURE rdf:resource="#V43319" />
<     <role:SCALE>PINK*1--07--00</role:SCALE>
<     <LF:start>75</LF:start>
<     <LF:end>80</LF:end>
<   </rdf:Description>
<   <rdf:Description rdf:ID="V43341">
<     <LF:indicator>F</LF:indicator>
<     <LF:type>IN-LOC</LF:type>
<     <LF:word>IN</LF:word>
<     <role:GROUND rdf:resource="#V43443" />
<     <role:FIGURE rdf:resource="#V43326" />
<     <LF:start>94</LF:start>
<     <LF:end>109</LF:end>
<   </rdf:Description>
<   <rdf:Description rdf:ID="V43443">
<     <LF:indicator>A</LF:indicator>
<     <LF:type>INTERNAL-ENCLOSURE</LF:type>
<     <LF:word>CLASSROOM</LF:word>
<     <LF:start>97</LF:start>
<     <LF:end>109</LF:end>
<   </rdf:Description>
<   <rdf:Description rdf:ID="V43460">
<     <LF:indicator>F</LF:indicator>
<     <LF:type>FRONT</LF:type>
<     <LF:word>IN-FRONT</LF:word>
<     <role:GROUND rdf:resource="#V43567" />
<     <role:FIGURE rdf:resource="#V43326" />
<     <LF:start>109</LF:start>
<     <LF:end>131</LF:end>
<   </rdf:Description>
<   <rdf:Description rdf:ID="V43567">
<     <LF:indicator>THE-SET</LF:indicator>
<     <LF:type>FURNISHINGS</LF:type>
<     <LF:word>DESK</LF:word>
<     <LF:start>118</LF:start>
<     <LF:end>131</LF:end>
<   </rdf:Description>
< </rdf:RDF>
< </terms></utt></compound-communication-act>
< </trips-parser-output>
\ No newline at end of file
---
> <SpRL>
>  <SCENE>
>   <SENTENCE id="s1" indicator="A" type="FEMALE-CHILD" text="GIRL" start="0" end="34">
>    <TEXT>a dark-haired , dark-skinned girl i</TEXT>
>    <RELATION id="1" head="V43192" res="V43158" label="MOD"/>
>    <RELATION id="2" head="V43192" res="V43165" label="MOD"/>
>    <RELATION id="3" head="V43192" res="V43175" label="MOD"/>
>    <PHRASE id="V43158" indicator="F" type="MODIFIER" text="DARK-PUNC-MINUS-HAIRED" start="2" end="14" WNSENSE="dark-haired%5:00:00"/>
>    <RELATION id="4" head="V43158" res="V43192" label="FIGURE"/>
>    <PHRASE id="V43165" indicator="F" type="DARK-IN-COLOR-VAL" text="DARK" start="16" end="20"/>
>    <RELATION id="5" head="V43165" res="V43192" label="FIGURE"/>
>    <PHRASE id="V43175" indicator="F" type="MOVE" text="SKINNED" start="21" end="29"/>
>    <RELATION id="6" head="V43175" res="V43192" label="AFFECTED"/>
>   </SENTENCE>
>   <SENTENCE id="s2" indicator="SPEECHACT" type="SA_REQUEST" start="34" end="71">
>    <TEXT>in grey tee-shirt with Pokemon print a</TEXT>
>    <RELATION id="7" head="V50238" res="V43296" label="CONTENT"/>
>    <PHRASE id="V43296" indicator="F" type="AUTHOR-WRITE-BURN-PRINT_REPRINT_TYPE_RETYPE_MISTYPE" text="PRINT" TENSE="PRES" VFORM="BASE" start="34" end="71"/>
>    <RELATION id="8" head="V43296" res="V43910" label="AGENT"/>
>    <RELATION id="9" head="V43296" res="V43199" label="LOCATION"/>
>    <RELATION id="10" head="V43296" res="V43278" label="AGENT1"/>
>    <PHRASE id="V43910" indicator="IMPRO" type="PERSON" PROFORM="*YOU*" start="34" end="71" COREF="SYS"/>
>    <PHRASE id="V43199" indicator="F" type="IN-LOC" text="IN" start="34" end="52"/>
>    <RELATION id="11" head="V43199" res="V43272" label="GROUND"/>
>    <RELATION id="12" head="V43199" res="V43296" label="FIGURE"/>
>    <PHRASE id="V43272" indicator="BARE" type="ATTIRE" text="TEE-PUNC-MINUS-SHIRT" start="37" end="52"/>
>    <RELATION id="13" head="V43272" res="V43248" label="MOD"/>
>    <PHRASE id="V43248" indicator="F" type="GRAY" text="GREY" SCALE="GREYNESS*1--07--00" start="37" end="42"/>
>    <RELATION id="14" head="V43248" res="V43272" label="FIGURE"/>
>    <PHRASE id="V43278" indicator="F" type="ACCOMPANIMENT" text="WITH" start="52" end="65"/>
>    <RELATION id="15" head="V43278" res="V43290" label="GROUND"/>
>    <RELATION id="16" head="V43278" res="V43296" label="FIGURE"/>
>    <PHRASE id="V43290" indicator="THE" type="PERSON" text="POKEMON" NAME-OF="(POKEMON)" start="57" end="65"/>
>   </SENTENCE>
>   <SENTENCE id="s3" indicator="SPEECHACT" type="SA_IDENTIFY" start="71" end="131">
>    <TEXT>and pink edge standing in a classroom in front of the desks .</TEXT>
>    <RELATION id="17" head="V45640" res="V43326" label="CONTENT"/>
>    <RELATION id="18" head="V45640" res="V43304" label="MOD"/>
>    <PHRASE id="V43304" indicator="F" type="CONJUNCT" text="AND" start="71" end="75"/>
>    <RELATION id="19" head="V43304" res="V45640" label="FIGURE"/>
>    <PHRASE id="V43326" indicator="BARE" type="BE-AT-LOC" text="STAND" start="75" end="131"/>
>    <RELATION id="20" head="V43326" res="V43319" label="NEUTRAL"/>
>    <RELATION id="21" head="V43326" res="V43460" label="LOCATION"/>
>    <RELATION id="22" head="V43326" res="V43341" label="LOCATION"/>
>    <PHRASE id="V43319" indicator="BARE" type="EDGE" text="EDGE" start="75" end="85"/>
>    <RELATION id="23" head="V43319" res="V43312" label="MOD"/>
>    <PHRASE id="V43312" indicator="F" type="PINK" text="PINK" SCALE="PINK*1--07--00" start="75" end="80"/>
>    <RELATION id="24" head="V43312" res="V43319" label="FIGURE"/>
>    <PHRASE id="V43341" indicator="F" type="IN-LOC" text="IN" start="94" end="109"/>
>    <RELATION id="25" head="V43341" res="V43443" label="GROUND"/>
>    <RELATION id="26" head="V43341" res="V43326" label="FIGURE"/>
>    <PHRASE id="V43443" indicator="A" type="INTERNAL-ENCLOSURE" text="CLASSROOM" start="97" end="109"/>
>    <PHRASE id="V43460" indicator="F" type="FRONT" text="IN-FRONT" start="109" end="131"/>
>    <RELATION id="27" head="V43460" res="V43567" label="GROUND"/>
>    <RELATION id="28" head="V43460" res="V43326" label="FIGURE"/>
>    <PHRASE id="V43567" indicator="THE-SET" type="FURNISHINGS" text="DESK" start="118" end="131"/>
>   </SENTENCE>
>  </SCENE>
> </SpRL>
