2,349c2,46
< <?xml-stylesheet type="text/xsl" href="../style/parser-interface.xsl"?>
< <!DOCTYPE trips-parser-output SYSTEM "../trips-parser-output.dtd">
< <trips-parser-output parser-build-date="2017-09-20T12:11:02-0500" system="STEP" extsformat="svg" tagsformat="hidden" treecontents="phrase" treeformat="LinGO" lfformat="svg" semantic-skeleton-scoring="T" rule-sets="" input="portrait of a boy wearing a yellow and blue Puma cap , a blue tee-shirt and a red jacket ( open ) .
< ">
< <debug>
< *last-utt-id*=NIL  utt-id+5
< *last-utt-id*=5  utt-id+NIL
< 
<  FOUNDS SEQUENCE from constit (% W::NP (W::BARE-SEQUENCE -) (W::CONSTRAINT -)
<                                  (W::MASS W::BARE) (W::GENERATED +)
<                                  (W::POSTADVBL +)
<                                  (W::SEM ?8607:(?31523:(F::PHYS-OBJ
<                                                         F::ABSTR-OBJ) NIL))
<                                  (W::LF (% W::DESCRIPTION (W::STATUS ONT::DEFINITE)
<                                            (W::VAR V55370)
<                                            (W::SORT W::INDIVIDUAL)
<                                            (W::LEX (W::A))
<                                            (W::CLASS ONT::SEQUENCE)
<                                            (W::CONSTRAINT (% &amp; (W::NAME-OF (W::A))
<                                                              (W::VAL (W::A))))
<                                            (W::LEX W::A) (W::SEM ?31521)
<                                            (W::TRANSFORM ?31522)))
<                                  (W::CASE ?31520:(W::SUB W::OBJ -))
<                                  (W::AGR ?31519) (W::CLASS ONT::ANY-SEM)
<                                  (W::VAR V55370) (W::SORT W::PRED) (W::NAME -)
<                                  (W::PRO -) (W::CHANGEAGR -) (W::LEX W::A)
<                                  (W::HEADCAT W::VALUE) (W::TRANSFORM -)
<                                  (W::REFL -) (1 RNUMBER55437))
< 
<  FOUNDS SEQUENCE from constit (% W::NP (W::BARE-SEQUENCE -) (W::CONSTRAINT -)
<                                  (W::MASS W::BARE) (W::GENERATED +)
<                                  (W::POSTADVBL +)
<                                  (W::SEM ?8607:(?31829:(F::PHYS-OBJ
<                                                         F::ABSTR-OBJ) NIL))
<                                  (W::LF (% W::DESCRIPTION (W::STATUS ONT::DEFINITE)
<                                            (W::VAR V55373)
<                                            (W::SORT W::INDIVIDUAL)
<                                            (W::LEX (W::A))
<                                            (W::CLASS ONT::SEQUENCE)
<                                            (W::CONSTRAINT (% &amp; (W::NAME-OF (W::A))
<                                                              (W::VAL (W::A))))
<                                            (W::LEX W::A) (W::SEM ?31827)
<                                            (W::TRANSFORM ?31828)))
<                                  (W::CASE ?31826:(W::SUB W::OBJ -))
<                                  (W::AGR ?31825) (W::CLASS ONT::ANY-SEM)
<                                  (W::VAR V55373) (W::SORT W::PRED) (W::NAME -)
<                                  (W::PRO -) (W::CHANGEAGR -) (W::LEX W::A)
<                                  (W::HEADCAT W::VALUE) (W::TRANSFORM -)
<                                  (W::REFL -) (1 RNUMBER55439))
< *last-utt-id*=NIL  utt-id+5
< *last-utt-id*=5  utt-id+NIL</debug><utt><words><lisp>(W::PORTRAIT W::OF W::A W::BOY W::WEARING W::A W::YELLOW W::AND W::BLUE W::PUMA
<  W::CAP W::PUNC-COMMA)</lisp><word>PORTRAIT</word><word>OF</word><word>A</word><word>BOY</word><word>WEARING</word><word>A</word><word>YELLOW</word><word>AND</word><word>BLUE</word><word>PUMA</word><word>CAP</word><word>PUNC-COMMA</word></words><tags><lisp>((WORD &quot;portrait&quot; :FRAME (0 8) :SENSE-INFO
<   ((:PENN-PARTS-OF-SPEECH (NN) :TRIPS-PARTS-OF-SPEECH (W::N))) :UTTNUM 5
<   :CHANNEL DESKTOP :DIRECTION INPUT)
<  (PREFER &quot;portrait&quot; :FRAME (0 8) :PENN-CATS (NP) :TRIPS-CATS (W::NP) :SCORE
<   12.861 :UTTNUM 5 :CHANNEL DESKTOP :DIRECTION INPUT)
<  (WORD &quot;of&quot; :FRAME (9 11) :SENSE-INFO
<   ((:PENN-PARTS-OF-SPEECH (IN) :TRIPS-PARTS-OF-SPEECH (W::PREP W::ADV)))
<   :UTTNUM 5 :CHANNEL DESKTOP :DIRECTION INPUT)
<  (WORD &quot;a&quot; :FRAME (12 13) :SENSE-INFO
<   ((:PENN-PARTS-OF-SPEECH (DT) :TRIPS-PARTS-OF-SPEECH (W::ART W::QUAN W::PRO)))
<   :UTTNUM 5 :CHANNEL DESKTOP :DIRECTION INPUT)
<  (WORD &quot;boy&quot; :FRAME (14 17) :SENSE-INFO
<   ((:PENN-PARTS-OF-SPEECH (NN) :TRIPS-PARTS-OF-SPEECH (W::N))) :UTTNUM 5
<   :CHANNEL DESKTOP :DIRECTION INPUT)
<  (PREFER &quot;a boy&quot; :FRAME (12 17) :PENN-CATS (NP) :TRIPS-CATS (W::NP) :SCORE
<   12.736 :UTTNUM 5 :CHANNEL DESKTOP :DIRECTION INPUT)
<  (WORD &quot;wearing&quot; :FRAME (18 25) :SENSE-INFO
<   ((:PENN-PARTS-OF-SPEECH (VBG) :TRIPS-PARTS-OF-SPEECH (W::V))) :UTTNUM 5
<   :CHANNEL DESKTOP :DIRECTION INPUT)
<  (WORD &quot;a&quot; :FRAME (26 27) :SENSE-INFO
<   ((:PENN-PARTS-OF-SPEECH (DT) :TRIPS-PARTS-OF-SPEECH (W::ART W::QUAN W::PRO)))
<   :UTTNUM 5 :CHANNEL DESKTOP :DIRECTION INPUT)
<  (WORD &quot;yellow&quot; :FRAME (28 34) :SENSE-INFO
<   ((:PENN-PARTS-OF-SPEECH (NN JJ) :TRIPS-PARTS-OF-SPEECH (W::N W::ADJ)))
<   :UTTNUM 5 :CHANNEL DESKTOP :DIRECTION INPUT)
<  (WORD &quot;and&quot; :FRAME (35 38) :SENSE-INFO
<   ((:PENN-PARTS-OF-SPEECH (CC) :TRIPS-PARTS-OF-SPEECH (W::CONJ))) :UTTNUM 5
<   :CHANNEL DESKTOP :DIRECTION INPUT)
<  (WORD &quot;blue&quot; :FRAME (39 43) :SENSE-INFO
<   ((:PENN-PARTS-OF-SPEECH (JJ) :TRIPS-PARTS-OF-SPEECH (W::ADJ))) :UTTNUM 5
<   :CHANNEL DESKTOP :DIRECTION INPUT)
<  (PREFER &quot;yellow and blue&quot; :FRAME (28 43) :PENN-CATS (ADJP) :TRIPS-CATS
<   (W::ADJP) :SCORE 20.621 :UTTNUM 5 :CHANNEL DESKTOP :DIRECTION INPUT)
<  (WORD &quot;Puma&quot; :FRAME (44 48) :SENSE-INFO
<   ((:PENN-PARTS-OF-SPEECH (NNP) :TRIPS-PARTS-OF-SPEECH (W::NAME) :ONT-TYPES
<     (ONT::GEOGRAPHIC-REGION)))
<   :UTTNUM 5 :CHANNEL DESKTOP :DIRECTION INPUT)
<  (WORD &quot;cap&quot; :FRAME (49 52) :SENSE-INFO
<   ((:PENN-PARTS-OF-SPEECH (NN) :TRIPS-PARTS-OF-SPEECH (W::N))) :UTTNUM 5
<   :CHANNEL DESKTOP :DIRECTION INPUT)
<  (PREFER &quot;a yellow and blue Puma cap&quot; :FRAME (26 52) :PENN-CATS (NP)
<   :TRIPS-CATS (W::NP) :SCORE 49.411 :UTTNUM 5 :CHANNEL DESKTOP :DIRECTION
<   INPUT)
<  (WORD &quot;,&quot; :FRAME (53 53) :SENSE-INFO
<   ((:PENN-PARTS-OF-SPEECH (COMMA) :TRIPS-PARTS-OF-SPEECH (W::PUNC))) :UTTNUM 5
<   :CHANNEL DESKTOP :DIRECTION INPUT))</lisp><word lex="portrait" start="0" end="8"><sense-info penn-parts-of-speech="NN" trips-parts-of-speech="N" /></word><prefer text="portrait" start="0" end="8" penn-cats="NP" score="12.861" /><word lex="of" start="9" end="11"><sense-info penn-parts-of-speech="IN" trips-parts-of-speech="PREP,ADV" /></word><word lex="a" start="12" end="13"><sense-info penn-parts-of-speech="DT" trips-parts-of-speech="ART,QUAN,PRO" /></word><word lex="boy" start="14" end="17"><sense-info penn-parts-of-speech="NN" trips-parts-of-speech="N" /></word><prefer text="a boy" start="12" end="17" penn-cats="NP" score="12.736" /><word lex="wearing" start="18" end="25"><sense-info penn-parts-of-speech="VBG" trips-parts-of-speech="V" /></word><word lex="a" start="26" end="27"><sense-info penn-parts-of-speech="DT" trips-parts-of-speech="ART,QUAN,PRO" /></word><word lex="yellow" start="28" end="34"><sense-info penn-parts-of-speech="NN,JJ" trips-parts-of-speech="N,ADJ" /></word><word lex="and" start="35" end="38"><sense-info penn-parts-of-speech="CC" trips-parts-of-speech="CONJ" /></word><word lex="blue" start="39" end="43"><sense-info penn-parts-of-speech="JJ" trips-parts-of-speech="ADJ" /></word><prefer text="yellow and blue" start="28" end="43" penn-cats="ADJP" score="20.621" /><word lex="Puma" start="44" end="48"><sense-info penn-parts-of-speech="NNP" trips-parts-of-speech="NAME" ont-types="GEOGRAPHIC-REGION" /></word><word lex="cap" start="49" end="52"><sense-info penn-parts-of-speech="NN" trips-parts-of-speech="N" /></word><prefer text="a yellow and blue Puma cap" start="26" end="52" penn-cats="NP" score="49.411" /><word lex="," start="53" end="53"><sense-info penn-parts-of-speech="COMMA" trips-parts-of-speech="PUNC" /></word></tags><tree><lisp>(NP
<  (NP
<   (N1
<    (N1 (N1 (N PORTRAIT))
<     (ADVBL (ADV OF) (NP (SPEC (DET (ART A))) (N1 (N BOY)))))
<    (CP
<     (VP
<      (VP- (V WEARING)
<       (NP (SPEC (DET (ART A)))
<        (N1
<         (ADJP (ADJP (ADJ1 (ADJ YELLOW))) (CONJ AND) (ADJP (ADJ1 (ADJ BLUE))))
<         (N1 (NP (NAME PUMA)) (N1 (N CAP))))))))))
<  (PUNC PUNC-COMMA))</lisp><NP><NP><N1><N1><N1><N>PORTRAIT</N></N1><ADVBL><ADV>OF</ADV><NP><SPEC><DET><ART>A</ART></DET></SPEC><N1><N>BOY</N></N1></NP></ADVBL></N1><CP><VP><VP-><V>WEARING</V><NP><SPEC><DET><ART>A</ART></DET></SPEC><N1><ADJP><ADJP><ADJ1><ADJ>YELLOW</ADJ></ADJ1></ADJP><CONJ>AND</CONJ><ADJP><ADJ1><ADJ>BLUE</ADJ></ADJ1></ADJP></ADJP><N1><NP><NAME>PUMA</NAME></NP><N1><N>CAP</N></N1></N1></N1></NP></VP-></VP></CP></N1></NP><PUNC>PUNC-COMMA</PUNC></NP></tree><terms root="#V53911"><lisp>((ONT::BARE ONT::V53911 (:* ONT::CONTENT W::PORTRAIT) :MOD ONT::V53973 :MOD
<   ONT::V53919 :START 0 :END 53)
<  (ONT::F ONT::V53919 (:* ONT::ASSOC-WITH W::OF) :GROUND ONT::V53967 :FIGURE
<   ONT::V53911 :START 9 :END 18)
<  (ONT::A ONT::V53967 (:* ONT::MALE-CHILD W::BOY) :START 12 :END 18)
<  (ONT::F ONT::V53973 (:* ONT::WEAR W::WEAR) :AGENT ONT::V53911 :NEUTRAL
<   ONT::V54052 :VFORM W::ING :START 18 :END 53)
<  (ONT::A ONT::V54052 (:* ONT::ATTIRE W::CAP) :ASSOC-WITH ONT::V54048 :MOD
<   ONT::V54085 :START 26 :END 53)
<  (ONT::F ONT::V54085 ONT::COLOR-VAL :SEQUENCE (ONT::V54020 ONT::V54038)
<   :OPERATOR ONT::AND :START 28 :END 44)
<  (ONT::F ONT::V54020 (:* ONT::YELLOW W::YELLOW) :FIGURE ONT::V54052 :SCALE
<   ONT::YELLOW*1--07--00 :START 28 :END 35)
<  (ONT::F ONT::V54038 (:* ONT::BLUE W::BLUE) :FIGURE ONT::V54052 :SCALE
<   ONT::COLOR-SCALE :START 39 :END 44)
<  (ONT::THE ONT::V54048 (:* ONT::GEOGRAPHIC-REGION W::PUMA) :NAME-OF (W::PUMA)
<   :START 44 :END 49))</lisp><rdf:RDF
<   xmlns:rdf="http://www.w3.org/1999/02/22-rdf-syntax-ns#"
<   xmlns:role="http://www.cs.rochester.edu/research/trips/role#"
<   xmlns:LF="http://www.cs.rochester.edu/research/trips/LF#">
<   <rdf:Description rdf:ID="V53911">
<     <LF:indicator>BARE</LF:indicator>
<     <LF:type>CONTENT</LF:type>
<     <LF:word>PORTRAIT</LF:word>
<     <role:MOD rdf:resource="#V53973" />
<     <role:MOD rdf:resource="#V53919" />
<     <LF:start>0</LF:start>
<     <LF:end>53</LF:end>
<   </rdf:Description>
<   <rdf:Description rdf:ID="V53919">
<     <LF:indicator>F</LF:indicator>
<     <LF:type>ASSOC-WITH</LF:type>
<     <LF:word>OF</LF:word>
<     <role:GROUND rdf:resource="#V53967" />
<     <role:FIGURE rdf:resource="#V53911" />
<     <LF:start>9</LF:start>
<     <LF:end>18</LF:end>
<   </rdf:Description>
<   <rdf:Description rdf:ID="V53967">
<     <LF:indicator>A</LF:indicator>
<     <LF:type>MALE-CHILD</LF:type>
<     <LF:word>BOY</LF:word>
<     <LF:start>12</LF:start>
<     <LF:end>18</LF:end>
<   </rdf:Description>
<   <rdf:Description rdf:ID="V53973">
<     <LF:indicator>F</LF:indicator>
<     <LF:type>WEAR</LF:type>
<     <LF:word>WEAR</LF:word>
<     <role:AGENT rdf:resource="#V53911" />
<     <role:NEUTRAL rdf:resource="#V54052" />
<     <role:VFORM>ING</role:VFORM>
<     <LF:start>18</LF:start>
<     <LF:end>53</LF:end>
<   </rdf:Description>
<   <rdf:Description rdf:ID="V54052">
<     <LF:indicator>A</LF:indicator>
<     <LF:type>ATTIRE</LF:type>
<     <LF:word>CAP</LF:word>
<     <role:ASSOC-WITH rdf:resource="#V54048" />
<     <role:MOD rdf:resource="#V54085" />
<     <LF:start>26</LF:start>
<     <LF:end>53</LF:end>
<   </rdf:Description>
<   <rdf:Description rdf:ID="V54085">
<     <LF:indicator>F</LF:indicator>
<     <LF:type>COLOR-VAL</LF:type>
<     <role:SEQUENCE rdf:resource="#V54020" />
<     <role:SEQUENCE1 rdf:resource="#V54038" />
<     <role:OPERATOR>AND</role:OPERATOR>
<     <LF:start>28</LF:start>
<     <LF:end>44</LF:end>
<   </rdf:Description>
<   <rdf:Description rdf:ID="V54020">
<     <LF:indicator>F</LF:indicator>
<     <LF:type>YELLOW</LF:type>
<     <LF:word>YELLOW</LF:word>
<     <role:FIGURE rdf:resource="#V54052" />
<     <role:SCALE>YELLOW*1--07--00</role:SCALE>
<     <LF:start>28</LF:start>
<     <LF:end>35</LF:end>
<   </rdf:Description>
<   <rdf:Description rdf:ID="V54038">
<     <LF:indicator>F</LF:indicator>
<     <LF:type>BLUE</LF:type>
<     <LF:word>BLUE</LF:word>
<     <role:FIGURE rdf:resource="#V54052" />
<     <role:SCALE>COLOR-SCALE</role:SCALE>
<     <LF:start>39</LF:start>
<     <LF:end>44</LF:end>
<   </rdf:Description>
<   <rdf:Description rdf:ID="V54048">
<     <LF:indicator>THE</LF:indicator>
<     <LF:type>GEOGRAPHIC-REGION</LF:type>
<     <LF:word>PUMA</LF:word>
<     <role:NAME-OF>(PUMA)</role:NAME-OF>
<     <LF:start>44</LF:start>
<     <LF:end>49</LF:end>
<   </rdf:Description>
< </rdf:RDF>
< </terms></utt><utt><words><lisp>(W::A W::BLUE W::TEE W::PUNC-MINUS W::SHIRT W::AND W::A W::RED W::JACKET
<  W::START-PAREN W::OPEN W::END-PAREN W::PUNC-PERIOD)</lisp><word>A</word><word>BLUE</word><word>TEE</word><word>PUNC-MINUS</word><word>SHIRT</word><word>AND</word><word>A</word><word>RED</word><word>JACKET</word><word>START-PAREN</word><word>OPEN</word><word>END-PAREN</word><word>PUNC-PERIOD</word></words><tags><lisp>((WORD &quot;a&quot; :FRAME (55 56) :SENSE-INFO
<   ((:PENN-PARTS-OF-SPEECH (DT) :TRIPS-PARTS-OF-SPEECH (W::ART W::QUAN W::PRO)))
<   :UTTNUM 5 :CHANNEL DESKTOP :DIRECTION INPUT)
<  (WORD &quot;blue&quot; :FRAME (57 61) :SENSE-INFO
<   ((:PENN-PARTS-OF-SPEECH (NN JJ) :TRIPS-PARTS-OF-SPEECH (W::N W::ADJ)))
<   :UTTNUM 5 :CHANNEL DESKTOP :DIRECTION INPUT)
<  (WORD &quot;tee&quot; :FRAME (62 64) :SENSE-INFO
<   ((:PENN-PARTS-OF-SPEECH (NN) :TRIPS-PARTS-OF-SPEECH (W::N))) :UTTNUM 5
<   :CHANNEL DESKTOP :DIRECTION INPUT)
<  (WORD &quot;-&quot; :FRAME (65 65) :SENSE-INFO
<   ((:PENN-PARTS-OF-SPEECH (COLON) :TRIPS-PARTS-OF-SPEECH (W::PUNC))) :UTTNUM 5
<   :CHANNEL DESKTOP :DIRECTION INPUT)
<  (WORD &quot;shirt&quot; :FRAME (66 71) :SENSE-INFO
<   ((:PENN-PARTS-OF-SPEECH (NN) :TRIPS-PARTS-OF-SPEECH (W::N))) :UTTNUM 5
<   :CHANNEL DESKTOP :DIRECTION INPUT)
<  (WORD &quot;tee-shirt&quot; :FRAME (62 71) :SENSE-INFO
<   ((:PENN-PARTS-OF-SPEECH (NN) :TRIPS-PARTS-OF-SPEECH (W::N))) :UTTNUM 5
<   :CHANNEL DESKTOP :DIRECTION INPUT)
<  (PREFER &quot;a blue tee-shirt&quot; :FRAME (55 71) :PENN-CATS (NP) :TRIPS-CATS (W::NP)
<   :SCORE 25.304 :UTTNUM 5 :CHANNEL DESKTOP :DIRECTION INPUT)
<  (WORD &quot;and&quot; :FRAME (72 75) :SENSE-INFO
<   ((:PENN-PARTS-OF-SPEECH (CC) :TRIPS-PARTS-OF-SPEECH (W::CONJ))) :UTTNUM 5
<   :CHANNEL DESKTOP :DIRECTION INPUT)
<  (WORD &quot;a&quot; :FRAME (76 77) :SENSE-INFO
<   ((:PENN-PARTS-OF-SPEECH (DT) :TRIPS-PARTS-OF-SPEECH (W::ART W::QUAN W::PRO)))
<   :UTTNUM 5 :CHANNEL DESKTOP :DIRECTION INPUT)
<  (WORD &quot;red&quot; :FRAME (78 81) :SENSE-INFO
<   ((:PENN-PARTS-OF-SPEECH (NN JJ) :TRIPS-PARTS-OF-SPEECH (W::N W::ADJ)))
<   :UTTNUM 5 :CHANNEL DESKTOP :DIRECTION INPUT)
<  (WORD &quot;jacket&quot; :FRAME (82 88) :SENSE-INFO
<   ((:PENN-PARTS-OF-SPEECH (NN) :TRIPS-PARTS-OF-SPEECH (W::N))) :UTTNUM 5
<   :CHANNEL DESKTOP :DIRECTION INPUT)
<  (PREFER &quot;a red jacket&quot; :FRAME (76 88) :PENN-CATS (NP) :TRIPS-CATS (W::NP)
<   :SCORE 21.789 :UTTNUM 5 :CHANNEL DESKTOP :DIRECTION INPUT)
<  (WORD &quot;(&quot; :FRAME (89 90) :SENSE-INFO
<   ((:PENN-PARTS-OF-SPEECH (NN -LRB-) :TRIPS-PARTS-OF-SPEECH (W::N))) :UTTNUM 5
<   :CHANNEL DESKTOP :DIRECTION INPUT)
<  (WORD &quot;open&quot; :FRAME (91 95) :SENSE-INFO
<   ((:PENN-PARTS-OF-SPEECH (JJ) :TRIPS-PARTS-OF-SPEECH (W::ADJ))) :UTTNUM 5
<   :CHANNEL DESKTOP :DIRECTION INPUT)
<  (PREFER &quot;open&quot; :FRAME (91 95) :PENN-CATS (ADJP) :TRIPS-CATS (W::ADJP) :SCORE
<   6.566 :UTTNUM 5 :CHANNEL DESKTOP :DIRECTION INPUT)
<  (WORD &quot;)&quot; :FRAME (96 97) :SENSE-INFO
<   ((:PENN-PARTS-OF-SPEECH (NN -RRB-) :TRIPS-PARTS-OF-SPEECH (W::N))) :UTTNUM 5
<   :CHANNEL DESKTOP :DIRECTION INPUT)
<  (PREFER &quot;( open )&quot; :FRAME (89 97) :PENN-CATS (PRN) :SCORE 11.704 :UTTNUM 5
<   :CHANNEL DESKTOP :DIRECTION INPUT)
<  (PREFER &quot;a red jacket ( open )&quot; :FRAME (76 97) :PENN-CATS (NP) :TRIPS-CATS
<   (W::NP) :SCORE 37.378 :UTTNUM 5 :CHANNEL DESKTOP :DIRECTION INPUT)
<  (WORD &quot;.&quot; :FRAME (98 98) :SENSE-INFO
<   ((:PENN-PARTS-OF-SPEECH (FULL_STOP) :TRIPS-PARTS-OF-SPEECH (W::PUNC)))
<   :UTTNUM 5 :CHANNEL DESKTOP :DIRECTION INPUT))</lisp><word lex="a" start="55" end="56"><sense-info penn-parts-of-speech="DT" trips-parts-of-speech="ART,QUAN,PRO" /></word><word lex="blue" start="57" end="61"><sense-info penn-parts-of-speech="NN,JJ" trips-parts-of-speech="N,ADJ" /></word><word lex="tee" start="62" end="64"><sense-info penn-parts-of-speech="NN" trips-parts-of-speech="N" /></word><word lex="-" start="65" end="65"><sense-info penn-parts-of-speech="COLON" trips-parts-of-speech="PUNC" /></word><word lex="shirt" start="66" end="71"><sense-info penn-parts-of-speech="NN" trips-parts-of-speech="N" /></word><word lex="tee-shirt" start="62" end="71"><sense-info penn-parts-of-speech="NN" trips-parts-of-speech="N" /></word><prefer text="a blue tee-shirt" start="55" end="71" penn-cats="NP" score="25.304" /><word lex="and" start="72" end="75"><sense-info penn-parts-of-speech="CC" trips-parts-of-speech="CONJ" /></word><word lex="a" start="76" end="77"><sense-info penn-parts-of-speech="DT" trips-parts-of-speech="ART,QUAN,PRO" /></word><word lex="red" start="78" end="81"><sense-info penn-parts-of-speech="NN,JJ" trips-parts-of-speech="N,ADJ" /></word><word lex="jacket" start="82" end="88"><sense-info penn-parts-of-speech="NN" trips-parts-of-speech="N" /></word><prefer text="a red jacket" start="76" end="88" penn-cats="NP" score="21.789" /><word lex="(" start="89" end="90"><sense-info penn-parts-of-speech="NN,-LRB-" trips-parts-of-speech="N" /></word><word lex="open" start="91" end="95"><sense-info penn-parts-of-speech="JJ" trips-parts-of-speech="ADJ" /></word><prefer text="open" start="91" end="95" penn-cats="ADJP" score="6.566" /><word lex=")" start="96" end="97"><sense-info penn-parts-of-speech="NN,-RRB-" trips-parts-of-speech="N" /></word><prefer text="( open )" start="89" end="97" penn-cats="PRN" score="11.704" /><prefer text="a red jacket ( open )" start="76" end="97" penn-cats="NP" score="37.378" /><word lex="." start="98" end="98"><sense-info penn-parts-of-speech="FULL_STOP" trips-parts-of-speech="PUNC" /></word></tags><tree><lisp>(UTT
<  (UTT
<   (NP
<    (NP (SPEC (DET (ART A)))
<     (N1 (ADJP (ADJ1 (ADJ BLUE))) (N1 (N TEE PUNC-MINUS SHIRT))))
<    (CONJ AND)
<    (NP (NP (SPEC (DET (ART A))) (N1 (ADJP (ADJ1 (ADJ RED))) (N1 (N JACKET))))
<     (PARENTHETICAL (PUNC START-PAREN) (PRED (ADJP (ADJ1 (ADJ OPEN))))
<      (PUNC END-PAREN)))))
<  (PUNC PUNC-PERIOD))</lisp><UTT><UTT><NP><NP><SPEC><DET><ART>A</ART></DET></SPEC><N1><ADJP><ADJ1><ADJ>BLUE</ADJ></ADJ1></ADJP><N1><N>TEE PUNC-MINUS SHIRT</N></N1></N1></NP><CONJ>AND</CONJ><NP><NP><SPEC><DET><ART>A</ART></DET></SPEC><N1><ADJP><ADJ1><ADJ>RED</ADJ></ADJ1></ADJP><N1><N>JACKET</N></N1></N1></NP><PARENTHETICAL><PUNC>START-PAREN</PUNC><PRED><ADJP><ADJ1><ADJ>OPEN</ADJ></ADJ1></ADJP></PRED><PUNC>END-PAREN</PUNC></PARENTHETICAL></NP></NP></UTT><PUNC>PUNC-PERIOD</PUNC></UTT></tree><terms root="#V55330"><lisp>((ONT::SPEECHACT ONT::V55330 ONT::SA_IDENTIFY :PUNCTYPE W::DECL :CONTENT
<   ONT::V55010 :START 55 :END 98)
<  (ONT::INDEF-SET ONT::V55010 ONT::ATTIRE :OPERATOR ONT::AND :SEQUENCE
<   (ONT::V55006 ONT::V55073) :START 55 :END 98)
<  (ONT::A ONT::V55006 (:* ONT::ATTIRE W::TEE-PUNC-MINUS-SHIRT) :MOD ONT::V54979
<   :START 55 :END 72)
<  (ONT::F ONT::V54979 (:* ONT::BLUE W::BLUE) :FIGURE ONT::V55006 :SCALE
<   ONT::COLOR-SCALE :START 57 :END 62)
<  (ONT::A ONT::V55073 (:* ONT::ATTIRE W::JACKET) :PARENTHETICAL ONT::V55079 :MOD
<   ONT::V55060 :START 76 :END 98)
<  (ONT::F ONT::V55060 (:* ONT::RED W::RED) :FIGURE ONT::V55073 :SCALE
<   ONT::COLOR-SCALE :START 78 :END 82)
<  (ONT::F ONT::V55079 (:* ONT::ACTIVE-OPEN W::OPEN) :FIGURE ONT::V55073 :START
<   91 :END 96))</lisp><rdf:RDF
<   xmlns:rdf="http://www.w3.org/1999/02/22-rdf-syntax-ns#"
<   xmlns:role="http://www.cs.rochester.edu/research/trips/role#"
<   xmlns:LF="http://www.cs.rochester.edu/research/trips/LF#">
<   <rdf:Description rdf:ID="V55330">
<     <LF:indicator>SPEECHACT</LF:indicator>
<     <LF:type>SA_IDENTIFY</LF:type>
<     <role:PUNCTYPE>DECL</role:PUNCTYPE>
<     <role:CONTENT rdf:resource="#V55010" />
<     <LF:start>55</LF:start>
<     <LF:end>98</LF:end>
<   </rdf:Description>
<   <rdf:Description rdf:ID="V55010">
<     <LF:indicator>INDEF-SET</LF:indicator>
<     <LF:type>ATTIRE</LF:type>
<     <role:OPERATOR>AND</role:OPERATOR>
<     <role:SEQUENCE rdf:resource="#V55006" />
<     <role:SEQUENCE1 rdf:resource="#V55073" />
<     <LF:start>55</LF:start>
<     <LF:end>98</LF:end>
<   </rdf:Description>
<   <rdf:Description rdf:ID="V55006">
<     <LF:indicator>A</LF:indicator>
<     <LF:type>ATTIRE</LF:type>
<     <LF:word>TEE-PUNC-MINUS-SHIRT</LF:word>
<     <role:MOD rdf:resource="#V54979" />
<     <LF:start>55</LF:start>
<     <LF:end>72</LF:end>
<   </rdf:Description>
<   <rdf:Description rdf:ID="V54979">
<     <LF:indicator>F</LF:indicator>
<     <LF:type>BLUE</LF:type>
<     <LF:word>BLUE</LF:word>
<     <role:FIGURE rdf:resource="#V55006" />
<     <role:SCALE>COLOR-SCALE</role:SCALE>
<     <LF:start>57</LF:start>
<     <LF:end>62</LF:end>
<   </rdf:Description>
<   <rdf:Description rdf:ID="V55073">
<     <LF:indicator>A</LF:indicator>
<     <LF:type>ATTIRE</LF:type>
<     <LF:word>JACKET</LF:word>
<     <role:PARENTHETICAL rdf:resource="#V55079" />
<     <role:MOD rdf:resource="#V55060" />
<     <LF:start>76</LF:start>
<     <LF:end>98</LF:end>
<   </rdf:Description>
<   <rdf:Description rdf:ID="V55060">
<     <LF:indicator>F</LF:indicator>
<     <LF:type>RED</LF:type>
<     <LF:word>RED</LF:word>
<     <role:FIGURE rdf:resource="#V55073" />
<     <role:SCALE>COLOR-SCALE</role:SCALE>
<     <LF:start>78</LF:start>
<     <LF:end>82</LF:end>
<   </rdf:Description>
<   <rdf:Description rdf:ID="V55079">
<     <LF:indicator>F</LF:indicator>
<     <LF:type>ACTIVE-OPEN</LF:type>
<     <LF:word>OPEN</LF:word>
<     <role:FIGURE rdf:resource="#V55073" />
<     <LF:start>91</LF:start>
<     <LF:end>96</LF:end>
<   </rdf:Description>
< </rdf:RDF>
< </terms></utt></trips-parser-output>
\ No newline at end of file
---
> <SpRL>
>  <SCENE>
>   <SENTENCE id="s1" indicator="BARE" type="CONTENT" text="PORTRAIT" start="0" end="53">
>    <TEXT>portrait of a boy wearing a yellow and blue Puma cap ,</TEXT>
>    <RELATION id="1" head="V53911" res="V53973" label="MOD"/>
>    <RELATION id="2" head="V53911" res="V53919" label="MOD"/>
>    <PHRASE id="V53919" indicator="F" type="ASSOC-WITH" text="OF" start="9" end="18"/>
>    <RELATION id="3" head="V53919" res="V53967" label="GROUND"/>
>    <RELATION id="4" head="V53919" res="V53911" label="FIGURE"/>
>    <PHRASE id="V53967" indicator="A" type="MALE-CHILD" text="BOY" start="12" end="18"/>
>    <PHRASE id="V53973" indicator="F" type="WEAR" text="WEAR" VFORM="ING" start="18" end="53"/>
>    <RELATION id="5" head="V53973" res="V53911" label="AGENT"/>
>    <RELATION id="6" head="V53973" res="V54052" label="NEUTRAL"/>
>    <PHRASE id="V54052" indicator="A" type="ATTIRE" text="CAP" start="26" end="53"/>
>    <RELATION id="7" head="V54052" res="V54048" label="ASSOC-WITH"/>
>    <RELATION id="8" head="V54052" res="V54085" label="MOD"/>
>    <PHRASE id="V54085" indicator="F" type="COLOR-VAL" OPERATOR="AND" start="28" end="44"/>
>    <RELATION id="9" head="V54085" res="V54020" label="SEQUENCE"/>
>    <RELATION id="10" head="V54085" res="V54038" label="SEQUENCE1"/>
>    <PHRASE id="V54020" indicator="F" type="YELLOW" text="YELLOW" SCALE="YELLOW*1--07--00" start="28" end="35"/>
>    <RELATION id="11" head="V54020" res="V54052" label="FIGURE"/>
>    <PHRASE id="V54038" indicator="F" type="BLUE" text="BLUE" SCALE="COLOR-SCALE" start="39" end="44"/>
>    <RELATION id="12" head="V54038" res="V54052" label="FIGURE"/>
>    <PHRASE id="V54048" indicator="THE" type="GEOGRAPHIC-REGION" text="PUMA" NAME-OF="(PUMA)" start="44" end="49"/>
>   </SENTENCE>
>   <SENTENCE id="s2" indicator="SPEECHACT" type="SA_IDENTIFY" PUNCTYPE="DECL" start="55" end="98">
>    <TEXT>a blue tee-shirt and a red jacket ( open ) .</TEXT>
>    <RELATION id="13" head="V55330" res="V55010" label="CONTENT"/>
>    <PHRASE id="V55010" indicator="INDEF-SET" type="ATTIRE" OPERATOR="AND" start="55" end="98"/>
>    <RELATION id="14" head="V55010" res="V55006" label="SEQUENCE"/>
>    <RELATION id="15" head="V55010" res="V55073" label="SEQUENCE1"/>
>    <PHRASE id="V55006" indicator="A" type="ATTIRE" text="TEE-PUNC-MINUS-SHIRT" start="55" end="72"/>
>    <RELATION id="16" head="V55006" res="V54979" label="MOD"/>
>    <PHRASE id="V54979" indicator="F" type="BLUE" text="BLUE" SCALE="COLOR-SCALE" start="57" end="62"/>
>    <RELATION id="17" head="V54979" res="V55006" label="FIGURE"/>
>    <PHRASE id="V55073" indicator="A" type="ATTIRE" text="JACKET" start="76" end="98"/>
>    <RELATION id="18" head="V55073" res="V55079" label="PARENTHETICAL"/>
>    <RELATION id="19" head="V55073" res="V55060" label="MOD"/>
>    <PHRASE id="V55060" indicator="F" type="RED" text="RED" SCALE="COLOR-SCALE" start="78" end="82"/>
>    <RELATION id="20" head="V55060" res="V55073" label="FIGURE"/>
>    <PHRASE id="V55079" indicator="F" type="ACTIVE-OPEN" text="OPEN" start="91" end="96"/>
>    <RELATION id="21" head="V55079" res="V55073" label="FIGURE"/>
>   </SENTENCE>
>  </SCENE>
> </SpRL>
