2,395c2,57
< <?xml-stylesheet type="text/xsl" href="../style/parser-interface.xsl"?>
< <!DOCTYPE trips-parser-output SYSTEM "../trips-parser-output.dtd">
< <trips-parser-output parser-build-date="2017-09-20T12:11:02-0500" system="STEP" extsformat="svg" tagsformat="hidden" treecontents="phrase" treeformat="LinGO" lfformat="svg" semantic-skeleton-scoring="T" rule-sets="" input="a dark-haired , dark-skinned boy in a red , white and brown anorak and a blue cap is standing in front of a pile of wood .
< ">
< <debug>
< *last-utt-id*=NIL  utt-id+60
< *last-utt-id*=60  utt-id+60
< *last-utt-id*=60  utt-id+60
< *last-utt-id*=60  utt-id+60
< *last-utt-id*=60  utt-id+60
< *last-utt-id*=60  utt-id+60
< *last-utt-id*=60  utt-id+NIL</debug><compound-communication-act>
< <utt><words><lisp>(W::DARK W::PUNC-MINUS W::HAIRED)</lisp><word>DARK</word><word>PUNC-MINUS</word><word>HAIRED</word></words><tags><lisp>((WORD &quot;a&quot; :FRAME (0 1) :SENSE-INFO
<   ((:PENN-PARTS-OF-SPEECH (DT) :TRIPS-PARTS-OF-SPEECH (W::ART W::QUAN W::PRO)))
<   :UTTNUM 60 :CHANNEL DESKTOP :DIRECTION INPUT)
<  (WORD &quot;dark&quot; :FRAME (2 5) :SENSE-INFO
<   ((:PENN-PARTS-OF-SPEECH (NN) :TRIPS-PARTS-OF-SPEECH (W::N))) :UTTNUM 60
<   :CHANNEL DESKTOP :DIRECTION INPUT)
<  (WORD &quot;-&quot; :FRAME (6 6) :SENSE-INFO
<   ((:PENN-PARTS-OF-SPEECH (COLON) :TRIPS-PARTS-OF-SPEECH (W::PUNC))) :UTTNUM 60
<   :CHANNEL DESKTOP :DIRECTION INPUT)
<  (WORD &quot;haired&quot; :FRAME (7 13) :SENSE-INFO
<   ((:PENN-PARTS-OF-SPEECH (JJ) :TRIPS-PARTS-OF-SPEECH (W::ADJ))) :UTTNUM 60
<   :CHANNEL DESKTOP :DIRECTION INPUT)
<  (WORD &quot;dark-haired&quot; :FRAME (2 13) :SENSE-INFO
<   ((:PENN-PARTS-OF-SPEECH (JJ) :TRIPS-PARTS-OF-SPEECH (W::ADJ) :WN-SENSE-KEYS
<     (&quot;dark-haired%5:00:00&quot;)))
<   :UTTNUM 60 :CHANNEL DESKTOP :DIRECTION INPUT)
<  (WORD &quot;,&quot; :FRAME (14 15) :SENSE-INFO
<   ((:PENN-PARTS-OF-SPEECH (COMMA) :TRIPS-PARTS-OF-SPEECH (W::PUNC))) :UTTNUM 60
<   :CHANNEL DESKTOP :DIRECTION INPUT))</lisp><word lex="a" start="0" end="1"><sense-info penn-parts-of-speech="DT" trips-parts-of-speech="ART,QUAN,PRO" /></word><word lex="dark" start="2" end="5"><sense-info penn-parts-of-speech="NN" trips-parts-of-speech="N" /></word><word lex="-" start="6" end="6"><sense-info penn-parts-of-speech="COLON" trips-parts-of-speech="PUNC" /></word><word lex="haired" start="7" end="13"><sense-info penn-parts-of-speech="JJ" trips-parts-of-speech="ADJ" /></word><word lex="dark-haired" start="2" end="13"><sense-info penn-parts-of-speech="JJ" trips-parts-of-speech="ADJ" wn-sense-keys="dark-haired%5:00:00" /></word><word lex="," start="14" end="15"><sense-info penn-parts-of-speech="COMMA" trips-parts-of-speech="PUNC" /></word></tags><tree><lisp>(DET (ART A))</lisp><DET><ART>A</ART></DET></tree><terms root="#V388989"><lisp>((ONT::F ONT::V388989 (:* ONT::MODIFIER W::DARK-PUNC-MINUS-HAIRED) :START 2
<   :END 14 :WNSENSE &quot;dark-haired%5:00:00&quot;))</lisp><rdf:RDF
<   xmlns:rdf="http://www.w3.org/1999/02/22-rdf-syntax-ns#"
<   xmlns:role="http://www.cs.rochester.edu/research/trips/role#"
<   xmlns:LF="http://www.cs.rochester.edu/research/trips/LF#">
<   <rdf:Description rdf:ID="V388989">
<     <LF:indicator>F</LF:indicator>
<     <LF:type>MODIFIER</LF:type>
<     <LF:word>DARK-PUNC-MINUS-HAIRED</LF:word>
<     <LF:start>2</LF:start>
<     <LF:end>14</LF:end>
<     <role:WNSENSE>dark-haired%5:00:00</role:WNSENSE>
<   </rdf:Description>
< </rdf:RDF>
< </terms></utt><utt><words><lisp>(W::DARK W::PUNC-MINUS W::SKINNED W::BOY)</lisp><word>DARK</word><word>PUNC-MINUS</word><word>SKINNED</word><word>BOY</word></words><tags><lisp>((WORD &quot;dark&quot; :FRAME (16 19) :SENSE-INFO
<   ((:PENN-PARTS-OF-SPEECH (JJ) :TRIPS-PARTS-OF-SPEECH (W::ADJ))) :UTTNUM 60
<   :CHANNEL DESKTOP :DIRECTION INPUT)
<  (WORD &quot;-&quot; :FRAME (20 20) :SENSE-INFO
<   ((:PENN-PARTS-OF-SPEECH (COLON) :TRIPS-PARTS-OF-SPEECH (W::PUNC))) :UTTNUM 60
<   :CHANNEL DESKTOP :DIRECTION INPUT)
<  (WORD &quot;skinned&quot; :FRAME (21 28) :SENSE-INFO
<   ((:PENN-PARTS-OF-SPEECH (VBN) :TRIPS-PARTS-OF-SPEECH (W::V))) :UTTNUM 60
<   :CHANNEL DESKTOP :DIRECTION INPUT)
<  (WORD &quot;dark-skinned&quot; :FRAME (16 28) :SENSE-INFO
<   ((:PENN-PARTS-OF-SPEECH (JJ) :TRIPS-PARTS-OF-SPEECH (W::ADJ) :WN-SENSE-KEYS
<     (&quot;dark-skinned%5:00:00&quot;)))
<   :UTTNUM 60 :CHANNEL DESKTOP :DIRECTION INPUT)
<  (WORD &quot;boy&quot; :FRAME (29 32) :SENSE-INFO
<   ((:PENN-PARTS-OF-SPEECH (NN) :TRIPS-PARTS-OF-SPEECH (W::N))) :UTTNUM 60
<   :CHANNEL DESKTOP :DIRECTION INPUT)
<  (PREFER &quot;a dark-haired , dark-skinned boy&quot; :FRAME (0 32) :PENN-CATS (NP)
<   :TRIPS-CATS (W::NP) :SCORE 40.958 :UTTNUM 60 :CHANNEL DESKTOP :DIRECTION
<   INPUT))</lisp><word lex="dark" start="16" end="19"><sense-info penn-parts-of-speech="JJ" trips-parts-of-speech="ADJ" /></word><word lex="-" start="20" end="20"><sense-info penn-parts-of-speech="COLON" trips-parts-of-speech="PUNC" /></word><word lex="skinned" start="21" end="28"><sense-info penn-parts-of-speech="VBN" trips-parts-of-speech="V" /></word><word lex="dark-skinned" start="16" end="28"><sense-info penn-parts-of-speech="JJ" trips-parts-of-speech="ADJ" wn-sense-keys="dark-skinned%5:00:00" /></word><word lex="boy" start="29" end="32"><sense-info penn-parts-of-speech="NN" trips-parts-of-speech="N" /></word><prefer text="a dark-haired , dark-skinned boy" start="0" end="32" penn-cats="NP" score="40.958" /></tags><tree><lisp>(ADJP (ADJ1 (ADJ DARK PUNC-MINUS HAIRED)))</lisp><ADJP><ADJ1><ADJ>DARK PUNC-MINUS HAIRED</ADJ></ADJ1></ADJP></tree><terms root="#V389023"><lisp>((ONT::BARE ONT::V389023 (:* ONT::MALE-CHILD W::BOY) :MOD ONT::V388995 :MOD
<   ONT::V389008 :START 16 :END 33)
<  (ONT::F ONT::V388995 (:* ONT::DARK-VAL W::DARK) :FIGURE ONT::V389023 :START 16
<   :END 20)
<  (ONT::F ONT::V389008 (:* ONT::MOVE W::SKINNED) :AFFECTED ONT::V389023 :START
<   21 :END 29))</lisp><rdf:RDF
<   xmlns:rdf="http://www.w3.org/1999/02/22-rdf-syntax-ns#"
<   xmlns:role="http://www.cs.rochester.edu/research/trips/role#"
<   xmlns:LF="http://www.cs.rochester.edu/research/trips/LF#">
<   <rdf:Description rdf:ID="V389023">
<     <LF:indicator>BARE</LF:indicator>
<     <LF:type>MALE-CHILD</LF:type>
<     <LF:word>BOY</LF:word>
<     <role:MOD rdf:resource="#V388995" />
<     <role:MOD rdf:resource="#V389008" />
<     <LF:start>16</LF:start>
<     <LF:end>33</LF:end>
<   </rdf:Description>
<   <rdf:Description rdf:ID="V388995">
<     <LF:indicator>F</LF:indicator>
<     <LF:type>DARK-VAL</LF:type>
<     <LF:word>DARK</LF:word>
<     <role:FIGURE rdf:resource="#V389023" />
<     <LF:start>16</LF:start>
<     <LF:end>20</LF:end>
<   </rdf:Description>
<   <rdf:Description rdf:ID="V389008">
<     <LF:indicator>F</LF:indicator>
<     <LF:type>MOVE</LF:type>
<     <LF:word>SKINNED</LF:word>
<     <role:AFFECTED rdf:resource="#V389023" />
<     <LF:start>21</LF:start>
<     <LF:end>29</LF:end>
<   </rdf:Description>
< </rdf:RDF>
< </terms></utt><utt><words><lisp>(W::IN)</lisp><word>IN</word></words><tags><lisp>((WORD &quot;in&quot; :FRAME (33 35) :SENSE-INFO
<   ((:PENN-PARTS-OF-SPEECH (IN) :TRIPS-PARTS-OF-SPEECH (W::PREP W::ADV)))
<   :UTTNUM 60 :CHANNEL DESKTOP :DIRECTION INPUT)
<  (WORD &quot;a&quot; :FRAME (36 37) :SENSE-INFO
<   ((:PENN-PARTS-OF-SPEECH (DT) :TRIPS-PARTS-OF-SPEECH (W::ART W::QUAN W::PRO)))
<   :UTTNUM 60 :CHANNEL DESKTOP :DIRECTION INPUT))</lisp><word lex="in" start="33" end="35"><sense-info penn-parts-of-speech="IN" trips-parts-of-speech="PREP,ADV" /></word><word lex="a" start="36" end="37"><sense-info penn-parts-of-speech="DT" trips-parts-of-speech="ART,QUAN,PRO" /></word></tags><tree><lisp>(PUNC PUNC-COMMA)</lisp><PUNC>PUNC-COMMA</PUNC></tree><terms root="#V389031"><lisp>((ONT::F ONT::V389031 (:* ONT::DIRECTION W::IN) :START 33 :END 36))</lisp><rdf:RDF
<   xmlns:rdf="http://www.w3.org/1999/02/22-rdf-syntax-ns#"
<   xmlns:role="http://www.cs.rochester.edu/research/trips/role#"
<   xmlns:LF="http://www.cs.rochester.edu/research/trips/LF#">
<   <rdf:Description rdf:ID="V389031">
<     <LF:indicator>F</LF:indicator>
<     <LF:type>DIRECTION</LF:type>
<     <LF:word>IN</LF:word>
<     <LF:start>33</LF:start>
<     <LF:end>36</LF:end>
<   </rdf:Description>
< </rdf:RDF>
< </terms></utt><utt><words><lisp>(W::RED)</lisp><word>RED</word></words><tags><lisp>((WORD &quot;red&quot; :FRAME (38 41) :SENSE-INFO
<   ((:PENN-PARTS-OF-SPEECH (JJ) :TRIPS-PARTS-OF-SPEECH (W::ADJ))) :UTTNUM 60
<   :CHANNEL DESKTOP :DIRECTION INPUT)
<  (WORD &quot;,&quot; :FRAME (42 43) :SENSE-INFO
<   ((:PENN-PARTS-OF-SPEECH (COMMA) :TRIPS-PARTS-OF-SPEECH (W::PUNC))) :UTTNUM 60
<   :CHANNEL DESKTOP :DIRECTION INPUT))</lisp><word lex="red" start="38" end="41"><sense-info penn-parts-of-speech="JJ" trips-parts-of-speech="ADJ" /></word><word lex="," start="42" end="43"><sense-info penn-parts-of-speech="COMMA" trips-parts-of-speech="PUNC" /></word></tags><tree><lisp>(NP
<  (N1 (ADJP (ADJ1 (ADJ DARK))) (WORD PUNC-MINUS)
<   (N1 (ADJP (VP- (V (V SKINNED)))) (N1 (N BOY)))))</lisp><NP><N1><ADJP><ADJ1><ADJ>DARK</ADJ></ADJ1></ADJP><WORD>PUNC-MINUS</WORD><N1><ADJP><VP-><V><V>SKINNED</V></V></VP-></ADJP><N1><N>BOY</N></N1></N1></N1></NP></tree><terms root="#V389120"><lisp>((ONT::F ONT::V389120 (:* ONT::RED W::RED) :SCALE ONT::COLOR-SCALE :START 38
<   :END 42))</lisp><rdf:RDF
<   xmlns:rdf="http://www.w3.org/1999/02/22-rdf-syntax-ns#"
<   xmlns:role="http://www.cs.rochester.edu/research/trips/role#"
<   xmlns:LF="http://www.cs.rochester.edu/research/trips/LF#">
<   <rdf:Description rdf:ID="V389120">
<     <LF:indicator>F</LF:indicator>
<     <LF:type>RED</LF:type>
<     <LF:word>RED</LF:word>
<     <role:SCALE>COLOR-SCALE</role:SCALE>
<     <LF:start>38</LF:start>
<     <LF:end>42</LF:end>
<   </rdf:Description>
< </rdf:RDF>
< </terms></utt><utt><words><lisp>(W::WHITE W::AND W::BROWN W::ANORAK W::AND W::A W::BLUE W::CAP)</lisp><word>WHITE</word><word>AND</word><word>BROWN</word><word>ANORAK</word><word>AND</word><word>A</word><word>BLUE</word><word>CAP</word></words><tags><lisp>((WORD &quot;white&quot; :FRAME (44 49) :SENSE-INFO
<   ((:PENN-PARTS-OF-SPEECH (JJ) :TRIPS-PARTS-OF-SPEECH (W::ADJ))) :UTTNUM 60
<   :CHANNEL DESKTOP :DIRECTION INPUT)
<  (WORD &quot;and&quot; :FRAME (50 53) :SENSE-INFO
<   ((:PENN-PARTS-OF-SPEECH (CC) :TRIPS-PARTS-OF-SPEECH (W::CONJ))) :UTTNUM 60
<   :CHANNEL DESKTOP :DIRECTION INPUT)
<  (WORD &quot;brown&quot; :FRAME (54 59) :SENSE-INFO
<   ((:PENN-PARTS-OF-SPEECH (JJ) :TRIPS-PARTS-OF-SPEECH (W::ADJ))) :UTTNUM 60
<   :CHANNEL DESKTOP :DIRECTION INPUT)
<  (WORD &quot;anorak&quot; :FRAME (60 66) :SENSE-INFO
<   ((:PENN-PARTS-OF-SPEECH (NN) :TRIPS-PARTS-OF-SPEECH (W::N))) :UTTNUM 60
<   :CHANNEL DESKTOP :DIRECTION INPUT)
<  (PREFER &quot;a red , white and brown anorak&quot; :FRAME (36 66) :PENN-CATS (NP)
<   :TRIPS-CATS (W::NP) :SCORE 49.816 :UTTNUM 60 :CHANNEL DESKTOP :DIRECTION
<   INPUT)
<  (WORD &quot;and&quot; :FRAME (67 70) :SENSE-INFO
<   ((:PENN-PARTS-OF-SPEECH (CC) :TRIPS-PARTS-OF-SPEECH (W::CONJ))) :UTTNUM 60
<   :CHANNEL DESKTOP :DIRECTION INPUT)
<  (WORD &quot;a&quot; :FRAME (71 72) :SENSE-INFO
<   ((:PENN-PARTS-OF-SPEECH (DT) :TRIPS-PARTS-OF-SPEECH (W::ART W::QUAN W::PRO)))
<   :UTTNUM 60 :CHANNEL DESKTOP :DIRECTION INPUT)
<  (WORD &quot;blue&quot; :FRAME (73 77) :SENSE-INFO
<   ((:PENN-PARTS-OF-SPEECH (JJ) :TRIPS-PARTS-OF-SPEECH (W::ADJ))) :UTTNUM 60
<   :CHANNEL DESKTOP :DIRECTION INPUT)
<  (WORD &quot;cap&quot; :FRAME (78 81) :SENSE-INFO
<   ((:PENN-PARTS-OF-SPEECH (NN) :TRIPS-PARTS-OF-SPEECH (W::N))) :UTTNUM 60
<   :CHANNEL DESKTOP :DIRECTION INPUT)
<  (PREFER &quot;a blue cap&quot; :FRAME (71 81) :PENN-CATS (NP) :TRIPS-CATS (W::NP) :SCORE
<   21.041 :UTTNUM 60 :CHANNEL DESKTOP :DIRECTION INPUT)
<  (PREFER &quot;a red , white and brown anorak and a blue cap&quot; :FRAME (36 81)
<   :PENN-CATS (NP) :TRIPS-CATS (W::NP) :SCORE 73.691 :UTTNUM 60 :CHANNEL DESKTOP
<   :DIRECTION INPUT)
<  (PREFER &quot;in a red , white and brown anorak and a blue cap&quot; :FRAME (33 81)
<   :PENN-CATS (PP) :TRIPS-CATS (W::PP) :SCORE 77.288 :UTTNUM 60 :CHANNEL DESKTOP
<   :DIRECTION INPUT)
<  (PREFER
<   &quot;a dark-haired , dark-skinned boy in a red , white and brown anorak and a blue cap&quot;
<   :FRAME (0 81) :PENN-CATS (NP) :TRIPS-CATS (W::NP) :SCORE 118.613 :UTTNUM 60
<   :CHANNEL DESKTOP :DIRECTION INPUT))</lisp><word lex="white" start="44" end="49"><sense-info penn-parts-of-speech="JJ" trips-parts-of-speech="ADJ" /></word><word lex="and" start="50" end="53"><sense-info penn-parts-of-speech="CC" trips-parts-of-speech="CONJ" /></word><word lex="brown" start="54" end="59"><sense-info penn-parts-of-speech="JJ" trips-parts-of-speech="ADJ" /></word><word lex="anorak" start="60" end="66"><sense-info penn-parts-of-speech="NN" trips-parts-of-speech="N" /></word><prefer text="a red , white and brown anorak" start="36" end="66" penn-cats="NP" score="49.816" /><word lex="and" start="67" end="70"><sense-info penn-parts-of-speech="CC" trips-parts-of-speech="CONJ" /></word><word lex="a" start="71" end="72"><sense-info penn-parts-of-speech="DT" trips-parts-of-speech="ART,QUAN,PRO" /></word><word lex="blue" start="73" end="77"><sense-info penn-parts-of-speech="JJ" trips-parts-of-speech="ADJ" /></word><word lex="cap" start="78" end="81"><sense-info penn-parts-of-speech="NN" trips-parts-of-speech="N" /></word><prefer text="a blue cap" start="71" end="81" penn-cats="NP" score="21.041" /><prefer text="a red , white and brown anorak and a blue cap" start="36" end="81" penn-cats="NP" score="73.691" /><prefer text="in a red , white and brown anorak and a blue cap" start="33" end="81" penn-cats="PP" score="77.288" /><prefer text="a dark-haired , dark-skinned boy in a red , white and brown anorak and a blue cap" start="0" end="81" penn-cats="NP" score="118.613" /></tags><tree><lisp>(ADVBL (ADV IN))</lisp><ADVBL><ADV>IN</ADV></ADVBL></tree><terms root="#V389161"><lisp>((ONT::INDEF-SET ONT::V389161 ONT::ATTIRE :OPERATOR ONT::AND :SEQUENCE
<   (ONT::V389157 ONT::V389217) :START 44 :END 82)
<  (ONT::BARE ONT::V389157 (:* ONT::ATTIRE W::ANORAK) :MOD ONT::V389516 :START 44
<   :END 67)
<  (ONT::F ONT::V389516 ONT::COLOR-VAL :SEQUENCE (ONT::V389130 ONT::V389147)
<   :OPERATOR ONT::AND :START 44 :END 60)
<  (ONT::F ONT::V389130 (:* ONT::WHITE W::WHITE) :FIGURE ONT::V389157 :SCALE
<   ONT::WHITE*1--07--00 :START 44 :END 50)
<  (ONT::F ONT::V389147 (:* ONT::BROWN W::BROWN) :FIGURE ONT::V389157 :SCALE
<   ONT::BROWNNESS*1--07--00 :START 54 :END 60)
<  (ONT::A ONT::V389217 (:* ONT::ATTIRE W::CAP) :MOD ONT::V389211 :START 71 :END
<   82)
<  (ONT::F ONT::V389211 (:* ONT::BLUE W::BLUE) :FIGURE ONT::V389217 :SCALE
<   ONT::COLOR-SCALE :START 73 :END 78))</lisp><rdf:RDF
<   xmlns:rdf="http://www.w3.org/1999/02/22-rdf-syntax-ns#"
<   xmlns:role="http://www.cs.rochester.edu/research/trips/role#"
<   xmlns:LF="http://www.cs.rochester.edu/research/trips/LF#">
<   <rdf:Description rdf:ID="V389161">
<     <LF:indicator>INDEF-SET</LF:indicator>
<     <LF:type>ATTIRE</LF:type>
<     <role:OPERATOR>AND</role:OPERATOR>
<     <role:SEQUENCE rdf:resource="#V389157" />
<     <role:SEQUENCE1 rdf:resource="#V389217" />
<     <LF:start>44</LF:start>
<     <LF:end>82</LF:end>
<   </rdf:Description>
<   <rdf:Description rdf:ID="V389157">
<     <LF:indicator>BARE</LF:indicator>
<     <LF:type>ATTIRE</LF:type>
<     <LF:word>ANORAK</LF:word>
<     <role:MOD rdf:resource="#V389516" />
<     <LF:start>44</LF:start>
<     <LF:end>67</LF:end>
<   </rdf:Description>
<   <rdf:Description rdf:ID="V389516">
<     <LF:indicator>F</LF:indicator>
<     <LF:type>COLOR-VAL</LF:type>
<     <role:SEQUENCE rdf:resource="#V389130" />
<     <role:SEQUENCE1 rdf:resource="#V389147" />
<     <role:OPERATOR>AND</role:OPERATOR>
<     <LF:start>44</LF:start>
<     <LF:end>60</LF:end>
<   </rdf:Description>
<   <rdf:Description rdf:ID="V389130">
<     <LF:indicator>F</LF:indicator>
<     <LF:type>WHITE</LF:type>
<     <LF:word>WHITE</LF:word>
<     <role:FIGURE rdf:resource="#V389157" />
<     <role:SCALE>WHITE*1--07--00</role:SCALE>
<     <LF:start>44</LF:start>
<     <LF:end>50</LF:end>
<   </rdf:Description>
<   <rdf:Description rdf:ID="V389147">
<     <LF:indicator>F</LF:indicator>
<     <LF:type>BROWN</LF:type>
<     <LF:word>BROWN</LF:word>
<     <role:FIGURE rdf:resource="#V389157" />
<     <role:SCALE>BROWNNESS*1--07--00</role:SCALE>
<     <LF:start>54</LF:start>
<     <LF:end>60</LF:end>
<   </rdf:Description>
<   <rdf:Description rdf:ID="V389217">
<     <LF:indicator>A</LF:indicator>
<     <LF:type>ATTIRE</LF:type>
<     <LF:word>CAP</LF:word>
<     <role:MOD rdf:resource="#V389211" />
<     <LF:start>71</LF:start>
<     <LF:end>82</LF:end>
<   </rdf:Description>
<   <rdf:Description rdf:ID="V389211">
<     <LF:indicator>F</LF:indicator>
<     <LF:type>BLUE</LF:type>
<     <LF:word>BLUE</LF:word>
<     <role:FIGURE rdf:resource="#V389217" />
<     <role:SCALE>COLOR-SCALE</role:SCALE>
<     <LF:start>73</LF:start>
<     <LF:end>78</LF:end>
<   </rdf:Description>
< </rdf:RDF>
< </terms></utt><utt><words><lisp>(W::IS W::STANDING W::IN W::FRONT W::OF W::A W::PILE W::OF W::WOOD
<  W::PUNC-PERIOD)</lisp><word>IS</word><word>STANDING</word><word>IN</word><word>FRONT</word><word>OF</word><word>A</word><word>PILE</word><word>OF</word><word>WOOD</word><word>PUNC-PERIOD</word></words><tags><lisp>((WORD &quot;is&quot; :FRAME (82 84) :SENSE-INFO
<   ((:PENN-PARTS-OF-SPEECH (VBZ) :TRIPS-PARTS-OF-SPEECH (W::V))) :UTTNUM 60
<   :CHANNEL DESKTOP :DIRECTION INPUT)
<  (WORD &quot;standing&quot; :FRAME (85 93) :SENSE-INFO
<   ((:PENN-PARTS-OF-SPEECH (VBG) :TRIPS-PARTS-OF-SPEECH (W::V))) :UTTNUM 60
<   :CHANNEL DESKTOP :DIRECTION INPUT)
<  (WORD &quot;in&quot; :FRAME (94 96) :SENSE-INFO
<   ((:PENN-PARTS-OF-SPEECH (IN) :TRIPS-PARTS-OF-SPEECH (W::PREP W::ADV)))
<   :UTTNUM 60 :CHANNEL DESKTOP :DIRECTION INPUT)
<  (WORD &quot;standing in&quot; :FRAME (85 96) :SENSE-INFO
<   ((:PENN-PARTS-OF-SPEECH (VBG) :TRIPS-PARTS-OF-SPEECH (W::V) :WN-SENSE-KEYS
<     (&quot;stand_in%2:40:00&quot;)))
<   :UTTNUM 60 :CHANNEL DESKTOP :DIRECTION INPUT)
<  (WORD &quot;front&quot; :FRAME (97 102) :SENSE-INFO
<   ((:PENN-PARTS-OF-SPEECH (NN) :TRIPS-PARTS-OF-SPEECH (W::N))) :UTTNUM 60
<   :CHANNEL DESKTOP :DIRECTION INPUT)
<  (PREFER &quot;front&quot; :FRAME (97 102) :PENN-CATS (NP) :TRIPS-CATS (W::NP) :SCORE
<   10.944 :UTTNUM 60 :CHANNEL DESKTOP :DIRECTION INPUT)
<  (WORD &quot;in front&quot; :FRAME (94 102) :SENSE-INFO
<   ((:PENN-PARTS-OF-SPEECH (RB) :TRIPS-PARTS-OF-SPEECH (W::ADV) :WN-SENSE-KEYS
<     (&quot;in_front%4:02:00&quot;)))
<   :UTTNUM 60 :CHANNEL DESKTOP :DIRECTION INPUT)
<  (WORD &quot;of&quot; :FRAME (103 105) :SENSE-INFO
<   ((:PENN-PARTS-OF-SPEECH (IN) :TRIPS-PARTS-OF-SPEECH (W::PREP W::ADV)))
<   :UTTNUM 60 :CHANNEL DESKTOP :DIRECTION INPUT)
<  (WORD &quot;a&quot; :FRAME (106 107) :SENSE-INFO
<   ((:PENN-PARTS-OF-SPEECH (DT) :TRIPS-PARTS-OF-SPEECH (W::ART W::QUAN W::PRO)))
<   :UTTNUM 60 :CHANNEL DESKTOP :DIRECTION INPUT)
<  (WORD &quot;pile&quot; :FRAME (108 112) :SENSE-INFO
<   ((:PENN-PARTS-OF-SPEECH (NN) :TRIPS-PARTS-OF-SPEECH (W::N))) :UTTNUM 60
<   :CHANNEL DESKTOP :DIRECTION INPUT)
<  (PREFER &quot;a pile&quot; :FRAME (106 112) :PENN-CATS (NP) :TRIPS-CATS (W::NP) :SCORE
<   13.427 :UTTNUM 60 :CHANNEL DESKTOP :DIRECTION INPUT)
<  (WORD &quot;of&quot; :FRAME (113 115) :SENSE-INFO
<   ((:PENN-PARTS-OF-SPEECH (IN) :TRIPS-PARTS-OF-SPEECH (W::PREP W::ADV)))
<   :UTTNUM 60 :CHANNEL DESKTOP :DIRECTION INPUT)
<  (WORD &quot;wood&quot; :FRAME (116 120) :SENSE-INFO
<   ((:PENN-PARTS-OF-SPEECH (NN) :TRIPS-PARTS-OF-SPEECH (W::N))) :UTTNUM 60
<   :CHANNEL DESKTOP :DIRECTION INPUT)
<  (PREFER &quot;wood&quot; :FRAME (116 120) :PENN-CATS (NP) :TRIPS-CATS (W::NP) :SCORE
<   11.338 :UTTNUM 60 :CHANNEL DESKTOP :DIRECTION INPUT)
<  (PREFER &quot;of wood&quot; :FRAME (113 120) :PENN-CATS (PP) :TRIPS-CATS (W::PP) :SCORE
<   12.406 :UTTNUM 60 :CHANNEL DESKTOP :DIRECTION INPUT)
<  (PREFER &quot;a pile of wood&quot; :FRAME (106 120) :PENN-CATS (NP) :TRIPS-CATS (W::NP)
<   :SCORE 26.374 :UTTNUM 60 :CHANNEL DESKTOP :DIRECTION INPUT)
<  (PREFER &quot;of a pile of wood&quot; :FRAME (103 120) :PENN-CATS (PP) :TRIPS-CATS
<   (W::PP) :SCORE 28.786 :UTTNUM 60 :CHANNEL DESKTOP :DIRECTION INPUT)
<  (PREFER &quot;front of a pile of wood&quot; :FRAME (97 120) :PENN-CATS (NP) :TRIPS-CATS
<   (W::NP) :SCORE 40.271 :UTTNUM 60 :CHANNEL DESKTOP :DIRECTION INPUT)
<  (PREFER &quot;in front of a pile of wood&quot; :FRAME (94 120) :PENN-CATS (PP)
<   :TRIPS-CATS (W::PP) :SCORE 43.479 :UTTNUM 60 :CHANNEL DESKTOP :DIRECTION
<   INPUT)
<  (PREFER &quot;standing in front of a pile of wood&quot; :FRAME (85 120) :PENN-CATS (VP)
<   :TRIPS-CATS (W::VP) :SCORE 52.653 :UTTNUM 60 :CHANNEL DESKTOP :DIRECTION
<   INPUT)
<  (PREFER &quot;is standing in front of a pile of wood&quot; :FRAME (82 120) :PENN-CATS
<   (VP) :TRIPS-CATS (W::VP) :SCORE 56.913 :UTTNUM 60 :CHANNEL DESKTOP :DIRECTION
<   INPUT)
<  (WORD &quot;.&quot; :FRAME (121 121) :SENSE-INFO
<   ((:PENN-PARTS-OF-SPEECH (FULL_STOP) :TRIPS-PARTS-OF-SPEECH (W::PUNC)))
<   :UTTNUM 60 :CHANNEL DESKTOP :DIRECTION INPUT)
<  (PREFER
<   &quot;a dark-haired , dark-skinned boy in a red , white and brown anorak and a blue cap is standing in front of a pile of wood .&quot;
<   :FRAME (0 121) :PENN-CATS (S) :SCORE 178.355 :UTTNUM 60 :CHANNEL DESKTOP
<   :DIRECTION INPUT))</lisp><word lex="is" start="82" end="84"><sense-info penn-parts-of-speech="VBZ" trips-parts-of-speech="V" /></word><word lex="standing" start="85" end="93"><sense-info penn-parts-of-speech="VBG" trips-parts-of-speech="V" /></word><word lex="in" start="94" end="96"><sense-info penn-parts-of-speech="IN" trips-parts-of-speech="PREP,ADV" /></word><word lex="standing in" start="85" end="96"><sense-info penn-parts-of-speech="VBG" trips-parts-of-speech="V" wn-sense-keys="stand_in%2:40:00" /></word><word lex="front" start="97" end="102"><sense-info penn-parts-of-speech="NN" trips-parts-of-speech="N" /></word><prefer text="front" start="97" end="102" penn-cats="NP" score="10.944" /><word lex="in front" start="94" end="102"><sense-info penn-parts-of-speech="RB" trips-parts-of-speech="ADV" wn-sense-keys="in_front%4:02:00" /></word><word lex="of" start="103" end="105"><sense-info penn-parts-of-speech="IN" trips-parts-of-speech="PREP,ADV" /></word><word lex="a" start="106" end="107"><sense-info penn-parts-of-speech="DT" trips-parts-of-speech="ART,QUAN,PRO" /></word><word lex="pile" start="108" end="112"><sense-info penn-parts-of-speech="NN" trips-parts-of-speech="N" /></word><prefer text="a pile" start="106" end="112" penn-cats="NP" score="13.427" /><word lex="of" start="113" end="115"><sense-info penn-parts-of-speech="IN" trips-parts-of-speech="PREP,ADV" /></word><word lex="wood" start="116" end="120"><sense-info penn-parts-of-speech="NN" trips-parts-of-speech="N" /></word><prefer text="wood" start="116" end="120" penn-cats="NP" score="11.338" /><prefer text="of wood" start="113" end="120" penn-cats="PP" score="12.406" /><prefer text="a pile of wood" start="106" end="120" penn-cats="NP" score="26.374" /><prefer text="of a pile of wood" start="103" end="120" penn-cats="PP" score="28.786" /><prefer text="front of a pile of wood" start="97" end="120" penn-cats="NP" score="40.271" /><prefer text="in front of a pile of wood" start="94" end="120" penn-cats="PP" score="43.479" /><prefer text="standing in front of a pile of wood" start="85" end="120" penn-cats="VP" score="52.653" /><prefer text="is standing in front of a pile of wood" start="82" end="120" penn-cats="VP" score="56.913" /><word lex="." start="121" end="121"><sense-info penn-parts-of-speech="FULL_STOP" trips-parts-of-speech="PUNC" /></word><prefer text="a dark-haired , dark-skinned boy in a red , white and brown anorak and a blue cap is standing in front of a pile of wood ." start="0" end="121" penn-cats="S" score="178.355" /></tags><tree><lisp>(DET (ART A))</lisp><DET><ART>A</ART></DET></tree><terms root="#V392665"><lisp>((ONT::SPEECHACT ONT::V392665 ONT::SA_YN-QUESTION :PUNCTYPE W::DECL :CONTENT
<   ONT::V389228 :START 82 :END 121)
<  (ONT::F ONT::V389228 (:* ONT::BE W::BE) :NEUTRAL ONT::V389309 :NEUTRAL1
<   ONT::V389315 :TENSE W::PRES :START 82 :END 121)
<  (ONT::BARE ONT::V389309 (:* ONT::EXCHANGE W::STANDING-IN) :START 85 :END 97
<   :WNSENSE &quot;stand_in%2:40:00&quot;)
<  (ONT::BARE ONT::V389315 (:* ONT::OBJECT-DEPENDENT-LOCATION W::FRONT) :FIGURE
<   ONT::V389424 :START 97 :END 121)
<  (ONT::A ONT::V389424 (:* ONT::COLUMN-FORMATION W::PILE) :MOD ONT::V389432
<   :START 103 :END 121)
<  (ONT::F ONT::V389432 (:* ONT::ASSOC-WITH W::OF) :GROUND ONT::V389439 :FIGURE
<   ONT::V389424 :START 113 :END 121)
<  (ONT::BARE ONT::V389439 (:* ONT::MATERIAL W::WOOD) :START 116 :END 121))</lisp><rdf:RDF
<   xmlns:rdf="http://www.w3.org/1999/02/22-rdf-syntax-ns#"
<   xmlns:role="http://www.cs.rochester.edu/research/trips/role#"
<   xmlns:LF="http://www.cs.rochester.edu/research/trips/LF#">
<   <rdf:Description rdf:ID="V392665">
<     <LF:indicator>SPEECHACT</LF:indicator>
<     <LF:type>SA_YN-QUESTION</LF:type>
<     <role:PUNCTYPE>DECL</role:PUNCTYPE>
<     <role:CONTENT rdf:resource="#V389228" />
<     <LF:start>82</LF:start>
<     <LF:end>121</LF:end>
<   </rdf:Description>
<   <rdf:Description rdf:ID="V389228">
<     <LF:indicator>F</LF:indicator>
<     <LF:type>BE</LF:type>
<     <LF:word>BE</LF:word>
<     <role:NEUTRAL rdf:resource="#V389309" />
<     <role:NEUTRAL1 rdf:resource="#V389315" />
<     <role:TENSE>PRES</role:TENSE>
<     <LF:start>82</LF:start>
<     <LF:end>121</LF:end>
<   </rdf:Description>
<   <rdf:Description rdf:ID="V389309">
<     <LF:indicator>BARE</LF:indicator>
<     <LF:type>EXCHANGE</LF:type>
<     <LF:word>STANDING-IN</LF:word>
<     <LF:start>85</LF:start>
<     <LF:end>97</LF:end>
<     <role:WNSENSE>stand_in%2:40:00</role:WNSENSE>
<   </rdf:Description>
<   <rdf:Description rdf:ID="V389315">
<     <LF:indicator>BARE</LF:indicator>
<     <LF:type>OBJECT-DEPENDENT-LOCATION</LF:type>
<     <LF:word>FRONT</LF:word>
<     <role:FIGURE rdf:resource="#V389424" />
<     <LF:start>97</LF:start>
<     <LF:end>121</LF:end>
<   </rdf:Description>
<   <rdf:Description rdf:ID="V389424">
<     <LF:indicator>A</LF:indicator>
<     <LF:type>COLUMN-FORMATION</LF:type>
<     <LF:word>PILE</LF:word>
<     <role:MOD rdf:resource="#V389432" />
<     <LF:start>103</LF:start>
<     <LF:end>121</LF:end>
<   </rdf:Description>
<   <rdf:Description rdf:ID="V389432">
<     <LF:indicator>F</LF:indicator>
<     <LF:type>ASSOC-WITH</LF:type>
<     <LF:word>OF</LF:word>
<     <role:GROUND rdf:resource="#V389439" />
<     <role:FIGURE rdf:resource="#V389424" />
<     <LF:start>113</LF:start>
<     <LF:end>121</LF:end>
<   </rdf:Description>
<   <rdf:Description rdf:ID="V389439">
<     <LF:indicator>BARE</LF:indicator>
<     <LF:type>MATERIAL</LF:type>
<     <LF:word>WOOD</LF:word>
<     <LF:start>116</LF:start>
<     <LF:end>121</LF:end>
<   </rdf:Description>
< </rdf:RDF>
< </terms></utt></compound-communication-act>
< </trips-parser-output>
\ No newline at end of file
---
> <SpRL>
>  <SCENE>
>   <SENTENCE id="s1" indicator="F" type="MODIFIER" text="DARK-PUNC-MINUS-HAIRED" start="2" end="14" WNSENSE="dark-haired%5:00:00">
>    <TEXT>dark-haired ,</TEXT>
>   </SENTENCE>
>   <SENTENCE id="s2" indicator="BARE" type="MALE-CHILD" text="BOY" start="16" end="33">
>    <TEXT>dark-skinned boy i</TEXT>
>    <RELATION id="1" head="V389023" res="V388995" label="MOD"/>
>    <RELATION id="2" head="V389023" res="V389008" label="MOD"/>
>    <PHRASE id="V388995" indicator="F" type="DARK-VAL" text="DARK" start="16" end="20"/>
>    <RELATION id="3" head="V388995" res="V389023" label="FIGURE"/>
>    <PHRASE id="V389008" indicator="F" type="MOVE" text="SKINNED" start="21" end="29"/>
>    <RELATION id="4" head="V389008" res="V389023" label="AFFECTED"/>
>   </SENTENCE>
>   <SENTENCE id="s3" indicator="F" type="DIRECTION" text="IN" start="33" end="36">
>    <TEXT>in a</TEXT>
>   </SENTENCE>
>   <SENTENCE id="s4" indicator="F" type="RED" text="RED" SCALE="COLOR-SCALE" start="38" end="42">
>    <TEXT>red ,</TEXT>
>   </SENTENCE>
>   <SENTENCE id="s5" indicator="INDEF-SET" type="ATTIRE" OPERATOR="AND" start="44" end="82">
>    <TEXT>white and brown anorak and a blue cap i</TEXT>
>    <RELATION id="5" head="V389161" res="V389157" label="SEQUENCE"/>
>    <RELATION id="6" head="V389161" res="V389217" label="SEQUENCE1"/>
>    <PHRASE id="V389157" indicator="BARE" type="ATTIRE" text="ANORAK" start="44" end="67"/>
>    <RELATION id="7" head="V389157" res="V389516" label="MOD"/>
>    <PHRASE id="V389516" indicator="F" type="COLOR-VAL" OPERATOR="AND" start="44" end="60"/>
>    <RELATION id="8" head="V389516" res="V389130" label="SEQUENCE"/>
>    <RELATION id="9" head="V389516" res="V389147" label="SEQUENCE1"/>
>    <PHRASE id="V389130" indicator="F" type="WHITE" text="WHITE" SCALE="WHITE*1--07--00" start="44" end="50"/>
>    <RELATION id="10" head="V389130" res="V389157" label="FIGURE"/>
>    <PHRASE id="V389147" indicator="F" type="BROWN" text="BROWN" SCALE="BROWNNESS*1--07--00" start="54" end="60"/>
>    <RELATION id="11" head="V389147" res="V389157" label="FIGURE"/>
>    <PHRASE id="V389217" indicator="A" type="ATTIRE" text="CAP" start="71" end="82"/>
>    <RELATION id="12" head="V389217" res="V389211" label="MOD"/>
>    <PHRASE id="V389211" indicator="F" type="BLUE" text="BLUE" SCALE="COLOR-SCALE" start="73" end="78"/>
>    <RELATION id="13" head="V389211" res="V389217" label="FIGURE"/>
>   </SENTENCE>
>   <SENTENCE id="s6" indicator="SPEECHACT" type="SA_YN-QUESTION" PUNCTYPE="DECL" start="82" end="121">
>    <TEXT>is standing in front of a pile of wood .</TEXT>
>    <RELATION id="14" head="V392665" res="V389228" label="CONTENT"/>
>    <PHRASE id="V389228" indicator="F" type="BE" text="BE" TENSE="PRES" start="82" end="121"/>
>    <RELATION id="15" head="V389228" res="V389309" label="NEUTRAL"/>
>    <RELATION id="16" head="V389228" res="V389315" label="NEUTRAL1"/>
>    <PHRASE id="V389309" indicator="BARE" type="EXCHANGE" text="STANDING-IN" start="85" end="97" WNSENSE="stand_in%2:40:00"/>
>    <PHRASE id="V389315" indicator="BARE" type="OBJECT-DEPENDENT-LOCATION" text="FRONT" start="97" end="121"/>
>    <RELATION id="17" head="V389315" res="V389424" label="FIGURE"/>
>    <PHRASE id="V389424" indicator="A" type="COLUMN-FORMATION" text="PILE" start="103" end="121"/>
>    <RELATION id="18" head="V389424" res="V389432" label="MOD"/>
>    <PHRASE id="V389432" indicator="F" type="ASSOC-WITH" text="OF" start="113" end="121"/>
>    <RELATION id="19" head="V389432" res="V389439" label="GROUND"/>
>    <RELATION id="20" head="V389432" res="V389424" label="FIGURE"/>
>    <PHRASE id="V389439" indicator="BARE" type="MATERIAL" text="WOOD" start="116" end="121"/>
>   </SENTENCE>
>  </SCENE>
> </SpRL>
