2,354c2,42
< <?xml-stylesheet type="text/xsl" href="../style/parser-interface.xsl"?>
< <!DOCTYPE trips-parser-output SYSTEM "../trips-parser-output.dtd">
< <trips-parser-output parser-build-date="2017-09-20T12:11:02-0500" system="STEP" extsformat="svg" tagsformat="hidden" treecontents="phrase" treeformat="LinGO" lfformat="svg" semantic-skeleton-scoring="T" rule-sets="" input="portrait of a dark-skinned , dark-haired boy wearing a white and blue jumper with a red collar .
< ">
< <debug>
< 
<  FOUNDS SEQUENCE from constit (% W::NP (W::BARE-SEQUENCE -) (W::CONSTRAINT -)
<                                  (W::MASS W::BARE) (W::GENERATED +)
<                                  (W::POSTADVBL +)
<                                  (W::SEM ?8607:(?90240:(F::PHYS-OBJ
<                                                         F::ABSTR-OBJ) NIL))
<                                  (W::LF (% W::DESCRIPTION (W::STATUS ONT::DEFINITE)
<                                            (W::VAR V189942)
<                                            (W::SORT W::INDIVIDUAL)
<                                            (W::LEX (W::A))
<                                            (W::CLASS ONT::SEQUENCE)
<                                            (W::CONSTRAINT (% &amp; (W::NAME-OF (W::A))
<                                                              (W::VAL (W::A))))
<                                            (W::LEX W::A) (W::SEM ?90238)
<                                            (W::TRANSFORM ?90239)))
<                                  (W::CASE ?90237:(W::SUB W::OBJ -))
<                                  (W::AGR ?90236) (W::CLASS ONT::ANY-SEM)
<                                  (W::VAR V189942) (W::SORT W::PRED) (W::NAME -)
<                                  (W::PRO -) (W::CHANGEAGR -) (W::LEX W::A)
<                                  (W::HEADCAT W::VALUE) (W::TRANSFORM -)
<                                  (W::REFL -) (1 RNUMBER190104))
< 
<  FOUNDS SEQUENCE from constit (% W::NP (W::BARE-SEQUENCE -) (W::CONSTRAINT -)
<                                  (W::MASS W::BARE) (W::GENERATED +)
<                                  (W::POSTADVBL +)
<                                  (W::SEM ?8607:(?90542:(F::PHYS-OBJ
<                                                         F::ABSTR-OBJ) NIL))
<                                  (W::LF (% W::DESCRIPTION (W::STATUS ONT::DEFINITE)
<                                            (W::VAR V189945)
<                                            (W::SORT W::INDIVIDUAL)
<                                            (W::LEX (W::A))
<                                            (W::CLASS ONT::SEQUENCE)
<                                            (W::CONSTRAINT (% &amp; (W::NAME-OF (W::A))
<                                                              (W::VAL (W::A))))
<                                            (W::LEX W::A) (W::SEM ?90540)
<                                            (W::TRANSFORM ?90541)))
<                                  (W::CASE ?90539:(W::SUB W::OBJ -))
<                                  (W::AGR ?90538) (W::CLASS ONT::ANY-SEM)
<                                  (W::VAR V189945) (W::SORT W::PRED) (W::NAME -)
<                                  (W::PRO -) (W::CHANGEAGR -) (W::LEX W::A)
<                                  (W::HEADCAT W::VALUE) (W::TRANSFORM -)
<                                  (W::REFL -) (1 RNUMBER190106))
< 
<  FOUNDS SEQUENCE from constit (% W::NP (W::BARE-SEQUENCE -) (W::CONSTRAINT -)
<                                  (W::MASS W::BARE) (W::GENERATED +)
<                                  (W::POSTADVBL +)
<                                  (W::SEM ?8607:(?90855:(F::PHYS-OBJ
<                                                         F::ABSTR-OBJ) NIL))
<                                  (W::LF (% W::DESCRIPTION (W::STATUS ONT::DEFINITE)
<                                            (W::VAR V189948)
<                                            (W::SORT W::INDIVIDUAL)
<                                            (W::LEX (W::A))
<                                            (W::CLASS ONT::SEQUENCE)
<                                            (W::CONSTRAINT (% &amp; (W::NAME-OF (W::A))
<                                                              (W::VAL (W::A))))
<                                            (W::LEX W::A) (W::SEM ?90853)
<                                            (W::TRANSFORM ?90854)))
<                                  (W::CASE ?90852:(W::SUB W::OBJ -))
<                                  (W::AGR ?90851) (W::CLASS ONT::ANY-SEM)
<                                  (W::VAR V189948) (W::SORT W::PRED) (W::NAME -)
<                                  (W::PRO -) (W::CHANGEAGR -) (W::LEX W::A)
<                                  (W::HEADCAT W::VALUE) (W::TRANSFORM -)
<                                  (W::REFL -) (1 RNUMBER190108))
< *last-utt-id*=NIL  utt-id+36
< *last-utt-id*=36  utt-id+36
< *last-utt-id*=36  utt-id+NIL</debug><compound-communication-act>
< <utt><words><lisp>(W::PORTRAIT W::OF W::A W::DARK W::PUNC-MINUS W::SKINNED W::DARK W::PUNC-MINUS
<  W::HAIRED W::BOY)</lisp><word>PORTRAIT</word><word>OF</word><word>A</word><word>DARK</word><word>PUNC-MINUS</word><word>SKINNED</word><word>DARK</word><word>PUNC-MINUS</word><word>HAIRED</word><word>BOY</word></words><tags><lisp>((WORD &quot;portrait&quot; :FRAME (0 8) :SENSE-INFO
<   ((:PENN-PARTS-OF-SPEECH (NN) :TRIPS-PARTS-OF-SPEECH (W::N))) :UTTNUM 36
<   :CHANNEL DESKTOP :DIRECTION INPUT)
<  (PREFER &quot;portrait&quot; :FRAME (0 8) :PENN-CATS (NP) :TRIPS-CATS (W::NP) :SCORE
<   12.861 :UTTNUM 36 :CHANNEL DESKTOP :DIRECTION INPUT)
<  (WORD &quot;of&quot; :FRAME (9 11) :SENSE-INFO
<   ((:PENN-PARTS-OF-SPEECH (IN) :TRIPS-PARTS-OF-SPEECH (W::PREP W::ADV)))
<   :UTTNUM 36 :CHANNEL DESKTOP :DIRECTION INPUT)
<  (WORD &quot;a&quot; :FRAME (12 13) :SENSE-INFO
<   ((:PENN-PARTS-OF-SPEECH (DT) :TRIPS-PARTS-OF-SPEECH (W::ART W::QUAN W::PRO)))
<   :UTTNUM 36 :CHANNEL DESKTOP :DIRECTION INPUT)
<  (WORD &quot;dark&quot; :FRAME (14 17) :SENSE-INFO
<   ((:PENN-PARTS-OF-SPEECH (NN) :TRIPS-PARTS-OF-SPEECH (W::N))) :UTTNUM 36
<   :CHANNEL DESKTOP :DIRECTION INPUT)
<  (WORD &quot;-&quot; :FRAME (18 18) :SENSE-INFO
<   ((:PENN-PARTS-OF-SPEECH (COLON) :TRIPS-PARTS-OF-SPEECH (W::PUNC))) :UTTNUM 36
<   :CHANNEL DESKTOP :DIRECTION INPUT)
<  (WORD &quot;skinned&quot; :FRAME (19 26) :SENSE-INFO
<   ((:PENN-PARTS-OF-SPEECH (VBD) :TRIPS-PARTS-OF-SPEECH (W::V))) :UTTNUM 36
<   :CHANNEL DESKTOP :DIRECTION INPUT)
<  (WORD &quot;dark-skinned&quot; :FRAME (14 26) :SENSE-INFO
<   ((:PENN-PARTS-OF-SPEECH (JJ) :TRIPS-PARTS-OF-SPEECH (W::ADJ) :WN-SENSE-KEYS
<     (&quot;dark-skinned%5:00:00&quot;)))
<   :UTTNUM 36 :CHANNEL DESKTOP :DIRECTION INPUT)
<  (WORD &quot;,&quot; :FRAME (27 28) :SENSE-INFO
<   ((:PENN-PARTS-OF-SPEECH (COMMA) :TRIPS-PARTS-OF-SPEECH (W::PUNC))) :UTTNUM 36
<   :CHANNEL DESKTOP :DIRECTION INPUT)
<  (WORD &quot;dark&quot; :FRAME (29 32) :SENSE-INFO
<   ((:PENN-PARTS-OF-SPEECH (JJ) :TRIPS-PARTS-OF-SPEECH (W::ADJ))) :UTTNUM 36
<   :CHANNEL DESKTOP :DIRECTION INPUT)
<  (WORD &quot;-&quot; :FRAME (33 33) :SENSE-INFO
<   ((:PENN-PARTS-OF-SPEECH (COLON) :TRIPS-PARTS-OF-SPEECH (W::PUNC))) :UTTNUM 36
<   :CHANNEL DESKTOP :DIRECTION INPUT)
<  (WORD &quot;haired&quot; :FRAME (34 40) :SENSE-INFO
<   ((:PENN-PARTS-OF-SPEECH (VBN) :TRIPS-PARTS-OF-SPEECH (W::V))) :UTTNUM 36
<   :CHANNEL DESKTOP :DIRECTION INPUT)
<  (WORD &quot;dark-haired&quot; :FRAME (29 40) :SENSE-INFO
<   ((:PENN-PARTS-OF-SPEECH (JJ) :TRIPS-PARTS-OF-SPEECH (W::ADJ) :WN-SENSE-KEYS
<     (&quot;dark-haired%5:00:00&quot;)))
<   :UTTNUM 36 :CHANNEL DESKTOP :DIRECTION INPUT)
<  (WORD &quot;boy&quot; :FRAME (41 44) :SENSE-INFO
<   ((:PENN-PARTS-OF-SPEECH (NN) :TRIPS-PARTS-OF-SPEECH (W::N))) :UTTNUM 36
<   :CHANNEL DESKTOP :DIRECTION INPUT)
<  (PREFER &quot;a dark-skinned , dark-haired boy&quot; :FRAME (12 44) :PENN-CATS (NP)
<   :TRIPS-CATS (W::NP) :SCORE 40.958 :UTTNUM 36 :CHANNEL DESKTOP :DIRECTION
<   INPUT))</lisp><word lex="portrait" start="0" end="8"><sense-info penn-parts-of-speech="NN" trips-parts-of-speech="N" /></word><prefer text="portrait" start="0" end="8" penn-cats="NP" score="12.861" /><word lex="of" start="9" end="11"><sense-info penn-parts-of-speech="IN" trips-parts-of-speech="PREP,ADV" /></word><word lex="a" start="12" end="13"><sense-info penn-parts-of-speech="DT" trips-parts-of-speech="ART,QUAN,PRO" /></word><word lex="dark" start="14" end="17"><sense-info penn-parts-of-speech="NN" trips-parts-of-speech="N" /></word><word lex="-" start="18" end="18"><sense-info penn-parts-of-speech="COLON" trips-parts-of-speech="PUNC" /></word><word lex="skinned" start="19" end="26"><sense-info penn-parts-of-speech="VBD" trips-parts-of-speech="V" /></word><word lex="dark-skinned" start="14" end="26"><sense-info penn-parts-of-speech="JJ" trips-parts-of-speech="ADJ" wn-sense-keys="dark-skinned%5:00:00" /></word><word lex="," start="27" end="28"><sense-info penn-parts-of-speech="COMMA" trips-parts-of-speech="PUNC" /></word><word lex="dark" start="29" end="32"><sense-info penn-parts-of-speech="JJ" trips-parts-of-speech="ADJ" /></word><word lex="-" start="33" end="33"><sense-info penn-parts-of-speech="COLON" trips-parts-of-speech="PUNC" /></word><word lex="haired" start="34" end="40"><sense-info penn-parts-of-speech="VBN" trips-parts-of-speech="V" /></word><word lex="dark-haired" start="29" end="40"><sense-info penn-parts-of-speech="JJ" trips-parts-of-speech="ADJ" wn-sense-keys="dark-haired%5:00:00" /></word><word lex="boy" start="41" end="44"><sense-info penn-parts-of-speech="NN" trips-parts-of-speech="N" /></word><prefer text="a dark-skinned , dark-haired boy" start="12" end="44" penn-cats="NP" score="40.958" /></tags><tree><lisp>(NP
<  (N1 (N1 (N PORTRAIT))
<   (ADVBL (ADV OF)
<    (NP (SPEC (DET (ART A)))
<     (N1 (ADJP (ADJ1 (ADJ DARK PUNC-MINUS SKINNED)))
<      (N1 (ADJP (ADJ1 (ADJ DARK PUNC-MINUS HAIRED))) (N1 (N BOY))))))))</lisp><NP><N1><N1><N>PORTRAIT</N></N1><ADVBL><ADV>OF</ADV><NP><SPEC><DET><ART>A</ART></DET></SPEC><N1><ADJP><ADJ1><ADJ>DARK PUNC-MINUS SKINNED</ADJ></ADJ1></ADJP><N1><ADJP><ADJ1><ADJ>DARK PUNC-MINUS HAIRED</ADJ></ADJ1></ADJP><N1><N>BOY</N></N1></N1></N1></NP></ADVBL></N1></NP></tree><terms root="#V188593"><lisp>((ONT::BARE ONT::V188593 (:* ONT::CONTENT W::PORTRAIT) :MOD ONT::V188601 :START
<   0 :END 45)
<  (ONT::F ONT::V188601 (:* ONT::ASSOC-WITH W::OF) :GROUND ONT::V188701 :FIGURE
<   ONT::V188593 :START 9 :END 45)
<  (ONT::A ONT::V188701 (:* ONT::MALE-CHILD W::BOY) :MOD ONT::V188674 :MOD
<   ONT::V188698 :START 12 :END 45)
<  (ONT::F ONT::V188674 (:* ONT::MODIFIER W::DARK-PUNC-MINUS-SKINNED) :FIGURE
<   ONT::V188701 :START 14 :END 27 :WNSENSE &quot;dark-skinned%5:00:00&quot;)
<  (ONT::F ONT::V188698 (:* ONT::MODIFIER W::DARK-PUNC-MINUS-HAIRED) :FIGURE
<   ONT::V188701 :START 29 :END 41 :WNSENSE &quot;dark-haired%5:00:00&quot;))</lisp><rdf:RDF
<   xmlns:rdf="http://www.w3.org/1999/02/22-rdf-syntax-ns#"
<   xmlns:role="http://www.cs.rochester.edu/research/trips/role#"
<   xmlns:LF="http://www.cs.rochester.edu/research/trips/LF#">
<   <rdf:Description rdf:ID="V188593">
<     <LF:indicator>BARE</LF:indicator>
<     <LF:type>CONTENT</LF:type>
<     <LF:word>PORTRAIT</LF:word>
<     <role:MOD rdf:resource="#V188601" />
<     <LF:start>0</LF:start>
<     <LF:end>45</LF:end>
<   </rdf:Description>
<   <rdf:Description rdf:ID="V188601">
<     <LF:indicator>F</LF:indicator>
<     <LF:type>ASSOC-WITH</LF:type>
<     <LF:word>OF</LF:word>
<     <role:GROUND rdf:resource="#V188701" />
<     <role:FIGURE rdf:resource="#V188593" />
<     <LF:start>9</LF:start>
<     <LF:end>45</LF:end>
<   </rdf:Description>
<   <rdf:Description rdf:ID="V188701">
<     <LF:indicator>A</LF:indicator>
<     <LF:type>MALE-CHILD</LF:type>
<     <LF:word>BOY</LF:word>
<     <role:MOD rdf:resource="#V188674" />
<     <role:MOD rdf:resource="#V188698" />
<     <LF:start>12</LF:start>
<     <LF:end>45</LF:end>
<   </rdf:Description>
<   <rdf:Description rdf:ID="V188674">
<     <LF:indicator>F</LF:indicator>
<     <LF:type>MODIFIER</LF:type>
<     <LF:word>DARK-PUNC-MINUS-SKINNED</LF:word>
<     <role:FIGURE rdf:resource="#V188701" />
<     <LF:start>14</LF:start>
<     <LF:end>27</LF:end>
<     <role:WNSENSE>dark-skinned%5:00:00</role:WNSENSE>
<   </rdf:Description>
<   <rdf:Description rdf:ID="V188698">
<     <LF:indicator>F</LF:indicator>
<     <LF:type>MODIFIER</LF:type>
<     <LF:word>DARK-PUNC-MINUS-HAIRED</LF:word>
<     <role:FIGURE rdf:resource="#V188701" />
<     <LF:start>29</LF:start>
<     <LF:end>41</LF:end>
<     <role:WNSENSE>dark-haired%5:00:00</role:WNSENSE>
<   </rdf:Description>
< </rdf:RDF>
< </terms></utt><utt><words><lisp>(W::WEARING W::A W::WHITE W::AND W::BLUE W::JUMPER W::WITH W::A W::RED
<  W::COLLAR W::PUNC-PERIOD)</lisp><word>WEARING</word><word>A</word><word>WHITE</word><word>AND</word><word>BLUE</word><word>JUMPER</word><word>WITH</word><word>A</word><word>RED</word><word>COLLAR</word><word>PUNC-PERIOD</word></words><tags><lisp>((WORD &quot;wearing&quot; :FRAME (45 52) :SENSE-INFO
<   ((:PENN-PARTS-OF-SPEECH (VBG) :TRIPS-PARTS-OF-SPEECH (W::V))) :UTTNUM 36
<   :CHANNEL DESKTOP :DIRECTION INPUT)
<  (WORD &quot;a&quot; :FRAME (53 54) :SENSE-INFO
<   ((:PENN-PARTS-OF-SPEECH (DT) :TRIPS-PARTS-OF-SPEECH (W::ART W::QUAN W::PRO)))
<   :UTTNUM 36 :CHANNEL DESKTOP :DIRECTION INPUT)
<  (WORD &quot;white&quot; :FRAME (55 60) :SENSE-INFO
<   ((:PENN-PARTS-OF-SPEECH (JJ) :TRIPS-PARTS-OF-SPEECH (W::ADJ))) :UTTNUM 36
<   :CHANNEL DESKTOP :DIRECTION INPUT)
<  (WORD &quot;and&quot; :FRAME (61 64) :SENSE-INFO
<   ((:PENN-PARTS-OF-SPEECH (CC) :TRIPS-PARTS-OF-SPEECH (W::CONJ))) :UTTNUM 36
<   :CHANNEL DESKTOP :DIRECTION INPUT)
<  (WORD &quot;blue&quot; :FRAME (65 69) :SENSE-INFO
<   ((:PENN-PARTS-OF-SPEECH (JJ) :TRIPS-PARTS-OF-SPEECH (W::ADJ))) :UTTNUM 36
<   :CHANNEL DESKTOP :DIRECTION INPUT)
<  (PREFER &quot;white and blue&quot; :FRAME (55 69) :PENN-CATS (ADJP) :TRIPS-CATS
<   (W::ADJP) :SCORE 18.298 :UTTNUM 36 :CHANNEL DESKTOP :DIRECTION INPUT)
<  (WORD &quot;jumper&quot; :FRAME (70 76) :SENSE-INFO
<   ((:PENN-PARTS-OF-SPEECH (NN) :TRIPS-PARTS-OF-SPEECH (W::N))) :UTTNUM 36
<   :CHANNEL DESKTOP :DIRECTION INPUT)
<  (PREFER &quot;a white and blue jumper&quot; :FRAME (53 76) :PENN-CATS (NP) :TRIPS-CATS
<   (W::NP) :SCORE 34.263 :UTTNUM 36 :CHANNEL DESKTOP :DIRECTION INPUT)
<  (WORD &quot;with&quot; :FRAME (77 81) :SENSE-INFO
<   ((:PENN-PARTS-OF-SPEECH (IN) :TRIPS-PARTS-OF-SPEECH (W::PREP W::ADV)))
<   :UTTNUM 36 :CHANNEL DESKTOP :DIRECTION INPUT)
<  (WORD &quot;a&quot; :FRAME (82 83) :SENSE-INFO
<   ((:PENN-PARTS-OF-SPEECH (DT) :TRIPS-PARTS-OF-SPEECH (W::ART W::QUAN W::PRO)))
<   :UTTNUM 36 :CHANNEL DESKTOP :DIRECTION INPUT)
<  (WORD &quot;red&quot; :FRAME (84 87) :SENSE-INFO
<   ((:PENN-PARTS-OF-SPEECH (NN JJ) :TRIPS-PARTS-OF-SPEECH (W::N W::ADJ)))
<   :UTTNUM 36 :CHANNEL DESKTOP :DIRECTION INPUT)
<  (WORD &quot;collar&quot; :FRAME (88 94) :SENSE-INFO
<   ((:PENN-PARTS-OF-SPEECH (NN) :TRIPS-PARTS-OF-SPEECH (W::N))) :UTTNUM 36
<   :CHANNEL DESKTOP :DIRECTION INPUT)
<  (PREFER &quot;a red collar&quot; :FRAME (82 94) :PENN-CATS (NP) :TRIPS-CATS (W::NP)
<   :SCORE 21.502 :UTTNUM 36 :CHANNEL DESKTOP :DIRECTION INPUT)
<  (PREFER &quot;with a red collar&quot; :FRAME (77 94) :PENN-CATS (PP) :TRIPS-CATS (W::PP)
<   :SCORE 25.302 :UTTNUM 36 :CHANNEL DESKTOP :DIRECTION INPUT)
<  (PREFER &quot;a white and blue jumper with a red collar&quot; :FRAME (53 94) :PENN-CATS
<   (NP) :TRIPS-CATS (W::NP) :SCORE 62.1 :UTTNUM 36 :CHANNEL DESKTOP :DIRECTION
<   INPUT)
<  (PREFER &quot;wearing a white and blue jumper with a red collar&quot; :FRAME (45 94)
<   :PENN-CATS (VP) :TRIPS-CATS (W::VP) :SCORE 71.228 :UTTNUM 36 :CHANNEL DESKTOP
<   :DIRECTION INPUT)
<  (PREFER
<   &quot;a dark-skinned , dark-haired boy wearing a white and blue jumper with a red collar&quot;
<   :FRAME (12 94) :PENN-CATS (NP) :TRIPS-CATS (W::NP) :SCORE 115.224 :UTTNUM 36
<   :CHANNEL DESKTOP :DIRECTION INPUT)
<  (PREFER
<   &quot;of a dark-skinned , dark-haired boy wearing a white and blue jumper with a red collar&quot;
<   :FRAME (9 94) :PENN-CATS (PP) :TRIPS-CATS (W::PP) :SCORE 116.55 :UTTNUM 36
<   :CHANNEL DESKTOP :DIRECTION INPUT)
<  (WORD &quot;.&quot; :FRAME (95 95) :SENSE-INFO
<   ((:PENN-PARTS-OF-SPEECH (FULL_STOP) :TRIPS-PARTS-OF-SPEECH (W::PUNC)))
<   :UTTNUM 36 :CHANNEL DESKTOP :DIRECTION INPUT)
<  (PREFER
<   &quot;portrait of a dark-skinned , dark-haired boy wearing a white and blue jumper with a red collar .&quot;
<   :FRAME (0 95) :PENN-CATS (NP) :TRIPS-CATS (W::NP) :SCORE 132.485 :UTTNUM 36
<   :CHANNEL DESKTOP :DIRECTION INPUT))</lisp><word lex="wearing" start="45" end="52"><sense-info penn-parts-of-speech="VBG" trips-parts-of-speech="V" /></word><word lex="a" start="53" end="54"><sense-info penn-parts-of-speech="DT" trips-parts-of-speech="ART,QUAN,PRO" /></word><word lex="white" start="55" end="60"><sense-info penn-parts-of-speech="JJ" trips-parts-of-speech="ADJ" /></word><word lex="and" start="61" end="64"><sense-info penn-parts-of-speech="CC" trips-parts-of-speech="CONJ" /></word><word lex="blue" start="65" end="69"><sense-info penn-parts-of-speech="JJ" trips-parts-of-speech="ADJ" /></word><prefer text="white and blue" start="55" end="69" penn-cats="ADJP" score="18.298" /><word lex="jumper" start="70" end="76"><sense-info penn-parts-of-speech="NN" trips-parts-of-speech="N" /></word><prefer text="a white and blue jumper" start="53" end="76" penn-cats="NP" score="34.263" /><word lex="with" start="77" end="81"><sense-info penn-parts-of-speech="IN" trips-parts-of-speech="PREP,ADV" /></word><word lex="a" start="82" end="83"><sense-info penn-parts-of-speech="DT" trips-parts-of-speech="ART,QUAN,PRO" /></word><word lex="red" start="84" end="87"><sense-info penn-parts-of-speech="NN,JJ" trips-parts-of-speech="N,ADJ" /></word><word lex="collar" start="88" end="94"><sense-info penn-parts-of-speech="NN" trips-parts-of-speech="N" /></word><prefer text="a red collar" start="82" end="94" penn-cats="NP" score="21.502" /><prefer text="with a red collar" start="77" end="94" penn-cats="PP" score="25.302" /><prefer text="a white and blue jumper with a red collar" start="53" end="94" penn-cats="NP" score="62.1" /><prefer text="wearing a white and blue jumper with a red collar" start="45" end="94" penn-cats="VP" score="71.228" /><prefer text="a dark-skinned , dark-haired boy wearing a white and blue jumper with a red collar" start="12" end="94" penn-cats="NP" score="115.224" /><prefer text="of a dark-skinned , dark-haired boy wearing a white and blue jumper with a red collar" start="9" end="94" penn-cats="PP" score="116.55" /><word lex="." start="95" end="95"><sense-info penn-parts-of-speech="FULL_STOP" trips-parts-of-speech="PUNC" /></word><prefer text="portrait of a dark-skinned , dark-haired boy wearing a white and blue jumper with a red collar ." start="0" end="95" penn-cats="NP" score="132.485" /></tags><tree><lisp>(UTT
<  (UTT
<   (NP
<    (VP
<     (VP- (V WEARING)
<      (NP (SPEC (DET (ART A)))
<       (N1
<        (N1 (ADJP (ADJP (ADJ1 (ADJ WHITE))) (CONJ AND) (ADJP (ADJ1 (ADJ BLUE))))
<         (N1 (N JUMPER)))
<        (ADVBL (ADV WITH)
<         (NP (SPEC (DET (ART A)))
<          (N1 (ADJP (ADJ1 (ADJ RED))) (N1 (N COLLAR)))))))))))
<  (PUNC PUNC-PERIOD))</lisp><UTT><UTT><NP><VP><VP-><V>WEARING</V><NP><SPEC><DET><ART>A</ART></DET></SPEC><N1><N1><ADJP><ADJP><ADJ1><ADJ>WHITE</ADJ></ADJ1></ADJP><CONJ>AND</CONJ><ADJP><ADJ1><ADJ>BLUE</ADJ></ADJ1></ADJP></ADJP><N1><N>JUMPER</N></N1></N1><ADVBL><ADV>WITH</ADV><NP><SPEC><DET><ART>A</ART></DET></SPEC><N1><ADJP><ADJ1><ADJ>RED</ADJ></ADJ1></ADJP><N1><N>COLLAR</N></N1></N1></NP></ADVBL></N1></NP></VP-></VP></NP></UTT><PUNC>PUNC-PERIOD</PUNC></UTT></tree><terms root="#V189121"><lisp>((ONT::SPEECHACT ONT::V189121 ONT::SA_IDENTIFY :PUNCTYPE W::DECL :CONTENT
<   ONT::V188707 :START 45 :END 95)
<  (ONT::BARE ONT::V188707 (:* ONT::WEAR W::WEAR) :NEUTRAL ONT::V188778 :START 45
<   :END 95)
<  (ONT::A ONT::V188778 (:* ONT::PERSON W::JUMPER) :MOD ONT::V188785 :MOD
<   ONT::V188901 :START 53 :END 95)
<  (ONT::F ONT::V188901 ONT::COLOR-VAL :SEQUENCE (ONT::V188754 ONT::V188771)
<   :OPERATOR ONT::AND :START 55 :END 70)
<  (ONT::F ONT::V188754 (:* ONT::WHITE W::WHITE) :FIGURE ONT::V188778 :SCALE
<   ONT::WHITE*1--07--00 :START 55 :END 61)
<  (ONT::F ONT::V188771 (:* ONT::BLUE W::BLUE) :FIGURE ONT::V188778 :SCALE
<   ONT::COLOR-SCALE :START 65 :END 70)
<  (ONT::F ONT::V188785 (:* ONT::ASSOC-WITH W::WITH) :GROUND ONT::V188852 :FIGURE
<   ONT::V188778 :START 77 :END 95)
<  (ONT::A ONT::V188852 (:* ONT::MANUFACTURED-OBJECT W::COLLAR) :MOD ONT::V188838
<   :START 82 :END 95)
<  (ONT::F ONT::V188838 (:* ONT::RED W::RED) :FIGURE ONT::V188852 :SCALE
<   ONT::COLOR-SCALE :START 84 :END 88))</lisp><rdf:RDF
<   xmlns:rdf="http://www.w3.org/1999/02/22-rdf-syntax-ns#"
<   xmlns:role="http://www.cs.rochester.edu/research/trips/role#"
<   xmlns:LF="http://www.cs.rochester.edu/research/trips/LF#">
<   <rdf:Description rdf:ID="V189121">
<     <LF:indicator>SPEECHACT</LF:indicator>
<     <LF:type>SA_IDENTIFY</LF:type>
<     <role:PUNCTYPE>DECL</role:PUNCTYPE>
<     <role:CONTENT rdf:resource="#V188707" />
<     <LF:start>45</LF:start>
<     <LF:end>95</LF:end>
<   </rdf:Description>
<   <rdf:Description rdf:ID="V188707">
<     <LF:indicator>BARE</LF:indicator>
<     <LF:type>WEAR</LF:type>
<     <LF:word>WEAR</LF:word>
<     <role:NEUTRAL rdf:resource="#V188778" />
<     <LF:start>45</LF:start>
<     <LF:end>95</LF:end>
<   </rdf:Description>
<   <rdf:Description rdf:ID="V188778">
<     <LF:indicator>A</LF:indicator>
<     <LF:type>PERSON</LF:type>
<     <LF:word>JUMPER</LF:word>
<     <role:MOD rdf:resource="#V188785" />
<     <role:MOD rdf:resource="#V188901" />
<     <LF:start>53</LF:start>
<     <LF:end>95</LF:end>
<   </rdf:Description>
<   <rdf:Description rdf:ID="V188901">
<     <LF:indicator>F</LF:indicator>
<     <LF:type>COLOR-VAL</LF:type>
<     <role:SEQUENCE rdf:resource="#V188754" />
<     <role:SEQUENCE1 rdf:resource="#V188771" />
<     <role:OPERATOR>AND</role:OPERATOR>
<     <LF:start>55</LF:start>
<     <LF:end>70</LF:end>
<   </rdf:Description>
<   <rdf:Description rdf:ID="V188754">
<     <LF:indicator>F</LF:indicator>
<     <LF:type>WHITE</LF:type>
<     <LF:word>WHITE</LF:word>
<     <role:FIGURE rdf:resource="#V188778" />
<     <role:SCALE>WHITE*1--07--00</role:SCALE>
<     <LF:start>55</LF:start>
<     <LF:end>61</LF:end>
<   </rdf:Description>
<   <rdf:Description rdf:ID="V188771">
<     <LF:indicator>F</LF:indicator>
<     <LF:type>BLUE</LF:type>
<     <LF:word>BLUE</LF:word>
<     <role:FIGURE rdf:resource="#V188778" />
<     <role:SCALE>COLOR-SCALE</role:SCALE>
<     <LF:start>65</LF:start>
<     <LF:end>70</LF:end>
<   </rdf:Description>
<   <rdf:Description rdf:ID="V188785">
<     <LF:indicator>F</LF:indicator>
<     <LF:type>ASSOC-WITH</LF:type>
<     <LF:word>WITH</LF:word>
<     <role:GROUND rdf:resource="#V188852" />
<     <role:FIGURE rdf:resource="#V188778" />
<     <LF:start>77</LF:start>
<     <LF:end>95</LF:end>
<   </rdf:Description>
<   <rdf:Description rdf:ID="V188852">
<     <LF:indicator>A</LF:indicator>
<     <LF:type>MANUFACTURED-OBJECT</LF:type>
<     <LF:word>COLLAR</LF:word>
<     <role:MOD rdf:resource="#V188838" />
<     <LF:start>82</LF:start>
<     <LF:end>95</LF:end>
<   </rdf:Description>
<   <rdf:Description rdf:ID="V188838">
<     <LF:indicator>F</LF:indicator>
<     <LF:type>RED</LF:type>
<     <LF:word>RED</LF:word>
<     <role:FIGURE rdf:resource="#V188852" />
<     <role:SCALE>COLOR-SCALE</role:SCALE>
<     <LF:start>84</LF:start>
<     <LF:end>88</LF:end>
<   </rdf:Description>
< </rdf:RDF>
< </terms></utt></compound-communication-act>
< </trips-parser-output>
\ No newline at end of file
---
> <SpRL>
>  <SCENE>
>   <SENTENCE id="s1" indicator="BARE" type="CONTENT" text="PORTRAIT" start="0" end="45">
>    <TEXT>portrait of a dark-skinned , dark-haired boy w</TEXT>
>    <RELATION id="1" head="V188593" res="V188601" label="MOD"/>
>    <PHRASE id="V188601" indicator="F" type="ASSOC-WITH" text="OF" start="9" end="45"/>
>    <RELATION id="2" head="V188601" res="V188701" label="GROUND"/>
>    <RELATION id="3" head="V188601" res="V188593" label="FIGURE"/>
>    <PHRASE id="V188701" indicator="A" type="MALE-CHILD" text="BOY" start="12" end="45"/>
>    <RELATION id="4" head="V188701" res="V188674" label="MOD"/>
>    <RELATION id="5" head="V188701" res="V188698" label="MOD"/>
>    <PHRASE id="V188674" indicator="F" type="MODIFIER" text="DARK-PUNC-MINUS-SKINNED" start="14" end="27" WNSENSE="dark-skinned%5:00:00"/>
>    <RELATION id="6" head="V188674" res="V188701" label="FIGURE"/>
>    <PHRASE id="V188698" indicator="F" type="MODIFIER" text="DARK-PUNC-MINUS-HAIRED" start="29" end="41" WNSENSE="dark-haired%5:00:00"/>
>    <RELATION id="7" head="V188698" res="V188701" label="FIGURE"/>
>   </SENTENCE>
>   <SENTENCE id="s2" indicator="SPEECHACT" type="SA_IDENTIFY" PUNCTYPE="DECL" start="45" end="95">
>    <TEXT>wearing a white and blue jumper with a red collar .</TEXT>
>    <RELATION id="8" head="V189121" res="V188707" label="CONTENT"/>
>    <PHRASE id="V188707" indicator="BARE" type="WEAR" text="WEAR" start="45" end="95"/>
>    <RELATION id="9" head="V188707" res="V188778" label="NEUTRAL"/>
>    <PHRASE id="V188778" indicator="A" type="PERSON" text="JUMPER" start="53" end="95"/>
>    <RELATION id="10" head="V188778" res="V188785" label="MOD"/>
>    <RELATION id="11" head="V188778" res="V188901" label="MOD"/>
>    <PHRASE id="V188901" indicator="F" type="COLOR-VAL" OPERATOR="AND" start="55" end="70"/>
>    <RELATION id="12" head="V188901" res="V188754" label="SEQUENCE"/>
>    <RELATION id="13" head="V188901" res="V188771" label="SEQUENCE1"/>
>    <PHRASE id="V188754" indicator="F" type="WHITE" text="WHITE" SCALE="WHITE*1--07--00" start="55" end="61"/>
>    <RELATION id="14" head="V188754" res="V188778" label="FIGURE"/>
>    <PHRASE id="V188771" indicator="F" type="BLUE" text="BLUE" SCALE="COLOR-SCALE" start="65" end="70"/>
>    <RELATION id="15" head="V188771" res="V188778" label="FIGURE"/>
>    <PHRASE id="V188785" indicator="F" type="ASSOC-WITH" text="WITH" start="77" end="95"/>
>    <RELATION id="16" head="V188785" res="V188852" label="GROUND"/>
>    <RELATION id="17" head="V188785" res="V188778" label="FIGURE"/>
>    <PHRASE id="V188852" indicator="A" type="MANUFACTURED-OBJECT" text="COLLAR" start="82" end="95"/>
>    <RELATION id="18" head="V188852" res="V188838" label="MOD"/>
>    <PHRASE id="V188838" indicator="F" type="RED" text="RED" SCALE="COLOR-SCALE" start="84" end="88"/>
>    <RELATION id="19" head="V188838" res="V188852" label="FIGURE"/>
>   </SENTENCE>
>  </SCENE>
> </SpRL>
