2,195c2,28
< <?xml-stylesheet type="text/xsl" href="../style/parser-interface.xsl"?>
< <!DOCTYPE trips-parser-output SYSTEM "../trips-parser-output.dtd">
< <trips-parser-output parser-build-date="2017-09-20T12:11:02-0500" system="STEP" extsformat="svg" tagsformat="hidden" treecontents="phrase" treeformat="LinGO" lfformat="svg" semantic-skeleton-scoring="T" rule-sets="" input="Excited kids are standing at their desks in a classroom .
< ">
< <debug>
< 
<  FOUNDS SEQUENCE from constit (% W::NP (W::BARE-SEQUENCE -) (W::CONSTRAINT -)
<                                  (W::MASS W::BARE) (W::GENERATED +)
<                                  (W::POSTADVBL +)
<                                  (W::SEM ?8607:(?24961:(F::PHYS-OBJ
<                                                         F::ABSTR-OBJ) NIL))
<                                  (W::LF (% W::DESCRIPTION (W::STATUS ONT::DEFINITE)
<                                            (W::VAR V123657)
<                                            (W::SORT W::INDIVIDUAL)
<                                            (W::LEX (W::A))
<                                            (W::CLASS ONT::SEQUENCE)
<                                            (W::CONSTRAINT (% &amp; (W::NAME-OF (W::A))
<                                                              (W::VAL (W::A))))
<                                            (W::LEX W::A) (W::SEM ?24959)
<                                            (W::TRANSFORM ?24960)))
<                                  (W::CASE ?24958:(W::SUB W::OBJ -))
<                                  (W::AGR ?24957) (W::CLASS ONT::ANY-SEM)
<                                  (W::VAR V123657) (W::SORT W::PRED) (W::NAME -)
<                                  (W::PRO -) (W::CHANGEAGR -) (W::LEX W::A)
<                                  (W::HEADCAT W::VALUE) (W::TRANSFORM -)
<                                  (W::REFL -) (1 RNUMBER123668))
< *last-utt-id*=NIL  utt-id+22
< *last-utt-id*=22  utt-id+NIL</debug><utt><words><lisp>(W::EXCITED W::KIDS W::ARE W::STANDING W::AT W::THEIR W::DESKS W::IN W::A
<  W::CLASSROOM W::PUNC-PERIOD)</lisp><word>EXCITED</word><word>KIDS</word><word>ARE</word><word>STANDING</word><word>AT</word><word>THEIR</word><word>DESKS</word><word>IN</word><word>A</word><word>CLASSROOM</word><word>PUNC-PERIOD</word></words><tags><lisp>((WORD &quot;Excited&quot; :FRAME (0 7) :SENSE-INFO
<   ((:PENN-PARTS-OF-SPEECH (VBN JJ) :TRIPS-PARTS-OF-SPEECH (W::V W::ADJ)))
<   :UTTNUM 22 :CHANNEL DESKTOP :DIRECTION INPUT)
<  (WORD &quot;kids&quot; :FRAME (8 12) :SENSE-INFO
<   ((:PENN-PARTS-OF-SPEECH (NNS) :TRIPS-PARTS-OF-SPEECH (W::N))) :UTTNUM 22
<   :CHANNEL DESKTOP :DIRECTION INPUT)
<  (PREFER &quot;Excited kids&quot; :FRAME (0 12) :PENN-CATS (NP) :TRIPS-CATS (W::NP)
<   :SCORE 24.68 :UTTNUM 22 :CHANNEL DESKTOP :DIRECTION INPUT)
<  (WORD &quot;are&quot; :FRAME (13 16) :SENSE-INFO
<   ((:PENN-PARTS-OF-SPEECH (VBP) :TRIPS-PARTS-OF-SPEECH (W::V))) :UTTNUM 22
<   :CHANNEL DESKTOP :DIRECTION INPUT)
<  (WORD &quot;standing&quot; :FRAME (17 25) :SENSE-INFO
<   ((:PENN-PARTS-OF-SPEECH (VBG) :TRIPS-PARTS-OF-SPEECH (W::V))) :UTTNUM 22
<   :CHANNEL DESKTOP :DIRECTION INPUT)
<  (WORD &quot;at&quot; :FRAME (26 28) :SENSE-INFO
<   ((:PENN-PARTS-OF-SPEECH (IN) :TRIPS-PARTS-OF-SPEECH (W::PREP W::ADV)))
<   :UTTNUM 22 :CHANNEL DESKTOP :DIRECTION INPUT)
<  (WORD &quot;their&quot; :FRAME (29 34) :SENSE-INFO
<   ((:PENN-PARTS-OF-SPEECH (PRP$) :TRIPS-PARTS-OF-SPEECH (W::PRO))) :UTTNUM 22
<   :CHANNEL DESKTOP :DIRECTION INPUT)
<  (WORD &quot;desks&quot; :FRAME (35 40) :SENSE-INFO
<   ((:PENN-PARTS-OF-SPEECH (NNS) :TRIPS-PARTS-OF-SPEECH (W::N))) :UTTNUM 22
<   :CHANNEL DESKTOP :DIRECTION INPUT)
<  (PREFER &quot;their desks&quot; :FRAME (29 40) :PENN-CATS (NP) :TRIPS-CATS (W::NP)
<   :SCORE 15.667 :UTTNUM 22 :CHANNEL DESKTOP :DIRECTION INPUT)
<  (WORD &quot;in&quot; :FRAME (41 43) :SENSE-INFO
<   ((:PENN-PARTS-OF-SPEECH (IN) :TRIPS-PARTS-OF-SPEECH (W::PREP W::ADV)))
<   :UTTNUM 22 :CHANNEL DESKTOP :DIRECTION INPUT)
<  (WORD &quot;a&quot; :FRAME (44 45) :SENSE-INFO
<   ((:PENN-PARTS-OF-SPEECH (DT) :TRIPS-PARTS-OF-SPEECH (W::ART W::QUAN W::PRO)))
<   :UTTNUM 22 :CHANNEL DESKTOP :DIRECTION INPUT)
<  (WORD &quot;classroom&quot; :FRAME (46 55) :SENSE-INFO
<   ((:PENN-PARTS-OF-SPEECH (NN) :TRIPS-PARTS-OF-SPEECH (W::N))) :UTTNUM 22
<   :CHANNEL DESKTOP :DIRECTION INPUT)
<  (PREFER &quot;a classroom&quot; :FRAME (44 55) :PENN-CATS (NP) :TRIPS-CATS (W::NP)
<   :SCORE 13.862 :UTTNUM 22 :CHANNEL DESKTOP :DIRECTION INPUT)
<  (PREFER &quot;in a classroom&quot; :FRAME (41 55) :PENN-CATS (PP) :TRIPS-CATS (W::PP)
<   :SCORE 16.114 :UTTNUM 22 :CHANNEL DESKTOP :DIRECTION INPUT)
<  (PREFER &quot;their desks in a classroom&quot; :FRAME (29 55) :PENN-CATS (NP)
<   :TRIPS-CATS (W::NP) :SCORE 32.322 :UTTNUM 22 :CHANNEL DESKTOP :DIRECTION
<   INPUT)
<  (PREFER &quot;at their desks in a classroom&quot; :FRAME (26 55) :PENN-CATS (PP)
<   :TRIPS-CATS (W::PP) :SCORE 36.633 :UTTNUM 22 :CHANNEL DESKTOP :DIRECTION
<   INPUT)
<  (PREFER &quot;standing at their desks in a classroom&quot; :FRAME (17 55) :PENN-CATS
<   (VP) :TRIPS-CATS (W::VP) :SCORE 45.807 :UTTNUM 22 :CHANNEL DESKTOP :DIRECTION
<   INPUT)
<  (PREFER &quot;are standing at their desks in a classroom&quot; :FRAME (13 55) :PENN-CATS
<   (VP) :TRIPS-CATS (W::VP) :SCORE 50.17 :UTTNUM 22 :CHANNEL DESKTOP :DIRECTION
<   INPUT)
<  (WORD &quot;.&quot; :FRAME (56 56) :SENSE-INFO
<   ((:PENN-PARTS-OF-SPEECH (FULL_STOP) :TRIPS-PARTS-OF-SPEECH (W::PUNC)))
<   :UTTNUM 22 :CHANNEL DESKTOP :DIRECTION INPUT)
<  (PREFER &quot;Excited kids are standing at their desks in a classroom .&quot; :FRAME
<   (0 56) :PENN-CATS (S) :SCORE 75.992 :UTTNUM 22 :CHANNEL DESKTOP :DIRECTION
<   INPUT))</lisp><word lex="Excited" start="0" end="7"><sense-info penn-parts-of-speech="VBN,JJ" trips-parts-of-speech="V,ADJ" /></word><word lex="kids" start="8" end="12"><sense-info penn-parts-of-speech="NNS" trips-parts-of-speech="N" /></word><prefer text="Excited kids" start="0" end="12" penn-cats="NP" score="24.68" /><word lex="are" start="13" end="16"><sense-info penn-parts-of-speech="VBP" trips-parts-of-speech="V" /></word><word lex="standing" start="17" end="25"><sense-info penn-parts-of-speech="VBG" trips-parts-of-speech="V" /></word><word lex="at" start="26" end="28"><sense-info penn-parts-of-speech="IN" trips-parts-of-speech="PREP,ADV" /></word><word lex="their" start="29" end="34"><sense-info penn-parts-of-speech="PRP$" trips-parts-of-speech="PRO" /></word><word lex="desks" start="35" end="40"><sense-info penn-parts-of-speech="NNS" trips-parts-of-speech="N" /></word><prefer text="their desks" start="29" end="40" penn-cats="NP" score="15.667" /><word lex="in" start="41" end="43"><sense-info penn-parts-of-speech="IN" trips-parts-of-speech="PREP,ADV" /></word><word lex="a" start="44" end="45"><sense-info penn-parts-of-speech="DT" trips-parts-of-speech="ART,QUAN,PRO" /></word><word lex="classroom" start="46" end="55"><sense-info penn-parts-of-speech="NN" trips-parts-of-speech="N" /></word><prefer text="a classroom" start="44" end="55" penn-cats="NP" score="13.862" /><prefer text="in a classroom" start="41" end="55" penn-cats="PP" score="16.114" /><prefer text="their desks in a classroom" start="29" end="55" penn-cats="NP" score="32.322" /><prefer text="at their desks in a classroom" start="26" end="55" penn-cats="PP" score="36.633" /><prefer text="standing at their desks in a classroom" start="17" end="55" penn-cats="VP" score="45.807" /><prefer text="are standing at their desks in a classroom" start="13" end="55" penn-cats="VP" score="50.17" /><word lex="." start="56" end="56"><sense-info penn-parts-of-speech="FULL_STOP" trips-parts-of-speech="PUNC" /></word><prefer text="Excited kids are standing at their desks in a classroom ." start="0" end="56" penn-cats="S" score="75.992" /></tags><tree><lisp>(UTT
<  (UTT
<   (S (NP (N1 (ADJP (ADJ1 (ADJ EXCITED))) (N1 (N KIDS))))
<    (VP
<     (VP- (AUX (V ARE))
<      (VP- (VP- (V STANDING))
<       (ADVBL (ADV AT)
<        (NP (SPEC (DET (POSSESSOR (PRO THEIR))))
<         (N1 (N1 (N DESKS))
<          (ADVBL (ADV IN) (NP (SPEC (DET (ART A))) (N1 (N CLASSROOM))))))))))))
<  (PUNC PUNC-PERIOD))</lisp><UTT><UTT><S><NP><N1><ADJP><ADJ1><ADJ>EXCITED</ADJ></ADJ1></ADJP><N1><N>KIDS</N></N1></N1></NP><VP><VP-><AUX><V>ARE</V></AUX><VP-><VP-><V>STANDING</V></VP-><ADVBL><ADV>AT</ADV><NP><SPEC><DET><POSSESSOR><PRO>THEIR</PRO></POSSESSOR></DET></SPEC><N1><N1><N>DESKS</N></N1><ADVBL><ADV>IN</ADV><NP><SPEC><DET><ART>A</ART></DET></SPEC><N1><N>CLASSROOM</N></N1></NP></ADVBL></N1></NP></ADVBL></VP-></VP-></VP></S></UTT><PUNC>PUNC-PERIOD</PUNC></UTT></tree><terms root="#V123671"><lisp>((ONT::SPEECHACT ONT::V123671 ONT::SA_TELL :PUNCTYPE W::DECL :CONTENT
<   ONT::V122957 :START 0 :END 56)
<  (ONT::F ONT::V122957 (:* ONT::BE-AT-LOC W::STAND) :NEUTRAL ONT::V122933
<   :LOCATION ONT::V122968 :TENSE W::PRES :PROGR + :START 0 :END 56)
<  (ONT::INDEF-SET ONT::V122933 (:* ONT::CHILD W::KID) :MOD ONT::V122925 :START 0
<   :END 13)
<  (ONT::F ONT::V122925 (:* ONT::EXCITED W::EXCITED) :FIGURE ONT::V122933 :START
<   0 :END 8)
<  (ONT::F ONT::V122968 (:* ONT::AT-LOC W::AT) :GROUND ONT::V122983 :FIGURE
<   ONT::V122957 :START 26 :END 56)
<  (ONT::THE-SET ONT::V122983 (:* ONT::FURNISHINGS W::DESK) :ASSOC-POSS
<   ONT::V122980 :LOCATION ONT::V122990 :START 29 :END 56)
<  (ONT::PRO ONT::V122980 (:* ONT::REFERENTIAL-SEM W::THEIR) :PROFORM W::THEIR
<   :START 29 :END 56 :COREF ONT::V122933)
<  (ONT::F ONT::V122990 (:* ONT::IN-LOC W::IN) :GROUND ONT::V123080 :FIGURE
<   ONT::V122983 :START 41 :END 56)
<  (ONT::A ONT::V123080 (:* ONT::INTERNAL-ENCLOSURE W::CLASSROOM) :START 44 :END
<   56))</lisp><rdf:RDF
<   xmlns:rdf="http://www.w3.org/1999/02/22-rdf-syntax-ns#"
<   xmlns:role="http://www.cs.rochester.edu/research/trips/role#"
<   xmlns:LF="http://www.cs.rochester.edu/research/trips/LF#">
<   <rdf:Description rdf:ID="V123671">
<     <LF:indicator>SPEECHACT</LF:indicator>
<     <LF:type>SA_TELL</LF:type>
<     <role:PUNCTYPE>DECL</role:PUNCTYPE>
<     <role:CONTENT rdf:resource="#V122957" />
<     <LF:start>0</LF:start>
<     <LF:end>56</LF:end>
<   </rdf:Description>
<   <rdf:Description rdf:ID="V122957">
<     <LF:indicator>F</LF:indicator>
<     <LF:type>BE-AT-LOC</LF:type>
<     <LF:word>STAND</LF:word>
<     <role:NEUTRAL rdf:resource="#V122933" />
<     <role:LOCATION rdf:resource="#V122968" />
<     <role:TENSE>PRES</role:TENSE>
<     <role:PROGR>+</role:PROGR>
<     <LF:start>0</LF:start>
<     <LF:end>56</LF:end>
<   </rdf:Description>
<   <rdf:Description rdf:ID="V122933">
<     <LF:indicator>INDEF-SET</LF:indicator>
<     <LF:type>CHILD</LF:type>
<     <LF:word>KID</LF:word>
<     <role:MOD rdf:resource="#V122925" />
<     <LF:start>0</LF:start>
<     <LF:end>13</LF:end>
<   </rdf:Description>
<   <rdf:Description rdf:ID="V122925">
<     <LF:indicator>F</LF:indicator>
<     <LF:type>EXCITED</LF:type>
<     <LF:word>EXCITED</LF:word>
<     <role:FIGURE rdf:resource="#V122933" />
<     <LF:start>0</LF:start>
<     <LF:end>8</LF:end>
<   </rdf:Description>
<   <rdf:Description rdf:ID="V122968">
<     <LF:indicator>F</LF:indicator>
<     <LF:type>AT-LOC</LF:type>
<     <LF:word>AT</LF:word>
<     <role:GROUND rdf:resource="#V122983" />
<     <role:FIGURE rdf:resource="#V122957" />
<     <LF:start>26</LF:start>
<     <LF:end>56</LF:end>
<   </rdf:Description>
<   <rdf:Description rdf:ID="V122983">
<     <LF:indicator>THE-SET</LF:indicator>
<     <LF:type>FURNISHINGS</LF:type>
<     <LF:word>DESK</LF:word>
<     <role:ASSOC-POSS rdf:resource="#V122980" />
<     <role:LOCATION rdf:resource="#V122990" />
<     <LF:start>29</LF:start>
<     <LF:end>56</LF:end>
<   </rdf:Description>
<   <rdf:Description rdf:ID="V122980">
<     <LF:indicator>PRO</LF:indicator>
<     <LF:type>REFERENTIAL-SEM</LF:type>
<     <LF:word>THEIR</LF:word>
<     <role:PROFORM>THEIR</role:PROFORM>
<     <LF:start>29</LF:start>
<     <LF:end>56</LF:end>
<     <role:COREF rdf:resource="#V122933" />
<   </rdf:Description>
<   <rdf:Description rdf:ID="V122990">
<     <LF:indicator>F</LF:indicator>
<     <LF:type>IN-LOC</LF:type>
<     <LF:word>IN</LF:word>
<     <role:GROUND rdf:resource="#V123080" />
<     <role:FIGURE rdf:resource="#V122983" />
<     <LF:start>41</LF:start>
<     <LF:end>56</LF:end>
<   </rdf:Description>
<   <rdf:Description rdf:ID="V123080">
<     <LF:indicator>A</LF:indicator>
<     <LF:type>INTERNAL-ENCLOSURE</LF:type>
<     <LF:word>CLASSROOM</LF:word>
<     <LF:start>44</LF:start>
<     <LF:end>56</LF:end>
<   </rdf:Description>
< </rdf:RDF>
< </terms></utt></trips-parser-output>
\ No newline at end of file
---
> <SpRL>
>  <SCENE>
>   <SENTENCE id="s1" indicator="SPEECHACT" type="SA_TELL" PUNCTYPE="DECL" start="0" end="56">
>    <TEXT>Excited kids are standing at their desks in a classroom .</TEXT>
>    <RELATION id="1" head="V123671" res="V122957" label="CONTENT"/>
>    <PHRASE id="V122957" indicator="F" type="BE-AT-LOC" text="STAND" TENSE="PRES" PROGR="+" start="0" end="56"/>
>    <RELATION id="2" head="V122957" res="V122933" label="NEUTRAL"/>
>    <RELATION id="3" head="V122957" res="V122968" label="LOCATION"/>
>    <PHRASE id="V122933" indicator="INDEF-SET" type="CHILD" text="KID" start="0" end="13"/>
>    <RELATION id="4" head="V122933" res="V122925" label="MOD"/>
>    <PHRASE id="V122925" indicator="F" type="EXCITED" text="EXCITED" start="0" end="8"/>
>    <RELATION id="5" head="V122925" res="V122933" label="FIGURE"/>
>    <PHRASE id="V122968" indicator="F" type="AT-LOC" text="AT" start="26" end="56"/>
>    <RELATION id="6" head="V122968" res="V122983" label="GROUND"/>
>    <RELATION id="7" head="V122968" res="V122957" label="FIGURE"/>
>    <PHRASE id="V122983" indicator="THE-SET" type="FURNISHINGS" text="DESK" start="29" end="56"/>
>    <RELATION id="8" head="V122983" res="V122980" label="ASSOC-POSS"/>
>    <RELATION id="9" head="V122983" res="V122990" label="LOCATION"/>
>    <PHRASE id="V122980" indicator="PRO" type="REFERENTIAL-SEM" text="THEIR" PROFORM="THEIR" start="29" end="56"/>
>    <RELATION id="10" head="V122980" res="V122933" label="COREF"/>
>    <PHRASE id="V122990" indicator="F" type="IN-LOC" text="IN" start="41" end="56"/>
>    <RELATION id="11" head="V122990" res="V123080" label="GROUND"/>
>    <RELATION id="12" head="V122990" res="V122983" label="FIGURE"/>
>    <PHRASE id="V123080" indicator="A" type="INTERNAL-ENCLOSURE" text="CLASSROOM" start="44" end="56"/>
>   </SENTENCE>
>  </SCENE>
> </SpRL>
