2,222c2,34
< <?xml-stylesheet type="text/xsl" href="../style/parser-interface.xsl"?>
< <!DOCTYPE trips-parser-output SYSTEM "../trips-parser-output.dtd">
< <trips-parser-output parser-build-date="2017-09-20T12:11:02-0500" system="STEP" extsformat="svg" tagsformat="hidden" treecontents="phrase" treeformat="LinGO" lfformat="svg" semantic-skeleton-scoring="T" rule-sets="" input="another kid in a grey jacket is standing right behind him .
< ">
< <debug>
< 
<  FOUNDS SEQUENCE from constit (% W::NP (W::BARE-SEQUENCE -) (W::CONSTRAINT -)
<                                  (W::MASS W::BARE) (W::GENERATED +)
<                                  (W::POSTADVBL +)
<                                  (W::SEM ?8607:(?44960:(F::PHYS-OBJ
<                                                         F::ABSTR-OBJ) NIL))
<                                  (W::LF (% W::DESCRIPTION (W::STATUS ONT::DEFINITE)
<                                            (W::VAR V206185)
<                                            (W::SORT W::INDIVIDUAL)
<                                            (W::LEX (W::A))
<                                            (W::CLASS ONT::SEQUENCE)
<                                            (W::CONSTRAINT (% &amp; (W::NAME-OF (W::A))
<                                                              (W::VAL (W::A))))
<                                            (W::LEX W::A) (W::SEM ?44958)
<                                            (W::TRANSFORM ?44959)))
<                                  (W::CASE ?44957:(W::SUB W::OBJ -))
<                                  (W::AGR ?44956) (W::CLASS ONT::ANY-SEM)
<                                  (W::VAR V206185) (W::SORT W::PRED) (W::NAME -)
<                                  (W::PRO -) (W::CHANGEAGR -) (W::LEX W::A)
<                                  (W::HEADCAT W::VALUE) (W::TRANSFORM -)
<                                  (W::REFL -) (1 RNUMBER206324))
< *last-utt-id*=NIL  utt-id+31
< *last-utt-id*=31  utt-id+NIL</debug><utt><words><lisp>(W::ANOTHER W::KID W::IN W::A W::GREY W::JACKET W::IS W::STANDING W::RIGHT
<  W::BEHIND W::HIM W::PUNC-PERIOD)</lisp><word>ANOTHER</word><word>KID</word><word>IN</word><word>A</word><word>GREY</word><word>JACKET</word><word>IS</word><word>STANDING</word><word>RIGHT</word><word>BEHIND</word><word>HIM</word><word>PUNC-PERIOD</word></words><tags><lisp>((WORD &quot;another&quot; :FRAME (0 7) :SENSE-INFO
<   ((:PENN-PARTS-OF-SPEECH (DT) :TRIPS-PARTS-OF-SPEECH (W::ART W::QUAN W::PRO)))
<   :UTTNUM 31 :CHANNEL DESKTOP :DIRECTION INPUT)
<  (WORD &quot;kid&quot; :FRAME (8 11) :SENSE-INFO
<   ((:PENN-PARTS-OF-SPEECH (NN) :TRIPS-PARTS-OF-SPEECH (W::N))) :UTTNUM 31
<   :CHANNEL DESKTOP :DIRECTION INPUT)
<  (PREFER &quot;another kid&quot; :FRAME (0 11) :PENN-CATS (NP) :TRIPS-CATS (W::NP) :SCORE
<   17.625 :UTTNUM 31 :CHANNEL DESKTOP :DIRECTION INPUT)
<  (WORD &quot;in&quot; :FRAME (12 14) :SENSE-INFO
<   ((:PENN-PARTS-OF-SPEECH (IN) :TRIPS-PARTS-OF-SPEECH (W::PREP W::ADV)))
<   :UTTNUM 31 :CHANNEL DESKTOP :DIRECTION INPUT)
<  (WORD &quot;a&quot; :FRAME (15 16) :SENSE-INFO
<   ((:PENN-PARTS-OF-SPEECH (DT) :TRIPS-PARTS-OF-SPEECH (W::ART W::QUAN W::PRO)))
<   :UTTNUM 31 :CHANNEL DESKTOP :DIRECTION INPUT)
<  (WORD &quot;grey&quot; :FRAME (17 21) :SENSE-INFO
<   ((:PENN-PARTS-OF-SPEECH (NN JJ) :TRIPS-PARTS-OF-SPEECH (W::N W::ADJ)
<     :ALTERNATE-SPELLINGS (&quot;gray&quot;)))
<   :UTTNUM 31 :CHANNEL DESKTOP :DIRECTION INPUT)
<  (WORD &quot;jacket&quot; :FRAME (22 28) :SENSE-INFO
<   ((:PENN-PARTS-OF-SPEECH (NN) :TRIPS-PARTS-OF-SPEECH (W::N))) :UTTNUM 31
<   :CHANNEL DESKTOP :DIRECTION INPUT)
<  (PREFER &quot;a grey jacket&quot; :FRAME (15 28) :PENN-CATS (NP) :TRIPS-CATS (W::NP)
<   :SCORE 24.001 :UTTNUM 31 :CHANNEL DESKTOP :DIRECTION INPUT)
<  (PREFER &quot;in a grey jacket&quot; :FRAME (12 28) :PENN-CATS (PP) :TRIPS-CATS (W::PP)
<   :SCORE 26.253 :UTTNUM 31 :CHANNEL DESKTOP :DIRECTION INPUT)
<  (PREFER &quot;another kid in a grey jacket&quot; :FRAME (0 28) :PENN-CATS (NP)
<   :TRIPS-CATS (W::NP) :SCORE 44.244 :UTTNUM 31 :CHANNEL DESKTOP :DIRECTION
<   INPUT)
<  (WORD &quot;is&quot; :FRAME (29 31) :SENSE-INFO
<   ((:PENN-PARTS-OF-SPEECH (VBZ) :TRIPS-PARTS-OF-SPEECH (W::V))) :UTTNUM 31
<   :CHANNEL DESKTOP :DIRECTION INPUT)
<  (WORD &quot;standing&quot; :FRAME (32 40) :SENSE-INFO
<   ((:PENN-PARTS-OF-SPEECH (VBG) :TRIPS-PARTS-OF-SPEECH (W::V))) :UTTNUM 31
<   :CHANNEL DESKTOP :DIRECTION INPUT)
<  (WORD &quot;right&quot; :FRAME (41 46) :SENSE-INFO
<   ((:PENN-PARTS-OF-SPEECH (RB) :TRIPS-PARTS-OF-SPEECH (W::ADV))) :UTTNUM 31
<   :CHANNEL DESKTOP :DIRECTION INPUT)
<  (PREFER &quot;right&quot; :FRAME (41 46) :PENN-CATS (ADVP) :TRIPS-CATS (W::ADVBL) :SCORE
<   7.217 :UTTNUM 31 :CHANNEL DESKTOP :DIRECTION INPUT)
<  (WORD &quot;behind&quot; :FRAME (47 53) :SENSE-INFO
<   ((:PENN-PARTS-OF-SPEECH (IN) :TRIPS-PARTS-OF-SPEECH (W::PREP W::ADV)))
<   :UTTNUM 31 :CHANNEL DESKTOP :DIRECTION INPUT)
<  (WORD &quot;him&quot; :FRAME (54 57) :SENSE-INFO
<   ((:PENN-PARTS-OF-SPEECH (PRP) :TRIPS-PARTS-OF-SPEECH (W::PRO))) :UTTNUM 31
<   :CHANNEL DESKTOP :DIRECTION INPUT)
<  (PREFER &quot;him&quot; :FRAME (54 57) :PENN-CATS (NP) :TRIPS-CATS (W::NP) :SCORE 8.209
<   :UTTNUM 31 :CHANNEL DESKTOP :DIRECTION INPUT)
<  (PREFER &quot;behind him&quot; :FRAME (47 57) :PENN-CATS (PP) :TRIPS-CATS (W::PP) :SCORE
<   15.692 :UTTNUM 31 :CHANNEL DESKTOP :DIRECTION INPUT)
<  (PREFER &quot;standing right behind him&quot; :FRAME (32 57) :PENN-CATS (VP) :TRIPS-CATS
<   (W::VP) :SCORE 34.205 :UTTNUM 31 :CHANNEL DESKTOP :DIRECTION INPUT)
<  (PREFER &quot;is standing right behind him&quot; :FRAME (29 57) :PENN-CATS (VP)
<   :TRIPS-CATS (W::VP) :SCORE 38.465 :UTTNUM 31 :CHANNEL DESKTOP :DIRECTION
<   INPUT)
<  (WORD &quot;.&quot; :FRAME (58 58) :SENSE-INFO
<   ((:PENN-PARTS-OF-SPEECH (FULL_STOP) :TRIPS-PARTS-OF-SPEECH (W::PUNC)))
<   :UTTNUM 31 :CHANNEL DESKTOP :DIRECTION INPUT)
<  (PREFER &quot;another kid in a grey jacket is standing right behind him .&quot; :FRAME
<   (0 58) :PENN-CATS (S) :SCORE 85.538 :UTTNUM 31 :CHANNEL DESKTOP :DIRECTION
<   INPUT))</lisp><word lex="another" start="0" end="7"><sense-info penn-parts-of-speech="DT" trips-parts-of-speech="ART,QUAN,PRO" /></word><word lex="kid" start="8" end="11"><sense-info penn-parts-of-speech="NN" trips-parts-of-speech="N" /></word><prefer text="another kid" start="0" end="11" penn-cats="NP" score="17.625" /><word lex="in" start="12" end="14"><sense-info penn-parts-of-speech="IN" trips-parts-of-speech="PREP,ADV" /></word><word lex="a" start="15" end="16"><sense-info penn-parts-of-speech="DT" trips-parts-of-speech="ART,QUAN,PRO" /></word><word lex="grey" start="17" end="21"><sense-info penn-parts-of-speech="NN,JJ" trips-parts-of-speech="N,ADJ" alternate-spellings="gray" /></word><word lex="jacket" start="22" end="28"><sense-info penn-parts-of-speech="NN" trips-parts-of-speech="N" /></word><prefer text="a grey jacket" start="15" end="28" penn-cats="NP" score="24.001" /><prefer text="in a grey jacket" start="12" end="28" penn-cats="PP" score="26.253" /><prefer text="another kid in a grey jacket" start="0" end="28" penn-cats="NP" score="44.244" /><word lex="is" start="29" end="31"><sense-info penn-parts-of-speech="VBZ" trips-parts-of-speech="V" /></word><word lex="standing" start="32" end="40"><sense-info penn-parts-of-speech="VBG" trips-parts-of-speech="V" /></word><word lex="right" start="41" end="46"><sense-info penn-parts-of-speech="RB" trips-parts-of-speech="ADV" /></word><prefer text="right" start="41" end="46" penn-cats="ADVP" score="7.217" /><word lex="behind" start="47" end="53"><sense-info penn-parts-of-speech="IN" trips-parts-of-speech="PREP,ADV" /></word><word lex="him" start="54" end="57"><sense-info penn-parts-of-speech="PRP" trips-parts-of-speech="PRO" /></word><prefer text="him" start="54" end="57" penn-cats="NP" score="8.209" /><prefer text="behind him" start="47" end="57" penn-cats="PP" score="15.692" /><prefer text="standing right behind him" start="32" end="57" penn-cats="VP" score="34.205" /><prefer text="is standing right behind him" start="29" end="57" penn-cats="VP" score="38.465" /><word lex="." start="58" end="58"><sense-info penn-parts-of-speech="FULL_STOP" trips-parts-of-speech="PUNC" /></word><prefer text="another kid in a grey jacket is standing right behind him ." start="0" end="58" penn-cats="S" score="85.538" /></tags><tree><lisp>(UTT
<  (UTT
<   (S
<    (NP (WORD ANOTHER)
<     (N1 (N1 (N KID))
<      (ADVBL (ADV IN)
<       (NP (SPEC (DET (ART A)))
<        (N1 (ADJP (ADJ1 (ADJ GREY))) (N1 (N JACKET)))))))
<    (VP
<     (VP- (V IS)
<      (NP
<       (N1 (N1 (V STANDING))
<        (ADVBL (ADVBL (ADV RIGHT)) (ADVBL (ADV BEHIND) (NP (PRO HIM))))))))))
<  (PUNC PUNC-PERIOD))</lisp><UTT><UTT><S><NP><WORD>ANOTHER</WORD><N1><N1><N>KID</N></N1><ADVBL><ADV>IN</ADV><NP><SPEC><DET><ART>A</ART></DET></SPEC><N1><ADJP><ADJ1><ADJ>GREY</ADJ></ADJ1></ADJP><N1><N>JACKET</N></N1></N1></NP></ADVBL></N1></NP><VP><VP-><V>IS</V><NP><N1><N1><V>STANDING</V></N1><ADVBL><ADVBL><ADV>RIGHT</ADV></ADVBL><ADVBL><ADV>BEHIND</ADV><NP><PRO>HIM</PRO></NP></ADVBL></ADVBL></N1></NP></VP-></VP></S></UTT><PUNC>PUNC-PERIOD</PUNC></UTT></tree><terms root="#V207048"><lisp>((ONT::SPEECHACT ONT::V207048 ONT::SA_TELL :PUNCTYPE W::DECL :CONTENT
<   ONT::V204768 :START 0 :END 58)
<  (ONT::F ONT::V204768 (:* ONT::BE W::BE) :NEUTRAL ONT::V204653 :NEUTRAL1
<   ONT::V204785 :TENSE W::PRES :START 0 :END 58)
<  (ONT::A ONT::V204653 (:* ONT::CHILD W::KID) :MOD ONT::V204818 :LOCATION
<   ONT::V204660 :START 0 :END 29)
<  (ONT::F ONT::V204818 ONT::OTHER :FIGURE ONT::V204653 :START 0 :END 29)
<  (ONT::F ONT::V204660 (:* ONT::IN-LOC W::IN) :GROUND ONT::V204759 :FIGURE
<   ONT::V204653 :START 12 :END 29)
<  (ONT::A ONT::V204759 (:* ONT::ATTIRE W::JACKET) :MOD ONT::V204750 :START 15
<   :END 29)
<  (ONT::F ONT::V204750 (:* ONT::GRAY W::GREY) :FIGURE ONT::V204759 :SCALE
<   ONT::GREYNESS*1--07--00 :START 17 :END 22)
<  (ONT::BARE ONT::V204785 (:* ONT::BE-AT-LOC W::STAND) :LOCATION ONT::V204808
<   :START 32 :END 58)
<  (ONT::F ONT::V204808 (:* ONT::BACK W::BEHIND) :GROUND ONT::V204811 :FIGURE
<   ONT::V204785 :DEGREE ONT::V204794 :START 41 :END 58)
<  (ONT::F ONT::V204794 (:* ONT::DEGREE-MODIFIER-MED W::RIGHT) :FIGURE
<   ONT::V204808 :START 41 :END 47)
<  (ONT::PRO ONT::V204811 (:* ONT::MALE-PERSON W::HIM) :PROFORM W::HIM :START 54
<   :END 58 :COREF ONT::V204653))</lisp><rdf:RDF
<   xmlns:rdf="http://www.w3.org/1999/02/22-rdf-syntax-ns#"
<   xmlns:role="http://www.cs.rochester.edu/research/trips/role#"
<   xmlns:LF="http://www.cs.rochester.edu/research/trips/LF#">
<   <rdf:Description rdf:ID="V207048">
<     <LF:indicator>SPEECHACT</LF:indicator>
<     <LF:type>SA_TELL</LF:type>
<     <role:PUNCTYPE>DECL</role:PUNCTYPE>
<     <role:CONTENT rdf:resource="#V204768" />
<     <LF:start>0</LF:start>
<     <LF:end>58</LF:end>
<   </rdf:Description>
<   <rdf:Description rdf:ID="V204768">
<     <LF:indicator>F</LF:indicator>
<     <LF:type>BE</LF:type>
<     <LF:word>BE</LF:word>
<     <role:NEUTRAL rdf:resource="#V204653" />
<     <role:NEUTRAL1 rdf:resource="#V204785" />
<     <role:TENSE>PRES</role:TENSE>
<     <LF:start>0</LF:start>
<     <LF:end>58</LF:end>
<   </rdf:Description>
<   <rdf:Description rdf:ID="V204653">
<     <LF:indicator>A</LF:indicator>
<     <LF:type>CHILD</LF:type>
<     <LF:word>KID</LF:word>
<     <role:MOD rdf:resource="#V204818" />
<     <role:LOCATION rdf:resource="#V204660" />
<     <LF:start>0</LF:start>
<     <LF:end>29</LF:end>
<   </rdf:Description>
<   <rdf:Description rdf:ID="V204818">
<     <LF:indicator>F</LF:indicator>
<     <LF:type>OTHER</LF:type>
<     <role:FIGURE rdf:resource="#V204653" />
<     <LF:start>0</LF:start>
<     <LF:end>29</LF:end>
<   </rdf:Description>
<   <rdf:Description rdf:ID="V204660">
<     <LF:indicator>F</LF:indicator>
<     <LF:type>IN-LOC</LF:type>
<     <LF:word>IN</LF:word>
<     <role:GROUND rdf:resource="#V204759" />
<     <role:FIGURE rdf:resource="#V204653" />
<     <LF:start>12</LF:start>
<     <LF:end>29</LF:end>
<   </rdf:Description>
<   <rdf:Description rdf:ID="V204759">
<     <LF:indicator>A</LF:indicator>
<     <LF:type>ATTIRE</LF:type>
<     <LF:word>JACKET</LF:word>
<     <role:MOD rdf:resource="#V204750" />
<     <LF:start>15</LF:start>
<     <LF:end>29</LF:end>
<   </rdf:Description>
<   <rdf:Description rdf:ID="V204750">
<     <LF:indicator>F</LF:indicator>
<     <LF:type>GRAY</LF:type>
<     <LF:word>GREY</LF:word>
<     <role:FIGURE rdf:resource="#V204759" />
<     <role:SCALE>GREYNESS*1--07--00</role:SCALE>
<     <LF:start>17</LF:start>
<     <LF:end>22</LF:end>
<   </rdf:Description>
<   <rdf:Description rdf:ID="V204785">
<     <LF:indicator>BARE</LF:indicator>
<     <LF:type>BE-AT-LOC</LF:type>
<     <LF:word>STAND</LF:word>
<     <role:LOCATION rdf:resource="#V204808" />
<     <LF:start>32</LF:start>
<     <LF:end>58</LF:end>
<   </rdf:Description>
<   <rdf:Description rdf:ID="V204808">
<     <LF:indicator>F</LF:indicator>
<     <LF:type>BACK</LF:type>
<     <LF:word>BEHIND</LF:word>
<     <role:GROUND rdf:resource="#V204811" />
<     <role:FIGURE rdf:resource="#V204785" />
<     <role:DEGREE rdf:resource="#V204794" />
<     <LF:start>41</LF:start>
<     <LF:end>58</LF:end>
<   </rdf:Description>
<   <rdf:Description rdf:ID="V204794">
<     <LF:indicator>F</LF:indicator>
<     <LF:type>DEGREE-MODIFIER-MED</LF:type>
<     <LF:word>RIGHT</LF:word>
<     <role:FIGURE rdf:resource="#V204808" />
<     <LF:start>41</LF:start>
<     <LF:end>47</LF:end>
<   </rdf:Description>
<   <rdf:Description rdf:ID="V204811">
<     <LF:indicator>PRO</LF:indicator>
<     <LF:type>MALE-PERSON</LF:type>
<     <LF:word>HIM</LF:word>
<     <role:PROFORM>HIM</role:PROFORM>
<     <LF:start>54</LF:start>
<     <LF:end>58</LF:end>
<     <role:COREF rdf:resource="#V204653" />
<   </rdf:Description>
< </rdf:RDF>
< </terms></utt></trips-parser-output>
\ No newline at end of file
---
> <SpRL>
>  <SCENE>
>   <SENTENCE id="s1" indicator="SPEECHACT" type="SA_TELL" PUNCTYPE="DECL" start="0" end="58">
>    <TEXT>another kid in a grey jacket is standing right behind him .</TEXT>
>    <RELATION id="1" head="V207048" res="V204768" label="CONTENT"/>
>    <PHRASE id="V204768" indicator="F" type="BE" text="BE" TENSE="PRES" start="0" end="58"/>
>    <RELATION id="2" head="V204768" res="V204653" label="NEUTRAL"/>
>    <RELATION id="3" head="V204768" res="V204785" label="NEUTRAL1"/>
>    <PHRASE id="V204653" indicator="A" type="CHILD" text="KID" start="0" end="29"/>
>    <RELATION id="4" head="V204653" res="V204818" label="MOD"/>
>    <RELATION id="5" head="V204653" res="V204660" label="LOCATION"/>
>    <PHRASE id="V204818" indicator="F" type="OTHER" start="0" end="29"/>
>    <RELATION id="6" head="V204818" res="V204653" label="FIGURE"/>
>    <PHRASE id="V204660" indicator="F" type="IN-LOC" text="IN" start="12" end="29"/>
>    <RELATION id="7" head="V204660" res="V204759" label="GROUND"/>
>    <RELATION id="8" head="V204660" res="V204653" label="FIGURE"/>
>    <PHRASE id="V204759" indicator="A" type="ATTIRE" text="JACKET" start="15" end="29"/>
>    <RELATION id="9" head="V204759" res="V204750" label="MOD"/>
>    <PHRASE id="V204750" indicator="F" type="GRAY" text="GREY" SCALE="GREYNESS*1--07--00" start="17" end="22"/>
>    <RELATION id="10" head="V204750" res="V204759" label="FIGURE"/>
>    <PHRASE id="V204785" indicator="BARE" type="BE-AT-LOC" text="STAND" start="32" end="58"/>
>    <RELATION id="11" head="V204785" res="V204808" label="LOCATION"/>
>    <PHRASE id="V204808" indicator="F" type="BACK" text="BEHIND" start="41" end="58"/>
>    <RELATION id="12" head="V204808" res="V204811" label="GROUND"/>
>    <RELATION id="13" head="V204808" res="V204785" label="FIGURE"/>
>    <RELATION id="14" head="V204808" res="V204794" label="DEGREE"/>
>    <PHRASE id="V204794" indicator="F" type="DEGREE-MODIFIER-MED" text="RIGHT" start="41" end="47"/>
>    <RELATION id="15" head="V204794" res="V204808" label="FIGURE"/>
>    <PHRASE id="V204811" indicator="PRO" type="MALE-PERSON" text="HIM" PROFORM="HIM" start="54" end="58"/>
>    <RELATION id="16" head="V204811" res="V204653" label="COREF"/>
>   </SENTENCE>
>  </SCENE>
> </SpRL>
