2,516c2,76
< <?xml-stylesheet type="text/xsl" href="../style/parser-interface.xsl"?>
< <!DOCTYPE trips-parser-output SYSTEM "../trips-parser-output.dtd">
< <trips-parser-output parser-build-date="2017-09-20T12:11:02-0500" system="STEP" extsformat="svg" tagsformat="hidden" treecontents="phrase" treeformat="LinGO" lfformat="svg" semantic-skeleton-scoring="T" rule-sets="" input="there is a clock above the blackboard , and also the letters Dios es amor between the clock and the blackboard , and higiene es salud on the side wall below the windows .
< ">
< <debug>
< *last-utt-id*=NIL  utt-id+76
< *last-utt-id*=76  utt-id+NILReference resolution to sequences not reimplemented yet
< *last-utt-id*=NIL  utt-id+76
< *last-utt-id*=76  utt-id+NIL
< *last-utt-id*=NIL  utt-id+76
< *last-utt-id*=76  utt-id+76
< *last-utt-id*=76  utt-id+NIL</debug><utt><words><lisp>(W::THERE W::IS W::A W::CLOCK W::ABOVE W::THE W::BLACKBOARD W::PUNC-COMMA)</lisp><word>THERE</word><word>IS</word><word>A</word><word>CLOCK</word><word>ABOVE</word><word>THE</word><word>BLACKBOARD</word><word>PUNC-COMMA</word></words><tags><lisp>((WORD &quot;there&quot; :FRAME (0 5) :SENSE-INFO
<   ((:PENN-PARTS-OF-SPEECH (EX) :TRIPS-PARTS-OF-SPEECH (W::PRO))) :UTTNUM 76
<   :CHANNEL DESKTOP :DIRECTION INPUT)
<  (PREFER &quot;there&quot; :FRAME (0 5) :PENN-CATS (NP) :TRIPS-CATS (W::NP) :SCORE 4.519
<   :UTTNUM 76 :CHANNEL DESKTOP :DIRECTION INPUT)
<  (WORD &quot;is&quot; :FRAME (6 8) :SENSE-INFO
<   ((:PENN-PARTS-OF-SPEECH (VBZ) :TRIPS-PARTS-OF-SPEECH (W::V))) :UTTNUM 76
<   :CHANNEL DESKTOP :DIRECTION INPUT)
<  (WORD &quot;a&quot; :FRAME (9 10) :SENSE-INFO
<   ((:PENN-PARTS-OF-SPEECH (DT) :TRIPS-PARTS-OF-SPEECH (W::ART W::QUAN W::PRO)))
<   :UTTNUM 76 :CHANNEL DESKTOP :DIRECTION INPUT)
<  (WORD &quot;clock&quot; :FRAME (11 16) :SENSE-INFO
<   ((:PENN-PARTS-OF-SPEECH (NN) :TRIPS-PARTS-OF-SPEECH (W::N))) :UTTNUM 76
<   :CHANNEL DESKTOP :DIRECTION INPUT)
<  (PREFER &quot;a clock&quot; :FRAME (9 16) :PENN-CATS (NP) :TRIPS-CATS (W::NP) :SCORE
<   13.447 :UTTNUM 76 :CHANNEL DESKTOP :DIRECTION INPUT)
<  (WORD &quot;above&quot; :FRAME (17 22) :SENSE-INFO
<   ((:PENN-PARTS-OF-SPEECH (IN) :TRIPS-PARTS-OF-SPEECH (W::PREP W::ADV)))
<   :UTTNUM 76 :CHANNEL DESKTOP :DIRECTION INPUT)
<  (WORD &quot;the&quot; :FRAME (23 26) :SENSE-INFO
<   ((:PENN-PARTS-OF-SPEECH (DT) :TRIPS-PARTS-OF-SPEECH (W::ART W::QUAN W::PRO)))
<   :UTTNUM 76 :CHANNEL DESKTOP :DIRECTION INPUT)
<  (WORD &quot;blackboard&quot; :FRAME (27 37) :SENSE-INFO
<   ((:PENN-PARTS-OF-SPEECH (NN) :TRIPS-PARTS-OF-SPEECH (W::N))) :UTTNUM 76
<   :CHANNEL DESKTOP :DIRECTION INPUT)
<  (PREFER &quot;the blackboard&quot; :FRAME (23 37) :PENN-CATS (NP) :TRIPS-CATS (W::NP)
<   :SCORE 14.817 :UTTNUM 76 :CHANNEL DESKTOP :DIRECTION INPUT)
<  (PREFER &quot;above the blackboard&quot; :FRAME (17 37) :PENN-CATS (PP) :TRIPS-CATS
<   (W::PP) :SCORE 21.827 :UTTNUM 76 :CHANNEL DESKTOP :DIRECTION INPUT)
<  (PREFER &quot;a clock above the blackboard&quot; :FRAME (9 37) :PENN-CATS (NP)
<   :TRIPS-CATS (W::NP) :SCORE 35.68 :UTTNUM 76 :CHANNEL DESKTOP :DIRECTION
<   INPUT)
<  (PREFER &quot;is a clock above the blackboard&quot; :FRAME (6 37) :PENN-CATS (VP)
<   :TRIPS-CATS (W::VP) :SCORE 40.796 :UTTNUM 76 :CHANNEL DESKTOP :DIRECTION
<   INPUT)
<  (PREFER &quot;there is a clock above the blackboard&quot; :FRAME (0 37) :PENN-CATS (S)
<   :SCORE 45.87 :UTTNUM 76 :CHANNEL DESKTOP :DIRECTION INPUT)
<  (WORD &quot;,&quot; :FRAME (38 38) :SENSE-INFO
<   ((:PENN-PARTS-OF-SPEECH (COMMA) :TRIPS-PARTS-OF-SPEECH (W::PUNC))) :UTTNUM 76
<   :CHANNEL DESKTOP :DIRECTION INPUT))</lisp><word lex="there" start="0" end="5"><sense-info penn-parts-of-speech="EX" trips-parts-of-speech="PRO" /></word><prefer text="there" start="0" end="5" penn-cats="NP" score="4.519" /><word lex="is" start="6" end="8"><sense-info penn-parts-of-speech="VBZ" trips-parts-of-speech="V" /></word><word lex="a" start="9" end="10"><sense-info penn-parts-of-speech="DT" trips-parts-of-speech="ART,QUAN,PRO" /></word><word lex="clock" start="11" end="16"><sense-info penn-parts-of-speech="NN" trips-parts-of-speech="N" /></word><prefer text="a clock" start="9" end="16" penn-cats="NP" score="13.447" /><word lex="above" start="17" end="22"><sense-info penn-parts-of-speech="IN" trips-parts-of-speech="PREP,ADV" /></word><word lex="the" start="23" end="26"><sense-info penn-parts-of-speech="DT" trips-parts-of-speech="ART,QUAN,PRO" /></word><word lex="blackboard" start="27" end="37"><sense-info penn-parts-of-speech="NN" trips-parts-of-speech="N" /></word><prefer text="the blackboard" start="23" end="37" penn-cats="NP" score="14.817" /><prefer text="above the blackboard" start="17" end="37" penn-cats="PP" score="21.827" /><prefer text="a clock above the blackboard" start="9" end="37" penn-cats="NP" score="35.68" /><prefer text="is a clock above the blackboard" start="6" end="37" penn-cats="VP" score="40.796" /><prefer text="there is a clock above the blackboard" start="0" end="37" penn-cats="S" score="45.87" /><word lex="," start="38" end="38"><sense-info penn-parts-of-speech="COMMA" trips-parts-of-speech="PUNC" /></word></tags><tree><lisp>(UTT
<  (UTT
<   (S (NP (PRO THERE))
<    (VP
<     (VP- (V IS)
<      (NP (SPEC (DET (ART A)))
<       (N1 (N1 (N CLOCK))
<        (ADVBL (ADV ABOVE)
<         (NP (SPEC (DET (ART THE))) (N1 (N BLACKBOARD))))))))))
<  (PUNC PUNC-COMMA))</lisp><UTT><UTT><S><NP><PRO>THERE</PRO></NP><VP><VP-><V>IS</V><NP><SPEC><DET><ART>A</ART></DET></SPEC><N1><N1><N>CLOCK</N></N1><ADVBL><ADV>ABOVE</ADV><NP><SPEC><DET><ART>THE</ART></DET></SPEC><N1><N>BLACKBOARD</N></N1></NP></ADVBL></N1></NP></VP-></VP></S></UTT><PUNC>PUNC-COMMA</PUNC></UTT></tree><terms root="#V407910"><lisp>((ONT::SPEECHACT ONT::V407910 ONT::SA_TELL :CONTENT ONT::V407766 :START 0 :END
<   38)
<  (ONT::F ONT::V407766 (:* ONT::EXISTS W::BE) :NEUTRAL ONT::V407827 :TENSE
<   W::PRES :START 0 :END 38)
<  (ONT::PRO ONT::V407753 ONT::EXPLETIVE :PROFORM W::THERE :START 0 :END 6)
<  (ONT::A ONT::V407827 (:* ONT::DEVICE W::CLOCK) :LOCATION ONT::V407833 :START 9
<   :END 38)
<  (ONT::F ONT::V407833 (:* ONT::ABOVE W::ABOVE) :GROUND ONT::V407847 :FIGURE
<   ONT::V407827 :START 17 :END 38)
<  (ONT::THE ONT::V407847 (:* ONT::DISPLAY W::BLACKBOARD) :START 23 :END 38))</lisp><rdf:RDF
<   xmlns:rdf="http://www.w3.org/1999/02/22-rdf-syntax-ns#"
<   xmlns:role="http://www.cs.rochester.edu/research/trips/role#"
<   xmlns:LF="http://www.cs.rochester.edu/research/trips/LF#">
<   <rdf:Description rdf:ID="V407910">
<     <LF:indicator>SPEECHACT</LF:indicator>
<     <LF:type>SA_TELL</LF:type>
<     <role:CONTENT rdf:resource="#V407766" />
<     <LF:start>0</LF:start>
<     <LF:end>38</LF:end>
<   </rdf:Description>
<   <rdf:Description rdf:ID="V407766">
<     <LF:indicator>F</LF:indicator>
<     <LF:type>EXISTS</LF:type>
<     <LF:word>BE</LF:word>
<     <role:NEUTRAL rdf:resource="#V407827" />
<     <role:TENSE>PRES</role:TENSE>
<     <LF:start>0</LF:start>
<     <LF:end>38</LF:end>
<   </rdf:Description>
<   <rdf:Description rdf:ID="V407753">
<     <LF:indicator>PRO</LF:indicator>
<     <LF:type>EXPLETIVE</LF:type>
<     <role:PROFORM>THERE</role:PROFORM>
<     <LF:start>0</LF:start>
<     <LF:end>6</LF:end>
<   </rdf:Description>
<   <rdf:Description rdf:ID="V407827">
<     <LF:indicator>A</LF:indicator>
<     <LF:type>DEVICE</LF:type>
<     <LF:word>CLOCK</LF:word>
<     <role:LOCATION rdf:resource="#V407833" />
<     <LF:start>9</LF:start>
<     <LF:end>38</LF:end>
<   </rdf:Description>
<   <rdf:Description rdf:ID="V407833">
<     <LF:indicator>F</LF:indicator>
<     <LF:type>ABOVE</LF:type>
<     <LF:word>ABOVE</LF:word>
<     <role:GROUND rdf:resource="#V407847" />
<     <role:FIGURE rdf:resource="#V407827" />
<     <LF:start>17</LF:start>
<     <LF:end>38</LF:end>
<   </rdf:Description>
<   <rdf:Description rdf:ID="V407847">
<     <LF:indicator>THE</LF:indicator>
<     <LF:type>DISPLAY</LF:type>
<     <LF:word>BLACKBOARD</LF:word>
<     <LF:start>23</LF:start>
<     <LF:end>38</LF:end>
<   </rdf:Description>
< </rdf:RDF>
< </terms></utt><utt><words><lisp>(W::AND W::ALSO W::THE W::LETTERS W::DIOS W::ES W::AMOR W::BETWEEN W::THE
<  W::CLOCK W::AND W::THE W::BLACKBOARD W::PUNC-COMMA)</lisp><word>AND</word><word>ALSO</word><word>THE</word><word>LETTERS</word><word>DIOS</word><word>ES</word><word>AMOR</word><word>BETWEEN</word><word>THE</word><word>CLOCK</word><word>AND</word><word>THE</word><word>BLACKBOARD</word><word>PUNC-COMMA</word></words><tags><lisp>((WORD &quot;and&quot; :FRAME (40 43) :SENSE-INFO
<   ((:PENN-PARTS-OF-SPEECH (CC) :TRIPS-PARTS-OF-SPEECH (W::CONJ))) :UTTNUM 76
<   :CHANNEL DESKTOP :DIRECTION INPUT)
<  (WORD &quot;also&quot; :FRAME (44 48) :SENSE-INFO
<   ((:PENN-PARTS-OF-SPEECH (RB) :TRIPS-PARTS-OF-SPEECH (W::ADV))) :UTTNUM 76
<   :CHANNEL DESKTOP :DIRECTION INPUT)
<  (PREFER &quot;also&quot; :FRAME (44 48) :PENN-CATS (ADVP) :TRIPS-CATS (W::ADVBL) :SCORE
<   2.442 :UTTNUM 76 :CHANNEL DESKTOP :DIRECTION INPUT)
<  (WORD &quot;the&quot; :FRAME (49 52) :SENSE-INFO
<   ((:PENN-PARTS-OF-SPEECH (DT) :TRIPS-PARTS-OF-SPEECH (W::ART W::QUAN W::PRO)))
<   :UTTNUM 76 :CHANNEL DESKTOP :DIRECTION INPUT)
<  (WORD &quot;letters&quot; :FRAME (53 60) :SENSE-INFO
<   ((:PENN-PARTS-OF-SPEECH (NNS) :TRIPS-PARTS-OF-SPEECH (W::N))) :UTTNUM 76
<   :CHANNEL DESKTOP :DIRECTION INPUT)
<  (PREFER &quot;the letters&quot; :FRAME (49 60) :PENN-CATS (NP) :TRIPS-CATS (W::NP)
<   :SCORE 11.426 :UTTNUM 76 :CHANNEL DESKTOP :DIRECTION INPUT)
<  (PREFIX &quot;Di&quot; :FRAME (61 62) :UTTNUM 76 :CHANNEL DESKTOP :DIRECTION INPUT)
<  (WORD &quot;os&quot; :FRAME (63 65) :UTTNUM 76 :CHANNEL DESKTOP :DIRECTION INPUT)
<  (WORD &quot;Dios&quot; :FRAME (61 65) :SENSE-INFO
<   ((:PENN-PARTS-OF-SPEECH (NNPS) :TRIPS-PARTS-OF-SPEECH (W::NAME) :ONT-TYPES
<     (ONT::PERSON)))
<   :UTTNUM 76 :CHANNEL DESKTOP :DIRECTION INPUT)
<  (WORD &quot;es&quot; :FRAME (66 68) :SENSE-INFO
<   ((:PENN-PARTS-OF-SPEECH (VBZ NN) :TRIPS-PARTS-OF-SPEECH (W::V W::N))) :UTTNUM
<   76 :CHANNEL DESKTOP :DIRECTION INPUT)
<  (WORD &quot;amor&quot; :FRAME (69 73) :SENSE-INFO
<   ((:PENN-PARTS-OF-SPEECH (NN) :TRIPS-PARTS-OF-SPEECH (W::N))) :UTTNUM 76
<   :CHANNEL DESKTOP :DIRECTION INPUT)
<  (PREFER &quot;es amor&quot; :FRAME (66 73) :PENN-CATS (NP) :TRIPS-CATS (W::NP) :SCORE
<   28.778 :UTTNUM 76 :CHANNEL DESKTOP :DIRECTION INPUT)
<  (WORD &quot;between&quot; :FRAME (74 81) :SENSE-INFO
<   ((:PENN-PARTS-OF-SPEECH (IN) :TRIPS-PARTS-OF-SPEECH (W::PREP W::ADV)))
<   :UTTNUM 76 :CHANNEL DESKTOP :DIRECTION INPUT)
<  (WORD &quot;the&quot; :FRAME (82 85) :SENSE-INFO
<   ((:PENN-PARTS-OF-SPEECH (DT) :TRIPS-PARTS-OF-SPEECH (W::ART W::QUAN W::PRO)))
<   :UTTNUM 76 :CHANNEL DESKTOP :DIRECTION INPUT)
<  (WORD &quot;clock&quot; :FRAME (86 91) :SENSE-INFO
<   ((:PENN-PARTS-OF-SPEECH (NN) :TRIPS-PARTS-OF-SPEECH (W::N))) :UTTNUM 76
<   :CHANNEL DESKTOP :DIRECTION INPUT)
<  (PREFER &quot;the clock&quot; :FRAME (82 91) :PENN-CATS (NP) :TRIPS-CATS (W::NP) :SCORE
<   12.677 :UTTNUM 76 :CHANNEL DESKTOP :DIRECTION INPUT)
<  (WORD &quot;and&quot; :FRAME (92 95) :SENSE-INFO
<   ((:PENN-PARTS-OF-SPEECH (CC) :TRIPS-PARTS-OF-SPEECH (W::CONJ))) :UTTNUM 76
<   :CHANNEL DESKTOP :DIRECTION INPUT)
<  (WORD &quot;the&quot; :FRAME (96 99) :SENSE-INFO
<   ((:PENN-PARTS-OF-SPEECH (DT) :TRIPS-PARTS-OF-SPEECH (W::ART W::QUAN W::PRO)))
<   :UTTNUM 76 :CHANNEL DESKTOP :DIRECTION INPUT)
<  (WORD &quot;blackboard&quot; :FRAME (100 110) :SENSE-INFO
<   ((:PENN-PARTS-OF-SPEECH (NN) :TRIPS-PARTS-OF-SPEECH (W::N))) :UTTNUM 76
<   :CHANNEL DESKTOP :DIRECTION INPUT)
<  (PREFER &quot;the blackboard&quot; :FRAME (96 110) :PENN-CATS (NP) :TRIPS-CATS (W::NP)
<   :SCORE 14.401 :UTTNUM 76 :CHANNEL DESKTOP :DIRECTION INPUT)
<  (PREFER &quot;the clock and the blackboard&quot; :FRAME (82 110) :PENN-CATS (NP)
<   :TRIPS-CATS (W::NP) :SCORE 29.912 :UTTNUM 76 :CHANNEL DESKTOP :DIRECTION
<   INPUT)
<  (PREFER &quot;between the clock and the blackboard&quot; :FRAME (74 110) :PENN-CATS (PP)
<   :TRIPS-CATS (W::PP) :SCORE 36.632 :UTTNUM 76 :CHANNEL DESKTOP :DIRECTION
<   INPUT)
<  (PREFER &quot;es amor between the clock and the blackboard&quot; :FRAME (66 110)
<   :PENN-CATS (NP) :TRIPS-CATS (W::NP) :SCORE 65.817 :UTTNUM 76 :CHANNEL DESKTOP
<   :DIRECTION INPUT)
<  (PREFER &quot;Dios es amor between the clock and the blackboard&quot; :FRAME (61 110)
<   :PENN-CATS (VP) :TRIPS-CATS (W::VP) :SCORE 83.887 :UTTNUM 76 :CHANNEL DESKTOP
<   :DIRECTION INPUT)
<  (PREFER &quot;also the letters Dios es amor between the clock and the blackboard&quot;
<   :FRAME (44 110) :PENN-CATS (S) :SCORE 102.381 :UTTNUM 76 :CHANNEL DESKTOP
<   :DIRECTION INPUT)
<  (WORD &quot;,&quot; :FRAME (111 111) :SENSE-INFO
<   ((:PENN-PARTS-OF-SPEECH (COMMA) :TRIPS-PARTS-OF-SPEECH (W::PUNC))) :UTTNUM 76
<   :CHANNEL DESKTOP :DIRECTION INPUT))</lisp><word lex="and" start="40" end="43"><sense-info penn-parts-of-speech="CC" trips-parts-of-speech="CONJ" /></word><word lex="also" start="44" end="48"><sense-info penn-parts-of-speech="RB" trips-parts-of-speech="ADV" /></word><prefer text="also" start="44" end="48" penn-cats="ADVP" score="2.442" /><word lex="the" start="49" end="52"><sense-info penn-parts-of-speech="DT" trips-parts-of-speech="ART,QUAN,PRO" /></word><word lex="letters" start="53" end="60"><sense-info penn-parts-of-speech="NNS" trips-parts-of-speech="N" /></word><prefer text="the letters" start="49" end="60" penn-cats="NP" score="11.426" /><prefix lex="Di" start="61" end="62" /><word lex="os" start="63" end="65" /><word lex="Dios" start="61" end="65"><sense-info penn-parts-of-speech="NNPS" trips-parts-of-speech="NAME" ont-types="PERSON" /></word><word lex="es" start="66" end="68"><sense-info penn-parts-of-speech="VBZ,NN" trips-parts-of-speech="V,N" /></word><word lex="amor" start="69" end="73"><sense-info penn-parts-of-speech="NN" trips-parts-of-speech="N" /></word><prefer text="es amor" start="66" end="73" penn-cats="NP" score="28.778" /><word lex="between" start="74" end="81"><sense-info penn-parts-of-speech="IN" trips-parts-of-speech="PREP,ADV" /></word><word lex="the" start="82" end="85"><sense-info penn-parts-of-speech="DT" trips-parts-of-speech="ART,QUAN,PRO" /></word><word lex="clock" start="86" end="91"><sense-info penn-parts-of-speech="NN" trips-parts-of-speech="N" /></word><prefer text="the clock" start="82" end="91" penn-cats="NP" score="12.677" /><word lex="and" start="92" end="95"><sense-info penn-parts-of-speech="CC" trips-parts-of-speech="CONJ" /></word><word lex="the" start="96" end="99"><sense-info penn-parts-of-speech="DT" trips-parts-of-speech="ART,QUAN,PRO" /></word><word lex="blackboard" start="100" end="110"><sense-info penn-parts-of-speech="NN" trips-parts-of-speech="N" /></word><prefer text="the blackboard" start="96" end="110" penn-cats="NP" score="14.401" /><prefer text="the clock and the blackboard" start="82" end="110" penn-cats="NP" score="29.912" /><prefer text="between the clock and the blackboard" start="74" end="110" penn-cats="PP" score="36.632" /><prefer text="es amor between the clock and the blackboard" start="66" end="110" penn-cats="NP" score="65.817" /><prefer text="Dios es amor between the clock and the blackboard" start="61" end="110" penn-cats="VP" score="83.887" /><prefer text="also the letters Dios es amor between the clock and the blackboard" start="44" end="110" penn-cats="S" score="102.381" /><word lex="," start="111" end="111"><sense-info penn-parts-of-speech="COMMA" trips-parts-of-speech="PUNC" /></word></tags><tree><lisp>(UTT
<  (UTT (ADVBL (ADV AND))
<   (UTT (ADVBL (ADV ALSO))
<    (UTT
<     (NP (SPEC (DET (ART THE)))
<      (N1
<       (N1 (N1 (N LETTERS))
<        (N1 (NP (NAME DIOS)) (N1 (N1 (N ES)) (N1 (N AMOR)))))
<       (ADVBL (ADV BETWEEN)
<        (NP (NP (SPEC (DET (ART THE))) (N1 (N CLOCK))) (CONJ AND)
<         (NP (SPEC (DET (ART THE))) (N1 (N BLACKBOARD))))))))))
<  (PUNC PUNC-COMMA))</lisp><UTT><UTT><ADVBL><ADV>AND</ADV></ADVBL><UTT><ADVBL><ADV>ALSO</ADV></ADVBL><UTT><NP><SPEC><DET><ART>THE</ART></DET></SPEC><N1><N1><N1><N>LETTERS</N></N1><N1><NP><NAME>DIOS</NAME></NP><N1><N1><N>ES</N></N1><N1><N>AMOR</N></N1></N1></N1></N1><ADVBL><ADV>BETWEEN</ADV><NP><NP><SPEC><DET><ART>THE</ART></DET></SPEC><N1><N>CLOCK</N></N1></NP><CONJ>AND</CONJ><NP><SPEC><DET><ART>THE</ART></DET></SPEC><N1><N>BLACKBOARD</N></N1></NP></NP></ADVBL></N1></NP></UTT></UTT></UTT><PUNC>PUNC-COMMA</PUNC></UTT></tree><terms root="#V409969"><lisp>((ONT::SPEECHACT ONT::V409969 ONT::SA_IDENTIFY :CONTENT ONT::V408248 :MOD
<   ONT::V408193 :MOD ONT::V408201 :START 40 :END 111)
<  (ONT::F ONT::V408193 (:* ONT::CONJUNCT W::AND) :FIGURE ONT::V409969 :START 40
<   :END 44)
<  (ONT::F ONT::V408201 (:* ONT::CONJUNCT W::ALSO) :FIGURE ONT::V409969 :START 44
<   :END 49)
<  (ONT::THE ONT::V408248 (:* ONT::REFERENTIAL-SEM W::AMOR) :ASSOC-WITH
<   ONT::V408213 :ASSOC-WITH ONT::V408234 :ASSOC-WITH ONT::V408240 :MOD
<   ONT::V408253 :START 49 :END 111)
<  (ONT::KIND ONT::V408240 (:* ONT::NUTRITIONAL-SUPPLEMENT W::ES) :START 49 :END
<   111)
<  (ONT::KIND ONT::V408213 (:* ONT::LINGUISTIC-OBJECT W::LETTER) :START 49 :END
<   111)
<  (ONT::THE ONT::V408234 (:* ONT::PERSON W::DIOS) :NAME-OF (W::DIOS) :START 61
<   :END 66)
<  (ONT::F ONT::V408253 (:* ONT::BETWEEN W::BETWEEN) :GROUND ONT::V408285 :FIGURE
<   ONT::V408248 :START 74 :END 111)
<  (ONT::THE-SET ONT::V408285 ONT::PHYS-OBJECT :OPERATOR ONT::AND :SEQUENCE
<   (ONT::V408278 ONT::V408301) :START 82 :END 111)
<  (ONT::THE ONT::V408278 (:* ONT::DEVICE W::CLOCK) :START 82 :END 92 :COREF
<   ONT::V407827)
<  (ONT::THE ONT::V408301 (:* ONT::DISPLAY W::BLACKBOARD) :START 96 :END 111
<   :COREF ONT::V407847))</lisp><rdf:RDF
<   xmlns:rdf="http://www.w3.org/1999/02/22-rdf-syntax-ns#"
<   xmlns:role="http://www.cs.rochester.edu/research/trips/role#"
<   xmlns:LF="http://www.cs.rochester.edu/research/trips/LF#">
<   <rdf:Description rdf:ID="V409969">
<     <LF:indicator>SPEECHACT</LF:indicator>
<     <LF:type>SA_IDENTIFY</LF:type>
<     <role:CONTENT rdf:resource="#V408248" />
<     <role:MOD rdf:resource="#V408193" />
<     <role:MOD rdf:resource="#V408201" />
<     <LF:start>40</LF:start>
<     <LF:end>111</LF:end>
<   </rdf:Description>
<   <rdf:Description rdf:ID="V408193">
<     <LF:indicator>F</LF:indicator>
<     <LF:type>CONJUNCT</LF:type>
<     <LF:word>AND</LF:word>
<     <role:FIGURE rdf:resource="#V409969" />
<     <LF:start>40</LF:start>
<     <LF:end>44</LF:end>
<   </rdf:Description>
<   <rdf:Description rdf:ID="V408201">
<     <LF:indicator>F</LF:indicator>
<     <LF:type>CONJUNCT</LF:type>
<     <LF:word>ALSO</LF:word>
<     <role:FIGURE rdf:resource="#V409969" />
<     <LF:start>44</LF:start>
<     <LF:end>49</LF:end>
<   </rdf:Description>
<   <rdf:Description rdf:ID="V408248">
<     <LF:indicator>THE</LF:indicator>
<     <LF:type>REFERENTIAL-SEM</LF:type>
<     <LF:word>AMOR</LF:word>
<     <role:ASSOC-WITH rdf:resource="#V408213" />
<     <role:ASSOC-WITH rdf:resource="#V408234" />
<     <role:ASSOC-WITH rdf:resource="#V408240" />
<     <role:MOD rdf:resource="#V408253" />
<     <LF:start>49</LF:start>
<     <LF:end>111</LF:end>
<   </rdf:Description>
<   <rdf:Description rdf:ID="V408240">
<     <LF:indicator>KIND</LF:indicator>
<     <LF:type>NUTRITIONAL-SUPPLEMENT</LF:type>
<     <LF:word>ES</LF:word>
<     <LF:start>49</LF:start>
<     <LF:end>111</LF:end>
<   </rdf:Description>
<   <rdf:Description rdf:ID="V408213">
<     <LF:indicator>KIND</LF:indicator>
<     <LF:type>LINGUISTIC-OBJECT</LF:type>
<     <LF:word>LETTER</LF:word>
<     <LF:start>49</LF:start>
<     <LF:end>111</LF:end>
<   </rdf:Description>
<   <rdf:Description rdf:ID="V408234">
<     <LF:indicator>THE</LF:indicator>
<     <LF:type>PERSON</LF:type>
<     <LF:word>DIOS</LF:word>
<     <role:NAME-OF>(DIOS)</role:NAME-OF>
<     <LF:start>61</LF:start>
<     <LF:end>66</LF:end>
<   </rdf:Description>
<   <rdf:Description rdf:ID="V408253">
<     <LF:indicator>F</LF:indicator>
<     <LF:type>BETWEEN</LF:type>
<     <LF:word>BETWEEN</LF:word>
<     <role:GROUND rdf:resource="#V408285" />
<     <role:FIGURE rdf:resource="#V408248" />
<     <LF:start>74</LF:start>
<     <LF:end>111</LF:end>
<   </rdf:Description>
<   <rdf:Description rdf:ID="V408285">
<     <LF:indicator>THE-SET</LF:indicator>
<     <LF:type>PHYS-OBJECT</LF:type>
<     <role:OPERATOR>AND</role:OPERATOR>
<     <role:SEQUENCE rdf:resource="#V408278" />
<     <role:SEQUENCE1 rdf:resource="#V408301" />
<     <LF:start>82</LF:start>
<     <LF:end>111</LF:end>
<   </rdf:Description>
<   <rdf:Description rdf:ID="V408278">
<     <LF:indicator>THE</LF:indicator>
<     <LF:type>DEVICE</LF:type>
<     <LF:word>CLOCK</LF:word>
<     <LF:start>82</LF:start>
<     <LF:end>92</LF:end>
<     <role:COREF rdf:resource="#V407827" />
<   </rdf:Description>
<   <rdf:Description rdf:ID="V408301">
<     <LF:indicator>THE</LF:indicator>
<     <LF:type>DISPLAY</LF:type>
<     <LF:word>BLACKBOARD</LF:word>
<     <LF:start>96</LF:start>
<     <LF:end>111</LF:end>
<     <role:COREF rdf:resource="#V407847" />
<   </rdf:Description>
< </rdf:RDF>
< </terms></utt><compound-communication-act>
< <utt><words><lisp>(W::AND W::HIGIENE)</lisp><word>AND</word><word>HIGIENE</word></words><tags><lisp>((WORD &quot;and&quot; :FRAME (113 116) :SENSE-INFO
<   ((:PENN-PARTS-OF-SPEECH (CC) :TRIPS-PARTS-OF-SPEECH (W::CONJ))) :UTTNUM 76
<   :CHANNEL DESKTOP :DIRECTION INPUT)
<  (WORD &quot;higiene&quot; :FRAME (117 124) :SENSE-INFO
<   ((:PENN-PARTS-OF-SPEECH (VBP JJ) :TRIPS-PARTS-OF-SPEECH (W::V W::ADJ)))
<   :UTTNUM 76 :CHANNEL DESKTOP :DIRECTION INPUT))</lisp><word lex="and" start="113" end="116"><sense-info penn-parts-of-speech="CC" trips-parts-of-speech="CONJ" /></word><word lex="higiene" start="117" end="124"><sense-info penn-parts-of-speech="VBP,JJ" trips-parts-of-speech="V,ADJ" /></word></tags><tree><lisp>(UTT (ADVBL (ADV AND)) (UTT (VP (VP- (V HIGIENE)))))</lisp><UTT><ADVBL><ADV>AND</ADV></ADVBL><UTT><VP><VP-><V>HIGIENE</V></VP-></VP></UTT></UTT></tree><terms root="#V411806"><lisp>((ONT::SPEECHACT ONT::V411806 ONT::SA_TELL :CONTENT ONT::V411576 :MOD
<   ONT::V411566 :START 113 :END 125)
<  (ONT::F ONT::V411566 (:* ONT::CONJUNCT W::AND) :FIGURE ONT::V411806 :START 113
<   :END 117)
<  (ONT::F ONT::V411576 (:* ONT::SITUATION-ROOT W::HIGIENE) :TENSE W::PRES :START
<   117 :END 125)
<  (ONT::IMPRO ONT::V411807 ONT::REFERENTIAL-SEM :PROFORM W::SUBJ :START 117 :END
<   125 :COREF ONT::V408248))</lisp><rdf:RDF
<   xmlns:rdf="http://www.w3.org/1999/02/22-rdf-syntax-ns#"
<   xmlns:role="http://www.cs.rochester.edu/research/trips/role#"
<   xmlns:LF="http://www.cs.rochester.edu/research/trips/LF#">
<   <rdf:Description rdf:ID="V411806">
<     <LF:indicator>SPEECHACT</LF:indicator>
<     <LF:type>SA_TELL</LF:type>
<     <role:CONTENT rdf:resource="#V411576" />
<     <role:MOD rdf:resource="#V411566" />
<     <LF:start>113</LF:start>
<     <LF:end>125</LF:end>
<   </rdf:Description>
<   <rdf:Description rdf:ID="V411566">
<     <LF:indicator>F</LF:indicator>
<     <LF:type>CONJUNCT</LF:type>
<     <LF:word>AND</LF:word>
<     <role:FIGURE rdf:resource="#V411806" />
<     <LF:start>113</LF:start>
<     <LF:end>117</LF:end>
<   </rdf:Description>
<   <rdf:Description rdf:ID="V411576">
<     <LF:indicator>F</LF:indicator>
<     <LF:type>SITUATION-ROOT</LF:type>
<     <LF:word>HIGIENE</LF:word>
<     <role:TENSE>PRES</role:TENSE>
<     <LF:start>117</LF:start>
<     <LF:end>125</LF:end>
<   </rdf:Description>
<   <rdf:Description rdf:ID="V411807">
<     <LF:indicator>IMPRO</LF:indicator>
<     <LF:type>REFERENTIAL-SEM</LF:type>
<     <role:PROFORM>SUBJ</role:PROFORM>
<     <LF:start>117</LF:start>
<     <LF:end>125</LF:end>
<     <role:COREF rdf:resource="#V408248" />
<   </rdf:Description>
< </rdf:RDF>
< </terms></utt><utt><words><lisp>(W::ES W::SALUD W::ON W::THE W::SIDE W::WALL W::BELOW W::THE W::WINDOWS
<  W::PUNC-PERIOD)</lisp><word>ES</word><word>SALUD</word><word>ON</word><word>THE</word><word>SIDE</word><word>WALL</word><word>BELOW</word><word>THE</word><word>WINDOWS</word><word>PUNC-PERIOD</word></words><tags><lisp>((WORD &quot;es&quot; :FRAME (125 127) :SENSE-INFO
<   ((:PENN-PARTS-OF-SPEECH (VBZ NN) :TRIPS-PARTS-OF-SPEECH (W::V W::N))) :UTTNUM
<   76 :CHANNEL DESKTOP :DIRECTION INPUT)
<  (PREFER &quot;higiene es&quot; :FRAME (117 127) :PENN-CATS (NP) :TRIPS-CATS (W::NP)
<   :SCORE 29.722 :UTTNUM 76 :CHANNEL DESKTOP :DIRECTION INPUT)
<  (WORD &quot;salud&quot; :FRAME (128 133) :SENSE-INFO
<   ((:PENN-PARTS-OF-SPEECH (NN VBD) :TRIPS-PARTS-OF-SPEECH (W::N W::V))) :UTTNUM
<   76 :CHANNEL DESKTOP :DIRECTION INPUT)
<  (WORD &quot;on&quot; :FRAME (134 136) :SENSE-INFO
<   ((:PENN-PARTS-OF-SPEECH (IN) :TRIPS-PARTS-OF-SPEECH (W::PREP W::ADV)))
<   :UTTNUM 76 :CHANNEL DESKTOP :DIRECTION INPUT)
<  (WORD &quot;the&quot; :FRAME (137 140) :SENSE-INFO
<   ((:PENN-PARTS-OF-SPEECH (DT) :TRIPS-PARTS-OF-SPEECH (W::ART W::QUAN W::PRO)))
<   :UTTNUM 76 :CHANNEL DESKTOP :DIRECTION INPUT)
<  (WORD &quot;side&quot; :FRAME (141 145) :SENSE-INFO
<   ((:PENN-PARTS-OF-SPEECH (NN) :TRIPS-PARTS-OF-SPEECH (W::N))) :UTTNUM 76
<   :CHANNEL DESKTOP :DIRECTION INPUT)
<  (WORD &quot;on the side&quot; :FRAME (134 145) :SENSE-INFO
<   ((:PENN-PARTS-OF-SPEECH (RB) :TRIPS-PARTS-OF-SPEECH (W::ADV) :WN-SENSE-KEYS
<     (&quot;on_the_side%4:02:00&quot;)))
<   :UTTNUM 76 :CHANNEL DESKTOP :DIRECTION INPUT)
<  (WORD &quot;wall&quot; :FRAME (146 150) :SENSE-INFO
<   ((:PENN-PARTS-OF-SPEECH (NN) :TRIPS-PARTS-OF-SPEECH (W::N))) :UTTNUM 76
<   :CHANNEL DESKTOP :DIRECTION INPUT)
<  (PREFER &quot;the side wall&quot; :FRAME (137 150) :PENN-CATS (NP) :TRIPS-CATS (W::NP)
<   :SCORE 20.317 :UTTNUM 76 :CHANNEL DESKTOP :DIRECTION INPUT)
<  (PREFER &quot;on the side wall&quot; :FRAME (134 150) :PENN-CATS (PP) :TRIPS-CATS
<   (W::PP) :SCORE 23.528 :UTTNUM 76 :CHANNEL DESKTOP :DIRECTION INPUT)
<  (WORD &quot;below&quot; :FRAME (151 156) :SENSE-INFO
<   ((:PENN-PARTS-OF-SPEECH (IN) :TRIPS-PARTS-OF-SPEECH (W::PREP W::ADV)))
<   :UTTNUM 76 :CHANNEL DESKTOP :DIRECTION INPUT)
<  (WORD &quot;the&quot; :FRAME (157 160) :SENSE-INFO
<   ((:PENN-PARTS-OF-SPEECH (DT) :TRIPS-PARTS-OF-SPEECH (W::ART W::QUAN W::PRO)))
<   :UTTNUM 76 :CHANNEL DESKTOP :DIRECTION INPUT)
<  (WORD &quot;windows&quot; :FRAME (161 168) :SENSE-INFO
<   ((:PENN-PARTS-OF-SPEECH (NNS) :TRIPS-PARTS-OF-SPEECH (W::N))) :UTTNUM 76
<   :CHANNEL DESKTOP :DIRECTION INPUT)
<  (PREFER &quot;the windows&quot; :FRAME (157 168) :PENN-CATS (NP) :TRIPS-CATS (W::NP)
<   :SCORE 12.636 :UTTNUM 76 :CHANNEL DESKTOP :DIRECTION INPUT)
<  (PREFER &quot;below the windows&quot; :FRAME (151 168) :PENN-CATS (PP) :TRIPS-CATS
<   (W::PP) :SCORE 19.223 :UTTNUM 76 :CHANNEL DESKTOP :DIRECTION INPUT)
<  (PREFER &quot;salud on the side wall below the windows&quot; :FRAME (128 168) :PENN-CATS
<   (VP) :TRIPS-CATS (W::VP) :SCORE 59.599 :UTTNUM 76 :CHANNEL DESKTOP :DIRECTION
<   INPUT)
<  (PREFER &quot;higiene es salud on the side wall below the windows&quot; :FRAME (117 168)
<   :PENN-CATS (S) :SCORE 89.877 :UTTNUM 76 :CHANNEL DESKTOP :DIRECTION INPUT)
<  (WORD &quot;.&quot; :FRAME (169 169) :SENSE-INFO
<   ((:PENN-PARTS-OF-SPEECH (FULL_STOP) :TRIPS-PARTS-OF-SPEECH (W::PUNC)))
<   :UTTNUM 76 :CHANNEL DESKTOP :DIRECTION INPUT))</lisp><word lex="es" start="125" end="127"><sense-info penn-parts-of-speech="VBZ,NN" trips-parts-of-speech="V,N" /></word><prefer text="higiene es" start="117" end="127" penn-cats="NP" score="29.722" /><word lex="salud" start="128" end="133"><sense-info penn-parts-of-speech="NN,VBD" trips-parts-of-speech="N,V" /></word><word lex="on" start="134" end="136"><sense-info penn-parts-of-speech="IN" trips-parts-of-speech="PREP,ADV" /></word><word lex="the" start="137" end="140"><sense-info penn-parts-of-speech="DT" trips-parts-of-speech="ART,QUAN,PRO" /></word><word lex="side" start="141" end="145"><sense-info penn-parts-of-speech="NN" trips-parts-of-speech="N" /></word><word lex="on the side" start="134" end="145"><sense-info penn-parts-of-speech="RB" trips-parts-of-speech="ADV" wn-sense-keys="on_the_side%4:02:00" /></word><word lex="wall" start="146" end="150"><sense-info penn-parts-of-speech="NN" trips-parts-of-speech="N" /></word><prefer text="the side wall" start="137" end="150" penn-cats="NP" score="20.317" /><prefer text="on the side wall" start="134" end="150" penn-cats="PP" score="23.528" /><word lex="below" start="151" end="156"><sense-info penn-parts-of-speech="IN" trips-parts-of-speech="PREP,ADV" /></word><word lex="the" start="157" end="160"><sense-info penn-parts-of-speech="DT" trips-parts-of-speech="ART,QUAN,PRO" /></word><word lex="windows" start="161" end="168"><sense-info penn-parts-of-speech="NNS" trips-parts-of-speech="N" /></word><prefer text="the windows" start="157" end="168" penn-cats="NP" score="12.636" /><prefer text="below the windows" start="151" end="168" penn-cats="PP" score="19.223" /><prefer text="salud on the side wall below the windows" start="128" end="168" penn-cats="VP" score="59.599" /><prefer text="higiene es salud on the side wall below the windows" start="117" end="168" penn-cats="S" score="89.877" /><word lex="." start="169" end="169"><sense-info penn-parts-of-speech="FULL_STOP" trips-parts-of-speech="PUNC" /></word></tags><tree><lisp>(UTT
<  (UTT
<   (NP
<    (N1
<     (N1 (N1 (N1 (N ES)) (N1 (N SALUD)))
<      (ADVBL (ADV ON)
<       (NP (SPEC (DET (ART THE))) (N1 (ADJP (ADJ1 (ADJ SIDE))) (N1 (N WALL))))))
<     (ADVBL (ADV BELOW) (NP (SPEC (DET (ART THE))) (N1 (N WINDOWS)))))))
<  (PUNC PUNC-PERIOD))</lisp><UTT><UTT><NP><N1><N1><N1><N1><N>ES</N></N1><N1><N>SALUD</N></N1></N1><ADVBL><ADV>ON</ADV><NP><SPEC><DET><ART>THE</ART></DET></SPEC><N1><ADJP><ADJ1><ADJ>SIDE</ADJ></ADJ1></ADJP><N1><N>WALL</N></N1></N1></NP></ADVBL></N1><ADVBL><ADV>BELOW</ADV><NP><SPEC><DET><ART>THE</ART></DET></SPEC><N1><N>WINDOWS</N></N1></NP></ADVBL></N1></NP></UTT><PUNC>PUNC-PERIOD</PUNC></UTT></tree><terms root="#V413294"><lisp>((ONT::SPEECHACT ONT::V413294 ONT::SA_IDENTIFY :PUNCTYPE W::DECL :CONTENT
<   ONT::V411588 :START 125 :END 169)
<  (ONT::BARE ONT::V411588 (:* ONT::REFERENTIAL-SEM W::SALUD) :ASSOC-WITH
<   ONT::V411582 :MOD ONT::V411661 :MOD ONT::V411596 :START 125 :END 169)
<  (ONT::KIND ONT::V411582 (:* ONT::NUTRITIONAL-SUPPLEMENT W::ES) :START 125 :END
<   169)
<  (ONT::F ONT::V411596 (:* ONT::ON W::ON) :GROUND ONT::V411658 :FIGURE
<   ONT::V411588 :START 134 :END 151)
<  (ONT::THE ONT::V411658 (:* ONT::STRUCTURE-INTERNAL-COMPONENT W::WALL) :MOD
<   ONT::V411625 :START 137 :END 151)
<  (ONT::F ONT::V411625 (:* ONT::SIDE-LOCATION-VAL W::SIDE) :FIGURE ONT::V411658
<   :START 141 :END 146)
<  (ONT::F ONT::V411661 (:* ONT::BELOW W::BELOW) :GROUND ONT::V411676 :FIGURE
<   ONT::V411588 :START 151 :END 169)
<  (ONT::THE-SET ONT::V411676 (:* ONT::STRUCTURAL-OPENING W::WINDOW) :START 157
<   :END 169))</lisp><rdf:RDF
<   xmlns:rdf="http://www.w3.org/1999/02/22-rdf-syntax-ns#"
<   xmlns:role="http://www.cs.rochester.edu/research/trips/role#"
<   xmlns:LF="http://www.cs.rochester.edu/research/trips/LF#">
<   <rdf:Description rdf:ID="V413294">
<     <LF:indicator>SPEECHACT</LF:indicator>
<     <LF:type>SA_IDENTIFY</LF:type>
<     <role:PUNCTYPE>DECL</role:PUNCTYPE>
<     <role:CONTENT rdf:resource="#V411588" />
<     <LF:start>125</LF:start>
<     <LF:end>169</LF:end>
<   </rdf:Description>
<   <rdf:Description rdf:ID="V411588">
<     <LF:indicator>BARE</LF:indicator>
<     <LF:type>REFERENTIAL-SEM</LF:type>
<     <LF:word>SALUD</LF:word>
<     <role:ASSOC-WITH rdf:resource="#V411582" />
<     <role:MOD rdf:resource="#V411661" />
<     <role:MOD rdf:resource="#V411596" />
<     <LF:start>125</LF:start>
<     <LF:end>169</LF:end>
<   </rdf:Description>
<   <rdf:Description rdf:ID="V411582">
<     <LF:indicator>KIND</LF:indicator>
<     <LF:type>NUTRITIONAL-SUPPLEMENT</LF:type>
<     <LF:word>ES</LF:word>
<     <LF:start>125</LF:start>
<     <LF:end>169</LF:end>
<   </rdf:Description>
<   <rdf:Description rdf:ID="V411596">
<     <LF:indicator>F</LF:indicator>
<     <LF:type>ON</LF:type>
<     <LF:word>ON</LF:word>
<     <role:GROUND rdf:resource="#V411658" />
<     <role:FIGURE rdf:resource="#V411588" />
<     <LF:start>134</LF:start>
<     <LF:end>151</LF:end>
<   </rdf:Description>
<   <rdf:Description rdf:ID="V411658">
<     <LF:indicator>THE</LF:indicator>
<     <LF:type>STRUCTURE-INTERNAL-COMPONENT</LF:type>
<     <LF:word>WALL</LF:word>
<     <role:MOD rdf:resource="#V411625" />
<     <LF:start>137</LF:start>
<     <LF:end>151</LF:end>
<   </rdf:Description>
<   <rdf:Description rdf:ID="V411625">
<     <LF:indicator>F</LF:indicator>
<     <LF:type>SIDE-LOCATION-VAL</LF:type>
<     <LF:word>SIDE</LF:word>
<     <role:FIGURE rdf:resource="#V411658" />
<     <LF:start>141</LF:start>
<     <LF:end>146</LF:end>
<   </rdf:Description>
<   <rdf:Description rdf:ID="V411661">
<     <LF:indicator>F</LF:indicator>
<     <LF:type>BELOW</LF:type>
<     <LF:word>BELOW</LF:word>
<     <role:GROUND rdf:resource="#V411676" />
<     <role:FIGURE rdf:resource="#V411588" />
<     <LF:start>151</LF:start>
<     <LF:end>169</LF:end>
<   </rdf:Description>
<   <rdf:Description rdf:ID="V411676">
<     <LF:indicator>THE-SET</LF:indicator>
<     <LF:type>STRUCTURAL-OPENING</LF:type>
<     <LF:word>WINDOW</LF:word>
<     <LF:start>157</LF:start>
<     <LF:end>169</LF:end>
<   </rdf:Description>
< </rdf:RDF>
< </terms></utt></compound-communication-act>
< </trips-parser-output>
\ No newline at end of file
---
> <SpRL>
>  <SCENE>
>   <SENTENCE id="s1" indicator="SPEECHACT" type="SA_TELL" start="0" end="38">
>    <TEXT>there is a clock above the blackboard ,</TEXT>
>    <RELATION id="1" head="V407910" res="V407766" label="CONTENT"/>
>    <PHRASE id="V407766" indicator="F" type="EXISTS" text="BE" TENSE="PRES" start="0" end="38"/>
>    <RELATION id="2" head="V407766" res="V407827" label="NEUTRAL"/>
>    <PHRASE id="V407753" indicator="PRO" type="EXPLETIVE" PROFORM="THERE" start="0" end="6"/>
>    <PHRASE id="V407827" indicator="A" type="DEVICE" text="CLOCK" start="9" end="38"/>
>    <RELATION id="3" head="V407827" res="V407833" label="LOCATION"/>
>    <PHRASE id="V407833" indicator="F" type="ABOVE" text="ABOVE" start="17" end="38"/>
>    <RELATION id="4" head="V407833" res="V407847" label="GROUND"/>
>    <RELATION id="5" head="V407833" res="V407827" label="FIGURE"/>
>    <PHRASE id="V407847" indicator="THE" type="DISPLAY" text="BLACKBOARD" start="23" end="38"/>
>   </SENTENCE>
>   <SENTENCE id="s2" indicator="SPEECHACT" type="SA_IDENTIFY" start="40" end="111">
>    <TEXT>and also the letters Dios es amor between the clock and the blackboard ,</TEXT>
>    <RELATION id="6" head="V409969" res="V408248" label="CONTENT"/>
>    <RELATION id="7" head="V409969" res="V408193" label="MOD"/>
>    <RELATION id="8" head="V409969" res="V408201" label="MOD"/>
>    <PHRASE id="V408193" indicator="F" type="CONJUNCT" text="AND" start="40" end="44"/>
>    <RELATION id="9" head="V408193" res="V409969" label="FIGURE"/>
>    <PHRASE id="V408201" indicator="F" type="CONJUNCT" text="ALSO" start="44" end="49"/>
>    <RELATION id="10" head="V408201" res="V409969" label="FIGURE"/>
>    <PHRASE id="V408248" indicator="THE" type="REFERENTIAL-SEM" text="AMOR" start="49" end="111"/>
>    <RELATION id="11" head="V408248" res="V408213" label="ASSOC-WITH"/>
>    <RELATION id="12" head="V408248" res="V408234" label="ASSOC-WITH"/>
>    <RELATION id="13" head="V408248" res="V408240" label="ASSOC-WITH"/>
>    <RELATION id="14" head="V408248" res="V408253" label="MOD"/>
>    <PHRASE id="V408240" indicator="KIND" type="NUTRITIONAL-SUPPLEMENT" text="ES" start="49" end="111"/>
>    <PHRASE id="V408213" indicator="KIND" type="LINGUISTIC-OBJECT" text="LETTER" start="49" end="111"/>
>    <PHRASE id="V408234" indicator="THE" type="PERSON" text="DIOS" NAME-OF="(DIOS)" start="61" end="66"/>
>    <PHRASE id="V408253" indicator="F" type="BETWEEN" text="BETWEEN" start="74" end="111"/>
>    <RELATION id="15" head="V408253" res="V408285" label="GROUND"/>
>    <RELATION id="16" head="V408253" res="V408248" label="FIGURE"/>
>    <PHRASE id="V408285" indicator="THE-SET" type="PHYS-OBJECT" OPERATOR="AND" start="82" end="111"/>
>    <RELATION id="17" head="V408285" res="V408278" label="SEQUENCE"/>
>    <RELATION id="18" head="V408285" res="V408301" label="SEQUENCE1"/>
>    <PHRASE id="V408278" indicator="THE" type="DEVICE" text="CLOCK" start="82" end="92"/>
>    <RELATION id="19" head="V408278" res="V407827" label="COREF"/>
>    <PHRASE id="V408301" indicator="THE" type="DISPLAY" text="BLACKBOARD" start="96" end="111"/>
>    <RELATION id="20" head="V408301" res="V407847" label="COREF"/>
>   </SENTENCE>
>   <SENTENCE id="s3" indicator="SPEECHACT" type="SA_TELL" start="113" end="125">
>    <TEXT>and higiene e</TEXT>
>    <RELATION id="21" head="V411806" res="V411576" label="CONTENT"/>
>    <RELATION id="22" head="V411806" res="V411566" label="MOD"/>
>    <PHRASE id="V411566" indicator="F" type="CONJUNCT" text="AND" start="113" end="117"/>
>    <RELATION id="23" head="V411566" res="V411806" label="FIGURE"/>
>    <PHRASE id="V411576" indicator="F" type="SITUATION-ROOT" text="HIGIENE" TENSE="PRES" start="117" end="125"/>
>    <PHRASE id="V411807" indicator="IMPRO" type="REFERENTIAL-SEM" PROFORM="SUBJ" start="117" end="125"/>
>    <RELATION id="24" head="V411807" res="V408248" label="COREF"/>
>   </SENTENCE>
>   <SENTENCE id="s4" indicator="SPEECHACT" type="SA_IDENTIFY" PUNCTYPE="DECL" start="125" end="169">
>    <TEXT>es salud on the side wall below the windows .</TEXT>
>    <RELATION id="25" head="V413294" res="V411588" label="CONTENT"/>
>    <PHRASE id="V411588" indicator="BARE" type="REFERENTIAL-SEM" text="SALUD" start="125" end="169"/>
>    <RELATION id="26" head="V411588" res="V411582" label="ASSOC-WITH"/>
>    <RELATION id="27" head="V411588" res="V411661" label="MOD"/>
>    <RELATION id="28" head="V411588" res="V411596" label="MOD"/>
>    <PHRASE id="V411582" indicator="KIND" type="NUTRITIONAL-SUPPLEMENT" text="ES" start="125" end="169"/>
>    <PHRASE id="V411596" indicator="F" type="ON" text="ON" start="134" end="151"/>
>    <RELATION id="29" head="V411596" res="V411658" label="GROUND"/>
>    <RELATION id="30" head="V411596" res="V411588" label="FIGURE"/>
>    <PHRASE id="V411658" indicator="THE" type="STRUCTURE-INTERNAL-COMPONENT" text="WALL" start="137" end="151"/>
>    <RELATION id="31" head="V411658" res="V411625" label="MOD"/>
>    <PHRASE id="V411625" indicator="F" type="SIDE-LOCATION-VAL" text="SIDE" start="141" end="146"/>
>    <RELATION id="32" head="V411625" res="V411658" label="FIGURE"/>
>    <PHRASE id="V411661" indicator="F" type="BELOW" text="BELOW" start="151" end="169"/>
>    <RELATION id="33" head="V411661" res="V411676" label="GROUND"/>
>    <RELATION id="34" head="V411661" res="V411588" label="FIGURE"/>
>    <PHRASE id="V411676" indicator="THE-SET" type="STRUCTURAL-OPENING" text="WINDOW" start="157" end="169"/>
>   </SENTENCE>
>  </SCENE>
> </SpRL>
