2,290c2,41
< <?xml-stylesheet type="text/xsl" href="../style/parser-interface.xsl"?>
< <!DOCTYPE trips-parser-output SYSTEM "../trips-parser-output.dtd">
< <trips-parser-output parser-build-date="2017-09-20T12:11:02-0500" system="STEP" extsformat="svg" tagsformat="hidden" treecontents="phrase" treeformat="LinGO" lfformat="svg" semantic-skeleton-scoring="T" rule-sets="" input="a dark-skinned , dark-haired girl wearing a red coat is sitting at a desk in front of a building .
< ">
< <debug>
< *last-utt-id*=NIL  utt-id+28
< *last-utt-id*=28  utt-id+28
< *last-utt-id*=28  utt-id+28
< *last-utt-id*=28  utt-id+28
< *last-utt-id*=28  utt-id+NIL</debug><compound-communication-act>
< <utt><words><lisp>(W::DARK W::PUNC-MINUS W::SKINNED)</lisp><word>DARK</word><word>PUNC-MINUS</word><word>SKINNED</word></words><tags><lisp>((WORD &quot;a&quot; :FRAME (0 1) :SENSE-INFO
<   ((:PENN-PARTS-OF-SPEECH (DT) :TRIPS-PARTS-OF-SPEECH (W::ART W::QUAN W::PRO)))
<   :UTTNUM 28 :CHANNEL DESKTOP :DIRECTION INPUT)
<  (WORD &quot;dark&quot; :FRAME (2 5) :SENSE-INFO
<   ((:PENN-PARTS-OF-SPEECH (NN) :TRIPS-PARTS-OF-SPEECH (W::N))) :UTTNUM 28
<   :CHANNEL DESKTOP :DIRECTION INPUT)
<  (WORD &quot;-&quot; :FRAME (6 6) :SENSE-INFO
<   ((:PENN-PARTS-OF-SPEECH (COLON) :TRIPS-PARTS-OF-SPEECH (W::PUNC))) :UTTNUM 28
<   :CHANNEL DESKTOP :DIRECTION INPUT)
<  (WORD &quot;skinned&quot; :FRAME (7 14) :SENSE-INFO
<   ((:PENN-PARTS-OF-SPEECH (VBD) :TRIPS-PARTS-OF-SPEECH (W::V))) :UTTNUM 28
<   :CHANNEL DESKTOP :DIRECTION INPUT)
<  (WORD &quot;dark-skinned&quot; :FRAME (2 14) :SENSE-INFO
<   ((:PENN-PARTS-OF-SPEECH (JJ) :TRIPS-PARTS-OF-SPEECH (W::ADJ) :WN-SENSE-KEYS
<     (&quot;dark-skinned%5:00:00&quot;)))
<   :UTTNUM 28 :CHANNEL DESKTOP :DIRECTION INPUT)
<  (WORD &quot;,&quot; :FRAME (15 16) :SENSE-INFO
<   ((:PENN-PARTS-OF-SPEECH (COMMA) :TRIPS-PARTS-OF-SPEECH (W::PUNC))) :UTTNUM 28
<   :CHANNEL DESKTOP :DIRECTION INPUT))</lisp><word lex="a" start="0" end="1"><sense-info penn-parts-of-speech="DT" trips-parts-of-speech="ART,QUAN,PRO" /></word><word lex="dark" start="2" end="5"><sense-info penn-parts-of-speech="NN" trips-parts-of-speech="N" /></word><word lex="-" start="6" end="6"><sense-info penn-parts-of-speech="COLON" trips-parts-of-speech="PUNC" /></word><word lex="skinned" start="7" end="14"><sense-info penn-parts-of-speech="VBD" trips-parts-of-speech="V" /></word><word lex="dark-skinned" start="2" end="14"><sense-info penn-parts-of-speech="JJ" trips-parts-of-speech="ADJ" wn-sense-keys="dark-skinned%5:00:00" /></word><word lex="," start="15" end="16"><sense-info penn-parts-of-speech="COMMA" trips-parts-of-speech="PUNC" /></word></tags><tree><lisp>(DET (ART A))</lisp><DET><ART>A</ART></DET></tree><terms root="#V262534"><lisp>((ONT::F ONT::V262534 (:* ONT::MODIFIER W::DARK-PUNC-MINUS-SKINNED) :START 2
<   :END 15 :WNSENSE &quot;dark-skinned%5:00:00&quot;))</lisp><rdf:RDF
<   xmlns:rdf="http://www.w3.org/1999/02/22-rdf-syntax-ns#"
<   xmlns:role="http://www.cs.rochester.edu/research/trips/role#"
<   xmlns:LF="http://www.cs.rochester.edu/research/trips/LF#">
<   <rdf:Description rdf:ID="V262534">
<     <LF:indicator>F</LF:indicator>
<     <LF:type>MODIFIER</LF:type>
<     <LF:word>DARK-PUNC-MINUS-SKINNED</LF:word>
<     <LF:start>2</LF:start>
<     <LF:end>15</LF:end>
<     <role:WNSENSE>dark-skinned%5:00:00</role:WNSENSE>
<   </rdf:Description>
< </rdf:RDF>
< </terms></utt><utt><words><lisp>(W::DARK W::PUNC-MINUS W::HAIRED)</lisp><word>DARK</word><word>PUNC-MINUS</word><word>HAIRED</word></words><tags><lisp>((WORD &quot;dark&quot; :FRAME (17 20) :SENSE-INFO
<   ((:PENN-PARTS-OF-SPEECH (JJ) :TRIPS-PARTS-OF-SPEECH (W::ADJ))) :UTTNUM 28
<   :CHANNEL DESKTOP :DIRECTION INPUT)
<  (WORD &quot;-&quot; :FRAME (21 21) :SENSE-INFO
<   ((:PENN-PARTS-OF-SPEECH (COLON) :TRIPS-PARTS-OF-SPEECH (W::PUNC))) :UTTNUM 28
<   :CHANNEL DESKTOP :DIRECTION INPUT)
<  (WORD &quot;haired&quot; :FRAME (22 28) :SENSE-INFO
<   ((:PENN-PARTS-OF-SPEECH (VBN) :TRIPS-PARTS-OF-SPEECH (W::V))) :UTTNUM 28
<   :CHANNEL DESKTOP :DIRECTION INPUT)
<  (WORD &quot;dark-haired&quot; :FRAME (17 28) :SENSE-INFO
<   ((:PENN-PARTS-OF-SPEECH (JJ) :TRIPS-PARTS-OF-SPEECH (W::ADJ) :WN-SENSE-KEYS
<     (&quot;dark-haired%5:00:00&quot;)))
<   :UTTNUM 28 :CHANNEL DESKTOP :DIRECTION INPUT))</lisp><word lex="dark" start="17" end="20"><sense-info penn-parts-of-speech="JJ" trips-parts-of-speech="ADJ" /></word><word lex="-" start="21" end="21"><sense-info penn-parts-of-speech="COLON" trips-parts-of-speech="PUNC" /></word><word lex="haired" start="22" end="28"><sense-info penn-parts-of-speech="VBN" trips-parts-of-speech="V" /></word><word lex="dark-haired" start="17" end="28"><sense-info penn-parts-of-speech="JJ" trips-parts-of-speech="ADJ" wn-sense-keys="dark-haired%5:00:00" /></word></tags><tree><lisp>(ADJP (ADJ1 (ADJ DARK PUNC-MINUS SKINNED)))</lisp><ADJP><ADJ1><ADJ>DARK PUNC-MINUS SKINNED</ADJ></ADJ1></ADJP></tree><terms root="#V262558"><lisp>((ONT::F ONT::V262558 (:* ONT::MODIFIER W::DARK-PUNC-MINUS-HAIRED) :START 17
<   :END 29 :WNSENSE &quot;dark-haired%5:00:00&quot;))</lisp><rdf:RDF
<   xmlns:rdf="http://www.w3.org/1999/02/22-rdf-syntax-ns#"
<   xmlns:role="http://www.cs.rochester.edu/research/trips/role#"
<   xmlns:LF="http://www.cs.rochester.edu/research/trips/LF#">
<   <rdf:Description rdf:ID="V262558">
<     <LF:indicator>F</LF:indicator>
<     <LF:type>MODIFIER</LF:type>
<     <LF:word>DARK-PUNC-MINUS-HAIRED</LF:word>
<     <LF:start>17</LF:start>
<     <LF:end>29</LF:end>
<     <role:WNSENSE>dark-haired%5:00:00</role:WNSENSE>
<   </rdf:Description>
< </rdf:RDF>
< </terms></utt><utt><words><lisp>(W::GIRL W::WEARING W::A W::RED W::COAT)</lisp><word>GIRL</word><word>WEARING</word><word>A</word><word>RED</word><word>COAT</word></words><tags><lisp>((WORD &quot;girl&quot; :FRAME (29 33) :SENSE-INFO
<   ((:PENN-PARTS-OF-SPEECH (NN) :TRIPS-PARTS-OF-SPEECH (W::N))) :UTTNUM 28
<   :CHANNEL DESKTOP :DIRECTION INPUT)
<  (PREFER &quot;a dark-skinned , dark-haired girl&quot; :FRAME (0 33) :PENN-CATS (NP)
<   :TRIPS-CATS (W::NP) :SCORE 41.32 :UTTNUM 28 :CHANNEL DESKTOP :DIRECTION
<   INPUT)
<  (WORD &quot;wearing&quot; :FRAME (34 41) :SENSE-INFO
<   ((:PENN-PARTS-OF-SPEECH (VBG) :TRIPS-PARTS-OF-SPEECH (W::V))) :UTTNUM 28
<   :CHANNEL DESKTOP :DIRECTION INPUT)
<  (WORD &quot;a&quot; :FRAME (42 43) :SENSE-INFO
<   ((:PENN-PARTS-OF-SPEECH (DT) :TRIPS-PARTS-OF-SPEECH (W::ART W::QUAN W::PRO)))
<   :UTTNUM 28 :CHANNEL DESKTOP :DIRECTION INPUT)
<  (WORD &quot;red&quot; :FRAME (44 47) :SENSE-INFO
<   ((:PENN-PARTS-OF-SPEECH (NN JJ) :TRIPS-PARTS-OF-SPEECH (W::N W::ADJ)))
<   :UTTNUM 28 :CHANNEL DESKTOP :DIRECTION INPUT)
<  (WORD &quot;coat&quot; :FRAME (48 52) :SENSE-INFO
<   ((:PENN-PARTS-OF-SPEECH (NN) :TRIPS-PARTS-OF-SPEECH (W::N))) :UTTNUM 28
<   :CHANNEL DESKTOP :DIRECTION INPUT)
<  (PREFER &quot;a red coat&quot; :FRAME (42 52) :PENN-CATS (NP) :TRIPS-CATS (W::NP) :SCORE
<   22.169 :UTTNUM 28 :CHANNEL DESKTOP :DIRECTION INPUT)
<  (PREFER &quot;wearing a red coat&quot; :FRAME (34 52) :PENN-CATS (VP) :TRIPS-CATS
<   (W::VP) :SCORE 30.855 :UTTNUM 28 :CHANNEL DESKTOP :DIRECTION INPUT)
<  (PREFER &quot;a dark-skinned , dark-haired girl wearing a red coat&quot; :FRAME (0 52)
<   :PENN-CATS (NP) :TRIPS-CATS (W::NP) :SCORE 74.737 :UTTNUM 28 :CHANNEL DESKTOP
<   :DIRECTION INPUT))</lisp><word lex="girl" start="29" end="33"><sense-info penn-parts-of-speech="NN" trips-parts-of-speech="N" /></word><prefer text="a dark-skinned , dark-haired girl" start="0" end="33" penn-cats="NP" score="41.32" /><word lex="wearing" start="34" end="41"><sense-info penn-parts-of-speech="VBG" trips-parts-of-speech="V" /></word><word lex="a" start="42" end="43"><sense-info penn-parts-of-speech="DT" trips-parts-of-speech="ART,QUAN,PRO" /></word><word lex="red" start="44" end="47"><sense-info penn-parts-of-speech="NN,JJ" trips-parts-of-speech="N,ADJ" /></word><word lex="coat" start="48" end="52"><sense-info penn-parts-of-speech="NN" trips-parts-of-speech="N" /></word><prefer text="a red coat" start="42" end="52" penn-cats="NP" score="22.169" /><prefer text="wearing a red coat" start="34" end="52" penn-cats="VP" score="30.855" /><prefer text="a dark-skinned , dark-haired girl wearing a red coat" start="0" end="52" penn-cats="NP" score="74.737" /></tags><tree><lisp>(PUNC PUNC-COMMA)</lisp><PUNC>PUNC-COMMA</PUNC></tree><terms root="#V262561"><lisp>((ONT::BARE ONT::V262561 (:* ONT::FEMALE-CHILD W::GIRL) :MOD ONT::V262567
<   :START 29 :END 53)
<  (ONT::F ONT::V262567 (:* ONT::WEAR W::WEAR) :AGENT ONT::V262561 :NEUTRAL
<   ONT::V262627 :VFORM W::ING :START 34 :END 53)
<  (ONT::A ONT::V262627 (:* ONT::ATTIRE W::COAT) :MOD ONT::V262614 :START 42 :END
<   53)
<  (ONT::F ONT::V262614 (:* ONT::RED W::RED) :FIGURE ONT::V262627 :SCALE
<   ONT::COLOR-SCALE :START 44 :END 48))</lisp><rdf:RDF
<   xmlns:rdf="http://www.w3.org/1999/02/22-rdf-syntax-ns#"
<   xmlns:role="http://www.cs.rochester.edu/research/trips/role#"
<   xmlns:LF="http://www.cs.rochester.edu/research/trips/LF#">
<   <rdf:Description rdf:ID="V262561">
<     <LF:indicator>BARE</LF:indicator>
<     <LF:type>FEMALE-CHILD</LF:type>
<     <LF:word>GIRL</LF:word>
<     <role:MOD rdf:resource="#V262567" />
<     <LF:start>29</LF:start>
<     <LF:end>53</LF:end>
<   </rdf:Description>
<   <rdf:Description rdf:ID="V262567">
<     <LF:indicator>F</LF:indicator>
<     <LF:type>WEAR</LF:type>
<     <LF:word>WEAR</LF:word>
<     <role:AGENT rdf:resource="#V262561" />
<     <role:NEUTRAL rdf:resource="#V262627" />
<     <role:VFORM>ING</role:VFORM>
<     <LF:start>34</LF:start>
<     <LF:end>53</LF:end>
<   </rdf:Description>
<   <rdf:Description rdf:ID="V262627">
<     <LF:indicator>A</LF:indicator>
<     <LF:type>ATTIRE</LF:type>
<     <LF:word>COAT</LF:word>
<     <role:MOD rdf:resource="#V262614" />
<     <LF:start>42</LF:start>
<     <LF:end>53</LF:end>
<   </rdf:Description>
<   <rdf:Description rdf:ID="V262614">
<     <LF:indicator>F</LF:indicator>
<     <LF:type>RED</LF:type>
<     <LF:word>RED</LF:word>
<     <role:FIGURE rdf:resource="#V262627" />
<     <role:SCALE>COLOR-SCALE</role:SCALE>
<     <LF:start>44</LF:start>
<     <LF:end>48</LF:end>
<   </rdf:Description>
< </rdf:RDF>
< </terms></utt><utt><words><lisp>(W::IS W::SITTING W::AT W::A W::DESK W::IN W::FRONT W::OF W::A W::BUILDING
<  W::PUNC-PERIOD)</lisp><word>IS</word><word>SITTING</word><word>AT</word><word>A</word><word>DESK</word><word>IN</word><word>FRONT</word><word>OF</word><word>A</word><word>BUILDING</word><word>PUNC-PERIOD</word></words><tags><lisp>((WORD &quot;is&quot; :FRAME (53 55) :SENSE-INFO
<   ((:PENN-PARTS-OF-SPEECH (VBZ) :TRIPS-PARTS-OF-SPEECH (W::V))) :UTTNUM 28
<   :CHANNEL DESKTOP :DIRECTION INPUT)
<  (WORD &quot;sitting&quot; :FRAME (56 63) :SENSE-INFO
<   ((:PENN-PARTS-OF-SPEECH (VBG) :TRIPS-PARTS-OF-SPEECH (W::V))) :UTTNUM 28
<   :CHANNEL DESKTOP :DIRECTION INPUT)
<  (WORD &quot;at&quot; :FRAME (64 66) :SENSE-INFO
<   ((:PENN-PARTS-OF-SPEECH (IN) :TRIPS-PARTS-OF-SPEECH (W::PREP W::ADV)))
<   :UTTNUM 28 :CHANNEL DESKTOP :DIRECTION INPUT)
<  (WORD &quot;a&quot; :FRAME (67 68) :SENSE-INFO
<   ((:PENN-PARTS-OF-SPEECH (DT) :TRIPS-PARTS-OF-SPEECH (W::ART W::QUAN W::PRO)))
<   :UTTNUM 28 :CHANNEL DESKTOP :DIRECTION INPUT)
<  (WORD &quot;desk&quot; :FRAME (69 73) :SENSE-INFO
<   ((:PENN-PARTS-OF-SPEECH (NN) :TRIPS-PARTS-OF-SPEECH (W::N))) :UTTNUM 28
<   :CHANNEL DESKTOP :DIRECTION INPUT)
<  (PREFER &quot;a desk&quot; :FRAME (67 73) :PENN-CATS (NP) :TRIPS-CATS (W::NP) :SCORE
<   12.143 :UTTNUM 28 :CHANNEL DESKTOP :DIRECTION INPUT)
<  (WORD &quot;in&quot; :FRAME (74 76) :SENSE-INFO
<   ((:PENN-PARTS-OF-SPEECH (IN) :TRIPS-PARTS-OF-SPEECH (W::PREP W::ADV)))
<   :UTTNUM 28 :CHANNEL DESKTOP :DIRECTION INPUT)
<  (WORD &quot;front&quot; :FRAME (77 82) :SENSE-INFO
<   ((:PENN-PARTS-OF-SPEECH (NN) :TRIPS-PARTS-OF-SPEECH (W::N))) :UTTNUM 28
<   :CHANNEL DESKTOP :DIRECTION INPUT)
<  (PREFER &quot;front&quot; :FRAME (77 82) :PENN-CATS (NP) :TRIPS-CATS (W::NP) :SCORE
<   10.944 :UTTNUM 28 :CHANNEL DESKTOP :DIRECTION INPUT)
<  (WORD &quot;in front&quot; :FRAME (74 82) :SENSE-INFO
<   ((:PENN-PARTS-OF-SPEECH (RB) :TRIPS-PARTS-OF-SPEECH (W::ADV) :WN-SENSE-KEYS
<     (&quot;in_front%4:02:00&quot;)))
<   :UTTNUM 28 :CHANNEL DESKTOP :DIRECTION INPUT)
<  (WORD &quot;of&quot; :FRAME (83 85) :SENSE-INFO
<   ((:PENN-PARTS-OF-SPEECH (IN) :TRIPS-PARTS-OF-SPEECH (W::PREP W::ADV)))
<   :UTTNUM 28 :CHANNEL DESKTOP :DIRECTION INPUT)
<  (WORD &quot;a&quot; :FRAME (86 87) :SENSE-INFO
<   ((:PENN-PARTS-OF-SPEECH (DT) :TRIPS-PARTS-OF-SPEECH (W::ART W::QUAN W::PRO)))
<   :UTTNUM 28 :CHANNEL DESKTOP :DIRECTION INPUT)
<  (WORD &quot;building&quot; :FRAME (88 96) :SENSE-INFO
<   ((:PENN-PARTS-OF-SPEECH (NN) :TRIPS-PARTS-OF-SPEECH (W::N))) :UTTNUM 28
<   :CHANNEL DESKTOP :DIRECTION INPUT)
<  (PREFER &quot;a building&quot; :FRAME (86 96) :PENN-CATS (NP) :TRIPS-CATS (W::NP) :SCORE
<   10.463 :UTTNUM 28 :CHANNEL DESKTOP :DIRECTION INPUT)
<  (PREFER &quot;of a building&quot; :FRAME (83 96) :PENN-CATS (PP) :TRIPS-CATS (W::PP)
<   :SCORE 11.53 :UTTNUM 28 :CHANNEL DESKTOP :DIRECTION INPUT)
<  (PREFER &quot;front of a building&quot; :FRAME (77 96) :PENN-CATS (NP) :TRIPS-CATS
<   (W::NP) :SCORE 23.015 :UTTNUM 28 :CHANNEL DESKTOP :DIRECTION INPUT)
<  (PREFER &quot;in front of a building&quot; :FRAME (74 96) :PENN-CATS (PP) :TRIPS-CATS
<   (W::PP) :SCORE 26.612 :UTTNUM 28 :CHANNEL DESKTOP :DIRECTION INPUT)
<  (PREFER &quot;a desk in front of a building&quot; :FRAME (67 96) :PENN-CATS (NP)
<   :TRIPS-CATS (W::NP) :SCORE 39.295 :UTTNUM 28 :CHANNEL DESKTOP :DIRECTION
<   INPUT)
<  (PREFER &quot;at a desk in front of a building&quot; :FRAME (64 96) :PENN-CATS (PP)
<   :TRIPS-CATS (W::PP) :SCORE 43.606 :UTTNUM 28 :CHANNEL DESKTOP :DIRECTION
<   INPUT)
<  (PREFER &quot;sitting at a desk in front of a building&quot; :FRAME (56 96) :PENN-CATS
<   (VP) :TRIPS-CATS (W::VP) :SCORE 52.303 :UTTNUM 28 :CHANNEL DESKTOP :DIRECTION
<   INPUT)
<  (PREFER &quot;is sitting at a desk in front of a building&quot; :FRAME (53 96)
<   :PENN-CATS (VP) :TRIPS-CATS (W::VP) :SCORE 56.563 :UTTNUM 28 :CHANNEL DESKTOP
<   :DIRECTION INPUT)
<  (WORD &quot;.&quot; :FRAME (97 97) :SENSE-INFO
<   ((:PENN-PARTS-OF-SPEECH (FULL_STOP) :TRIPS-PARTS-OF-SPEECH (W::PUNC)))
<   :UTTNUM 28 :CHANNEL DESKTOP :DIRECTION INPUT)
<  (PREFER
<   &quot;a dark-skinned , dark-haired girl wearing a red coat is sitting at a desk in front of a building .&quot;
<   :FRAME (0 97) :PENN-CATS (S) :SCORE 135.213 :UTTNUM 28 :CHANNEL DESKTOP
<   :DIRECTION INPUT))</lisp><word lex="is" start="53" end="55"><sense-info penn-parts-of-speech="VBZ" trips-parts-of-speech="V" /></word><word lex="sitting" start="56" end="63"><sense-info penn-parts-of-speech="VBG" trips-parts-of-speech="V" /></word><word lex="at" start="64" end="66"><sense-info penn-parts-of-speech="IN" trips-parts-of-speech="PREP,ADV" /></word><word lex="a" start="67" end="68"><sense-info penn-parts-of-speech="DT" trips-parts-of-speech="ART,QUAN,PRO" /></word><word lex="desk" start="69" end="73"><sense-info penn-parts-of-speech="NN" trips-parts-of-speech="N" /></word><prefer text="a desk" start="67" end="73" penn-cats="NP" score="12.143" /><word lex="in" start="74" end="76"><sense-info penn-parts-of-speech="IN" trips-parts-of-speech="PREP,ADV" /></word><word lex="front" start="77" end="82"><sense-info penn-parts-of-speech="NN" trips-parts-of-speech="N" /></word><prefer text="front" start="77" end="82" penn-cats="NP" score="10.944" /><word lex="in front" start="74" end="82"><sense-info penn-parts-of-speech="RB" trips-parts-of-speech="ADV" wn-sense-keys="in_front%4:02:00" /></word><word lex="of" start="83" end="85"><sense-info penn-parts-of-speech="IN" trips-parts-of-speech="PREP,ADV" /></word><word lex="a" start="86" end="87"><sense-info penn-parts-of-speech="DT" trips-parts-of-speech="ART,QUAN,PRO" /></word><word lex="building" start="88" end="96"><sense-info penn-parts-of-speech="NN" trips-parts-of-speech="N" /></word><prefer text="a building" start="86" end="96" penn-cats="NP" score="10.463" /><prefer text="of a building" start="83" end="96" penn-cats="PP" score="11.53" /><prefer text="front of a building" start="77" end="96" penn-cats="NP" score="23.015" /><prefer text="in front of a building" start="74" end="96" penn-cats="PP" score="26.612" /><prefer text="a desk in front of a building" start="67" end="96" penn-cats="NP" score="39.295" /><prefer text="at a desk in front of a building" start="64" end="96" penn-cats="PP" score="43.606" /><prefer text="sitting at a desk in front of a building" start="56" end="96" penn-cats="VP" score="52.303" /><prefer text="is sitting at a desk in front of a building" start="53" end="96" penn-cats="VP" score="56.563" /><word lex="." start="97" end="97"><sense-info penn-parts-of-speech="FULL_STOP" trips-parts-of-speech="PUNC" /></word><prefer text="a dark-skinned , dark-haired girl wearing a red coat is sitting at a desk in front of a building ." start="0" end="97" penn-cats="S" score="135.213" /></tags><tree><lisp>(ADJP (ADJ1 (ADJ DARK PUNC-MINUS HAIRED)))</lisp><ADJP><ADJ1><ADJ>DARK PUNC-MINUS HAIRED</ADJ></ADJ1></ADJP></tree><terms root="#V270193"><lisp>((ONT::SPEECHACT ONT::V270193 ONT::SA_YN-QUESTION :PUNCTYPE W::DECL :CONTENT
<   ONT::V262635 :START 53 :END 97)
<  (ONT::F ONT::V262635 (:* ONT::HAVE-PROPERTY W::BE) :NEUTRAL ONT::V262650
<   :FORMAL ONT::V262732 :LOCATION ONT::V262672 :START 53 :END 97)
<  (ONT::BARE ONT::V262650 (:* ONT::BODY-MOVEMENT W::SIT-UP) :START 56 :END 64)
<  (ONT::F ONT::V262672 (:* ONT::AT-LOC W::AT) :GROUND ONT::V262725 :FIGURE
<   ONT::V262635 :START 64 :END 74)
<  (ONT::A ONT::V262725 (:* ONT::FURNISHINGS W::DESK) :START 67 :END 74)
<  (ONT::F ONT::V262732 (:* ONT::IN-LOC W::IN) :GROUND ONT::V262781 :FIGURE
<   ONT::V262650 :START 74 :END 97)
<  (ONT::BARE ONT::V262781 (:* ONT::OBJECT-DEPENDENT-LOCATION W::FRONT) :FIGURE
<   ONT::V262885 :START 77 :END 97)
<  (ONT::A ONT::V262885 (:* ONT::GENERAL-STRUCTURE W::BUILDING) :START 83 :END
<   97))</lisp><rdf:RDF
<   xmlns:rdf="http://www.w3.org/1999/02/22-rdf-syntax-ns#"
<   xmlns:role="http://www.cs.rochester.edu/research/trips/role#"
<   xmlns:LF="http://www.cs.rochester.edu/research/trips/LF#">
<   <rdf:Description rdf:ID="V270193">
<     <LF:indicator>SPEECHACT</LF:indicator>
<     <LF:type>SA_YN-QUESTION</LF:type>
<     <role:PUNCTYPE>DECL</role:PUNCTYPE>
<     <role:CONTENT rdf:resource="#V262635" />
<     <LF:start>53</LF:start>
<     <LF:end>97</LF:end>
<   </rdf:Description>
<   <rdf:Description rdf:ID="V262635">
<     <LF:indicator>F</LF:indicator>
<     <LF:type>HAVE-PROPERTY</LF:type>
<     <LF:word>BE</LF:word>
<     <role:NEUTRAL rdf:resource="#V262650" />
<     <role:FORMAL rdf:resource="#V262732" />
<     <role:LOCATION rdf:resource="#V262672" />
<     <LF:start>53</LF:start>
<     <LF:end>97</LF:end>
<   </rdf:Description>
<   <rdf:Description rdf:ID="V262650">
<     <LF:indicator>BARE</LF:indicator>
<     <LF:type>BODY-MOVEMENT</LF:type>
<     <LF:word>SIT-UP</LF:word>
<     <LF:start>56</LF:start>
<     <LF:end>64</LF:end>
<   </rdf:Description>
<   <rdf:Description rdf:ID="V262672">
<     <LF:indicator>F</LF:indicator>
<     <LF:type>AT-LOC</LF:type>
<     <LF:word>AT</LF:word>
<     <role:GROUND rdf:resource="#V262725" />
<     <role:FIGURE rdf:resource="#V262635" />
<     <LF:start>64</LF:start>
<     <LF:end>74</LF:end>
<   </rdf:Description>
<   <rdf:Description rdf:ID="V262725">
<     <LF:indicator>A</LF:indicator>
<     <LF:type>FURNISHINGS</LF:type>
<     <LF:word>DESK</LF:word>
<     <LF:start>67</LF:start>
<     <LF:end>74</LF:end>
<   </rdf:Description>
<   <rdf:Description rdf:ID="V262732">
<     <LF:indicator>F</LF:indicator>
<     <LF:type>IN-LOC</LF:type>
<     <LF:word>IN</LF:word>
<     <role:GROUND rdf:resource="#V262781" />
<     <role:FIGURE rdf:resource="#V262650" />
<     <LF:start>74</LF:start>
<     <LF:end>97</LF:end>
<   </rdf:Description>
<   <rdf:Description rdf:ID="V262781">
<     <LF:indicator>BARE</LF:indicator>
<     <LF:type>OBJECT-DEPENDENT-LOCATION</LF:type>
<     <LF:word>FRONT</LF:word>
<     <role:FIGURE rdf:resource="#V262885" />
<     <LF:start>77</LF:start>
<     <LF:end>97</LF:end>
<   </rdf:Description>
<   <rdf:Description rdf:ID="V262885">
<     <LF:indicator>A</LF:indicator>
<     <LF:type>GENERAL-STRUCTURE</LF:type>
<     <LF:word>BUILDING</LF:word>
<     <LF:start>83</LF:start>
<     <LF:end>97</LF:end>
<   </rdf:Description>
< </rdf:RDF>
< </terms></utt></compound-communication-act>
< </trips-parser-output>
\ No newline at end of file
---
> <SpRL>
>  <SCENE>
>   <SENTENCE id="s1" indicator="F" type="MODIFIER" text="DARK-PUNC-MINUS-SKINNED" start="2" end="15" WNSENSE="dark-skinned%5:00:00">
>    <TEXT>dark-skinned ,</TEXT>
>   </SENTENCE>
>   <SENTENCE id="s2" indicator="F" type="MODIFIER" text="DARK-PUNC-MINUS-HAIRED" start="17" end="29" WNSENSE="dark-haired%5:00:00">
>    <TEXT>dark-haired g</TEXT>
>   </SENTENCE>
>   <SENTENCE id="s3" indicator="BARE" type="FEMALE-CHILD" text="GIRL" start="29" end="53">
>    <TEXT>girl wearing a red coat i</TEXT>
>    <RELATION id="1" head="V262561" res="V262567" label="MOD"/>
>    <PHRASE id="V262567" indicator="F" type="WEAR" text="WEAR" VFORM="ING" start="34" end="53"/>
>    <RELATION id="2" head="V262567" res="V262561" label="AGENT"/>
>    <RELATION id="3" head="V262567" res="V262627" label="NEUTRAL"/>
>    <PHRASE id="V262627" indicator="A" type="ATTIRE" text="COAT" start="42" end="53"/>
>    <RELATION id="4" head="V262627" res="V262614" label="MOD"/>
>    <PHRASE id="V262614" indicator="F" type="RED" text="RED" SCALE="COLOR-SCALE" start="44" end="48"/>
>    <RELATION id="5" head="V262614" res="V262627" label="FIGURE"/>
>   </SENTENCE>
>   <SENTENCE id="s4" indicator="SPEECHACT" type="SA_YN-QUESTION" PUNCTYPE="DECL" start="53" end="97">
>    <TEXT>is sitting at a desk in front of a building .</TEXT>
>    <RELATION id="6" head="V270193" res="V262635" label="CONTENT"/>
>    <PHRASE id="V262635" indicator="F" type="HAVE-PROPERTY" text="BE" start="53" end="97"/>
>    <RELATION id="7" head="V262635" res="V262650" label="NEUTRAL"/>
>    <RELATION id="8" head="V262635" res="V262732" label="FORMAL"/>
>    <RELATION id="9" head="V262635" res="V262672" label="LOCATION"/>
>    <PHRASE id="V262650" indicator="BARE" type="BODY-MOVEMENT" text="SIT-UP" start="56" end="64"/>
>    <PHRASE id="V262672" indicator="F" type="AT-LOC" text="AT" start="64" end="74"/>
>    <RELATION id="10" head="V262672" res="V262725" label="GROUND"/>
>    <RELATION id="11" head="V262672" res="V262635" label="FIGURE"/>
>    <PHRASE id="V262725" indicator="A" type="FURNISHINGS" text="DESK" start="67" end="74"/>
>    <PHRASE id="V262732" indicator="F" type="IN-LOC" text="IN" start="74" end="97"/>
>    <RELATION id="12" head="V262732" res="V262781" label="GROUND"/>
>    <RELATION id="13" head="V262732" res="V262650" label="FIGURE"/>
>    <PHRASE id="V262781" indicator="BARE" type="OBJECT-DEPENDENT-LOCATION" text="FRONT" start="77" end="97"/>
>    <RELATION id="14" head="V262781" res="V262885" label="FIGURE"/>
>    <PHRASE id="V262885" indicator="A" type="GENERAL-STRUCTURE" text="BUILDING" start="83" end="97"/>
>   </SENTENCE>
>  </SCENE>
> </SpRL>
