2,434c2,55
< <?xml-stylesheet type="text/xsl" href="../style/parser-interface.xsl"?>
< <!DOCTYPE trips-parser-output SYSTEM "../trips-parser-output.dtd">
< <trips-parser-output parser-build-date="2017-09-20T12:11:02-0500" system="STEP" extsformat="svg" tagsformat="hidden" treecontents="phrase" treeformat="LinGO" lfformat="svg" semantic-skeleton-scoring="T" rule-sets="" input="a dark-skinned girl with black , ear-long hair in a green pullover and sleeveless brownish jumper is standing in a classroom .
< ">
< <debug>
< 
<  FOUNDS SEQUENCE from constit (% W::NP (W::BARE-SEQUENCE -) (W::CONSTRAINT -)
<                                  (W::MASS W::BARE) (W::GENERATED +)
<                                  (W::POSTADVBL +)
<                                  (W::SEM ?8607:(?74497:(F::PHYS-OBJ
<                                                         F::ABSTR-OBJ) NIL))
<                                  (W::LF (% W::DESCRIPTION (W::STATUS ONT::DEFINITE)
<                                            (W::VAR V315627)
<                                            (W::SORT W::INDIVIDUAL)
<                                            (W::LEX (W::A))
<                                            (W::CLASS ONT::SEQUENCE)
<                                            (W::CONSTRAINT (% &amp; (W::NAME-OF (W::A))
<                                                              (W::VAL (W::A))))
<                                            (W::LEX W::A) (W::SEM ?74495)
<                                            (W::TRANSFORM ?74496)))
<                                  (W::CASE ?74494:(W::SUB W::OBJ -))
<                                  (W::AGR ?74493) (W::CLASS ONT::ANY-SEM)
<                                  (W::VAR V315627) (W::SORT W::PRED) (W::NAME -)
<                                  (W::PRO -) (W::CHANGEAGR -) (W::LEX W::A)
<                                  (W::HEADCAT W::VALUE) (W::TRANSFORM -)
<                                  (W::REFL -) (1 RNUMBER315748))
< 
<  FOUNDS SEQUENCE from constit (% W::NP (W::BARE-SEQUENCE -) (W::CONSTRAINT -)
<                                  (W::MASS W::BARE) (W::GENERATED +)
<                                  (W::POSTADVBL +)
<                                  (W::SEM ?8607:(?74801:(F::PHYS-OBJ
<                                                         F::ABSTR-OBJ) NIL))
<                                  (W::LF (% W::DESCRIPTION (W::STATUS ONT::DEFINITE)
<                                            (W::VAR V315630)
<                                            (W::SORT W::INDIVIDUAL)
<                                            (W::LEX (W::A))
<                                            (W::CLASS ONT::SEQUENCE)
<                                            (W::CONSTRAINT (% &amp; (W::NAME-OF (W::A))
<                                                              (W::VAL (W::A))))
<                                            (W::LEX W::A) (W::SEM ?74799)
<                                            (W::TRANSFORM ?74800)))
<                                  (W::CASE ?74798:(W::SUB W::OBJ -))
<                                  (W::AGR ?74797) (W::CLASS ONT::ANY-SEM)
<                                  (W::VAR V315630) (W::SORT W::PRED) (W::NAME -)
<                                  (W::PRO -) (W::CHANGEAGR -) (W::LEX W::A)
<                                  (W::HEADCAT W::VALUE) (W::TRANSFORM -)
<                                  (W::REFL -) (1 RNUMBER315750))
< 
<  FOUNDS SEQUENCE from constit (% W::NP (W::BARE-SEQUENCE -) (W::CONSTRAINT -)
<                                  (W::MASS W::BARE) (W::GENERATED +)
<                                  (W::POSTADVBL +)
<                                  (W::SEM ?8607:(?75109:(F::PHYS-OBJ
<                                                         F::ABSTR-OBJ) NIL))
<                                  (W::LF (% W::DESCRIPTION (W::STATUS ONT::DEFINITE)
<                                            (W::VAR V315633)
<                                            (W::SORT W::INDIVIDUAL)
<                                            (W::LEX (W::A))
<                                            (W::CLASS ONT::SEQUENCE)
<                                            (W::CONSTRAINT (% &amp; (W::NAME-OF (W::A))
<                                                              (W::VAL (W::A))))
<                                            (W::LEX W::A) (W::SEM ?75107)
<                                            (W::TRANSFORM ?75108)))
<                                  (W::CASE ?75106:(W::SUB W::OBJ -))
<                                  (W::AGR ?75105) (W::CLASS ONT::ANY-SEM)
<                                  (W::VAR V315633) (W::SORT W::PRED) (W::NAME -)
<                                  (W::PRO -) (W::CHANGEAGR -) (W::LEX W::A)
<                                  (W::HEADCAT W::VALUE) (W::TRANSFORM -)
<                                  (W::REFL -) (1 RNUMBER315752))Reference resolution to sequences not reimplemented yet
< *last-utt-id*=NIL  utt-id+44
< *last-utt-id*=44  utt-id+44
< *last-utt-id*=44  utt-id+NIL</debug><compound-communication-act>
< <utt><words><lisp>(W::A W::DARK W::PUNC-MINUS W::SKINNED W::GIRL W::WITH W::BLACK W::EAR
<  W::PUNC-MINUS W::LONG W::HAIR)</lisp><word>A</word><word>DARK</word><word>PUNC-MINUS</word><word>SKINNED</word><word>GIRL</word><word>WITH</word><word>BLACK</word><word>EAR</word><word>PUNC-MINUS</word><word>LONG</word><word>HAIR</word></words><tags><lisp>((WORD &quot;a&quot; :FRAME (0 1) :SENSE-INFO
<   ((:PENN-PARTS-OF-SPEECH (DT) :TRIPS-PARTS-OF-SPEECH (W::ART W::QUAN W::PRO)))
<   :UTTNUM 44 :CHANNEL DESKTOP :DIRECTION INPUT)
<  (WORD &quot;dark&quot; :FRAME (2 5) :SENSE-INFO
<   ((:PENN-PARTS-OF-SPEECH (NN) :TRIPS-PARTS-OF-SPEECH (W::N))) :UTTNUM 44
<   :CHANNEL DESKTOP :DIRECTION INPUT)
<  (WORD &quot;-&quot; :FRAME (6 6) :SENSE-INFO
<   ((:PENN-PARTS-OF-SPEECH (COLON) :TRIPS-PARTS-OF-SPEECH (W::PUNC))) :UTTNUM 44
<   :CHANNEL DESKTOP :DIRECTION INPUT)
<  (WORD &quot;skinned&quot; :FRAME (7 14) :SENSE-INFO
<   ((:PENN-PARTS-OF-SPEECH (VBN) :TRIPS-PARTS-OF-SPEECH (W::V))) :UTTNUM 44
<   :CHANNEL DESKTOP :DIRECTION INPUT)
<  (WORD &quot;dark-skinned&quot; :FRAME (2 14) :SENSE-INFO
<   ((:PENN-PARTS-OF-SPEECH (JJ) :TRIPS-PARTS-OF-SPEECH (W::ADJ) :WN-SENSE-KEYS
<     (&quot;dark-skinned%5:00:00&quot;)))
<   :UTTNUM 44 :CHANNEL DESKTOP :DIRECTION INPUT)
<  (WORD &quot;girl&quot; :FRAME (15 19) :SENSE-INFO
<   ((:PENN-PARTS-OF-SPEECH (NN) :TRIPS-PARTS-OF-SPEECH (W::N))) :UTTNUM 44
<   :CHANNEL DESKTOP :DIRECTION INPUT)
<  (PREFER &quot;a dark-skinned girl&quot; :FRAME (0 19) :PENN-CATS (NP) :TRIPS-CATS
<   (W::NP) :SCORE 25.241 :UTTNUM 44 :CHANNEL DESKTOP :DIRECTION INPUT)
<  (WORD &quot;with&quot; :FRAME (20 24) :SENSE-INFO
<   ((:PENN-PARTS-OF-SPEECH (IN) :TRIPS-PARTS-OF-SPEECH (W::PREP W::ADV)))
<   :UTTNUM 44 :CHANNEL DESKTOP :DIRECTION INPUT)
<  (WORD &quot;black&quot; :FRAME (25 30) :SENSE-INFO
<   ((:PENN-PARTS-OF-SPEECH (JJ) :TRIPS-PARTS-OF-SPEECH (W::ADJ))) :UTTNUM 44
<   :CHANNEL DESKTOP :DIRECTION INPUT)
<  (WORD &quot;,&quot; :FRAME (31 32) :SENSE-INFO
<   ((:PENN-PARTS-OF-SPEECH (COMMA) :TRIPS-PARTS-OF-SPEECH (W::PUNC))) :UTTNUM 44
<   :CHANNEL DESKTOP :DIRECTION INPUT)
<  (WORD &quot;ear&quot; :FRAME (33 35) :SENSE-INFO
<   ((:PENN-PARTS-OF-SPEECH (NN) :TRIPS-PARTS-OF-SPEECH (W::N))) :UTTNUM 44
<   :CHANNEL DESKTOP :DIRECTION INPUT)
<  (WORD &quot;-&quot; :FRAME (36 36) :SENSE-INFO
<   ((:PENN-PARTS-OF-SPEECH (COLON) :TRIPS-PARTS-OF-SPEECH (W::PUNC))) :UTTNUM 44
<   :CHANNEL DESKTOP :DIRECTION INPUT)
<  (WORD &quot;long&quot; :FRAME (37 41) :SENSE-INFO
<   ((:PENN-PARTS-OF-SPEECH (JJ) :TRIPS-PARTS-OF-SPEECH (W::ADJ))) :UTTNUM 44
<   :CHANNEL DESKTOP :DIRECTION INPUT)
<  (WORD &quot;ear-long&quot; :FRAME (33 41) :SENSE-INFO
<   ((:PENN-PARTS-OF-SPEECH (JJ) :TRIPS-PARTS-OF-SPEECH (W::ADJ))) :UTTNUM 44
<   :CHANNEL DESKTOP :DIRECTION INPUT)
<  (WORD &quot;hair&quot; :FRAME (42 46) :SENSE-INFO
<   ((:PENN-PARTS-OF-SPEECH (NN) :TRIPS-PARTS-OF-SPEECH (W::N))) :UTTNUM 44
<   :CHANNEL DESKTOP :DIRECTION INPUT)
<  (PREFER &quot;black , ear-long hair&quot; :FRAME (25 46) :PENN-CATS (NP) :TRIPS-CATS
<   (W::NP) :SCORE 35.904 :UTTNUM 44 :CHANNEL DESKTOP :DIRECTION INPUT))</lisp><word lex="a" start="0" end="1"><sense-info penn-parts-of-speech="DT" trips-parts-of-speech="ART,QUAN,PRO" /></word><word lex="dark" start="2" end="5"><sense-info penn-parts-of-speech="NN" trips-parts-of-speech="N" /></word><word lex="-" start="6" end="6"><sense-info penn-parts-of-speech="COLON" trips-parts-of-speech="PUNC" /></word><word lex="skinned" start="7" end="14"><sense-info penn-parts-of-speech="VBN" trips-parts-of-speech="V" /></word><word lex="dark-skinned" start="2" end="14"><sense-info penn-parts-of-speech="JJ" trips-parts-of-speech="ADJ" wn-sense-keys="dark-skinned%5:00:00" /></word><word lex="girl" start="15" end="19"><sense-info penn-parts-of-speech="NN" trips-parts-of-speech="N" /></word><prefer text="a dark-skinned girl" start="0" end="19" penn-cats="NP" score="25.241" /><word lex="with" start="20" end="24"><sense-info penn-parts-of-speech="IN" trips-parts-of-speech="PREP,ADV" /></word><word lex="black" start="25" end="30"><sense-info penn-parts-of-speech="JJ" trips-parts-of-speech="ADJ" /></word><word lex="," start="31" end="32"><sense-info penn-parts-of-speech="COMMA" trips-parts-of-speech="PUNC" /></word><word lex="ear" start="33" end="35"><sense-info penn-parts-of-speech="NN" trips-parts-of-speech="N" /></word><word lex="-" start="36" end="36"><sense-info penn-parts-of-speech="COLON" trips-parts-of-speech="PUNC" /></word><word lex="long" start="37" end="41"><sense-info penn-parts-of-speech="JJ" trips-parts-of-speech="ADJ" /></word><word lex="ear-long" start="33" end="41"><sense-info penn-parts-of-speech="JJ" trips-parts-of-speech="ADJ" /></word><word lex="hair" start="42" end="46"><sense-info penn-parts-of-speech="NN" trips-parts-of-speech="N" /></word><prefer text="black , ear-long hair" start="25" end="46" penn-cats="NP" score="35.904" /></tags><tree><lisp>(NP (SPEC (DET (ART A)))
<  (N1 (N1 (ADJP (N1 (N DARK)) (PUNC PUNC-MINUS) (V SKINNED)) (N1 (N GIRL)))
<   (ADVBL (ADV WITH)
<    (NP
<     (NPSEQ (NP (N1 (ADJP (ADJ1 (ADJ BLACK))) (N1 (N EAR)))) (PUNC PUNC-MINUS)
<      (NP (N1 (ADJP (ADJ1 (ADJ LONG))) (N1 (N HAIR)))))))))</lisp><NP><SPEC><DET><ART>A</ART></DET></SPEC><N1><N1><ADJP><N1><N>DARK</N></N1><PUNC>PUNC-MINUS</PUNC><V>SKINNED</V></ADJP><N1><N>GIRL</N></N1></N1><ADVBL><ADV>WITH</ADV><NP><NPSEQ><NP><N1><ADJP><ADJ1><ADJ>BLACK</ADJ></ADJ1></ADJP><N1><N>EAR</N></N1></N1></NP><PUNC>PUNC-MINUS</PUNC><NP><N1><ADJP><ADJ1><ADJ>LONG</ADJ></ADJ1></ADJP><N1><N>HAIR</N></N1></N1></NP></NPSEQ></NP></ADVBL></N1></NP></tree><terms root="#V313278"><lisp>((ONT::A ONT::V313278 (:* ONT::FEMALE-CHILD W::GIRL) :MOD ONT::V313282 :MOD
<   ONT::V313263 :START 0 :END 47)
<  (ONT::F ONT::V313263 (:* ONT::MOVE W::SKINNED) :AGENT ONT::V313252 :AFFECTED
<   ONT::V313278 :START 2 :END 15)
<  (ONT::KIND ONT::V313252 (:* ONT::LIGHT W::DARK) :START 2 :END 15)
<  (ONT::F ONT::V313282 (:* ONT::ASSOC-WITH W::WITH) :GROUND ONT::V316610 :FIGURE
<   ONT::V313278 :START 20 :END 47)
<  (ONT::THE ONT::V316610 ONT::EXTERNAL-BODY-PART :SEQUENCE
<   (ONT::V313300 ONT::V313319) :START 25 :END 47)
<  (ONT::BARE ONT::V313300 (:* ONT::EXTERNAL-BODY-PART W::EAR) :MOD ONT::V313294
<   :START 25 :END 36)
<  (ONT::F ONT::V313294 (:* ONT::BLACK W::BLACK) :FIGURE ONT::V313300 :SCALE
<   ONT::BLACKNESS*1--07--00 :START 25 :END 31)
<  (ONT::BARE ONT::V313319 (:* ONT::EXTERNAL-BODY-PART W::HAIR) :MOD ONT::V313306
<   :START 37 :END 47)
<  (ONT::F ONT::V313306 (:* ONT::LONG W::LONG) :FIGURE ONT::V313319 :SCALE
<   ONT::SIZE-SCALE :START 37 :END 42))</lisp><rdf:RDF
<   xmlns:rdf="http://www.w3.org/1999/02/22-rdf-syntax-ns#"
<   xmlns:role="http://www.cs.rochester.edu/research/trips/role#"
<   xmlns:LF="http://www.cs.rochester.edu/research/trips/LF#">
<   <rdf:Description rdf:ID="V313278">
<     <LF:indicator>A</LF:indicator>
<     <LF:type>FEMALE-CHILD</LF:type>
<     <LF:word>GIRL</LF:word>
<     <role:MOD rdf:resource="#V313282" />
<     <role:MOD rdf:resource="#V313263" />
<     <LF:start>0</LF:start>
<     <LF:end>47</LF:end>
<   </rdf:Description>
<   <rdf:Description rdf:ID="V313263">
<     <LF:indicator>F</LF:indicator>
<     <LF:type>MOVE</LF:type>
<     <LF:word>SKINNED</LF:word>
<     <role:AGENT rdf:resource="#V313252" />
<     <role:AFFECTED rdf:resource="#V313278" />
<     <LF:start>2</LF:start>
<     <LF:end>15</LF:end>
<   </rdf:Description>
<   <rdf:Description rdf:ID="V313252">
<     <LF:indicator>KIND</LF:indicator>
<     <LF:type>LIGHT</LF:type>
<     <LF:word>DARK</LF:word>
<     <LF:start>2</LF:start>
<     <LF:end>15</LF:end>
<   </rdf:Description>
<   <rdf:Description rdf:ID="V313282">
<     <LF:indicator>F</LF:indicator>
<     <LF:type>ASSOC-WITH</LF:type>
<     <LF:word>WITH</LF:word>
<     <role:GROUND rdf:resource="#V316610" />
<     <role:FIGURE rdf:resource="#V313278" />
<     <LF:start>20</LF:start>
<     <LF:end>47</LF:end>
<   </rdf:Description>
<   <rdf:Description rdf:ID="V316610">
<     <LF:indicator>THE</LF:indicator>
<     <LF:type>EXTERNAL-BODY-PART</LF:type>
<     <role:SEQUENCE rdf:resource="#V313300" />
<     <role:SEQUENCE1 rdf:resource="#V313319" />
<     <LF:start>25</LF:start>
<     <LF:end>47</LF:end>
<   </rdf:Description>
<   <rdf:Description rdf:ID="V313300">
<     <LF:indicator>BARE</LF:indicator>
<     <LF:type>EXTERNAL-BODY-PART</LF:type>
<     <LF:word>EAR</LF:word>
<     <role:MOD rdf:resource="#V313294" />
<     <LF:start>25</LF:start>
<     <LF:end>36</LF:end>
<   </rdf:Description>
<   <rdf:Description rdf:ID="V313294">
<     <LF:indicator>F</LF:indicator>
<     <LF:type>BLACK</LF:type>
<     <LF:word>BLACK</LF:word>
<     <role:FIGURE rdf:resource="#V313300" />
<     <role:SCALE>BLACKNESS*1--07--00</role:SCALE>
<     <LF:start>25</LF:start>
<     <LF:end>31</LF:end>
<   </rdf:Description>
<   <rdf:Description rdf:ID="V313319">
<     <LF:indicator>BARE</LF:indicator>
<     <LF:type>EXTERNAL-BODY-PART</LF:type>
<     <LF:word>HAIR</LF:word>
<     <role:MOD rdf:resource="#V313306" />
<     <LF:start>37</LF:start>
<     <LF:end>47</LF:end>
<   </rdf:Description>
<   <rdf:Description rdf:ID="V313306">
<     <LF:indicator>F</LF:indicator>
<     <LF:type>LONG</LF:type>
<     <LF:word>LONG</LF:word>
<     <role:FIGURE rdf:resource="#V313319" />
<     <role:SCALE>SIZE-SCALE</role:SCALE>
<     <LF:start>37</LF:start>
<     <LF:end>42</LF:end>
<   </rdf:Description>
< </rdf:RDF>
< </terms></utt><utt><words><lisp>(W::IN W::A W::GREEN W::PULLOVER W::AND W::SLEEVELESS W::BROWNISH W::JUMPER
<  W::IS W::STANDING W::IN W::A W::CLASSROOM W::PUNC-PERIOD)</lisp><word>IN</word><word>A</word><word>GREEN</word><word>PULLOVER</word><word>AND</word><word>SLEEVELESS</word><word>BROWNISH</word><word>JUMPER</word><word>IS</word><word>STANDING</word><word>IN</word><word>A</word><word>CLASSROOM</word><word>PUNC-PERIOD</word></words><tags><lisp>((WORD &quot;in&quot; :FRAME (47 49) :SENSE-INFO
<   ((:PENN-PARTS-OF-SPEECH (IN) :TRIPS-PARTS-OF-SPEECH (W::PREP W::ADV)))
<   :UTTNUM 44 :CHANNEL DESKTOP :DIRECTION INPUT)
<  (WORD &quot;a&quot; :FRAME (50 51) :SENSE-INFO
<   ((:PENN-PARTS-OF-SPEECH (DT) :TRIPS-PARTS-OF-SPEECH (W::ART W::QUAN W::PRO)))
<   :UTTNUM 44 :CHANNEL DESKTOP :DIRECTION INPUT)
<  (WORD &quot;green&quot; :FRAME (52 57) :SENSE-INFO
<   ((:PENN-PARTS-OF-SPEECH (JJ) :TRIPS-PARTS-OF-SPEECH (W::ADJ))) :UTTNUM 44
<   :CHANNEL DESKTOP :DIRECTION INPUT)
<  (WORD &quot;pullover&quot; :FRAME (58 66) :SENSE-INFO
<   ((:PENN-PARTS-OF-SPEECH (NN) :TRIPS-PARTS-OF-SPEECH (W::N))) :UTTNUM 44
<   :CHANNEL DESKTOP :DIRECTION INPUT)
<  (WORD &quot;and&quot; :FRAME (67 70) :SENSE-INFO
<   ((:PENN-PARTS-OF-SPEECH (CC) :TRIPS-PARTS-OF-SPEECH (W::CONJ))) :UTTNUM 44
<   :CHANNEL DESKTOP :DIRECTION INPUT)
<  (WORD &quot;sleeveless&quot; :FRAME (71 81) :SENSE-INFO
<   ((:PENN-PARTS-OF-SPEECH (JJ NN) :TRIPS-PARTS-OF-SPEECH (W::ADJ W::N)))
<   :UTTNUM 44 :CHANNEL DESKTOP :DIRECTION INPUT)
<  (WORD &quot;brownish&quot; :FRAME (82 90) :SENSE-INFO
<   ((:PENN-PARTS-OF-SPEECH (NN) :TRIPS-PARTS-OF-SPEECH (W::N))) :UTTNUM 44
<   :CHANNEL DESKTOP :DIRECTION INPUT)
<  (WORD &quot;jumper&quot; :FRAME (91 97) :SENSE-INFO
<   ((:PENN-PARTS-OF-SPEECH (NN) :TRIPS-PARTS-OF-SPEECH (W::N))) :UTTNUM 44
<   :CHANNEL DESKTOP :DIRECTION INPUT)
<  (PREFER &quot;a green pullover and sleeveless brownish jumper&quot; :FRAME (50 97)
<   :PENN-CATS (NP) :TRIPS-CATS (W::NP) :SCORE 73.703 :UTTNUM 44 :CHANNEL DESKTOP
<   :DIRECTION INPUT)
<  (PREFER &quot;in a green pullover and sleeveless brownish jumper&quot; :FRAME (47 97)
<   :PENN-CATS (PP) :TRIPS-CATS (W::PP) :SCORE 75.955 :UTTNUM 44 :CHANNEL DESKTOP
<   :DIRECTION INPUT)
<  (PREFER
<   &quot;black , ear-long hair in a green pullover and sleeveless brownish jumper&quot;
<   :FRAME (25 97) :PENN-CATS (NP) :TRIPS-CATS (W::NP) :SCORE 112.4 :UTTNUM 44
<   :CHANNEL DESKTOP :DIRECTION INPUT)
<  (PREFER
<   &quot;with black , ear-long hair in a green pullover and sleeveless brownish jumper&quot;
<   :FRAME (20 97) :PENN-CATS (PP) :TRIPS-CATS (W::PP) :SCORE 117.545 :UTTNUM 44
<   :CHANNEL DESKTOP :DIRECTION INPUT)
<  (PREFER
<   &quot;a dark-skinned girl with black , ear-long hair in a green pullover and sleeveless brownish jumper&quot;
<   :FRAME (0 97) :PENN-CATS (NP) :TRIPS-CATS (W::NP) :SCORE 143.153 :UTTNUM 44
<   :CHANNEL DESKTOP :DIRECTION INPUT)
<  (WORD &quot;is&quot; :FRAME (98 100) :SENSE-INFO
<   ((:PENN-PARTS-OF-SPEECH (VBZ) :TRIPS-PARTS-OF-SPEECH (W::V))) :UTTNUM 44
<   :CHANNEL DESKTOP :DIRECTION INPUT)
<  (WORD &quot;standing&quot; :FRAME (101 109) :SENSE-INFO
<   ((:PENN-PARTS-OF-SPEECH (VBG) :TRIPS-PARTS-OF-SPEECH (W::V))) :UTTNUM 44
<   :CHANNEL DESKTOP :DIRECTION INPUT)
<  (WORD &quot;in&quot; :FRAME (110 112) :SENSE-INFO
<   ((:PENN-PARTS-OF-SPEECH (RP IN) :TRIPS-PARTS-OF-SPEECH
<     (W::PART W::PREP W::ADV)))
<   :UTTNUM 44 :CHANNEL DESKTOP :DIRECTION INPUT)
<  (WORD &quot;standing in&quot; :FRAME (101 112) :SENSE-INFO
<   ((:PENN-PARTS-OF-SPEECH (VBG) :TRIPS-PARTS-OF-SPEECH (W::V) :WN-SENSE-KEYS
<     (&quot;stand_in%2:40:00&quot;)))
<   :UTTNUM 44 :CHANNEL DESKTOP :DIRECTION INPUT)
<  (WORD &quot;a&quot; :FRAME (113 114) :SENSE-INFO
<   ((:PENN-PARTS-OF-SPEECH (DT) :TRIPS-PARTS-OF-SPEECH (W::ART W::QUAN W::PRO)))
<   :UTTNUM 44 :CHANNEL DESKTOP :DIRECTION INPUT)
<  (WORD &quot;classroom&quot; :FRAME (115 124) :SENSE-INFO
<   ((:PENN-PARTS-OF-SPEECH (NN) :TRIPS-PARTS-OF-SPEECH (W::N))) :UTTNUM 44
<   :CHANNEL DESKTOP :DIRECTION INPUT)
<  (PREFER &quot;a classroom&quot; :FRAME (113 124) :PENN-CATS (NP) :TRIPS-CATS (W::NP)
<   :SCORE 13.862 :UTTNUM 44 :CHANNEL DESKTOP :DIRECTION INPUT)
<  (PREFER &quot;in a classroom&quot; :FRAME (110 124) :PENN-CATS (PP) :TRIPS-CATS (W::PP)
<   :SCORE 16.087 :UTTNUM 44 :CHANNEL DESKTOP :DIRECTION INPUT)
<  (PREFER &quot;standing in a classroom&quot; :FRAME (101 124) :PENN-CATS (VP) :TRIPS-CATS
<   (W::VP) :SCORE 25.261 :UTTNUM 44 :CHANNEL DESKTOP :DIRECTION INPUT)
<  (PREFER &quot;is standing in a classroom&quot; :FRAME (98 124) :PENN-CATS (VP)
<   :TRIPS-CATS (W::VP) :SCORE 29.521 :UTTNUM 44 :CHANNEL DESKTOP :DIRECTION
<   INPUT)
<  (WORD &quot;.&quot; :FRAME (125 125) :SENSE-INFO
<   ((:PENN-PARTS-OF-SPEECH (FULL_STOP) :TRIPS-PARTS-OF-SPEECH (W::PUNC)))
<   :UTTNUM 44 :CHANNEL DESKTOP :DIRECTION INPUT)
<  (PREFER
<   &quot;a dark-skinned girl with black , ear-long hair in a green pullover and sleeveless brownish jumper is standing in a classroom .&quot;
<   :FRAME (0 125) :PENN-CATS (S) :SCORE 175.503 :UTTNUM 44 :CHANNEL DESKTOP
<   :DIRECTION INPUT))</lisp><word lex="in" start="47" end="49"><sense-info penn-parts-of-speech="IN" trips-parts-of-speech="PREP,ADV" /></word><word lex="a" start="50" end="51"><sense-info penn-parts-of-speech="DT" trips-parts-of-speech="ART,QUAN,PRO" /></word><word lex="green" start="52" end="57"><sense-info penn-parts-of-speech="JJ" trips-parts-of-speech="ADJ" /></word><word lex="pullover" start="58" end="66"><sense-info penn-parts-of-speech="NN" trips-parts-of-speech="N" /></word><word lex="and" start="67" end="70"><sense-info penn-parts-of-speech="CC" trips-parts-of-speech="CONJ" /></word><word lex="sleeveless" start="71" end="81"><sense-info penn-parts-of-speech="JJ,NN" trips-parts-of-speech="ADJ,N" /></word><word lex="brownish" start="82" end="90"><sense-info penn-parts-of-speech="NN" trips-parts-of-speech="N" /></word><word lex="jumper" start="91" end="97"><sense-info penn-parts-of-speech="NN" trips-parts-of-speech="N" /></word><prefer text="a green pullover and sleeveless brownish jumper" start="50" end="97" penn-cats="NP" score="73.703" /><prefer text="in a green pullover and sleeveless brownish jumper" start="47" end="97" penn-cats="PP" score="75.955" /><prefer text="black , ear-long hair in a green pullover and sleeveless brownish jumper" start="25" end="97" penn-cats="NP" score="112.4" /><prefer text="with black , ear-long hair in a green pullover and sleeveless brownish jumper" start="20" end="97" penn-cats="PP" score="117.545" /><prefer text="a dark-skinned girl with black , ear-long hair in a green pullover and sleeveless brownish jumper" start="0" end="97" penn-cats="NP" score="143.153" /><word lex="is" start="98" end="100"><sense-info penn-parts-of-speech="VBZ" trips-parts-of-speech="V" /></word><word lex="standing" start="101" end="109"><sense-info penn-parts-of-speech="VBG" trips-parts-of-speech="V" /></word><word lex="in" start="110" end="112"><sense-info penn-parts-of-speech="RP,IN" trips-parts-of-speech="PART,PREP,ADV" /></word><word lex="standing in" start="101" end="112"><sense-info penn-parts-of-speech="VBG" trips-parts-of-speech="V" wn-sense-keys="stand_in%2:40:00" /></word><word lex="a" start="113" end="114"><sense-info penn-parts-of-speech="DT" trips-parts-of-speech="ART,QUAN,PRO" /></word><word lex="classroom" start="115" end="124"><sense-info penn-parts-of-speech="NN" trips-parts-of-speech="N" /></word><prefer text="a classroom" start="113" end="124" penn-cats="NP" score="13.862" /><prefer text="in a classroom" start="110" end="124" penn-cats="PP" score="16.087" /><prefer text="standing in a classroom" start="101" end="124" penn-cats="VP" score="25.261" /><prefer text="is standing in a classroom" start="98" end="124" penn-cats="VP" score="29.521" /><word lex="." start="125" end="125"><sense-info penn-parts-of-speech="FULL_STOP" trips-parts-of-speech="PUNC" /></word><prefer text="a dark-skinned girl with black , ear-long hair in a green pullover and sleeveless brownish jumper is standing in a classroom ." start="0" end="125" penn-cats="S" score="175.503" /></tags><tree><lisp>(UTT
<  (UTT
<   (S
<    (ADVBL (ADV IN)
<     (NP
<      (NP (SPEC (DET (ART A))) (N1 (ADJP (ADJ1 (ADJ GREEN))) (N1 (N PULLOVER))))
<      (CONJ AND)
<      (NP
<       (N1 (ADJP (ADJ1 (ADJ SLEEVELESS)))
<        (N1 (ADJP (ADJ1 (ADJ BROWNISH))) (N1 (N JUMPER)))))))
<    (S (V IS) (NP (N1 (V STANDING IN)))
<     (NP (SPEC (DET (ART A))) (N1 (N CLASSROOM))))))
<  (PUNC PUNC-PERIOD))</lisp><UTT><UTT><S><ADVBL><ADV>IN</ADV><NP><NP><SPEC><DET><ART>A</ART></DET></SPEC><N1><ADJP><ADJ1><ADJ>GREEN</ADJ></ADJ1></ADJP><N1><N>PULLOVER</N></N1></N1></NP><CONJ>AND</CONJ><NP><N1><ADJP><ADJ1><ADJ>SLEEVELESS</ADJ></ADJ1></ADJP><N1><ADJP><ADJ1><ADJ>BROWNISH</ADJ></ADJ1></ADJP><N1><N>JUMPER</N></N1></N1></N1></NP></NP></ADVBL><S><V>IS</V><NP><N1><V>STANDING IN</V></N1></NP><NP><SPEC><DET><ART>A</ART></DET></SPEC><N1><N>CLASSROOM</N></N1></NP></S></S></UTT><PUNC>PUNC-PERIOD</PUNC></UTT></tree><terms root="#V322509"><lisp>((ONT::SPEECHACT ONT::V322509 ONT::SA_YN-QUESTION :PUNCTYPE W::DECL :CONTENT
<   ONT::V313456 :START 47 :END 125)
<  (ONT::F ONT::V313456 (:* ONT::BE W::BE) :NEUTRAL ONT::V313537 :NEUTRAL1
<   ONT::V313584 :LOCATION ONT::V313326 :TENSE W::PRES :START 47 :END 125)
<  (ONT::F ONT::V313326 (:* ONT::IN-LOC W::IN) :GROUND ONT::V313426 :FIGURE
<   ONT::V313456 :START 47 :END 98)
<  (ONT::INDEF-SET ONT::V313426 ONT::PHYS-OBJECT :OPERATOR ONT::AND :SEQUENCE
<   (ONT::V313422 ONT::V313444) :START 50 :END 98)
<  (ONT::A ONT::V313422 (:* ONT::ATTIRE W::PULLOVER) :MOD ONT::V313416 :START 50
<   :END 67)
<  (ONT::F ONT::V313416 (:* ONT::GREEN W::GREEN) :FIGURE ONT::V313422 :SCALE
<   ONT::GREEN*1--07--00 :START 52 :END 58)
<  (ONT::BARE ONT::V313444 (:* ONT::PERSON W::JUMPER) :MOD ONT::V313436 :MOD
<   ONT::V313440 :START 71 :END 98)
<  (ONT::F ONT::V313436 (:* ONT::MODIFIER W::SLEEVELESS) :FIGURE ONT::V313444
<   :START 71 :END 82)
<  (ONT::F ONT::V313440 (:* ONT::BROWN W::BROWNISH) :FIGURE ONT::V313444 :SCALE
<   ONT::BROWNNESS*1--07--00 :START 82 :END 91)
<  (ONT::BARE ONT::V313537 (:* ONT::EXCHANGE W::STANDING-IN) :START 101 :END 113
<   :WNSENSE &quot;stand_in%2:40:00&quot;)
<  (ONT::A ONT::V313584 (:* ONT::INTERNAL-ENCLOSURE W::CLASSROOM) :START 113 :END
<   125))</lisp><rdf:RDF
<   xmlns:rdf="http://www.w3.org/1999/02/22-rdf-syntax-ns#"
<   xmlns:role="http://www.cs.rochester.edu/research/trips/role#"
<   xmlns:LF="http://www.cs.rochester.edu/research/trips/LF#">
<   <rdf:Description rdf:ID="V322509">
<     <LF:indicator>SPEECHACT</LF:indicator>
<     <LF:type>SA_YN-QUESTION</LF:type>
<     <role:PUNCTYPE>DECL</role:PUNCTYPE>
<     <role:CONTENT rdf:resource="#V313456" />
<     <LF:start>47</LF:start>
<     <LF:end>125</LF:end>
<   </rdf:Description>
<   <rdf:Description rdf:ID="V313456">
<     <LF:indicator>F</LF:indicator>
<     <LF:type>BE</LF:type>
<     <LF:word>BE</LF:word>
<     <role:NEUTRAL rdf:resource="#V313537" />
<     <role:NEUTRAL1 rdf:resource="#V313584" />
<     <role:LOCATION rdf:resource="#V313326" />
<     <role:TENSE>PRES</role:TENSE>
<     <LF:start>47</LF:start>
<     <LF:end>125</LF:end>
<   </rdf:Description>
<   <rdf:Description rdf:ID="V313326">
<     <LF:indicator>F</LF:indicator>
<     <LF:type>IN-LOC</LF:type>
<     <LF:word>IN</LF:word>
<     <role:GROUND rdf:resource="#V313426" />
<     <role:FIGURE rdf:resource="#V313456" />
<     <LF:start>47</LF:start>
<     <LF:end>98</LF:end>
<   </rdf:Description>
<   <rdf:Description rdf:ID="V313426">
<     <LF:indicator>INDEF-SET</LF:indicator>
<     <LF:type>PHYS-OBJECT</LF:type>
<     <role:OPERATOR>AND</role:OPERATOR>
<     <role:SEQUENCE rdf:resource="#V313422" />
<     <role:SEQUENCE1 rdf:resource="#V313444" />
<     <LF:start>50</LF:start>
<     <LF:end>98</LF:end>
<   </rdf:Description>
<   <rdf:Description rdf:ID="V313422">
<     <LF:indicator>A</LF:indicator>
<     <LF:type>ATTIRE</LF:type>
<     <LF:word>PULLOVER</LF:word>
<     <role:MOD rdf:resource="#V313416" />
<     <LF:start>50</LF:start>
<     <LF:end>67</LF:end>
<   </rdf:Description>
<   <rdf:Description rdf:ID="V313416">
<     <LF:indicator>F</LF:indicator>
<     <LF:type>GREEN</LF:type>
<     <LF:word>GREEN</LF:word>
<     <role:FIGURE rdf:resource="#V313422" />
<     <role:SCALE>GREEN*1--07--00</role:SCALE>
<     <LF:start>52</LF:start>
<     <LF:end>58</LF:end>
<   </rdf:Description>
<   <rdf:Description rdf:ID="V313444">
<     <LF:indicator>BARE</LF:indicator>
<     <LF:type>PERSON</LF:type>
<     <LF:word>JUMPER</LF:word>
<     <role:MOD rdf:resource="#V313436" />
<     <role:MOD rdf:resource="#V313440" />
<     <LF:start>71</LF:start>
<     <LF:end>98</LF:end>
<   </rdf:Description>
<   <rdf:Description rdf:ID="V313436">
<     <LF:indicator>F</LF:indicator>
<     <LF:type>MODIFIER</LF:type>
<     <LF:word>SLEEVELESS</LF:word>
<     <role:FIGURE rdf:resource="#V313444" />
<     <LF:start>71</LF:start>
<     <LF:end>82</LF:end>
<   </rdf:Description>
<   <rdf:Description rdf:ID="V313440">
<     <LF:indicator>F</LF:indicator>
<     <LF:type>BROWN</LF:type>
<     <LF:word>BROWNISH</LF:word>
<     <role:FIGURE rdf:resource="#V313444" />
<     <role:SCALE>BROWNNESS*1--07--00</role:SCALE>
<     <LF:start>82</LF:start>
<     <LF:end>91</LF:end>
<   </rdf:Description>
<   <rdf:Description rdf:ID="V313537">
<     <LF:indicator>BARE</LF:indicator>
<     <LF:type>EXCHANGE</LF:type>
<     <LF:word>STANDING-IN</LF:word>
<     <LF:start>101</LF:start>
<     <LF:end>113</LF:end>
<     <role:WNSENSE>stand_in%2:40:00</role:WNSENSE>
<   </rdf:Description>
<   <rdf:Description rdf:ID="V313584">
<     <LF:indicator>A</LF:indicator>
<     <LF:type>INTERNAL-ENCLOSURE</LF:type>
<     <LF:word>CLASSROOM</LF:word>
<     <LF:start>113</LF:start>
<     <LF:end>125</LF:end>
<   </rdf:Description>
< </rdf:RDF>
< </terms></utt></compound-communication-act>
< </trips-parser-output>
\ No newline at end of file
---
> <SpRL>
>  <SCENE>
>   <SENTENCE id="s1" indicator="A" type="FEMALE-CHILD" text="GIRL" start="0" end="47">
>    <TEXT>a dark-skinned girl with black , ear-long hair i</TEXT>
>    <RELATION id="1" head="V313278" res="V313282" label="MOD"/>
>    <RELATION id="2" head="V313278" res="V313263" label="MOD"/>
>    <PHRASE id="V313263" indicator="F" type="MOVE" text="SKINNED" start="2" end="15"/>
>    <RELATION id="3" head="V313263" res="V313252" label="AGENT"/>
>    <RELATION id="4" head="V313263" res="V313278" label="AFFECTED"/>
>    <PHRASE id="V313252" indicator="KIND" type="LIGHT" text="DARK" start="2" end="15"/>
>    <PHRASE id="V313282" indicator="F" type="ASSOC-WITH" text="WITH" start="20" end="47"/>
>    <RELATION id="5" head="V313282" res="V316610" label="GROUND"/>
>    <RELATION id="6" head="V313282" res="V313278" label="FIGURE"/>
>    <PHRASE id="V316610" indicator="THE" type="EXTERNAL-BODY-PART" start="25" end="47"/>
>    <RELATION id="7" head="V316610" res="V313300" label="SEQUENCE"/>
>    <RELATION id="8" head="V316610" res="V313319" label="SEQUENCE1"/>
>    <PHRASE id="V313300" indicator="BARE" type="EXTERNAL-BODY-PART" text="EAR" start="25" end="36"/>
>    <RELATION id="9" head="V313300" res="V313294" label="MOD"/>
>    <PHRASE id="V313294" indicator="F" type="BLACK" text="BLACK" SCALE="BLACKNESS*1--07--00" start="25" end="31"/>
>    <RELATION id="10" head="V313294" res="V313300" label="FIGURE"/>
>    <PHRASE id="V313319" indicator="BARE" type="EXTERNAL-BODY-PART" text="HAIR" start="37" end="47"/>
>    <RELATION id="11" head="V313319" res="V313306" label="MOD"/>
>    <PHRASE id="V313306" indicator="F" type="LONG" text="LONG" SCALE="SIZE-SCALE" start="37" end="42"/>
>    <RELATION id="12" head="V313306" res="V313319" label="FIGURE"/>
>   </SENTENCE>
>   <SENTENCE id="s2" indicator="SPEECHACT" type="SA_YN-QUESTION" PUNCTYPE="DECL" start="47" end="125">
>    <TEXT>in a green pullover and sleeveless brownish jumper is standing in a classroom .</TEXT>
>    <RELATION id="13" head="V322509" res="V313456" label="CONTENT"/>
>    <PHRASE id="V313456" indicator="F" type="BE" text="BE" TENSE="PRES" start="47" end="125"/>
>    <RELATION id="14" head="V313456" res="V313537" label="NEUTRAL"/>
>    <RELATION id="15" head="V313456" res="V313584" label="NEUTRAL1"/>
>    <RELATION id="16" head="V313456" res="V313326" label="LOCATION"/>
>    <PHRASE id="V313326" indicator="F" type="IN-LOC" text="IN" start="47" end="98"/>
>    <RELATION id="17" head="V313326" res="V313426" label="GROUND"/>
>    <RELATION id="18" head="V313326" res="V313456" label="FIGURE"/>
>    <PHRASE id="V313426" indicator="INDEF-SET" type="PHYS-OBJECT" OPERATOR="AND" start="50" end="98"/>
>    <RELATION id="19" head="V313426" res="V313422" label="SEQUENCE"/>
>    <RELATION id="20" head="V313426" res="V313444" label="SEQUENCE1"/>
>    <PHRASE id="V313422" indicator="A" type="ATTIRE" text="PULLOVER" start="50" end="67"/>
>    <RELATION id="21" head="V313422" res="V313416" label="MOD"/>
>    <PHRASE id="V313416" indicator="F" type="GREEN" text="GREEN" SCALE="GREEN*1--07--00" start="52" end="58"/>
>    <RELATION id="22" head="V313416" res="V313422" label="FIGURE"/>
>    <PHRASE id="V313444" indicator="BARE" type="PERSON" text="JUMPER" start="71" end="98"/>
>    <RELATION id="23" head="V313444" res="V313436" label="MOD"/>
>    <RELATION id="24" head="V313444" res="V313440" label="MOD"/>
>    <PHRASE id="V313436" indicator="F" type="MODIFIER" text="SLEEVELESS" start="71" end="82"/>
>    <RELATION id="25" head="V313436" res="V313444" label="FIGURE"/>
>    <PHRASE id="V313440" indicator="F" type="BROWN" text="BROWNISH" SCALE="BROWNNESS*1--07--00" start="82" end="91"/>
>    <RELATION id="26" head="V313440" res="V313444" label="FIGURE"/>
>    <PHRASE id="V313537" indicator="BARE" type="EXCHANGE" text="STANDING-IN" start="101" end="113" WNSENSE="stand_in%2:40:00"/>
>    <PHRASE id="V313584" indicator="A" type="INTERNAL-ENCLOSURE" text="CLASSROOM" start="113" end="125"/>
>   </SENTENCE>
>  </SCENE>
> </SpRL>
