2,446c2,56
< <?xml-stylesheet type="text/xsl" href="../style/parser-interface.xsl"?>
< <!DOCTYPE trips-parser-output SYSTEM "../trips-parser-output.dtd">
< <trips-parser-output parser-build-date="2017-09-20T12:11:02-0500" system="STEP" extsformat="svg" tagsformat="hidden" treecontents="phrase" treeformat="LinGO" lfformat="svg" semantic-skeleton-scoring="T" rule-sets="" input="a dark-skinned dark-haired boy in grey tee-shirt with blue collar , SA print and a wet spot at the front standing in a classroom .
< ">
< <debug>
< 
<  FOUNDS SEQUENCE from constit (% W::NP (W::BARE-SEQUENCE -) (W::CONSTRAINT -)
<                                  (W::MASS W::BARE) (W::GENERATED +)
<                                  (W::POSTADVBL +)
<                                  (W::SEM ?8607:(?68578:(F::PHYS-OBJ
<                                                         F::ABSTR-OBJ) NIL))
<                                  (W::LF (% W::DESCRIPTION (W::STATUS ONT::DEFINITE)
<                                            (W::VAR V444849)
<                                            (W::SORT W::INDIVIDUAL)
<                                            (W::LEX (W::A))
<                                            (W::CLASS ONT::SEQUENCE)
<                                            (W::CONSTRAINT (% &amp; (W::NAME-OF (W::A))
<                                                              (W::VAL (W::A))))
<                                            (W::LEX W::A) (W::SEM ?68576)
<                                            (W::TRANSFORM ?68577)))
<                                  (W::CASE ?68575:(W::SUB W::OBJ -))
<                                  (W::AGR ?68574) (W::CLASS ONT::ANY-SEM)
<                                  (W::VAR V444849) (W::SORT W::PRED) (W::NAME -)
<                                  (W::PRO -) (W::CHANGEAGR -) (W::LEX W::A)
<                                  (W::HEADCAT W::VALUE) (W::TRANSFORM -)
<                                  (W::REFL -) (1 RNUMBER444929))
< *last-utt-id*=NIL  utt-id+65
< *last-utt-id*=65  utt-id+NIL
< 
<  FOUNDS SEQUENCE from constit (% W::NP (W::BARE-SEQUENCE -) (W::CONSTRAINT -)
<                                  (W::MASS W::BARE) (W::GENERATED +)
<                                  (W::POSTADVBL +)
<                                  (W::SEM ?8607:(?63962:(F::PHYS-OBJ
<                                                         F::ABSTR-OBJ) NIL))
<                                  (W::LF (% W::DESCRIPTION (W::STATUS ONT::DEFINITE)
<                                            (W::VAR V453232)
<                                            (W::SORT W::INDIVIDUAL)
<                                            (W::LEX (W::A))
<                                            (W::CLASS ONT::SEQUENCE)
<                                            (W::CONSTRAINT (% &amp; (W::NAME-OF (W::A))
<                                                              (W::VAL (W::A))))
<                                            (W::LEX W::A) (W::SEM ?63960)
<                                            (W::TRANSFORM ?63961)))
<                                  (W::CASE ?63959:(W::SUB W::OBJ -))
<                                  (W::AGR ?63958) (W::CLASS ONT::ANY-SEM)
<                                  (W::VAR V453232) (W::SORT W::PRED) (W::NAME -)
<                                  (W::PRO -) (W::CHANGEAGR -) (W::LEX W::A)
<                                  (W::HEADCAT W::VALUE) (W::TRANSFORM -)
<                                  (W::REFL -) (1 RNUMBER453362))
< 
<  FOUNDS SEQUENCE from constit (% W::NP (W::BARE-SEQUENCE -) (W::CONSTRAINT -)
<                                  (W::MASS W::BARE) (W::GENERATED +)
<                                  (W::POSTADVBL +)
<                                  (W::SEM ?8607:(?64309:(F::PHYS-OBJ
<                                                         F::ABSTR-OBJ) NIL))
<                                  (W::LF (% W::DESCRIPTION (W::STATUS ONT::DEFINITE)
<                                            (W::VAR V453235)
<                                            (W::SORT W::INDIVIDUAL)
<                                            (W::LEX (W::A))
<                                            (W::CLASS ONT::SEQUENCE)
<                                            (W::CONSTRAINT (% &amp; (W::NAME-OF (W::A))
<                                                              (W::VAL (W::A))))
<                                            (W::LEX W::A) (W::SEM ?64307)
<                                            (W::TRANSFORM ?64308)))
<                                  (W::CASE ?64306:(W::SUB W::OBJ -))
<                                  (W::AGR ?64305) (W::CLASS ONT::ANY-SEM)
<                                  (W::VAR V453235) (W::SORT W::PRED) (W::NAME -)
<                                  (W::PRO -) (W::CHANGEAGR -) (W::LEX W::A)
<                                  (W::HEADCAT W::VALUE) (W::TRANSFORM -)
<                                  (W::REFL -) (1 RNUMBER453364))
< *last-utt-id*=NIL  utt-id+65
< *last-utt-id*=65  utt-id+NIL</debug><utt><words><lisp>(W::A W::DARK W::PUNC-MINUS W::SKINNED W::DARK W::PUNC-MINUS W::HAIRED W::BOY
<  W::IN W::GREY W::TEE W::PUNC-MINUS W::SHIRT W::WITH W::BLUE W::COLLAR
<  W::PUNC-COMMA)</lisp><word>A</word><word>DARK</word><word>PUNC-MINUS</word><word>SKINNED</word><word>DARK</word><word>PUNC-MINUS</word><word>HAIRED</word><word>BOY</word><word>IN</word><word>GREY</word><word>TEE</word><word>PUNC-MINUS</word><word>SHIRT</word><word>WITH</word><word>BLUE</word><word>COLLAR</word><word>PUNC-COMMA</word></words><tags><lisp>((WORD &quot;a&quot; :FRAME (0 1) :SENSE-INFO
<   ((:PENN-PARTS-OF-SPEECH (DT) :TRIPS-PARTS-OF-SPEECH (W::ART W::QUAN W::PRO)))
<   :UTTNUM 65 :CHANNEL DESKTOP :DIRECTION INPUT)
<  (WORD &quot;dark&quot; :FRAME (2 5) :SENSE-INFO
<   ((:PENN-PARTS-OF-SPEECH (NN) :TRIPS-PARTS-OF-SPEECH (W::N))) :UTTNUM 65
<   :CHANNEL DESKTOP :DIRECTION INPUT)
<  (WORD &quot;-&quot; :FRAME (6 6) :SENSE-INFO
<   ((:PENN-PARTS-OF-SPEECH (COLON) :TRIPS-PARTS-OF-SPEECH (W::PUNC))) :UTTNUM 65
<   :CHANNEL DESKTOP :DIRECTION INPUT)
<  (WORD &quot;skinned&quot; :FRAME (7 14) :SENSE-INFO
<   ((:PENN-PARTS-OF-SPEECH (VBD) :TRIPS-PARTS-OF-SPEECH (W::V))) :UTTNUM 65
<   :CHANNEL DESKTOP :DIRECTION INPUT)
<  (WORD &quot;dark-skinned&quot; :FRAME (2 14) :SENSE-INFO
<   ((:PENN-PARTS-OF-SPEECH (JJ) :TRIPS-PARTS-OF-SPEECH (W::ADJ) :WN-SENSE-KEYS
<     (&quot;dark-skinned%5:00:00&quot;)))
<   :UTTNUM 65 :CHANNEL DESKTOP :DIRECTION INPUT)
<  (WORD &quot;dark&quot; :FRAME (15 18) :SENSE-INFO
<   ((:PENN-PARTS-OF-SPEECH (JJ) :TRIPS-PARTS-OF-SPEECH (W::ADJ))) :UTTNUM 65
<   :CHANNEL DESKTOP :DIRECTION INPUT)
<  (WORD &quot;-&quot; :FRAME (19 19) :SENSE-INFO
<   ((:PENN-PARTS-OF-SPEECH (COLON) :TRIPS-PARTS-OF-SPEECH (W::PUNC))) :UTTNUM 65
<   :CHANNEL DESKTOP :DIRECTION INPUT)
<  (WORD &quot;haired&quot; :FRAME (20 26) :SENSE-INFO
<   ((:PENN-PARTS-OF-SPEECH (VBN) :TRIPS-PARTS-OF-SPEECH (W::V))) :UTTNUM 65
<   :CHANNEL DESKTOP :DIRECTION INPUT)
<  (WORD &quot;dark-haired&quot; :FRAME (15 26) :SENSE-INFO
<   ((:PENN-PARTS-OF-SPEECH (JJ) :TRIPS-PARTS-OF-SPEECH (W::ADJ) :WN-SENSE-KEYS
<     (&quot;dark-haired%5:00:00&quot;)))
<   :UTTNUM 65 :CHANNEL DESKTOP :DIRECTION INPUT)
<  (WORD &quot;boy&quot; :FRAME (27 30) :SENSE-INFO
<   ((:PENN-PARTS-OF-SPEECH (NN) :TRIPS-PARTS-OF-SPEECH (W::N))) :UTTNUM 65
<   :CHANNEL DESKTOP :DIRECTION INPUT)
<  (PREFER &quot;a dark-skinned dark-haired boy&quot; :FRAME (0 30) :PENN-CATS (NP)
<   :TRIPS-CATS (W::NP) :SCORE 38.567 :UTTNUM 65 :CHANNEL DESKTOP :DIRECTION
<   INPUT)
<  (WORD &quot;in&quot; :FRAME (31 33) :SENSE-INFO
<   ((:PENN-PARTS-OF-SPEECH (IN) :TRIPS-PARTS-OF-SPEECH (W::PREP W::ADV)))
<   :UTTNUM 65 :CHANNEL DESKTOP :DIRECTION INPUT)
<  (WORD &quot;grey&quot; :FRAME (34 38) :SENSE-INFO
<   ((:PENN-PARTS-OF-SPEECH (NN JJ) :TRIPS-PARTS-OF-SPEECH (W::N W::ADJ)
<     :ALTERNATE-SPELLINGS (&quot;gray&quot;)))
<   :UTTNUM 65 :CHANNEL DESKTOP :DIRECTION INPUT)
<  (WORD &quot;tee&quot; :FRAME (39 41) :SENSE-INFO
<   ((:PENN-PARTS-OF-SPEECH (NN) :TRIPS-PARTS-OF-SPEECH (W::N))) :UTTNUM 65
<   :CHANNEL DESKTOP :DIRECTION INPUT)
<  (WORD &quot;-&quot; :FRAME (42 42) :SENSE-INFO
<   ((:PENN-PARTS-OF-SPEECH (COLON) :TRIPS-PARTS-OF-SPEECH (W::PUNC))) :UTTNUM 65
<   :CHANNEL DESKTOP :DIRECTION INPUT)
<  (WORD &quot;shirt&quot; :FRAME (43 48) :SENSE-INFO
<   ((:PENN-PARTS-OF-SPEECH (NN) :TRIPS-PARTS-OF-SPEECH (W::N))) :UTTNUM 65
<   :CHANNEL DESKTOP :DIRECTION INPUT)
<  (WORD &quot;tee-shirt&quot; :FRAME (39 48) :SENSE-INFO
<   ((:PENN-PARTS-OF-SPEECH (NN) :TRIPS-PARTS-OF-SPEECH (W::N))) :UTTNUM 65
<   :CHANNEL DESKTOP :DIRECTION INPUT)
<  (PREFER &quot;grey tee-shirt&quot; :FRAME (34 48) :PENN-CATS (NP) :TRIPS-CATS (W::NP)
<   :SCORE 25.805 :UTTNUM 65 :CHANNEL DESKTOP :DIRECTION INPUT)
<  (PREFER &quot;in grey tee-shirt&quot; :FRAME (31 48) :PENN-CATS (PP) :TRIPS-CATS (W::PP)
<   :SCORE 28.057 :UTTNUM 65 :CHANNEL DESKTOP :DIRECTION INPUT)
<  (WORD &quot;with&quot; :FRAME (49 53) :SENSE-INFO
<   ((:PENN-PARTS-OF-SPEECH (IN) :TRIPS-PARTS-OF-SPEECH (W::PREP W::ADV)))
<   :UTTNUM 65 :CHANNEL DESKTOP :DIRECTION INPUT)
<  (WORD &quot;blue&quot; :FRAME (54 58) :SENSE-INFO
<   ((:PENN-PARTS-OF-SPEECH (JJ) :TRIPS-PARTS-OF-SPEECH (W::ADJ))) :UTTNUM 65
<   :CHANNEL DESKTOP :DIRECTION INPUT)
<  (WORD &quot;collar&quot; :FRAME (59 65) :SENSE-INFO
<   ((:PENN-PARTS-OF-SPEECH (NN) :TRIPS-PARTS-OF-SPEECH (W::N))) :UTTNUM 65
<   :CHANNEL DESKTOP :DIRECTION INPUT)
<  (PREFER &quot;blue collar&quot; :FRAME (54 65) :PENN-CATS (NP) :TRIPS-CATS (W::NP)
<   :SCORE 21.775 :UTTNUM 65 :CHANNEL DESKTOP :DIRECTION INPUT)
<  (WORD &quot;,&quot; :FRAME (66 66) :SENSE-INFO
<   ((:PENN-PARTS-OF-SPEECH (COMMA) :TRIPS-PARTS-OF-SPEECH (W::PUNC))) :UTTNUM 65
<   :CHANNEL DESKTOP :DIRECTION INPUT))</lisp><word lex="a" start="0" end="1"><sense-info penn-parts-of-speech="DT" trips-parts-of-speech="ART,QUAN,PRO" /></word><word lex="dark" start="2" end="5"><sense-info penn-parts-of-speech="NN" trips-parts-of-speech="N" /></word><word lex="-" start="6" end="6"><sense-info penn-parts-of-speech="COLON" trips-parts-of-speech="PUNC" /></word><word lex="skinned" start="7" end="14"><sense-info penn-parts-of-speech="VBD" trips-parts-of-speech="V" /></word><word lex="dark-skinned" start="2" end="14"><sense-info penn-parts-of-speech="JJ" trips-parts-of-speech="ADJ" wn-sense-keys="dark-skinned%5:00:00" /></word><word lex="dark" start="15" end="18"><sense-info penn-parts-of-speech="JJ" trips-parts-of-speech="ADJ" /></word><word lex="-" start="19" end="19"><sense-info penn-parts-of-speech="COLON" trips-parts-of-speech="PUNC" /></word><word lex="haired" start="20" end="26"><sense-info penn-parts-of-speech="VBN" trips-parts-of-speech="V" /></word><word lex="dark-haired" start="15" end="26"><sense-info penn-parts-of-speech="JJ" trips-parts-of-speech="ADJ" wn-sense-keys="dark-haired%5:00:00" /></word><word lex="boy" start="27" end="30"><sense-info penn-parts-of-speech="NN" trips-parts-of-speech="N" /></word><prefer text="a dark-skinned dark-haired boy" start="0" end="30" penn-cats="NP" score="38.567" /><word lex="in" start="31" end="33"><sense-info penn-parts-of-speech="IN" trips-parts-of-speech="PREP,ADV" /></word><word lex="grey" start="34" end="38"><sense-info penn-parts-of-speech="NN,JJ" trips-parts-of-speech="N,ADJ" alternate-spellings="gray" /></word><word lex="tee" start="39" end="41"><sense-info penn-parts-of-speech="NN" trips-parts-of-speech="N" /></word><word lex="-" start="42" end="42"><sense-info penn-parts-of-speech="COLON" trips-parts-of-speech="PUNC" /></word><word lex="shirt" start="43" end="48"><sense-info penn-parts-of-speech="NN" trips-parts-of-speech="N" /></word><word lex="tee-shirt" start="39" end="48"><sense-info penn-parts-of-speech="NN" trips-parts-of-speech="N" /></word><prefer text="grey tee-shirt" start="34" end="48" penn-cats="NP" score="25.805" /><prefer text="in grey tee-shirt" start="31" end="48" penn-cats="PP" score="28.057" /><word lex="with" start="49" end="53"><sense-info penn-parts-of-speech="IN" trips-parts-of-speech="PREP,ADV" /></word><word lex="blue" start="54" end="58"><sense-info penn-parts-of-speech="JJ" trips-parts-of-speech="ADJ" /></word><word lex="collar" start="59" end="65"><sense-info penn-parts-of-speech="NN" trips-parts-of-speech="N" /></word><prefer text="blue collar" start="54" end="65" penn-cats="NP" score="21.775" /><word lex="," start="66" end="66"><sense-info penn-parts-of-speech="COMMA" trips-parts-of-speech="PUNC" /></word></tags><tree><lisp>(NP (SPEC (DET (ART A)))
<  (N1
<   (N1
<    (N1 (ADJP (ADJ1 (ADJ DARK PUNC-MINUS SKINNED)))
<     (N1 (ADJP (ADJ1 (ADJ DARK PUNC-MINUS HAIRED))) (N1 (N BOY))))
<    (ADVBL (ADV IN)
<     (NP (N1 (ADJP (ADJ1 (ADJ GREY))) (N1 (N TEE PUNC-MINUS SHIRT))))))
<   (ADVBL (ADV WITH)
<    (NP (NP (N1 (ADJP (ADJ1 (ADJ BLUE))) (N1 (N COLLAR)))) (PUNC PUNC-COMMA)))))</lisp><NP><SPEC><DET><ART>A</ART></DET></SPEC><N1><N1><N1><ADJP><ADJ1><ADJ>DARK PUNC-MINUS SKINNED</ADJ></ADJ1></ADJP><N1><ADJP><ADJ1><ADJ>DARK PUNC-MINUS HAIRED</ADJ></ADJ1></ADJP><N1><N>BOY</N></N1></N1></N1><ADVBL><ADV>IN</ADV><NP><N1><ADJP><ADJ1><ADJ>GREY</ADJ></ADJ1></ADJP><N1><N>TEE PUNC-MINUS SHIRT</N></N1></N1></NP></ADVBL></N1><ADVBL><ADV>WITH</ADV><NP><NP><N1><ADJP><ADJ1><ADJ>BLUE</ADJ></ADJ1></ADJP><N1><N>COLLAR</N></N1></N1></NP><PUNC>PUNC-COMMA</PUNC></NP></ADVBL></N1></NP></tree><terms root="#V443890"><lisp>((ONT::A ONT::V443890 (:* ONT::MALE-CHILD W::BOY) :MOD ONT::V443974 :LOCATION
<   ONT::V443897 :MOD ONT::V443866 :MOD ONT::V443887 :START 0 :END 66)
<  (ONT::F ONT::V443866 (:* ONT::MODIFIER W::DARK-PUNC-MINUS-SKINNED) :FIGURE
<   ONT::V443890 :START 2 :END 15 :WNSENSE &quot;dark-skinned%5:00:00&quot;)
<  (ONT::F ONT::V443887 (:* ONT::MODIFIER W::DARK-PUNC-MINUS-HAIRED) :FIGURE
<   ONT::V443890 :START 15 :END 27 :WNSENSE &quot;dark-haired%5:00:00&quot;)
<  (ONT::F ONT::V443897 (:* ONT::IN-LOC W::IN) :GROUND ONT::V443970 :FIGURE
<   ONT::V443890 :START 31 :END 49)
<  (ONT::BARE ONT::V443970 (:* ONT::ATTIRE W::TEE-PUNC-MINUS-SHIRT) :MOD
<   ONT::V443946 :START 34 :END 49)
<  (ONT::F ONT::V443946 (:* ONT::GRAY W::GREY) :FIGURE ONT::V443970 :SCALE
<   ONT::GREYNESS*1--07--00 :START 34 :END 39)
<  (ONT::F ONT::V443974 (:* ONT::ASSOC-WITH W::WITH) :GROUND ONT::V443993 :FIGURE
<   ONT::V443890 :START 49 :END 66)
<  (ONT::BARE ONT::V443993 (:* ONT::MANUFACTURED-OBJECT W::COLLAR) :MOD
<   ONT::V443986 :START 54 :END 66)
<  (ONT::F ONT::V443986 (:* ONT::BLUE W::BLUE) :FIGURE ONT::V443993 :SCALE
<   ONT::COLOR-SCALE :START 54 :END 59))</lisp><rdf:RDF
<   xmlns:rdf="http://www.w3.org/1999/02/22-rdf-syntax-ns#"
<   xmlns:role="http://www.cs.rochester.edu/research/trips/role#"
<   xmlns:LF="http://www.cs.rochester.edu/research/trips/LF#">
<   <rdf:Description rdf:ID="V443890">
<     <LF:indicator>A</LF:indicator>
<     <LF:type>MALE-CHILD</LF:type>
<     <LF:word>BOY</LF:word>
<     <role:MOD rdf:resource="#V443974" />
<     <role:LOCATION rdf:resource="#V443897" />
<     <role:MOD rdf:resource="#V443866" />
<     <role:MOD rdf:resource="#V443887" />
<     <LF:start>0</LF:start>
<     <LF:end>66</LF:end>
<   </rdf:Description>
<   <rdf:Description rdf:ID="V443866">
<     <LF:indicator>F</LF:indicator>
<     <LF:type>MODIFIER</LF:type>
<     <LF:word>DARK-PUNC-MINUS-SKINNED</LF:word>
<     <role:FIGURE rdf:resource="#V443890" />
<     <LF:start>2</LF:start>
<     <LF:end>15</LF:end>
<     <role:WNSENSE>dark-skinned%5:00:00</role:WNSENSE>
<   </rdf:Description>
<   <rdf:Description rdf:ID="V443887">
<     <LF:indicator>F</LF:indicator>
<     <LF:type>MODIFIER</LF:type>
<     <LF:word>DARK-PUNC-MINUS-HAIRED</LF:word>
<     <role:FIGURE rdf:resource="#V443890" />
<     <LF:start>15</LF:start>
<     <LF:end>27</LF:end>
<     <role:WNSENSE>dark-haired%5:00:00</role:WNSENSE>
<   </rdf:Description>
<   <rdf:Description rdf:ID="V443897">
<     <LF:indicator>F</LF:indicator>
<     <LF:type>IN-LOC</LF:type>
<     <LF:word>IN</LF:word>
<     <role:GROUND rdf:resource="#V443970" />
<     <role:FIGURE rdf:resource="#V443890" />
<     <LF:start>31</LF:start>
<     <LF:end>49</LF:end>
<   </rdf:Description>
<   <rdf:Description rdf:ID="V443970">
<     <LF:indicator>BARE</LF:indicator>
<     <LF:type>ATTIRE</LF:type>
<     <LF:word>TEE-PUNC-MINUS-SHIRT</LF:word>
<     <role:MOD rdf:resource="#V443946" />
<     <LF:start>34</LF:start>
<     <LF:end>49</LF:end>
<   </rdf:Description>
<   <rdf:Description rdf:ID="V443946">
<     <LF:indicator>F</LF:indicator>
<     <LF:type>GRAY</LF:type>
<     <LF:word>GREY</LF:word>
<     <role:FIGURE rdf:resource="#V443970" />
<     <role:SCALE>GREYNESS*1--07--00</role:SCALE>
<     <LF:start>34</LF:start>
<     <LF:end>39</LF:end>
<   </rdf:Description>
<   <rdf:Description rdf:ID="V443974">
<     <LF:indicator>F</LF:indicator>
<     <LF:type>ASSOC-WITH</LF:type>
<     <LF:word>WITH</LF:word>
<     <role:GROUND rdf:resource="#V443993" />
<     <role:FIGURE rdf:resource="#V443890" />
<     <LF:start>49</LF:start>
<     <LF:end>66</LF:end>
<   </rdf:Description>
<   <rdf:Description rdf:ID="V443993">
<     <LF:indicator>BARE</LF:indicator>
<     <LF:type>MANUFACTURED-OBJECT</LF:type>
<     <LF:word>COLLAR</LF:word>
<     <role:MOD rdf:resource="#V443986" />
<     <LF:start>54</LF:start>
<     <LF:end>66</LF:end>
<   </rdf:Description>
<   <rdf:Description rdf:ID="V443986">
<     <LF:indicator>F</LF:indicator>
<     <LF:type>BLUE</LF:type>
<     <LF:word>BLUE</LF:word>
<     <role:FIGURE rdf:resource="#V443993" />
<     <role:SCALE>COLOR-SCALE</role:SCALE>
<     <LF:start>54</LF:start>
<     <LF:end>59</LF:end>
<   </rdf:Description>
< </rdf:RDF>
< </terms></utt><utt><words><lisp>(W::SA W::PRINT W::AND W::A W::WET W::SPOT W::AT W::THE W::FRONT W::STANDING
<  W::IN W::A W::CLASSROOM W::PUNC-PERIOD)</lisp><word>SA</word><word>PRINT</word><word>AND</word><word>A</word><word>WET</word><word>SPOT</word><word>AT</word><word>THE</word><word>FRONT</word><word>STANDING</word><word>IN</word><word>A</word><word>CLASSROOM</word><word>PUNC-PERIOD</word></words><tags><lisp>((WORD &quot;SA&quot; :FRAME (68 70) :SENSE-INFO
<   ((:PENN-PARTS-OF-SPEECH (NNP) :TRIPS-PARTS-OF-SPEECH (W::NAME) :ONT-TYPES
<     (ONT::GEOGRAPHIC-REGION)))
<   :UTTNUM 65 :CHANNEL DESKTOP :DIRECTION INPUT)
<  (WORD &quot;print&quot; :FRAME (71 76) :SENSE-INFO
<   ((:PENN-PARTS-OF-SPEECH (NN) :TRIPS-PARTS-OF-SPEECH (W::N))) :UTTNUM 65
<   :CHANNEL DESKTOP :DIRECTION INPUT)
<  (PREFER &quot;SA print&quot; :FRAME (68 76) :PENN-CATS (NP) :TRIPS-CATS (W::NP) :SCORE
<   26.18 :UTTNUM 65 :CHANNEL DESKTOP :DIRECTION INPUT)
<  (WORD &quot;and&quot; :FRAME (77 80) :SENSE-INFO
<   ((:PENN-PARTS-OF-SPEECH (CC) :TRIPS-PARTS-OF-SPEECH (W::CONJ))) :UTTNUM 65
<   :CHANNEL DESKTOP :DIRECTION INPUT)
<  (WORD &quot;a&quot; :FRAME (81 82) :SENSE-INFO
<   ((:PENN-PARTS-OF-SPEECH (DT) :TRIPS-PARTS-OF-SPEECH (W::ART W::QUAN W::PRO)))
<   :UTTNUM 65 :CHANNEL DESKTOP :DIRECTION INPUT)
<  (WORD &quot;wet&quot; :FRAME (83 86) :SENSE-INFO
<   ((:PENN-PARTS-OF-SPEECH (JJ) :TRIPS-PARTS-OF-SPEECH (W::ADJ))) :UTTNUM 65
<   :CHANNEL DESKTOP :DIRECTION INPUT)
<  (WORD &quot;spot&quot; :FRAME (87 91) :SENSE-INFO
<   ((:PENN-PARTS-OF-SPEECH (NN) :TRIPS-PARTS-OF-SPEECH (W::N))) :UTTNUM 65
<   :CHANNEL DESKTOP :DIRECTION INPUT)
<  (PREFER &quot;a wet spot&quot; :FRAME (81 91) :PENN-CATS (NP) :TRIPS-CATS (W::NP) :SCORE
<   23.343 :UTTNUM 65 :CHANNEL DESKTOP :DIRECTION INPUT)
<  (WORD &quot;at&quot; :FRAME (92 94) :SENSE-INFO
<   ((:PENN-PARTS-OF-SPEECH (IN) :TRIPS-PARTS-OF-SPEECH (W::PREP W::ADV)))
<   :UTTNUM 65 :CHANNEL DESKTOP :DIRECTION INPUT)
<  (WORD &quot;the&quot; :FRAME (95 98) :SENSE-INFO
<   ((:PENN-PARTS-OF-SPEECH (DT) :TRIPS-PARTS-OF-SPEECH (W::ART W::QUAN W::PRO)))
<   :UTTNUM 65 :CHANNEL DESKTOP :DIRECTION INPUT)
<  (WORD &quot;front&quot; :FRAME (99 104) :SENSE-INFO
<   ((:PENN-PARTS-OF-SPEECH (NN JJ) :TRIPS-PARTS-OF-SPEECH (W::N W::ADJ)))
<   :UTTNUM 65 :CHANNEL DESKTOP :DIRECTION INPUT)
<  (WORD &quot;standing&quot; :FRAME (105 113) :SENSE-INFO
<   ((:PENN-PARTS-OF-SPEECH (NN) :TRIPS-PARTS-OF-SPEECH (W::N))) :UTTNUM 65
<   :CHANNEL DESKTOP :DIRECTION INPUT)
<  (PREFER &quot;the front standing&quot; :FRAME (95 113) :PENN-CATS (NP) :TRIPS-CATS
<   (W::NP) :SCORE 20.694 :UTTNUM 65 :CHANNEL DESKTOP :DIRECTION INPUT)
<  (WORD &quot;in&quot; :FRAME (114 116) :SENSE-INFO
<   ((:PENN-PARTS-OF-SPEECH (IN) :TRIPS-PARTS-OF-SPEECH (W::PREP W::ADV)))
<   :UTTNUM 65 :CHANNEL DESKTOP :DIRECTION INPUT)
<  (WORD &quot;standing in&quot; :FRAME (105 116) :SENSE-INFO
<   ((:PENN-PARTS-OF-SPEECH (VBG) :TRIPS-PARTS-OF-SPEECH (W::V) :WN-SENSE-KEYS
<     (&quot;stand_in%2:40:00&quot;)))
<   :UTTNUM 65 :CHANNEL DESKTOP :DIRECTION INPUT)
<  (WORD &quot;a&quot; :FRAME (117 118) :SENSE-INFO
<   ((:PENN-PARTS-OF-SPEECH (DT) :TRIPS-PARTS-OF-SPEECH (W::ART W::QUAN W::PRO)))
<   :UTTNUM 65 :CHANNEL DESKTOP :DIRECTION INPUT)
<  (WORD &quot;classroom&quot; :FRAME (119 128) :SENSE-INFO
<   ((:PENN-PARTS-OF-SPEECH (NN) :TRIPS-PARTS-OF-SPEECH (W::N))) :UTTNUM 65
<   :CHANNEL DESKTOP :DIRECTION INPUT)
<  (PREFER &quot;a classroom&quot; :FRAME (117 128) :PENN-CATS (NP) :TRIPS-CATS (W::NP)
<   :SCORE 13.862 :UTTNUM 65 :CHANNEL DESKTOP :DIRECTION INPUT)
<  (PREFER &quot;in a classroom&quot; :FRAME (114 128) :PENN-CATS (PP) :TRIPS-CATS (W::PP)
<   :SCORE 16.114 :UTTNUM 65 :CHANNEL DESKTOP :DIRECTION INPUT)
<  (PREFER &quot;the front standing in a classroom&quot; :FRAME (95 128) :PENN-CATS (NP)
<   :TRIPS-CATS (W::NP) :SCORE 37.349 :UTTNUM 65 :CHANNEL DESKTOP :DIRECTION
<   INPUT)
<  (PREFER &quot;at the front standing in a classroom&quot; :FRAME (92 128) :PENN-CATS (PP)
<   :TRIPS-CATS (W::PP) :SCORE 42.619 :UTTNUM 65 :CHANNEL DESKTOP :DIRECTION
<   INPUT)
<  (WORD &quot;.&quot; :FRAME (129 129) :SENSE-INFO
<   ((:PENN-PARTS-OF-SPEECH (FULL_STOP) :TRIPS-PARTS-OF-SPEECH (W::PUNC)))
<   :UTTNUM 65 :CHANNEL DESKTOP :DIRECTION INPUT))</lisp><word lex="SA" start="68" end="70"><sense-info penn-parts-of-speech="NNP" trips-parts-of-speech="NAME" ont-types="GEOGRAPHIC-REGION" /></word><word lex="print" start="71" end="76"><sense-info penn-parts-of-speech="NN" trips-parts-of-speech="N" /></word><prefer text="SA print" start="68" end="76" penn-cats="NP" score="26.18" /><word lex="and" start="77" end="80"><sense-info penn-parts-of-speech="CC" trips-parts-of-speech="CONJ" /></word><word lex="a" start="81" end="82"><sense-info penn-parts-of-speech="DT" trips-parts-of-speech="ART,QUAN,PRO" /></word><word lex="wet" start="83" end="86"><sense-info penn-parts-of-speech="JJ" trips-parts-of-speech="ADJ" /></word><word lex="spot" start="87" end="91"><sense-info penn-parts-of-speech="NN" trips-parts-of-speech="N" /></word><prefer text="a wet spot" start="81" end="91" penn-cats="NP" score="23.343" /><word lex="at" start="92" end="94"><sense-info penn-parts-of-speech="IN" trips-parts-of-speech="PREP,ADV" /></word><word lex="the" start="95" end="98"><sense-info penn-parts-of-speech="DT" trips-parts-of-speech="ART,QUAN,PRO" /></word><word lex="front" start="99" end="104"><sense-info penn-parts-of-speech="NN,JJ" trips-parts-of-speech="N,ADJ" /></word><word lex="standing" start="105" end="113"><sense-info penn-parts-of-speech="NN" trips-parts-of-speech="N" /></word><prefer text="the front standing" start="95" end="113" penn-cats="NP" score="20.694" /><word lex="in" start="114" end="116"><sense-info penn-parts-of-speech="IN" trips-parts-of-speech="PREP,ADV" /></word><word lex="standing in" start="105" end="116"><sense-info penn-parts-of-speech="VBG" trips-parts-of-speech="V" wn-sense-keys="stand_in%2:40:00" /></word><word lex="a" start="117" end="118"><sense-info penn-parts-of-speech="DT" trips-parts-of-speech="ART,QUAN,PRO" /></word><word lex="classroom" start="119" end="128"><sense-info penn-parts-of-speech="NN" trips-parts-of-speech="N" /></word><prefer text="a classroom" start="117" end="128" penn-cats="NP" score="13.862" /><prefer text="in a classroom" start="114" end="128" penn-cats="PP" score="16.114" /><prefer text="the front standing in a classroom" start="95" end="128" penn-cats="NP" score="37.349" /><prefer text="at the front standing in a classroom" start="92" end="128" penn-cats="PP" score="42.619" /><word lex="." start="129" end="129"><sense-info penn-parts-of-speech="FULL_STOP" trips-parts-of-speech="PUNC" /></word></tags><tree><lisp>(UTT
<  (UTT
<   (NP (NP (N1 (NP (NAME SA)) (N1 (N PRINT)))) (CONJ AND)
<    (NP (SPEC (DET (ART A)))
<     (N1 (N1 (ADJP (ADJ1 (ADJ WET))) (N1 (N SPOT)))
<      (ADVBL (ADV AT)
<       (NP
<        (N1 (N1 (NP (SPEC (DET (ART THE))) (N1 (N FRONT))) (N1 (V STANDING)))
<         (ADVBL (ADV IN) (NP (SPEC (DET (ART A))) (N1 (N CLASSROOM)))))))))))
<  (PUNC PUNC-PERIOD))</lisp><UTT><UTT><NP><NP><N1><NP><NAME>SA</NAME></NP><N1><N>PRINT</N></N1></N1></NP><CONJ>AND</CONJ><NP><SPEC><DET><ART>A</ART></DET></SPEC><N1><N1><ADJP><ADJ1><ADJ>WET</ADJ></ADJ1></ADJP><N1><N>SPOT</N></N1></N1><ADVBL><ADV>AT</ADV><NP><N1><N1><NP><SPEC><DET><ART>THE</ART></DET></SPEC><N1><N>FRONT</N></N1></NP><N1><V>STANDING</V></N1></N1><ADVBL><ADV>IN</ADV><NP><SPEC><DET><ART>A</ART></DET></SPEC><N1><N>CLASSROOM</N></N1></NP></ADVBL></N1></NP></ADVBL></N1></NP></NP></UTT><PUNC>PUNC-PERIOD</PUNC></UTT></tree><terms root="#V456211"><lisp>((ONT::SPEECHACT ONT::V456211 ONT::SA_IDENTIFY :PUNCTYPE W::DECL :CONTENT
<   ONT::V452328 :START 68 :END 129)
<  (ONT::INDEF-SET ONT::V452328 ONT::PHYS-OBJECT :OPERATOR ONT::AND :SEQUENCE
<   (ONT::V452322 ONT::V452384) :START 68 :END 129)
<  (ONT::BARE ONT::V452322 (:* ONT::TEXT-REPRESENTATION W::PRINT) :ASSOC-WITH
<   ONT::V452314 :START 68 :END 77)
<  (ONT::THE ONT::V452314 (:* ONT::GEOGRAPHIC-REGION W::SA) :NAME-OF (W::SA)
<   :START 68 :END 71)
<  (ONT::A ONT::V452384 (:* ONT::LOC-DEFINED-BY-CONTRAST W::SPOT) :LOCATION
<   ONT::V452394 :MOD ONT::V452378 :START 81 :END 129)
<  (ONT::F ONT::V452378 (:* ONT::WET-VAL W::WET) :FIGURE ONT::V452384 :START 83
<   :END 87)
<  (ONT::F ONT::V452394 (:* ONT::AT-LOC W::AT) :GROUND ONT::V452423 :FIGURE
<   ONT::V452384 :START 92 :END 129)
<  (ONT::BARE ONT::V452423 (:* ONT::BE-AT-LOC W::STAND) :NEUTRAL ONT::V452413
<   :LOCATION ONT::V452438 :START 95 :END 129)
<  (ONT::THE ONT::V452413 (:* ONT::OBJECT-DEPENDENT-LOCATION W::FRONT) :START 95
<   :END 105)
<  (ONT::F ONT::V452438 (:* ONT::IN-LOC W::IN) :GROUND ONT::V452540 :FIGURE
<   ONT::V452423 :START 114 :END 129)
<  (ONT::A ONT::V452540 (:* ONT::INTERNAL-ENCLOSURE W::CLASSROOM) :START 117 :END
<   129))</lisp><rdf:RDF
<   xmlns:rdf="http://www.w3.org/1999/02/22-rdf-syntax-ns#"
<   xmlns:role="http://www.cs.rochester.edu/research/trips/role#"
<   xmlns:LF="http://www.cs.rochester.edu/research/trips/LF#">
<   <rdf:Description rdf:ID="V456211">
<     <LF:indicator>SPEECHACT</LF:indicator>
<     <LF:type>SA_IDENTIFY</LF:type>
<     <role:PUNCTYPE>DECL</role:PUNCTYPE>
<     <role:CONTENT rdf:resource="#V452328" />
<     <LF:start>68</LF:start>
<     <LF:end>129</LF:end>
<   </rdf:Description>
<   <rdf:Description rdf:ID="V452328">
<     <LF:indicator>INDEF-SET</LF:indicator>
<     <LF:type>PHYS-OBJECT</LF:type>
<     <role:OPERATOR>AND</role:OPERATOR>
<     <role:SEQUENCE rdf:resource="#V452322" />
<     <role:SEQUENCE1 rdf:resource="#V452384" />
<     <LF:start>68</LF:start>
<     <LF:end>129</LF:end>
<   </rdf:Description>
<   <rdf:Description rdf:ID="V452322">
<     <LF:indicator>BARE</LF:indicator>
<     <LF:type>TEXT-REPRESENTATION</LF:type>
<     <LF:word>PRINT</LF:word>
<     <role:ASSOC-WITH rdf:resource="#V452314" />
<     <LF:start>68</LF:start>
<     <LF:end>77</LF:end>
<   </rdf:Description>
<   <rdf:Description rdf:ID="V452314">
<     <LF:indicator>THE</LF:indicator>
<     <LF:type>GEOGRAPHIC-REGION</LF:type>
<     <LF:word>SA</LF:word>
<     <role:NAME-OF>(SA)</role:NAME-OF>
<     <LF:start>68</LF:start>
<     <LF:end>71</LF:end>
<   </rdf:Description>
<   <rdf:Description rdf:ID="V452384">
<     <LF:indicator>A</LF:indicator>
<     <LF:type>LOC-DEFINED-BY-CONTRAST</LF:type>
<     <LF:word>SPOT</LF:word>
<     <role:LOCATION rdf:resource="#V452394" />
<     <role:MOD rdf:resource="#V452378" />
<     <LF:start>81</LF:start>
<     <LF:end>129</LF:end>
<   </rdf:Description>
<   <rdf:Description rdf:ID="V452378">
<     <LF:indicator>F</LF:indicator>
<     <LF:type>WET-VAL</LF:type>
<     <LF:word>WET</LF:word>
<     <role:FIGURE rdf:resource="#V452384" />
<     <LF:start>83</LF:start>
<     <LF:end>87</LF:end>
<   </rdf:Description>
<   <rdf:Description rdf:ID="V452394">
<     <LF:indicator>F</LF:indicator>
<     <LF:type>AT-LOC</LF:type>
<     <LF:word>AT</LF:word>
<     <role:GROUND rdf:resource="#V452423" />
<     <role:FIGURE rdf:resource="#V452384" />
<     <LF:start>92</LF:start>
<     <LF:end>129</LF:end>
<   </rdf:Description>
<   <rdf:Description rdf:ID="V452423">
<     <LF:indicator>BARE</LF:indicator>
<     <LF:type>BE-AT-LOC</LF:type>
<     <LF:word>STAND</LF:word>
<     <role:NEUTRAL rdf:resource="#V452413" />
<     <role:LOCATION rdf:resource="#V452438" />
<     <LF:start>95</LF:start>
<     <LF:end>129</LF:end>
<   </rdf:Description>
<   <rdf:Description rdf:ID="V452413">
<     <LF:indicator>THE</LF:indicator>
<     <LF:type>OBJECT-DEPENDENT-LOCATION</LF:type>
<     <LF:word>FRONT</LF:word>
<     <LF:start>95</LF:start>
<     <LF:end>105</LF:end>
<   </rdf:Description>
<   <rdf:Description rdf:ID="V452438">
<     <LF:indicator>F</LF:indicator>
<     <LF:type>IN-LOC</LF:type>
<     <LF:word>IN</LF:word>
<     <role:GROUND rdf:resource="#V452540" />
<     <role:FIGURE rdf:resource="#V452423" />
<     <LF:start>114</LF:start>
<     <LF:end>129</LF:end>
<   </rdf:Description>
<   <rdf:Description rdf:ID="V452540">
<     <LF:indicator>A</LF:indicator>
<     <LF:type>INTERNAL-ENCLOSURE</LF:type>
<     <LF:word>CLASSROOM</LF:word>
<     <LF:start>117</LF:start>
<     <LF:end>129</LF:end>
<   </rdf:Description>
< </rdf:RDF>
< </terms></utt></trips-parser-output>
\ No newline at end of file
---
> <SpRL>
>  <SCENE>
>   <SENTENCE id="s1" indicator="A" type="MALE-CHILD" text="BOY" start="0" end="66">
>    <TEXT>a dark-skinned dark-haired boy in grey tee-shirt with blue collar ,</TEXT>
>    <RELATION id="1" head="V443890" res="V443974" label="MOD"/>
>    <RELATION id="2" head="V443890" res="V443897" label="LOCATION"/>
>    <RELATION id="3" head="V443890" res="V443866" label="MOD"/>
>    <RELATION id="4" head="V443890" res="V443887" label="MOD"/>
>    <PHRASE id="V443866" indicator="F" type="MODIFIER" text="DARK-PUNC-MINUS-SKINNED" start="2" end="15" WNSENSE="dark-skinned%5:00:00"/>
>    <RELATION id="5" head="V443866" res="V443890" label="FIGURE"/>
>    <PHRASE id="V443887" indicator="F" type="MODIFIER" text="DARK-PUNC-MINUS-HAIRED" start="15" end="27" WNSENSE="dark-haired%5:00:00"/>
>    <RELATION id="6" head="V443887" res="V443890" label="FIGURE"/>
>    <PHRASE id="V443897" indicator="F" type="IN-LOC" text="IN" start="31" end="49"/>
>    <RELATION id="7" head="V443897" res="V443970" label="GROUND"/>
>    <RELATION id="8" head="V443897" res="V443890" label="FIGURE"/>
>    <PHRASE id="V443970" indicator="BARE" type="ATTIRE" text="TEE-PUNC-MINUS-SHIRT" start="34" end="49"/>
>    <RELATION id="9" head="V443970" res="V443946" label="MOD"/>
>    <PHRASE id="V443946" indicator="F" type="GRAY" text="GREY" SCALE="GREYNESS*1--07--00" start="34" end="39"/>
>    <RELATION id="10" head="V443946" res="V443970" label="FIGURE"/>
>    <PHRASE id="V443974" indicator="F" type="ASSOC-WITH" text="WITH" start="49" end="66"/>
>    <RELATION id="11" head="V443974" res="V443993" label="GROUND"/>
>    <RELATION id="12" head="V443974" res="V443890" label="FIGURE"/>
>    <PHRASE id="V443993" indicator="BARE" type="MANUFACTURED-OBJECT" text="COLLAR" start="54" end="66"/>
>    <RELATION id="13" head="V443993" res="V443986" label="MOD"/>
>    <PHRASE id="V443986" indicator="F" type="BLUE" text="BLUE" SCALE="COLOR-SCALE" start="54" end="59"/>
>    <RELATION id="14" head="V443986" res="V443993" label="FIGURE"/>
>   </SENTENCE>
>   <SENTENCE id="s2" indicator="SPEECHACT" type="SA_IDENTIFY" PUNCTYPE="DECL" start="68" end="129">
>    <TEXT>SA print and a wet spot at the front standing in a classroom .</TEXT>
>    <RELATION id="15" head="V456211" res="V452328" label="CONTENT"/>
>    <PHRASE id="V452328" indicator="INDEF-SET" type="PHYS-OBJECT" OPERATOR="AND" start="68" end="129"/>
>    <RELATION id="16" head="V452328" res="V452322" label="SEQUENCE"/>
>    <RELATION id="17" head="V452328" res="V452384" label="SEQUENCE1"/>
>    <PHRASE id="V452322" indicator="BARE" type="TEXT-REPRESENTATION" text="PRINT" start="68" end="77"/>
>    <RELATION id="18" head="V452322" res="V452314" label="ASSOC-WITH"/>
>    <PHRASE id="V452314" indicator="THE" type="GEOGRAPHIC-REGION" text="SA" NAME-OF="(SA)" start="68" end="71"/>
>    <PHRASE id="V452384" indicator="A" type="LOC-DEFINED-BY-CONTRAST" text="SPOT" start="81" end="129"/>
>    <RELATION id="19" head="V452384" res="V452394" label="LOCATION"/>
>    <RELATION id="20" head="V452384" res="V452378" label="MOD"/>
>    <PHRASE id="V452378" indicator="F" type="WET-VAL" text="WET" start="83" end="87"/>
>    <RELATION id="21" head="V452378" res="V452384" label="FIGURE"/>
>    <PHRASE id="V452394" indicator="F" type="AT-LOC" text="AT" start="92" end="129"/>
>    <RELATION id="22" head="V452394" res="V452423" label="GROUND"/>
>    <RELATION id="23" head="V452394" res="V452384" label="FIGURE"/>
>    <PHRASE id="V452423" indicator="BARE" type="BE-AT-LOC" text="STAND" start="95" end="129"/>
>    <RELATION id="24" head="V452423" res="V452413" label="NEUTRAL"/>
>    <RELATION id="25" head="V452423" res="V452438" label="LOCATION"/>
>    <PHRASE id="V452413" indicator="THE" type="OBJECT-DEPENDENT-LOCATION" text="FRONT" start="95" end="105"/>
>    <PHRASE id="V452438" indicator="F" type="IN-LOC" text="IN" start="114" end="129"/>
>    <RELATION id="26" head="V452438" res="V452540" label="GROUND"/>
>    <RELATION id="27" head="V452438" res="V452423" label="FIGURE"/>
>    <PHRASE id="V452540" indicator="A" type="INTERNAL-ENCLOSURE" text="CLASSROOM" start="117" end="129"/>
>   </SENTENCE>
>  </SCENE>
> </SpRL>
