2,309c2,46
< <?xml-stylesheet type="text/xsl" href="../style/parser-interface.xsl"?>
< <!DOCTYPE trips-parser-output SYSTEM "../trips-parser-output.dtd">
< <trips-parser-output parser-build-date="2017-09-20T12:11:02-0500" system="STEP" extsformat="svg" tagsformat="hidden" treecontents="phrase" treeformat="LinGO" lfformat="svg" semantic-skeleton-scoring="T" rule-sets="" input="a dark-skinned , dark-haired boy wearing a red cap and a blue jumper with a grey zip standing in the backyard .
< ">
< <debug>
< *last-utt-id*=NIL  utt-id+7
< *last-utt-id*=7  utt-id+7
< *last-utt-id*=7  utt-id+7
< *last-utt-id*=7  utt-id+7
< *last-utt-id*=7  utt-id+NIL</debug><compound-communication-act>
< <utt><words><lisp>(W::DARK W::PUNC-MINUS W::SKINNED)</lisp><word>DARK</word><word>PUNC-MINUS</word><word>SKINNED</word></words><tags><lisp>((WORD &quot;a&quot; :FRAME (0 1) :SENSE-INFO
<   ((:PENN-PARTS-OF-SPEECH (DT) :TRIPS-PARTS-OF-SPEECH (W::ART W::QUAN W::PRO)))
<   :UTTNUM 7 :CHANNEL DESKTOP :DIRECTION INPUT)
<  (WORD &quot;dark&quot; :FRAME (2 5) :SENSE-INFO
<   ((:PENN-PARTS-OF-SPEECH (NN) :TRIPS-PARTS-OF-SPEECH (W::N))) :UTTNUM 7
<   :CHANNEL DESKTOP :DIRECTION INPUT)
<  (WORD &quot;-&quot; :FRAME (6 6) :SENSE-INFO
<   ((:PENN-PARTS-OF-SPEECH (COLON) :TRIPS-PARTS-OF-SPEECH (W::PUNC))) :UTTNUM 7
<   :CHANNEL DESKTOP :DIRECTION INPUT)
<  (WORD &quot;skinned&quot; :FRAME (7 14) :SENSE-INFO
<   ((:PENN-PARTS-OF-SPEECH (VBD) :TRIPS-PARTS-OF-SPEECH (W::V))) :UTTNUM 7
<   :CHANNEL DESKTOP :DIRECTION INPUT)
<  (WORD &quot;dark-skinned&quot; :FRAME (2 14) :SENSE-INFO
<   ((:PENN-PARTS-OF-SPEECH (JJ) :TRIPS-PARTS-OF-SPEECH (W::ADJ) :WN-SENSE-KEYS
<     (&quot;dark-skinned%5:00:00&quot;)))
<   :UTTNUM 7 :CHANNEL DESKTOP :DIRECTION INPUT)
<  (WORD &quot;,&quot; :FRAME (15 16) :SENSE-INFO
<   ((:PENN-PARTS-OF-SPEECH (COMMA) :TRIPS-PARTS-OF-SPEECH (W::PUNC))) :UTTNUM 7
<   :CHANNEL DESKTOP :DIRECTION INPUT))</lisp><word lex="a" start="0" end="1"><sense-info penn-parts-of-speech="DT" trips-parts-of-speech="ART,QUAN,PRO" /></word><word lex="dark" start="2" end="5"><sense-info penn-parts-of-speech="NN" trips-parts-of-speech="N" /></word><word lex="-" start="6" end="6"><sense-info penn-parts-of-speech="COLON" trips-parts-of-speech="PUNC" /></word><word lex="skinned" start="7" end="14"><sense-info penn-parts-of-speech="VBD" trips-parts-of-speech="V" /></word><word lex="dark-skinned" start="2" end="14"><sense-info penn-parts-of-speech="JJ" trips-parts-of-speech="ADJ" wn-sense-keys="dark-skinned%5:00:00" /></word><word lex="," start="15" end="16"><sense-info penn-parts-of-speech="COMMA" trips-parts-of-speech="PUNC" /></word></tags><tree><lisp>(DET (ART A))</lisp><DET><ART>A</ART></DET></tree><terms root="#V64028"><lisp>((ONT::F ONT::V64028 (:* ONT::MODIFIER W::DARK-PUNC-MINUS-SKINNED) :START 2
<   :END 15 :WNSENSE &quot;dark-skinned%5:00:00&quot;))</lisp><rdf:RDF
<   xmlns:rdf="http://www.w3.org/1999/02/22-rdf-syntax-ns#"
<   xmlns:role="http://www.cs.rochester.edu/research/trips/role#"
<   xmlns:LF="http://www.cs.rochester.edu/research/trips/LF#">
<   <rdf:Description rdf:ID="V64028">
<     <LF:indicator>F</LF:indicator>
<     <LF:type>MODIFIER</LF:type>
<     <LF:word>DARK-PUNC-MINUS-SKINNED</LF:word>
<     <LF:start>2</LF:start>
<     <LF:end>15</LF:end>
<     <role:WNSENSE>dark-skinned%5:00:00</role:WNSENSE>
<   </rdf:Description>
< </rdf:RDF>
< </terms></utt><utt><words><lisp>(W::DARK W::PUNC-MINUS W::HAIRED W::BOY)</lisp><word>DARK</word><word>PUNC-MINUS</word><word>HAIRED</word><word>BOY</word></words><tags><lisp>((WORD &quot;dark&quot; :FRAME (17 20) :SENSE-INFO
<   ((:PENN-PARTS-OF-SPEECH (JJ) :TRIPS-PARTS-OF-SPEECH (W::ADJ))) :UTTNUM 7
<   :CHANNEL DESKTOP :DIRECTION INPUT)
<  (WORD &quot;-&quot; :FRAME (21 21) :SENSE-INFO
<   ((:PENN-PARTS-OF-SPEECH (COLON) :TRIPS-PARTS-OF-SPEECH (W::PUNC))) :UTTNUM 7
<   :CHANNEL DESKTOP :DIRECTION INPUT)
<  (WORD &quot;haired&quot; :FRAME (22 28) :SENSE-INFO
<   ((:PENN-PARTS-OF-SPEECH (VBN) :TRIPS-PARTS-OF-SPEECH (W::V))) :UTTNUM 7
<   :CHANNEL DESKTOP :DIRECTION INPUT)
<  (WORD &quot;dark-haired&quot; :FRAME (17 28) :SENSE-INFO
<   ((:PENN-PARTS-OF-SPEECH (JJ) :TRIPS-PARTS-OF-SPEECH (W::ADJ) :WN-SENSE-KEYS
<     (&quot;dark-haired%5:00:00&quot;)))
<   :UTTNUM 7 :CHANNEL DESKTOP :DIRECTION INPUT)
<  (WORD &quot;boy&quot; :FRAME (29 32) :SENSE-INFO
<   ((:PENN-PARTS-OF-SPEECH (NN) :TRIPS-PARTS-OF-SPEECH (W::N))) :UTTNUM 7
<   :CHANNEL DESKTOP :DIRECTION INPUT)
<  (PREFER &quot;a dark-skinned , dark-haired boy&quot; :FRAME (0 32) :PENN-CATS (NP)
<   :TRIPS-CATS (W::NP) :SCORE 40.958 :UTTNUM 7 :CHANNEL DESKTOP :DIRECTION
<   INPUT))</lisp><word lex="dark" start="17" end="20"><sense-info penn-parts-of-speech="JJ" trips-parts-of-speech="ADJ" /></word><word lex="-" start="21" end="21"><sense-info penn-parts-of-speech="COLON" trips-parts-of-speech="PUNC" /></word><word lex="haired" start="22" end="28"><sense-info penn-parts-of-speech="VBN" trips-parts-of-speech="V" /></word><word lex="dark-haired" start="17" end="28"><sense-info penn-parts-of-speech="JJ" trips-parts-of-speech="ADJ" wn-sense-keys="dark-haired%5:00:00" /></word><word lex="boy" start="29" end="32"><sense-info penn-parts-of-speech="NN" trips-parts-of-speech="N" /></word><prefer text="a dark-skinned , dark-haired boy" start="0" end="32" penn-cats="NP" score="40.958" /></tags><tree><lisp>(ADJP (ADJ1 (ADJ DARK PUNC-MINUS SKINNED)))</lisp><ADJP><ADJ1><ADJ>DARK PUNC-MINUS SKINNED</ADJ></ADJ1></ADJP></tree><terms root="#V64055"><lisp>((ONT::BARE ONT::V64055 (:* ONT::MALE-CHILD W::BOY) :MOD ONT::V64052 :START 17
<   :END 33)
<  (ONT::F ONT::V64052 (:* ONT::MODIFIER W::DARK-PUNC-MINUS-HAIRED) :FIGURE
<   ONT::V64055 :START 17 :END 29 :WNSENSE &quot;dark-haired%5:00:00&quot;))</lisp><rdf:RDF
<   xmlns:rdf="http://www.w3.org/1999/02/22-rdf-syntax-ns#"
<   xmlns:role="http://www.cs.rochester.edu/research/trips/role#"
<   xmlns:LF="http://www.cs.rochester.edu/research/trips/LF#">
<   <rdf:Description rdf:ID="V64055">
<     <LF:indicator>BARE</LF:indicator>
<     <LF:type>MALE-CHILD</LF:type>
<     <LF:word>BOY</LF:word>
<     <role:MOD rdf:resource="#V64052" />
<     <LF:start>17</LF:start>
<     <LF:end>33</LF:end>
<   </rdf:Description>
<   <rdf:Description rdf:ID="V64052">
<     <LF:indicator>F</LF:indicator>
<     <LF:type>MODIFIER</LF:type>
<     <LF:word>DARK-PUNC-MINUS-HAIRED</LF:word>
<     <role:FIGURE rdf:resource="#V64055" />
<     <LF:start>17</LF:start>
<     <LF:end>29</LF:end>
<     <role:WNSENSE>dark-haired%5:00:00</role:WNSENSE>
<   </rdf:Description>
< </rdf:RDF>
< </terms></utt><utt><words><lisp>(W::WEARING W::A W::RED W::CAP W::AND W::A W::BLUE W::JUMPER W::WITH W::A
<  W::GREY)</lisp><word>WEARING</word><word>A</word><word>RED</word><word>CAP</word><word>AND</word><word>A</word><word>BLUE</word><word>JUMPER</word><word>WITH</word><word>A</word><word>GREY</word></words><tags><lisp>((WORD &quot;wearing&quot; :FRAME (33 40) :SENSE-INFO
<   ((:PENN-PARTS-OF-SPEECH (VBG) :TRIPS-PARTS-OF-SPEECH (W::V))) :UTTNUM 7
<   :CHANNEL DESKTOP :DIRECTION INPUT)
<  (WORD &quot;a&quot; :FRAME (41 42) :SENSE-INFO
<   ((:PENN-PARTS-OF-SPEECH (DT) :TRIPS-PARTS-OF-SPEECH (W::ART W::QUAN W::PRO)))
<   :UTTNUM 7 :CHANNEL DESKTOP :DIRECTION INPUT)
<  (WORD &quot;red&quot; :FRAME (43 46) :SENSE-INFO
<   ((:PENN-PARTS-OF-SPEECH (NN JJ) :TRIPS-PARTS-OF-SPEECH (W::N W::ADJ)))
<   :UTTNUM 7 :CHANNEL DESKTOP :DIRECTION INPUT)
<  (WORD &quot;cap&quot; :FRAME (47 50) :SENSE-INFO
<   ((:PENN-PARTS-OF-SPEECH (NN) :TRIPS-PARTS-OF-SPEECH (W::N))) :UTTNUM 7
<   :CHANNEL DESKTOP :DIRECTION INPUT)
<  (PREFER &quot;a red cap&quot; :FRAME (41 50) :PENN-CATS (NP) :TRIPS-CATS (W::NP) :SCORE
<   20.156 :UTTNUM 7 :CHANNEL DESKTOP :DIRECTION INPUT)
<  (WORD &quot;and&quot; :FRAME (51 54) :SENSE-INFO
<   ((:PENN-PARTS-OF-SPEECH (CC) :TRIPS-PARTS-OF-SPEECH (W::CONJ))) :UTTNUM 7
<   :CHANNEL DESKTOP :DIRECTION INPUT)
<  (WORD &quot;a&quot; :FRAME (55 56) :SENSE-INFO
<   ((:PENN-PARTS-OF-SPEECH (DT) :TRIPS-PARTS-OF-SPEECH (W::ART W::QUAN W::PRO)))
<   :UTTNUM 7 :CHANNEL DESKTOP :DIRECTION INPUT)
<  (WORD &quot;blue&quot; :FRAME (57 61) :SENSE-INFO
<   ((:PENN-PARTS-OF-SPEECH (NN JJ) :TRIPS-PARTS-OF-SPEECH (W::N W::ADJ)))
<   :UTTNUM 7 :CHANNEL DESKTOP :DIRECTION INPUT)
<  (WORD &quot;jumper&quot; :FRAME (62 68) :SENSE-INFO
<   ((:PENN-PARTS-OF-SPEECH (NN) :TRIPS-PARTS-OF-SPEECH (W::N))) :UTTNUM 7
<   :CHANNEL DESKTOP :DIRECTION INPUT)
<  (PREFER &quot;a blue jumper&quot; :FRAME (55 68) :PENN-CATS (NP) :TRIPS-CATS (W::NP)
<   :SCORE 24.348 :UTTNUM 7 :CHANNEL DESKTOP :DIRECTION INPUT)
<  (PREFER &quot;a red cap and a blue jumper&quot; :FRAME (41 68) :PENN-CATS (NP)
<   :TRIPS-CATS (W::NP) :SCORE 48.394 :UTTNUM 7 :CHANNEL DESKTOP :DIRECTION
<   INPUT)
<  (WORD &quot;with&quot; :FRAME (69 73) :SENSE-INFO
<   ((:PENN-PARTS-OF-SPEECH (IN) :TRIPS-PARTS-OF-SPEECH (W::PREP W::ADV)))
<   :UTTNUM 7 :CHANNEL DESKTOP :DIRECTION INPUT)
<  (WORD &quot;a&quot; :FRAME (74 75) :SENSE-INFO
<   ((:PENN-PARTS-OF-SPEECH (DT) :TRIPS-PARTS-OF-SPEECH (W::ART W::QUAN W::PRO)))
<   :UTTNUM 7 :CHANNEL DESKTOP :DIRECTION INPUT)
<  (WORD &quot;grey&quot; :FRAME (76 80) :SENSE-INFO
<   ((:PENN-PARTS-OF-SPEECH (NN JJ) :TRIPS-PARTS-OF-SPEECH (W::N W::ADJ)
<     :ALTERNATE-SPELLINGS (&quot;gray&quot;)))
<   :UTTNUM 7 :CHANNEL DESKTOP :DIRECTION INPUT))</lisp><word lex="wearing" start="33" end="40"><sense-info penn-parts-of-speech="VBG" trips-parts-of-speech="V" /></word><word lex="a" start="41" end="42"><sense-info penn-parts-of-speech="DT" trips-parts-of-speech="ART,QUAN,PRO" /></word><word lex="red" start="43" end="46"><sense-info penn-parts-of-speech="NN,JJ" trips-parts-of-speech="N,ADJ" /></word><word lex="cap" start="47" end="50"><sense-info penn-parts-of-speech="NN" trips-parts-of-speech="N" /></word><prefer text="a red cap" start="41" end="50" penn-cats="NP" score="20.156" /><word lex="and" start="51" end="54"><sense-info penn-parts-of-speech="CC" trips-parts-of-speech="CONJ" /></word><word lex="a" start="55" end="56"><sense-info penn-parts-of-speech="DT" trips-parts-of-speech="ART,QUAN,PRO" /></word><word lex="blue" start="57" end="61"><sense-info penn-parts-of-speech="NN,JJ" trips-parts-of-speech="N,ADJ" /></word><word lex="jumper" start="62" end="68"><sense-info penn-parts-of-speech="NN" trips-parts-of-speech="N" /></word><prefer text="a blue jumper" start="55" end="68" penn-cats="NP" score="24.348" /><prefer text="a red cap and a blue jumper" start="41" end="68" penn-cats="NP" score="48.394" /><word lex="with" start="69" end="73"><sense-info penn-parts-of-speech="IN" trips-parts-of-speech="PREP,ADV" /></word><word lex="a" start="74" end="75"><sense-info penn-parts-of-speech="DT" trips-parts-of-speech="ART,QUAN,PRO" /></word><word lex="grey" start="76" end="80"><sense-info penn-parts-of-speech="NN,JJ" trips-parts-of-speech="N,ADJ" alternate-spellings="gray" /></word></tags><tree><lisp>(PUNC PUNC-COMMA)</lisp><PUNC>PUNC-COMMA</PUNC></tree><terms root="#V64061"><lisp>((ONT::F ONT::V64061 (:* ONT::WEAR W::WEAR) :NEUTRAL ONT::V64127 :AGENT1
<   ONT::V64199 :VFORM W::ING :START 33 :END 81)
<  (ONT::INDEF-SET ONT::V64127 ONT::PHYS-OBJECT :OPERATOR ONT::AND :SEQUENCE
<   (ONT::V64121 ONT::V64190) :START 41 :END 69)
<  (ONT::A ONT::V64121 (:* ONT::ATTIRE W::CAP) :MOD ONT::V64108 :START 41 :END
<   51)
<  (ONT::F ONT::V64108 (:* ONT::RED W::RED) :FIGURE ONT::V64121 :SCALE
<   ONT::COLOR-SCALE :START 43 :END 47)
<  (ONT::A ONT::V64190 (:* ONT::PERSON W::JUMPER) :MOD ONT::V64177 :START 55 :END
<   69)
<  (ONT::F ONT::V64177 (:* ONT::BLUE W::BLUE) :FIGURE ONT::V64190 :SCALE
<   ONT::COLOR-SCALE :START 57 :END 62)
<  (ONT::F ONT::V64199 (:* ONT::ACCOMPANIMENT W::WITH) :GROUND ONT::V64252
<   :FIGURE ONT::V64061 :START 69 :END 81)
<  (ONT::A ONT::V64252 (:* ONT::ORGANIZATION W::GREY) :START 74 :END 81))</lisp><rdf:RDF
<   xmlns:rdf="http://www.w3.org/1999/02/22-rdf-syntax-ns#"
<   xmlns:role="http://www.cs.rochester.edu/research/trips/role#"
<   xmlns:LF="http://www.cs.rochester.edu/research/trips/LF#">
<   <rdf:Description rdf:ID="V64061">
<     <LF:indicator>F</LF:indicator>
<     <LF:type>WEAR</LF:type>
<     <LF:word>WEAR</LF:word>
<     <role:NEUTRAL rdf:resource="#V64127" />
<     <role:AGENT1 rdf:resource="#V64199" />
<     <role:VFORM>ING</role:VFORM>
<     <LF:start>33</LF:start>
<     <LF:end>81</LF:end>
<   </rdf:Description>
<   <rdf:Description rdf:ID="V64127">
<     <LF:indicator>INDEF-SET</LF:indicator>
<     <LF:type>PHYS-OBJECT</LF:type>
<     <role:OPERATOR>AND</role:OPERATOR>
<     <role:SEQUENCE rdf:resource="#V64121" />
<     <role:SEQUENCE1 rdf:resource="#V64190" />
<     <LF:start>41</LF:start>
<     <LF:end>69</LF:end>
<   </rdf:Description>
<   <rdf:Description rdf:ID="V64121">
<     <LF:indicator>A</LF:indicator>
<     <LF:type>ATTIRE</LF:type>
<     <LF:word>CAP</LF:word>
<     <role:MOD rdf:resource="#V64108" />
<     <LF:start>41</LF:start>
<     <LF:end>51</LF:end>
<   </rdf:Description>
<   <rdf:Description rdf:ID="V64108">
<     <LF:indicator>F</LF:indicator>
<     <LF:type>RED</LF:type>
<     <LF:word>RED</LF:word>
<     <role:FIGURE rdf:resource="#V64121" />
<     <role:SCALE>COLOR-SCALE</role:SCALE>
<     <LF:start>43</LF:start>
<     <LF:end>47</LF:end>
<   </rdf:Description>
<   <rdf:Description rdf:ID="V64190">
<     <LF:indicator>A</LF:indicator>
<     <LF:type>PERSON</LF:type>
<     <LF:word>JUMPER</LF:word>
<     <role:MOD rdf:resource="#V64177" />
<     <LF:start>55</LF:start>
<     <LF:end>69</LF:end>
<   </rdf:Description>
<   <rdf:Description rdf:ID="V64177">
<     <LF:indicator>F</LF:indicator>
<     <LF:type>BLUE</LF:type>
<     <LF:word>BLUE</LF:word>
<     <role:FIGURE rdf:resource="#V64190" />
<     <role:SCALE>COLOR-SCALE</role:SCALE>
<     <LF:start>57</LF:start>
<     <LF:end>62</LF:end>
<   </rdf:Description>
<   <rdf:Description rdf:ID="V64199">
<     <LF:indicator>F</LF:indicator>
<     <LF:type>ACCOMPANIMENT</LF:type>
<     <LF:word>WITH</LF:word>
<     <role:GROUND rdf:resource="#V64252" />
<     <role:FIGURE rdf:resource="#V64061" />
<     <LF:start>69</LF:start>
<     <LF:end>81</LF:end>
<   </rdf:Description>
<   <rdf:Description rdf:ID="V64252">
<     <LF:indicator>A</LF:indicator>
<     <LF:type>ORGANIZATION</LF:type>
<     <LF:word>GREY</LF:word>
<     <LF:start>74</LF:start>
<     <LF:end>81</LF:end>
<   </rdf:Description>
< </rdf:RDF>
< </terms></utt><utt><words><lisp>(W::ZIP W::STANDING W::IN W::THE W::BACKYARD W::PUNC-PERIOD)</lisp><word>ZIP</word><word>STANDING</word><word>IN</word><word>THE</word><word>BACKYARD</word><word>PUNC-PERIOD</word></words><tags><lisp>((WORD &quot;zip&quot; :FRAME (81 84) :SENSE-INFO
<   ((:PENN-PARTS-OF-SPEECH (NN) :TRIPS-PARTS-OF-SPEECH (W::N))) :UTTNUM 7
<   :CHANNEL DESKTOP :DIRECTION INPUT)
<  (WORD &quot;standing&quot; :FRAME (85 93) :SENSE-INFO
<   ((:PENN-PARTS-OF-SPEECH (NN) :TRIPS-PARTS-OF-SPEECH (W::N))) :UTTNUM 7
<   :CHANNEL DESKTOP :DIRECTION INPUT)
<  (PREFER &quot;a grey zip standing&quot; :FRAME (74 93) :PENN-CATS (NP) :TRIPS-CATS
<   (W::NP) :SCORE 35.114 :UTTNUM 7 :CHANNEL DESKTOP :DIRECTION INPUT)
<  (WORD &quot;in&quot; :FRAME (94 96) :SENSE-INFO
<   ((:PENN-PARTS-OF-SPEECH (IN) :TRIPS-PARTS-OF-SPEECH (W::PREP W::ADV)))
<   :UTTNUM 7 :CHANNEL DESKTOP :DIRECTION INPUT)
<  (WORD &quot;standing in&quot; :FRAME (85 96) :SENSE-INFO
<   ((:PENN-PARTS-OF-SPEECH (VBG) :TRIPS-PARTS-OF-SPEECH (W::V) :WN-SENSE-KEYS
<     (&quot;stand_in%2:40:00&quot;)))
<   :UTTNUM 7 :CHANNEL DESKTOP :DIRECTION INPUT)
<  (WORD &quot;the&quot; :FRAME (97 100) :SENSE-INFO
<   ((:PENN-PARTS-OF-SPEECH (DT) :TRIPS-PARTS-OF-SPEECH (W::ART W::QUAN W::PRO)))
<   :UTTNUM 7 :CHANNEL DESKTOP :DIRECTION INPUT)
<  (WORD &quot;backyard&quot; :FRAME (101 109) :SENSE-INFO
<   ((:PENN-PARTS-OF-SPEECH (NN) :TRIPS-PARTS-OF-SPEECH (W::N))) :UTTNUM 7
<   :CHANNEL DESKTOP :DIRECTION INPUT)
<  (PREFER &quot;the backyard&quot; :FRAME (97 109) :PENN-CATS (NP) :TRIPS-CATS (W::NP)
<   :SCORE 14.054 :UTTNUM 7 :CHANNEL DESKTOP :DIRECTION INPUT)
<  (PREFER &quot;in the backyard&quot; :FRAME (94 109) :PENN-CATS (PP) :TRIPS-CATS (W::PP)
<   :SCORE 16.306 :UTTNUM 7 :CHANNEL DESKTOP :DIRECTION INPUT)
<  (PREFER &quot;a grey zip standing in the backyard&quot; :FRAME (74 109) :PENN-CATS (NP)
<   :TRIPS-CATS (W::NP) :SCORE 51.96 :UTTNUM 7 :CHANNEL DESKTOP :DIRECTION INPUT)
<  (PREFER &quot;with a grey zip standing in the backyard&quot; :FRAME (69 109) :PENN-CATS
<   (PP) :TRIPS-CATS (W::PP) :SCORE 56.21 :UTTNUM 7 :CHANNEL DESKTOP :DIRECTION
<   INPUT)
<  (PREFER
<   &quot;wearing a red cap and a blue jumper with a grey zip standing in the backyard&quot;
<   :FRAME (33 109) :PENN-CATS (VP) :TRIPS-CATS (W::VP) :SCORE 116.118 :UTTNUM 7
<   :CHANNEL DESKTOP :DIRECTION INPUT)
<  (WORD &quot;.&quot; :FRAME (110 110) :SENSE-INFO
<   ((:PENN-PARTS-OF-SPEECH (FULL_STOP) :TRIPS-PARTS-OF-SPEECH (W::PUNC)))
<   :UTTNUM 7 :CHANNEL DESKTOP :DIRECTION INPUT)
<  (PREFER
<   &quot;a dark-skinned , dark-haired boy wearing a red cap and a blue jumper with a grey zip standing in the backyard .&quot;
<   :FRAME (0 110) :PENN-CATS (NP) :TRIPS-CATS (W::NP) :SCORE 160.518 :UTTNUM 7
<   :CHANNEL DESKTOP :DIRECTION INPUT))</lisp><word lex="zip" start="81" end="84"><sense-info penn-parts-of-speech="NN" trips-parts-of-speech="N" /></word><word lex="standing" start="85" end="93"><sense-info penn-parts-of-speech="NN" trips-parts-of-speech="N" /></word><prefer text="a grey zip standing" start="74" end="93" penn-cats="NP" score="35.114" /><word lex="in" start="94" end="96"><sense-info penn-parts-of-speech="IN" trips-parts-of-speech="PREP,ADV" /></word><word lex="standing in" start="85" end="96"><sense-info penn-parts-of-speech="VBG" trips-parts-of-speech="V" wn-sense-keys="stand_in%2:40:00" /></word><word lex="the" start="97" end="100"><sense-info penn-parts-of-speech="DT" trips-parts-of-speech="ART,QUAN,PRO" /></word><word lex="backyard" start="101" end="109"><sense-info penn-parts-of-speech="NN" trips-parts-of-speech="N" /></word><prefer text="the backyard" start="97" end="109" penn-cats="NP" score="14.054" /><prefer text="in the backyard" start="94" end="109" penn-cats="PP" score="16.306" /><prefer text="a grey zip standing in the backyard" start="74" end="109" penn-cats="NP" score="51.96" /><prefer text="with a grey zip standing in the backyard" start="69" end="109" penn-cats="PP" score="56.21" /><prefer text="wearing a red cap and a blue jumper with a grey zip standing in the backyard" start="33" end="109" penn-cats="VP" score="116.118" /><word lex="." start="110" end="110"><sense-info penn-parts-of-speech="FULL_STOP" trips-parts-of-speech="PUNC" /></word><prefer text="a dark-skinned , dark-haired boy wearing a red cap and a blue jumper with a grey zip standing in the backyard ." start="0" end="110" penn-cats="NP" score="160.518" /></tags><tree><lisp>(NP (N1 (ADJP (ADJ1 (ADJ DARK PUNC-MINUS HAIRED))) (N1 (N BOY))))</lisp><NP><N1><ADJP><ADJ1><ADJ>DARK PUNC-MINUS HAIRED</ADJ></ADJ1></ADJP><N1><N>BOY</N></N1></N1></NP></tree><terms root="#V65488"><lisp>((ONT::SPEECHACT ONT::V65488 ONT::SA_IDENTIFY :PUNCTYPE W::DECL :CONTENT
<   ONT::V64274 :START 81 :END 110)
<  (ONT::BARE ONT::V64274 (:* ONT::BE-AT-LOC W::STAND) :NEUTRAL ONT::V64264
<   :LOCATION ONT::V64289 :START 81 :END 110)
<  (ONT::BARE ONT::V64264 (:* ONT::QUANTITY W::ZIP) :START 81 :END 85)
<  (ONT::F ONT::V64289 (:* ONT::IN-LOC W::IN) :GROUND ONT::V64358 :FIGURE
<   ONT::V64274 :START 94 :END 110)
<  (ONT::THE ONT::V64358 (:* ONT::GEO-OBJECT W::BACKYARD) :START 97 :END 110))</lisp><rdf:RDF
<   xmlns:rdf="http://www.w3.org/1999/02/22-rdf-syntax-ns#"
<   xmlns:role="http://www.cs.rochester.edu/research/trips/role#"
<   xmlns:LF="http://www.cs.rochester.edu/research/trips/LF#">
<   <rdf:Description rdf:ID="V65488">
<     <LF:indicator>SPEECHACT</LF:indicator>
<     <LF:type>SA_IDENTIFY</LF:type>
<     <role:PUNCTYPE>DECL</role:PUNCTYPE>
<     <role:CONTENT rdf:resource="#V64274" />
<     <LF:start>81</LF:start>
<     <LF:end>110</LF:end>
<   </rdf:Description>
<   <rdf:Description rdf:ID="V64274">
<     <LF:indicator>BARE</LF:indicator>
<     <LF:type>BE-AT-LOC</LF:type>
<     <LF:word>STAND</LF:word>
<     <role:NEUTRAL rdf:resource="#V64264" />
<     <role:LOCATION rdf:resource="#V64289" />
<     <LF:start>81</LF:start>
<     <LF:end>110</LF:end>
<   </rdf:Description>
<   <rdf:Description rdf:ID="V64264">
<     <LF:indicator>BARE</LF:indicator>
<     <LF:type>QUANTITY</LF:type>
<     <LF:word>ZIP</LF:word>
<     <LF:start>81</LF:start>
<     <LF:end>85</LF:end>
<   </rdf:Description>
<   <rdf:Description rdf:ID="V64289">
<     <LF:indicator>F</LF:indicator>
<     <LF:type>IN-LOC</LF:type>
<     <LF:word>IN</LF:word>
<     <role:GROUND rdf:resource="#V64358" />
<     <role:FIGURE rdf:resource="#V64274" />
<     <LF:start>94</LF:start>
<     <LF:end>110</LF:end>
<   </rdf:Description>
<   <rdf:Description rdf:ID="V64358">
<     <LF:indicator>THE</LF:indicator>
<     <LF:type>GEO-OBJECT</LF:type>
<     <LF:word>BACKYARD</LF:word>
<     <LF:start>97</LF:start>
<     <LF:end>110</LF:end>
<   </rdf:Description>
< </rdf:RDF>
< </terms></utt></compound-communication-act>
< </trips-parser-output>
\ No newline at end of file
---
> <SpRL>
>  <SCENE>
>   <SENTENCE id="s1" indicator="F" type="MODIFIER" text="DARK-PUNC-MINUS-SKINNED" start="2" end="15" WNSENSE="dark-skinned%5:00:00">
>    <TEXT>dark-skinned ,</TEXT>
>   </SENTENCE>
>   <SENTENCE id="s2" indicator="BARE" type="MALE-CHILD" text="BOY" start="17" end="33">
>    <TEXT>dark-haired boy w</TEXT>
>    <RELATION id="1" head="V64055" res="V64052" label="MOD"/>
>    <PHRASE id="V64052" indicator="F" type="MODIFIER" text="DARK-PUNC-MINUS-HAIRED" start="17" end="29" WNSENSE="dark-haired%5:00:00"/>
>    <RELATION id="2" head="V64052" res="V64055" label="FIGURE"/>
>   </SENTENCE>
>   <SENTENCE id="s3" indicator="F" type="WEAR" text="WEAR" VFORM="ING" start="33" end="81">
>    <TEXT>wearing a red cap and a blue jumper with a grey z</TEXT>
>    <RELATION id="3" head="V64061" res="V64127" label="NEUTRAL"/>
>    <RELATION id="4" head="V64061" res="V64199" label="AGENT1"/>
>    <PHRASE id="V64127" indicator="INDEF-SET" type="PHYS-OBJECT" OPERATOR="AND" start="41" end="69"/>
>    <RELATION id="5" head="V64127" res="V64121" label="SEQUENCE"/>
>    <RELATION id="6" head="V64127" res="V64190" label="SEQUENCE1"/>
>    <PHRASE id="V64121" indicator="A" type="ATTIRE" text="CAP" start="41" end="51"/>
>    <RELATION id="7" head="V64121" res="V64108" label="MOD"/>
>    <PHRASE id="V64108" indicator="F" type="RED" text="RED" SCALE="COLOR-SCALE" start="43" end="47"/>
>    <RELATION id="8" head="V64108" res="V64121" label="FIGURE"/>
>    <PHRASE id="V64190" indicator="A" type="PERSON" text="JUMPER" start="55" end="69"/>
>    <RELATION id="9" head="V64190" res="V64177" label="MOD"/>
>    <PHRASE id="V64177" indicator="F" type="BLUE" text="BLUE" SCALE="COLOR-SCALE" start="57" end="62"/>
>    <RELATION id="10" head="V64177" res="V64190" label="FIGURE"/>
>    <PHRASE id="V64199" indicator="F" type="ACCOMPANIMENT" text="WITH" start="69" end="81"/>
>    <RELATION id="11" head="V64199" res="V64252" label="GROUND"/>
>    <RELATION id="12" head="V64199" res="V64061" label="FIGURE"/>
>    <PHRASE id="V64252" indicator="A" type="ORGANIZATION" text="GREY" start="74" end="81"/>
>   </SENTENCE>
>   <SENTENCE id="s4" indicator="SPEECHACT" type="SA_IDENTIFY" PUNCTYPE="DECL" start="81" end="110">
>    <TEXT>zip standing in the backyard .</TEXT>
>    <RELATION id="13" head="V65488" res="V64274" label="CONTENT"/>
>    <PHRASE id="V64274" indicator="BARE" type="BE-AT-LOC" text="STAND" start="81" end="110"/>
>    <RELATION id="14" head="V64274" res="V64264" label="NEUTRAL"/>
>    <RELATION id="15" head="V64274" res="V64289" label="LOCATION"/>
>    <PHRASE id="V64264" indicator="BARE" type="QUANTITY" text="ZIP" start="81" end="85"/>
>    <PHRASE id="V64289" indicator="F" type="IN-LOC" text="IN" start="94" end="110"/>
>    <RELATION id="16" head="V64289" res="V64358" label="GROUND"/>
>    <RELATION id="17" head="V64289" res="V64274" label="FIGURE"/>
>    <PHRASE id="V64358" indicator="THE" type="GEO-OBJECT" text="BACKYARD" start="97" end="110"/>
>   </SENTENCE>
>  </SCENE>
> </SpRL>
