2,415c2,56
< <?xml-stylesheet type="text/xsl" href="../style/parser-interface.xsl"?>
< <!DOCTYPE trips-parser-output SYSTEM "../trips-parser-output.dtd">
< <trips-parser-output parser-build-date="2017-09-20T12:11:02-0500" system="STEP" extsformat="svg" tagsformat="hidden" treecontents="phrase" treeformat="LinGO" lfformat="svg" semantic-skeleton-scoring="T" rule-sets="" input="a little red wooden desk and two red and two blue chairs in front of a green wall full with children's paintings .
< ">
< <debug>
< 
<  FOUNDS SEQUENCE from constit (% W::NP (W::BARE-SEQUENCE -) (W::CONSTRAINT -)
<                                  (W::MASS W::BARE) (W::GENERATED +)
<                                  (W::POSTADVBL +)
<                                  (W::SEM ?8607:(?93068:(F::PHYS-OBJ
<                                                         F::ABSTR-OBJ) NIL))
<                                  (W::LF (% W::DESCRIPTION (W::STATUS ONT::DEFINITE)
<                                            (W::VAR V153772)
<                                            (W::SORT W::INDIVIDUAL)
<                                            (W::LEX (W::A))
<                                            (W::CLASS ONT::SEQUENCE)
<                                            (W::CONSTRAINT (% &amp; (W::NAME-OF (W::A))
<                                                              (W::VAL (W::A))))
<                                            (W::LEX W::A) (W::SEM ?93066)
<                                            (W::TRANSFORM ?93067)))
<                                  (W::CASE ?93065:(W::SUB W::OBJ -))
<                                  (W::AGR ?93064) (W::CLASS ONT::ANY-SEM)
<                                  (W::VAR V153772) (W::SORT W::PRED) (W::NAME -)
<                                  (W::PRO -) (W::CHANGEAGR -) (W::LEX W::A)
<                                  (W::HEADCAT W::VALUE) (W::TRANSFORM -)
<                                  (W::REFL -) (1 RNUMBER153939))
< 
<  FOUNDS SEQUENCE from constit (% W::NP (W::BARE-SEQUENCE -) (W::CONSTRAINT -)
<                                  (W::MASS W::BARE) (W::GENERATED +)
<                                  (W::POSTADVBL +)
<                                  (W::SEM ?8607:(?93365:(F::PHYS-OBJ
<                                                         F::ABSTR-OBJ) NIL))
<                                  (W::LF (% W::DESCRIPTION (W::STATUS ONT::DEFINITE)
<                                            (W::VAR V153775)
<                                            (W::SORT W::INDIVIDUAL)
<                                            (W::LEX (W::A))
<                                            (W::CLASS ONT::SEQUENCE)
<                                            (W::CONSTRAINT (% &amp; (W::NAME-OF (W::A))
<                                                              (W::VAL (W::A))))
<                                            (W::LEX W::A) (W::SEM ?93363)
<                                            (W::TRANSFORM ?93364)))
<                                  (W::CASE ?93362:(W::SUB W::OBJ -))
<                                  (W::AGR ?93361) (W::CLASS ONT::ANY-SEM)
<                                  (W::VAR V153775) (W::SORT W::PRED) (W::NAME -)
<                                  (W::PRO -) (W::CHANGEAGR -) (W::LEX W::A)
<                                  (W::HEADCAT W::VALUE) (W::TRANSFORM -)
<                                  (W::REFL -) (1 RNUMBER153941))
< *last-utt-id*=NIL  utt-id+29
< *last-utt-id*=29  utt-id+29
< *last-utt-id*=29  utt-id+29
< *last-utt-id*=29  utt-id+NIL</debug><compound-communication-act>
< <utt><words><lisp>(W::A W::LITTLE W::RED W::WOODEN W::DESK W::AND W::TWO W::RED)</lisp><word>A</word><word>LITTLE</word><word>RED</word><word>WOODEN</word><word>DESK</word><word>AND</word><word>TWO</word><word>RED</word></words><tags><lisp>((WORD &quot;a&quot; :FRAME (0 1) :SENSE-INFO
<   ((:PENN-PARTS-OF-SPEECH (DT) :TRIPS-PARTS-OF-SPEECH (W::ART W::QUAN W::PRO)))
<   :UTTNUM 29 :CHANNEL DESKTOP :DIRECTION INPUT)
<  (WORD &quot;little&quot; :FRAME (2 8) :SENSE-INFO
<   ((:PENN-PARTS-OF-SPEECH (JJ) :TRIPS-PARTS-OF-SPEECH (W::ADJ))) :UTTNUM 29
<   :CHANNEL DESKTOP :DIRECTION INPUT)
<  (WORD &quot;a little&quot; :FRAME (0 8) :SENSE-INFO
<   ((:PENN-PARTS-OF-SPEECH (RB) :TRIPS-PARTS-OF-SPEECH (W::ADV) :WN-SENSE-KEYS
<     (&quot;a_little%4:02:00&quot;)))
<   :UTTNUM 29 :CHANNEL DESKTOP :DIRECTION INPUT)
<  (WORD &quot;red&quot; :FRAME (9 12) :SENSE-INFO
<   ((:PENN-PARTS-OF-SPEECH (JJ) :TRIPS-PARTS-OF-SPEECH (W::ADJ))) :UTTNUM 29
<   :CHANNEL DESKTOP :DIRECTION INPUT)
<  (WORD &quot;wooden&quot; :FRAME (13 19) :SENSE-INFO
<   ((:PENN-PARTS-OF-SPEECH (JJ) :TRIPS-PARTS-OF-SPEECH (W::ADJ))) :UTTNUM 29
<   :CHANNEL DESKTOP :DIRECTION INPUT)
<  (WORD &quot;desk&quot; :FRAME (20 24) :SENSE-INFO
<   ((:PENN-PARTS-OF-SPEECH (NN) :TRIPS-PARTS-OF-SPEECH (W::N))) :UTTNUM 29
<   :CHANNEL DESKTOP :DIRECTION INPUT)
<  (PREFER &quot;a little red wooden desk&quot; :FRAME (0 24) :PENN-CATS (NP) :TRIPS-CATS
<   (W::NP) :SCORE 40.485 :UTTNUM 29 :CHANNEL DESKTOP :DIRECTION INPUT)
<  (WORD &quot;and&quot; :FRAME (25 28) :SENSE-INFO
<   ((:PENN-PARTS-OF-SPEECH (CC) :TRIPS-PARTS-OF-SPEECH (W::CONJ))) :UTTNUM 29
<   :CHANNEL DESKTOP :DIRECTION INPUT)
<  (WORD &quot;two&quot; :FRAME (29 32) :SENSE-INFO
<   ((:PENN-PARTS-OF-SPEECH (CD) :TRIPS-PARTS-OF-SPEECH
<     (W::NUMBER W::NUMBER-UNIT)))
<   :UTTNUM 29 :CHANNEL DESKTOP :DIRECTION INPUT)
<  (WORD &quot;red&quot; :FRAME (33 36) :SENSE-INFO
<   ((:PENN-PARTS-OF-SPEECH (JJ NN) :TRIPS-PARTS-OF-SPEECH (W::ADJ W::N)))
<   :UTTNUM 29 :CHANNEL DESKTOP :DIRECTION INPUT)
<  (PREFER &quot;two red&quot; :FRAME (29 36) :PENN-CATS (NP) :TRIPS-CATS (W::NP) :SCORE
<   17.894 :UTTNUM 29 :CHANNEL DESKTOP :DIRECTION INPUT)
<  (PREFER &quot;a little red wooden desk and two red&quot; :FRAME (0 36) :PENN-CATS (NP)
<   :TRIPS-CATS (W::NP) :SCORE 61.453 :UTTNUM 29 :CHANNEL DESKTOP :DIRECTION
<   INPUT))</lisp><word lex="a" start="0" end="1"><sense-info penn-parts-of-speech="DT" trips-parts-of-speech="ART,QUAN,PRO" /></word><word lex="little" start="2" end="8"><sense-info penn-parts-of-speech="JJ" trips-parts-of-speech="ADJ" /></word><word lex="a little" start="0" end="8"><sense-info penn-parts-of-speech="RB" trips-parts-of-speech="ADV" wn-sense-keys="a_little%4:02:00" /></word><word lex="red" start="9" end="12"><sense-info penn-parts-of-speech="JJ" trips-parts-of-speech="ADJ" /></word><word lex="wooden" start="13" end="19"><sense-info penn-parts-of-speech="JJ" trips-parts-of-speech="ADJ" /></word><word lex="desk" start="20" end="24"><sense-info penn-parts-of-speech="NN" trips-parts-of-speech="N" /></word><prefer text="a little red wooden desk" start="0" end="24" penn-cats="NP" score="40.485" /><word lex="and" start="25" end="28"><sense-info penn-parts-of-speech="CC" trips-parts-of-speech="CONJ" /></word><word lex="two" start="29" end="32"><sense-info penn-parts-of-speech="CD" trips-parts-of-speech="NUMBER,NUMBER-UNIT" /></word><word lex="red" start="33" end="36"><sense-info penn-parts-of-speech="JJ,NN" trips-parts-of-speech="ADJ,N" /></word><prefer text="two red" start="29" end="36" penn-cats="NP" score="17.894" /><prefer text="a little red wooden desk and two red" start="0" end="36" penn-cats="NP" score="61.453" /></tags><tree><lisp>(NP
<  (NP (SPEC (DET (ART A)))
<   (N1 (ADJP (ADJ1 (ADJ LITTLE)))
<    (N1 (ADJP (ADJ1 (ADJ RED))) (N1 (ADJP (ADJ1 (ADJ WOODEN))) (N1 (N DESK))))))
<  (CONJ AND) (NP (N1 (NP (NAME (TIME-VALUE (NUMBER TWO)))) (N1 (N RED)))))</lisp><NP><NP><SPEC><DET><ART>A</ART></DET></SPEC><N1><ADJP><ADJ1><ADJ>LITTLE</ADJ></ADJ1></ADJP><N1><ADJP><ADJ1><ADJ>RED</ADJ></ADJ1></ADJP><N1><ADJP><ADJ1><ADJ>WOODEN</ADJ></ADJ1></ADJP><N1><N>DESK</N></N1></N1></N1></N1></NP><CONJ>AND</CONJ><NP><N1><NP><NAME><TIME-VALUE><NUMBER>TWO</NUMBER></TIME-VALUE></NAME></NP><N1><N>RED</N></N1></N1></NP></NP></tree><terms root="#V152080"><lisp>((ONT::INDEF-SET ONT::V152080 ONT::PHYS-OBJECT :OPERATOR ONT::AND :SEQUENCE
<   (ONT::V152076 ONT::V152100) :START 0 :END 37)
<  (ONT::A ONT::V152076 (:* ONT::FURNISHINGS W::DESK) :MOD ONT::V152011 :MOD
<   ONT::V152062 :MOD ONT::V152070 :START 0 :END 25)
<  (ONT::F ONT::V152011 (:* ONT::LITTLE W::LITTLE) :ORIENTATION ONT::LESS
<   :INTENSITY ONT::MED :FIGURE ONT::V152076 :SCALE ONT::SIZE-SCALE :START 2 :END
<   9)
<  (ONT::F ONT::V152062 (:* ONT::RED W::RED) :FIGURE ONT::V152076 :SCALE
<   ONT::COLOR-SCALE :START 9 :END 13)
<  (ONT::F ONT::V152070 (:* ONT::AWKWARD-VAL W::WOODEN) :FIGURE ONT::V152076
<   :START 13 :END 20)
<  (ONT::BARE ONT::V152100 (:* ONT::PERSON W::RED) :ASSOC-WITH ONT::V152090
<   :START 29 :END 37)
<  (ONT::THE ONT::V152090 ONT::TIME-LOC :NAME-OF (W::TWO) :HOUR 2 :START 29 :END
<   33))</lisp><rdf:RDF
<   xmlns:rdf="http://www.w3.org/1999/02/22-rdf-syntax-ns#"
<   xmlns:role="http://www.cs.rochester.edu/research/trips/role#"
<   xmlns:LF="http://www.cs.rochester.edu/research/trips/LF#">
<   <rdf:Description rdf:ID="V152080">
<     <LF:indicator>INDEF-SET</LF:indicator>
<     <LF:type>PHYS-OBJECT</LF:type>
<     <role:OPERATOR>AND</role:OPERATOR>
<     <role:SEQUENCE rdf:resource="#V152076" />
<     <role:SEQUENCE1 rdf:resource="#V152100" />
<     <LF:start>0</LF:start>
<     <LF:end>37</LF:end>
<   </rdf:Description>
<   <rdf:Description rdf:ID="V152076">
<     <LF:indicator>A</LF:indicator>
<     <LF:type>FURNISHINGS</LF:type>
<     <LF:word>DESK</LF:word>
<     <role:MOD rdf:resource="#V152011" />
<     <role:MOD rdf:resource="#V152062" />
<     <role:MOD rdf:resource="#V152070" />
<     <LF:start>0</LF:start>
<     <LF:end>25</LF:end>
<   </rdf:Description>
<   <rdf:Description rdf:ID="V152011">
<     <LF:indicator>F</LF:indicator>
<     <LF:type>LITTLE</LF:type>
<     <LF:word>LITTLE</LF:word>
<     <role:ORIENTATION>LESS</role:ORIENTATION>
<     <role:INTENSITY>MED</role:INTENSITY>
<     <role:FIGURE rdf:resource="#V152076" />
<     <role:SCALE>SIZE-SCALE</role:SCALE>
<     <LF:start>2</LF:start>
<     <LF:end>9</LF:end>
<   </rdf:Description>
<   <rdf:Description rdf:ID="V152062">
<     <LF:indicator>F</LF:indicator>
<     <LF:type>RED</LF:type>
<     <LF:word>RED</LF:word>
<     <role:FIGURE rdf:resource="#V152076" />
<     <role:SCALE>COLOR-SCALE</role:SCALE>
<     <LF:start>9</LF:start>
<     <LF:end>13</LF:end>
<   </rdf:Description>
<   <rdf:Description rdf:ID="V152070">
<     <LF:indicator>F</LF:indicator>
<     <LF:type>AWKWARD-VAL</LF:type>
<     <LF:word>WOODEN</LF:word>
<     <role:FIGURE rdf:resource="#V152076" />
<     <LF:start>13</LF:start>
<     <LF:end>20</LF:end>
<   </rdf:Description>
<   <rdf:Description rdf:ID="V152100">
<     <LF:indicator>BARE</LF:indicator>
<     <LF:type>PERSON</LF:type>
<     <LF:word>RED</LF:word>
<     <role:ASSOC-WITH rdf:resource="#V152090" />
<     <LF:start>29</LF:start>
<     <LF:end>37</LF:end>
<   </rdf:Description>
<   <rdf:Description rdf:ID="V152090">
<     <LF:indicator>THE</LF:indicator>
<     <LF:type>TIME-LOC</LF:type>
<     <role:NAME-OF>(TWO)</role:NAME-OF>
<     <role:HOUR>2</role:HOUR>
<     <LF:start>29</LF:start>
<     <LF:end>33</LF:end>
<   </rdf:Description>
< </rdf:RDF>
< </terms></utt><utt><words><lisp>(W::AND W::TWO W::BLUE W::CHAIRS W::IN W::FRONT W::OF W::A W::GREEN W::WALL)</lisp><word>AND</word><word>TWO</word><word>BLUE</word><word>CHAIRS</word><word>IN</word><word>FRONT</word><word>OF</word><word>A</word><word>GREEN</word><word>WALL</word></words><tags><lisp>((WORD &quot;and&quot; :FRAME (37 40) :SENSE-INFO
<   ((:PENN-PARTS-OF-SPEECH (CC) :TRIPS-PARTS-OF-SPEECH (W::CONJ))) :UTTNUM 29
<   :CHANNEL DESKTOP :DIRECTION INPUT)
<  (WORD &quot;two&quot; :FRAME (41 44) :SENSE-INFO
<   ((:PENN-PARTS-OF-SPEECH (CD) :TRIPS-PARTS-OF-SPEECH
<     (W::NUMBER W::NUMBER-UNIT)))
<   :UTTNUM 29 :CHANNEL DESKTOP :DIRECTION INPUT)
<  (WORD &quot;blue&quot; :FRAME (45 49) :SENSE-INFO
<   ((:PENN-PARTS-OF-SPEECH (JJ) :TRIPS-PARTS-OF-SPEECH (W::ADJ))) :UTTNUM 29
<   :CHANNEL DESKTOP :DIRECTION INPUT)
<  (WORD &quot;chairs&quot; :FRAME (50 56) :SENSE-INFO
<   ((:PENN-PARTS-OF-SPEECH (NNS) :TRIPS-PARTS-OF-SPEECH (W::N))) :UTTNUM 29
<   :CHANNEL DESKTOP :DIRECTION INPUT)
<  (PREFER &quot;two blue chairs&quot; :FRAME (41 56) :PENN-CATS (NP) :TRIPS-CATS (W::NP)
<   :SCORE 25.888 :UTTNUM 29 :CHANNEL DESKTOP :DIRECTION INPUT)
<  (WORD &quot;in&quot; :FRAME (57 59) :SENSE-INFO
<   ((:PENN-PARTS-OF-SPEECH (IN) :TRIPS-PARTS-OF-SPEECH (W::PREP W::ADV)))
<   :UTTNUM 29 :CHANNEL DESKTOP :DIRECTION INPUT)
<  (WORD &quot;front&quot; :FRAME (60 65) :SENSE-INFO
<   ((:PENN-PARTS-OF-SPEECH (NN) :TRIPS-PARTS-OF-SPEECH (W::N))) :UTTNUM 29
<   :CHANNEL DESKTOP :DIRECTION INPUT)
<  (PREFER &quot;front&quot; :FRAME (60 65) :PENN-CATS (NP) :TRIPS-CATS (W::NP) :SCORE
<   10.944 :UTTNUM 29 :CHANNEL DESKTOP :DIRECTION INPUT)
<  (WORD &quot;in front&quot; :FRAME (57 65) :SENSE-INFO
<   ((:PENN-PARTS-OF-SPEECH (RB) :TRIPS-PARTS-OF-SPEECH (W::ADV) :WN-SENSE-KEYS
<     (&quot;in_front%4:02:00&quot;)))
<   :UTTNUM 29 :CHANNEL DESKTOP :DIRECTION INPUT)
<  (WORD &quot;of&quot; :FRAME (66 68) :SENSE-INFO
<   ((:PENN-PARTS-OF-SPEECH (IN) :TRIPS-PARTS-OF-SPEECH (W::PREP W::ADV)))
<   :UTTNUM 29 :CHANNEL DESKTOP :DIRECTION INPUT)
<  (WORD &quot;a&quot; :FRAME (69 70) :SENSE-INFO
<   ((:PENN-PARTS-OF-SPEECH (DT) :TRIPS-PARTS-OF-SPEECH (W::ART W::QUAN W::PRO)))
<   :UTTNUM 29 :CHANNEL DESKTOP :DIRECTION INPUT)
<  (WORD &quot;green&quot; :FRAME (71 76) :SENSE-INFO
<   ((:PENN-PARTS-OF-SPEECH (NN JJ) :TRIPS-PARTS-OF-SPEECH (W::N W::ADJ)))
<   :UTTNUM 29 :CHANNEL DESKTOP :DIRECTION INPUT)
<  (WORD &quot;wall&quot; :FRAME (77 81) :SENSE-INFO
<   ((:PENN-PARTS-OF-SPEECH (NN) :TRIPS-PARTS-OF-SPEECH (W::N))) :UTTNUM 29
<   :CHANNEL DESKTOP :DIRECTION INPUT)
<  (PREFER &quot;a green wall&quot; :FRAME (69 81) :PENN-CATS (NP) :TRIPS-CATS (W::NP)
<   :SCORE 21.67 :UTTNUM 29 :CHANNEL DESKTOP :DIRECTION INPUT)
<  (PREFER &quot;of a green wall&quot; :FRAME (66 81) :PENN-CATS (PP) :TRIPS-CATS (W::PP)
<   :SCORE 22.737 :UTTNUM 29 :CHANNEL DESKTOP :DIRECTION INPUT)
<  (PREFER &quot;front of a green wall&quot; :FRAME (60 81) :PENN-CATS (NP) :TRIPS-CATS
<   (W::NP) :SCORE 34.223 :UTTNUM 29 :CHANNEL DESKTOP :DIRECTION INPUT)
<  (PREFER &quot;in front of a green wall&quot; :FRAME (57 81) :PENN-CATS (PP) :TRIPS-CATS
<   (W::PP) :SCORE 37.819 :UTTNUM 29 :CHANNEL DESKTOP :DIRECTION INPUT)
<  (PREFER &quot;two blue chairs in front of a green wall&quot; :FRAME (41 81) :PENN-CATS
<   (NP) :TRIPS-CATS (W::NP) :SCORE 64.368 :UTTNUM 29 :CHANNEL DESKTOP :DIRECTION
<   INPUT)
<  (PREFER
<   &quot;a little red wooden desk and two red and two blue chairs in front of a green wall&quot;
<   :FRAME (0 81) :PENN-CATS (NP) :TRIPS-CATS (W::NP) :SCORE 131.372 :UTTNUM 29
<   :CHANNEL DESKTOP :DIRECTION INPUT))</lisp><word lex="and" start="37" end="40"><sense-info penn-parts-of-speech="CC" trips-parts-of-speech="CONJ" /></word><word lex="two" start="41" end="44"><sense-info penn-parts-of-speech="CD" trips-parts-of-speech="NUMBER,NUMBER-UNIT" /></word><word lex="blue" start="45" end="49"><sense-info penn-parts-of-speech="JJ" trips-parts-of-speech="ADJ" /></word><word lex="chairs" start="50" end="56"><sense-info penn-parts-of-speech="NNS" trips-parts-of-speech="N" /></word><prefer text="two blue chairs" start="41" end="56" penn-cats="NP" score="25.888" /><word lex="in" start="57" end="59"><sense-info penn-parts-of-speech="IN" trips-parts-of-speech="PREP,ADV" /></word><word lex="front" start="60" end="65"><sense-info penn-parts-of-speech="NN" trips-parts-of-speech="N" /></word><prefer text="front" start="60" end="65" penn-cats="NP" score="10.944" /><word lex="in front" start="57" end="65"><sense-info penn-parts-of-speech="RB" trips-parts-of-speech="ADV" wn-sense-keys="in_front%4:02:00" /></word><word lex="of" start="66" end="68"><sense-info penn-parts-of-speech="IN" trips-parts-of-speech="PREP,ADV" /></word><word lex="a" start="69" end="70"><sense-info penn-parts-of-speech="DT" trips-parts-of-speech="ART,QUAN,PRO" /></word><word lex="green" start="71" end="76"><sense-info penn-parts-of-speech="NN,JJ" trips-parts-of-speech="N,ADJ" /></word><word lex="wall" start="77" end="81"><sense-info penn-parts-of-speech="NN" trips-parts-of-speech="N" /></word><prefer text="a green wall" start="69" end="81" penn-cats="NP" score="21.67" /><prefer text="of a green wall" start="66" end="81" penn-cats="PP" score="22.737" /><prefer text="front of a green wall" start="60" end="81" penn-cats="NP" score="34.223" /><prefer text="in front of a green wall" start="57" end="81" penn-cats="PP" score="37.819" /><prefer text="two blue chairs in front of a green wall" start="41" end="81" penn-cats="NP" score="64.368" /><prefer text="a little red wooden desk and two red and two blue chairs in front of a green wall" start="0" end="81" penn-cats="NP" score="131.372" /></tags><tree><lisp>(UTT (ADVBL (ADV AND))
<  (UTT
<   (NP
<    (N1 (N1 (ADJP (NUMBER TWO)) (N1 (ADJP (ADJ1 (ADJ BLUE))) (N1 (N CHAIRS))))
<     (ADVBL (ADV IN)
<      (NP
<       (N1 (N FRONT)
<        (PP (PREP OF)
<         (NP (SPEC (DET (ART A)))
<          (N1 (ADJP (ADJ1 (ADJ GREEN))) (N1 (N WALL))))))))))))</lisp><UTT><ADVBL><ADV>AND</ADV></ADVBL><UTT><NP><N1><N1><ADJP><NUMBER>TWO</NUMBER></ADJP><N1><ADJP><ADJ1><ADJ>BLUE</ADJ></ADJ1></ADJP><N1><N>CHAIRS</N></N1></N1></N1><ADVBL><ADV>IN</ADV><NP><N1><N>FRONT</N><PP><PREP>OF</PREP><NP><SPEC><DET><ART>A</ART></DET></SPEC><N1><ADJP><ADJ1><ADJ>GREEN</ADJ></ADJ1></ADJP><N1><N>WALL</N></N1></N1></NP></PP></N1></NP></ADVBL></N1></NP></UTT></UTT></tree><terms root="#V152653"><lisp>((ONT::SPEECHACT ONT::V152653 ONT::SA_IDENTIFY :CONTENT ONT::V152126 :MOD
<   ONT::V152109 :START 37 :END 82)
<  (ONT::F ONT::V152109 (:* ONT::CONJUNCT W::AND) :FIGURE ONT::V152653 :START 37
<   :END 41)
<  (ONT::INDEF-SET ONT::V152126 (:* ONT::FURNISHINGS W::CHAIR) :SIZE ONT::V152118
<   :LOCATION ONT::V152133 :MOD ONT::V152120 :START 41 :END 82)
<  (ONT::A ONT::V152118 ONT::NUMBER :VALUE 2 :START 41 :END 45)
<  (ONT::F ONT::V152120 (:* ONT::BLUE W::BLUE) :FIGURE ONT::V152126 :SCALE
<   ONT::COLOR-SCALE :START 45 :END 50)
<  (ONT::F ONT::V152133 (:* ONT::IN-LOC W::IN) :GROUND ONT::V152182 :FIGURE
<   ONT::V152126 :START 57 :END 82)
<  (ONT::BARE ONT::V152182 (:* ONT::OBJECT-DEPENDENT-LOCATION W::FRONT) :FIGURE
<   ONT::V152295 :START 60 :END 82)
<  (ONT::A ONT::V152295 (:* ONT::STRUCTURE-INTERNAL-COMPONENT W::WALL) :MOD
<   ONT::V152284 :START 66 :END 82)
<  (ONT::F ONT::V152284 (:* ONT::GREEN W::GREEN) :FIGURE ONT::V152295 :SCALE
<   ONT::GREEN*1--07--00 :START 71 :END 77))</lisp><rdf:RDF
<   xmlns:rdf="http://www.w3.org/1999/02/22-rdf-syntax-ns#"
<   xmlns:role="http://www.cs.rochester.edu/research/trips/role#"
<   xmlns:LF="http://www.cs.rochester.edu/research/trips/LF#">
<   <rdf:Description rdf:ID="V152653">
<     <LF:indicator>SPEECHACT</LF:indicator>
<     <LF:type>SA_IDENTIFY</LF:type>
<     <role:CONTENT rdf:resource="#V152126" />
<     <role:MOD rdf:resource="#V152109" />
<     <LF:start>37</LF:start>
<     <LF:end>82</LF:end>
<   </rdf:Description>
<   <rdf:Description rdf:ID="V152109">
<     <LF:indicator>F</LF:indicator>
<     <LF:type>CONJUNCT</LF:type>
<     <LF:word>AND</LF:word>
<     <role:FIGURE rdf:resource="#V152653" />
<     <LF:start>37</LF:start>
<     <LF:end>41</LF:end>
<   </rdf:Description>
<   <rdf:Description rdf:ID="V152126">
<     <LF:indicator>INDEF-SET</LF:indicator>
<     <LF:type>FURNISHINGS</LF:type>
<     <LF:word>CHAIR</LF:word>
<     <role:SIZE rdf:resource="#V152118" />
<     <role:LOCATION rdf:resource="#V152133" />
<     <role:MOD rdf:resource="#V152120" />
<     <LF:start>41</LF:start>
<     <LF:end>82</LF:end>
<   </rdf:Description>
<   <rdf:Description rdf:ID="V152118">
<     <LF:indicator>A</LF:indicator>
<     <LF:type>NUMBER</LF:type>
<     <role:VALUE>2</role:VALUE>
<     <LF:start>41</LF:start>
<     <LF:end>45</LF:end>
<   </rdf:Description>
<   <rdf:Description rdf:ID="V152120">
<     <LF:indicator>F</LF:indicator>
<     <LF:type>BLUE</LF:type>
<     <LF:word>BLUE</LF:word>
<     <role:FIGURE rdf:resource="#V152126" />
<     <role:SCALE>COLOR-SCALE</role:SCALE>
<     <LF:start>45</LF:start>
<     <LF:end>50</LF:end>
<   </rdf:Description>
<   <rdf:Description rdf:ID="V152133">
<     <LF:indicator>F</LF:indicator>
<     <LF:type>IN-LOC</LF:type>
<     <LF:word>IN</LF:word>
<     <role:GROUND rdf:resource="#V152182" />
<     <role:FIGURE rdf:resource="#V152126" />
<     <LF:start>57</LF:start>
<     <LF:end>82</LF:end>
<   </rdf:Description>
<   <rdf:Description rdf:ID="V152182">
<     <LF:indicator>BARE</LF:indicator>
<     <LF:type>OBJECT-DEPENDENT-LOCATION</LF:type>
<     <LF:word>FRONT</LF:word>
<     <role:FIGURE rdf:resource="#V152295" />
<     <LF:start>60</LF:start>
<     <LF:end>82</LF:end>
<   </rdf:Description>
<   <rdf:Description rdf:ID="V152295">
<     <LF:indicator>A</LF:indicator>
<     <LF:type>STRUCTURE-INTERNAL-COMPONENT</LF:type>
<     <LF:word>WALL</LF:word>
<     <role:MOD rdf:resource="#V152284" />
<     <LF:start>66</LF:start>
<     <LF:end>82</LF:end>
<   </rdf:Description>
<   <rdf:Description rdf:ID="V152284">
<     <LF:indicator>F</LF:indicator>
<     <LF:type>GREEN</LF:type>
<     <LF:word>GREEN</LF:word>
<     <role:FIGURE rdf:resource="#V152295" />
<     <role:SCALE>GREEN*1--07--00</role:SCALE>
<     <LF:start>71</LF:start>
<     <LF:end>77</LF:end>
<   </rdf:Description>
< </rdf:RDF>
< </terms></utt><utt><words><lisp>(W::FULL W::WITH W::CHILDREN W::^S W::PAINTINGS)</lisp><word>FULL</word><word>WITH</word><word>CHILDREN</word><word>^S</word><word>PAINTINGS</word></words><tags><lisp>((WORD &quot;full&quot; :FRAME (82 86) :SENSE-INFO
<   ((:PENN-PARTS-OF-SPEECH (JJ) :TRIPS-PARTS-OF-SPEECH (W::ADJ))) :UTTNUM 29
<   :CHANNEL DESKTOP :DIRECTION INPUT)
<  (WORD &quot;with&quot; :FRAME (87 91) :SENSE-INFO
<   ((:PENN-PARTS-OF-SPEECH (IN) :TRIPS-PARTS-OF-SPEECH (W::PREP W::ADV)))
<   :UTTNUM 29 :CHANNEL DESKTOP :DIRECTION INPUT)
<  (WORD &quot;children&quot; :FRAME (92 99) :SENSE-INFO
<   ((:PENN-PARTS-OF-SPEECH (NNS) :TRIPS-PARTS-OF-SPEECH (W::N))) :UTTNUM 29
<   :CHANNEL DESKTOP :DIRECTION INPUT)
<  (WORD &quot;'&quot; :FRAME (100 102) :UTTNUM 29 :CHANNEL DESKTOP :DIRECTION INPUT)
<  (WORD &quot;'s&quot; :FRAME (100 102) :SENSE-INFO
<   ((:PENN-PARTS-OF-SPEECH (POS) :TRIPS-PARTS-OF-SPEECH (W::^S))) :UTTNUM 29
<   :CHANNEL DESKTOP :DIRECTION INPUT)
<  (PREFER &quot;children's&quot; :FRAME (92 102) :PENN-CATS (NP) :TRIPS-CATS (W::NP)
<   :SCORE 10.156 :UTTNUM 29 :CHANNEL DESKTOP :DIRECTION INPUT)
<  (WORD &quot;children's&quot; :FRAME (92 102) :UTTNUM 29 :CHANNEL DESKTOP :DIRECTION
<   INPUT)
<  (WORD &quot;paintings&quot; :FRAME (103 112) :SENSE-INFO
<   ((:PENN-PARTS-OF-SPEECH (NNS) :TRIPS-PARTS-OF-SPEECH (W::N))) :UTTNUM 29
<   :CHANNEL DESKTOP :DIRECTION INPUT)
<  (PREFER &quot;children's paintings&quot; :FRAME (92 112) :PENN-CATS (NP) :TRIPS-CATS
<   (W::NP) :SCORE 20.169 :UTTNUM 29 :CHANNEL DESKTOP :DIRECTION INPUT)
<  (PREFER &quot;with children's paintings&quot; :FRAME (87 112) :PENN-CATS (PP)
<   :TRIPS-CATS (W::PP) :SCORE 25.843 :UTTNUM 29 :CHANNEL DESKTOP :DIRECTION
<   INPUT)
<  (PREFER &quot;full with children's paintings&quot; :FRAME (82 112) :PENN-CATS (ADJP)
<   :TRIPS-CATS (W::ADJP) :SCORE 35.038 :UTTNUM 29 :CHANNEL DESKTOP :DIRECTION
<   INPUT)
<  (WORD &quot;.&quot; :FRAME (113 113) :SENSE-INFO
<   ((:PENN-PARTS-OF-SPEECH (FULL_STOP) :TRIPS-PARTS-OF-SPEECH (W::PUNC)))
<   :UTTNUM 29 :CHANNEL DESKTOP :DIRECTION INPUT)
<  (PREFER
<   &quot;a little red wooden desk and two red and two blue chairs in front of a green wall full with children's paintings .&quot;
<   :FRAME (0 113) :PENN-CATS (NP) :TRIPS-CATS (W::NP) :SCORE 172.656 :UTTNUM 29
<   :CHANNEL DESKTOP :DIRECTION INPUT))</lisp><word lex="full" start="82" end="86"><sense-info penn-parts-of-speech="JJ" trips-parts-of-speech="ADJ" /></word><word lex="with" start="87" end="91"><sense-info penn-parts-of-speech="IN" trips-parts-of-speech="PREP,ADV" /></word><word lex="children" start="92" end="99"><sense-info penn-parts-of-speech="NNS" trips-parts-of-speech="N" /></word><word lex="'" start="100" end="102" /><word lex="'s" start="100" end="102"><sense-info penn-parts-of-speech="POS" trips-parts-of-speech="^S" /></word><prefer text="children's" start="92" end="102" penn-cats="NP" score="10.156" /><word lex="children's" start="92" end="102" /><word lex="paintings" start="103" end="112"><sense-info penn-parts-of-speech="NNS" trips-parts-of-speech="N" /></word><prefer text="children's paintings" start="92" end="112" penn-cats="NP" score="20.169" /><prefer text="with children's paintings" start="87" end="112" penn-cats="PP" score="25.843" /><prefer text="full with children's paintings" start="82" end="112" penn-cats="ADJP" score="35.038" /><word lex="." start="113" end="113"><sense-info penn-parts-of-speech="FULL_STOP" trips-parts-of-speech="PUNC" /></word><prefer text="a little red wooden desk and two red and two blue chairs in front of a green wall full with children's paintings ." start="0" end="113" penn-cats="NP" score="172.656" /></tags><tree><lisp>(ADJP
<  (ADJ1 (ADJ1 (ADJ FULL))
<   (ADVBL (ADV WITH)
<    (NP (SPEC (DET (POSSESSOR (NP (N1 (N CHILDREN))) (^S ^S))))
<     (N1 (N PAINTINGS))))))</lisp><ADJP><ADJ1><ADJ1><ADJ>FULL</ADJ></ADJ1><ADVBL><ADV>WITH</ADV><NP><SPEC><DET><POSSESSOR><NP><N1><N>CHILDREN</N></N1></NP><apostrophe-S>^S</apostrophe-S></POSSESSOR></DET></SPEC><N1><N>PAINTINGS</N></N1></NP></ADVBL></ADJ1></ADJP></tree><terms root="#V152300"><lisp>((ONT::F ONT::V152300 (:* ONT::FULL W::FULL) :MOD ONT::V152307 :START 82 :END
<   113)
<  (ONT::F ONT::V152307 (:* ONT::ASSOC-WITH W::WITH) :GROUND ONT::V152372 :START
<   87 :END 113)
<  (ONT::THE ONT::V152372 (:* ONT::REFERENTIAL-SEM W::PAINTINGS) :ASSOC-POSS
<   ONT::V152319 :START 92 :END 113 :COREF ONT::V152118)
<  (ONT::INDEF-SET ONT::V152319 (:* ONT::CHILD W::CHILD) :START 92 :END 100))</lisp><rdf:RDF
<   xmlns:rdf="http://www.w3.org/1999/02/22-rdf-syntax-ns#"
<   xmlns:role="http://www.cs.rochester.edu/research/trips/role#"
<   xmlns:LF="http://www.cs.rochester.edu/research/trips/LF#">
<   <rdf:Description rdf:ID="V152300">
<     <LF:indicator>F</LF:indicator>
<     <LF:type>FULL</LF:type>
<     <LF:word>FULL</LF:word>
<     <role:MOD rdf:resource="#V152307" />
<     <LF:start>82</LF:start>
<     <LF:end>113</LF:end>
<   </rdf:Description>
<   <rdf:Description rdf:ID="V152307">
<     <LF:indicator>F</LF:indicator>
<     <LF:type>ASSOC-WITH</LF:type>
<     <LF:word>WITH</LF:word>
<     <role:GROUND rdf:resource="#V152372" />
<     <LF:start>87</LF:start>
<     <LF:end>113</LF:end>
<   </rdf:Description>
<   <rdf:Description rdf:ID="V152372">
<     <LF:indicator>THE</LF:indicator>
<     <LF:type>REFERENTIAL-SEM</LF:type>
<     <LF:word>PAINTINGS</LF:word>
<     <role:ASSOC-POSS rdf:resource="#V152319" />
<     <LF:start>92</LF:start>
<     <LF:end>113</LF:end>
<     <role:COREF rdf:resource="#V152118" />
<   </rdf:Description>
<   <rdf:Description rdf:ID="V152319">
<     <LF:indicator>INDEF-SET</LF:indicator>
<     <LF:type>CHILD</LF:type>
<     <LF:word>CHILD</LF:word>
<     <LF:start>92</LF:start>
<     <LF:end>100</LF:end>
<   </rdf:Description>
< </rdf:RDF>
< </terms></utt></compound-communication-act>
< </trips-parser-output>
\ No newline at end of file
---
> <SpRL>
>  <SCENE>
>   <SENTENCE id="s1" indicator="INDEF-SET" type="PHYS-OBJECT" OPERATOR="AND" start="0" end="37">
>    <TEXT>a little red wooden desk and two red a</TEXT>
>    <RELATION id="1" head="V152080" res="V152076" label="SEQUENCE"/>
>    <RELATION id="2" head="V152080" res="V152100" label="SEQUENCE1"/>
>    <PHRASE id="V152076" indicator="A" type="FURNISHINGS" text="DESK" start="0" end="25"/>
>    <RELATION id="3" head="V152076" res="V152011" label="MOD"/>
>    <RELATION id="4" head="V152076" res="V152062" label="MOD"/>
>    <RELATION id="5" head="V152076" res="V152070" label="MOD"/>
>    <PHRASE id="V152011" indicator="F" type="LITTLE" text="LITTLE" ORIENTATION="LESS" INTENSITY="MED" SCALE="SIZE-SCALE" start="2" end="9"/>
>    <RELATION id="6" head="V152011" res="V152076" label="FIGURE"/>
>    <PHRASE id="V152062" indicator="F" type="RED" text="RED" SCALE="COLOR-SCALE" start="9" end="13"/>
>    <RELATION id="7" head="V152062" res="V152076" label="FIGURE"/>
>    <PHRASE id="V152070" indicator="F" type="AWKWARD-VAL" text="WOODEN" start="13" end="20"/>
>    <RELATION id="8" head="V152070" res="V152076" label="FIGURE"/>
>    <PHRASE id="V152100" indicator="BARE" type="PERSON" text="RED" start="29" end="37"/>
>    <RELATION id="9" head="V152100" res="V152090" label="ASSOC-WITH"/>
>    <PHRASE id="V152090" indicator="THE" type="TIME-LOC" NAME-OF="(TWO)" HOUR="2" start="29" end="33"/>
>   </SENTENCE>
>   <SENTENCE id="s2" indicator="SPEECHACT" type="SA_IDENTIFY" start="37" end="82">
>    <TEXT>and two blue chairs in front of a green wall f</TEXT>
>    <RELATION id="10" head="V152653" res="V152126" label="CONTENT"/>
>    <RELATION id="11" head="V152653" res="V152109" label="MOD"/>
>    <PHRASE id="V152109" indicator="F" type="CONJUNCT" text="AND" start="37" end="41"/>
>    <RELATION id="12" head="V152109" res="V152653" label="FIGURE"/>
>    <PHRASE id="V152126" indicator="INDEF-SET" type="FURNISHINGS" text="CHAIR" start="41" end="82"/>
>    <RELATION id="13" head="V152126" res="V152118" label="SIZE"/>
>    <RELATION id="14" head="V152126" res="V152133" label="LOCATION"/>
>    <RELATION id="15" head="V152126" res="V152120" label="MOD"/>
>    <PHRASE id="V152118" indicator="A" type="NUMBER" VALUE="2" start="41" end="45"/>
>    <PHRASE id="V152120" indicator="F" type="BLUE" text="BLUE" SCALE="COLOR-SCALE" start="45" end="50"/>
>    <RELATION id="16" head="V152120" res="V152126" label="FIGURE"/>
>    <PHRASE id="V152133" indicator="F" type="IN-LOC" text="IN" start="57" end="82"/>
>    <RELATION id="17" head="V152133" res="V152182" label="GROUND"/>
>    <RELATION id="18" head="V152133" res="V152126" label="FIGURE"/>
>    <PHRASE id="V152182" indicator="BARE" type="OBJECT-DEPENDENT-LOCATION" text="FRONT" start="60" end="82"/>
>    <RELATION id="19" head="V152182" res="V152295" label="FIGURE"/>
>    <PHRASE id="V152295" indicator="A" type="STRUCTURE-INTERNAL-COMPONENT" text="WALL" start="66" end="82"/>
>    <RELATION id="20" head="V152295" res="V152284" label="MOD"/>
>    <PHRASE id="V152284" indicator="F" type="GREEN" text="GREEN" SCALE="GREEN*1--07--00" start="71" end="77"/>
>    <RELATION id="21" head="V152284" res="V152295" label="FIGURE"/>
>   </SENTENCE>
>   <SENTENCE id="s3" indicator="F" type="FULL" text="FULL" start="82" end="113">
>    <TEXT>full with children's paintings .</TEXT>
>    <RELATION id="22" head="V152300" res="V152307" label="MOD"/>
>    <PHRASE id="V152307" indicator="F" type="ASSOC-WITH" text="WITH" start="87" end="113"/>
>    <RELATION id="23" head="V152307" res="V152372" label="GROUND"/>
>    <PHRASE id="V152372" indicator="THE" type="REFERENTIAL-SEM" text="PAINTINGS" start="92" end="113"/>
>    <RELATION id="24" head="V152372" res="V152319" label="ASSOC-POSS"/>
>    <RELATION id="25" head="V152372" res="V152118" label="COREF"/>
>    <PHRASE id="V152319" indicator="INDEF-SET" type="CHILD" text="CHILD" start="92" end="100"/>
>   </SENTENCE>
>  </SCENE>
> </SpRL>
