2,217c2,26
< <?xml-stylesheet type="text/xsl" href="../style/parser-interface.xsl"?>
< <!DOCTYPE trips-parser-output SYSTEM "../trips-parser-output.dtd">
< <trips-parser-output parser-build-date="2017-09-20T12:11:02-0500" system="STEP" extsformat="svg" tagsformat="hidden" treecontents="phrase" treeformat="LinGO" lfformat="svg" semantic-skeleton-scoring="T" rule-sets="" input="school kids are posing for a picture on a grey square .
< ">
< <debug>
< 
<  FOUNDS SEQUENCE from constit (% W::NP (W::BARE-SEQUENCE -) (W::CONSTRAINT -)
<                                  (W::MASS W::BARE) (W::GENERATED +)
<                                  (W::POSTADVBL +)
<                                  (W::SEM ?8607:(?128433:(F::PHYS-OBJ
<                                                          F::ABSTR-OBJ) NIL))
<                                  (W::LF (% W::DESCRIPTION (W::STATUS ONT::DEFINITE)
<                                            (W::VAR V176474)
<                                            (W::SORT W::INDIVIDUAL)
<                                            (W::LEX (W::A))
<                                            (W::CLASS ONT::SEQUENCE)
<                                            (W::CONSTRAINT (% &amp; (W::NAME-OF (W::A))
<                                                              (W::VAL (W::A))))
<                                            (W::LEX W::A) (W::SEM ?128431)
<                                            (W::TRANSFORM ?128432)))
<                                  (W::CASE ?128430:(W::SUB W::OBJ -))
<                                  (W::AGR ?128429) (W::CLASS ONT::ANY-SEM)
<                                  (W::VAR V176474) (W::SORT W::PRED) (W::NAME -)
<                                  (W::PRO -) (W::CHANGEAGR -) (W::LEX W::A)
<                                  (W::HEADCAT W::VALUE) (W::TRANSFORM -)
<                                  (W::REFL -) (1 RNUMBER176936))
< 
<  FOUNDS SEQUENCE from constit (% W::NP (W::BARE-SEQUENCE -) (W::CONSTRAINT -)
<                                  (W::MASS W::BARE) (W::GENERATED +)
<                                  (W::POSTADVBL +)
<                                  (W::SEM ?8607:(?128758:(F::PHYS-OBJ
<                                                          F::ABSTR-OBJ) NIL))
<                                  (W::LF (% W::DESCRIPTION (W::STATUS ONT::DEFINITE)
<                                            (W::VAR V176477)
<                                            (W::SORT W::INDIVIDUAL)
<                                            (W::LEX (W::A))
<                                            (W::CLASS ONT::SEQUENCE)
<                                            (W::CONSTRAINT (% &amp; (W::NAME-OF (W::A))
<                                                              (W::VAL (W::A))))
<                                            (W::LEX W::A) (W::SEM ?128756)
<                                            (W::TRANSFORM ?128757)))
<                                  (W::CASE ?128755:(W::SUB W::OBJ -))
<                                  (W::AGR ?128754) (W::CLASS ONT::ANY-SEM)
<                                  (W::VAR V176477) (W::SORT W::PRED) (W::NAME -)
<                                  (W::PRO -) (W::CHANGEAGR -) (W::LEX W::A)
<                                  (W::HEADCAT W::VALUE) (W::TRANSFORM -)
<                                  (W::REFL -) (1 RNUMBER176938))
< *last-utt-id*=NIL  utt-id+34
< *last-utt-id*=34  utt-id+NIL</debug><utt><words><lisp>(W::SCHOOL W::KIDS W::ARE W::POSING W::FOR W::A W::PICTURE W::ON W::A W::GREY
<  W::SQUARE W::PUNC-PERIOD)</lisp><word>SCHOOL</word><word>KIDS</word><word>ARE</word><word>POSING</word><word>FOR</word><word>A</word><word>PICTURE</word><word>ON</word><word>A</word><word>GREY</word><word>SQUARE</word><word>PUNC-PERIOD</word></words><tags><lisp>((WORD &quot;school&quot; :FRAME (0 6) :SENSE-INFO
<   ((:PENN-PARTS-OF-SPEECH (NN) :TRIPS-PARTS-OF-SPEECH (W::N))) :UTTNUM 34
<   :CHANNEL DESKTOP :DIRECTION INPUT)
<  (WORD &quot;kids&quot; :FRAME (7 11) :SENSE-INFO
<   ((:PENN-PARTS-OF-SPEECH (NNS) :TRIPS-PARTS-OF-SPEECH (W::N))) :UTTNUM 34
<   :CHANNEL DESKTOP :DIRECTION INPUT)
<  (PREFER &quot;school kids&quot; :FRAME (0 11) :PENN-CATS (NP) :TRIPS-CATS (W::NP) :SCORE
<   19.304 :UTTNUM 34 :CHANNEL DESKTOP :DIRECTION INPUT)
<  (WORD &quot;are&quot; :FRAME (12 15) :SENSE-INFO
<   ((:PENN-PARTS-OF-SPEECH (VBP) :TRIPS-PARTS-OF-SPEECH (W::V))) :UTTNUM 34
<   :CHANNEL DESKTOP :DIRECTION INPUT)
<  (WORD &quot;posing&quot; :FRAME (16 22) :SENSE-INFO
<   ((:PENN-PARTS-OF-SPEECH (VBG) :TRIPS-PARTS-OF-SPEECH (W::V))) :UTTNUM 34
<   :CHANNEL DESKTOP :DIRECTION INPUT)
<  (WORD &quot;for&quot; :FRAME (23 26) :SENSE-INFO
<   ((:PENN-PARTS-OF-SPEECH (IN) :TRIPS-PARTS-OF-SPEECH (W::PREP W::ADV)))
<   :UTTNUM 34 :CHANNEL DESKTOP :DIRECTION INPUT)
<  (WORD &quot;a&quot; :FRAME (27 28) :SENSE-INFO
<   ((:PENN-PARTS-OF-SPEECH (DT) :TRIPS-PARTS-OF-SPEECH (W::ART W::QUAN W::PRO)))
<   :UTTNUM 34 :CHANNEL DESKTOP :DIRECTION INPUT)
<  (WORD &quot;picture&quot; :FRAME (29 36) :SENSE-INFO
<   ((:PENN-PARTS-OF-SPEECH (NN) :TRIPS-PARTS-OF-SPEECH (W::N))) :UTTNUM 34
<   :CHANNEL DESKTOP :DIRECTION INPUT)
<  (PREFER &quot;a picture&quot; :FRAME (27 36) :PENN-CATS (NP) :TRIPS-CATS (W::NP) :SCORE
<   11.267 :UTTNUM 34 :CHANNEL DESKTOP :DIRECTION INPUT)
<  (WORD &quot;on&quot; :FRAME (37 39) :SENSE-INFO
<   ((:PENN-PARTS-OF-SPEECH (IN) :TRIPS-PARTS-OF-SPEECH (W::PREP W::ADV)))
<   :UTTNUM 34 :CHANNEL DESKTOP :DIRECTION INPUT)
<  (WORD &quot;a&quot; :FRAME (40 41) :SENSE-INFO
<   ((:PENN-PARTS-OF-SPEECH (DT) :TRIPS-PARTS-OF-SPEECH (W::ART W::QUAN W::PRO)))
<   :UTTNUM 34 :CHANNEL DESKTOP :DIRECTION INPUT)
<  (WORD &quot;grey&quot; :FRAME (42 46) :SENSE-INFO
<   ((:PENN-PARTS-OF-SPEECH (NN JJ) :TRIPS-PARTS-OF-SPEECH (W::N W::ADJ)
<     :ALTERNATE-SPELLINGS (&quot;gray&quot;)))
<   :UTTNUM 34 :CHANNEL DESKTOP :DIRECTION INPUT)
<  (WORD &quot;square&quot; :FRAME (47 53) :SENSE-INFO
<   ((:PENN-PARTS-OF-SPEECH (NN) :TRIPS-PARTS-OF-SPEECH (W::N))) :UTTNUM 34
<   :CHANNEL DESKTOP :DIRECTION INPUT)
<  (PREFER &quot;a grey square&quot; :FRAME (40 53) :PENN-CATS (NP) :TRIPS-CATS (W::NP)
<   :SCORE 23.162 :UTTNUM 34 :CHANNEL DESKTOP :DIRECTION INPUT)
<  (PREFER &quot;on a grey square&quot; :FRAME (37 53) :PENN-CATS (PP) :TRIPS-CATS (W::PP)
<   :SCORE 26.667 :UTTNUM 34 :CHANNEL DESKTOP :DIRECTION INPUT)
<  (PREFER &quot;a picture on a grey square&quot; :FRAME (27 53) :PENN-CATS (NP)
<   :TRIPS-CATS (W::NP) :SCORE 38.474 :UTTNUM 34 :CHANNEL DESKTOP :DIRECTION
<   INPUT)
<  (PREFER &quot;for a picture on a grey square&quot; :FRAME (23 53) :PENN-CATS (PP)
<   :TRIPS-CATS (W::PP) :SCORE 42.391 :UTTNUM 34 :CHANNEL DESKTOP :DIRECTION
<   INPUT)
<  (PREFER &quot;posing for a picture on a grey square&quot; :FRAME (16 53) :PENN-CATS (VP)
<   :TRIPS-CATS (W::VP) :SCORE 52.785 :UTTNUM 34 :CHANNEL DESKTOP :DIRECTION
<   INPUT)
<  (PREFER &quot;are posing for a picture on a grey square&quot; :FRAME (12 53) :PENN-CATS
<   (VP) :TRIPS-CATS (W::VP) :SCORE 57.149 :UTTNUM 34 :CHANNEL DESKTOP :DIRECTION
<   INPUT)
<  (WORD &quot;.&quot; :FRAME (54 54) :SENSE-INFO
<   ((:PENN-PARTS-OF-SPEECH (FULL_STOP) :TRIPS-PARTS-OF-SPEECH (W::PUNC)))
<   :UTTNUM 34 :CHANNEL DESKTOP :DIRECTION INPUT)
<  (PREFER &quot;school kids are posing for a picture on a grey square .&quot; :FRAME
<   (0 54) :PENN-CATS (S) :SCORE 77.594 :UTTNUM 34 :CHANNEL DESKTOP :DIRECTION
<   INPUT))</lisp><word lex="school" start="0" end="6"><sense-info penn-parts-of-speech="NN" trips-parts-of-speech="N" /></word><word lex="kids" start="7" end="11"><sense-info penn-parts-of-speech="NNS" trips-parts-of-speech="N" /></word><prefer text="school kids" start="0" end="11" penn-cats="NP" score="19.304" /><word lex="are" start="12" end="15"><sense-info penn-parts-of-speech="VBP" trips-parts-of-speech="V" /></word><word lex="posing" start="16" end="22"><sense-info penn-parts-of-speech="VBG" trips-parts-of-speech="V" /></word><word lex="for" start="23" end="26"><sense-info penn-parts-of-speech="IN" trips-parts-of-speech="PREP,ADV" /></word><word lex="a" start="27" end="28"><sense-info penn-parts-of-speech="DT" trips-parts-of-speech="ART,QUAN,PRO" /></word><word lex="picture" start="29" end="36"><sense-info penn-parts-of-speech="NN" trips-parts-of-speech="N" /></word><prefer text="a picture" start="27" end="36" penn-cats="NP" score="11.267" /><word lex="on" start="37" end="39"><sense-info penn-parts-of-speech="IN" trips-parts-of-speech="PREP,ADV" /></word><word lex="a" start="40" end="41"><sense-info penn-parts-of-speech="DT" trips-parts-of-speech="ART,QUAN,PRO" /></word><word lex="grey" start="42" end="46"><sense-info penn-parts-of-speech="NN,JJ" trips-parts-of-speech="N,ADJ" alternate-spellings="gray" /></word><word lex="square" start="47" end="53"><sense-info penn-parts-of-speech="NN" trips-parts-of-speech="N" /></word><prefer text="a grey square" start="40" end="53" penn-cats="NP" score="23.162" /><prefer text="on a grey square" start="37" end="53" penn-cats="PP" score="26.667" /><prefer text="a picture on a grey square" start="27" end="53" penn-cats="NP" score="38.474" /><prefer text="for a picture on a grey square" start="23" end="53" penn-cats="PP" score="42.391" /><prefer text="posing for a picture on a grey square" start="16" end="53" penn-cats="VP" score="52.785" /><prefer text="are posing for a picture on a grey square" start="12" end="53" penn-cats="VP" score="57.149" /><word lex="." start="54" end="54"><sense-info penn-parts-of-speech="FULL_STOP" trips-parts-of-speech="PUNC" /></word><prefer text="school kids are posing for a picture on a grey square ." start="0" end="54" penn-cats="S" score="77.594" /></tags><tree><lisp>(UTT
<  (UTT
<   (S (NP (N1 (N1 (N SCHOOL)) (N1 (N KIDS))))
<    (VP
<     (VP- (AUX (V ARE))
<      (VP- (V POSING)
<       (ADVBL (ADV FOR)
<        (NP (SPEC (DET (ART A)))
<         (N1 (N1 (N PICTURE))
<          (ADVBL (ADV ON) (NP (SPEC (DET (ART A))) (N1 (N GREY)))))))
<       (NP (N1 (N SQUARE))))))))
<  (PUNC PUNC-PERIOD))</lisp><UTT><UTT><S><NP><N1><N1><N>SCHOOL</N></N1><N1><N>KIDS</N></N1></N1></NP><VP><VP-><AUX><V>ARE</V></AUX><VP-><V>POSING</V><ADVBL><ADV>FOR</ADV><NP><SPEC><DET><ART>A</ART></DET></SPEC><N1><N1><N>PICTURE</N></N1><ADVBL><ADV>ON</ADV><NP><SPEC><DET><ART>A</ART></DET></SPEC><N1><N>GREY</N></N1></NP></ADVBL></N1></NP></ADVBL><NP><N1><N>SQUARE</N></N1></NP></VP-></VP-></VP></S></UTT><PUNC>PUNC-PERIOD</PUNC></UTT></tree><terms root="#V177859"><lisp>((ONT::SPEECHACT ONT::V177859 ONT::SA_TELL :PUNCTYPE W::DECL :CONTENT
<   ONT::V173962 :START 0 :END 54)
<  (ONT::F ONT::V173962 (:* ONT::VISUAL-DISPLAY W::POSING) :AGENT ONT::V173939
<   :AFFECTED ONT::V174123 :REASON ONT::V173971 :TENSE W::PRES :PROGR + :START 0
<   :END 54)
<  (ONT::INDEF-SET ONT::V173939 (:* ONT::CHILD W::KID) :ASSOC-WITH ONT::V173935
<   :START 0 :END 12)
<  (ONT::KIND ONT::V173935 (:* ONT::ACADEMIC-INSTITUTION W::SCHOOL) :START 0 :END
<   12)
<  (ONT::F ONT::V173971 (:* ONT::PURPOSE W::FOR) :GROUND ONT::V174039 :FIGURE
<   ONT::V173962 :START 23 :END 47)
<  (ONT::A ONT::V174039 (:* ONT::IMAGE W::PICTURE) :LOCATION ONT::V174048 :START
<   27 :END 47)
<  (ONT::F ONT::V174048 (:* ONT::ON W::ON) :GROUND ONT::V174113 :FIGURE
<   ONT::V174039 :START 37 :END 47)
<  (ONT::A ONT::V174113 (:* ONT::ORGANIZATION W::GREY) :START 40 :END 47)
<  (ONT::BARE ONT::V174123 (:* ONT::SHAPE-OBJECT W::SQUARE) :START 47 :END 54))</lisp><rdf:RDF
<   xmlns:rdf="http://www.w3.org/1999/02/22-rdf-syntax-ns#"
<   xmlns:role="http://www.cs.rochester.edu/research/trips/role#"
<   xmlns:LF="http://www.cs.rochester.edu/research/trips/LF#">
<   <rdf:Description rdf:ID="V177859">
<     <LF:indicator>SPEECHACT</LF:indicator>
<     <LF:type>SA_TELL</LF:type>
<     <role:PUNCTYPE>DECL</role:PUNCTYPE>
<     <role:CONTENT rdf:resource="#V173962" />
<     <LF:start>0</LF:start>
<     <LF:end>54</LF:end>
<   </rdf:Description>
<   <rdf:Description rdf:ID="V173962">
<     <LF:indicator>F</LF:indicator>
<     <LF:type>VISUAL-DISPLAY</LF:type>
<     <LF:word>POSING</LF:word>
<     <role:AGENT rdf:resource="#V173939" />
<     <role:AFFECTED rdf:resource="#V174123" />
<     <role:REASON rdf:resource="#V173971" />
<     <role:TENSE>PRES</role:TENSE>
<     <role:PROGR>+</role:PROGR>
<     <LF:start>0</LF:start>
<     <LF:end>54</LF:end>
<   </rdf:Description>
<   <rdf:Description rdf:ID="V173939">
<     <LF:indicator>INDEF-SET</LF:indicator>
<     <LF:type>CHILD</LF:type>
<     <LF:word>KID</LF:word>
<     <role:ASSOC-WITH rdf:resource="#V173935" />
<     <LF:start>0</LF:start>
<     <LF:end>12</LF:end>
<   </rdf:Description>
<   <rdf:Description rdf:ID="V173935">
<     <LF:indicator>KIND</LF:indicator>
<     <LF:type>ACADEMIC-INSTITUTION</LF:type>
<     <LF:word>SCHOOL</LF:word>
<     <LF:start>0</LF:start>
<     <LF:end>12</LF:end>
<   </rdf:Description>
<   <rdf:Description rdf:ID="V173971">
<     <LF:indicator>F</LF:indicator>
<     <LF:type>PURPOSE</LF:type>
<     <LF:word>FOR</LF:word>
<     <role:GROUND rdf:resource="#V174039" />
<     <role:FIGURE rdf:resource="#V173962" />
<     <LF:start>23</LF:start>
<     <LF:end>47</LF:end>
<   </rdf:Description>
<   <rdf:Description rdf:ID="V174039">
<     <LF:indicator>A</LF:indicator>
<     <LF:type>IMAGE</LF:type>
<     <LF:word>PICTURE</LF:word>
<     <role:LOCATION rdf:resource="#V174048" />
<     <LF:start>27</LF:start>
<     <LF:end>47</LF:end>
<   </rdf:Description>
<   <rdf:Description rdf:ID="V174048">
<     <LF:indicator>F</LF:indicator>
<     <LF:type>ON</LF:type>
<     <LF:word>ON</LF:word>
<     <role:GROUND rdf:resource="#V174113" />
<     <role:FIGURE rdf:resource="#V174039" />
<     <LF:start>37</LF:start>
<     <LF:end>47</LF:end>
<   </rdf:Description>
<   <rdf:Description rdf:ID="V174113">
<     <LF:indicator>A</LF:indicator>
<     <LF:type>ORGANIZATION</LF:type>
<     <LF:word>GREY</LF:word>
<     <LF:start>40</LF:start>
<     <LF:end>47</LF:end>
<   </rdf:Description>
<   <rdf:Description rdf:ID="V174123">
<     <LF:indicator>BARE</LF:indicator>
<     <LF:type>SHAPE-OBJECT</LF:type>
<     <LF:word>SQUARE</LF:word>
<     <LF:start>47</LF:start>
<     <LF:end>54</LF:end>
<   </rdf:Description>
< </rdf:RDF>
< </terms></utt></trips-parser-output>
\ No newline at end of file
---
> <SpRL>
>  <SCENE>
>   <SENTENCE id="s1" indicator="SPEECHACT" type="SA_TELL" PUNCTYPE="DECL" start="0" end="54">
>    <TEXT>school kids are posing for a picture on a grey square .</TEXT>
>    <RELATION id="1" head="V177859" res="V173962" label="CONTENT"/>
>    <PHRASE id="V173962" indicator="F" type="VISUAL-DISPLAY" text="POSING" TENSE="PRES" PROGR="+" start="0" end="54"/>
>    <RELATION id="2" head="V173962" res="V173939" label="AGENT"/>
>    <RELATION id="3" head="V173962" res="V174123" label="AFFECTED"/>
>    <RELATION id="4" head="V173962" res="V173971" label="REASON"/>
>    <PHRASE id="V173939" indicator="INDEF-SET" type="CHILD" text="KID" start="0" end="12"/>
>    <RELATION id="5" head="V173939" res="V173935" label="ASSOC-WITH"/>
>    <PHRASE id="V173935" indicator="KIND" type="ACADEMIC-INSTITUTION" text="SCHOOL" start="0" end="12"/>
>    <PHRASE id="V173971" indicator="F" type="PURPOSE" text="FOR" start="23" end="47"/>
>    <RELATION id="6" head="V173971" res="V174039" label="GROUND"/>
>    <RELATION id="7" head="V173971" res="V173962" label="FIGURE"/>
>    <PHRASE id="V174039" indicator="A" type="IMAGE" text="PICTURE" start="27" end="47"/>
>    <RELATION id="8" head="V174039" res="V174048" label="LOCATION"/>
>    <PHRASE id="V174048" indicator="F" type="ON" text="ON" start="37" end="47"/>
>    <RELATION id="9" head="V174048" res="V174113" label="GROUND"/>
>    <RELATION id="10" head="V174048" res="V174039" label="FIGURE"/>
>    <PHRASE id="V174113" indicator="A" type="ORGANIZATION" text="GREY" start="40" end="47"/>
>    <PHRASE id="V174123" indicator="BARE" type="SHAPE-OBJECT" text="SQUARE" start="47" end="54"/>
>   </SENTENCE>
>  </SCENE>
> </SpRL>
