2,432c2,47
< <?xml-stylesheet type="text/xsl" href="../style/parser-interface.xsl"?>
< <!DOCTYPE trips-parser-output SYSTEM "../trips-parser-output.dtd">
< <trips-parser-output parser-build-date="2017-09-20T12:11:02-0500" system="STEP" extsformat="svg" tagsformat="hidden" treecontents="phrase" treeformat="LinGO" lfformat="svg" semantic-skeleton-scoring="T" rule-sets="" input="a dark-skinned , dark-haired girl wearing a traditional green hat and a white cardigan in a meadow behind a grey house .
< ">
< <debug>
< 
<  FOUNDS SEQUENCE from constit (% W::NP (W::BARE-SEQUENCE -) (W::CONSTRAINT -)
<                                  (W::MASS W::BARE) (W::GENERATED +)
<                                  (W::POSTADVBL +)
<                                  (W::SEM ?8607:(?135270:(F::PHYS-OBJ
<                                                          F::ABSTR-OBJ) NIL))
<                                  (W::LF (% W::DESCRIPTION (W::STATUS ONT::DEFINITE)
<                                            (W::VAR V105249)
<                                            (W::SORT W::INDIVIDUAL)
<                                            (W::LEX (W::A))
<                                            (W::CLASS ONT::SEQUENCE)
<                                            (W::CONSTRAINT (% &amp; (W::NAME-OF (W::A))
<                                                              (W::VAL (W::A))))
<                                            (W::LEX W::A) (W::SEM ?135268)
<                                            (W::TRANSFORM ?135269)))
<                                  (W::CASE ?135267:(W::SUB W::OBJ -))
<                                  (W::AGR ?135266) (W::CLASS ONT::ANY-SEM)
<                                  (W::VAR V105249) (W::SORT W::PRED) (W::NAME -)
<                                  (W::PRO -) (W::CHANGEAGR -) (W::LEX W::A)
<                                  (W::HEADCAT W::VALUE) (W::TRANSFORM -)
<                                  (W::REFL -) (1 RNUMBER105547))
< 
<  FOUNDS SEQUENCE from constit (% W::NP (W::BARE-SEQUENCE -) (W::CONSTRAINT -)
<                                  (W::MASS W::BARE) (W::GENERATED +)
<                                  (W::POSTADVBL +)
<                                  (W::SEM ?8607:(?135565:(F::PHYS-OBJ
<                                                          F::ABSTR-OBJ) NIL))
<                                  (W::LF (% W::DESCRIPTION (W::STATUS ONT::DEFINITE)
<                                            (W::VAR V105252)
<                                            (W::SORT W::INDIVIDUAL)
<                                            (W::LEX (W::A))
<                                            (W::CLASS ONT::SEQUENCE)
<                                            (W::CONSTRAINT (% &amp; (W::NAME-OF (W::A))
<                                                              (W::VAL (W::A))))
<                                            (W::LEX W::A) (W::SEM ?135563)
<                                            (W::TRANSFORM ?135564)))
<                                  (W::CASE ?135562:(W::SUB W::OBJ -))
<                                  (W::AGR ?135561) (W::CLASS ONT::ANY-SEM)
<                                  (W::VAR V105252) (W::SORT W::PRED) (W::NAME -)
<                                  (W::PRO -) (W::CHANGEAGR -) (W::LEX W::A)
<                                  (W::HEADCAT W::VALUE) (W::TRANSFORM -)
<                                  (W::REFL -) (1 RNUMBER105549))
< 
<  FOUNDS SEQUENCE from constit (% W::NP (W::BARE-SEQUENCE -) (W::CONSTRAINT -)
<                                  (W::MASS W::BARE) (W::GENERATED +)
<                                  (W::POSTADVBL +)
<                                  (W::SEM ?8607:(?135877:(F::PHYS-OBJ
<                                                          F::ABSTR-OBJ) NIL))
<                                  (W::LF (% W::DESCRIPTION (W::STATUS ONT::DEFINITE)
<                                            (W::VAR V105255)
<                                            (W::SORT W::INDIVIDUAL)
<                                            (W::LEX (W::A))
<                                            (W::CLASS ONT::SEQUENCE)
<                                            (W::CONSTRAINT (% &amp; (W::NAME-OF (W::A))
<                                                              (W::VAL (W::A))))
<                                            (W::LEX W::A) (W::SEM ?135875)
<                                            (W::TRANSFORM ?135876)))
<                                  (W::CASE ?135874:(W::SUB W::OBJ -))
<                                  (W::AGR ?135873) (W::CLASS ONT::ANY-SEM)
<                                  (W::VAR V105255) (W::SORT W::PRED) (W::NAME -)
<                                  (W::PRO -) (W::CHANGEAGR -) (W::LEX W::A)
<                                  (W::HEADCAT W::VALUE) (W::TRANSFORM -)
<                                  (W::REFL -) (1 RNUMBER105551))
< 
<  FOUNDS SEQUENCE from constit (% W::NP (W::BARE-SEQUENCE -) (W::CONSTRAINT -)
<                                  (W::MASS W::BARE) (W::GENERATED +)
<                                  (W::POSTADVBL +)
<                                  (W::SEM ?8607:(?136246:(F::PHYS-OBJ
<                                                          F::ABSTR-OBJ) NIL))
<                                  (W::LF (% W::DESCRIPTION (W::STATUS ONT::DEFINITE)
<                                            (W::VAR V105258)
<                                            (W::SORT W::INDIVIDUAL)
<                                            (W::LEX (W::A))
<                                            (W::CLASS ONT::SEQUENCE)
<                                            (W::CONSTRAINT (% &amp; (W::NAME-OF (W::A))
<                                                              (W::VAL (W::A))))
<                                            (W::LEX W::A) (W::SEM ?136244)
<                                            (W::TRANSFORM ?136245)))
<                                  (W::CASE ?136243:(W::SUB W::OBJ -))
<                                  (W::AGR ?136242) (W::CLASS ONT::ANY-SEM)
<                                  (W::VAR V105258) (W::SORT W::PRED) (W::NAME -)
<                                  (W::PRO -) (W::CHANGEAGR -) (W::LEX W::A)
<                                  (W::HEADCAT W::VALUE) (W::TRANSFORM -)
<                                  (W::REFL -) (1 RNUMBER105555))
< 
<  FOUNDS SEQUENCE from constit (% W::NP (W::BARE-SEQUENCE -) (W::CONSTRAINT -)
<                                  (W::MASS W::BARE) (W::GENERATED +)
<                                  (W::POSTADVBL +)
<                                  (W::SEM ?8607:(?136560:(F::PHYS-OBJ
<                                                          F::ABSTR-OBJ) NIL))
<                                  (W::LF (% W::DESCRIPTION (W::STATUS ONT::DEFINITE)
<                                            (W::VAR V105261)
<                                            (W::SORT W::INDIVIDUAL)
<                                            (W::LEX (W::A))
<                                            (W::CLASS ONT::SEQUENCE)
<                                            (W::CONSTRAINT (% &amp; (W::NAME-OF (W::A))
<                                                              (W::VAL (W::A))))
<                                            (W::LEX W::A) (W::SEM ?136558)
<                                            (W::TRANSFORM ?136559)))
<                                  (W::CASE ?136557:(W::SUB W::OBJ -))
<                                  (W::AGR ?136556) (W::CLASS ONT::ANY-SEM)
<                                  (W::VAR V105261) (W::SORT W::PRED) (W::NAME -)
<                                  (W::PRO -) (W::CHANGEAGR -) (W::LEX W::A)
<                                  (W::HEADCAT W::VALUE) (W::TRANSFORM -)
<                                  (W::REFL -) (1 RNUMBER105557))
< *last-utt-id*=NIL  utt-id+15
< *last-utt-id*=15  utt-id+15
< *last-utt-id*=15  utt-id+NIL</debug><compound-communication-act>
< <utt><words><lisp>(W::A W::DARK W::PUNC-MINUS W::SKINNED W::DARK W::PUNC-MINUS W::HAIRED W::GIRL)</lisp><word>A</word><word>DARK</word><word>PUNC-MINUS</word><word>SKINNED</word><word>DARK</word><word>PUNC-MINUS</word><word>HAIRED</word><word>GIRL</word></words><tags><lisp>((WORD &quot;a&quot; :FRAME (0 1) :SENSE-INFO
<   ((:PENN-PARTS-OF-SPEECH (DT) :TRIPS-PARTS-OF-SPEECH (W::ART W::QUAN W::PRO)))
<   :UTTNUM 15 :CHANNEL DESKTOP :DIRECTION INPUT)
<  (WORD &quot;dark&quot; :FRAME (2 5) :SENSE-INFO
<   ((:PENN-PARTS-OF-SPEECH (NN) :TRIPS-PARTS-OF-SPEECH (W::N))) :UTTNUM 15
<   :CHANNEL DESKTOP :DIRECTION INPUT)
<  (WORD &quot;-&quot; :FRAME (6 6) :SENSE-INFO
<   ((:PENN-PARTS-OF-SPEECH (COLON) :TRIPS-PARTS-OF-SPEECH (W::PUNC))) :UTTNUM 15
<   :CHANNEL DESKTOP :DIRECTION INPUT)
<  (WORD &quot;skinned&quot; :FRAME (7 14) :SENSE-INFO
<   ((:PENN-PARTS-OF-SPEECH (VBD) :TRIPS-PARTS-OF-SPEECH (W::V))) :UTTNUM 15
<   :CHANNEL DESKTOP :DIRECTION INPUT)
<  (WORD &quot;dark-skinned&quot; :FRAME (2 14) :SENSE-INFO
<   ((:PENN-PARTS-OF-SPEECH (JJ) :TRIPS-PARTS-OF-SPEECH (W::ADJ) :WN-SENSE-KEYS
<     (&quot;dark-skinned%5:00:00&quot;)))
<   :UTTNUM 15 :CHANNEL DESKTOP :DIRECTION INPUT)
<  (WORD &quot;,&quot; :FRAME (15 16) :SENSE-INFO
<   ((:PENN-PARTS-OF-SPEECH (COMMA) :TRIPS-PARTS-OF-SPEECH (W::PUNC))) :UTTNUM 15
<   :CHANNEL DESKTOP :DIRECTION INPUT)
<  (WORD &quot;dark&quot; :FRAME (17 20) :SENSE-INFO
<   ((:PENN-PARTS-OF-SPEECH (JJ) :TRIPS-PARTS-OF-SPEECH (W::ADJ))) :UTTNUM 15
<   :CHANNEL DESKTOP :DIRECTION INPUT)
<  (WORD &quot;-&quot; :FRAME (21 21) :SENSE-INFO
<   ((:PENN-PARTS-OF-SPEECH (COLON) :TRIPS-PARTS-OF-SPEECH (W::PUNC))) :UTTNUM 15
<   :CHANNEL DESKTOP :DIRECTION INPUT)
<  (WORD &quot;haired&quot; :FRAME (22 28) :SENSE-INFO
<   ((:PENN-PARTS-OF-SPEECH (VBN) :TRIPS-PARTS-OF-SPEECH (W::V))) :UTTNUM 15
<   :CHANNEL DESKTOP :DIRECTION INPUT)
<  (WORD &quot;dark-haired&quot; :FRAME (17 28) :SENSE-INFO
<   ((:PENN-PARTS-OF-SPEECH (JJ) :TRIPS-PARTS-OF-SPEECH (W::ADJ) :WN-SENSE-KEYS
<     (&quot;dark-haired%5:00:00&quot;)))
<   :UTTNUM 15 :CHANNEL DESKTOP :DIRECTION INPUT)
<  (WORD &quot;girl&quot; :FRAME (29 33) :SENSE-INFO
<   ((:PENN-PARTS-OF-SPEECH (NN) :TRIPS-PARTS-OF-SPEECH (W::N))) :UTTNUM 15
<   :CHANNEL DESKTOP :DIRECTION INPUT)
<  (PREFER &quot;a dark-skinned , dark-haired girl&quot; :FRAME (0 33) :PENN-CATS (NP)
<   :TRIPS-CATS (W::NP) :SCORE 41.32 :UTTNUM 15 :CHANNEL DESKTOP :DIRECTION
<   INPUT))</lisp><word lex="a" start="0" end="1"><sense-info penn-parts-of-speech="DT" trips-parts-of-speech="ART,QUAN,PRO" /></word><word lex="dark" start="2" end="5"><sense-info penn-parts-of-speech="NN" trips-parts-of-speech="N" /></word><word lex="-" start="6" end="6"><sense-info penn-parts-of-speech="COLON" trips-parts-of-speech="PUNC" /></word><word lex="skinned" start="7" end="14"><sense-info penn-parts-of-speech="VBD" trips-parts-of-speech="V" /></word><word lex="dark-skinned" start="2" end="14"><sense-info penn-parts-of-speech="JJ" trips-parts-of-speech="ADJ" wn-sense-keys="dark-skinned%5:00:00" /></word><word lex="," start="15" end="16"><sense-info penn-parts-of-speech="COMMA" trips-parts-of-speech="PUNC" /></word><word lex="dark" start="17" end="20"><sense-info penn-parts-of-speech="JJ" trips-parts-of-speech="ADJ" /></word><word lex="-" start="21" end="21"><sense-info penn-parts-of-speech="COLON" trips-parts-of-speech="PUNC" /></word><word lex="haired" start="22" end="28"><sense-info penn-parts-of-speech="VBN" trips-parts-of-speech="V" /></word><word lex="dark-haired" start="17" end="28"><sense-info penn-parts-of-speech="JJ" trips-parts-of-speech="ADJ" wn-sense-keys="dark-haired%5:00:00" /></word><word lex="girl" start="29" end="33"><sense-info penn-parts-of-speech="NN" trips-parts-of-speech="N" /></word><prefer text="a dark-skinned , dark-haired girl" start="0" end="33" penn-cats="NP" score="41.32" /></tags><tree><lisp>(NP (SPEC (DET (ART A)))
<  (N1 (ADJP (ADJ1 (ADJ DARK PUNC-MINUS SKINNED)))
<   (N1 (ADJP (ADJ1 (ADJ DARK PUNC-MINUS HAIRED))) (N1 (N GIRL)))))</lisp><NP><SPEC><DET><ART>A</ART></DET></SPEC><N1><ADJP><ADJ1><ADJ>DARK PUNC-MINUS SKINNED</ADJ></ADJ1></ADJP><N1><ADJP><ADJ1><ADJ>DARK PUNC-MINUS HAIRED</ADJ></ADJ1></ADJP><N1><N>GIRL</N></N1></N1></N1></NP></tree><terms root="#V103551"><lisp>((ONT::A ONT::V103551 (:* ONT::FEMALE-CHILD W::GIRL) :MOD ONT::V103524 :MOD
<   ONT::V103548 :START 0 :END 34)
<  (ONT::F ONT::V103524 (:* ONT::MODIFIER W::DARK-PUNC-MINUS-SKINNED) :FIGURE
<   ONT::V103551 :START 2 :END 15 :WNSENSE &quot;dark-skinned%5:00:00&quot;)
<  (ONT::F ONT::V103548 (:* ONT::MODIFIER W::DARK-PUNC-MINUS-HAIRED) :FIGURE
<   ONT::V103551 :START 17 :END 29 :WNSENSE &quot;dark-haired%5:00:00&quot;))</lisp><rdf:RDF
<   xmlns:rdf="http://www.w3.org/1999/02/22-rdf-syntax-ns#"
<   xmlns:role="http://www.cs.rochester.edu/research/trips/role#"
<   xmlns:LF="http://www.cs.rochester.edu/research/trips/LF#">
<   <rdf:Description rdf:ID="V103551">
<     <LF:indicator>A</LF:indicator>
<     <LF:type>FEMALE-CHILD</LF:type>
<     <LF:word>GIRL</LF:word>
<     <role:MOD rdf:resource="#V103524" />
<     <role:MOD rdf:resource="#V103548" />
<     <LF:start>0</LF:start>
<     <LF:end>34</LF:end>
<   </rdf:Description>
<   <rdf:Description rdf:ID="V103524">
<     <LF:indicator>F</LF:indicator>
<     <LF:type>MODIFIER</LF:type>
<     <LF:word>DARK-PUNC-MINUS-SKINNED</LF:word>
<     <role:FIGURE rdf:resource="#V103551" />
<     <LF:start>2</LF:start>
<     <LF:end>15</LF:end>
<     <role:WNSENSE>dark-skinned%5:00:00</role:WNSENSE>
<   </rdf:Description>
<   <rdf:Description rdf:ID="V103548">
<     <LF:indicator>F</LF:indicator>
<     <LF:type>MODIFIER</LF:type>
<     <LF:word>DARK-PUNC-MINUS-HAIRED</LF:word>
<     <role:FIGURE rdf:resource="#V103551" />
<     <LF:start>17</LF:start>
<     <LF:end>29</LF:end>
<     <role:WNSENSE>dark-haired%5:00:00</role:WNSENSE>
<   </rdf:Description>
< </rdf:RDF>
< </terms></utt><utt><words><lisp>(W::WEARING W::A W::TRADITIONAL W::GREEN W::HAT W::AND W::A W::WHITE
<  W::CARDIGAN W::IN W::A W::MEADOW W::BEHIND W::A W::GREY W::HOUSE
<  W::PUNC-PERIOD)</lisp><word>WEARING</word><word>A</word><word>TRADITIONAL</word><word>GREEN</word><word>HAT</word><word>AND</word><word>A</word><word>WHITE</word><word>CARDIGAN</word><word>IN</word><word>A</word><word>MEADOW</word><word>BEHIND</word><word>A</word><word>GREY</word><word>HOUSE</word><word>PUNC-PERIOD</word></words><tags><lisp>((WORD &quot;wearing&quot; :FRAME (34 41) :SENSE-INFO
<   ((:PENN-PARTS-OF-SPEECH (VBG) :TRIPS-PARTS-OF-SPEECH (W::V))) :UTTNUM 15
<   :CHANNEL DESKTOP :DIRECTION INPUT)
<  (WORD &quot;a&quot; :FRAME (42 43) :SENSE-INFO
<   ((:PENN-PARTS-OF-SPEECH (DT) :TRIPS-PARTS-OF-SPEECH (W::ART W::QUAN W::PRO)))
<   :UTTNUM 15 :CHANNEL DESKTOP :DIRECTION INPUT)
<  (WORD &quot;traditional&quot; :FRAME (44 55) :SENSE-INFO
<   ((:PENN-PARTS-OF-SPEECH (JJ) :TRIPS-PARTS-OF-SPEECH (W::ADJ))) :UTTNUM 15
<   :CHANNEL DESKTOP :DIRECTION INPUT)
<  (WORD &quot;green&quot; :FRAME (56 61) :SENSE-INFO
<   ((:PENN-PARTS-OF-SPEECH (NN JJ) :TRIPS-PARTS-OF-SPEECH (W::N W::ADJ)))
<   :UTTNUM 15 :CHANNEL DESKTOP :DIRECTION INPUT)
<  (WORD &quot;hat&quot; :FRAME (62 65) :SENSE-INFO
<   ((:PENN-PARTS-OF-SPEECH (NN) :TRIPS-PARTS-OF-SPEECH (W::N))) :UTTNUM 15
<   :CHANNEL DESKTOP :DIRECTION INPUT)
<  (PREFER &quot;a traditional green hat&quot; :FRAME (42 65) :PENN-CATS (NP) :TRIPS-CATS
<   (W::NP) :SCORE 31.477 :UTTNUM 15 :CHANNEL DESKTOP :DIRECTION INPUT)
<  (WORD &quot;and&quot; :FRAME (66 69) :SENSE-INFO
<   ((:PENN-PARTS-OF-SPEECH (CC) :TRIPS-PARTS-OF-SPEECH (W::CONJ))) :UTTNUM 15
<   :CHANNEL DESKTOP :DIRECTION INPUT)
<  (WORD &quot;a&quot; :FRAME (70 71) :SENSE-INFO
<   ((:PENN-PARTS-OF-SPEECH (DT) :TRIPS-PARTS-OF-SPEECH (W::ART W::QUAN W::PRO)))
<   :UTTNUM 15 :CHANNEL DESKTOP :DIRECTION INPUT)
<  (WORD &quot;white&quot; :FRAME (72 77) :SENSE-INFO
<   ((:PENN-PARTS-OF-SPEECH (JJ) :TRIPS-PARTS-OF-SPEECH (W::ADJ))) :UTTNUM 15
<   :CHANNEL DESKTOP :DIRECTION INPUT)
<  (WORD &quot;cardigan&quot; :FRAME (78 86) :SENSE-INFO
<   ((:PENN-PARTS-OF-SPEECH (NN) :TRIPS-PARTS-OF-SPEECH (W::N))) :UTTNUM 15
<   :CHANNEL DESKTOP :DIRECTION INPUT)
<  (PREFER &quot;a white cardigan&quot; :FRAME (70 86) :PENN-CATS (NP) :TRIPS-CATS (W::NP)
<   :SCORE 22.862 :UTTNUM 15 :CHANNEL DESKTOP :DIRECTION INPUT)
<  (PREFER &quot;a traditional green hat and a white cardigan&quot; :FRAME (42 86)
<   :PENN-CATS (NP) :TRIPS-CATS (W::NP) :SCORE 58.229 :UTTNUM 15 :CHANNEL DESKTOP
<   :DIRECTION INPUT)
<  (WORD &quot;in&quot; :FRAME (87 89) :SENSE-INFO
<   ((:PENN-PARTS-OF-SPEECH (IN) :TRIPS-PARTS-OF-SPEECH (W::PREP W::ADV)))
<   :UTTNUM 15 :CHANNEL DESKTOP :DIRECTION INPUT)
<  (WORD &quot;a&quot; :FRAME (90 91) :SENSE-INFO
<   ((:PENN-PARTS-OF-SPEECH (DT) :TRIPS-PARTS-OF-SPEECH (W::ART W::QUAN W::PRO)))
<   :UTTNUM 15 :CHANNEL DESKTOP :DIRECTION INPUT)
<  (WORD &quot;meadow&quot; :FRAME (92 98) :SENSE-INFO
<   ((:PENN-PARTS-OF-SPEECH (NN) :TRIPS-PARTS-OF-SPEECH (W::N))) :UTTNUM 15
<   :CHANNEL DESKTOP :DIRECTION INPUT)
<  (PREFER &quot;a meadow&quot; :FRAME (90 98) :PENN-CATS (NP) :TRIPS-CATS (W::NP) :SCORE
<   15.357 :UTTNUM 15 :CHANNEL DESKTOP :DIRECTION INPUT)
<  (WORD &quot;behind&quot; :FRAME (99 105) :SENSE-INFO
<   ((:PENN-PARTS-OF-SPEECH (IN) :TRIPS-PARTS-OF-SPEECH (W::PREP W::ADV)))
<   :UTTNUM 15 :CHANNEL DESKTOP :DIRECTION INPUT)
<  (WORD &quot;a&quot; :FRAME (106 107) :SENSE-INFO
<   ((:PENN-PARTS-OF-SPEECH (DT) :TRIPS-PARTS-OF-SPEECH (W::ART W::QUAN W::PRO)))
<   :UTTNUM 15 :CHANNEL DESKTOP :DIRECTION INPUT)
<  (WORD &quot;grey&quot; :FRAME (108 112) :SENSE-INFO
<   ((:PENN-PARTS-OF-SPEECH (NN JJ) :TRIPS-PARTS-OF-SPEECH (W::N W::ADJ)
<     :ALTERNATE-SPELLINGS (&quot;gray&quot;)))
<   :UTTNUM 15 :CHANNEL DESKTOP :DIRECTION INPUT)
<  (WORD &quot;house&quot; :FRAME (113 118) :SENSE-INFO
<   ((:PENN-PARTS-OF-SPEECH (NN) :TRIPS-PARTS-OF-SPEECH (W::N))) :UTTNUM 15
<   :CHANNEL DESKTOP :DIRECTION INPUT)
<  (PREFER &quot;a grey house&quot; :FRAME (106 118) :PENN-CATS (NP) :TRIPS-CATS (W::NP)
<   :SCORE 20.452 :UTTNUM 15 :CHANNEL DESKTOP :DIRECTION INPUT)
<  (PREFER &quot;behind a grey house&quot; :FRAME (99 118) :PENN-CATS (PP) :TRIPS-CATS
<   (W::PP) :SCORE 28.224 :UTTNUM 15 :CHANNEL DESKTOP :DIRECTION INPUT)
<  (PREFER &quot;a meadow behind a grey house&quot; :FRAME (90 118) :PENN-CATS (NP)
<   :TRIPS-CATS (W::NP) :SCORE 44.122 :UTTNUM 15 :CHANNEL DESKTOP :DIRECTION
<   INPUT)
<  (PREFER &quot;in a meadow behind a grey house&quot; :FRAME (87 118) :PENN-CATS (PP)
<   :TRIPS-CATS (W::PP) :SCORE 47.331 :UTTNUM 15 :CHANNEL DESKTOP :DIRECTION
<   INPUT)
<  (PREFER
<   &quot;wearing a traditional green hat and a white cardigan in a meadow behind a grey house&quot;
<   :FRAME (34 118) :PENN-CATS (VP) :TRIPS-CATS (W::VP) :SCORE 117.072 :UTTNUM 15
<   :CHANNEL DESKTOP :DIRECTION INPUT)
<  (WORD &quot;.&quot; :FRAME (119 119) :SENSE-INFO
<   ((:PENN-PARTS-OF-SPEECH (FULL_STOP) :TRIPS-PARTS-OF-SPEECH (W::PUNC)))
<   :UTTNUM 15 :CHANNEL DESKTOP :DIRECTION INPUT)
<  (PREFER
<   &quot;a dark-skinned , dark-haired girl wearing a traditional green hat and a white cardigan in a meadow behind a grey house .&quot;
<   :FRAME (0 119) :PENN-CATS (NP) :TRIPS-CATS (W::NP) :SCORE 161.834 :UTTNUM 15
<   :CHANNEL DESKTOP :DIRECTION INPUT))</lisp><word lex="wearing" start="34" end="41"><sense-info penn-parts-of-speech="VBG" trips-parts-of-speech="V" /></word><word lex="a" start="42" end="43"><sense-info penn-parts-of-speech="DT" trips-parts-of-speech="ART,QUAN,PRO" /></word><word lex="traditional" start="44" end="55"><sense-info penn-parts-of-speech="JJ" trips-parts-of-speech="ADJ" /></word><word lex="green" start="56" end="61"><sense-info penn-parts-of-speech="NN,JJ" trips-parts-of-speech="N,ADJ" /></word><word lex="hat" start="62" end="65"><sense-info penn-parts-of-speech="NN" trips-parts-of-speech="N" /></word><prefer text="a traditional green hat" start="42" end="65" penn-cats="NP" score="31.477" /><word lex="and" start="66" end="69"><sense-info penn-parts-of-speech="CC" trips-parts-of-speech="CONJ" /></word><word lex="a" start="70" end="71"><sense-info penn-parts-of-speech="DT" trips-parts-of-speech="ART,QUAN,PRO" /></word><word lex="white" start="72" end="77"><sense-info penn-parts-of-speech="JJ" trips-parts-of-speech="ADJ" /></word><word lex="cardigan" start="78" end="86"><sense-info penn-parts-of-speech="NN" trips-parts-of-speech="N" /></word><prefer text="a white cardigan" start="70" end="86" penn-cats="NP" score="22.862" /><prefer text="a traditional green hat and a white cardigan" start="42" end="86" penn-cats="NP" score="58.229" /><word lex="in" start="87" end="89"><sense-info penn-parts-of-speech="IN" trips-parts-of-speech="PREP,ADV" /></word><word lex="a" start="90" end="91"><sense-info penn-parts-of-speech="DT" trips-parts-of-speech="ART,QUAN,PRO" /></word><word lex="meadow" start="92" end="98"><sense-info penn-parts-of-speech="NN" trips-parts-of-speech="N" /></word><prefer text="a meadow" start="90" end="98" penn-cats="NP" score="15.357" /><word lex="behind" start="99" end="105"><sense-info penn-parts-of-speech="IN" trips-parts-of-speech="PREP,ADV" /></word><word lex="a" start="106" end="107"><sense-info penn-parts-of-speech="DT" trips-parts-of-speech="ART,QUAN,PRO" /></word><word lex="grey" start="108" end="112"><sense-info penn-parts-of-speech="NN,JJ" trips-parts-of-speech="N,ADJ" alternate-spellings="gray" /></word><word lex="house" start="113" end="118"><sense-info penn-parts-of-speech="NN" trips-parts-of-speech="N" /></word><prefer text="a grey house" start="106" end="118" penn-cats="NP" score="20.452" /><prefer text="behind a grey house" start="99" end="118" penn-cats="PP" score="28.224" /><prefer text="a meadow behind a grey house" start="90" end="118" penn-cats="NP" score="44.122" /><prefer text="in a meadow behind a grey house" start="87" end="118" penn-cats="PP" score="47.331" /><prefer text="wearing a traditional green hat and a white cardigan in a meadow behind a grey house" start="34" end="118" penn-cats="VP" score="117.072" /><word lex="." start="119" end="119"><sense-info penn-parts-of-speech="FULL_STOP" trips-parts-of-speech="PUNC" /></word><prefer text="a dark-skinned , dark-haired girl wearing a traditional green hat and a white cardigan in a meadow behind a grey house ." start="0" end="119" penn-cats="NP" score="161.834" /></tags><tree><lisp>(UTT
<  (UTT
<   (NP
<    (VP
<     (VP- (V WEARING)
<      (NP
<       (NP (SPEC (DET (ART A)))
<        (N1 (ADJP (ADJ1 (ADJ TRADITIONAL)))
<         (N1 (ADJP (ADJ1 (ADJ GREEN))) (N1 (N HAT)))))
<       (CONJ AND)
<       (NP (SPEC (DET (ART A)))
<        (N1 (N1 (ADJP (ADJ1 (ADJ WHITE))) (N1 (N CARDIGAN)))
<         (ADVBL (ADV IN)
<          (NP (SPEC (DET (ART A)))
<           (N1 (N1 (N MEADOW))
<            (ADVBL (ADV BEHIND)
<             (NP (SPEC (DET (ART A)))
<              (N1 (ADJP (ADJ1 (ADJ GREY))) (N1 (N HOUSE)))))))))))))))
<  (PUNC PUNC-PERIOD))</lisp><UTT><UTT><NP><VP><VP-><V>WEARING</V><NP><NP><SPEC><DET><ART>A</ART></DET></SPEC><N1><ADJP><ADJ1><ADJ>TRADITIONAL</ADJ></ADJ1></ADJP><N1><ADJP><ADJ1><ADJ>GREEN</ADJ></ADJ1></ADJP><N1><N>HAT</N></N1></N1></N1></NP><CONJ>AND</CONJ><NP><SPEC><DET><ART>A</ART></DET></SPEC><N1><N1><ADJP><ADJ1><ADJ>WHITE</ADJ></ADJ1></ADJP><N1><N>CARDIGAN</N></N1></N1><ADVBL><ADV>IN</ADV><NP><SPEC><DET><ART>A</ART></DET></SPEC><N1><N1><N>MEADOW</N></N1><ADVBL><ADV>BEHIND</ADV><NP><SPEC><DET><ART>A</ART></DET></SPEC><N1><ADJP><ADJ1><ADJ>GREY</ADJ></ADJ1></ADJP><N1><N>HOUSE</N></N1></N1></NP></ADVBL></N1></NP></ADVBL></N1></NP></NP></VP-></VP></NP></UTT><PUNC>PUNC-PERIOD</PUNC></UTT></tree><terms root="#V105292"><lisp>((ONT::SPEECHACT ONT::V105292 ONT::SA_IDENTIFY :PUNCTYPE W::DECL :CONTENT
<   ONT::V103557 :START 34 :END 119)
<  (ONT::BARE ONT::V103557 (:* ONT::WEAR W::WEAR) :NEUTRAL ONT::V103622 :START 34
<   :END 119)
<  (ONT::INDEF-SET ONT::V103622 ONT::ATTIRE :OPERATOR ONT::AND :SEQUENCE
<   (ONT::V103618 ONT::V103680) :START 42 :END 119)
<  (ONT::A ONT::V103618 (:* ONT::ATTIRE W::HAT) :MOD ONT::V103604 :MOD
<   ONT::V103607 :START 42 :END 66)
<  (ONT::F ONT::V103604 (:* ONT::CONVENTIONAL-VAL W::TRADITIONAL) :FIGURE
<   ONT::V103618 :START 44 :END 56)
<  (ONT::F ONT::V103607 (:* ONT::GREEN W::GREEN) :FIGURE ONT::V103618 :SCALE
<   ONT::GREEN*1--07--00 :START 56 :END 62)
<  (ONT::A ONT::V103680 (:* ONT::ATTIRE W::CARDIGAN) :LOCATION ONT::V103690 :MOD
<   ONT::V103672 :START 70 :END 119)
<  (ONT::F ONT::V103672 (:* ONT::WHITE W::WHITE) :FIGURE ONT::V103680 :SCALE
<   ONT::WHITE*1--07--00 :START 72 :END 78)
<  (ONT::F ONT::V103690 (:* ONT::IN-LOC W::IN) :GROUND ONT::V103781 :FIGURE
<   ONT::V103680 :START 87 :END 119)
<  (ONT::A ONT::V103781 (:* ONT::GEO-FORMATION W::MEADOW) :LOCATION ONT::V103784
<   :START 90 :END 119)
<  (ONT::F ONT::V103784 (:* ONT::BACK W::BEHIND) :GROUND ONT::V103840 :FIGURE
<   ONT::V103781 :START 99 :END 119)
<  (ONT::A ONT::V103840 (:* ONT::LODGING W::HOUSE) :MOD ONT::V103828 :START 106
<   :END 119)
<  (ONT::F ONT::V103828 (:* ONT::GRAY W::GREY) :FIGURE ONT::V103840 :SCALE
<   ONT::GREYNESS*1--07--00 :START 108 :END 113))</lisp><rdf:RDF
<   xmlns:rdf="http://www.w3.org/1999/02/22-rdf-syntax-ns#"
<   xmlns:role="http://www.cs.rochester.edu/research/trips/role#"
<   xmlns:LF="http://www.cs.rochester.edu/research/trips/LF#">
<   <rdf:Description rdf:ID="V105292">
<     <LF:indicator>SPEECHACT</LF:indicator>
<     <LF:type>SA_IDENTIFY</LF:type>
<     <role:PUNCTYPE>DECL</role:PUNCTYPE>
<     <role:CONTENT rdf:resource="#V103557" />
<     <LF:start>34</LF:start>
<     <LF:end>119</LF:end>
<   </rdf:Description>
<   <rdf:Description rdf:ID="V103557">
<     <LF:indicator>BARE</LF:indicator>
<     <LF:type>WEAR</LF:type>
<     <LF:word>WEAR</LF:word>
<     <role:NEUTRAL rdf:resource="#V103622" />
<     <LF:start>34</LF:start>
<     <LF:end>119</LF:end>
<   </rdf:Description>
<   <rdf:Description rdf:ID="V103622">
<     <LF:indicator>INDEF-SET</LF:indicator>
<     <LF:type>ATTIRE</LF:type>
<     <role:OPERATOR>AND</role:OPERATOR>
<     <role:SEQUENCE rdf:resource="#V103618" />
<     <role:SEQUENCE1 rdf:resource="#V103680" />
<     <LF:start>42</LF:start>
<     <LF:end>119</LF:end>
<   </rdf:Description>
<   <rdf:Description rdf:ID="V103618">
<     <LF:indicator>A</LF:indicator>
<     <LF:type>ATTIRE</LF:type>
<     <LF:word>HAT</LF:word>
<     <role:MOD rdf:resource="#V103604" />
<     <role:MOD rdf:resource="#V103607" />
<     <LF:start>42</LF:start>
<     <LF:end>66</LF:end>
<   </rdf:Description>
<   <rdf:Description rdf:ID="V103604">
<     <LF:indicator>F</LF:indicator>
<     <LF:type>CONVENTIONAL-VAL</LF:type>
<     <LF:word>TRADITIONAL</LF:word>
<     <role:FIGURE rdf:resource="#V103618" />
<     <LF:start>44</LF:start>
<     <LF:end>56</LF:end>
<   </rdf:Description>
<   <rdf:Description rdf:ID="V103607">
<     <LF:indicator>F</LF:indicator>
<     <LF:type>GREEN</LF:type>
<     <LF:word>GREEN</LF:word>
<     <role:FIGURE rdf:resource="#V103618" />
<     <role:SCALE>GREEN*1--07--00</role:SCALE>
<     <LF:start>56</LF:start>
<     <LF:end>62</LF:end>
<   </rdf:Description>
<   <rdf:Description rdf:ID="V103680">
<     <LF:indicator>A</LF:indicator>
<     <LF:type>ATTIRE</LF:type>
<     <LF:word>CARDIGAN</LF:word>
<     <role:LOCATION rdf:resource="#V103690" />
<     <role:MOD rdf:resource="#V103672" />
<     <LF:start>70</LF:start>
<     <LF:end>119</LF:end>
<   </rdf:Description>
<   <rdf:Description rdf:ID="V103672">
<     <LF:indicator>F</LF:indicator>
<     <LF:type>WHITE</LF:type>
<     <LF:word>WHITE</LF:word>
<     <role:FIGURE rdf:resource="#V103680" />
<     <role:SCALE>WHITE*1--07--00</role:SCALE>
<     <LF:start>72</LF:start>
<     <LF:end>78</LF:end>
<   </rdf:Description>
<   <rdf:Description rdf:ID="V103690">
<     <LF:indicator>F</LF:indicator>
<     <LF:type>IN-LOC</LF:type>
<     <LF:word>IN</LF:word>
<     <role:GROUND rdf:resource="#V103781" />
<     <role:FIGURE rdf:resource="#V103680" />
<     <LF:start>87</LF:start>
<     <LF:end>119</LF:end>
<   </rdf:Description>
<   <rdf:Description rdf:ID="V103781">
<     <LF:indicator>A</LF:indicator>
<     <LF:type>GEO-FORMATION</LF:type>
<     <LF:word>MEADOW</LF:word>
<     <role:LOCATION rdf:resource="#V103784" />
<     <LF:start>90</LF:start>
<     <LF:end>119</LF:end>
<   </rdf:Description>
<   <rdf:Description rdf:ID="V103784">
<     <LF:indicator>F</LF:indicator>
<     <LF:type>BACK</LF:type>
<     <LF:word>BEHIND</LF:word>
<     <role:GROUND rdf:resource="#V103840" />
<     <role:FIGURE rdf:resource="#V103781" />
<     <LF:start>99</LF:start>
<     <LF:end>119</LF:end>
<   </rdf:Description>
<   <rdf:Description rdf:ID="V103840">
<     <LF:indicator>A</LF:indicator>
<     <LF:type>LODGING</LF:type>
<     <LF:word>HOUSE</LF:word>
<     <role:MOD rdf:resource="#V103828" />
<     <LF:start>106</LF:start>
<     <LF:end>119</LF:end>
<   </rdf:Description>
<   <rdf:Description rdf:ID="V103828">
<     <LF:indicator>F</LF:indicator>
<     <LF:type>GRAY</LF:type>
<     <LF:word>GREY</LF:word>
<     <role:FIGURE rdf:resource="#V103840" />
<     <role:SCALE>GREYNESS*1--07--00</role:SCALE>
<     <LF:start>108</LF:start>
<     <LF:end>113</LF:end>
<   </rdf:Description>
< </rdf:RDF>
< </terms></utt></compound-communication-act>
< </trips-parser-output>
\ No newline at end of file
---
> <SpRL>
>  <SCENE>
>   <SENTENCE id="s1" indicator="A" type="FEMALE-CHILD" text="GIRL" start="0" end="34">
>    <TEXT>a dark-skinned , dark-haired girl w</TEXT>
>    <RELATION id="1" head="V103551" res="V103524" label="MOD"/>
>    <RELATION id="2" head="V103551" res="V103548" label="MOD"/>
>    <PHRASE id="V103524" indicator="F" type="MODIFIER" text="DARK-PUNC-MINUS-SKINNED" start="2" end="15" WNSENSE="dark-skinned%5:00:00"/>
>    <RELATION id="3" head="V103524" res="V103551" label="FIGURE"/>
>    <PHRASE id="V103548" indicator="F" type="MODIFIER" text="DARK-PUNC-MINUS-HAIRED" start="17" end="29" WNSENSE="dark-haired%5:00:00"/>
>    <RELATION id="4" head="V103548" res="V103551" label="FIGURE"/>
>   </SENTENCE>
>   <SENTENCE id="s2" indicator="SPEECHACT" type="SA_IDENTIFY" PUNCTYPE="DECL" start="34" end="119">
>    <TEXT>wearing a traditional green hat and a white cardigan in a meadow behind a grey house .</TEXT>
>    <RELATION id="5" head="V105292" res="V103557" label="CONTENT"/>
>    <PHRASE id="V103557" indicator="BARE" type="WEAR" text="WEAR" start="34" end="119"/>
>    <RELATION id="6" head="V103557" res="V103622" label="NEUTRAL"/>
>    <PHRASE id="V103622" indicator="INDEF-SET" type="ATTIRE" OPERATOR="AND" start="42" end="119"/>
>    <RELATION id="7" head="V103622" res="V103618" label="SEQUENCE"/>
>    <RELATION id="8" head="V103622" res="V103680" label="SEQUENCE1"/>
>    <PHRASE id="V103618" indicator="A" type="ATTIRE" text="HAT" start="42" end="66"/>
>    <RELATION id="9" head="V103618" res="V103604" label="MOD"/>
>    <RELATION id="10" head="V103618" res="V103607" label="MOD"/>
>    <PHRASE id="V103604" indicator="F" type="CONVENTIONAL-VAL" text="TRADITIONAL" start="44" end="56"/>
>    <RELATION id="11" head="V103604" res="V103618" label="FIGURE"/>
>    <PHRASE id="V103607" indicator="F" type="GREEN" text="GREEN" SCALE="GREEN*1--07--00" start="56" end="62"/>
>    <RELATION id="12" head="V103607" res="V103618" label="FIGURE"/>
>    <PHRASE id="V103680" indicator="A" type="ATTIRE" text="CARDIGAN" start="70" end="119"/>
>    <RELATION id="13" head="V103680" res="V103690" label="LOCATION"/>
>    <RELATION id="14" head="V103680" res="V103672" label="MOD"/>
>    <PHRASE id="V103672" indicator="F" type="WHITE" text="WHITE" SCALE="WHITE*1--07--00" start="72" end="78"/>
>    <RELATION id="15" head="V103672" res="V103680" label="FIGURE"/>
>    <PHRASE id="V103690" indicator="F" type="IN-LOC" text="IN" start="87" end="119"/>
>    <RELATION id="16" head="V103690" res="V103781" label="GROUND"/>
>    <RELATION id="17" head="V103690" res="V103680" label="FIGURE"/>
>    <PHRASE id="V103781" indicator="A" type="GEO-FORMATION" text="MEADOW" start="90" end="119"/>
>    <RELATION id="18" head="V103781" res="V103784" label="LOCATION"/>
>    <PHRASE id="V103784" indicator="F" type="BACK" text="BEHIND" start="99" end="119"/>
>    <RELATION id="19" head="V103784" res="V103840" label="GROUND"/>
>    <RELATION id="20" head="V103784" res="V103781" label="FIGURE"/>
>    <PHRASE id="V103840" indicator="A" type="LODGING" text="HOUSE" start="106" end="119"/>
>    <RELATION id="21" head="V103840" res="V103828" label="MOD"/>
>    <PHRASE id="V103828" indicator="F" type="GRAY" text="GREY" SCALE="GREYNESS*1--07--00" start="108" end="113"/>
>    <RELATION id="22" head="V103828" res="V103840" label="FIGURE"/>
>   </SENTENCE>
>  </SCENE>
> </SpRL>
