2,278c2,45
< <?xml-stylesheet type="text/xsl" href="../style/parser-interface.xsl"?>
< <!DOCTYPE trips-parser-output SYSTEM "../trips-parser-output.dtd">
< <trips-parser-output parser-build-date="2017-09-20T12:11:02-0500" system="STEP" extsformat="svg" tagsformat="hidden" treecontents="phrase" treeformat="LinGO" lfformat="svg" semantic-skeleton-scoring="T" rule-sets="" input="a dark-haired , dark-skinned boy in a brown pullover sitting at his desk in a classroom .
< ">
< <debug>
< *last-utt-id*=NIL  utt-id+49
< *last-utt-id*=49  utt-id+49
< *last-utt-id*=49  utt-id+49
< *last-utt-id*=49  utt-id+NIL</debug><compound-communication-act>
< <utt><words><lisp>(W::DARK W::PUNC-MINUS W::HAIRED)</lisp><word>DARK</word><word>PUNC-MINUS</word><word>HAIRED</word></words><tags><lisp>((WORD &quot;a&quot; :FRAME (0 1) :SENSE-INFO
<   ((:PENN-PARTS-OF-SPEECH (DT) :TRIPS-PARTS-OF-SPEECH (W::ART W::QUAN W::PRO)))
<   :UTTNUM 49 :CHANNEL DESKTOP :DIRECTION INPUT)
<  (WORD &quot;dark&quot; :FRAME (2 5) :SENSE-INFO
<   ((:PENN-PARTS-OF-SPEECH (NN) :TRIPS-PARTS-OF-SPEECH (W::N))) :UTTNUM 49
<   :CHANNEL DESKTOP :DIRECTION INPUT)
<  (WORD &quot;-&quot; :FRAME (6 6) :SENSE-INFO
<   ((:PENN-PARTS-OF-SPEECH (COLON) :TRIPS-PARTS-OF-SPEECH (W::PUNC))) :UTTNUM 49
<   :CHANNEL DESKTOP :DIRECTION INPUT)
<  (WORD &quot;haired&quot; :FRAME (7 13) :SENSE-INFO
<   ((:PENN-PARTS-OF-SPEECH (JJ) :TRIPS-PARTS-OF-SPEECH (W::ADJ))) :UTTNUM 49
<   :CHANNEL DESKTOP :DIRECTION INPUT)
<  (WORD &quot;dark-haired&quot; :FRAME (2 13) :SENSE-INFO
<   ((:PENN-PARTS-OF-SPEECH (JJ) :TRIPS-PARTS-OF-SPEECH (W::ADJ) :WN-SENSE-KEYS
<     (&quot;dark-haired%5:00:00&quot;)))
<   :UTTNUM 49 :CHANNEL DESKTOP :DIRECTION INPUT)
<  (WORD &quot;,&quot; :FRAME (14 15) :SENSE-INFO
<   ((:PENN-PARTS-OF-SPEECH (COMMA) :TRIPS-PARTS-OF-SPEECH (W::PUNC))) :UTTNUM 49
<   :CHANNEL DESKTOP :DIRECTION INPUT))</lisp><word lex="a" start="0" end="1"><sense-info penn-parts-of-speech="DT" trips-parts-of-speech="ART,QUAN,PRO" /></word><word lex="dark" start="2" end="5"><sense-info penn-parts-of-speech="NN" trips-parts-of-speech="N" /></word><word lex="-" start="6" end="6"><sense-info penn-parts-of-speech="COLON" trips-parts-of-speech="PUNC" /></word><word lex="haired" start="7" end="13"><sense-info penn-parts-of-speech="JJ" trips-parts-of-speech="ADJ" /></word><word lex="dark-haired" start="2" end="13"><sense-info penn-parts-of-speech="JJ" trips-parts-of-speech="ADJ" wn-sense-keys="dark-haired%5:00:00" /></word><word lex="," start="14" end="15"><sense-info penn-parts-of-speech="COMMA" trips-parts-of-speech="PUNC" /></word></tags><tree><lisp>(DET (ART A))</lisp><DET><ART>A</ART></DET></tree><terms root="#V338961"><lisp>((ONT::F ONT::V338961 (:* ONT::MODIFIER W::DARK-PUNC-MINUS-HAIRED) :START 2
<   :END 14 :WNSENSE &quot;dark-haired%5:00:00&quot;))</lisp><rdf:RDF
<   xmlns:rdf="http://www.w3.org/1999/02/22-rdf-syntax-ns#"
<   xmlns:role="http://www.cs.rochester.edu/research/trips/role#"
<   xmlns:LF="http://www.cs.rochester.edu/research/trips/LF#">
<   <rdf:Description rdf:ID="V338961">
<     <LF:indicator>F</LF:indicator>
<     <LF:type>MODIFIER</LF:type>
<     <LF:word>DARK-PUNC-MINUS-HAIRED</LF:word>
<     <LF:start>2</LF:start>
<     <LF:end>14</LF:end>
<     <role:WNSENSE>dark-haired%5:00:00</role:WNSENSE>
<   </rdf:Description>
< </rdf:RDF>
< </terms></utt><utt><words><lisp>(W::DARK W::PUNC-MINUS W::SKINNED W::BOY W::IN W::A W::BROWN W::PULLOVER
<  W::SITTING W::AT W::HIS)</lisp><word>DARK</word><word>PUNC-MINUS</word><word>SKINNED</word><word>BOY</word><word>IN</word><word>A</word><word>BROWN</word><word>PULLOVER</word><word>SITTING</word><word>AT</word><word>HIS</word></words><tags><lisp>((WORD &quot;dark&quot; :FRAME (16 19) :SENSE-INFO
<   ((:PENN-PARTS-OF-SPEECH (JJ) :TRIPS-PARTS-OF-SPEECH (W::ADJ))) :UTTNUM 49
<   :CHANNEL DESKTOP :DIRECTION INPUT)
<  (WORD &quot;-&quot; :FRAME (20 20) :SENSE-INFO
<   ((:PENN-PARTS-OF-SPEECH (COLON) :TRIPS-PARTS-OF-SPEECH (W::PUNC))) :UTTNUM 49
<   :CHANNEL DESKTOP :DIRECTION INPUT)
<  (WORD &quot;skinned&quot; :FRAME (21 28) :SENSE-INFO
<   ((:PENN-PARTS-OF-SPEECH (VBN) :TRIPS-PARTS-OF-SPEECH (W::V))) :UTTNUM 49
<   :CHANNEL DESKTOP :DIRECTION INPUT)
<  (WORD &quot;dark-skinned&quot; :FRAME (16 28) :SENSE-INFO
<   ((:PENN-PARTS-OF-SPEECH (JJ) :TRIPS-PARTS-OF-SPEECH (W::ADJ) :WN-SENSE-KEYS
<     (&quot;dark-skinned%5:00:00&quot;)))
<   :UTTNUM 49 :CHANNEL DESKTOP :DIRECTION INPUT)
<  (WORD &quot;boy&quot; :FRAME (29 32) :SENSE-INFO
<   ((:PENN-PARTS-OF-SPEECH (NN) :TRIPS-PARTS-OF-SPEECH (W::N))) :UTTNUM 49
<   :CHANNEL DESKTOP :DIRECTION INPUT)
<  (PREFER &quot;a dark-haired , dark-skinned boy&quot; :FRAME (0 32) :PENN-CATS (NP)
<   :TRIPS-CATS (W::NP) :SCORE 40.958 :UTTNUM 49 :CHANNEL DESKTOP :DIRECTION
<   INPUT)
<  (WORD &quot;in&quot; :FRAME (33 35) :SENSE-INFO
<   ((:PENN-PARTS-OF-SPEECH (IN) :TRIPS-PARTS-OF-SPEECH (W::PREP W::ADV)))
<   :UTTNUM 49 :CHANNEL DESKTOP :DIRECTION INPUT)
<  (WORD &quot;a&quot; :FRAME (36 37) :SENSE-INFO
<   ((:PENN-PARTS-OF-SPEECH (DT) :TRIPS-PARTS-OF-SPEECH (W::ART W::QUAN W::PRO)))
<   :UTTNUM 49 :CHANNEL DESKTOP :DIRECTION INPUT)
<  (WORD &quot;brown&quot; :FRAME (38 43) :SENSE-INFO
<   ((:PENN-PARTS-OF-SPEECH (JJ) :TRIPS-PARTS-OF-SPEECH (W::ADJ))) :UTTNUM 49
<   :CHANNEL DESKTOP :DIRECTION INPUT)
<  (WORD &quot;pullover&quot; :FRAME (44 52) :SENSE-INFO
<   ((:PENN-PARTS-OF-SPEECH (NN) :TRIPS-PARTS-OF-SPEECH (W::N))) :UTTNUM 49
<   :CHANNEL DESKTOP :DIRECTION INPUT)
<  (PREFER &quot;a brown pullover&quot; :FRAME (36 52) :PENN-CATS (NP) :TRIPS-CATS (W::NP)
<   :SCORE 26.842 :UTTNUM 49 :CHANNEL DESKTOP :DIRECTION INPUT)
<  (PREFER &quot;in a brown pullover&quot; :FRAME (33 52) :PENN-CATS (PP) :TRIPS-CATS
<   (W::PP) :SCORE 29.094 :UTTNUM 49 :CHANNEL DESKTOP :DIRECTION INPUT)
<  (PREFER &quot;a dark-haired , dark-skinned boy in a brown pullover&quot; :FRAME (0 52)
<   :PENN-CATS (NP) :TRIPS-CATS (W::NP) :SCORE 70.713 :UTTNUM 49 :CHANNEL DESKTOP
<   :DIRECTION INPUT)
<  (WORD &quot;sitting&quot; :FRAME (53 60) :SENSE-INFO
<   ((:PENN-PARTS-OF-SPEECH (VBG) :TRIPS-PARTS-OF-SPEECH (W::V))) :UTTNUM 49
<   :CHANNEL DESKTOP :DIRECTION INPUT)
<  (WORD &quot;at&quot; :FRAME (61 63) :SENSE-INFO
<   ((:PENN-PARTS-OF-SPEECH (IN) :TRIPS-PARTS-OF-SPEECH (W::PREP W::ADV)))
<   :UTTNUM 49 :CHANNEL DESKTOP :DIRECTION INPUT)
<  (WORD &quot;his&quot; :FRAME (64 67) :SENSE-INFO
<   ((:PENN-PARTS-OF-SPEECH (PRP$) :TRIPS-PARTS-OF-SPEECH (W::PRO))) :UTTNUM 49
<   :CHANNEL DESKTOP :DIRECTION INPUT))</lisp><word lex="dark" start="16" end="19"><sense-info penn-parts-of-speech="JJ" trips-parts-of-speech="ADJ" /></word><word lex="-" start="20" end="20"><sense-info penn-parts-of-speech="COLON" trips-parts-of-speech="PUNC" /></word><word lex="skinned" start="21" end="28"><sense-info penn-parts-of-speech="VBN" trips-parts-of-speech="V" /></word><word lex="dark-skinned" start="16" end="28"><sense-info penn-parts-of-speech="JJ" trips-parts-of-speech="ADJ" wn-sense-keys="dark-skinned%5:00:00" /></word><word lex="boy" start="29" end="32"><sense-info penn-parts-of-speech="NN" trips-parts-of-speech="N" /></word><prefer text="a dark-haired , dark-skinned boy" start="0" end="32" penn-cats="NP" score="40.958" /><word lex="in" start="33" end="35"><sense-info penn-parts-of-speech="IN" trips-parts-of-speech="PREP,ADV" /></word><word lex="a" start="36" end="37"><sense-info penn-parts-of-speech="DT" trips-parts-of-speech="ART,QUAN,PRO" /></word><word lex="brown" start="38" end="43"><sense-info penn-parts-of-speech="JJ" trips-parts-of-speech="ADJ" /></word><word lex="pullover" start="44" end="52"><sense-info penn-parts-of-speech="NN" trips-parts-of-speech="N" /></word><prefer text="a brown pullover" start="36" end="52" penn-cats="NP" score="26.842" /><prefer text="in a brown pullover" start="33" end="52" penn-cats="PP" score="29.094" /><prefer text="a dark-haired , dark-skinned boy in a brown pullover" start="0" end="52" penn-cats="NP" score="70.713" /><word lex="sitting" start="53" end="60"><sense-info penn-parts-of-speech="VBG" trips-parts-of-speech="V" /></word><word lex="at" start="61" end="63"><sense-info penn-parts-of-speech="IN" trips-parts-of-speech="PREP,ADV" /></word><word lex="his" start="64" end="67"><sense-info penn-parts-of-speech="PRP$" trips-parts-of-speech="PRO" /></word></tags><tree><lisp>(ADJP (ADJ1 (ADJ DARK PUNC-MINUS HAIRED)))</lisp><ADJP><ADJ1><ADJ>DARK PUNC-MINUS HAIRED</ADJ></ADJ1></ADJP></tree><terms root="#V338995"><lisp>((ONT::BARE ONT::V338995 (:* ONT::MALE-CHILD W::BOY) :MOD ONT::V338999 :MOD
<   ONT::V338967 :MOD ONT::V338980 :START 16 :END 68)
<  (ONT::F ONT::V338967 (:* ONT::DARK-VAL W::DARK) :FIGURE ONT::V338995 :START 16
<   :END 20)
<  (ONT::F ONT::V338980 (:* ONT::MOVE W::SKINNED) :AFFECTED ONT::V338995 :START
<   21 :END 29)
<  (ONT::F ONT::V338999 (:* ONT::SITUATED-IN W::IN) :GROUND ONT::V339106 :FIGURE
<   ONT::V338995 :START 33 :END 68)
<  (ONT::BARE ONT::V339106 (:* ONT::BODY-MOVEMENT W::SIT-UP) :AGENT ONT::V339102
<   :LOCATION ONT::V339128 :START 36 :END 68)
<  (ONT::A ONT::V339102 (:* ONT::ATTIRE W::PULLOVER) :MOD ONT::V339092 :START 36
<   :END 53)
<  (ONT::F ONT::V339092 (:* ONT::BROWN W::BROWN) :FIGURE ONT::V339102 :SCALE
<   ONT::BROWNNESS*1--07--00 :START 38 :END 44)
<  (ONT::F ONT::V339128 (:* ONT::AT-LOC W::AT) :GROUND ONT::V339142 :FIGURE
<   ONT::V339106 :START 61 :END 68)
<  (ONT::PRO ONT::V339142 ONT::REFERENTIAL-SEM :PROFORM (W::HIS) :ASSOC-POSS
<   ONT::V339289 :START 64 :END 68)
<  (ONT::PRO ONT::V339289 (:* ONT::MALE-PERSON W::HIS) :PROFORM W::HIS :START 64
<   :END 68 :COREF ONT::V338995))</lisp><rdf:RDF
<   xmlns:rdf="http://www.w3.org/1999/02/22-rdf-syntax-ns#"
<   xmlns:role="http://www.cs.rochester.edu/research/trips/role#"
<   xmlns:LF="http://www.cs.rochester.edu/research/trips/LF#">
<   <rdf:Description rdf:ID="V338995">
<     <LF:indicator>BARE</LF:indicator>
<     <LF:type>MALE-CHILD</LF:type>
<     <LF:word>BOY</LF:word>
<     <role:MOD rdf:resource="#V338999" />
<     <role:MOD rdf:resource="#V338967" />
<     <role:MOD rdf:resource="#V338980" />
<     <LF:start>16</LF:start>
<     <LF:end>68</LF:end>
<   </rdf:Description>
<   <rdf:Description rdf:ID="V338967">
<     <LF:indicator>F</LF:indicator>
<     <LF:type>DARK-VAL</LF:type>
<     <LF:word>DARK</LF:word>
<     <role:FIGURE rdf:resource="#V338995" />
<     <LF:start>16</LF:start>
<     <LF:end>20</LF:end>
<   </rdf:Description>
<   <rdf:Description rdf:ID="V338980">
<     <LF:indicator>F</LF:indicator>
<     <LF:type>MOVE</LF:type>
<     <LF:word>SKINNED</LF:word>
<     <role:AFFECTED rdf:resource="#V338995" />
<     <LF:start>21</LF:start>
<     <LF:end>29</LF:end>
<   </rdf:Description>
<   <rdf:Description rdf:ID="V338999">
<     <LF:indicator>F</LF:indicator>
<     <LF:type>SITUATED-IN</LF:type>
<     <LF:word>IN</LF:word>
<     <role:GROUND rdf:resource="#V339106" />
<     <role:FIGURE rdf:resource="#V338995" />
<     <LF:start>33</LF:start>
<     <LF:end>68</LF:end>
<   </rdf:Description>
<   <rdf:Description rdf:ID="V339106">
<     <LF:indicator>BARE</LF:indicator>
<     <LF:type>BODY-MOVEMENT</LF:type>
<     <LF:word>SIT-UP</LF:word>
<     <role:AGENT rdf:resource="#V339102" />
<     <role:LOCATION rdf:resource="#V339128" />
<     <LF:start>36</LF:start>
<     <LF:end>68</LF:end>
<   </rdf:Description>
<   <rdf:Description rdf:ID="V339102">
<     <LF:indicator>A</LF:indicator>
<     <LF:type>ATTIRE</LF:type>
<     <LF:word>PULLOVER</LF:word>
<     <role:MOD rdf:resource="#V339092" />
<     <LF:start>36</LF:start>
<     <LF:end>53</LF:end>
<   </rdf:Description>
<   <rdf:Description rdf:ID="V339092">
<     <LF:indicator>F</LF:indicator>
<     <LF:type>BROWN</LF:type>
<     <LF:word>BROWN</LF:word>
<     <role:FIGURE rdf:resource="#V339102" />
<     <role:SCALE>BROWNNESS*1--07--00</role:SCALE>
<     <LF:start>38</LF:start>
<     <LF:end>44</LF:end>
<   </rdf:Description>
<   <rdf:Description rdf:ID="V339128">
<     <LF:indicator>F</LF:indicator>
<     <LF:type>AT-LOC</LF:type>
<     <LF:word>AT</LF:word>
<     <role:GROUND rdf:resource="#V339142" />
<     <role:FIGURE rdf:resource="#V339106" />
<     <LF:start>61</LF:start>
<     <LF:end>68</LF:end>
<   </rdf:Description>
<   <rdf:Description rdf:ID="V339142">
<     <LF:indicator>PRO</LF:indicator>
<     <LF:type>REFERENTIAL-SEM</LF:type>
<     <role:PROFORM>(HIS)</role:PROFORM>
<     <role:ASSOC-POSS rdf:resource="#V339289" />
<     <LF:start>64</LF:start>
<     <LF:end>68</LF:end>
<   </rdf:Description>
<   <rdf:Description rdf:ID="V339289">
<     <LF:indicator>PRO</LF:indicator>
<     <LF:type>MALE-PERSON</LF:type>
<     <LF:word>HIS</LF:word>
<     <role:PROFORM>HIS</role:PROFORM>
<     <LF:start>64</LF:start>
<     <LF:end>68</LF:end>
<     <role:COREF rdf:resource="#V338995" />
<   </rdf:Description>
< </rdf:RDF>
< </terms></utt><utt><words><lisp>(W::DESK W::IN W::A W::CLASSROOM W::PUNC-PERIOD)</lisp><word>DESK</word><word>IN</word><word>A</word><word>CLASSROOM</word><word>PUNC-PERIOD</word></words><tags><lisp>((WORD &quot;desk&quot; :FRAME (68 72) :SENSE-INFO
<   ((:PENN-PARTS-OF-SPEECH (NN) :TRIPS-PARTS-OF-SPEECH (W::N))) :UTTNUM 49
<   :CHANNEL DESKTOP :DIRECTION INPUT)
<  (PREFER &quot;his desk&quot; :FRAME (64 72) :PENN-CATS (NP) :TRIPS-CATS (W::NP) :SCORE
<   15.015 :UTTNUM 49 :CHANNEL DESKTOP :DIRECTION INPUT)
<  (WORD &quot;in&quot; :FRAME (73 75) :SENSE-INFO
<   ((:PENN-PARTS-OF-SPEECH (IN) :TRIPS-PARTS-OF-SPEECH (W::PREP W::ADV)))
<   :UTTNUM 49 :CHANNEL DESKTOP :DIRECTION INPUT)
<  (WORD &quot;a&quot; :FRAME (76 77) :SENSE-INFO
<   ((:PENN-PARTS-OF-SPEECH (DT) :TRIPS-PARTS-OF-SPEECH (W::ART W::QUAN W::PRO)))
<   :UTTNUM 49 :CHANNEL DESKTOP :DIRECTION INPUT)
<  (WORD &quot;classroom&quot; :FRAME (78 87) :SENSE-INFO
<   ((:PENN-PARTS-OF-SPEECH (NN) :TRIPS-PARTS-OF-SPEECH (W::N))) :UTTNUM 49
<   :CHANNEL DESKTOP :DIRECTION INPUT)
<  (PREFER &quot;a classroom&quot; :FRAME (76 87) :PENN-CATS (NP) :TRIPS-CATS (W::NP)
<   :SCORE 13.862 :UTTNUM 49 :CHANNEL DESKTOP :DIRECTION INPUT)
<  (PREFER &quot;in a classroom&quot; :FRAME (73 87) :PENN-CATS (PP) :TRIPS-CATS (W::PP)
<   :SCORE 16.114 :UTTNUM 49 :CHANNEL DESKTOP :DIRECTION INPUT)
<  (PREFER &quot;his desk in a classroom&quot; :FRAME (64 87) :PENN-CATS (NP) :TRIPS-CATS
<   (W::NP) :SCORE 31.669 :UTTNUM 49 :CHANNEL DESKTOP :DIRECTION INPUT)
<  (PREFER &quot;at his desk in a classroom&quot; :FRAME (61 87) :PENN-CATS (PP)
<   :TRIPS-CATS (W::PP) :SCORE 35.98 :UTTNUM 49 :CHANNEL DESKTOP :DIRECTION
<   INPUT)
<  (PREFER &quot;sitting at his desk in a classroom&quot; :FRAME (53 87) :PENN-CATS (VP)
<   :TRIPS-CATS (W::VP) :SCORE 44.677 :UTTNUM 49 :CHANNEL DESKTOP :DIRECTION
<   INPUT)
<  (WORD &quot;.&quot; :FRAME (88 88) :SENSE-INFO
<   ((:PENN-PARTS-OF-SPEECH (FULL_STOP) :TRIPS-PARTS-OF-SPEECH (W::PUNC)))
<   :UTTNUM 49 :CHANNEL DESKTOP :DIRECTION INPUT)
<  (PREFER
<   &quot;a dark-haired , dark-skinned boy in a brown pullover sitting at his desk in a classroom .&quot;
<   :FRAME (0 88) :PENN-CATS (NP) :TRIPS-CATS (W::NP) :SCORE 120.741 :UTTNUM 49
<   :CHANNEL DESKTOP :DIRECTION INPUT))</lisp><word lex="desk" start="68" end="72"><sense-info penn-parts-of-speech="NN" trips-parts-of-speech="N" /></word><prefer text="his desk" start="64" end="72" penn-cats="NP" score="15.015" /><word lex="in" start="73" end="75"><sense-info penn-parts-of-speech="IN" trips-parts-of-speech="PREP,ADV" /></word><word lex="a" start="76" end="77"><sense-info penn-parts-of-speech="DT" trips-parts-of-speech="ART,QUAN,PRO" /></word><word lex="classroom" start="78" end="87"><sense-info penn-parts-of-speech="NN" trips-parts-of-speech="N" /></word><prefer text="a classroom" start="76" end="87" penn-cats="NP" score="13.862" /><prefer text="in a classroom" start="73" end="87" penn-cats="PP" score="16.114" /><prefer text="his desk in a classroom" start="64" end="87" penn-cats="NP" score="31.669" /><prefer text="at his desk in a classroom" start="61" end="87" penn-cats="PP" score="35.98" /><prefer text="sitting at his desk in a classroom" start="53" end="87" penn-cats="VP" score="44.677" /><word lex="." start="88" end="88"><sense-info penn-parts-of-speech="FULL_STOP" trips-parts-of-speech="PUNC" /></word><prefer text="a dark-haired , dark-skinned boy in a brown pullover sitting at his desk in a classroom ." start="0" end="88" penn-cats="NP" score="120.741" /></tags><tree><lisp>(PUNC PUNC-COMMA)</lisp><PUNC>PUNC-COMMA</PUNC></tree><terms root="#V340679"><lisp>((ONT::SPEECHACT ONT::V340679 ONT::SA_IDENTIFY :PUNCTYPE W::DECL :CONTENT
<   ONT::V339146 :START 68 :END 88)
<  (ONT::BARE ONT::V339146 (:* ONT::FURNISHINGS W::DESK) :LOCATION ONT::V339153
<   :START 68 :END 88)
<  (ONT::F ONT::V339153 (:* ONT::IN-LOC W::IN) :GROUND ONT::V339243 :FIGURE
<   ONT::V339146 :START 73 :END 88)
<  (ONT::A ONT::V339243 (:* ONT::INTERNAL-ENCLOSURE W::CLASSROOM) :START 76 :END
<   88))</lisp><rdf:RDF
<   xmlns:rdf="http://www.w3.org/1999/02/22-rdf-syntax-ns#"
<   xmlns:role="http://www.cs.rochester.edu/research/trips/role#"
<   xmlns:LF="http://www.cs.rochester.edu/research/trips/LF#">
<   <rdf:Description rdf:ID="V340679">
<     <LF:indicator>SPEECHACT</LF:indicator>
<     <LF:type>SA_IDENTIFY</LF:type>
<     <role:PUNCTYPE>DECL</role:PUNCTYPE>
<     <role:CONTENT rdf:resource="#V339146" />
<     <LF:start>68</LF:start>
<     <LF:end>88</LF:end>
<   </rdf:Description>
<   <rdf:Description rdf:ID="V339146">
<     <LF:indicator>BARE</LF:indicator>
<     <LF:type>FURNISHINGS</LF:type>
<     <LF:word>DESK</LF:word>
<     <role:LOCATION rdf:resource="#V339153" />
<     <LF:start>68</LF:start>
<     <LF:end>88</LF:end>
<   </rdf:Description>
<   <rdf:Description rdf:ID="V339153">
<     <LF:indicator>F</LF:indicator>
<     <LF:type>IN-LOC</LF:type>
<     <LF:word>IN</LF:word>
<     <role:GROUND rdf:resource="#V339243" />
<     <role:FIGURE rdf:resource="#V339146" />
<     <LF:start>73</LF:start>
<     <LF:end>88</LF:end>
<   </rdf:Description>
<   <rdf:Description rdf:ID="V339243">
<     <LF:indicator>A</LF:indicator>
<     <LF:type>INTERNAL-ENCLOSURE</LF:type>
<     <LF:word>CLASSROOM</LF:word>
<     <LF:start>76</LF:start>
<     <LF:end>88</LF:end>
<   </rdf:Description>
< </rdf:RDF>
< </terms></utt></compound-communication-act>
< </trips-parser-output>
\ No newline at end of file
---
> <SpRL>
>  <SCENE>
>   <SENTENCE id="s1" indicator="F" type="MODIFIER" text="DARK-PUNC-MINUS-HAIRED" start="2" end="14" WNSENSE="dark-haired%5:00:00">
>    <TEXT>dark-haired ,</TEXT>
>   </SENTENCE>
>   <SENTENCE id="s2" indicator="BARE" type="MALE-CHILD" text="BOY" start="16" end="68">
>    <TEXT>dark-skinned boy in a brown pullover sitting at his d</TEXT>
>    <RELATION id="1" head="V338995" res="V338999" label="MOD"/>
>    <RELATION id="2" head="V338995" res="V338967" label="MOD"/>
>    <RELATION id="3" head="V338995" res="V338980" label="MOD"/>
>    <PHRASE id="V338967" indicator="F" type="DARK-VAL" text="DARK" start="16" end="20"/>
>    <RELATION id="4" head="V338967" res="V338995" label="FIGURE"/>
>    <PHRASE id="V338980" indicator="F" type="MOVE" text="SKINNED" start="21" end="29"/>
>    <RELATION id="5" head="V338980" res="V338995" label="AFFECTED"/>
>    <PHRASE id="V338999" indicator="F" type="SITUATED-IN" text="IN" start="33" end="68"/>
>    <RELATION id="6" head="V338999" res="V339106" label="GROUND"/>
>    <RELATION id="7" head="V338999" res="V338995" label="FIGURE"/>
>    <PHRASE id="V339106" indicator="BARE" type="BODY-MOVEMENT" text="SIT-UP" start="36" end="68"/>
>    <RELATION id="8" head="V339106" res="V339102" label="AGENT"/>
>    <RELATION id="9" head="V339106" res="V339128" label="LOCATION"/>
>    <PHRASE id="V339102" indicator="A" type="ATTIRE" text="PULLOVER" start="36" end="53"/>
>    <RELATION id="10" head="V339102" res="V339092" label="MOD"/>
>    <PHRASE id="V339092" indicator="F" type="BROWN" text="BROWN" SCALE="BROWNNESS*1--07--00" start="38" end="44"/>
>    <RELATION id="11" head="V339092" res="V339102" label="FIGURE"/>
>    <PHRASE id="V339128" indicator="F" type="AT-LOC" text="AT" start="61" end="68"/>
>    <RELATION id="12" head="V339128" res="V339142" label="GROUND"/>
>    <RELATION id="13" head="V339128" res="V339106" label="FIGURE"/>
>    <PHRASE id="V339142" indicator="PRO" type="REFERENTIAL-SEM" PROFORM="(HIS)" start="64" end="68"/>
>    <RELATION id="14" head="V339142" res="V339289" label="ASSOC-POSS"/>
>    <PHRASE id="V339289" indicator="PRO" type="MALE-PERSON" text="HIS" PROFORM="HIS" start="64" end="68"/>
>    <RELATION id="15" head="V339289" res="V338995" label="COREF"/>
>   </SENTENCE>
>   <SENTENCE id="s3" indicator="SPEECHACT" type="SA_IDENTIFY" PUNCTYPE="DECL" start="68" end="88">
>    <TEXT>desk in a classroom .</TEXT>
>    <RELATION id="16" head="V340679" res="V339146" label="CONTENT"/>
>    <PHRASE id="V339146" indicator="BARE" type="FURNISHINGS" text="DESK" start="68" end="88"/>
>    <RELATION id="17" head="V339146" res="V339153" label="LOCATION"/>
>    <PHRASE id="V339153" indicator="F" type="IN-LOC" text="IN" start="73" end="88"/>
>    <RELATION id="18" head="V339153" res="V339243" label="GROUND"/>
>    <RELATION id="19" head="V339153" res="V339146" label="FIGURE"/>
>    <PHRASE id="V339243" indicator="A" type="INTERNAL-ENCLOSURE" text="CLASSROOM" start="76" end="88"/>
>   </SENTENCE>
>  </SCENE>
> </SpRL>
