2,102c2,15
< <?xml-stylesheet type="text/xsl" href="../style/parser-interface.xsl"?>
< <!DOCTYPE trips-parser-output SYSTEM "../trips-parser-output.dtd">
< <trips-parser-output parser-build-date="2017-09-20T12:11:02-0500" system="STEP" extsformat="svg" tagsformat="hidden" treecontents="phrase" treeformat="LinGO" lfformat="svg" semantic-skeleton-scoring="T" rule-sets="" input="a lake in the background .
< ">
< <debug>
< 
<  FOUNDS SEQUENCE from constit (% W::NP (W::BARE-SEQUENCE -) (W::CONSTRAINT -)
<                                  (W::MASS W::BARE) (W::GENERATED +)
<                                  (W::POSTADVBL +)
<                                  (W::SEM ?8607:(?4777:(F::PHYS-OBJ
<                                                        F::ABSTR-OBJ) NIL))
<                                  (W::LF (% W::DESCRIPTION (W::STATUS ONT::DEFINITE)
<                                            (W::VAR V278315)
<                                            (W::SORT W::INDIVIDUAL)
<                                            (W::LEX (W::A))
<                                            (W::CLASS ONT::SEQUENCE)
<                                            (W::CONSTRAINT (% &amp; (W::NAME-OF (W::A))
<                                                              (W::VAL (W::A))))
<                                            (W::LEX W::A) (W::SEM ?4775)
<                                            (W::TRANSFORM ?4776)))
<                                  (W::CASE ?4774:(W::SUB W::OBJ -))
<                                  (W::AGR ?4773) (W::CLASS ONT::ANY-SEM)
<                                  (W::VAR V278315) (W::SORT W::PRED) (W::NAME -)
<                                  (W::PRO -) (W::CHANGEAGR -) (W::LEX W::A)
<                                  (W::HEADCAT W::VALUE) (W::TRANSFORM -)
<                                  (W::REFL -) (1 RNUMBER278319))
< *last-utt-id*=NIL  utt-id+54
< *last-utt-id*=54  utt-id+NIL</debug><utt><words><lisp>(W::A W::LAKE W::IN W::THE W::BACKGROUND W::PUNC-PERIOD)</lisp><word>A</word><word>LAKE</word><word>IN</word><word>THE</word><word>BACKGROUND</word><word>PUNC-PERIOD</word></words><tags><lisp>((WORD &quot;a&quot; :FRAME (0 1) :SENSE-INFO
<   ((:PENN-PARTS-OF-SPEECH (DT) :TRIPS-PARTS-OF-SPEECH (W::ART W::QUAN W::PRO)))
<   :UTTNUM 54 :CHANNEL DESKTOP :DIRECTION INPUT)
<  (WORD &quot;lake&quot; :FRAME (2 6) :SENSE-INFO
<   ((:PENN-PARTS-OF-SPEECH (NN) :TRIPS-PARTS-OF-SPEECH (W::N))) :UTTNUM 54
<   :CHANNEL DESKTOP :DIRECTION INPUT)
<  (PREFER &quot;a lake&quot; :FRAME (0 6) :PENN-CATS (NP) :TRIPS-CATS (W::NP) :SCORE
<   15.171 :UTTNUM 54 :CHANNEL DESKTOP :DIRECTION INPUT)
<  (WORD &quot;in&quot; :FRAME (7 9) :SENSE-INFO
<   ((:PENN-PARTS-OF-SPEECH (IN) :TRIPS-PARTS-OF-SPEECH (W::PREP W::ADV)))
<   :UTTNUM 54 :CHANNEL DESKTOP :DIRECTION INPUT)
<  (WORD &quot;the&quot; :FRAME (10 13) :SENSE-INFO
<   ((:PENN-PARTS-OF-SPEECH (DT) :TRIPS-PARTS-OF-SPEECH (W::ART W::QUAN W::PRO)))
<   :UTTNUM 54 :CHANNEL DESKTOP :DIRECTION INPUT)
<  (WORD &quot;background&quot; :FRAME (14 24) :SENSE-INFO
<   ((:PENN-PARTS-OF-SPEECH (NN) :TRIPS-PARTS-OF-SPEECH (W::N))) :UTTNUM 54
<   :CHANNEL DESKTOP :DIRECTION INPUT)
<  (PREFER &quot;the background&quot; :FRAME (10 24) :PENN-CATS (NP) :TRIPS-CATS (W::NP)
<   :SCORE 11.972 :UTTNUM 54 :CHANNEL DESKTOP :DIRECTION INPUT)
<  (PREFER &quot;in the background&quot; :FRAME (7 24) :PENN-CATS (PP) :TRIPS-CATS (W::PP)
<   :SCORE 14.224 :UTTNUM 54 :CHANNEL DESKTOP :DIRECTION INPUT)
<  (WORD &quot;.&quot; :FRAME (25 25) :SENSE-INFO
<   ((:PENN-PARTS-OF-SPEECH (FULL_STOP) :TRIPS-PARTS-OF-SPEECH (W::PUNC)))
<   :UTTNUM 54 :CHANNEL DESKTOP :DIRECTION INPUT)
<  (PREFER &quot;a lake in the background .&quot; :FRAME (0 25) :PENN-CATS (NP) :TRIPS-CATS
<   (W::NP) :SCORE 31.878 :UTTNUM 54 :CHANNEL DESKTOP :DIRECTION INPUT))</lisp><word lex="a" start="0" end="1"><sense-info penn-parts-of-speech="DT" trips-parts-of-speech="ART,QUAN,PRO" /></word><word lex="lake" start="2" end="6"><sense-info penn-parts-of-speech="NN" trips-parts-of-speech="N" /></word><prefer text="a lake" start="0" end="6" penn-cats="NP" score="15.171" /><word lex="in" start="7" end="9"><sense-info penn-parts-of-speech="IN" trips-parts-of-speech="PREP,ADV" /></word><word lex="the" start="10" end="13"><sense-info penn-parts-of-speech="DT" trips-parts-of-speech="ART,QUAN,PRO" /></word><word lex="background" start="14" end="24"><sense-info penn-parts-of-speech="NN" trips-parts-of-speech="N" /></word><prefer text="the background" start="10" end="24" penn-cats="NP" score="11.972" /><prefer text="in the background" start="7" end="24" penn-cats="PP" score="14.224" /><word lex="." start="25" end="25"><sense-info penn-parts-of-speech="FULL_STOP" trips-parts-of-speech="PUNC" /></word><prefer text="a lake in the background ." start="0" end="25" penn-cats="NP" score="31.878" /></tags><tree><lisp>(UTT
<  (UTT
<   (NP (SPEC (DET (ART A)))
<    (N1 (N1 (N LAKE))
<     (ADVBL (ADV IN) (NP (SPEC (DET (ART THE))) (N1 (N BACKGROUND)))))))
<  (PUNC PUNC-PERIOD))</lisp><UTT><UTT><NP><SPEC><DET><ART>A</ART></DET></SPEC><N1><N1><N>LAKE</N></N1><ADVBL><ADV>IN</ADV><NP><SPEC><DET><ART>THE</ART></DET></SPEC><N1><N>BACKGROUND</N></N1></NP></ADVBL></N1></NP></UTT><PUNC>PUNC-PERIOD</PUNC></UTT></tree><terms root="#V278277"><lisp>((ONT::SPEECHACT ONT::V278277 ONT::SA_IDENTIFY :PUNCTYPE W::DECL :CONTENT
<   ONT::V278178 :START 0 :END 25)
<  (ONT::A ONT::V278178 (:* ONT::GEO-FORMATION W::LAKE) :LOCATION ONT::V278185
<   :START 0 :END 25)
<  (ONT::F ONT::V278185 (:* ONT::IN-LOC W::IN) :GROUND ONT::V278241 :FIGURE
<   ONT::V278178 :START 7 :END 25)
<  (ONT::THE ONT::V278241 (:* ONT::IMAGE W::BACKGROUND) :START 10 :END 25))</lisp><rdf:RDF
<   xmlns:rdf="http://www.w3.org/1999/02/22-rdf-syntax-ns#"
<   xmlns:role="http://www.cs.rochester.edu/research/trips/role#"
<   xmlns:LF="http://www.cs.rochester.edu/research/trips/LF#">
<   <rdf:Description rdf:ID="V278277">
<     <LF:indicator>SPEECHACT</LF:indicator>
<     <LF:type>SA_IDENTIFY</LF:type>
<     <role:PUNCTYPE>DECL</role:PUNCTYPE>
<     <role:CONTENT rdf:resource="#V278178" />
<     <LF:start>0</LF:start>
<     <LF:end>25</LF:end>
<   </rdf:Description>
<   <rdf:Description rdf:ID="V278178">
<     <LF:indicator>A</LF:indicator>
<     <LF:type>GEO-FORMATION</LF:type>
<     <LF:word>LAKE</LF:word>
<     <role:LOCATION rdf:resource="#V278185" />
<     <LF:start>0</LF:start>
<     <LF:end>25</LF:end>
<   </rdf:Description>
<   <rdf:Description rdf:ID="V278185">
<     <LF:indicator>F</LF:indicator>
<     <LF:type>IN-LOC</LF:type>
<     <LF:word>IN</LF:word>
<     <role:GROUND rdf:resource="#V278241" />
<     <role:FIGURE rdf:resource="#V278178" />
<     <LF:start>7</LF:start>
<     <LF:end>25</LF:end>
<   </rdf:Description>
<   <rdf:Description rdf:ID="V278241">
<     <LF:indicator>THE</LF:indicator>
<     <LF:type>IMAGE</LF:type>
<     <LF:word>BACKGROUND</LF:word>
<     <LF:start>10</LF:start>
<     <LF:end>25</LF:end>
<   </rdf:Description>
< </rdf:RDF>
< </terms></utt></trips-parser-output>
\ No newline at end of file
---
> <SpRL>
>  <SCENE>
>   <SENTENCE id="s1" indicator="SPEECHACT" type="SA_IDENTIFY" PUNCTYPE="DECL" start="0" end="25">
>    <TEXT>a lake in the background .</TEXT>
>    <RELATION id="1" head="V278277" res="V278178" label="CONTENT"/>
>    <PHRASE id="V278178" indicator="A" type="GEO-FORMATION" text="LAKE" start="0" end="25"/>
>    <RELATION id="2" head="V278178" res="V278185" label="LOCATION"/>
>    <PHRASE id="V278185" indicator="F" type="IN-LOC" text="IN" start="7" end="25"/>
>    <RELATION id="3" head="V278185" res="V278241" label="GROUND"/>
>    <RELATION id="4" head="V278185" res="V278178" label="FIGURE"/>
>    <PHRASE id="V278241" indicator="THE" type="IMAGE" text="BACKGROUND" start="10" end="25"/>
>   </SENTENCE>
>  </SCENE>
> </SpRL>
