2,337c2,47
< <?xml-stylesheet type="text/xsl" href="../style/parser-interface.xsl"?>
< <!DOCTYPE trips-parser-output SYSTEM "../trips-parser-output.dtd">
< <trips-parser-output parser-build-date="2017-09-20T12:11:02-0500" system="STEP" extsformat="svg" tagsformat="hidden" treecontents="phrase" treeformat="LinGO" lfformat="svg" semantic-skeleton-scoring="T" rule-sets="" input="a dark-skinned boy wearing a purple cap , a white and grey chequered shirt and a dark grey jacket .
< ">
< <debug>
< *last-utt-id*=NIL  utt-id+65
< *last-utt-id*=65  utt-id+NIL
< 
<  FOUNDS SEQUENCE from constit (% W::NP (W::BARE-SEQUENCE -) (W::CONSTRAINT -)
<                                  (W::MASS W::BARE) (W::GENERATED +)
<                                  (W::POSTADVBL +)
<                                  (W::SEM ?8607:(?33759:(F::PHYS-OBJ
<                                                         F::ABSTR-OBJ) NIL))
<                                  (W::LF (% W::DESCRIPTION (W::STATUS ONT::DEFINITE)
<                                            (W::VAR V321139)
<                                            (W::SORT W::INDIVIDUAL)
<                                            (W::LEX (W::A))
<                                            (W::CLASS ONT::SEQUENCE)
<                                            (W::CONSTRAINT (% &amp; (W::NAME-OF (W::A))
<                                                              (W::VAL (W::A))))
<                                            (W::LEX W::A) (W::SEM ?33757)
<                                            (W::TRANSFORM ?33758)))
<                                  (W::CASE ?33756:(W::SUB W::OBJ -))
<                                  (W::AGR ?33755) (W::CLASS ONT::ANY-SEM)
<                                  (W::VAR V321139) (W::SORT W::PRED) (W::NAME -)
<                                  (W::PRO -) (W::CHANGEAGR -) (W::LEX W::A)
<                                  (W::HEADCAT W::VALUE) (W::TRANSFORM -)
<                                  (W::REFL -) (1 RNUMBER321194))
< 
<  FOUNDS SEQUENCE from constit (% W::NP (W::BARE-SEQUENCE -) (W::CONSTRAINT -)
<                                  (W::MASS W::BARE) (W::GENERATED +)
<                                  (W::POSTADVBL +)
<                                  (W::SEM ?8607:(?34054:(F::PHYS-OBJ
<                                                         F::ABSTR-OBJ) NIL))
<                                  (W::LF (% W::DESCRIPTION (W::STATUS ONT::DEFINITE)
<                                            (W::VAR V321142)
<                                            (W::SORT W::INDIVIDUAL)
<                                            (W::LEX (W::A))
<                                            (W::CLASS ONT::SEQUENCE)
<                                            (W::CONSTRAINT (% &amp; (W::NAME-OF (W::A))
<                                                              (W::VAL (W::A))))
<                                            (W::LEX W::A) (W::SEM ?34052)
<                                            (W::TRANSFORM ?34053)))
<                                  (W::CASE ?34051:(W::SUB W::OBJ -))
<                                  (W::AGR ?34050) (W::CLASS ONT::ANY-SEM)
<                                  (W::VAR V321142) (W::SORT W::PRED) (W::NAME -)
<                                  (W::PRO -) (W::CHANGEAGR -) (W::LEX W::A)
<                                  (W::HEADCAT W::VALUE) (W::TRANSFORM -)
<                                  (W::REFL -) (1 RNUMBER321196))
< *last-utt-id*=NIL  utt-id+65
< *last-utt-id*=65  utt-id+NIL</debug><utt><words><lisp>(W::A W::DARK W::PUNC-MINUS W::SKINNED W::BOY W::WEARING W::A W::PURPLE W::CAP
<  W::PUNC-COMMA)</lisp><word>A</word><word>DARK</word><word>PUNC-MINUS</word><word>SKINNED</word><word>BOY</word><word>WEARING</word><word>A</word><word>PURPLE</word><word>CAP</word><word>PUNC-COMMA</word></words><tags><lisp>((WORD &quot;a&quot; :FRAME (0 1) :SENSE-INFO
<   ((:PENN-PARTS-OF-SPEECH (DT) :TRIPS-PARTS-OF-SPEECH (W::ART W::QUAN W::PRO)))
<   :UTTNUM 65 :CHANNEL DESKTOP :DIRECTION INPUT)
<  (WORD &quot;dark&quot; :FRAME (2 5) :SENSE-INFO
<   ((:PENN-PARTS-OF-SPEECH (NN) :TRIPS-PARTS-OF-SPEECH (W::N))) :UTTNUM 65
<   :CHANNEL DESKTOP :DIRECTION INPUT)
<  (WORD &quot;-&quot; :FRAME (6 6) :SENSE-INFO
<   ((:PENN-PARTS-OF-SPEECH (COLON) :TRIPS-PARTS-OF-SPEECH (W::PUNC))) :UTTNUM 65
<   :CHANNEL DESKTOP :DIRECTION INPUT)
<  (WORD &quot;skinned&quot; :FRAME (7 14) :SENSE-INFO
<   ((:PENN-PARTS-OF-SPEECH (VBN) :TRIPS-PARTS-OF-SPEECH (W::V))) :UTTNUM 65
<   :CHANNEL DESKTOP :DIRECTION INPUT)
<  (WORD &quot;dark-skinned&quot; :FRAME (2 14) :SENSE-INFO
<   ((:PENN-PARTS-OF-SPEECH (JJ) :TRIPS-PARTS-OF-SPEECH (W::ADJ) :WN-SENSE-KEYS
<     (&quot;dark-skinned%5:00:00&quot;)))
<   :UTTNUM 65 :CHANNEL DESKTOP :DIRECTION INPUT)
<  (WORD &quot;boy&quot; :FRAME (15 18) :SENSE-INFO
<   ((:PENN-PARTS-OF-SPEECH (NN) :TRIPS-PARTS-OF-SPEECH (W::N))) :UTTNUM 65
<   :CHANNEL DESKTOP :DIRECTION INPUT)
<  (PREFER &quot;a dark-skinned boy&quot; :FRAME (0 18) :PENN-CATS (NP) :TRIPS-CATS (W::NP)
<   :SCORE 24.88 :UTTNUM 65 :CHANNEL DESKTOP :DIRECTION INPUT)
<  (WORD &quot;wearing&quot; :FRAME (19 26) :SENSE-INFO
<   ((:PENN-PARTS-OF-SPEECH (VBG) :TRIPS-PARTS-OF-SPEECH (W::V))) :UTTNUM 65
<   :CHANNEL DESKTOP :DIRECTION INPUT)
<  (WORD &quot;a&quot; :FRAME (27 28) :SENSE-INFO
<   ((:PENN-PARTS-OF-SPEECH (DT) :TRIPS-PARTS-OF-SPEECH (W::ART W::QUAN W::PRO)))
<   :UTTNUM 65 :CHANNEL DESKTOP :DIRECTION INPUT)
<  (WORD &quot;purple&quot; :FRAME (29 35) :SENSE-INFO
<   ((:PENN-PARTS-OF-SPEECH (JJ) :TRIPS-PARTS-OF-SPEECH (W::ADJ))) :UTTNUM 65
<   :CHANNEL DESKTOP :DIRECTION INPUT)
<  (WORD &quot;cap&quot; :FRAME (36 39) :SENSE-INFO
<   ((:PENN-PARTS-OF-SPEECH (NN) :TRIPS-PARTS-OF-SPEECH (W::N))) :UTTNUM 65
<   :CHANNEL DESKTOP :DIRECTION INPUT)
<  (PREFER &quot;a purple cap&quot; :FRAME (27 39) :PENN-CATS (NP) :TRIPS-CATS (W::NP)
<   :SCORE 24.022 :UTTNUM 65 :CHANNEL DESKTOP :DIRECTION INPUT)
<  (WORD &quot;,&quot; :FRAME (40 40) :SENSE-INFO
<   ((:PENN-PARTS-OF-SPEECH (COMMA) :TRIPS-PARTS-OF-SPEECH (W::PUNC))) :UTTNUM 65
<   :CHANNEL DESKTOP :DIRECTION INPUT))</lisp><word lex="a" start="0" end="1"><sense-info penn-parts-of-speech="DT" trips-parts-of-speech="ART,QUAN,PRO" /></word><word lex="dark" start="2" end="5"><sense-info penn-parts-of-speech="NN" trips-parts-of-speech="N" /></word><word lex="-" start="6" end="6"><sense-info penn-parts-of-speech="COLON" trips-parts-of-speech="PUNC" /></word><word lex="skinned" start="7" end="14"><sense-info penn-parts-of-speech="VBN" trips-parts-of-speech="V" /></word><word lex="dark-skinned" start="2" end="14"><sense-info penn-parts-of-speech="JJ" trips-parts-of-speech="ADJ" wn-sense-keys="dark-skinned%5:00:00" /></word><word lex="boy" start="15" end="18"><sense-info penn-parts-of-speech="NN" trips-parts-of-speech="N" /></word><prefer text="a dark-skinned boy" start="0" end="18" penn-cats="NP" score="24.88" /><word lex="wearing" start="19" end="26"><sense-info penn-parts-of-speech="VBG" trips-parts-of-speech="V" /></word><word lex="a" start="27" end="28"><sense-info penn-parts-of-speech="DT" trips-parts-of-speech="ART,QUAN,PRO" /></word><word lex="purple" start="29" end="35"><sense-info penn-parts-of-speech="JJ" trips-parts-of-speech="ADJ" /></word><word lex="cap" start="36" end="39"><sense-info penn-parts-of-speech="NN" trips-parts-of-speech="N" /></word><prefer text="a purple cap" start="27" end="39" penn-cats="NP" score="24.022" /><word lex="," start="40" end="40"><sense-info penn-parts-of-speech="COMMA" trips-parts-of-speech="PUNC" /></word></tags><tree><lisp>(NP
<  (NP (SPEC (DET (ART A)))
<   (N1 (N1 (ADJP (N1 (N DARK)) (PUNC PUNC-MINUS) (V SKINNED)) (N1 (N BOY)))
<    (CP
<     (VP
<      (VP- (V WEARING)
<       (NP (SPEC (DET (ART A)))
<        (N1 (ADJP (ADJ1 (ADJ PURPLE))) (N1 (N CAP)))))))))
<  (PUNC PUNC-COMMA))</lisp><NP><NP><SPEC><DET><ART>A</ART></DET></SPEC><N1><N1><ADJP><N1><N>DARK</N></N1><PUNC>PUNC-MINUS</PUNC><V>SKINNED</V></ADJP><N1><N>BOY</N></N1></N1><CP><VP><VP-><V>WEARING</V><NP><SPEC><DET><ART>A</ART></DET></SPEC><N1><ADJP><ADJ1><ADJ>PURPLE</ADJ></ADJ1></ADJP><N1><N>CAP</N></N1></N1></NP></VP-></VP></CP></N1></NP><PUNC>PUNC-COMMA</PUNC></NP></tree><terms root="#V319330"><lisp>((ONT::A ONT::V319330 (:* ONT::MALE-CHILD W::BOY) :MOD ONT::V319336 :MOD
<   ONT::V319315 :START 0 :END 40)
<  (ONT::F ONT::V319315 (:* ONT::MOVE W::SKINNED) :AGENT ONT::V319304 :AFFECTED
<   ONT::V319330 :START 2 :END 15)
<  (ONT::KIND ONT::V319304 (:* ONT::LIGHT W::DARK) :START 2 :END 15)
<  (ONT::F ONT::V319336 (:* ONT::WEAR W::WEAR) :AGENT ONT::V319330 :NEUTRAL
<   ONT::V319386 :VFORM W::ING :START 19 :END 40)
<  (ONT::A ONT::V319386 (:* ONT::ATTIRE W::CAP) :MOD ONT::V319383 :START 27 :END
<   40)
<  (ONT::F ONT::V319383 (:* ONT::PURPLE W::PURPLE) :FIGURE ONT::V319386 :SCALE
<   ONT::PURPLE*1--07--00 :START 29 :END 36))</lisp><rdf:RDF
<   xmlns:rdf="http://www.w3.org/1999/02/22-rdf-syntax-ns#"
<   xmlns:role="http://www.cs.rochester.edu/research/trips/role#"
<   xmlns:LF="http://www.cs.rochester.edu/research/trips/LF#">
<   <rdf:Description rdf:ID="V319330">
<     <LF:indicator>A</LF:indicator>
<     <LF:type>MALE-CHILD</LF:type>
<     <LF:word>BOY</LF:word>
<     <role:MOD rdf:resource="#V319336" />
<     <role:MOD rdf:resource="#V319315" />
<     <LF:start>0</LF:start>
<     <LF:end>40</LF:end>
<   </rdf:Description>
<   <rdf:Description rdf:ID="V319315">
<     <LF:indicator>F</LF:indicator>
<     <LF:type>MOVE</LF:type>
<     <LF:word>SKINNED</LF:word>
<     <role:AGENT rdf:resource="#V319304" />
<     <role:AFFECTED rdf:resource="#V319330" />
<     <LF:start>2</LF:start>
<     <LF:end>15</LF:end>
<   </rdf:Description>
<   <rdf:Description rdf:ID="V319304">
<     <LF:indicator>KIND</LF:indicator>
<     <LF:type>LIGHT</LF:type>
<     <LF:word>DARK</LF:word>
<     <LF:start>2</LF:start>
<     <LF:end>15</LF:end>
<   </rdf:Description>
<   <rdf:Description rdf:ID="V319336">
<     <LF:indicator>F</LF:indicator>
<     <LF:type>WEAR</LF:type>
<     <LF:word>WEAR</LF:word>
<     <role:AGENT rdf:resource="#V319330" />
<     <role:NEUTRAL rdf:resource="#V319386" />
<     <role:VFORM>ING</role:VFORM>
<     <LF:start>19</LF:start>
<     <LF:end>40</LF:end>
<   </rdf:Description>
<   <rdf:Description rdf:ID="V319386">
<     <LF:indicator>A</LF:indicator>
<     <LF:type>ATTIRE</LF:type>
<     <LF:word>CAP</LF:word>
<     <role:MOD rdf:resource="#V319383" />
<     <LF:start>27</LF:start>
<     <LF:end>40</LF:end>
<   </rdf:Description>
<   <rdf:Description rdf:ID="V319383">
<     <LF:indicator>F</LF:indicator>
<     <LF:type>PURPLE</LF:type>
<     <LF:word>PURPLE</LF:word>
<     <role:FIGURE rdf:resource="#V319386" />
<     <role:SCALE>PURPLE*1--07--00</role:SCALE>
<     <LF:start>29</LF:start>
<     <LF:end>36</LF:end>
<   </rdf:Description>
< </rdf:RDF>
< </terms></utt><utt><words><lisp>(W::A W::WHITE W::AND W::GREY W::CHEQUERED W::SHIRT W::AND W::A W::DARK W::GREY
<  W::JACKET W::PUNC-PERIOD)</lisp><word>A</word><word>WHITE</word><word>AND</word><word>GREY</word><word>CHEQUERED</word><word>SHIRT</word><word>AND</word><word>A</word><word>DARK</word><word>GREY</word><word>JACKET</word><word>PUNC-PERIOD</word></words><tags><lisp>((WORD &quot;a&quot; :FRAME (42 43) :SENSE-INFO
<   ((:PENN-PARTS-OF-SPEECH (DT) :TRIPS-PARTS-OF-SPEECH (W::ART W::QUAN W::PRO)))
<   :UTTNUM 65 :CHANNEL DESKTOP :DIRECTION INPUT)
<  (WORD &quot;white&quot; :FRAME (44 49) :SENSE-INFO
<   ((:PENN-PARTS-OF-SPEECH (JJ) :TRIPS-PARTS-OF-SPEECH (W::ADJ))) :UTTNUM 65
<   :CHANNEL DESKTOP :DIRECTION INPUT)
<  (WORD &quot;and&quot; :FRAME (50 53) :SENSE-INFO
<   ((:PENN-PARTS-OF-SPEECH (CC) :TRIPS-PARTS-OF-SPEECH (W::CONJ))) :UTTNUM 65
<   :CHANNEL DESKTOP :DIRECTION INPUT)
<  (WORD &quot;grey&quot; :FRAME (54 58) :SENSE-INFO
<   ((:PENN-PARTS-OF-SPEECH (JJ) :TRIPS-PARTS-OF-SPEECH (W::ADJ)
<     :ALTERNATE-SPELLINGS (&quot;gray&quot;)))
<   :UTTNUM 65 :CHANNEL DESKTOP :DIRECTION INPUT)
<  (PREFER &quot;white and grey&quot; :FRAME (44 58) :PENN-CATS (ADJP) :TRIPS-CATS
<   (W::ADJP) :SCORE 18.021 :UTTNUM 65 :CHANNEL DESKTOP :DIRECTION INPUT)
<  (WORD &quot;chequered&quot; :FRAME (59 68) :SENSE-INFO
<   ((:PENN-PARTS-OF-SPEECH (VBD JJ) :TRIPS-PARTS-OF-SPEECH (W::V W::ADJ)
<     :ALTERNATE-SPELLINGS (&quot;checkered&quot;)))
<   :UTTNUM 65 :CHANNEL DESKTOP :DIRECTION INPUT)
<  (WORD &quot;shirt&quot; :FRAME (69 74) :SENSE-INFO
<   ((:PENN-PARTS-OF-SPEECH (NN) :TRIPS-PARTS-OF-SPEECH (W::N))) :UTTNUM 65
<   :CHANNEL DESKTOP :DIRECTION INPUT)
<  (PREFER &quot;a white and grey chequered shirt&quot; :FRAME (42 74) :PENN-CATS (NP)
<   :TRIPS-CATS (W::NP) :SCORE 48.191 :UTTNUM 65 :CHANNEL DESKTOP :DIRECTION
<   INPUT)
<  (WORD &quot;and&quot; :FRAME (75 78) :SENSE-INFO
<   ((:PENN-PARTS-OF-SPEECH (CC) :TRIPS-PARTS-OF-SPEECH (W::CONJ))) :UTTNUM 65
<   :CHANNEL DESKTOP :DIRECTION INPUT)
<  (WORD &quot;a&quot; :FRAME (79 80) :SENSE-INFO
<   ((:PENN-PARTS-OF-SPEECH (DT) :TRIPS-PARTS-OF-SPEECH (W::ART W::QUAN W::PRO)))
<   :UTTNUM 65 :CHANNEL DESKTOP :DIRECTION INPUT)
<  (WORD &quot;dark&quot; :FRAME (81 85) :SENSE-INFO
<   ((:PENN-PARTS-OF-SPEECH (NN JJ) :TRIPS-PARTS-OF-SPEECH (W::N W::ADJ)))
<   :UTTNUM 65 :CHANNEL DESKTOP :DIRECTION INPUT)
<  (WORD &quot;grey&quot; :FRAME (86 90) :SENSE-INFO
<   ((:PENN-PARTS-OF-SPEECH (NN JJ) :TRIPS-PARTS-OF-SPEECH (W::N W::ADJ)
<     :ALTERNATE-SPELLINGS (&quot;gray&quot;)))
<   :UTTNUM 65 :CHANNEL DESKTOP :DIRECTION INPUT)
<  (PREFER &quot;dark grey&quot; :FRAME (81 90) :PENN-CATS (ADJP) :TRIPS-CATS (W::ADJP)
<   :SCORE 19.062 :UTTNUM 65 :CHANNEL DESKTOP :DIRECTION INPUT)
<  (WORD &quot;jacket&quot; :FRAME (91 97) :SENSE-INFO
<   ((:PENN-PARTS-OF-SPEECH (NN) :TRIPS-PARTS-OF-SPEECH (W::N))) :UTTNUM 65
<   :CHANNEL DESKTOP :DIRECTION INPUT)
<  (PREFER &quot;a dark grey jacket&quot; :FRAME (79 97) :PENN-CATS (NP) :TRIPS-CATS
<   (W::NP) :SCORE 33.353 :UTTNUM 65 :CHANNEL DESKTOP :DIRECTION INPUT)
<  (PREFER &quot;a white and grey chequered shirt and a dark grey jacket&quot; :FRAME
<   (42 97) :PENN-CATS (NP) :TRIPS-CATS (W::NP) :SCORE 88.518 :UTTNUM 65 :CHANNEL
<   DESKTOP :DIRECTION INPUT)
<  (WORD &quot;.&quot; :FRAME (98 98) :SENSE-INFO
<   ((:PENN-PARTS-OF-SPEECH (FULL_STOP) :TRIPS-PARTS-OF-SPEECH (W::PUNC)))
<   :UTTNUM 65 :CHANNEL DESKTOP :DIRECTION INPUT))</lisp><word lex="a" start="42" end="43"><sense-info penn-parts-of-speech="DT" trips-parts-of-speech="ART,QUAN,PRO" /></word><word lex="white" start="44" end="49"><sense-info penn-parts-of-speech="JJ" trips-parts-of-speech="ADJ" /></word><word lex="and" start="50" end="53"><sense-info penn-parts-of-speech="CC" trips-parts-of-speech="CONJ" /></word><word lex="grey" start="54" end="58"><sense-info penn-parts-of-speech="JJ" trips-parts-of-speech="ADJ" alternate-spellings="gray" /></word><prefer text="white and grey" start="44" end="58" penn-cats="ADJP" score="18.021" /><word lex="chequered" start="59" end="68"><sense-info penn-parts-of-speech="VBD,JJ" trips-parts-of-speech="V,ADJ" alternate-spellings="checkered" /></word><word lex="shirt" start="69" end="74"><sense-info penn-parts-of-speech="NN" trips-parts-of-speech="N" /></word><prefer text="a white and grey chequered shirt" start="42" end="74" penn-cats="NP" score="48.191" /><word lex="and" start="75" end="78"><sense-info penn-parts-of-speech="CC" trips-parts-of-speech="CONJ" /></word><word lex="a" start="79" end="80"><sense-info penn-parts-of-speech="DT" trips-parts-of-speech="ART,QUAN,PRO" /></word><word lex="dark" start="81" end="85"><sense-info penn-parts-of-speech="NN,JJ" trips-parts-of-speech="N,ADJ" /></word><word lex="grey" start="86" end="90"><sense-info penn-parts-of-speech="NN,JJ" trips-parts-of-speech="N,ADJ" alternate-spellings="gray" /></word><prefer text="dark grey" start="81" end="90" penn-cats="ADJP" score="19.062" /><word lex="jacket" start="91" end="97"><sense-info penn-parts-of-speech="NN" trips-parts-of-speech="N" /></word><prefer text="a dark grey jacket" start="79" end="97" penn-cats="NP" score="33.353" /><prefer text="a white and grey chequered shirt and a dark grey jacket" start="42" end="97" penn-cats="NP" score="88.518" /><word lex="." start="98" end="98"><sense-info penn-parts-of-speech="FULL_STOP" trips-parts-of-speech="PUNC" /></word></tags><tree><lisp>(UTT
<  (UTT
<   (NP
<    (NP (SPEC (DET (ART A)))
<     (N1 (ADJP (ADJP (ADJ1 (ADJ WHITE))) (CONJ AND) (ADJP (ADJ1 (ADJ GREY))))
<      (N1 (ADJP (ADJ1 (ADJ CHEQUERED))) (N1 (N SHIRT)))))
<    (CONJ AND)
<    (NP (SPEC (DET (ART A)))
<     (N1 (ADJP (ADJ1 (ADJ DARK)))
<      (N1 (ADJP (ADJ1 (ADJ GREY))) (N1 (N JACKET)))))))
<  (PUNC PUNC-PERIOD))</lisp><UTT><UTT><NP><NP><SPEC><DET><ART>A</ART></DET></SPEC><N1><ADJP><ADJP><ADJ1><ADJ>WHITE</ADJ></ADJ1></ADJP><CONJ>AND</CONJ><ADJP><ADJ1><ADJ>GREY</ADJ></ADJ1></ADJP></ADJP><N1><ADJP><ADJ1><ADJ>CHEQUERED</ADJ></ADJ1></ADJP><N1><N>SHIRT</N></N1></N1></N1></NP><CONJ>AND</CONJ><NP><SPEC><DET><ART>A</ART></DET></SPEC><N1><ADJP><ADJ1><ADJ>DARK</ADJ></ADJ1></ADJP><N1><ADJP><ADJ1><ADJ>GREY</ADJ></ADJ1></ADJP><N1><N>JACKET</N></N1></N1></N1></NP></NP></UTT><PUNC>PUNC-PERIOD</PUNC></UTT></tree><terms root="#V321687"><lisp>((ONT::SPEECHACT ONT::V321687 ONT::SA_IDENTIFY :PUNCTYPE W::DECL :CONTENT
<   ONT::V320739 :START 42 :END 98)
<  (ONT::INDEF-SET ONT::V320739 ONT::ATTIRE :OPERATOR ONT::AND :SEQUENCE
<   (ONT::V320735 ONT::V320805) :START 42 :END 98)
<  (ONT::A ONT::V320735 (:* ONT::ATTIRE W::SHIRT) :MOD ONT::V320841 :MOD
<   ONT::V320721 :START 42 :END 75)
<  (ONT::F ONT::V320841 ONT::COLOR-VAL :SEQUENCE (ONT::V320687 ONT::V320704)
<   :OPERATOR ONT::AND :START 44 :END 59)
<  (ONT::F ONT::V320687 (:* ONT::WHITE W::WHITE) :FIGURE ONT::V320735 :SCALE
<   ONT::WHITE*1--07--00 :START 44 :END 50)
<  (ONT::F ONT::V320704 (:* ONT::GRAY W::GREY) :FIGURE ONT::V320735 :SCALE
<   ONT::GREYNESS*1--07--00 :START 54 :END 59)
<  (ONT::F ONT::V320721 (:* ONT::MODIFIER W::CHEQUERED) :FIGURE ONT::V320735
<   :START 59 :END 69)
<  (ONT::A ONT::V320805 (:* ONT::ATTIRE W::JACKET) :MOD ONT::V320790 :MOD
<   ONT::V320796 :START 79 :END 98)
<  (ONT::F ONT::V320790 (:* ONT::DARK-IN-COLOR-VAL W::DARK) :FIGURE ONT::V320805
<   :START 81 :END 86)
<  (ONT::F ONT::V320796 (:* ONT::GRAY W::GREY) :FIGURE ONT::V320805 :SCALE
<   ONT::GREYNESS*1--07--00 :START 86 :END 91))</lisp><rdf:RDF
<   xmlns:rdf="http://www.w3.org/1999/02/22-rdf-syntax-ns#"
<   xmlns:role="http://www.cs.rochester.edu/research/trips/role#"
<   xmlns:LF="http://www.cs.rochester.edu/research/trips/LF#">
<   <rdf:Description rdf:ID="V321687">
<     <LF:indicator>SPEECHACT</LF:indicator>
<     <LF:type>SA_IDENTIFY</LF:type>
<     <role:PUNCTYPE>DECL</role:PUNCTYPE>
<     <role:CONTENT rdf:resource="#V320739" />
<     <LF:start>42</LF:start>
<     <LF:end>98</LF:end>
<   </rdf:Description>
<   <rdf:Description rdf:ID="V320739">
<     <LF:indicator>INDEF-SET</LF:indicator>
<     <LF:type>ATTIRE</LF:type>
<     <role:OPERATOR>AND</role:OPERATOR>
<     <role:SEQUENCE rdf:resource="#V320735" />
<     <role:SEQUENCE1 rdf:resource="#V320805" />
<     <LF:start>42</LF:start>
<     <LF:end>98</LF:end>
<   </rdf:Description>
<   <rdf:Description rdf:ID="V320735">
<     <LF:indicator>A</LF:indicator>
<     <LF:type>ATTIRE</LF:type>
<     <LF:word>SHIRT</LF:word>
<     <role:MOD rdf:resource="#V320841" />
<     <role:MOD rdf:resource="#V320721" />
<     <LF:start>42</LF:start>
<     <LF:end>75</LF:end>
<   </rdf:Description>
<   <rdf:Description rdf:ID="V320841">
<     <LF:indicator>F</LF:indicator>
<     <LF:type>COLOR-VAL</LF:type>
<     <role:SEQUENCE rdf:resource="#V320687" />
<     <role:SEQUENCE1 rdf:resource="#V320704" />
<     <role:OPERATOR>AND</role:OPERATOR>
<     <LF:start>44</LF:start>
<     <LF:end>59</LF:end>
<   </rdf:Description>
<   <rdf:Description rdf:ID="V320687">
<     <LF:indicator>F</LF:indicator>
<     <LF:type>WHITE</LF:type>
<     <LF:word>WHITE</LF:word>
<     <role:FIGURE rdf:resource="#V320735" />
<     <role:SCALE>WHITE*1--07--00</role:SCALE>
<     <LF:start>44</LF:start>
<     <LF:end>50</LF:end>
<   </rdf:Description>
<   <rdf:Description rdf:ID="V320704">
<     <LF:indicator>F</LF:indicator>
<     <LF:type>GRAY</LF:type>
<     <LF:word>GREY</LF:word>
<     <role:FIGURE rdf:resource="#V320735" />
<     <role:SCALE>GREYNESS*1--07--00</role:SCALE>
<     <LF:start>54</LF:start>
<     <LF:end>59</LF:end>
<   </rdf:Description>
<   <rdf:Description rdf:ID="V320721">
<     <LF:indicator>F</LF:indicator>
<     <LF:type>MODIFIER</LF:type>
<     <LF:word>CHEQUERED</LF:word>
<     <role:FIGURE rdf:resource="#V320735" />
<     <LF:start>59</LF:start>
<     <LF:end>69</LF:end>
<   </rdf:Description>
<   <rdf:Description rdf:ID="V320805">
<     <LF:indicator>A</LF:indicator>
<     <LF:type>ATTIRE</LF:type>
<     <LF:word>JACKET</LF:word>
<     <role:MOD rdf:resource="#V320790" />
<     <role:MOD rdf:resource="#V320796" />
<     <LF:start>79</LF:start>
<     <LF:end>98</LF:end>
<   </rdf:Description>
<   <rdf:Description rdf:ID="V320790">
<     <LF:indicator>F</LF:indicator>
<     <LF:type>DARK-IN-COLOR-VAL</LF:type>
<     <LF:word>DARK</LF:word>
<     <role:FIGURE rdf:resource="#V320805" />
<     <LF:start>81</LF:start>
<     <LF:end>86</LF:end>
<   </rdf:Description>
<   <rdf:Description rdf:ID="V320796">
<     <LF:indicator>F</LF:indicator>
<     <LF:type>GRAY</LF:type>
<     <LF:word>GREY</LF:word>
<     <role:FIGURE rdf:resource="#V320805" />
<     <role:SCALE>GREYNESS*1--07--00</role:SCALE>
<     <LF:start>86</LF:start>
<     <LF:end>91</LF:end>
<   </rdf:Description>
< </rdf:RDF>
< </terms></utt></trips-parser-output>
\ No newline at end of file
---
> <SpRL>
>  <SCENE>
>   <SENTENCE id="s1" indicator="A" type="MALE-CHILD" text="BOY" start="0" end="40">
>    <TEXT>a dark-skinned boy wearing a purple cap ,</TEXT>
>    <RELATION id="1" head="V319330" res="V319336" label="MOD"/>
>    <RELATION id="2" head="V319330" res="V319315" label="MOD"/>
>    <PHRASE id="V319315" indicator="F" type="MOVE" text="SKINNED" start="2" end="15"/>
>    <RELATION id="3" head="V319315" res="V319304" label="AGENT"/>
>    <RELATION id="4" head="V319315" res="V319330" label="AFFECTED"/>
>    <PHRASE id="V319304" indicator="KIND" type="LIGHT" text="DARK" start="2" end="15"/>
>    <PHRASE id="V319336" indicator="F" type="WEAR" text="WEAR" VFORM="ING" start="19" end="40"/>
>    <RELATION id="5" head="V319336" res="V319330" label="AGENT"/>
>    <RELATION id="6" head="V319336" res="V319386" label="NEUTRAL"/>
>    <PHRASE id="V319386" indicator="A" type="ATTIRE" text="CAP" start="27" end="40"/>
>    <RELATION id="7" head="V319386" res="V319383" label="MOD"/>
>    <PHRASE id="V319383" indicator="F" type="PURPLE" text="PURPLE" SCALE="PURPLE*1--07--00" start="29" end="36"/>
>    <RELATION id="8" head="V319383" res="V319386" label="FIGURE"/>
>   </SENTENCE>
>   <SENTENCE id="s2" indicator="SPEECHACT" type="SA_IDENTIFY" PUNCTYPE="DECL" start="42" end="98">
>    <TEXT>a white and grey chequered shirt and a dark grey jacket .</TEXT>
>    <RELATION id="9" head="V321687" res="V320739" label="CONTENT"/>
>    <PHRASE id="V320739" indicator="INDEF-SET" type="ATTIRE" OPERATOR="AND" start="42" end="98"/>
>    <RELATION id="10" head="V320739" res="V320735" label="SEQUENCE"/>
>    <RELATION id="11" head="V320739" res="V320805" label="SEQUENCE1"/>
>    <PHRASE id="V320735" indicator="A" type="ATTIRE" text="SHIRT" start="42" end="75"/>
>    <RELATION id="12" head="V320735" res="V320841" label="MOD"/>
>    <RELATION id="13" head="V320735" res="V320721" label="MOD"/>
>    <PHRASE id="V320841" indicator="F" type="COLOR-VAL" OPERATOR="AND" start="44" end="59"/>
>    <RELATION id="14" head="V320841" res="V320687" label="SEQUENCE"/>
>    <RELATION id="15" head="V320841" res="V320704" label="SEQUENCE1"/>
>    <PHRASE id="V320687" indicator="F" type="WHITE" text="WHITE" SCALE="WHITE*1--07--00" start="44" end="50"/>
>    <RELATION id="16" head="V320687" res="V320735" label="FIGURE"/>
>    <PHRASE id="V320704" indicator="F" type="GRAY" text="GREY" SCALE="GREYNESS*1--07--00" start="54" end="59"/>
>    <RELATION id="17" head="V320704" res="V320735" label="FIGURE"/>
>    <PHRASE id="V320721" indicator="F" type="MODIFIER" text="CHEQUERED" start="59" end="69"/>
>    <RELATION id="18" head="V320721" res="V320735" label="FIGURE"/>
>    <PHRASE id="V320805" indicator="A" type="ATTIRE" text="JACKET" start="79" end="98"/>
>    <RELATION id="19" head="V320805" res="V320790" label="MOD"/>
>    <RELATION id="20" head="V320805" res="V320796" label="MOD"/>
>    <PHRASE id="V320790" indicator="F" type="DARK-IN-COLOR-VAL" text="DARK" start="81" end="86"/>
>    <RELATION id="21" head="V320790" res="V320805" label="FIGURE"/>
>    <PHRASE id="V320796" indicator="F" type="GRAY" text="GREY" SCALE="GREYNESS*1--07--00" start="86" end="91"/>
>    <RELATION id="22" head="V320796" res="V320805" label="FIGURE"/>
>   </SENTENCE>
>  </SCENE>
> </SpRL>
