2,168c2,21
< <?xml-stylesheet type="text/xsl" href="../style/parser-interface.xsl"?>
< <!DOCTYPE trips-parser-output SYSTEM "../trips-parser-output.dtd">
< <trips-parser-output parser-build-date="2017-09-20T12:11:02-0500" system="STEP" extsformat="svg" tagsformat="hidden" treecontents="phrase" treeformat="LinGO" lfformat="svg" semantic-skeleton-scoring="T" rule-sets="" input="the old ladies are wearing traditional dresses and a hat .
< ">
< <debug>
< 
<  FOUNDS SEQUENCE from constit (% W::NP (W::BARE-SEQUENCE -) (W::CONSTRAINT -)
<                                  (W::MASS W::BARE) (W::GENERATED +)
<                                  (W::POSTADVBL +)
<                                  (W::SEM ?8607:(?22776:(F::PHYS-OBJ
<                                                         F::ABSTR-OBJ) NIL))
<                                  (W::LF (% W::DESCRIPTION (W::STATUS ONT::DEFINITE)
<                                            (W::VAR V240030)
<                                            (W::SORT W::INDIVIDUAL)
<                                            (W::LEX (W::A))
<                                            (W::CLASS ONT::SEQUENCE)
<                                            (W::CONSTRAINT (% &amp; (W::NAME-OF (W::A))
<                                                              (W::VAL (W::A))))
<                                            (W::LEX W::A) (W::SEM ?22774)
<                                            (W::TRANSFORM ?22775)))
<                                  (W::CASE ?22773:(W::SUB W::OBJ -))
<                                  (W::AGR ?22772) (W::CLASS ONT::ANY-SEM)
<                                  (W::VAR V240030) (W::SORT W::PRED) (W::NAME -)
<                                  (W::PRO -) (W::CHANGEAGR -) (W::LEX W::A)
<                                  (W::HEADCAT W::VALUE) (W::TRANSFORM -)
<                                  (W::REFL -) (1 RNUMBER240062))
< *last-utt-id*=NIL  utt-id+45
< *last-utt-id*=45  utt-id+NIL</debug><utt><words><lisp>(W::THE W::OLD W::LADIES W::ARE W::WEARING W::TRADITIONAL W::DRESSES W::AND
<  W::A W::HAT W::PUNC-PERIOD)</lisp><word>THE</word><word>OLD</word><word>LADIES</word><word>ARE</word><word>WEARING</word><word>TRADITIONAL</word><word>DRESSES</word><word>AND</word><word>A</word><word>HAT</word><word>PUNC-PERIOD</word></words><tags><lisp>((WORD &quot;the&quot; :FRAME (0 3) :SENSE-INFO
<   ((:PENN-PARTS-OF-SPEECH (DT) :TRIPS-PARTS-OF-SPEECH (W::ART W::QUAN W::PRO)))
<   :UTTNUM 45 :CHANNEL DESKTOP :DIRECTION INPUT)
<  (WORD &quot;old&quot; :FRAME (4 7) :SENSE-INFO
<   ((:PENN-PARTS-OF-SPEECH (JJ) :TRIPS-PARTS-OF-SPEECH (W::ADJ))) :UTTNUM 45
<   :CHANNEL DESKTOP :DIRECTION INPUT)
<  (WORD &quot;ladies&quot; :FRAME (8 14) :SENSE-INFO
<   ((:PENN-PARTS-OF-SPEECH (NNS) :TRIPS-PARTS-OF-SPEECH (W::N))) :UTTNUM 45
<   :CHANNEL DESKTOP :DIRECTION INPUT)
<  (WORD &quot;old ladies&quot; :FRAME (4 14) :SENSE-INFO
<   ((:PENN-PARTS-OF-SPEECH (NNS) :TRIPS-PARTS-OF-SPEECH (W::N) :WN-SENSE-KEYS
<     (&quot;old_lady%1:18:00&quot;)))
<   :UTTNUM 45 :CHANNEL DESKTOP :DIRECTION INPUT)
<  (PREFER &quot;the old ladies&quot; :FRAME (0 14) :PENN-CATS (NP) :TRIPS-CATS (W::NP)
<   :SCORE 21.85 :UTTNUM 45 :CHANNEL DESKTOP :DIRECTION INPUT)
<  (WORD &quot;are&quot; :FRAME (15 18) :SENSE-INFO
<   ((:PENN-PARTS-OF-SPEECH (VBP) :TRIPS-PARTS-OF-SPEECH (W::V))) :UTTNUM 45
<   :CHANNEL DESKTOP :DIRECTION INPUT)
<  (WORD &quot;wearing&quot; :FRAME (19 26) :SENSE-INFO
<   ((:PENN-PARTS-OF-SPEECH (VBG) :TRIPS-PARTS-OF-SPEECH (W::V))) :UTTNUM 45
<   :CHANNEL DESKTOP :DIRECTION INPUT)
<  (WORD &quot;traditional&quot; :FRAME (27 38) :SENSE-INFO
<   ((:PENN-PARTS-OF-SPEECH (JJ) :TRIPS-PARTS-OF-SPEECH (W::ADJ))) :UTTNUM 45
<   :CHANNEL DESKTOP :DIRECTION INPUT)
<  (WORD &quot;dresses&quot; :FRAME (39 46) :SENSE-INFO
<   ((:PENN-PARTS-OF-SPEECH (NNS) :TRIPS-PARTS-OF-SPEECH (W::N))) :UTTNUM 45
<   :CHANNEL DESKTOP :DIRECTION INPUT)
<  (PREFER &quot;traditional dresses&quot; :FRAME (27 46) :PENN-CATS (NP) :TRIPS-CATS
<   (W::NP) :SCORE 20.39 :UTTNUM 45 :CHANNEL DESKTOP :DIRECTION INPUT)
<  (WORD &quot;and&quot; :FRAME (47 50) :SENSE-INFO
<   ((:PENN-PARTS-OF-SPEECH (CC) :TRIPS-PARTS-OF-SPEECH (W::CONJ))) :UTTNUM 45
<   :CHANNEL DESKTOP :DIRECTION INPUT)
<  (WORD &quot;a&quot; :FRAME (51 52) :SENSE-INFO
<   ((:PENN-PARTS-OF-SPEECH (DT) :TRIPS-PARTS-OF-SPEECH (W::ART W::QUAN W::PRO)))
<   :UTTNUM 45 :CHANNEL DESKTOP :DIRECTION INPUT)
<  (WORD &quot;hat&quot; :FRAME (53 56) :SENSE-INFO
<   ((:PENN-PARTS-OF-SPEECH (NN) :TRIPS-PARTS-OF-SPEECH (W::N))) :UTTNUM 45
<   :CHANNEL DESKTOP :DIRECTION INPUT)
<  (PREFER &quot;a hat&quot; :FRAME (51 56) :PENN-CATS (NP) :TRIPS-CATS (W::NP) :SCORE
<   12.736 :UTTNUM 45 :CHANNEL DESKTOP :DIRECTION INPUT)
<  (PREFER &quot;traditional dresses and a hat&quot; :FRAME (27 56) :PENN-CATS (NP)
<   :TRIPS-CATS (W::NP) :SCORE 37.016 :UTTNUM 45 :CHANNEL DESKTOP :DIRECTION
<   INPUT)
<  (PREFER &quot;wearing traditional dresses and a hat&quot; :FRAME (19 56) :PENN-CATS (VP)
<   :TRIPS-CATS (W::VP) :SCORE 46.144 :UTTNUM 45 :CHANNEL DESKTOP :DIRECTION
<   INPUT)
<  (PREFER &quot;are wearing traditional dresses and a hat&quot; :FRAME (15 56) :PENN-CATS
<   (VP) :TRIPS-CATS (W::VP) :SCORE 50.507 :UTTNUM 45 :CHANNEL DESKTOP :DIRECTION
<   INPUT)
<  (WORD &quot;.&quot; :FRAME (57 57) :SENSE-INFO
<   ((:PENN-PARTS-OF-SPEECH (FULL_STOP) :TRIPS-PARTS-OF-SPEECH (W::PUNC)))
<   :UTTNUM 45 :CHANNEL DESKTOP :DIRECTION INPUT)
<  (PREFER &quot;the old ladies are wearing traditional dresses and a hat .&quot; :FRAME
<   (0 57) :PENN-CATS (S) :SCORE 73.499 :UTTNUM 45 :CHANNEL DESKTOP :DIRECTION
<   INPUT))</lisp><word lex="the" start="0" end="3"><sense-info penn-parts-of-speech="DT" trips-parts-of-speech="ART,QUAN,PRO" /></word><word lex="old" start="4" end="7"><sense-info penn-parts-of-speech="JJ" trips-parts-of-speech="ADJ" /></word><word lex="ladies" start="8" end="14"><sense-info penn-parts-of-speech="NNS" trips-parts-of-speech="N" /></word><word lex="old ladies" start="4" end="14"><sense-info penn-parts-of-speech="NNS" trips-parts-of-speech="N" wn-sense-keys="old_lady%1:18:00" /></word><prefer text="the old ladies" start="0" end="14" penn-cats="NP" score="21.85" /><word lex="are" start="15" end="18"><sense-info penn-parts-of-speech="VBP" trips-parts-of-speech="V" /></word><word lex="wearing" start="19" end="26"><sense-info penn-parts-of-speech="VBG" trips-parts-of-speech="V" /></word><word lex="traditional" start="27" end="38"><sense-info penn-parts-of-speech="JJ" trips-parts-of-speech="ADJ" /></word><word lex="dresses" start="39" end="46"><sense-info penn-parts-of-speech="NNS" trips-parts-of-speech="N" /></word><prefer text="traditional dresses" start="27" end="46" penn-cats="NP" score="20.39" /><word lex="and" start="47" end="50"><sense-info penn-parts-of-speech="CC" trips-parts-of-speech="CONJ" /></word><word lex="a" start="51" end="52"><sense-info penn-parts-of-speech="DT" trips-parts-of-speech="ART,QUAN,PRO" /></word><word lex="hat" start="53" end="56"><sense-info penn-parts-of-speech="NN" trips-parts-of-speech="N" /></word><prefer text="a hat" start="51" end="56" penn-cats="NP" score="12.736" /><prefer text="traditional dresses and a hat" start="27" end="56" penn-cats="NP" score="37.016" /><prefer text="wearing traditional dresses and a hat" start="19" end="56" penn-cats="VP" score="46.144" /><prefer text="are wearing traditional dresses and a hat" start="15" end="56" penn-cats="VP" score="50.507" /><word lex="." start="57" end="57"><sense-info penn-parts-of-speech="FULL_STOP" trips-parts-of-speech="PUNC" /></word><prefer text="the old ladies are wearing traditional dresses and a hat ." start="0" end="57" penn-cats="S" score="73.499" /></tags><tree><lisp>(UTT
<  (UTT
<   (S (NP (SPEC (DET (ART THE))) (N1 (N OLD LADIES)))
<    (VP
<     (VP- (AUX (V ARE))
<      (VP- (V WEARING)
<       (NP (NP (N1 (ADJP (ADJ1 (ADJ TRADITIONAL))) (N1 (N DRESSES)))) (CONJ AND)
<        (NP (SPEC (DET (ART A))) (N1 (N HAT)))))))))
<  (PUNC PUNC-PERIOD))</lisp><UTT><UTT><S><NP><SPEC><DET><ART>THE</ART></DET></SPEC><N1><N>OLD LADIES</N></N1></NP><VP><VP-><AUX><V>ARE</V></AUX><VP-><V>WEARING</V><NP><NP><N1><ADJP><ADJ1><ADJ>TRADITIONAL</ADJ></ADJ1></ADJP><N1><N>DRESSES</N></N1></N1></NP><CONJ>AND</CONJ><NP><SPEC><DET><ART>A</ART></DET></SPEC><N1><N>HAT</N></N1></NP></NP></VP-></VP-></VP></S></UTT><PUNC>PUNC-PERIOD</PUNC></UTT></tree><terms root="#V239684"><lisp>((ONT::SPEECHACT ONT::V239684 ONT::SA_TELL :PUNCTYPE W::DECL :CONTENT
<   ONT::V239392 :START 0 :END 57)
<  (ONT::F ONT::V239392 (:* ONT::WEAR W::WEAR) :AGENT ONT::V239369 :NEUTRAL
<   ONT::V239410 :TENSE W::PRES :PROGR + :START 0 :END 57)
<  (ONT::THE-SET ONT::V239369 (:* ONT::FEMALE-PERSON W::OLD-LADIES) :START 0 :END
<   15 :WNSENSE &quot;old_lady%1:18:00&quot;)
<  (ONT::INDEF-SET ONT::V239410 ONT::ATTIRE :OPERATOR ONT::AND :SEQUENCE
<   (ONT::V239404 ONT::V239460) :START 27 :END 57)
<  (ONT::INDEF-SET ONT::V239404 (:* ONT::ATTIRE W::DRESS) :MOD ONT::V239398
<   :START 27 :END 47)
<  (ONT::F ONT::V239398 (:* ONT::CONVENTIONAL-VAL W::TRADITIONAL) :FIGURE
<   ONT::V239404 :START 27 :END 39)
<  (ONT::A ONT::V239460 (:* ONT::ATTIRE W::HAT) :START 51 :END 57))</lisp><rdf:RDF
<   xmlns:rdf="http://www.w3.org/1999/02/22-rdf-syntax-ns#"
<   xmlns:role="http://www.cs.rochester.edu/research/trips/role#"
<   xmlns:LF="http://www.cs.rochester.edu/research/trips/LF#">
<   <rdf:Description rdf:ID="V239684">
<     <LF:indicator>SPEECHACT</LF:indicator>
<     <LF:type>SA_TELL</LF:type>
<     <role:PUNCTYPE>DECL</role:PUNCTYPE>
<     <role:CONTENT rdf:resource="#V239392" />
<     <LF:start>0</LF:start>
<     <LF:end>57</LF:end>
<   </rdf:Description>
<   <rdf:Description rdf:ID="V239392">
<     <LF:indicator>F</LF:indicator>
<     <LF:type>WEAR</LF:type>
<     <LF:word>WEAR</LF:word>
<     <role:AGENT rdf:resource="#V239369" />
<     <role:NEUTRAL rdf:resource="#V239410" />
<     <role:TENSE>PRES</role:TENSE>
<     <role:PROGR>+</role:PROGR>
<     <LF:start>0</LF:start>
<     <LF:end>57</LF:end>
<   </rdf:Description>
<   <rdf:Description rdf:ID="V239369">
<     <LF:indicator>THE-SET</LF:indicator>
<     <LF:type>FEMALE-PERSON</LF:type>
<     <LF:word>OLD-LADIES</LF:word>
<     <LF:start>0</LF:start>
<     <LF:end>15</LF:end>
<     <role:WNSENSE>old_lady%1:18:00</role:WNSENSE>
<   </rdf:Description>
<   <rdf:Description rdf:ID="V239410">
<     <LF:indicator>INDEF-SET</LF:indicator>
<     <LF:type>ATTIRE</LF:type>
<     <role:OPERATOR>AND</role:OPERATOR>
<     <role:SEQUENCE rdf:resource="#V239404" />
<     <role:SEQUENCE1 rdf:resource="#V239460" />
<     <LF:start>27</LF:start>
<     <LF:end>57</LF:end>
<   </rdf:Description>
<   <rdf:Description rdf:ID="V239404">
<     <LF:indicator>INDEF-SET</LF:indicator>
<     <LF:type>ATTIRE</LF:type>
<     <LF:word>DRESS</LF:word>
<     <role:MOD rdf:resource="#V239398" />
<     <LF:start>27</LF:start>
<     <LF:end>47</LF:end>
<   </rdf:Description>
<   <rdf:Description rdf:ID="V239398">
<     <LF:indicator>F</LF:indicator>
<     <LF:type>CONVENTIONAL-VAL</LF:type>
<     <LF:word>TRADITIONAL</LF:word>
<     <role:FIGURE rdf:resource="#V239404" />
<     <LF:start>27</LF:start>
<     <LF:end>39</LF:end>
<   </rdf:Description>
<   <rdf:Description rdf:ID="V239460">
<     <LF:indicator>A</LF:indicator>
<     <LF:type>ATTIRE</LF:type>
<     <LF:word>HAT</LF:word>
<     <LF:start>51</LF:start>
<     <LF:end>57</LF:end>
<   </rdf:Description>
< </rdf:RDF>
< </terms></utt></trips-parser-output>
\ No newline at end of file
---
> <SpRL>
>  <SCENE>
>   <SENTENCE id="s1" indicator="SPEECHACT" type="SA_TELL" PUNCTYPE="DECL" start="0" end="57">
>    <TEXT>the old ladies are wearing traditional dresses and a hat .</TEXT>
>    <RELATION id="1" head="V239684" res="V239392" label="CONTENT"/>
>    <PHRASE id="V239392" indicator="F" type="WEAR" text="WEAR" TENSE="PRES" PROGR="+" start="0" end="57"/>
>    <RELATION id="2" head="V239392" res="V239369" label="AGENT"/>
>    <RELATION id="3" head="V239392" res="V239410" label="NEUTRAL"/>
>    <PHRASE id="V239369" indicator="THE-SET" type="FEMALE-PERSON" text="OLD-LADIES" start="0" end="15" WNSENSE="old_lady%1:18:00"/>
>    <PHRASE id="V239410" indicator="INDEF-SET" type="ATTIRE" OPERATOR="AND" start="27" end="57"/>
>    <RELATION id="4" head="V239410" res="V239404" label="SEQUENCE"/>
>    <RELATION id="5" head="V239410" res="V239460" label="SEQUENCE1"/>
>    <PHRASE id="V239404" indicator="INDEF-SET" type="ATTIRE" text="DRESS" start="27" end="47"/>
>    <RELATION id="6" head="V239404" res="V239398" label="MOD"/>
>    <PHRASE id="V239398" indicator="F" type="CONVENTIONAL-VAL" text="TRADITIONAL" start="27" end="39"/>
>    <RELATION id="7" head="V239398" res="V239404" label="FIGURE"/>
>    <PHRASE id="V239460" indicator="A" type="ATTIRE" text="HAT" start="51" end="57"/>
>   </SENTENCE>
>  </SCENE>
> </SpRL>
