2,239c2,32
< <?xml-stylesheet type="text/xsl" href="../style/parser-interface.xsl"?>
< <!DOCTYPE trips-parser-output SYSTEM "../trips-parser-output.dtd">
< <trips-parser-output parser-build-date="2017-09-20T12:11:02-0500" system="STEP" extsformat="svg" tagsformat="hidden" treecontents="phrase" treeformat="LinGO" lfformat="svg" semantic-skeleton-scoring="T" rule-sets="" input="the other one in a red tee-shirt and black jeans is watching her .
< ">
< <debug>
< 
<  FOUNDS SEQUENCE from constit (% W::NP (W::BARE-SEQUENCE -) (W::CONSTRAINT -)
<                                  (W::MASS W::BARE) (W::GENERATED +)
<                                  (W::POSTADVBL +)
<                                  (W::SEM ?8607:(?43231:(F::PHYS-OBJ
<                                                         F::ABSTR-OBJ) NIL))
<                                  (W::LF (% W::DESCRIPTION (W::STATUS ONT::DEFINITE)
<                                            (W::VAR V93053)
<                                            (W::SORT W::INDIVIDUAL)
<                                            (W::LEX (W::A))
<                                            (W::CLASS ONT::SEQUENCE)
<                                            (W::CONSTRAINT (% &amp; (W::NAME-OF (W::A))
<                                                              (W::VAL (W::A))))
<                                            (W::LEX W::A) (W::SEM ?43229)
<                                            (W::TRANSFORM ?43230)))
<                                  (W::CASE ?43228:(W::SUB W::OBJ -))
<                                  (W::AGR ?43227) (W::CLASS ONT::ANY-SEM)
<                                  (W::VAR V93053) (W::SORT W::PRED) (W::NAME -)
<                                  (W::PRO -) (W::CHANGEAGR -) (W::LEX W::A)
<                                  (W::HEADCAT W::VALUE) (W::TRANSFORM -)
<                                  (W::REFL -) (1 RNUMBER93089))
< *last-utt-id*=NIL  utt-id+13
< *last-utt-id*=13  utt-id+NIL</debug><utt><words><lisp>(W::THE W::OTHER W::ONE W::IN W::A W::RED W::TEE W::PUNC-MINUS W::SHIRT W::AND
<  W::BLACK W::JEANS W::IS W::WATCHING W::HER W::PUNC-PERIOD)</lisp><word>THE</word><word>OTHER</word><word>ONE</word><word>IN</word><word>A</word><word>RED</word><word>TEE</word><word>PUNC-MINUS</word><word>SHIRT</word><word>AND</word><word>BLACK</word><word>JEANS</word><word>IS</word><word>WATCHING</word><word>HER</word><word>PUNC-PERIOD</word></words><tags><lisp>((WORD &quot;the&quot; :FRAME (0 3) :SENSE-INFO
<   ((:PENN-PARTS-OF-SPEECH (DT) :TRIPS-PARTS-OF-SPEECH (W::ART W::QUAN W::PRO)))
<   :UTTNUM 13 :CHANNEL DESKTOP :DIRECTION INPUT)
<  (WORD &quot;other&quot; :FRAME (4 9) :SENSE-INFO
<   ((:PENN-PARTS-OF-SPEECH (JJ) :TRIPS-PARTS-OF-SPEECH (W::ADJ))) :UTTNUM 13
<   :CHANNEL DESKTOP :DIRECTION INPUT)
<  (WORD &quot;one&quot; :FRAME (10 13) :SENSE-INFO
<   ((:PENN-PARTS-OF-SPEECH (CD NN) :TRIPS-PARTS-OF-SPEECH
<     (W::NUMBER W::NUMBER-UNIT W::N)))
<   :UTTNUM 13 :CHANNEL DESKTOP :DIRECTION INPUT)
<  (PREFER &quot;the other one&quot; :FRAME (0 13) :PENN-CATS (NP) :TRIPS-CATS (W::NP)
<   :SCORE 13.894 :UTTNUM 13 :CHANNEL DESKTOP :DIRECTION INPUT)
<  (WORD &quot;in&quot; :FRAME (14 16) :SENSE-INFO
<   ((:PENN-PARTS-OF-SPEECH (IN) :TRIPS-PARTS-OF-SPEECH (W::PREP W::ADV)))
<   :UTTNUM 13 :CHANNEL DESKTOP :DIRECTION INPUT)
<  (WORD &quot;a&quot; :FRAME (17 18) :SENSE-INFO
<   ((:PENN-PARTS-OF-SPEECH (DT) :TRIPS-PARTS-OF-SPEECH (W::ART W::QUAN W::PRO)))
<   :UTTNUM 13 :CHANNEL DESKTOP :DIRECTION INPUT)
<  (WORD &quot;red&quot; :FRAME (19 22) :SENSE-INFO
<   ((:PENN-PARTS-OF-SPEECH (NN JJ) :TRIPS-PARTS-OF-SPEECH (W::N W::ADJ)))
<   :UTTNUM 13 :CHANNEL DESKTOP :DIRECTION INPUT)
<  (WORD &quot;tee&quot; :FRAME (23 25) :SENSE-INFO
<   ((:PENN-PARTS-OF-SPEECH (NN) :TRIPS-PARTS-OF-SPEECH (W::N))) :UTTNUM 13
<   :CHANNEL DESKTOP :DIRECTION INPUT)
<  (WORD &quot;-&quot; :FRAME (26 26) :SENSE-INFO
<   ((:PENN-PARTS-OF-SPEECH (COLON) :TRIPS-PARTS-OF-SPEECH (W::PUNC))) :UTTNUM 13
<   :CHANNEL DESKTOP :DIRECTION INPUT)
<  (WORD &quot;shirt&quot; :FRAME (27 32) :SENSE-INFO
<   ((:PENN-PARTS-OF-SPEECH (NN) :TRIPS-PARTS-OF-SPEECH (W::N))) :UTTNUM 13
<   :CHANNEL DESKTOP :DIRECTION INPUT)
<  (WORD &quot;tee-shirt&quot; :FRAME (23 32) :SENSE-INFO
<   ((:PENN-PARTS-OF-SPEECH (NN) :TRIPS-PARTS-OF-SPEECH (W::N))) :UTTNUM 13
<   :CHANNEL DESKTOP :DIRECTION INPUT)
<  (PREFER &quot;a red tee-shirt&quot; :FRAME (17 32) :PENN-CATS (NP) :TRIPS-CATS (W::NP)
<   :SCORE 24.419 :UTTNUM 13 :CHANNEL DESKTOP :DIRECTION INPUT)
<  (WORD &quot;and&quot; :FRAME (33 36) :SENSE-INFO
<   ((:PENN-PARTS-OF-SPEECH (CC) :TRIPS-PARTS-OF-SPEECH (W::CONJ))) :UTTNUM 13
<   :CHANNEL DESKTOP :DIRECTION INPUT)
<  (WORD &quot;black&quot; :FRAME (37 42) :SENSE-INFO
<   ((:PENN-PARTS-OF-SPEECH (JJ) :TRIPS-PARTS-OF-SPEECH (W::ADJ))) :UTTNUM 13
<   :CHANNEL DESKTOP :DIRECTION INPUT)
<  (WORD &quot;jeans&quot; :FRAME (43 48) :SENSE-INFO
<   ((:PENN-PARTS-OF-SPEECH (NNS) :TRIPS-PARTS-OF-SPEECH (W::N))) :UTTNUM 13
<   :CHANNEL DESKTOP :DIRECTION INPUT)
<  (PREFER &quot;black jeans&quot; :FRAME (37 48) :PENN-CATS (NP) :TRIPS-CATS (W::NP)
<   :SCORE 18.782 :UTTNUM 13 :CHANNEL DESKTOP :DIRECTION INPUT)
<  (PREFER &quot;a red tee-shirt and black jeans&quot; :FRAME (17 48) :PENN-CATS (NP)
<   :TRIPS-CATS (W::NP) :SCORE 46.035 :UTTNUM 13 :CHANNEL DESKTOP :DIRECTION
<   INPUT)
<  (PREFER &quot;in a red tee-shirt and black jeans&quot; :FRAME (14 48) :PENN-CATS (PP)
<   :TRIPS-CATS (W::PP) :SCORE 49.632 :UTTNUM 13 :CHANNEL DESKTOP :DIRECTION
<   INPUT)
<  (PREFER &quot;the other one in a red tee-shirt and black jeans&quot; :FRAME (0 48)
<   :PENN-CATS (NP) :TRIPS-CATS (W::NP) :SCORE 63.892 :UTTNUM 13 :CHANNEL DESKTOP
<   :DIRECTION INPUT)
<  (WORD &quot;is&quot; :FRAME (49 51) :SENSE-INFO
<   ((:PENN-PARTS-OF-SPEECH (VBZ) :TRIPS-PARTS-OF-SPEECH (W::V))) :UTTNUM 13
<   :CHANNEL DESKTOP :DIRECTION INPUT)
<  (WORD &quot;watching&quot; :FRAME (52 60) :SENSE-INFO
<   ((:PENN-PARTS-OF-SPEECH (VBG) :TRIPS-PARTS-OF-SPEECH (W::V))) :UTTNUM 13
<   :CHANNEL DESKTOP :DIRECTION INPUT)
<  (WORD &quot;her&quot; :FRAME (61 64) :SENSE-INFO
<   ((:PENN-PARTS-OF-SPEECH (PRP) :TRIPS-PARTS-OF-SPEECH (W::PRO))) :UTTNUM 13
<   :CHANNEL DESKTOP :DIRECTION INPUT)
<  (PREFER &quot;her&quot; :FRAME (61 64) :PENN-CATS (NP) :TRIPS-CATS (W::NP) :SCORE 8.332
<   :UTTNUM 13 :CHANNEL DESKTOP :DIRECTION INPUT)
<  (PREFER &quot;watching her&quot; :FRAME (52 64) :PENN-CATS (VP) :TRIPS-CATS (W::VP)
<   :SCORE 16.382 :UTTNUM 13 :CHANNEL DESKTOP :DIRECTION INPUT)
<  (PREFER &quot;is watching her&quot; :FRAME (49 64) :PENN-CATS (VP) :TRIPS-CATS (W::VP)
<   :SCORE 20.643 :UTTNUM 13 :CHANNEL DESKTOP :DIRECTION INPUT)
<  (WORD &quot;.&quot; :FRAME (65 65) :SENSE-INFO
<   ((:PENN-PARTS-OF-SPEECH (FULL_STOP) :TRIPS-PARTS-OF-SPEECH (W::PUNC)))
<   :UTTNUM 13 :CHANNEL DESKTOP :DIRECTION INPUT)
<  (PREFER &quot;the other one in a red tee-shirt and black jeans is watching her .&quot;
<   :FRAME (0 65) :PENN-CATS (S) :SCORE 87.364 :UTTNUM 13 :CHANNEL DESKTOP
<   :DIRECTION INPUT))</lisp><word lex="the" start="0" end="3"><sense-info penn-parts-of-speech="DT" trips-parts-of-speech="ART,QUAN,PRO" /></word><word lex="other" start="4" end="9"><sense-info penn-parts-of-speech="JJ" trips-parts-of-speech="ADJ" /></word><word lex="one" start="10" end="13"><sense-info penn-parts-of-speech="CD,NN" trips-parts-of-speech="NUMBER,NUMBER-UNIT,N" /></word><prefer text="the other one" start="0" end="13" penn-cats="NP" score="13.894" /><word lex="in" start="14" end="16"><sense-info penn-parts-of-speech="IN" trips-parts-of-speech="PREP,ADV" /></word><word lex="a" start="17" end="18"><sense-info penn-parts-of-speech="DT" trips-parts-of-speech="ART,QUAN,PRO" /></word><word lex="red" start="19" end="22"><sense-info penn-parts-of-speech="NN,JJ" trips-parts-of-speech="N,ADJ" /></word><word lex="tee" start="23" end="25"><sense-info penn-parts-of-speech="NN" trips-parts-of-speech="N" /></word><word lex="-" start="26" end="26"><sense-info penn-parts-of-speech="COLON" trips-parts-of-speech="PUNC" /></word><word lex="shirt" start="27" end="32"><sense-info penn-parts-of-speech="NN" trips-parts-of-speech="N" /></word><word lex="tee-shirt" start="23" end="32"><sense-info penn-parts-of-speech="NN" trips-parts-of-speech="N" /></word><prefer text="a red tee-shirt" start="17" end="32" penn-cats="NP" score="24.419" /><word lex="and" start="33" end="36"><sense-info penn-parts-of-speech="CC" trips-parts-of-speech="CONJ" /></word><word lex="black" start="37" end="42"><sense-info penn-parts-of-speech="JJ" trips-parts-of-speech="ADJ" /></word><word lex="jeans" start="43" end="48"><sense-info penn-parts-of-speech="NNS" trips-parts-of-speech="N" /></word><prefer text="black jeans" start="37" end="48" penn-cats="NP" score="18.782" /><prefer text="a red tee-shirt and black jeans" start="17" end="48" penn-cats="NP" score="46.035" /><prefer text="in a red tee-shirt and black jeans" start="14" end="48" penn-cats="PP" score="49.632" /><prefer text="the other one in a red tee-shirt and black jeans" start="0" end="48" penn-cats="NP" score="63.892" /><word lex="is" start="49" end="51"><sense-info penn-parts-of-speech="VBZ" trips-parts-of-speech="V" /></word><word lex="watching" start="52" end="60"><sense-info penn-parts-of-speech="VBG" trips-parts-of-speech="V" /></word><word lex="her" start="61" end="64"><sense-info penn-parts-of-speech="PRP" trips-parts-of-speech="PRO" /></word><prefer text="her" start="61" end="64" penn-cats="NP" score="8.332" /><prefer text="watching her" start="52" end="64" penn-cats="VP" score="16.382" /><prefer text="is watching her" start="49" end="64" penn-cats="VP" score="20.643" /><word lex="." start="65" end="65"><sense-info penn-parts-of-speech="FULL_STOP" trips-parts-of-speech="PUNC" /></word><prefer text="the other one in a red tee-shirt and black jeans is watching her ." start="0" end="65" penn-cats="S" score="87.364" /></tags><tree><lisp>(UTT
<  (UTT
<   (S
<    (NP (SPEC (DET (ART THE)))
<     (N1 (N1 (ADJP (ADJ1 (ADJ OTHER))) (N1 (N ONE)))
<      (ADVBL (ADV IN)
<       (NP
<        (NP (SPEC (DET (ART A)))
<         (N1 (ADJP (ADJ1 (ADJ RED))) (N1 (N TEE PUNC-MINUS SHIRT))))
<        (CONJ AND) (NP (N1 (ADJP (ADJ1 (ADJ BLACK))) (N1 (N JEANS))))))))
<    (VP (VP- (AUX (V IS)) (VP- (V WATCHING) (NP (PRO HER)))))))
<  (PUNC PUNC-PERIOD))</lisp><UTT><UTT><S><NP><SPEC><DET><ART>THE</ART></DET></SPEC><N1><N1><ADJP><ADJ1><ADJ>OTHER</ADJ></ADJ1></ADJP><N1><N>ONE</N></N1></N1><ADVBL><ADV>IN</ADV><NP><NP><SPEC><DET><ART>A</ART></DET></SPEC><N1><ADJP><ADJ1><ADJ>RED</ADJ></ADJ1></ADJP><N1><N>TEE PUNC-MINUS SHIRT</N></N1></N1></NP><CONJ>AND</CONJ><NP><N1><ADJP><ADJ1><ADJ>BLACK</ADJ></ADJ1></ADJP><N1><N>JEANS</N></N1></N1></NP></NP></ADVBL></N1></NP><VP><VP-><AUX><V>IS</V></AUX><VP-><V>WATCHING</V><NP><PRO>HER</PRO></NP></VP-></VP-></VP></S></UTT><PUNC>PUNC-PERIOD</PUNC></UTT></tree><terms root="#V93568"><lisp>((ONT::SPEECHACT ONT::V93568 ONT::SA_TELL :PUNCTYPE W::DECL :CONTENT
<   ONT::V92412 :START 0 :END 65)
<  (ONT::F ONT::V92412 (:* ONT::MANAGE W::WATCH) :AGENT ONT::V92240 :AFFECTED
<   ONT::V92418 :TENSE W::PRES :PROGR + :START 0 :END 65)
<  (ONT::THE ONT::V92240 (:* ONT::REFERENTIAL-SEM W::ONE) :MOD ONT::V92250 :MOD
<   ONT::V92233 :START 0 :END 49)
<  (ONT::F ONT::V92233 (:* ONT::OTHER W::OTHER) :INTENSITY ONT::HI :FIGURE
<   ONT::V92240 :START 4 :END 10)
<  (ONT::F ONT::V92250 (:* ONT::IN-LOC W::IN) :GROUND ONT::V92372 :FIGURE
<   ONT::V92240 :START 14 :END 49)
<  (ONT::INDEF-SET ONT::V92372 ONT::ATTIRE :OPERATOR ONT::AND :SEQUENCE
<   (ONT::V92368 ONT::V92385) :START 17 :END 49)
<  (ONT::A ONT::V92368 (:* ONT::ATTIRE W::TEE-PUNC-MINUS-SHIRT) :MOD ONT::V92340
<   :START 17 :END 33)
<  (ONT::F ONT::V92340 (:* ONT::RED W::RED) :FIGURE ONT::V92368 :SCALE
<   ONT::COLOR-SCALE :START 19 :END 23)
<  (ONT::INDEF-SET ONT::V92385 (:* ONT::ATTIRE W::JEANS) :MOD ONT::V92381 :START
<   37 :END 49)
<  (ONT::F ONT::V92381 (:* ONT::BLACK W::BLACK) :FIGURE ONT::V92385 :SCALE
<   ONT::BLACKNESS*1--07--00 :START 37 :END 43)
<  (ONT::PRO ONT::V92418 (:* ONT::FEMALE-PERSON W::HER) :PROFORM W::HER :START 61
<   :END 65))</lisp><rdf:RDF
<   xmlns:rdf="http://www.w3.org/1999/02/22-rdf-syntax-ns#"
<   xmlns:role="http://www.cs.rochester.edu/research/trips/role#"
<   xmlns:LF="http://www.cs.rochester.edu/research/trips/LF#">
<   <rdf:Description rdf:ID="V93568">
<     <LF:indicator>SPEECHACT</LF:indicator>
<     <LF:type>SA_TELL</LF:type>
<     <role:PUNCTYPE>DECL</role:PUNCTYPE>
<     <role:CONTENT rdf:resource="#V92412" />
<     <LF:start>0</LF:start>
<     <LF:end>65</LF:end>
<   </rdf:Description>
<   <rdf:Description rdf:ID="V92412">
<     <LF:indicator>F</LF:indicator>
<     <LF:type>MANAGE</LF:type>
<     <LF:word>WATCH</LF:word>
<     <role:AGENT rdf:resource="#V92240" />
<     <role:AFFECTED rdf:resource="#V92418" />
<     <role:TENSE>PRES</role:TENSE>
<     <role:PROGR>+</role:PROGR>
<     <LF:start>0</LF:start>
<     <LF:end>65</LF:end>
<   </rdf:Description>
<   <rdf:Description rdf:ID="V92240">
<     <LF:indicator>THE</LF:indicator>
<     <LF:type>REFERENTIAL-SEM</LF:type>
<     <LF:word>ONE</LF:word>
<     <role:MOD rdf:resource="#V92250" />
<     <role:MOD rdf:resource="#V92233" />
<     <LF:start>0</LF:start>
<     <LF:end>49</LF:end>
<   </rdf:Description>
<   <rdf:Description rdf:ID="V92233">
<     <LF:indicator>F</LF:indicator>
<     <LF:type>OTHER</LF:type>
<     <LF:word>OTHER</LF:word>
<     <role:INTENSITY>HI</role:INTENSITY>
<     <role:FIGURE rdf:resource="#V92240" />
<     <LF:start>4</LF:start>
<     <LF:end>10</LF:end>
<   </rdf:Description>
<   <rdf:Description rdf:ID="V92250">
<     <LF:indicator>F</LF:indicator>
<     <LF:type>IN-LOC</LF:type>
<     <LF:word>IN</LF:word>
<     <role:GROUND rdf:resource="#V92372" />
<     <role:FIGURE rdf:resource="#V92240" />
<     <LF:start>14</LF:start>
<     <LF:end>49</LF:end>
<   </rdf:Description>
<   <rdf:Description rdf:ID="V92372">
<     <LF:indicator>INDEF-SET</LF:indicator>
<     <LF:type>ATTIRE</LF:type>
<     <role:OPERATOR>AND</role:OPERATOR>
<     <role:SEQUENCE rdf:resource="#V92368" />
<     <role:SEQUENCE1 rdf:resource="#V92385" />
<     <LF:start>17</LF:start>
<     <LF:end>49</LF:end>
<   </rdf:Description>
<   <rdf:Description rdf:ID="V92368">
<     <LF:indicator>A</LF:indicator>
<     <LF:type>ATTIRE</LF:type>
<     <LF:word>TEE-PUNC-MINUS-SHIRT</LF:word>
<     <role:MOD rdf:resource="#V92340" />
<     <LF:start>17</LF:start>
<     <LF:end>33</LF:end>
<   </rdf:Description>
<   <rdf:Description rdf:ID="V92340">
<     <LF:indicator>F</LF:indicator>
<     <LF:type>RED</LF:type>
<     <LF:word>RED</LF:word>
<     <role:FIGURE rdf:resource="#V92368" />
<     <role:SCALE>COLOR-SCALE</role:SCALE>
<     <LF:start>19</LF:start>
<     <LF:end>23</LF:end>
<   </rdf:Description>
<   <rdf:Description rdf:ID="V92385">
<     <LF:indicator>INDEF-SET</LF:indicator>
<     <LF:type>ATTIRE</LF:type>
<     <LF:word>JEANS</LF:word>
<     <role:MOD rdf:resource="#V92381" />
<     <LF:start>37</LF:start>
<     <LF:end>49</LF:end>
<   </rdf:Description>
<   <rdf:Description rdf:ID="V92381">
<     <LF:indicator>F</LF:indicator>
<     <LF:type>BLACK</LF:type>
<     <LF:word>BLACK</LF:word>
<     <role:FIGURE rdf:resource="#V92385" />
<     <role:SCALE>BLACKNESS*1--07--00</role:SCALE>
<     <LF:start>37</LF:start>
<     <LF:end>43</LF:end>
<   </rdf:Description>
<   <rdf:Description rdf:ID="V92418">
<     <LF:indicator>PRO</LF:indicator>
<     <LF:type>FEMALE-PERSON</LF:type>
<     <LF:word>HER</LF:word>
<     <role:PROFORM>HER</role:PROFORM>
<     <LF:start>61</LF:start>
<     <LF:end>65</LF:end>
<   </rdf:Description>
< </rdf:RDF>
< </terms></utt></trips-parser-output>
\ No newline at end of file
---
> <SpRL>
>  <SCENE>
>   <SENTENCE id="s1" indicator="SPEECHACT" type="SA_TELL" PUNCTYPE="DECL" start="0" end="65">
>    <TEXT>the other one in a red tee-shirt and black jeans is watching her .</TEXT>
>    <RELATION id="1" head="V93568" res="V92412" label="CONTENT"/>
>    <PHRASE id="V92412" indicator="F" type="MANAGE" text="WATCH" TENSE="PRES" PROGR="+" start="0" end="65"/>
>    <RELATION id="2" head="V92412" res="V92240" label="AGENT"/>
>    <RELATION id="3" head="V92412" res="V92418" label="AFFECTED"/>
>    <PHRASE id="V92240" indicator="THE" type="REFERENTIAL-SEM" text="ONE" start="0" end="49"/>
>    <RELATION id="4" head="V92240" res="V92250" label="MOD"/>
>    <RELATION id="5" head="V92240" res="V92233" label="MOD"/>
>    <PHRASE id="V92233" indicator="F" type="OTHER" text="OTHER" INTENSITY="HI" start="4" end="10"/>
>    <RELATION id="6" head="V92233" res="V92240" label="FIGURE"/>
>    <PHRASE id="V92250" indicator="F" type="IN-LOC" text="IN" start="14" end="49"/>
>    <RELATION id="7" head="V92250" res="V92372" label="GROUND"/>
>    <RELATION id="8" head="V92250" res="V92240" label="FIGURE"/>
>    <PHRASE id="V92372" indicator="INDEF-SET" type="ATTIRE" OPERATOR="AND" start="17" end="49"/>
>    <RELATION id="9" head="V92372" res="V92368" label="SEQUENCE"/>
>    <RELATION id="10" head="V92372" res="V92385" label="SEQUENCE1"/>
>    <PHRASE id="V92368" indicator="A" type="ATTIRE" text="TEE-PUNC-MINUS-SHIRT" start="17" end="33"/>
>    <RELATION id="11" head="V92368" res="V92340" label="MOD"/>
>    <PHRASE id="V92340" indicator="F" type="RED" text="RED" SCALE="COLOR-SCALE" start="19" end="23"/>
>    <RELATION id="12" head="V92340" res="V92368" label="FIGURE"/>
>    <PHRASE id="V92385" indicator="INDEF-SET" type="ATTIRE" text="JEANS" start="37" end="49"/>
>    <RELATION id="13" head="V92385" res="V92381" label="MOD"/>
>    <PHRASE id="V92381" indicator="F" type="BLACK" text="BLACK" SCALE="BLACKNESS*1--07--00" start="37" end="43"/>
>    <RELATION id="14" head="V92381" res="V92385" label="FIGURE"/>
>    <PHRASE id="V92418" indicator="PRO" type="FEMALE-PERSON" text="HER" PROFORM="HER" start="61" end="65"/>
>   </SENTENCE>
>  </SCENE>
> </SpRL>
