2,438c2,58
< <?xml-stylesheet type="text/xsl" href="../style/parser-interface.xsl"?>
< <!DOCTYPE trips-parser-output SYSTEM "../trips-parser-output.dtd">
< <trips-parser-output parser-build-date="2017-09-20T12:11:02-0500" system="STEP" extsformat="svg" tagsformat="hidden" treecontents="phrase" treeformat="LinGO" lfformat="svg" semantic-skeleton-scoring="T" rule-sets="" input="a dark-skinned and dark-haired girl with two pigtails wearing a grey pullover with a pink nametag is standing in front of all the desks in a classroom .
< ">
< <debug>
< *last-utt-id*=NIL  utt-id+29
< *last-utt-id*=29  utt-id+29
< *last-utt-id*=29  utt-id+29
< *last-utt-id*=29  utt-id+29
< *last-utt-id*=29  utt-id+NIL</debug><compound-communication-act>
< <utt><words><lisp>(W::A W::DARK W::PUNC-MINUS W::SKINNED W::AND W::DARK W::PUNC-MINUS W::HAIRED
<  W::GIRL)</lisp><word>A</word><word>DARK</word><word>PUNC-MINUS</word><word>SKINNED</word><word>AND</word><word>DARK</word><word>PUNC-MINUS</word><word>HAIRED</word><word>GIRL</word></words><tags><lisp>((WORD &quot;a&quot; :FRAME (0 1) :SENSE-INFO
<   ((:PENN-PARTS-OF-SPEECH (DT) :TRIPS-PARTS-OF-SPEECH (W::ART W::QUAN W::PRO)))
<   :UTTNUM 29 :CHANNEL DESKTOP :DIRECTION INPUT)
<  (WORD &quot;dark&quot; :FRAME (2 5) :SENSE-INFO
<   ((:PENN-PARTS-OF-SPEECH (NN) :TRIPS-PARTS-OF-SPEECH (W::N))) :UTTNUM 29
<   :CHANNEL DESKTOP :DIRECTION INPUT)
<  (WORD &quot;-&quot; :FRAME (6 6) :SENSE-INFO
<   ((:PENN-PARTS-OF-SPEECH (COLON) :TRIPS-PARTS-OF-SPEECH (W::PUNC))) :UTTNUM 29
<   :CHANNEL DESKTOP :DIRECTION INPUT)
<  (WORD &quot;skinned&quot; :FRAME (7 14) :SENSE-INFO
<   ((:PENN-PARTS-OF-SPEECH (VBN) :TRIPS-PARTS-OF-SPEECH (W::V))) :UTTNUM 29
<   :CHANNEL DESKTOP :DIRECTION INPUT)
<  (WORD &quot;dark-skinned&quot; :FRAME (2 14) :SENSE-INFO
<   ((:PENN-PARTS-OF-SPEECH (JJ) :TRIPS-PARTS-OF-SPEECH (W::ADJ) :WN-SENSE-KEYS
<     (&quot;dark-skinned%5:00:00&quot;)))
<   :UTTNUM 29 :CHANNEL DESKTOP :DIRECTION INPUT)
<  (WORD &quot;and&quot; :FRAME (15 18) :SENSE-INFO
<   ((:PENN-PARTS-OF-SPEECH (CC) :TRIPS-PARTS-OF-SPEECH (W::CONJ))) :UTTNUM 29
<   :CHANNEL DESKTOP :DIRECTION INPUT)
<  (WORD &quot;dark&quot; :FRAME (19 22) :SENSE-INFO
<   ((:PENN-PARTS-OF-SPEECH (JJ) :TRIPS-PARTS-OF-SPEECH (W::ADJ))) :UTTNUM 29
<   :CHANNEL DESKTOP :DIRECTION INPUT)
<  (WORD &quot;-&quot; :FRAME (23 23) :SENSE-INFO
<   ((:PENN-PARTS-OF-SPEECH (COLON) :TRIPS-PARTS-OF-SPEECH (W::PUNC))) :UTTNUM 29
<   :CHANNEL DESKTOP :DIRECTION INPUT)
<  (WORD &quot;haired&quot; :FRAME (24 30) :SENSE-INFO
<   ((:PENN-PARTS-OF-SPEECH (VBN) :TRIPS-PARTS-OF-SPEECH (W::V))) :UTTNUM 29
<   :CHANNEL DESKTOP :DIRECTION INPUT)
<  (WORD &quot;dark-haired&quot; :FRAME (19 30) :SENSE-INFO
<   ((:PENN-PARTS-OF-SPEECH (JJ) :TRIPS-PARTS-OF-SPEECH (W::ADJ) :WN-SENSE-KEYS
<     (&quot;dark-haired%5:00:00&quot;)))
<   :UTTNUM 29 :CHANNEL DESKTOP :DIRECTION INPUT)
<  (PREFER &quot;dark-skinned and dark-haired&quot; :FRAME (2 30) :PENN-CATS (ADJP)
<   :TRIPS-CATS (W::ADJP) :SCORE 25.705 :UTTNUM 29 :CHANNEL DESKTOP :DIRECTION
<   INPUT)
<  (WORD &quot;girl&quot; :FRAME (31 35) :SENSE-INFO
<   ((:PENN-PARTS-OF-SPEECH (NN) :TRIPS-PARTS-OF-SPEECH (W::N))) :UTTNUM 29
<   :CHANNEL DESKTOP :DIRECTION INPUT)
<  (PREFER &quot;a dark-skinned and dark-haired girl&quot; :FRAME (0 35) :PENN-CATS (NP)
<   :TRIPS-CATS (W::NP) :SCORE 39.425 :UTTNUM 29 :CHANNEL DESKTOP :DIRECTION
<   INPUT))</lisp><word lex="a" start="0" end="1"><sense-info penn-parts-of-speech="DT" trips-parts-of-speech="ART,QUAN,PRO" /></word><word lex="dark" start="2" end="5"><sense-info penn-parts-of-speech="NN" trips-parts-of-speech="N" /></word><word lex="-" start="6" end="6"><sense-info penn-parts-of-speech="COLON" trips-parts-of-speech="PUNC" /></word><word lex="skinned" start="7" end="14"><sense-info penn-parts-of-speech="VBN" trips-parts-of-speech="V" /></word><word lex="dark-skinned" start="2" end="14"><sense-info penn-parts-of-speech="JJ" trips-parts-of-speech="ADJ" wn-sense-keys="dark-skinned%5:00:00" /></word><word lex="and" start="15" end="18"><sense-info penn-parts-of-speech="CC" trips-parts-of-speech="CONJ" /></word><word lex="dark" start="19" end="22"><sense-info penn-parts-of-speech="JJ" trips-parts-of-speech="ADJ" /></word><word lex="-" start="23" end="23"><sense-info penn-parts-of-speech="COLON" trips-parts-of-speech="PUNC" /></word><word lex="haired" start="24" end="30"><sense-info penn-parts-of-speech="VBN" trips-parts-of-speech="V" /></word><word lex="dark-haired" start="19" end="30"><sense-info penn-parts-of-speech="JJ" trips-parts-of-speech="ADJ" wn-sense-keys="dark-haired%5:00:00" /></word><prefer text="dark-skinned and dark-haired" start="2" end="30" penn-cats="ADJP" score="25.705" /><word lex="girl" start="31" end="35"><sense-info penn-parts-of-speech="NN" trips-parts-of-speech="N" /></word><prefer text="a dark-skinned and dark-haired girl" start="0" end="35" penn-cats="NP" score="39.425" /></tags><tree><lisp>(NP (SPEC (DET (ART A)))
<  (N1
<   (ADJP (ADJP (ADJ1 (ADJ DARK PUNC-MINUS SKINNED))) (CONJ AND)
<    (ADJP (ADJ1 (ADJ DARK PUNC-MINUS HAIRED))))
<   (N1 (N GIRL))))</lisp><NP><SPEC><DET><ART>A</ART></DET></SPEC><N1><ADJP><ADJP><ADJ1><ADJ>DARK PUNC-MINUS SKINNED</ADJ></ADJ1></ADJP><CONJ>AND</CONJ><ADJP><ADJ1><ADJ>DARK PUNC-MINUS HAIRED</ADJ></ADJ1></ADJP></ADJP><N1><N>GIRL</N></N1></N1></NP></tree><terms root="#V142974"><lisp>((ONT::A ONT::V142974 (:* ONT::FEMALE-CHILD W::GIRL) :MOD ONT::V147147 :START 0
<   :END 36)
<  (ONT::F ONT::V147147 ONT::MODIFIER :SEQUENCE (ONT::V142940 ONT::V142971)
<   :OPERATOR ONT::AND :START 2 :END 31)
<  (ONT::F ONT::V142940 (:* ONT::MODIFIER W::DARK-PUNC-MINUS-SKINNED) :FIGURE
<   ONT::V142974 :START 2 :END 15 :WNSENSE &quot;dark-skinned%5:00:00&quot;)
<  (ONT::F ONT::V142971 (:* ONT::MODIFIER W::DARK-PUNC-MINUS-HAIRED) :FIGURE
<   ONT::V142974 :START 19 :END 31 :WNSENSE &quot;dark-haired%5:00:00&quot;))</lisp><rdf:RDF
<   xmlns:rdf="http://www.w3.org/1999/02/22-rdf-syntax-ns#"
<   xmlns:role="http://www.cs.rochester.edu/research/trips/role#"
<   xmlns:LF="http://www.cs.rochester.edu/research/trips/LF#">
<   <rdf:Description rdf:ID="V142974">
<     <LF:indicator>A</LF:indicator>
<     <LF:type>FEMALE-CHILD</LF:type>
<     <LF:word>GIRL</LF:word>
<     <role:MOD rdf:resource="#V147147" />
<     <LF:start>0</LF:start>
<     <LF:end>36</LF:end>
<   </rdf:Description>
<   <rdf:Description rdf:ID="V147147">
<     <LF:indicator>F</LF:indicator>
<     <LF:type>MODIFIER</LF:type>
<     <role:SEQUENCE rdf:resource="#V142940" />
<     <role:SEQUENCE1 rdf:resource="#V142971" />
<     <role:OPERATOR>AND</role:OPERATOR>
<     <LF:start>2</LF:start>
<     <LF:end>31</LF:end>
<   </rdf:Description>
<   <rdf:Description rdf:ID="V142940">
<     <LF:indicator>F</LF:indicator>
<     <LF:type>MODIFIER</LF:type>
<     <LF:word>DARK-PUNC-MINUS-SKINNED</LF:word>
<     <role:FIGURE rdf:resource="#V142974" />
<     <LF:start>2</LF:start>
<     <LF:end>15</LF:end>
<     <role:WNSENSE>dark-skinned%5:00:00</role:WNSENSE>
<   </rdf:Description>
<   <rdf:Description rdf:ID="V142971">
<     <LF:indicator>F</LF:indicator>
<     <LF:type>MODIFIER</LF:type>
<     <LF:word>DARK-PUNC-MINUS-HAIRED</LF:word>
<     <role:FIGURE rdf:resource="#V142974" />
<     <LF:start>19</LF:start>
<     <LF:end>31</LF:end>
<     <role:WNSENSE>dark-haired%5:00:00</role:WNSENSE>
<   </rdf:Description>
< </rdf:RDF>
< </terms></utt><utt><words><lisp>(W::WITH W::TWO W::PIGTAILS)</lisp><word>WITH</word><word>TWO</word><word>PIGTAILS</word></words><tags><lisp>((WORD &quot;with&quot; :FRAME (36 40) :SENSE-INFO
<   ((:PENN-PARTS-OF-SPEECH (IN) :TRIPS-PARTS-OF-SPEECH (W::PREP W::ADV)))
<   :UTTNUM 29 :CHANNEL DESKTOP :DIRECTION INPUT)
<  (WORD &quot;two&quot; :FRAME (41 44) :SENSE-INFO
<   ((:PENN-PARTS-OF-SPEECH (CD) :TRIPS-PARTS-OF-SPEECH
<     (W::NUMBER W::NUMBER-UNIT)))
<   :UTTNUM 29 :CHANNEL DESKTOP :DIRECTION INPUT)
<  (WORD &quot;pigtails&quot; :FRAME (45 53) :SENSE-INFO
<   ((:PENN-PARTS-OF-SPEECH (NNS) :TRIPS-PARTS-OF-SPEECH (W::N))) :UTTNUM 29
<   :CHANNEL DESKTOP :DIRECTION INPUT)
<  (PREFER &quot;two pigtails&quot; :FRAME (41 53) :PENN-CATS (NP) :TRIPS-CATS (W::NP)
<   :SCORE 18.322 :UTTNUM 29 :CHANNEL DESKTOP :DIRECTION INPUT))</lisp><word lex="with" start="36" end="40"><sense-info penn-parts-of-speech="IN" trips-parts-of-speech="PREP,ADV" /></word><word lex="two" start="41" end="44"><sense-info penn-parts-of-speech="CD" trips-parts-of-speech="NUMBER,NUMBER-UNIT" /></word><word lex="pigtails" start="45" end="53"><sense-info penn-parts-of-speech="NNS" trips-parts-of-speech="N" /></word><prefer text="two pigtails" start="41" end="53" penn-cats="NP" score="18.322" /></tags><tree><lisp>(ADVBL (ADV WITH) (NP (N1 (ADJP (NUMBER TWO)) (N1 (N PIGTAILS)))))</lisp><ADVBL><ADV>WITH</ADV><NP><N1><ADJP><NUMBER>TWO</NUMBER></ADJP><N1><N>PIGTAILS</N></N1></N1></NP></ADVBL></tree><terms root="#V142978"><lisp>((ONT::F ONT::V142978 (:* ONT::ASSOC-WITH W::WITH) :GROUND ONT::V142994 :START
<   36 :END 54)
<  (ONT::INDEF-SET ONT::V142994 (:* ONT::NATURAL-OBJECT W::PIGTAILS) :SIZE
<   ONT::V142991 :START 41 :END 54)
<  (ONT::A ONT::V142991 ONT::NUMBER :VALUE 2 :START 41 :END 45))</lisp><rdf:RDF
<   xmlns:rdf="http://www.w3.org/1999/02/22-rdf-syntax-ns#"
<   xmlns:role="http://www.cs.rochester.edu/research/trips/role#"
<   xmlns:LF="http://www.cs.rochester.edu/research/trips/LF#">
<   <rdf:Description rdf:ID="V142978">
<     <LF:indicator>F</LF:indicator>
<     <LF:type>ASSOC-WITH</LF:type>
<     <LF:word>WITH</LF:word>
<     <role:GROUND rdf:resource="#V142994" />
<     <LF:start>36</LF:start>
<     <LF:end>54</LF:end>
<   </rdf:Description>
<   <rdf:Description rdf:ID="V142994">
<     <LF:indicator>INDEF-SET</LF:indicator>
<     <LF:type>NATURAL-OBJECT</LF:type>
<     <LF:word>PIGTAILS</LF:word>
<     <role:SIZE rdf:resource="#V142991" />
<     <LF:start>41</LF:start>
<     <LF:end>54</LF:end>
<   </rdf:Description>
<   <rdf:Description rdf:ID="V142991">
<     <LF:indicator>A</LF:indicator>
<     <LF:type>NUMBER</LF:type>
<     <role:VALUE>2</role:VALUE>
<     <LF:start>41</LF:start>
<     <LF:end>45</LF:end>
<   </rdf:Description>
< </rdf:RDF>
< </terms></utt><utt><words><lisp>(W::WEARING W::A W::GREY W::PULLOVER W::WITH W::A W::PINK W::NAMETAG)</lisp><word>WEARING</word><word>A</word><word>GREY</word><word>PULLOVER</word><word>WITH</word><word>A</word><word>PINK</word><word>NAMETAG</word></words><tags><lisp>((WORD &quot;wearing&quot; :FRAME (54 61) :SENSE-INFO
<   ((:PENN-PARTS-OF-SPEECH (VBG) :TRIPS-PARTS-OF-SPEECH (W::V))) :UTTNUM 29
<   :CHANNEL DESKTOP :DIRECTION INPUT)
<  (WORD &quot;a&quot; :FRAME (62 63) :SENSE-INFO
<   ((:PENN-PARTS-OF-SPEECH (DT) :TRIPS-PARTS-OF-SPEECH (W::ART W::QUAN W::PRO)))
<   :UTTNUM 29 :CHANNEL DESKTOP :DIRECTION INPUT)
<  (WORD &quot;grey&quot; :FRAME (64 68) :SENSE-INFO
<   ((:PENN-PARTS-OF-SPEECH (NN JJ) :TRIPS-PARTS-OF-SPEECH (W::N W::ADJ)
<     :ALTERNATE-SPELLINGS (&quot;gray&quot;)))
<   :UTTNUM 29 :CHANNEL DESKTOP :DIRECTION INPUT)
<  (WORD &quot;pullover&quot; :FRAME (69 77) :SENSE-INFO
<   ((:PENN-PARTS-OF-SPEECH (NN) :TRIPS-PARTS-OF-SPEECH (W::N))) :UTTNUM 29
<   :CHANNEL DESKTOP :DIRECTION INPUT)
<  (PREFER &quot;a grey pullover&quot; :FRAME (62 77) :PENN-CATS (NP) :TRIPS-CATS (W::NP)
<   :SCORE 25.465 :UTTNUM 29 :CHANNEL DESKTOP :DIRECTION INPUT)
<  (WORD &quot;with&quot; :FRAME (78 82) :SENSE-INFO
<   ((:PENN-PARTS-OF-SPEECH (IN) :TRIPS-PARTS-OF-SPEECH (W::PREP W::ADV)))
<   :UTTNUM 29 :CHANNEL DESKTOP :DIRECTION INPUT)
<  (WORD &quot;a&quot; :FRAME (83 84) :SENSE-INFO
<   ((:PENN-PARTS-OF-SPEECH (DT) :TRIPS-PARTS-OF-SPEECH (W::ART W::QUAN W::PRO)))
<   :UTTNUM 29 :CHANNEL DESKTOP :DIRECTION INPUT)
<  (WORD &quot;pink&quot; :FRAME (85 89) :SENSE-INFO
<   ((:PENN-PARTS-OF-SPEECH (JJ) :TRIPS-PARTS-OF-SPEECH (W::ADJ))) :UTTNUM 29
<   :CHANNEL DESKTOP :DIRECTION INPUT)
<  (WORD &quot;nametag&quot; :FRAME (90 97) :SENSE-INFO
<   ((:PENN-PARTS-OF-SPEECH (NN) :TRIPS-PARTS-OF-SPEECH (W::N))) :UTTNUM 29
<   :CHANNEL DESKTOP :DIRECTION INPUT)
<  (PREFER &quot;a pink nametag&quot; :FRAME (83 97) :PENN-CATS (NP) :TRIPS-CATS (W::NP)
<   :SCORE 29.01 :UTTNUM 29 :CHANNEL DESKTOP :DIRECTION INPUT)
<  (PREFER &quot;with a pink nametag&quot; :FRAME (78 97) :PENN-CATS (PP) :TRIPS-CATS
<   (W::PP) :SCORE 32.277 :UTTNUM 29 :CHANNEL DESKTOP :DIRECTION INPUT)
<  (PREFER &quot;wearing a grey pullover with a pink nametag&quot; :FRAME (54 97)
<   :PENN-CATS (VP) :TRIPS-CATS (W::VP) :SCORE 67.45 :UTTNUM 29 :CHANNEL DESKTOP
<   :DIRECTION INPUT)
<  (PREFER &quot;two pigtails wearing a grey pullover with a pink nametag&quot; :FRAME
<   (41 97) :PENN-CATS (NP) :TRIPS-CATS (W::NP) :SCORE 88.81 :UTTNUM 29 :CHANNEL
<   DESKTOP :DIRECTION INPUT)
<  (PREFER &quot;with two pigtails wearing a grey pullover with a pink nametag&quot; :FRAME
<   (36 97) :PENN-CATS (PP) :TRIPS-CATS (W::PP) :SCORE 92.869 :UTTNUM 29 :CHANNEL
<   DESKTOP :DIRECTION INPUT)
<  (PREFER
<   &quot;a dark-skinned and dark-haired girl with two pigtails wearing a grey pullover with a pink nametag&quot;
<   :FRAME (0 97) :PENN-CATS (NP) :TRIPS-CATS (W::NP) :SCORE 135.91 :UTTNUM 29
<   :CHANNEL DESKTOP :DIRECTION INPUT))</lisp><word lex="wearing" start="54" end="61"><sense-info penn-parts-of-speech="VBG" trips-parts-of-speech="V" /></word><word lex="a" start="62" end="63"><sense-info penn-parts-of-speech="DT" trips-parts-of-speech="ART,QUAN,PRO" /></word><word lex="grey" start="64" end="68"><sense-info penn-parts-of-speech="NN,JJ" trips-parts-of-speech="N,ADJ" alternate-spellings="gray" /></word><word lex="pullover" start="69" end="77"><sense-info penn-parts-of-speech="NN" trips-parts-of-speech="N" /></word><prefer text="a grey pullover" start="62" end="77" penn-cats="NP" score="25.465" /><word lex="with" start="78" end="82"><sense-info penn-parts-of-speech="IN" trips-parts-of-speech="PREP,ADV" /></word><word lex="a" start="83" end="84"><sense-info penn-parts-of-speech="DT" trips-parts-of-speech="ART,QUAN,PRO" /></word><word lex="pink" start="85" end="89"><sense-info penn-parts-of-speech="JJ" trips-parts-of-speech="ADJ" /></word><word lex="nametag" start="90" end="97"><sense-info penn-parts-of-speech="NN" trips-parts-of-speech="N" /></word><prefer text="a pink nametag" start="83" end="97" penn-cats="NP" score="29.01" /><prefer text="with a pink nametag" start="78" end="97" penn-cats="PP" score="32.277" /><prefer text="wearing a grey pullover with a pink nametag" start="54" end="97" penn-cats="VP" score="67.45" /><prefer text="two pigtails wearing a grey pullover with a pink nametag" start="41" end="97" penn-cats="NP" score="88.81" /><prefer text="with two pigtails wearing a grey pullover with a pink nametag" start="36" end="97" penn-cats="PP" score="92.869" /><prefer text="a dark-skinned and dark-haired girl with two pigtails wearing a grey pullover with a pink nametag" start="0" end="97" penn-cats="NP" score="135.91" /></tags><tree><lisp>(VP
<  (VP-
<   (VP- (V WEARING)
<    (NP (SPEC (DET (ART A))) (N1 (ADJP (ADJ1 (ADJ GREY))) (N1 (N PULLOVER)))))
<   (ADVBL (ADV WITH)
<    (NP (SPEC (DET (ART A))) (N1 (ADJP (ADJ1 (ADJ PINK))) (N1 (N NAMETAG)))))))</lisp><VP><VP-><VP-><V>WEARING</V><NP><SPEC><DET><ART>A</ART></DET></SPEC><N1><ADJP><ADJ1><ADJ>GREY</ADJ></ADJ1></ADJP><N1><N>PULLOVER</N></N1></N1></NP></VP-><ADVBL><ADV>WITH</ADV><NP><SPEC><DET><ART>A</ART></DET></SPEC><N1><ADJP><ADJ1><ADJ>PINK</ADJ></ADJ1></ADJP><N1><N>NAMETAG</N></N1></N1></NP></ADVBL></VP-></VP></tree><terms root="#V143000"><lisp>((ONT::F ONT::V143000 (:* ONT::WEAR W::WEAR) :NEUTRAL ONT::V143057 :AGENT1
<   ONT::V143066 :VFORM W::ING :START 54 :END 98)
<  (ONT::A ONT::V143057 (:* ONT::ATTIRE W::PULLOVER) :MOD ONT::V143047 :START 62
<   :END 78)
<  (ONT::F ONT::V143047 (:* ONT::GRAY W::GREY) :FIGURE ONT::V143057 :SCALE
<   ONT::GREYNESS*1--07--00 :START 64 :END 69)
<  (ONT::F ONT::V143066 (:* ONT::ACCOMPANIMENT W::WITH) :GROUND ONT::V143126
<   :FIGURE ONT::V143000 :START 78 :END 98)
<  (ONT::A ONT::V143126 (:* ONT::REFERENTIAL-SEM W::NAMETAG) :MOD ONT::V143117
<   :START 83 :END 98)
<  (ONT::F ONT::V143117 (:* ONT::PINK W::PINK) :FIGURE ONT::V143126 :SCALE
<   ONT::PINK*1--07--00 :START 85 :END 90))</lisp><rdf:RDF
<   xmlns:rdf="http://www.w3.org/1999/02/22-rdf-syntax-ns#"
<   xmlns:role="http://www.cs.rochester.edu/research/trips/role#"
<   xmlns:LF="http://www.cs.rochester.edu/research/trips/LF#">
<   <rdf:Description rdf:ID="V143000">
<     <LF:indicator>F</LF:indicator>
<     <LF:type>WEAR</LF:type>
<     <LF:word>WEAR</LF:word>
<     <role:NEUTRAL rdf:resource="#V143057" />
<     <role:AGENT1 rdf:resource="#V143066" />
<     <role:VFORM>ING</role:VFORM>
<     <LF:start>54</LF:start>
<     <LF:end>98</LF:end>
<   </rdf:Description>
<   <rdf:Description rdf:ID="V143057">
<     <LF:indicator>A</LF:indicator>
<     <LF:type>ATTIRE</LF:type>
<     <LF:word>PULLOVER</LF:word>
<     <role:MOD rdf:resource="#V143047" />
<     <LF:start>62</LF:start>
<     <LF:end>78</LF:end>
<   </rdf:Description>
<   <rdf:Description rdf:ID="V143047">
<     <LF:indicator>F</LF:indicator>
<     <LF:type>GRAY</LF:type>
<     <LF:word>GREY</LF:word>
<     <role:FIGURE rdf:resource="#V143057" />
<     <role:SCALE>GREYNESS*1--07--00</role:SCALE>
<     <LF:start>64</LF:start>
<     <LF:end>69</LF:end>
<   </rdf:Description>
<   <rdf:Description rdf:ID="V143066">
<     <LF:indicator>F</LF:indicator>
<     <LF:type>ACCOMPANIMENT</LF:type>
<     <LF:word>WITH</LF:word>
<     <role:GROUND rdf:resource="#V143126" />
<     <role:FIGURE rdf:resource="#V143000" />
<     <LF:start>78</LF:start>
<     <LF:end>98</LF:end>
<   </rdf:Description>
<   <rdf:Description rdf:ID="V143126">
<     <LF:indicator>A</LF:indicator>
<     <LF:type>REFERENTIAL-SEM</LF:type>
<     <LF:word>NAMETAG</LF:word>
<     <role:MOD rdf:resource="#V143117" />
<     <LF:start>83</LF:start>
<     <LF:end>98</LF:end>
<   </rdf:Description>
<   <rdf:Description rdf:ID="V143117">
<     <LF:indicator>F</LF:indicator>
<     <LF:type>PINK</LF:type>
<     <LF:word>PINK</LF:word>
<     <role:FIGURE rdf:resource="#V143126" />
<     <role:SCALE>PINK*1--07--00</role:SCALE>
<     <LF:start>85</LF:start>
<     <LF:end>90</LF:end>
<   </rdf:Description>
< </rdf:RDF>
< </terms></utt><utt><words><lisp>(W::IS W::STANDING W::IN W::FRONT W::OF W::ALL W::THE W::DESKS W::IN W::A
<  W::CLASSROOM W::PUNC-PERIOD)</lisp><word>IS</word><word>STANDING</word><word>IN</word><word>FRONT</word><word>OF</word><word>ALL</word><word>THE</word><word>DESKS</word><word>IN</word><word>A</word><word>CLASSROOM</word><word>PUNC-PERIOD</word></words><tags><lisp>((WORD &quot;is&quot; :FRAME (98 100) :SENSE-INFO
<   ((:PENN-PARTS-OF-SPEECH (VBZ) :TRIPS-PARTS-OF-SPEECH (W::V))) :UTTNUM 29
<   :CHANNEL DESKTOP :DIRECTION INPUT)
<  (WORD &quot;standing&quot; :FRAME (101 109) :SENSE-INFO
<   ((:PENN-PARTS-OF-SPEECH (VBG) :TRIPS-PARTS-OF-SPEECH (W::V))) :UTTNUM 29
<   :CHANNEL DESKTOP :DIRECTION INPUT)
<  (WORD &quot;in&quot; :FRAME (110 112) :SENSE-INFO
<   ((:PENN-PARTS-OF-SPEECH (IN) :TRIPS-PARTS-OF-SPEECH (W::PREP W::ADV)))
<   :UTTNUM 29 :CHANNEL DESKTOP :DIRECTION INPUT)
<  (WORD &quot;standing in&quot; :FRAME (101 112) :SENSE-INFO
<   ((:PENN-PARTS-OF-SPEECH (VBG) :TRIPS-PARTS-OF-SPEECH (W::V) :WN-SENSE-KEYS
<     (&quot;stand_in%2:40:00&quot;)))
<   :UTTNUM 29 :CHANNEL DESKTOP :DIRECTION INPUT)
<  (WORD &quot;front&quot; :FRAME (113 118) :SENSE-INFO
<   ((:PENN-PARTS-OF-SPEECH (NN) :TRIPS-PARTS-OF-SPEECH (W::N))) :UTTNUM 29
<   :CHANNEL DESKTOP :DIRECTION INPUT)
<  (PREFER &quot;front&quot; :FRAME (113 118) :PENN-CATS (NP) :TRIPS-CATS (W::NP) :SCORE
<   10.944 :UTTNUM 29 :CHANNEL DESKTOP :DIRECTION INPUT)
<  (WORD &quot;in front&quot; :FRAME (110 118) :SENSE-INFO
<   ((:PENN-PARTS-OF-SPEECH (RB) :TRIPS-PARTS-OF-SPEECH (W::ADV) :WN-SENSE-KEYS
<     (&quot;in_front%4:02:00&quot;)))
<   :UTTNUM 29 :CHANNEL DESKTOP :DIRECTION INPUT)
<  (WORD &quot;of&quot; :FRAME (119 121) :SENSE-INFO
<   ((:PENN-PARTS-OF-SPEECH (IN) :TRIPS-PARTS-OF-SPEECH (W::PREP W::ADV)))
<   :UTTNUM 29 :CHANNEL DESKTOP :DIRECTION INPUT)
<  (WORD &quot;all&quot; :FRAME (122 125) :SENSE-INFO
<   ((:PENN-PARTS-OF-SPEECH (DT PDT) :TRIPS-PARTS-OF-SPEECH
<     (W::ART W::QUAN W::PRO)))
<   :UTTNUM 29 :CHANNEL DESKTOP :DIRECTION INPUT)
<  (WORD &quot;the&quot; :FRAME (126 129) :SENSE-INFO
<   ((:PENN-PARTS-OF-SPEECH (DT) :TRIPS-PARTS-OF-SPEECH (W::ART W::QUAN W::PRO)))
<   :UTTNUM 29 :CHANNEL DESKTOP :DIRECTION INPUT)
<  (WORD &quot;desks&quot; :FRAME (130 135) :SENSE-INFO
<   ((:PENN-PARTS-OF-SPEECH (NNS) :TRIPS-PARTS-OF-SPEECH (W::N))) :UTTNUM 29
<   :CHANNEL DESKTOP :DIRECTION INPUT)
<  (PREFER &quot;all the desks&quot; :FRAME (122 135) :PENN-CATS (NP) :TRIPS-CATS (W::NP)
<   :SCORE 18.022 :UTTNUM 29 :CHANNEL DESKTOP :DIRECTION INPUT)
<  (WORD &quot;in&quot; :FRAME (136 138) :SENSE-INFO
<   ((:PENN-PARTS-OF-SPEECH (IN) :TRIPS-PARTS-OF-SPEECH (W::PREP W::ADV)))
<   :UTTNUM 29 :CHANNEL DESKTOP :DIRECTION INPUT)
<  (WORD &quot;a&quot; :FRAME (139 140) :SENSE-INFO
<   ((:PENN-PARTS-OF-SPEECH (DT) :TRIPS-PARTS-OF-SPEECH (W::ART W::QUAN W::PRO)))
<   :UTTNUM 29 :CHANNEL DESKTOP :DIRECTION INPUT)
<  (WORD &quot;classroom&quot; :FRAME (141 150) :SENSE-INFO
<   ((:PENN-PARTS-OF-SPEECH (NN) :TRIPS-PARTS-OF-SPEECH (W::N))) :UTTNUM 29
<   :CHANNEL DESKTOP :DIRECTION INPUT)
<  (PREFER &quot;a classroom&quot; :FRAME (139 150) :PENN-CATS (NP) :TRIPS-CATS (W::NP)
<   :SCORE 13.862 :UTTNUM 29 :CHANNEL DESKTOP :DIRECTION INPUT)
<  (PREFER &quot;in a classroom&quot; :FRAME (136 150) :PENN-CATS (PP) :TRIPS-CATS (W::PP)
<   :SCORE 16.114 :UTTNUM 29 :CHANNEL DESKTOP :DIRECTION INPUT)
<  (PREFER &quot;all the desks in a classroom&quot; :FRAME (122 150) :PENN-CATS (NP)
<   :TRIPS-CATS (W::NP) :SCORE 34.677 :UTTNUM 29 :CHANNEL DESKTOP :DIRECTION
<   INPUT)
<  (PREFER &quot;of all the desks in a classroom&quot; :FRAME (119 150) :PENN-CATS (PP)
<   :TRIPS-CATS (W::PP) :SCORE 37.089 :UTTNUM 29 :CHANNEL DESKTOP :DIRECTION
<   INPUT)
<  (PREFER &quot;front of all the desks in a classroom&quot; :FRAME (113 150) :PENN-CATS
<   (NP) :TRIPS-CATS (W::NP) :SCORE 48.574 :UTTNUM 29 :CHANNEL DESKTOP :DIRECTION
<   INPUT)
<  (PREFER &quot;in front of all the desks in a classroom&quot; :FRAME (110 150) :PENN-CATS
<   (PP) :TRIPS-CATS (W::PP) :SCORE 51.782 :UTTNUM 29 :CHANNEL DESKTOP :DIRECTION
<   INPUT)
<  (PREFER &quot;standing in front of all the desks in a classroom&quot; :FRAME (101 150)
<   :PENN-CATS (VP) :TRIPS-CATS (W::VP) :SCORE 60.956 :UTTNUM 29 :CHANNEL DESKTOP
<   :DIRECTION INPUT)
<  (PREFER &quot;is standing in front of all the desks in a classroom&quot; :FRAME (98 150)
<   :PENN-CATS (VP) :TRIPS-CATS (W::VP) :SCORE 65.217 :UTTNUM 29 :CHANNEL DESKTOP
<   :DIRECTION INPUT)
<  (WORD &quot;.&quot; :FRAME (151 151) :SENSE-INFO
<   ((:PENN-PARTS-OF-SPEECH (FULL_STOP) :TRIPS-PARTS-OF-SPEECH (W::PUNC)))
<   :UTTNUM 29 :CHANNEL DESKTOP :DIRECTION INPUT)
<  (PREFER
<   &quot;a dark-skinned and dark-haired girl with two pigtails wearing a grey pullover with a pink nametag is standing in front of all the desks in a classroom .&quot;
<   :FRAME (0 151) :PENN-CATS (S) :SCORE 205.04 :UTTNUM 29 :CHANNEL DESKTOP
<   :DIRECTION INPUT))</lisp><word lex="is" start="98" end="100"><sense-info penn-parts-of-speech="VBZ" trips-parts-of-speech="V" /></word><word lex="standing" start="101" end="109"><sense-info penn-parts-of-speech="VBG" trips-parts-of-speech="V" /></word><word lex="in" start="110" end="112"><sense-info penn-parts-of-speech="IN" trips-parts-of-speech="PREP,ADV" /></word><word lex="standing in" start="101" end="112"><sense-info penn-parts-of-speech="VBG" trips-parts-of-speech="V" wn-sense-keys="stand_in%2:40:00" /></word><word lex="front" start="113" end="118"><sense-info penn-parts-of-speech="NN" trips-parts-of-speech="N" /></word><prefer text="front" start="113" end="118" penn-cats="NP" score="10.944" /><word lex="in front" start="110" end="118"><sense-info penn-parts-of-speech="RB" trips-parts-of-speech="ADV" wn-sense-keys="in_front%4:02:00" /></word><word lex="of" start="119" end="121"><sense-info penn-parts-of-speech="IN" trips-parts-of-speech="PREP,ADV" /></word><word lex="all" start="122" end="125"><sense-info penn-parts-of-speech="DT,PDT" trips-parts-of-speech="ART,QUAN,PRO" /></word><word lex="the" start="126" end="129"><sense-info penn-parts-of-speech="DT" trips-parts-of-speech="ART,QUAN,PRO" /></word><word lex="desks" start="130" end="135"><sense-info penn-parts-of-speech="NNS" trips-parts-of-speech="N" /></word><prefer text="all the desks" start="122" end="135" penn-cats="NP" score="18.022" /><word lex="in" start="136" end="138"><sense-info penn-parts-of-speech="IN" trips-parts-of-speech="PREP,ADV" /></word><word lex="a" start="139" end="140"><sense-info penn-parts-of-speech="DT" trips-parts-of-speech="ART,QUAN,PRO" /></word><word lex="classroom" start="141" end="150"><sense-info penn-parts-of-speech="NN" trips-parts-of-speech="N" /></word><prefer text="a classroom" start="139" end="150" penn-cats="NP" score="13.862" /><prefer text="in a classroom" start="136" end="150" penn-cats="PP" score="16.114" /><prefer text="all the desks in a classroom" start="122" end="150" penn-cats="NP" score="34.677" /><prefer text="of all the desks in a classroom" start="119" end="150" penn-cats="PP" score="37.089" /><prefer text="front of all the desks in a classroom" start="113" end="150" penn-cats="NP" score="48.574" /><prefer text="in front of all the desks in a classroom" start="110" end="150" penn-cats="PP" score="51.782" /><prefer text="standing in front of all the desks in a classroom" start="101" end="150" penn-cats="VP" score="60.956" /><prefer text="is standing in front of all the desks in a classroom" start="98" end="150" penn-cats="VP" score="65.217" /><word lex="." start="151" end="151"><sense-info penn-parts-of-speech="FULL_STOP" trips-parts-of-speech="PUNC" /></word><prefer text="a dark-skinned and dark-haired girl with two pigtails wearing a grey pullover with a pink nametag is standing in front of all the desks in a classroom ." start="0" end="151" penn-cats="S" score="205.04" /></tags><tree><lisp>(UTT
<  (UTT
<   (S (V IS) (NP (N1 (V STANDING IN)))
<    (NP
<     (N1 (N FRONT)
<      (PP (PREP OF)
<       (NP (SPEC (QUAN ALL))
<        (NP (SPEC (DET (ART THE)))
<         (N1 (N1 (N DESKS))
<          (ADVBL (ADV IN) (NP (SPEC (DET (ART A))) (N1 (N CLASSROOM))))))))))))
<  (PUNC PUNC-PERIOD))</lisp><UTT><UTT><S><V>IS</V><NP><N1><V>STANDING IN</V></N1></NP><NP><N1><N>FRONT</N><PP><PREP>OF</PREP><NP><SPEC><QUAN>ALL</QUAN></SPEC><NP><SPEC><DET><ART>THE</ART></DET></SPEC><N1><N1><N>DESKS</N></N1><ADVBL><ADV>IN</ADV><NP><SPEC><DET><ART>A</ART></DET></SPEC><N1><N>CLASSROOM</N></N1></NP></ADVBL></N1></NP></NP></PP></N1></NP></S></UTT><PUNC>PUNC-PERIOD</PUNC></UTT></tree><terms root="#V143997"><lisp>((ONT::SPEECHACT ONT::V143997 ONT::SA_YN-QUESTION :PUNCTYPE W::DECL :CONTENT
<   ONT::V143135 :START 98 :END 151)
<  (ONT::F ONT::V143135 (:* ONT::BE W::BE) :NEUTRAL ONT::V143218 :NEUTRAL1
<   ONT::V143222 :TENSE W::PRES :START 98 :END 151)
<  (ONT::BARE ONT::V143218 (:* ONT::EXCHANGE W::STANDING-IN) :START 101 :END 113
<   :WNSENSE &quot;stand_in%2:40:00&quot;)
<  (ONT::BARE ONT::V143222 (:* ONT::OBJECT-DEPENDENT-LOCATION W::FRONT) :FIGURE
<   ONT::V143477 :START 113 :END 151)
<  (ONT::QUANTIFIER ONT::V143477 (:* ONT::FURNISHINGS W::DESK) :REFSET
<   ONT::V143306 :QUAN ONT::UNIVERSAL :LOCATION ONT::V143313 :START 119 :END 151)
<  (ONT::THE-SET ONT::V143306 (:* ONT::FURNISHINGS W::DESK) :LOCATION
<   ONT::V143313 :START 126 :END 151)
<  (ONT::F ONT::V143313 (:* ONT::IN-LOC W::IN) :GROUND ONT::V143403 :FIGURE
<   ONT::V143306 :START 136 :END 151)
<  (ONT::A ONT::V143403 (:* ONT::INTERNAL-ENCLOSURE W::CLASSROOM) :START 139 :END
<   151))</lisp><rdf:RDF
<   xmlns:rdf="http://www.w3.org/1999/02/22-rdf-syntax-ns#"
<   xmlns:role="http://www.cs.rochester.edu/research/trips/role#"
<   xmlns:LF="http://www.cs.rochester.edu/research/trips/LF#">
<   <rdf:Description rdf:ID="V143997">
<     <LF:indicator>SPEECHACT</LF:indicator>
<     <LF:type>SA_YN-QUESTION</LF:type>
<     <role:PUNCTYPE>DECL</role:PUNCTYPE>
<     <role:CONTENT rdf:resource="#V143135" />
<     <LF:start>98</LF:start>
<     <LF:end>151</LF:end>
<   </rdf:Description>
<   <rdf:Description rdf:ID="V143135">
<     <LF:indicator>F</LF:indicator>
<     <LF:type>BE</LF:type>
<     <LF:word>BE</LF:word>
<     <role:NEUTRAL rdf:resource="#V143218" />
<     <role:NEUTRAL1 rdf:resource="#V143222" />
<     <role:TENSE>PRES</role:TENSE>
<     <LF:start>98</LF:start>
<     <LF:end>151</LF:end>
<   </rdf:Description>
<   <rdf:Description rdf:ID="V143218">
<     <LF:indicator>BARE</LF:indicator>
<     <LF:type>EXCHANGE</LF:type>
<     <LF:word>STANDING-IN</LF:word>
<     <LF:start>101</LF:start>
<     <LF:end>113</LF:end>
<     <role:WNSENSE>stand_in%2:40:00</role:WNSENSE>
<   </rdf:Description>
<   <rdf:Description rdf:ID="V143222">
<     <LF:indicator>BARE</LF:indicator>
<     <LF:type>OBJECT-DEPENDENT-LOCATION</LF:type>
<     <LF:word>FRONT</LF:word>
<     <role:FIGURE rdf:resource="#V143477" />
<     <LF:start>113</LF:start>
<     <LF:end>151</LF:end>
<   </rdf:Description>
<   <rdf:Description rdf:ID="V143477">
<     <LF:indicator>QUANTIFIER</LF:indicator>
<     <LF:type>FURNISHINGS</LF:type>
<     <LF:word>DESK</LF:word>
<     <role:REFSET rdf:resource="#V143306" />
<     <role:QUAN>UNIVERSAL</role:QUAN>
<     <role:LOCATION rdf:resource="#V143313" />
<     <LF:start>119</LF:start>
<     <LF:end>151</LF:end>
<   </rdf:Description>
<   <rdf:Description rdf:ID="V143306">
<     <LF:indicator>THE-SET</LF:indicator>
<     <LF:type>FURNISHINGS</LF:type>
<     <LF:word>DESK</LF:word>
<     <role:LOCATION rdf:resource="#V143313" />
<     <LF:start>126</LF:start>
<     <LF:end>151</LF:end>
<   </rdf:Description>
<   <rdf:Description rdf:ID="V143313">
<     <LF:indicator>F</LF:indicator>
<     <LF:type>IN-LOC</LF:type>
<     <LF:word>IN</LF:word>
<     <role:GROUND rdf:resource="#V143403" />
<     <role:FIGURE rdf:resource="#V143306" />
<     <LF:start>136</LF:start>
<     <LF:end>151</LF:end>
<   </rdf:Description>
<   <rdf:Description rdf:ID="V143403">
<     <LF:indicator>A</LF:indicator>
<     <LF:type>INTERNAL-ENCLOSURE</LF:type>
<     <LF:word>CLASSROOM</LF:word>
<     <LF:start>139</LF:start>
<     <LF:end>151</LF:end>
<   </rdf:Description>
< </rdf:RDF>
< </terms></utt></compound-communication-act>
< </trips-parser-output>
\ No newline at end of file
---
> <SpRL>
>  <SCENE>
>   <SENTENCE id="s1" indicator="A" type="FEMALE-CHILD" text="GIRL" start="0" end="36">
>    <TEXT>a dark-skinned and dark-haired girl w</TEXT>
>    <RELATION id="1" head="V142974" res="V147147" label="MOD"/>
>    <PHRASE id="V147147" indicator="F" type="MODIFIER" OPERATOR="AND" start="2" end="31"/>
>    <RELATION id="2" head="V147147" res="V142940" label="SEQUENCE"/>
>    <RELATION id="3" head="V147147" res="V142971" label="SEQUENCE1"/>
>    <PHRASE id="V142940" indicator="F" type="MODIFIER" text="DARK-PUNC-MINUS-SKINNED" start="2" end="15" WNSENSE="dark-skinned%5:00:00"/>
>    <RELATION id="4" head="V142940" res="V142974" label="FIGURE"/>
>    <PHRASE id="V142971" indicator="F" type="MODIFIER" text="DARK-PUNC-MINUS-HAIRED" start="19" end="31" WNSENSE="dark-haired%5:00:00"/>
>    <RELATION id="5" head="V142971" res="V142974" label="FIGURE"/>
>   </SENTENCE>
>   <SENTENCE id="s2" indicator="F" type="ASSOC-WITH" text="WITH" start="36" end="54">
>    <TEXT>with two pigtails w</TEXT>
>    <RELATION id="6" head="V142978" res="V142994" label="GROUND"/>
>    <PHRASE id="V142994" indicator="INDEF-SET" type="NATURAL-OBJECT" text="PIGTAILS" start="41" end="54"/>
>    <RELATION id="7" head="V142994" res="V142991" label="SIZE"/>
>    <PHRASE id="V142991" indicator="A" type="NUMBER" VALUE="2" start="41" end="45"/>
>   </SENTENCE>
>   <SENTENCE id="s3" indicator="F" type="WEAR" text="WEAR" VFORM="ING" start="54" end="98">
>    <TEXT>wearing a grey pullover with a pink nametag i</TEXT>
>    <RELATION id="8" head="V143000" res="V143057" label="NEUTRAL"/>
>    <RELATION id="9" head="V143000" res="V143066" label="AGENT1"/>
>    <PHRASE id="V143057" indicator="A" type="ATTIRE" text="PULLOVER" start="62" end="78"/>
>    <RELATION id="10" head="V143057" res="V143047" label="MOD"/>
>    <PHRASE id="V143047" indicator="F" type="GRAY" text="GREY" SCALE="GREYNESS*1--07--00" start="64" end="69"/>
>    <RELATION id="11" head="V143047" res="V143057" label="FIGURE"/>
>    <PHRASE id="V143066" indicator="F" type="ACCOMPANIMENT" text="WITH" start="78" end="98"/>
>    <RELATION id="12" head="V143066" res="V143126" label="GROUND"/>
>    <RELATION id="13" head="V143066" res="V143000" label="FIGURE"/>
>    <PHRASE id="V143126" indicator="A" type="REFERENTIAL-SEM" text="NAMETAG" start="83" end="98"/>
>    <RELATION id="14" head="V143126" res="V143117" label="MOD"/>
>    <PHRASE id="V143117" indicator="F" type="PINK" text="PINK" SCALE="PINK*1--07--00" start="85" end="90"/>
>    <RELATION id="15" head="V143117" res="V143126" label="FIGURE"/>
>   </SENTENCE>
>   <SENTENCE id="s4" indicator="SPEECHACT" type="SA_YN-QUESTION" PUNCTYPE="DECL" start="98" end="151">
>    <TEXT>is standing in front of all the desks in a classroom .</TEXT>
>    <RELATION id="16" head="V143997" res="V143135" label="CONTENT"/>
>    <PHRASE id="V143135" indicator="F" type="BE" text="BE" TENSE="PRES" start="98" end="151"/>
>    <RELATION id="17" head="V143135" res="V143218" label="NEUTRAL"/>
>    <RELATION id="18" head="V143135" res="V143222" label="NEUTRAL1"/>
>    <PHRASE id="V143218" indicator="BARE" type="EXCHANGE" text="STANDING-IN" start="101" end="113" WNSENSE="stand_in%2:40:00"/>
>    <PHRASE id="V143222" indicator="BARE" type="OBJECT-DEPENDENT-LOCATION" text="FRONT" start="113" end="151"/>
>    <RELATION id="19" head="V143222" res="V143477" label="FIGURE"/>
>    <PHRASE id="V143477" indicator="QUANTIFIER" type="FURNISHINGS" text="DESK" QUAN="UNIVERSAL" start="119" end="151"/>
>    <RELATION id="20" head="V143477" res="V143306" label="REFSET"/>
>    <RELATION id="21" head="V143477" res="V143313" label="LOCATION"/>
>    <PHRASE id="V143306" indicator="THE-SET" type="FURNISHINGS" text="DESK" start="126" end="151"/>
>    <RELATION id="22" head="V143306" res="V143313" label="LOCATION"/>
>    <PHRASE id="V143313" indicator="F" type="IN-LOC" text="IN" start="136" end="151"/>
>    <RELATION id="23" head="V143313" res="V143403" label="GROUND"/>
>    <RELATION id="24" head="V143313" res="V143306" label="FIGURE"/>
>    <PHRASE id="V143403" indicator="A" type="INTERNAL-ENCLOSURE" text="CLASSROOM" start="139" end="151"/>
>   </SENTENCE>
>  </SCENE>
> </SpRL>
