2,272c2,41
< <?xml-stylesheet type="text/xsl" href="../style/parser-interface.xsl"?>
< <!DOCTYPE trips-parser-output SYSTEM "../trips-parser-output.dtd">
< <trips-parser-output parser-build-date="2017-09-20T12:11:02-0500" system="STEP" extsformat="svg" tagsformat="hidden" treecontents="phrase" treeformat="LinGO" lfformat="svg" semantic-skeleton-scoring="T" rule-sets="" input="one worker is standing on rails , the other one is leaning against an unfinished brick wall .
< ">
< <debug>
< *last-utt-id*=NIL  utt-id+28
< *last-utt-id*=28  utt-id+NIL
< *last-utt-id*=NIL  utt-id+28
< *last-utt-id*=28  utt-id+NIL</debug><utt><words><lisp>(W::ONE W::WORKER W::IS W::STANDING W::ON W::RAILS W::PUNC-COMMA)</lisp><word>ONE</word><word>WORKER</word><word>IS</word><word>STANDING</word><word>ON</word><word>RAILS</word><word>PUNC-COMMA</word></words><tags><lisp>((WORD &quot;one&quot; :FRAME (0 3) :SENSE-INFO
<   ((:PENN-PARTS-OF-SPEECH (CD) :TRIPS-PARTS-OF-SPEECH
<     (W::NUMBER W::NUMBER-UNIT)))
<   :UTTNUM 28 :CHANNEL DESKTOP :DIRECTION INPUT)
<  (WORD &quot;worker&quot; :FRAME (4 10) :SENSE-INFO
<   ((:PENN-PARTS-OF-SPEECH (NN) :TRIPS-PARTS-OF-SPEECH (W::N))) :UTTNUM 28
<   :CHANNEL DESKTOP :DIRECTION INPUT)
<  (PREFER &quot;one worker&quot; :FRAME (0 10) :PENN-CATS (NP) :TRIPS-CATS (W::NP) :SCORE
<   17.559 :UTTNUM 28 :CHANNEL DESKTOP :DIRECTION INPUT)
<  (WORD &quot;is&quot; :FRAME (11 13) :SENSE-INFO
<   ((:PENN-PARTS-OF-SPEECH (VBZ) :TRIPS-PARTS-OF-SPEECH (W::V))) :UTTNUM 28
<   :CHANNEL DESKTOP :DIRECTION INPUT)
<  (WORD &quot;standing&quot; :FRAME (14 22) :SENSE-INFO
<   ((:PENN-PARTS-OF-SPEECH (VBG) :TRIPS-PARTS-OF-SPEECH (W::V))) :UTTNUM 28
<   :CHANNEL DESKTOP :DIRECTION INPUT)
<  (WORD &quot;on&quot; :FRAME (23 25) :SENSE-INFO
<   ((:PENN-PARTS-OF-SPEECH (IN) :TRIPS-PARTS-OF-SPEECH (W::PREP W::ADV)))
<   :UTTNUM 28 :CHANNEL DESKTOP :DIRECTION INPUT)
<  (WORD &quot;rails&quot; :FRAME (26 31) :SENSE-INFO
<   ((:PENN-PARTS-OF-SPEECH (NNS) :TRIPS-PARTS-OF-SPEECH (W::N))) :UTTNUM 28
<   :CHANNEL DESKTOP :DIRECTION INPUT)
<  (PREFER &quot;rails&quot; :FRAME (26 31) :PENN-CATS (NP) :TRIPS-CATS (W::NP) :SCORE
<   14.147 :UTTNUM 28 :CHANNEL DESKTOP :DIRECTION INPUT)
<  (PREFER &quot;on rails&quot; :FRAME (23 31) :PENN-CATS (PP) :TRIPS-CATS (W::PP) :SCORE
<   17.358 :UTTNUM 28 :CHANNEL DESKTOP :DIRECTION INPUT)
<  (PREFER &quot;standing on rails&quot; :FRAME (14 31) :PENN-CATS (VP) :TRIPS-CATS (W::VP)
<   :SCORE 26.532 :UTTNUM 28 :CHANNEL DESKTOP :DIRECTION INPUT)
<  (PREFER &quot;is standing on rails&quot; :FRAME (11 31) :PENN-CATS (VP) :TRIPS-CATS
<   (W::VP) :SCORE 30.793 :UTTNUM 28 :CHANNEL DESKTOP :DIRECTION INPUT)
<  (PREFER &quot;one worker is standing on rails&quot; :FRAME (0 31) :PENN-CATS (S) :SCORE
<   48.907 :UTTNUM 28 :CHANNEL DESKTOP :DIRECTION INPUT)
<  (WORD &quot;,&quot; :FRAME (32 32) :SENSE-INFO
<   ((:PENN-PARTS-OF-SPEECH (COMMA) :TRIPS-PARTS-OF-SPEECH (W::PUNC))) :UTTNUM 28
<   :CHANNEL DESKTOP :DIRECTION INPUT))</lisp><word lex="one" start="0" end="3"><sense-info penn-parts-of-speech="CD" trips-parts-of-speech="NUMBER,NUMBER-UNIT" /></word><word lex="worker" start="4" end="10"><sense-info penn-parts-of-speech="NN" trips-parts-of-speech="N" /></word><prefer text="one worker" start="0" end="10" penn-cats="NP" score="17.559" /><word lex="is" start="11" end="13"><sense-info penn-parts-of-speech="VBZ" trips-parts-of-speech="V" /></word><word lex="standing" start="14" end="22"><sense-info penn-parts-of-speech="VBG" trips-parts-of-speech="V" /></word><word lex="on" start="23" end="25"><sense-info penn-parts-of-speech="IN" trips-parts-of-speech="PREP,ADV" /></word><word lex="rails" start="26" end="31"><sense-info penn-parts-of-speech="NNS" trips-parts-of-speech="N" /></word><prefer text="rails" start="26" end="31" penn-cats="NP" score="14.147" /><prefer text="on rails" start="23" end="31" penn-cats="PP" score="17.358" /><prefer text="standing on rails" start="14" end="31" penn-cats="VP" score="26.532" /><prefer text="is standing on rails" start="11" end="31" penn-cats="VP" score="30.793" /><prefer text="one worker is standing on rails" start="0" end="31" penn-cats="S" score="48.907" /><word lex="," start="32" end="32"><sense-info penn-parts-of-speech="COMMA" trips-parts-of-speech="PUNC" /></word></tags><tree><lisp>(UTT
<  (UTT
<   (S (NP (SPEC (NUMBER ONE)) (N1 (N WORKER)))
<    (VP
<     (VP- (V IS)
<      (NP (N1 (N1 (V STANDING)) (ADVBL (ADV ON) (NP (N1 (N RAILS))))))))))
<  (PUNC PUNC-COMMA))</lisp><UTT><UTT><S><NP><SPEC><NUMBER>ONE</NUMBER></SPEC><N1><N>WORKER</N></N1></NP><VP><VP-><V>IS</V><NP><N1><N1><V>STANDING</V></N1><ADVBL><ADV>ON</ADV><NP><N1><N>RAILS</N></N1></NP></ADVBL></N1></NP></VP-></VP></S></UTT><PUNC>PUNC-COMMA</PUNC></UTT></tree><terms root="#V112718"><lisp>((ONT::SPEECHACT ONT::V112718 ONT::SA_TELL :CONTENT ONT::V112466 :START 0 :END
<   32)
<  (ONT::F ONT::V112466 (:* ONT::BE W::BE) :NEUTRAL ONT::V112457 :NEUTRAL1
<   ONT::V112483 :TENSE W::PRES :START 0 :END 32)
<  (ONT::A ONT::V112457 (:* ONT::PROFESSIONAL W::WORKER) :SIZE ONT::V112533
<   :START 0 :END 11)
<  (ONT::A ONT::V112533 ONT::NUMBER :VALUE 1 :START 0 :END 11)
<  (ONT::BARE ONT::V112483 (:* ONT::BE-AT-LOC W::STAND) :LOCATION ONT::V112493
<   :START 14 :END 32)
<  (ONT::F ONT::V112493 (:* ONT::ON W::ON) :GROUND ONT::V112516 :FIGURE
<   ONT::V112483 :START 23 :END 32)
<  (ONT::INDEF-SET ONT::V112516 (:* ONT::DRINKING-ESTABLISHMENT W::RAILS) :START
<   26 :END 32))</lisp><rdf:RDF
<   xmlns:rdf="http://www.w3.org/1999/02/22-rdf-syntax-ns#"
<   xmlns:role="http://www.cs.rochester.edu/research/trips/role#"
<   xmlns:LF="http://www.cs.rochester.edu/research/trips/LF#">
<   <rdf:Description rdf:ID="V112718">
<     <LF:indicator>SPEECHACT</LF:indicator>
<     <LF:type>SA_TELL</LF:type>
<     <role:CONTENT rdf:resource="#V112466" />
<     <LF:start>0</LF:start>
<     <LF:end>32</LF:end>
<   </rdf:Description>
<   <rdf:Description rdf:ID="V112466">
<     <LF:indicator>F</LF:indicator>
<     <LF:type>BE</LF:type>
<     <LF:word>BE</LF:word>
<     <role:NEUTRAL rdf:resource="#V112457" />
<     <role:NEUTRAL1 rdf:resource="#V112483" />
<     <role:TENSE>PRES</role:TENSE>
<     <LF:start>0</LF:start>
<     <LF:end>32</LF:end>
<   </rdf:Description>
<   <rdf:Description rdf:ID="V112457">
<     <LF:indicator>A</LF:indicator>
<     <LF:type>PROFESSIONAL</LF:type>
<     <LF:word>WORKER</LF:word>
<     <role:SIZE rdf:resource="#V112533" />
<     <LF:start>0</LF:start>
<     <LF:end>11</LF:end>
<   </rdf:Description>
<   <rdf:Description rdf:ID="V112533">
<     <LF:indicator>A</LF:indicator>
<     <LF:type>NUMBER</LF:type>
<     <role:VALUE>1</role:VALUE>
<     <LF:start>0</LF:start>
<     <LF:end>11</LF:end>
<   </rdf:Description>
<   <rdf:Description rdf:ID="V112483">
<     <LF:indicator>BARE</LF:indicator>
<     <LF:type>BE-AT-LOC</LF:type>
<     <LF:word>STAND</LF:word>
<     <role:LOCATION rdf:resource="#V112493" />
<     <LF:start>14</LF:start>
<     <LF:end>32</LF:end>
<   </rdf:Description>
<   <rdf:Description rdf:ID="V112493">
<     <LF:indicator>F</LF:indicator>
<     <LF:type>ON</LF:type>
<     <LF:word>ON</LF:word>
<     <role:GROUND rdf:resource="#V112516" />
<     <role:FIGURE rdf:resource="#V112483" />
<     <LF:start>23</LF:start>
<     <LF:end>32</LF:end>
<   </rdf:Description>
<   <rdf:Description rdf:ID="V112516">
<     <LF:indicator>INDEF-SET</LF:indicator>
<     <LF:type>DRINKING-ESTABLISHMENT</LF:type>
<     <LF:word>RAILS</LF:word>
<     <LF:start>26</LF:start>
<     <LF:end>32</LF:end>
<   </rdf:Description>
< </rdf:RDF>
< </terms></utt><utt><words><lisp>(W::THE W::OTHER W::ONE W::IS W::LEANING W::AGAINST W::AN W::UNFINISHED
<  W::BRICK W::WALL W::PUNC-PERIOD)</lisp><word>THE</word><word>OTHER</word><word>ONE</word><word>IS</word><word>LEANING</word><word>AGAINST</word><word>AN</word><word>UNFINISHED</word><word>BRICK</word><word>WALL</word><word>PUNC-PERIOD</word></words><tags><lisp>((WORD &quot;the&quot; :FRAME (34 37) :SENSE-INFO
<   ((:PENN-PARTS-OF-SPEECH (DT) :TRIPS-PARTS-OF-SPEECH (W::ART W::QUAN W::PRO)))
<   :UTTNUM 28 :CHANNEL DESKTOP :DIRECTION INPUT)
<  (WORD &quot;other&quot; :FRAME (38 43) :SENSE-INFO
<   ((:PENN-PARTS-OF-SPEECH (JJ) :TRIPS-PARTS-OF-SPEECH (W::ADJ))) :UTTNUM 28
<   :CHANNEL DESKTOP :DIRECTION INPUT)
<  (WORD &quot;one&quot; :FRAME (44 47) :SENSE-INFO
<   ((:PENN-PARTS-OF-SPEECH (CD NN) :TRIPS-PARTS-OF-SPEECH
<     (W::NUMBER W::NUMBER-UNIT W::N)))
<   :UTTNUM 28 :CHANNEL DESKTOP :DIRECTION INPUT)
<  (PREFER &quot;the other one&quot; :FRAME (34 47) :PENN-CATS (NP) :TRIPS-CATS (W::NP)
<   :SCORE 15.098 :UTTNUM 28 :CHANNEL DESKTOP :DIRECTION INPUT)
<  (WORD &quot;is&quot; :FRAME (48 50) :SENSE-INFO
<   ((:PENN-PARTS-OF-SPEECH (VBZ) :TRIPS-PARTS-OF-SPEECH (W::V))) :UTTNUM 28
<   :CHANNEL DESKTOP :DIRECTION INPUT)
<  (WORD &quot;leaning&quot; :FRAME (51 58) :SENSE-INFO
<   ((:PENN-PARTS-OF-SPEECH (VBG) :TRIPS-PARTS-OF-SPEECH (W::V))) :UTTNUM 28
<   :CHANNEL DESKTOP :DIRECTION INPUT)
<  (WORD &quot;against&quot; :FRAME (59 66) :SENSE-INFO
<   ((:PENN-PARTS-OF-SPEECH (IN) :TRIPS-PARTS-OF-SPEECH (W::PREP W::ADV)))
<   :UTTNUM 28 :CHANNEL DESKTOP :DIRECTION INPUT)
<  (WORD &quot;leaning against&quot; :FRAME (51 66) :SENSE-INFO
<   ((:PENN-PARTS-OF-SPEECH (VBG) :TRIPS-PARTS-OF-SPEECH (W::V) :WN-SENSE-KEYS
<     (&quot;lean_against%2:35:00&quot;)))
<   :UTTNUM 28 :CHANNEL DESKTOP :DIRECTION INPUT)
<  (WORD &quot;an&quot; :FRAME (67 69) :SENSE-INFO
<   ((:PENN-PARTS-OF-SPEECH (DT) :TRIPS-PARTS-OF-SPEECH (W::ART W::QUAN W::PRO)))
<   :UTTNUM 28 :CHANNEL DESKTOP :DIRECTION INPUT)
<  (WORD &quot;unfinished&quot; :FRAME (70 80) :SENSE-INFO
<   ((:PENN-PARTS-OF-SPEECH (JJ) :TRIPS-PARTS-OF-SPEECH (W::ADJ))) :UTTNUM 28
<   :CHANNEL DESKTOP :DIRECTION INPUT)
<  (WORD &quot;brick&quot; :FRAME (81 86) :SENSE-INFO
<   ((:PENN-PARTS-OF-SPEECH (NN) :TRIPS-PARTS-OF-SPEECH (W::N))) :UTTNUM 28
<   :CHANNEL DESKTOP :DIRECTION INPUT)
<  (WORD &quot;wall&quot; :FRAME (87 91) :SENSE-INFO
<   ((:PENN-PARTS-OF-SPEECH (NN) :TRIPS-PARTS-OF-SPEECH (W::N))) :UTTNUM 28
<   :CHANNEL DESKTOP :DIRECTION INPUT)
<  (PREFER &quot;an unfinished brick wall&quot; :FRAME (67 91) :PENN-CATS (NP) :TRIPS-CATS
<   (W::NP) :SCORE 37.629 :UTTNUM 28 :CHANNEL DESKTOP :DIRECTION INPUT)
<  (PREFER &quot;against an unfinished brick wall&quot; :FRAME (59 91) :PENN-CATS (PP)
<   :TRIPS-CATS (W::PP) :SCORE 43.278 :UTTNUM 28 :CHANNEL DESKTOP :DIRECTION
<   INPUT)
<  (PREFER &quot;leaning against an unfinished brick wall&quot; :FRAME (51 91) :PENN-CATS
<   (VP) :TRIPS-CATS (W::VP) :SCORE 53.672 :UTTNUM 28 :CHANNEL DESKTOP :DIRECTION
<   INPUT)
<  (PREFER &quot;is leaning against an unfinished brick wall&quot; :FRAME (48 91)
<   :PENN-CATS (VP) :TRIPS-CATS (W::VP) :SCORE 57.932 :UTTNUM 28 :CHANNEL DESKTOP
<   :DIRECTION INPUT)
<  (WORD &quot;.&quot; :FRAME (92 92) :SENSE-INFO
<   ((:PENN-PARTS-OF-SPEECH (FULL_STOP) :TRIPS-PARTS-OF-SPEECH (W::PUNC)))
<   :UTTNUM 28 :CHANNEL DESKTOP :DIRECTION INPUT))</lisp><word lex="the" start="34" end="37"><sense-info penn-parts-of-speech="DT" trips-parts-of-speech="ART,QUAN,PRO" /></word><word lex="other" start="38" end="43"><sense-info penn-parts-of-speech="JJ" trips-parts-of-speech="ADJ" /></word><word lex="one" start="44" end="47"><sense-info penn-parts-of-speech="CD,NN" trips-parts-of-speech="NUMBER,NUMBER-UNIT,N" /></word><prefer text="the other one" start="34" end="47" penn-cats="NP" score="15.098" /><word lex="is" start="48" end="50"><sense-info penn-parts-of-speech="VBZ" trips-parts-of-speech="V" /></word><word lex="leaning" start="51" end="58"><sense-info penn-parts-of-speech="VBG" trips-parts-of-speech="V" /></word><word lex="against" start="59" end="66"><sense-info penn-parts-of-speech="IN" trips-parts-of-speech="PREP,ADV" /></word><word lex="leaning against" start="51" end="66"><sense-info penn-parts-of-speech="VBG" trips-parts-of-speech="V" wn-sense-keys="lean_against%2:35:00" /></word><word lex="an" start="67" end="69"><sense-info penn-parts-of-speech="DT" trips-parts-of-speech="ART,QUAN,PRO" /></word><word lex="unfinished" start="70" end="80"><sense-info penn-parts-of-speech="JJ" trips-parts-of-speech="ADJ" /></word><word lex="brick" start="81" end="86"><sense-info penn-parts-of-speech="NN" trips-parts-of-speech="N" /></word><word lex="wall" start="87" end="91"><sense-info penn-parts-of-speech="NN" trips-parts-of-speech="N" /></word><prefer text="an unfinished brick wall" start="67" end="91" penn-cats="NP" score="37.629" /><prefer text="against an unfinished brick wall" start="59" end="91" penn-cats="PP" score="43.278" /><prefer text="leaning against an unfinished brick wall" start="51" end="91" penn-cats="VP" score="53.672" /><prefer text="is leaning against an unfinished brick wall" start="48" end="91" penn-cats="VP" score="57.932" /><word lex="." start="92" end="92"><sense-info penn-parts-of-speech="FULL_STOP" trips-parts-of-speech="PUNC" /></word></tags><tree><lisp>(UTT
<  (UTT
<   (S (NP (SPEC (DET (ART THE))) (N1 (ADJP (ADJ1 (ADJ OTHER))) (N1 (N ONE))))
<    (VP
<     (VP- (AUX (V IS))
<      (VP- (VP- (V LEANING))
<       (ADVBL (ADV AGAINST)
<        (NP (SPEC (DET (ART AN)))
<         (N1 (N1 (ADJP (ADJ1 (ADJ UNFINISHED))) (N1 (N BRICK)))
<          (N1 (N WALL))))))))))
<  (PUNC PUNC-PERIOD))</lisp><UTT><UTT><S><NP><SPEC><DET><ART>THE</ART></DET></SPEC><N1><ADJP><ADJ1><ADJ>OTHER</ADJ></ADJ1></ADJP><N1><N>ONE</N></N1></N1></NP><VP><VP-><AUX><V>IS</V></AUX><VP-><VP-><V>LEANING</V></VP-><ADVBL><ADV>AGAINST</ADV><NP><SPEC><DET><ART>AN</ART></DET></SPEC><N1><N1><ADJP><ADJ1><ADJ>UNFINISHED</ADJ></ADJ1></ADJP><N1><N>BRICK</N></N1></N1><N1><N>WALL</N></N1></N1></NP></ADVBL></VP-></VP-></VP></S></UTT><PUNC>PUNC-PERIOD</PUNC></UTT></tree><terms root="#V114587"><lisp>((ONT::SPEECHACT ONT::V114587 ONT::SA_TELL :PUNCTYPE W::DECL :CONTENT
<   ONT::V113050 :START 34 :END 92)
<  (ONT::F ONT::V113050 (:* ONT::BODY-MOVEMENT-PLACE W::LEAN) :AGENT ONT::V113023
<   :LOCATION ONT::V113057 :TENSE W::PRES :PROGR + :START 34 :END 92)
<  (ONT::THE ONT::V113023 (:* ONT::REFERENTIAL-SEM W::ONE) :MOD ONT::V113016
<   :START 34 :END 48)
<  (ONT::F ONT::V113016 (:* ONT::OTHER W::OTHER) :INTENSITY ONT::HI :FIGURE
<   ONT::V113023 :START 38 :END 44)
<  (ONT::F ONT::V113057 (:* ONT::DIRECTION W::AGAINST) :GROUND ONT::V113084
<   :FIGURE ONT::V113050 :START 59 :END 92)
<  (ONT::A ONT::V113084 (:* ONT::STRUCTURE-INTERNAL-COMPONENT W::WALL)
<   :ASSOC-WITH ONT::V113081 :START 67 :END 92)
<  (ONT::KIND ONT::V113081 (:* ONT::MATERIAL W::BRICK) :MOD ONT::V113075 :START
<   67 :END 92)
<  (ONT::F ONT::V113075 (:* ONT::INCOMPLETE W::UNFINISHED) :FIGURE ONT::V113081
<   :START 70 :END 81))</lisp><rdf:RDF
<   xmlns:rdf="http://www.w3.org/1999/02/22-rdf-syntax-ns#"
<   xmlns:role="http://www.cs.rochester.edu/research/trips/role#"
<   xmlns:LF="http://www.cs.rochester.edu/research/trips/LF#">
<   <rdf:Description rdf:ID="V114587">
<     <LF:indicator>SPEECHACT</LF:indicator>
<     <LF:type>SA_TELL</LF:type>
<     <role:PUNCTYPE>DECL</role:PUNCTYPE>
<     <role:CONTENT rdf:resource="#V113050" />
<     <LF:start>34</LF:start>
<     <LF:end>92</LF:end>
<   </rdf:Description>
<   <rdf:Description rdf:ID="V113050">
<     <LF:indicator>F</LF:indicator>
<     <LF:type>BODY-MOVEMENT-PLACE</LF:type>
<     <LF:word>LEAN</LF:word>
<     <role:AGENT rdf:resource="#V113023" />
<     <role:LOCATION rdf:resource="#V113057" />
<     <role:TENSE>PRES</role:TENSE>
<     <role:PROGR>+</role:PROGR>
<     <LF:start>34</LF:start>
<     <LF:end>92</LF:end>
<   </rdf:Description>
<   <rdf:Description rdf:ID="V113023">
<     <LF:indicator>THE</LF:indicator>
<     <LF:type>REFERENTIAL-SEM</LF:type>
<     <LF:word>ONE</LF:word>
<     <role:MOD rdf:resource="#V113016" />
<     <LF:start>34</LF:start>
<     <LF:end>48</LF:end>
<   </rdf:Description>
<   <rdf:Description rdf:ID="V113016">
<     <LF:indicator>F</LF:indicator>
<     <LF:type>OTHER</LF:type>
<     <LF:word>OTHER</LF:word>
<     <role:INTENSITY>HI</role:INTENSITY>
<     <role:FIGURE rdf:resource="#V113023" />
<     <LF:start>38</LF:start>
<     <LF:end>44</LF:end>
<   </rdf:Description>
<   <rdf:Description rdf:ID="V113057">
<     <LF:indicator>F</LF:indicator>
<     <LF:type>DIRECTION</LF:type>
<     <LF:word>AGAINST</LF:word>
<     <role:GROUND rdf:resource="#V113084" />
<     <role:FIGURE rdf:resource="#V113050" />
<     <LF:start>59</LF:start>
<     <LF:end>92</LF:end>
<   </rdf:Description>
<   <rdf:Description rdf:ID="V113084">
<     <LF:indicator>A</LF:indicator>
<     <LF:type>STRUCTURE-INTERNAL-COMPONENT</LF:type>
<     <LF:word>WALL</LF:word>
<     <role:ASSOC-WITH rdf:resource="#V113081" />
<     <LF:start>67</LF:start>
<     <LF:end>92</LF:end>
<   </rdf:Description>
<   <rdf:Description rdf:ID="V113081">
<     <LF:indicator>KIND</LF:indicator>
<     <LF:type>MATERIAL</LF:type>
<     <LF:word>BRICK</LF:word>
<     <role:MOD rdf:resource="#V113075" />
<     <LF:start>67</LF:start>
<     <LF:end>92</LF:end>
<   </rdf:Description>
<   <rdf:Description rdf:ID="V113075">
<     <LF:indicator>F</LF:indicator>
<     <LF:type>INCOMPLETE</LF:type>
<     <LF:word>UNFINISHED</LF:word>
<     <role:FIGURE rdf:resource="#V113081" />
<     <LF:start>70</LF:start>
<     <LF:end>81</LF:end>
<   </rdf:Description>
< </rdf:RDF>
< </terms></utt></trips-parser-output>
\ No newline at end of file
---
> <SpRL>
>  <SCENE>
>   <SENTENCE id="s1" indicator="SPEECHACT" type="SA_TELL" start="0" end="32">
>    <TEXT>one worker is standing on rails ,</TEXT>
>    <RELATION id="1" head="V112718" res="V112466" label="CONTENT"/>
>    <PHRASE id="V112466" indicator="F" type="BE" text="BE" TENSE="PRES" start="0" end="32"/>
>    <RELATION id="2" head="V112466" res="V112457" label="NEUTRAL"/>
>    <RELATION id="3" head="V112466" res="V112483" label="NEUTRAL1"/>
>    <PHRASE id="V112457" indicator="A" type="PROFESSIONAL" text="WORKER" start="0" end="11"/>
>    <RELATION id="4" head="V112457" res="V112533" label="SIZE"/>
>    <PHRASE id="V112533" indicator="A" type="NUMBER" VALUE="1" start="0" end="11"/>
>    <PHRASE id="V112483" indicator="BARE" type="BE-AT-LOC" text="STAND" start="14" end="32"/>
>    <RELATION id="5" head="V112483" res="V112493" label="LOCATION"/>
>    <PHRASE id="V112493" indicator="F" type="ON" text="ON" start="23" end="32"/>
>    <RELATION id="6" head="V112493" res="V112516" label="GROUND"/>
>    <RELATION id="7" head="V112493" res="V112483" label="FIGURE"/>
>    <PHRASE id="V112516" indicator="INDEF-SET" type="DRINKING-ESTABLISHMENT" text="RAILS" start="26" end="32"/>
>   </SENTENCE>
>   <SENTENCE id="s2" indicator="SPEECHACT" type="SA_TELL" PUNCTYPE="DECL" start="34" end="92">
>    <TEXT>the other one is leaning against an unfinished brick wall .</TEXT>
>    <RELATION id="8" head="V114587" res="V113050" label="CONTENT"/>
>    <PHRASE id="V113050" indicator="F" type="BODY-MOVEMENT-PLACE" text="LEAN" TENSE="PRES" PROGR="+" start="34" end="92"/>
>    <RELATION id="9" head="V113050" res="V113023" label="AGENT"/>
>    <RELATION id="10" head="V113050" res="V113057" label="LOCATION"/>
>    <PHRASE id="V113023" indicator="THE" type="REFERENTIAL-SEM" text="ONE" start="34" end="48"/>
>    <RELATION id="11" head="V113023" res="V113016" label="MOD"/>
>    <PHRASE id="V113016" indicator="F" type="OTHER" text="OTHER" INTENSITY="HI" start="38" end="44"/>
>    <RELATION id="12" head="V113016" res="V113023" label="FIGURE"/>
>    <PHRASE id="V113057" indicator="F" type="DIRECTION" text="AGAINST" start="59" end="92"/>
>    <RELATION id="13" head="V113057" res="V113084" label="GROUND"/>
>    <RELATION id="14" head="V113057" res="V113050" label="FIGURE"/>
>    <PHRASE id="V113084" indicator="A" type="STRUCTURE-INTERNAL-COMPONENT" text="WALL" start="67" end="92"/>
>    <RELATION id="15" head="V113084" res="V113081" label="ASSOC-WITH"/>
>    <PHRASE id="V113081" indicator="KIND" type="MATERIAL" text="BRICK" start="67" end="92"/>
>    <RELATION id="16" head="V113081" res="V113075" label="MOD"/>
>    <PHRASE id="V113075" indicator="F" type="INCOMPLETE" text="UNFINISHED" start="70" end="81"/>
>    <RELATION id="17" head="V113075" res="V113081" label="FIGURE"/>
>   </SENTENCE>
>  </SCENE>
> </SpRL>
