2,357c2,45
< <?xml-stylesheet type="text/xsl" href="../style/parser-interface.xsl"?>
< <!DOCTYPE trips-parser-output SYSTEM "../trips-parser-output.dtd">
< <trips-parser-output parser-build-date="2017-09-20T12:11:02-0500" system="STEP" extsformat="svg" tagsformat="hidden" treecontents="phrase" treeformat="LinGO" lfformat="svg" semantic-skeleton-scoring="T" rule-sets="" input="a dark-skinned , dark-haired boy in a white tee-shirt is sitting at his desk in a classroom .
< ">
< <debug>
< 
<  FOUNDS SEQUENCE from constit (% W::NP (W::BARE-SEQUENCE -) (W::CONSTRAINT -)
<                                  (W::MASS W::BARE) (W::GENERATED +)
<                                  (W::POSTADVBL +)
<                                  (W::SEM ?8607:(?217251:(F::PHYS-OBJ
<                                                          F::ABSTR-OBJ) NIL))
<                                  (W::LF (% W::DESCRIPTION (W::STATUS ONT::DEFINITE)
<                                            (W::VAR V417951)
<                                            (W::SORT W::INDIVIDUAL)
<                                            (W::LEX (W::A))
<                                            (W::CLASS ONT::SEQUENCE)
<                                            (W::CONSTRAINT (% &amp; (W::NAME-OF (W::A))
<                                                              (W::VAL (W::A))))
<                                            (W::LEX W::A) (W::SEM ?217249)
<                                            (W::TRANSFORM ?217250)))
<                                  (W::CASE ?217248:(W::SUB W::OBJ -))
<                                  (W::AGR ?217247) (W::CLASS ONT::ANY-SEM)
<                                  (W::VAR V417951) (W::SORT W::PRED) (W::NAME -)
<                                  (W::PRO -) (W::CHANGEAGR -) (W::LEX W::A)
<                                  (W::HEADCAT W::VALUE) (W::TRANSFORM -)
<                                  (W::REFL -) (1 RNUMBER418521))
< 
<  FOUNDS SEQUENCE from constit (% W::NP (W::BARE-SEQUENCE -) (W::CONSTRAINT -)
<                                  (W::MASS W::BARE) (W::GENERATED +)
<                                  (W::POSTADVBL +)
<                                  (W::SEM ?8607:(?217546:(F::PHYS-OBJ
<                                                          F::ABSTR-OBJ) NIL))
<                                  (W::LF (% W::DESCRIPTION (W::STATUS ONT::DEFINITE)
<                                            (W::VAR V417954)
<                                            (W::SORT W::INDIVIDUAL)
<                                            (W::LEX (W::A))
<                                            (W::CLASS ONT::SEQUENCE)
<                                            (W::CONSTRAINT (% &amp; (W::NAME-OF (W::A))
<                                                              (W::VAL (W::A))))
<                                            (W::LEX W::A) (W::SEM ?217544)
<                                            (W::TRANSFORM ?217545)))
<                                  (W::CASE ?217543:(W::SUB W::OBJ -))
<                                  (W::AGR ?217542) (W::CLASS ONT::ANY-SEM)
<                                  (W::VAR V417954) (W::SORT W::PRED) (W::NAME -)
<                                  (W::PRO -) (W::CHANGEAGR -) (W::LEX W::A)
<                                  (W::HEADCAT W::VALUE) (W::TRANSFORM -)
<                                  (W::REFL -) (1 RNUMBER418523))
< 
<  FOUNDS SEQUENCE from constit (% W::NP (W::BARE-SEQUENCE -) (W::CONSTRAINT -)
<                                  (W::MASS W::BARE) (W::GENERATED +)
<                                  (W::POSTADVBL +)
<                                  (W::SEM ?8607:(?217860:(F::PHYS-OBJ
<                                                          F::ABSTR-OBJ) NIL))
<                                  (W::LF (% W::DESCRIPTION (W::STATUS ONT::DEFINITE)
<                                            (W::VAR V417957)
<                                            (W::SORT W::INDIVIDUAL)
<                                            (W::LEX (W::A))
<                                            (W::CLASS ONT::SEQUENCE)
<                                            (W::CONSTRAINT (% &amp; (W::NAME-OF (W::A))
<                                                              (W::VAL (W::A))))
<                                            (W::LEX W::A) (W::SEM ?217858)
<                                            (W::TRANSFORM ?217859)))
<                                  (W::CASE ?217857:(W::SUB W::OBJ -))
<                                  (W::AGR ?217856) (W::CLASS ONT::ANY-SEM)
<                                  (W::VAR V417957) (W::SORT W::PRED) (W::NAME -)
<                                  (W::PRO -) (W::CHANGEAGR -) (W::LEX W::A)
<                                  (W::HEADCAT W::VALUE) (W::TRANSFORM -)
<                                  (W::REFL -) (1 RNUMBER418525))
< *last-utt-id*=NIL  utt-id+47
< *last-utt-id*=47  utt-id+47
< *last-utt-id*=47  utt-id+47
< *last-utt-id*=47  utt-id+47
< *last-utt-id*=47  utt-id+NIL</debug><compound-communication-act>
< <utt><words><lisp>(W::A)</lisp><word>A</word></words><tags><lisp>((WORD &quot;a&quot; :FRAME (0 1) :SENSE-INFO
<   ((:PENN-PARTS-OF-SPEECH (DT) :TRIPS-PARTS-OF-SPEECH (W::ART W::QUAN W::PRO)))
<   :UTTNUM 47 :CHANNEL DESKTOP :DIRECTION INPUT))</lisp><word lex="a" start="0" end="1"><sense-info penn-parts-of-speech="DT" trips-parts-of-speech="ART,QUAN,PRO" /></word></tags><tree><lisp>(NP (NAME (VALUE A)))</lisp><NP><NAME><VALUE>A</VALUE></NAME></NP></tree><terms root="#V409697"><lisp>((ONT::THE ONT::V409697 ONT::LETTER-SYMBOL :NAME-OF (W::A) :START 0 :END 2))</lisp><rdf:RDF
<   xmlns:rdf="http://www.w3.org/1999/02/22-rdf-syntax-ns#"
<   xmlns:role="http://www.cs.rochester.edu/research/trips/role#"
<   xmlns:LF="http://www.cs.rochester.edu/research/trips/LF#">
<   <rdf:Description rdf:ID="V409697">
<     <LF:indicator>THE</LF:indicator>
<     <LF:type>LETTER-SYMBOL</LF:type>
<     <role:NAME-OF>(A)</role:NAME-OF>
<     <LF:start>0</LF:start>
<     <LF:end>2</LF:end>
<   </rdf:Description>
< </rdf:RDF>
< </terms></utt><utt><words><lisp>(W::DARK W::PUNC-MINUS W::SKINNED)</lisp><word>DARK</word><word>PUNC-MINUS</word><word>SKINNED</word></words><tags><lisp>((WORD &quot;dark&quot; :FRAME (2 5) :SENSE-INFO
<   ((:PENN-PARTS-OF-SPEECH (NN) :TRIPS-PARTS-OF-SPEECH (W::N))) :UTTNUM 47
<   :CHANNEL DESKTOP :DIRECTION INPUT)
<  (WORD &quot;-&quot; :FRAME (6 6) :SENSE-INFO
<   ((:PENN-PARTS-OF-SPEECH (COLON) :TRIPS-PARTS-OF-SPEECH (W::PUNC))) :UTTNUM 47
<   :CHANNEL DESKTOP :DIRECTION INPUT)
<  (WORD &quot;skinned&quot; :FRAME (7 14) :SENSE-INFO
<   ((:PENN-PARTS-OF-SPEECH (VBD) :TRIPS-PARTS-OF-SPEECH (W::V))) :UTTNUM 47
<   :CHANNEL DESKTOP :DIRECTION INPUT)
<  (WORD &quot;dark-skinned&quot; :FRAME (2 14) :SENSE-INFO
<   ((:PENN-PARTS-OF-SPEECH (JJ) :TRIPS-PARTS-OF-SPEECH (W::ADJ) :WN-SENSE-KEYS
<     (&quot;dark-skinned%5:00:00&quot;)))
<   :UTTNUM 47 :CHANNEL DESKTOP :DIRECTION INPUT)
<  (WORD &quot;,&quot; :FRAME (15 16) :SENSE-INFO
<   ((:PENN-PARTS-OF-SPEECH (COMMA) :TRIPS-PARTS-OF-SPEECH (W::PUNC))) :UTTNUM 47
<   :CHANNEL DESKTOP :DIRECTION INPUT))</lisp><word lex="dark" start="2" end="5"><sense-info penn-parts-of-speech="NN" trips-parts-of-speech="N" /></word><word lex="-" start="6" end="6"><sense-info penn-parts-of-speech="COLON" trips-parts-of-speech="PUNC" /></word><word lex="skinned" start="7" end="14"><sense-info penn-parts-of-speech="VBD" trips-parts-of-speech="V" /></word><word lex="dark-skinned" start="2" end="14"><sense-info penn-parts-of-speech="JJ" trips-parts-of-speech="ADJ" wn-sense-keys="dark-skinned%5:00:00" /></word><word lex="," start="15" end="16"><sense-info penn-parts-of-speech="COMMA" trips-parts-of-speech="PUNC" /></word></tags><tree><lisp>(ADJP (ADJ1 (ADJ DARK PUNC-MINUS SKINNED)))</lisp><ADJP><ADJ1><ADJ>DARK PUNC-MINUS SKINNED</ADJ></ADJ1></ADJP></tree><terms root="#V409746"><lisp>((ONT::F ONT::V409746 (:* ONT::MODIFIER W::DARK-PUNC-MINUS-SKINNED) :START 2
<   :END 15 :WNSENSE &quot;dark-skinned%5:00:00&quot;))</lisp><rdf:RDF
<   xmlns:rdf="http://www.w3.org/1999/02/22-rdf-syntax-ns#"
<   xmlns:role="http://www.cs.rochester.edu/research/trips/role#"
<   xmlns:LF="http://www.cs.rochester.edu/research/trips/LF#">
<   <rdf:Description rdf:ID="V409746">
<     <LF:indicator>F</LF:indicator>
<     <LF:type>MODIFIER</LF:type>
<     <LF:word>DARK-PUNC-MINUS-SKINNED</LF:word>
<     <LF:start>2</LF:start>
<     <LF:end>15</LF:end>
<     <role:WNSENSE>dark-skinned%5:00:00</role:WNSENSE>
<   </rdf:Description>
< </rdf:RDF>
< </terms></utt><utt><words><lisp>(W::DARK W::PUNC-MINUS W::HAIRED W::BOY)</lisp><word>DARK</word><word>PUNC-MINUS</word><word>HAIRED</word><word>BOY</word></words><tags><lisp>((WORD &quot;dark&quot; :FRAME (17 20) :SENSE-INFO
<   ((:PENN-PARTS-OF-SPEECH (JJ) :TRIPS-PARTS-OF-SPEECH (W::ADJ))) :UTTNUM 47
<   :CHANNEL DESKTOP :DIRECTION INPUT)
<  (WORD &quot;-&quot; :FRAME (21 21) :SENSE-INFO
<   ((:PENN-PARTS-OF-SPEECH (COLON) :TRIPS-PARTS-OF-SPEECH (W::PUNC))) :UTTNUM 47
<   :CHANNEL DESKTOP :DIRECTION INPUT)
<  (WORD &quot;haired&quot; :FRAME (22 28) :SENSE-INFO
<   ((:PENN-PARTS-OF-SPEECH (VBN) :TRIPS-PARTS-OF-SPEECH (W::V))) :UTTNUM 47
<   :CHANNEL DESKTOP :DIRECTION INPUT)
<  (WORD &quot;dark-haired&quot; :FRAME (17 28) :SENSE-INFO
<   ((:PENN-PARTS-OF-SPEECH (JJ) :TRIPS-PARTS-OF-SPEECH (W::ADJ) :WN-SENSE-KEYS
<     (&quot;dark-haired%5:00:00&quot;)))
<   :UTTNUM 47 :CHANNEL DESKTOP :DIRECTION INPUT)
<  (WORD &quot;boy&quot; :FRAME (29 32) :SENSE-INFO
<   ((:PENN-PARTS-OF-SPEECH (NN) :TRIPS-PARTS-OF-SPEECH (W::N))) :UTTNUM 47
<   :CHANNEL DESKTOP :DIRECTION INPUT)
<  (PREFER &quot;a dark-skinned , dark-haired boy&quot; :FRAME (0 32) :PENN-CATS (NP)
<   :TRIPS-CATS (W::NP) :SCORE 40.958 :UTTNUM 47 :CHANNEL DESKTOP :DIRECTION
<   INPUT))</lisp><word lex="dark" start="17" end="20"><sense-info penn-parts-of-speech="JJ" trips-parts-of-speech="ADJ" /></word><word lex="-" start="21" end="21"><sense-info penn-parts-of-speech="COLON" trips-parts-of-speech="PUNC" /></word><word lex="haired" start="22" end="28"><sense-info penn-parts-of-speech="VBN" trips-parts-of-speech="V" /></word><word lex="dark-haired" start="17" end="28"><sense-info penn-parts-of-speech="JJ" trips-parts-of-speech="ADJ" wn-sense-keys="dark-haired%5:00:00" /></word><word lex="boy" start="29" end="32"><sense-info penn-parts-of-speech="NN" trips-parts-of-speech="N" /></word><prefer text="a dark-skinned , dark-haired boy" start="0" end="32" penn-cats="NP" score="40.958" /></tags><tree><lisp>(PUNC PUNC-COMMA)</lisp><PUNC>PUNC-COMMA</PUNC></tree><terms root="#V409773"><lisp>((ONT::BARE ONT::V409773 (:* ONT::MALE-CHILD W::BOY) :MOD ONT::V409770 :START
<   17 :END 33)
<  (ONT::F ONT::V409770 (:* ONT::MODIFIER W::DARK-PUNC-MINUS-HAIRED) :FIGURE
<   ONT::V409773 :START 17 :END 29 :WNSENSE &quot;dark-haired%5:00:00&quot;))</lisp><rdf:RDF
<   xmlns:rdf="http://www.w3.org/1999/02/22-rdf-syntax-ns#"
<   xmlns:role="http://www.cs.rochester.edu/research/trips/role#"
<   xmlns:LF="http://www.cs.rochester.edu/research/trips/LF#">
<   <rdf:Description rdf:ID="V409773">
<     <LF:indicator>BARE</LF:indicator>
<     <LF:type>MALE-CHILD</LF:type>
<     <LF:word>BOY</LF:word>
<     <role:MOD rdf:resource="#V409770" />
<     <LF:start>17</LF:start>
<     <LF:end>33</LF:end>
<   </rdf:Description>
<   <rdf:Description rdf:ID="V409770">
<     <LF:indicator>F</LF:indicator>
<     <LF:type>MODIFIER</LF:type>
<     <LF:word>DARK-PUNC-MINUS-HAIRED</LF:word>
<     <role:FIGURE rdf:resource="#V409773" />
<     <LF:start>17</LF:start>
<     <LF:end>29</LF:end>
<     <role:WNSENSE>dark-haired%5:00:00</role:WNSENSE>
<   </rdf:Description>
< </rdf:RDF>
< </terms></utt><utt><words><lisp>(W::IN W::A W::WHITE W::TEE W::PUNC-MINUS W::SHIRT W::IS W::SITTING W::AT
<  W::HIS W::DESK W::IN W::A W::CLASSROOM)</lisp><word>IN</word><word>A</word><word>WHITE</word><word>TEE</word><word>PUNC-MINUS</word><word>SHIRT</word><word>IS</word><word>SITTING</word><word>AT</word><word>HIS</word><word>DESK</word><word>IN</word><word>A</word><word>CLASSROOM</word></words><tags><lisp>((WORD &quot;in&quot; :FRAME (33 35) :SENSE-INFO
<   ((:PENN-PARTS-OF-SPEECH (IN) :TRIPS-PARTS-OF-SPEECH (W::PREP W::ADV)))
<   :UTTNUM 47 :CHANNEL DESKTOP :DIRECTION INPUT)
<  (WORD &quot;a&quot; :FRAME (36 37) :SENSE-INFO
<   ((:PENN-PARTS-OF-SPEECH (DT) :TRIPS-PARTS-OF-SPEECH (W::ART W::QUAN W::PRO)))
<   :UTTNUM 47 :CHANNEL DESKTOP :DIRECTION INPUT)
<  (WORD &quot;white&quot; :FRAME (38 43) :SENSE-INFO
<   ((:PENN-PARTS-OF-SPEECH (JJ) :TRIPS-PARTS-OF-SPEECH (W::ADJ))) :UTTNUM 47
<   :CHANNEL DESKTOP :DIRECTION INPUT)
<  (WORD &quot;tee&quot; :FRAME (44 46) :SENSE-INFO
<   ((:PENN-PARTS-OF-SPEECH (NN) :TRIPS-PARTS-OF-SPEECH (W::N))) :UTTNUM 47
<   :CHANNEL DESKTOP :DIRECTION INPUT)
<  (WORD &quot;-&quot; :FRAME (47 47) :SENSE-INFO
<   ((:PENN-PARTS-OF-SPEECH (COLON) :TRIPS-PARTS-OF-SPEECH (W::PUNC))) :UTTNUM 47
<   :CHANNEL DESKTOP :DIRECTION INPUT)
<  (WORD &quot;shirt&quot; :FRAME (48 53) :SENSE-INFO
<   ((:PENN-PARTS-OF-SPEECH (NN) :TRIPS-PARTS-OF-SPEECH (W::N))) :UTTNUM 47
<   :CHANNEL DESKTOP :DIRECTION INPUT)
<  (WORD &quot;tee-shirt&quot; :FRAME (44 53) :SENSE-INFO
<   ((:PENN-PARTS-OF-SPEECH (NN) :TRIPS-PARTS-OF-SPEECH (W::N))) :UTTNUM 47
<   :CHANNEL DESKTOP :DIRECTION INPUT)
<  (PREFER &quot;a white tee-shirt&quot; :FRAME (36 53) :PENN-CATS (NP) :TRIPS-CATS (W::NP)
<   :SCORE 24.269 :UTTNUM 47 :CHANNEL DESKTOP :DIRECTION INPUT)
<  (PREFER &quot;in a white tee-shirt&quot; :FRAME (33 53) :PENN-CATS (PP) :TRIPS-CATS
<   (W::PP) :SCORE 26.521 :UTTNUM 47 :CHANNEL DESKTOP :DIRECTION INPUT)
<  (PREFER &quot;a dark-skinned , dark-haired boy in a white tee-shirt&quot; :FRAME (0 53)
<   :PENN-CATS (NP) :TRIPS-CATS (W::NP) :SCORE 67.846 :UTTNUM 47 :CHANNEL DESKTOP
<   :DIRECTION INPUT)
<  (WORD &quot;is&quot; :FRAME (54 56) :SENSE-INFO
<   ((:PENN-PARTS-OF-SPEECH (VBZ) :TRIPS-PARTS-OF-SPEECH (W::V))) :UTTNUM 47
<   :CHANNEL DESKTOP :DIRECTION INPUT)
<  (WORD &quot;sitting&quot; :FRAME (57 64) :SENSE-INFO
<   ((:PENN-PARTS-OF-SPEECH (VBG) :TRIPS-PARTS-OF-SPEECH (W::V))) :UTTNUM 47
<   :CHANNEL DESKTOP :DIRECTION INPUT)
<  (WORD &quot;at&quot; :FRAME (65 67) :SENSE-INFO
<   ((:PENN-PARTS-OF-SPEECH (IN) :TRIPS-PARTS-OF-SPEECH (W::PREP W::ADV)))
<   :UTTNUM 47 :CHANNEL DESKTOP :DIRECTION INPUT)
<  (WORD &quot;his&quot; :FRAME (68 71) :SENSE-INFO
<   ((:PENN-PARTS-OF-SPEECH (PRP$) :TRIPS-PARTS-OF-SPEECH (W::PRO))) :UTTNUM 47
<   :CHANNEL DESKTOP :DIRECTION INPUT)
<  (WORD &quot;desk&quot; :FRAME (72 76) :SENSE-INFO
<   ((:PENN-PARTS-OF-SPEECH (NN) :TRIPS-PARTS-OF-SPEECH (W::N))) :UTTNUM 47
<   :CHANNEL DESKTOP :DIRECTION INPUT)
<  (PREFER &quot;his desk&quot; :FRAME (68 76) :PENN-CATS (NP) :TRIPS-CATS (W::NP) :SCORE
<   15.015 :UTTNUM 47 :CHANNEL DESKTOP :DIRECTION INPUT)
<  (WORD &quot;in&quot; :FRAME (77 79) :SENSE-INFO
<   ((:PENN-PARTS-OF-SPEECH (IN) :TRIPS-PARTS-OF-SPEECH (W::PREP W::ADV)))
<   :UTTNUM 47 :CHANNEL DESKTOP :DIRECTION INPUT)
<  (WORD &quot;a&quot; :FRAME (80 81) :SENSE-INFO
<   ((:PENN-PARTS-OF-SPEECH (DT) :TRIPS-PARTS-OF-SPEECH (W::ART W::QUAN W::PRO)))
<   :UTTNUM 47 :CHANNEL DESKTOP :DIRECTION INPUT)
<  (WORD &quot;classroom&quot; :FRAME (82 91) :SENSE-INFO
<   ((:PENN-PARTS-OF-SPEECH (NN) :TRIPS-PARTS-OF-SPEECH (W::N))) :UTTNUM 47
<   :CHANNEL DESKTOP :DIRECTION INPUT)
<  (PREFER &quot;a classroom&quot; :FRAME (80 91) :PENN-CATS (NP) :TRIPS-CATS (W::NP)
<   :SCORE 13.862 :UTTNUM 47 :CHANNEL DESKTOP :DIRECTION INPUT)
<  (PREFER &quot;in a classroom&quot; :FRAME (77 91) :PENN-CATS (PP) :TRIPS-CATS (W::PP)
<   :SCORE 16.114 :UTTNUM 47 :CHANNEL DESKTOP :DIRECTION INPUT)
<  (PREFER &quot;his desk in a classroom&quot; :FRAME (68 91) :PENN-CATS (NP) :TRIPS-CATS
<   (W::NP) :SCORE 31.669 :UTTNUM 47 :CHANNEL DESKTOP :DIRECTION INPUT)
<  (PREFER &quot;at his desk in a classroom&quot; :FRAME (65 91) :PENN-CATS (PP)
<   :TRIPS-CATS (W::PP) :SCORE 35.98 :UTTNUM 47 :CHANNEL DESKTOP :DIRECTION
<   INPUT)
<  (PREFER &quot;sitting at his desk in a classroom&quot; :FRAME (57 91) :PENN-CATS (VP)
<   :TRIPS-CATS (W::VP) :SCORE 44.677 :UTTNUM 47 :CHANNEL DESKTOP :DIRECTION
<   INPUT)
<  (PREFER &quot;is sitting at his desk in a classroom&quot; :FRAME (54 91) :PENN-CATS (VP)
<   :TRIPS-CATS (W::VP) :SCORE 48.937 :UTTNUM 47 :CHANNEL DESKTOP :DIRECTION
<   INPUT)
<  (WORD &quot;.&quot; :FRAME (92 92) :SENSE-INFO
<   ((:PENN-PARTS-OF-SPEECH (FULL_STOP) :TRIPS-PARTS-OF-SPEECH (W::PUNC)))
<   :UTTNUM 47 :CHANNEL DESKTOP :DIRECTION INPUT)
<  (PREFER
<   &quot;a dark-skinned , dark-haired boy in a white tee-shirt is sitting at his desk in a classroom .&quot;
<   :FRAME (0 92) :PENN-CATS (S) :SCORE 119.611 :UTTNUM 47 :CHANNEL DESKTOP
<   :DIRECTION INPUT))</lisp><word lex="in" start="33" end="35"><sense-info penn-parts-of-speech="IN" trips-parts-of-speech="PREP,ADV" /></word><word lex="a" start="36" end="37"><sense-info penn-parts-of-speech="DT" trips-parts-of-speech="ART,QUAN,PRO" /></word><word lex="white" start="38" end="43"><sense-info penn-parts-of-speech="JJ" trips-parts-of-speech="ADJ" /></word><word lex="tee" start="44" end="46"><sense-info penn-parts-of-speech="NN" trips-parts-of-speech="N" /></word><word lex="-" start="47" end="47"><sense-info penn-parts-of-speech="COLON" trips-parts-of-speech="PUNC" /></word><word lex="shirt" start="48" end="53"><sense-info penn-parts-of-speech="NN" trips-parts-of-speech="N" /></word><word lex="tee-shirt" start="44" end="53"><sense-info penn-parts-of-speech="NN" trips-parts-of-speech="N" /></word><prefer text="a white tee-shirt" start="36" end="53" penn-cats="NP" score="24.269" /><prefer text="in a white tee-shirt" start="33" end="53" penn-cats="PP" score="26.521" /><prefer text="a dark-skinned , dark-haired boy in a white tee-shirt" start="0" end="53" penn-cats="NP" score="67.846" /><word lex="is" start="54" end="56"><sense-info penn-parts-of-speech="VBZ" trips-parts-of-speech="V" /></word><word lex="sitting" start="57" end="64"><sense-info penn-parts-of-speech="VBG" trips-parts-of-speech="V" /></word><word lex="at" start="65" end="67"><sense-info penn-parts-of-speech="IN" trips-parts-of-speech="PREP,ADV" /></word><word lex="his" start="68" end="71"><sense-info penn-parts-of-speech="PRP$" trips-parts-of-speech="PRO" /></word><word lex="desk" start="72" end="76"><sense-info penn-parts-of-speech="NN" trips-parts-of-speech="N" /></word><prefer text="his desk" start="68" end="76" penn-cats="NP" score="15.015" /><word lex="in" start="77" end="79"><sense-info penn-parts-of-speech="IN" trips-parts-of-speech="PREP,ADV" /></word><word lex="a" start="80" end="81"><sense-info penn-parts-of-speech="DT" trips-parts-of-speech="ART,QUAN,PRO" /></word><word lex="classroom" start="82" end="91"><sense-info penn-parts-of-speech="NN" trips-parts-of-speech="N" /></word><prefer text="a classroom" start="80" end="91" penn-cats="NP" score="13.862" /><prefer text="in a classroom" start="77" end="91" penn-cats="PP" score="16.114" /><prefer text="his desk in a classroom" start="68" end="91" penn-cats="NP" score="31.669" /><prefer text="at his desk in a classroom" start="65" end="91" penn-cats="PP" score="35.98" /><prefer text="sitting at his desk in a classroom" start="57" end="91" penn-cats="VP" score="44.677" /><prefer text="is sitting at his desk in a classroom" start="54" end="91" penn-cats="VP" score="48.937" /><word lex="." start="92" end="92"><sense-info penn-parts-of-speech="FULL_STOP" trips-parts-of-speech="PUNC" /></word><prefer text="a dark-skinned , dark-haired boy in a white tee-shirt is sitting at his desk in a classroom ." start="0" end="92" penn-cats="S" score="119.611" /></tags><tree><lisp>(NP (N1 (ADJP (ADJ1 (ADJ DARK PUNC-MINUS HAIRED))) (N1 (N BOY))))</lisp><NP><N1><ADJP><ADJ1><ADJ>DARK PUNC-MINUS HAIRED</ADJ></ADJ1></ADJP><N1><N>BOY</N></N1></N1></NP></tree><terms root="#V417725"><lisp>((ONT::SPEECHACT ONT::V417725 ONT::SA_YN-QUESTION :CONTENT ONT::V409900 :START
<   33 :END 92)
<  (ONT::F ONT::V409900 (:* ONT::HAVE-PROPERTY W::BE) :NEUTRAL ONT::V409917
<   :FORMAL ONT::V409962 :LOCATION ONT::V409780 :LOCATION ONT::V409937 :START 33
<   :END 92)
<  (ONT::F ONT::V409780 (:* ONT::IN-LOC W::IN) :GROUND ONT::V409892 :FIGURE
<   ONT::V409900 :START 33 :END 54)
<  (ONT::A ONT::V409892 (:* ONT::ATTIRE W::TEE-PUNC-MINUS-SHIRT) :MOD
<   ONT::V409870 :START 36 :END 54)
<  (ONT::F ONT::V409870 (:* ONT::WHITE W::WHITE) :FIGURE ONT::V409892 :SCALE
<   ONT::WHITE*1--07--00 :START 38 :END 44)
<  (ONT::BARE ONT::V409917 (:* ONT::BODY-MOVEMENT W::SIT-DOWN) :START 57 :END 65)
<  (ONT::F ONT::V409937 (:* ONT::AT-LOC W::AT) :GROUND ONT::V409955 :FIGURE
<   ONT::V409900 :START 65 :END 77)
<  (ONT::THE ONT::V409955 (:* ONT::FURNISHINGS W::DESK) :ASSOC-POSS ONT::V409950
<   :START 68 :END 77)
<  (ONT::PRO ONT::V409950 (:* ONT::MALE-PERSON W::HIS) :PROFORM W::HIS :START 68
<   :END 77 :COREF ONT::V409773)
<  (ONT::F ONT::V409962 (:* ONT::IN-LOC W::IN) :GROUND ONT::V410052 :FIGURE
<   ONT::V409917 :START 77 :END 92)
<  (ONT::A ONT::V410052 (:* ONT::INTERNAL-ENCLOSURE W::CLASSROOM) :START 80 :END
<   92))</lisp><rdf:RDF
<   xmlns:rdf="http://www.w3.org/1999/02/22-rdf-syntax-ns#"
<   xmlns:role="http://www.cs.rochester.edu/research/trips/role#"
<   xmlns:LF="http://www.cs.rochester.edu/research/trips/LF#">
<   <rdf:Description rdf:ID="V417725">
<     <LF:indicator>SPEECHACT</LF:indicator>
<     <LF:type>SA_YN-QUESTION</LF:type>
<     <role:CONTENT rdf:resource="#V409900" />
<     <LF:start>33</LF:start>
<     <LF:end>92</LF:end>
<   </rdf:Description>
<   <rdf:Description rdf:ID="V409900">
<     <LF:indicator>F</LF:indicator>
<     <LF:type>HAVE-PROPERTY</LF:type>
<     <LF:word>BE</LF:word>
<     <role:NEUTRAL rdf:resource="#V409917" />
<     <role:FORMAL rdf:resource="#V409962" />
<     <role:LOCATION rdf:resource="#V409780" />
<     <role:LOCATION rdf:resource="#V409937" />
<     <LF:start>33</LF:start>
<     <LF:end>92</LF:end>
<   </rdf:Description>
<   <rdf:Description rdf:ID="V409780">
<     <LF:indicator>F</LF:indicator>
<     <LF:type>IN-LOC</LF:type>
<     <LF:word>IN</LF:word>
<     <role:GROUND rdf:resource="#V409892" />
<     <role:FIGURE rdf:resource="#V409900" />
<     <LF:start>33</LF:start>
<     <LF:end>54</LF:end>
<   </rdf:Description>
<   <rdf:Description rdf:ID="V409892">
<     <LF:indicator>A</LF:indicator>
<     <LF:type>ATTIRE</LF:type>
<     <LF:word>TEE-PUNC-MINUS-SHIRT</LF:word>
<     <role:MOD rdf:resource="#V409870" />
<     <LF:start>36</LF:start>
<     <LF:end>54</LF:end>
<   </rdf:Description>
<   <rdf:Description rdf:ID="V409870">
<     <LF:indicator>F</LF:indicator>
<     <LF:type>WHITE</LF:type>
<     <LF:word>WHITE</LF:word>
<     <role:FIGURE rdf:resource="#V409892" />
<     <role:SCALE>WHITE*1--07--00</role:SCALE>
<     <LF:start>38</LF:start>
<     <LF:end>44</LF:end>
<   </rdf:Description>
<   <rdf:Description rdf:ID="V409917">
<     <LF:indicator>BARE</LF:indicator>
<     <LF:type>BODY-MOVEMENT</LF:type>
<     <LF:word>SIT-DOWN</LF:word>
<     <LF:start>57</LF:start>
<     <LF:end>65</LF:end>
<   </rdf:Description>
<   <rdf:Description rdf:ID="V409937">
<     <LF:indicator>F</LF:indicator>
<     <LF:type>AT-LOC</LF:type>
<     <LF:word>AT</LF:word>
<     <role:GROUND rdf:resource="#V409955" />
<     <role:FIGURE rdf:resource="#V409900" />
<     <LF:start>65</LF:start>
<     <LF:end>77</LF:end>
<   </rdf:Description>
<   <rdf:Description rdf:ID="V409955">
<     <LF:indicator>THE</LF:indicator>
<     <LF:type>FURNISHINGS</LF:type>
<     <LF:word>DESK</LF:word>
<     <role:ASSOC-POSS rdf:resource="#V409950" />
<     <LF:start>68</LF:start>
<     <LF:end>77</LF:end>
<   </rdf:Description>
<   <rdf:Description rdf:ID="V409950">
<     <LF:indicator>PRO</LF:indicator>
<     <LF:type>MALE-PERSON</LF:type>
<     <LF:word>HIS</LF:word>
<     <role:PROFORM>HIS</role:PROFORM>
<     <LF:start>68</LF:start>
<     <LF:end>77</LF:end>
<     <role:COREF rdf:resource="#V409773" />
<   </rdf:Description>
<   <rdf:Description rdf:ID="V409962">
<     <LF:indicator>F</LF:indicator>
<     <LF:type>IN-LOC</LF:type>
<     <LF:word>IN</LF:word>
<     <role:GROUND rdf:resource="#V410052" />
<     <role:FIGURE rdf:resource="#V409917" />
<     <LF:start>77</LF:start>
<     <LF:end>92</LF:end>
<   </rdf:Description>
<   <rdf:Description rdf:ID="V410052">
<     <LF:indicator>A</LF:indicator>
<     <LF:type>INTERNAL-ENCLOSURE</LF:type>
<     <LF:word>CLASSROOM</LF:word>
<     <LF:start>80</LF:start>
<     <LF:end>92</LF:end>
<   </rdf:Description>
< </rdf:RDF>
< </terms></utt></compound-communication-act>
< </trips-parser-output>
\ No newline at end of file
---
> <SpRL>
>  <SCENE>
>   <SENTENCE id="s1" indicator="THE" type="LETTER-SYMBOL" NAME-OF="(A)" start="0" end="2">
>    <TEXT>a d</TEXT>
>   </SENTENCE>
>   <SENTENCE id="s2" indicator="F" type="MODIFIER" text="DARK-PUNC-MINUS-SKINNED" start="2" end="15" WNSENSE="dark-skinned%5:00:00">
>    <TEXT>dark-skinned ,</TEXT>
>   </SENTENCE>
>   <SENTENCE id="s3" indicator="BARE" type="MALE-CHILD" text="BOY" start="17" end="33">
>    <TEXT>dark-haired boy i</TEXT>
>    <RELATION id="1" head="V409773" res="V409770" label="MOD"/>
>    <PHRASE id="V409770" indicator="F" type="MODIFIER" text="DARK-PUNC-MINUS-HAIRED" start="17" end="29" WNSENSE="dark-haired%5:00:00"/>
>    <RELATION id="2" head="V409770" res="V409773" label="FIGURE"/>
>   </SENTENCE>
>   <SENTENCE id="s4" indicator="SPEECHACT" type="SA_YN-QUESTION" start="33" end="92">
>    <TEXT>in a white tee-shirt is sitting at his desk in a classroom .</TEXT>
>    <RELATION id="3" head="V417725" res="V409900" label="CONTENT"/>
>    <PHRASE id="V409900" indicator="F" type="HAVE-PROPERTY" text="BE" start="33" end="92"/>
>    <RELATION id="4" head="V409900" res="V409917" label="NEUTRAL"/>
>    <RELATION id="5" head="V409900" res="V409962" label="FORMAL"/>
>    <RELATION id="6" head="V409900" res="V409780" label="LOCATION"/>
>    <RELATION id="7" head="V409900" res="V409937" label="LOCATION"/>
>    <PHRASE id="V409780" indicator="F" type="IN-LOC" text="IN" start="33" end="54"/>
>    <RELATION id="8" head="V409780" res="V409892" label="GROUND"/>
>    <RELATION id="9" head="V409780" res="V409900" label="FIGURE"/>
>    <PHRASE id="V409892" indicator="A" type="ATTIRE" text="TEE-PUNC-MINUS-SHIRT" start="36" end="54"/>
>    <RELATION id="10" head="V409892" res="V409870" label="MOD"/>
>    <PHRASE id="V409870" indicator="F" type="WHITE" text="WHITE" SCALE="WHITE*1--07--00" start="38" end="44"/>
>    <RELATION id="11" head="V409870" res="V409892" label="FIGURE"/>
>    <PHRASE id="V409917" indicator="BARE" type="BODY-MOVEMENT" text="SIT-DOWN" start="57" end="65"/>
>    <PHRASE id="V409937" indicator="F" type="AT-LOC" text="AT" start="65" end="77"/>
>    <RELATION id="12" head="V409937" res="V409955" label="GROUND"/>
>    <RELATION id="13" head="V409937" res="V409900" label="FIGURE"/>
>    <PHRASE id="V409955" indicator="THE" type="FURNISHINGS" text="DESK" start="68" end="77"/>
>    <RELATION id="14" head="V409955" res="V409950" label="ASSOC-POSS"/>
>    <PHRASE id="V409950" indicator="PRO" type="MALE-PERSON" text="HIS" PROFORM="HIS" start="68" end="77"/>
>    <RELATION id="15" head="V409950" res="V409773" label="COREF"/>
>    <PHRASE id="V409962" indicator="F" type="IN-LOC" text="IN" start="77" end="92"/>
>    <RELATION id="16" head="V409962" res="V410052" label="GROUND"/>
>    <RELATION id="17" head="V409962" res="V409917" label="FIGURE"/>
>    <PHRASE id="V410052" indicator="A" type="INTERNAL-ENCLOSURE" text="CLASSROOM" start="80" end="92"/>
>   </SENTENCE>
>  </SCENE>
> </SpRL>
