2,198c2,24
< <?xml-stylesheet type="text/xsl" href="../style/parser-interface.xsl"?>
< <!DOCTYPE trips-parser-output SYSTEM "../trips-parser-output.dtd">
< <trips-parser-output parser-build-date="2017-09-20T12:11:02-0500" system="STEP" extsformat="svg" tagsformat="hidden" treecontents="phrase" treeformat="LinGO" lfformat="svg" semantic-skeleton-scoring="T" rule-sets="" input="a dark-skinned , dark-haired girl in a blue pullover .
< ">
< <debug>
< 
<  FOUNDS SEQUENCE from constit (% W::NP (W::BARE-SEQUENCE -) (W::CONSTRAINT -)
<                                  (W::MASS W::BARE) (W::GENERATED +)
<                                  (W::POSTADVBL +)
<                                  (W::SEM ?8607:(?20261:(F::PHYS-OBJ
<                                                         F::ABSTR-OBJ) NIL))
<                                  (W::LF (% W::DESCRIPTION (W::STATUS ONT::DEFINITE)
<                                            (W::VAR V53674)
<                                            (W::SORT W::INDIVIDUAL)
<                                            (W::LEX (W::A))
<                                            (W::CLASS ONT::SEQUENCE)
<                                            (W::CONSTRAINT (% &amp; (W::NAME-OF (W::A))
<                                                              (W::VAL (W::A))))
<                                            (W::LEX W::A) (W::SEM ?20259)
<                                            (W::TRANSFORM ?20260)))
<                                  (W::CASE ?20258:(W::SUB W::OBJ -))
<                                  (W::AGR ?20257) (W::CLASS ONT::ANY-SEM)
<                                  (W::VAR V53674) (W::SORT W::PRED) (W::NAME -)
<                                  (W::PRO -) (W::CHANGEAGR -) (W::LEX W::A)
<                                  (W::HEADCAT W::VALUE) (W::TRANSFORM -)
<                                  (W::REFL -) (1 RNUMBER53698))
< 
<  FOUNDS SEQUENCE from constit (% W::NP (W::BARE-SEQUENCE -) (W::CONSTRAINT -)
<                                  (W::MASS W::BARE) (W::GENERATED +)
<                                  (W::POSTADVBL +)
<                                  (W::SEM ?8607:(?20556:(F::PHYS-OBJ
<                                                         F::ABSTR-OBJ) NIL))
<                                  (W::LF (% W::DESCRIPTION (W::STATUS ONT::DEFINITE)
<                                            (W::VAR V53677)
<                                            (W::SORT W::INDIVIDUAL)
<                                            (W::LEX (W::A))
<                                            (W::CLASS ONT::SEQUENCE)
<                                            (W::CONSTRAINT (% &amp; (W::NAME-OF (W::A))
<                                                              (W::VAL (W::A))))
<                                            (W::LEX W::A) (W::SEM ?20554)
<                                            (W::TRANSFORM ?20555)))
<                                  (W::CASE ?20553:(W::SUB W::OBJ -))
<                                  (W::AGR ?20552) (W::CLASS ONT::ANY-SEM)
<                                  (W::VAR V53677) (W::SORT W::PRED) (W::NAME -)
<                                  (W::PRO -) (W::CHANGEAGR -) (W::LEX W::A)
<                                  (W::HEADCAT W::VALUE) (W::TRANSFORM -)
<                                  (W::REFL -) (1 RNUMBER53700))
< *last-utt-id*=NIL  utt-id+3
< *last-utt-id*=3  utt-id+NIL</debug><utt><words><lisp>(W::A W::DARK W::PUNC-MINUS W::SKINNED W::DARK W::PUNC-MINUS W::HAIRED W::GIRL
<  W::IN W::A W::BLUE W::PULLOVER W::PUNC-PERIOD)</lisp><word>A</word><word>DARK</word><word>PUNC-MINUS</word><word>SKINNED</word><word>DARK</word><word>PUNC-MINUS</word><word>HAIRED</word><word>GIRL</word><word>IN</word><word>A</word><word>BLUE</word><word>PULLOVER</word><word>PUNC-PERIOD</word></words><tags><lisp>((WORD &quot;a&quot; :FRAME (0 1) :SENSE-INFO
<   ((:PENN-PARTS-OF-SPEECH (DT) :TRIPS-PARTS-OF-SPEECH (W::ART W::QUAN W::PRO)))
<   :UTTNUM 3 :CHANNEL DESKTOP :DIRECTION INPUT)
<  (WORD &quot;dark&quot; :FRAME (2 5) :SENSE-INFO
<   ((:PENN-PARTS-OF-SPEECH (NN) :TRIPS-PARTS-OF-SPEECH (W::N))) :UTTNUM 3
<   :CHANNEL DESKTOP :DIRECTION INPUT)
<  (WORD &quot;-&quot; :FRAME (6 6) :SENSE-INFO
<   ((:PENN-PARTS-OF-SPEECH (COLON) :TRIPS-PARTS-OF-SPEECH (W::PUNC))) :UTTNUM 3
<   :CHANNEL DESKTOP :DIRECTION INPUT)
<  (WORD &quot;skinned&quot; :FRAME (7 14) :SENSE-INFO
<   ((:PENN-PARTS-OF-SPEECH (VBD) :TRIPS-PARTS-OF-SPEECH (W::V))) :UTTNUM 3
<   :CHANNEL DESKTOP :DIRECTION INPUT)
<  (WORD &quot;dark-skinned&quot; :FRAME (2 14) :SENSE-INFO
<   ((:PENN-PARTS-OF-SPEECH (JJ) :TRIPS-PARTS-OF-SPEECH (W::ADJ) :WN-SENSE-KEYS
<     (&quot;dark-skinned%5:00:00&quot;)))
<   :UTTNUM 3 :CHANNEL DESKTOP :DIRECTION INPUT)
<  (WORD &quot;,&quot; :FRAME (15 16) :SENSE-INFO
<   ((:PENN-PARTS-OF-SPEECH (COMMA) :TRIPS-PARTS-OF-SPEECH (W::PUNC))) :UTTNUM 3
<   :CHANNEL DESKTOP :DIRECTION INPUT)
<  (WORD &quot;dark&quot; :FRAME (17 20) :SENSE-INFO
<   ((:PENN-PARTS-OF-SPEECH (JJ) :TRIPS-PARTS-OF-SPEECH (W::ADJ))) :UTTNUM 3
<   :CHANNEL DESKTOP :DIRECTION INPUT)
<  (WORD &quot;-&quot; :FRAME (21 21) :SENSE-INFO
<   ((:PENN-PARTS-OF-SPEECH (COLON) :TRIPS-PARTS-OF-SPEECH (W::PUNC))) :UTTNUM 3
<   :CHANNEL DESKTOP :DIRECTION INPUT)
<  (WORD &quot;haired&quot; :FRAME (22 28) :SENSE-INFO
<   ((:PENN-PARTS-OF-SPEECH (VBN) :TRIPS-PARTS-OF-SPEECH (W::V))) :UTTNUM 3
<   :CHANNEL DESKTOP :DIRECTION INPUT)
<  (WORD &quot;dark-haired&quot; :FRAME (17 28) :SENSE-INFO
<   ((:PENN-PARTS-OF-SPEECH (JJ) :TRIPS-PARTS-OF-SPEECH (W::ADJ) :WN-SENSE-KEYS
<     (&quot;dark-haired%5:00:00&quot;)))
<   :UTTNUM 3 :CHANNEL DESKTOP :DIRECTION INPUT)
<  (WORD &quot;girl&quot; :FRAME (29 33) :SENSE-INFO
<   ((:PENN-PARTS-OF-SPEECH (NN) :TRIPS-PARTS-OF-SPEECH (W::N))) :UTTNUM 3
<   :CHANNEL DESKTOP :DIRECTION INPUT)
<  (PREFER &quot;a dark-skinned , dark-haired girl&quot; :FRAME (0 33) :PENN-CATS (NP)
<   :TRIPS-CATS (W::NP) :SCORE 41.32 :UTTNUM 3 :CHANNEL DESKTOP :DIRECTION INPUT)
<  (WORD &quot;in&quot; :FRAME (34 36) :SENSE-INFO
<   ((:PENN-PARTS-OF-SPEECH (IN) :TRIPS-PARTS-OF-SPEECH (W::PREP W::ADV)))
<   :UTTNUM 3 :CHANNEL DESKTOP :DIRECTION INPUT)
<  (WORD &quot;a&quot; :FRAME (37 38) :SENSE-INFO
<   ((:PENN-PARTS-OF-SPEECH (DT) :TRIPS-PARTS-OF-SPEECH (W::ART W::QUAN W::PRO)))
<   :UTTNUM 3 :CHANNEL DESKTOP :DIRECTION INPUT)
<  (WORD &quot;blue&quot; :FRAME (39 43) :SENSE-INFO
<   ((:PENN-PARTS-OF-SPEECH (NN JJ) :TRIPS-PARTS-OF-SPEECH (W::N W::ADJ)))
<   :UTTNUM 3 :CHANNEL DESKTOP :DIRECTION INPUT)
<  (WORD &quot;pullover&quot; :FRAME (44 52) :SENSE-INFO
<   ((:PENN-PARTS-OF-SPEECH (NN) :TRIPS-PARTS-OF-SPEECH (W::N))) :UTTNUM 3
<   :CHANNEL DESKTOP :DIRECTION INPUT)
<  (PREFER &quot;a blue pullover&quot; :FRAME (37 52) :PENN-CATS (NP) :TRIPS-CATS (W::NP)
<   :SCORE 24.628 :UTTNUM 3 :CHANNEL DESKTOP :DIRECTION INPUT)
<  (PREFER &quot;in a blue pullover&quot; :FRAME (34 52) :PENN-CATS (PP) :TRIPS-CATS
<   (W::PP) :SCORE 26.879 :UTTNUM 3 :CHANNEL DESKTOP :DIRECTION INPUT)
<  (WORD &quot;.&quot; :FRAME (53 53) :SENSE-INFO
<   ((:PENN-PARTS-OF-SPEECH (FULL_STOP) :TRIPS-PARTS-OF-SPEECH (W::PUNC)))
<   :UTTNUM 3 :CHANNEL DESKTOP :DIRECTION INPUT)
<  (PREFER &quot;a dark-skinned , dark-haired girl in a blue pullover .&quot; :FRAME (0 53)
<   :PENN-CATS (NP) :TRIPS-CATS (W::NP) :SCORE 70.684 :UTTNUM 3 :CHANNEL DESKTOP
<   :DIRECTION INPUT))</lisp><word lex="a" start="0" end="1"><sense-info penn-parts-of-speech="DT" trips-parts-of-speech="ART,QUAN,PRO" /></word><word lex="dark" start="2" end="5"><sense-info penn-parts-of-speech="NN" trips-parts-of-speech="N" /></word><word lex="-" start="6" end="6"><sense-info penn-parts-of-speech="COLON" trips-parts-of-speech="PUNC" /></word><word lex="skinned" start="7" end="14"><sense-info penn-parts-of-speech="VBD" trips-parts-of-speech="V" /></word><word lex="dark-skinned" start="2" end="14"><sense-info penn-parts-of-speech="JJ" trips-parts-of-speech="ADJ" wn-sense-keys="dark-skinned%5:00:00" /></word><word lex="," start="15" end="16"><sense-info penn-parts-of-speech="COMMA" trips-parts-of-speech="PUNC" /></word><word lex="dark" start="17" end="20"><sense-info penn-parts-of-speech="JJ" trips-parts-of-speech="ADJ" /></word><word lex="-" start="21" end="21"><sense-info penn-parts-of-speech="COLON" trips-parts-of-speech="PUNC" /></word><word lex="haired" start="22" end="28"><sense-info penn-parts-of-speech="VBN" trips-parts-of-speech="V" /></word><word lex="dark-haired" start="17" end="28"><sense-info penn-parts-of-speech="JJ" trips-parts-of-speech="ADJ" wn-sense-keys="dark-haired%5:00:00" /></word><word lex="girl" start="29" end="33"><sense-info penn-parts-of-speech="NN" trips-parts-of-speech="N" /></word><prefer text="a dark-skinned , dark-haired girl" start="0" end="33" penn-cats="NP" score="41.32" /><word lex="in" start="34" end="36"><sense-info penn-parts-of-speech="IN" trips-parts-of-speech="PREP,ADV" /></word><word lex="a" start="37" end="38"><sense-info penn-parts-of-speech="DT" trips-parts-of-speech="ART,QUAN,PRO" /></word><word lex="blue" start="39" end="43"><sense-info penn-parts-of-speech="NN,JJ" trips-parts-of-speech="N,ADJ" /></word><word lex="pullover" start="44" end="52"><sense-info penn-parts-of-speech="NN" trips-parts-of-speech="N" /></word><prefer text="a blue pullover" start="37" end="52" penn-cats="NP" score="24.628" /><prefer text="in a blue pullover" start="34" end="52" penn-cats="PP" score="26.879" /><word lex="." start="53" end="53"><sense-info penn-parts-of-speech="FULL_STOP" trips-parts-of-speech="PUNC" /></word><prefer text="a dark-skinned , dark-haired girl in a blue pullover ." start="0" end="53" penn-cats="NP" score="70.684" /></tags><tree><lisp>(UTT
<  (UTT
<   (NP (SPEC (DET (ART A)))
<    (N1
<     (N1 (ADJP (ADJ1 (ADJ DARK PUNC-MINUS SKINNED)))
<      (N1 (ADJP (ADJ1 (ADJ DARK PUNC-MINUS HAIRED))) (N1 (N GIRL))))
<     (ADVBL (ADV IN)
<      (NP (SPEC (DET (ART A)))
<       (N1 (ADJP (ADJ1 (ADJ BLUE))) (N1 (N PULLOVER))))))))
<  (PUNC PUNC-PERIOD))</lisp><UTT><UTT><NP><SPEC><DET><ART>A</ART></DET></SPEC><N1><N1><ADJP><ADJ1><ADJ>DARK PUNC-MINUS SKINNED</ADJ></ADJ1></ADJP><N1><ADJP><ADJ1><ADJ>DARK PUNC-MINUS HAIRED</ADJ></ADJ1></ADJP><N1><N>GIRL</N></N1></N1></N1><ADVBL><ADV>IN</ADV><NP><SPEC><DET><ART>A</ART></DET></SPEC><N1><ADJP><ADJ1><ADJ>BLUE</ADJ></ADJ1></ADJP><N1><N>PULLOVER</N></N1></N1></NP></ADVBL></N1></NP></UTT><PUNC>PUNC-PERIOD</PUNC></UTT></tree><terms root="#V55409"><lisp>((ONT::SPEECHACT ONT::V55409 ONT::SA_IDENTIFY :PUNCTYPE W::DECL :CONTENT
<   ONT::V53326 :START 0 :END 53)
<  (ONT::A ONT::V53326 (:* ONT::FEMALE-CHILD W::GIRL) :LOCATION ONT::V53333 :MOD
<   ONT::V53299 :MOD ONT::V53323 :START 0 :END 53)
<  (ONT::F ONT::V53299 (:* ONT::MODIFIER W::DARK-PUNC-MINUS-SKINNED) :FIGURE
<   ONT::V53326 :START 2 :END 15 :WNSENSE &quot;dark-skinned%5:00:00&quot;)
<  (ONT::F ONT::V53323 (:* ONT::MODIFIER W::DARK-PUNC-MINUS-HAIRED) :FIGURE
<   ONT::V53326 :START 17 :END 29 :WNSENSE &quot;dark-haired%5:00:00&quot;)
<  (ONT::F ONT::V53333 (:* ONT::IN-LOC W::IN) :GROUND ONT::V53436 :FIGURE
<   ONT::V53326 :START 34 :END 53)
<  (ONT::A ONT::V53436 (:* ONT::ATTIRE W::PULLOVER) :MOD ONT::V53423 :START 37
<   :END 53)
<  (ONT::F ONT::V53423 (:* ONT::BLUE W::BLUE) :FIGURE ONT::V53436 :SCALE
<   ONT::COLOR-SCALE :START 39 :END 44))</lisp><rdf:RDF
<   xmlns:rdf="http://www.w3.org/1999/02/22-rdf-syntax-ns#"
<   xmlns:role="http://www.cs.rochester.edu/research/trips/role#"
<   xmlns:LF="http://www.cs.rochester.edu/research/trips/LF#">
<   <rdf:Description rdf:ID="V55409">
<     <LF:indicator>SPEECHACT</LF:indicator>
<     <LF:type>SA_IDENTIFY</LF:type>
<     <role:PUNCTYPE>DECL</role:PUNCTYPE>
<     <role:CONTENT rdf:resource="#V53326" />
<     <LF:start>0</LF:start>
<     <LF:end>53</LF:end>
<   </rdf:Description>
<   <rdf:Description rdf:ID="V53326">
<     <LF:indicator>A</LF:indicator>
<     <LF:type>FEMALE-CHILD</LF:type>
<     <LF:word>GIRL</LF:word>
<     <role:LOCATION rdf:resource="#V53333" />
<     <role:MOD rdf:resource="#V53299" />
<     <role:MOD rdf:resource="#V53323" />
<     <LF:start>0</LF:start>
<     <LF:end>53</LF:end>
<   </rdf:Description>
<   <rdf:Description rdf:ID="V53299">
<     <LF:indicator>F</LF:indicator>
<     <LF:type>MODIFIER</LF:type>
<     <LF:word>DARK-PUNC-MINUS-SKINNED</LF:word>
<     <role:FIGURE rdf:resource="#V53326" />
<     <LF:start>2</LF:start>
<     <LF:end>15</LF:end>
<     <role:WNSENSE>dark-skinned%5:00:00</role:WNSENSE>
<   </rdf:Description>
<   <rdf:Description rdf:ID="V53323">
<     <LF:indicator>F</LF:indicator>
<     <LF:type>MODIFIER</LF:type>
<     <LF:word>DARK-PUNC-MINUS-HAIRED</LF:word>
<     <role:FIGURE rdf:resource="#V53326" />
<     <LF:start>17</LF:start>
<     <LF:end>29</LF:end>
<     <role:WNSENSE>dark-haired%5:00:00</role:WNSENSE>
<   </rdf:Description>
<   <rdf:Description rdf:ID="V53333">
<     <LF:indicator>F</LF:indicator>
<     <LF:type>IN-LOC</LF:type>
<     <LF:word>IN</LF:word>
<     <role:GROUND rdf:resource="#V53436" />
<     <role:FIGURE rdf:resource="#V53326" />
<     <LF:start>34</LF:start>
<     <LF:end>53</LF:end>
<   </rdf:Description>
<   <rdf:Description rdf:ID="V53436">
<     <LF:indicator>A</LF:indicator>
<     <LF:type>ATTIRE</LF:type>
<     <LF:word>PULLOVER</LF:word>
<     <role:MOD rdf:resource="#V53423" />
<     <LF:start>37</LF:start>
<     <LF:end>53</LF:end>
<   </rdf:Description>
<   <rdf:Description rdf:ID="V53423">
<     <LF:indicator>F</LF:indicator>
<     <LF:type>BLUE</LF:type>
<     <LF:word>BLUE</LF:word>
<     <role:FIGURE rdf:resource="#V53436" />
<     <role:SCALE>COLOR-SCALE</role:SCALE>
<     <LF:start>39</LF:start>
<     <LF:end>44</LF:end>
<   </rdf:Description>
< </rdf:RDF>
< </terms></utt></trips-parser-output>
\ No newline at end of file
---
> <SpRL>
>  <SCENE>
>   <SENTENCE id="s1" indicator="SPEECHACT" type="SA_IDENTIFY" PUNCTYPE="DECL" start="0" end="53">
>    <TEXT>a dark-skinned , dark-haired girl in a blue pullover .</TEXT>
>    <RELATION id="1" head="V55409" res="V53326" label="CONTENT"/>
>    <PHRASE id="V53326" indicator="A" type="FEMALE-CHILD" text="GIRL" start="0" end="53"/>
>    <RELATION id="2" head="V53326" res="V53333" label="LOCATION"/>
>    <RELATION id="3" head="V53326" res="V53299" label="MOD"/>
>    <RELATION id="4" head="V53326" res="V53323" label="MOD"/>
>    <PHRASE id="V53299" indicator="F" type="MODIFIER" text="DARK-PUNC-MINUS-SKINNED" start="2" end="15" WNSENSE="dark-skinned%5:00:00"/>
>    <RELATION id="5" head="V53299" res="V53326" label="FIGURE"/>
>    <PHRASE id="V53323" indicator="F" type="MODIFIER" text="DARK-PUNC-MINUS-HAIRED" start="17" end="29" WNSENSE="dark-haired%5:00:00"/>
>    <RELATION id="6" head="V53323" res="V53326" label="FIGURE"/>
>    <PHRASE id="V53333" indicator="F" type="IN-LOC" text="IN" start="34" end="53"/>
>    <RELATION id="7" head="V53333" res="V53436" label="GROUND"/>
>    <RELATION id="8" head="V53333" res="V53326" label="FIGURE"/>
>    <PHRASE id="V53436" indicator="A" type="ATTIRE" text="PULLOVER" start="37" end="53"/>
>    <RELATION id="9" head="V53436" res="V53423" label="MOD"/>
>    <PHRASE id="V53423" indicator="F" type="BLUE" text="BLUE" SCALE="COLOR-SCALE" start="39" end="44"/>
>    <RELATION id="10" head="V53423" res="V53436" label="FIGURE"/>
>   </SENTENCE>
>  </SCENE>
> </SpRL>
