2,456c2,59
< <?xml-stylesheet type="text/xsl" href="../style/parser-interface.xsl"?>
< <!DOCTYPE trips-parser-output SYSTEM "../trips-parser-output.dtd">
< <trips-parser-output parser-build-date="2017-09-20T12:11:02-0500" system="STEP" extsformat="svg" tagsformat="hidden" treecontents="phrase" treeformat="LinGO" lfformat="svg" semantic-skeleton-scoring="T" rule-sets="" input="a dark-haired , dark-skinned girl wearing a dark green hat , a grey pullover with blue sleeves and a light blue and yellow necklace .
< ">
< <debug>
< 
<  FOUNDS SEQUENCE from constit (% W::NP (W::BARE-SEQUENCE -) (W::CONSTRAINT -)
<                                  (W::MASS W::BARE) (W::GENERATED +)
<                                  (W::POSTADVBL +)
<                                  (W::SEM ?8607:(?286934:(F::PHYS-OBJ
<                                                          F::ABSTR-OBJ) NIL))
<                                  (W::LF (% W::DESCRIPTION (W::STATUS ONT::DEFINITE)
<                                            (W::VAR V184128)
<                                            (W::SORT W::INDIVIDUAL)
<                                            (W::LEX (W::A))
<                                            (W::CLASS ONT::SEQUENCE)
<                                            (W::CONSTRAINT (% &amp; (W::NAME-OF (W::A))
<                                                              (W::VAL (W::A))))
<                                            (W::LEX W::A) (W::SEM ?286932)
<                                            (W::TRANSFORM ?286933)))
<                                  (W::CASE ?286931:(W::SUB W::OBJ -))
<                                  (W::AGR ?286930) (W::CLASS ONT::ANY-SEM)
<                                  (W::VAR V184128) (W::SORT W::PRED) (W::NAME -)
<                                  (W::PRO -) (W::CHANGEAGR -) (W::LEX W::A)
<                                  (W::HEADCAT W::VALUE) (W::TRANSFORM -)
<                                  (W::REFL -) (1 RNUMBER184681))
< 
<  FOUNDS SEQUENCE from constit (% W::NP (W::BARE-SEQUENCE -) (W::CONSTRAINT -)
<                                  (W::MASS W::BARE) (W::GENERATED +)
<                                  (W::POSTADVBL +)
<                                  (W::SEM ?8607:(?287233:(F::PHYS-OBJ
<                                                          F::ABSTR-OBJ) NIL))
<                                  (W::LF (% W::DESCRIPTION (W::STATUS ONT::DEFINITE)
<                                            (W::VAR V184131)
<                                            (W::SORT W::INDIVIDUAL)
<                                            (W::LEX (W::A))
<                                            (W::CLASS ONT::SEQUENCE)
<                                            (W::CONSTRAINT (% &amp; (W::NAME-OF (W::A))
<                                                              (W::VAL (W::A))))
<                                            (W::LEX W::A) (W::SEM ?287231)
<                                            (W::TRANSFORM ?287232)))
<                                  (W::CASE ?287230:(W::SUB W::OBJ -))
<                                  (W::AGR ?287229) (W::CLASS ONT::ANY-SEM)
<                                  (W::VAR V184131) (W::SORT W::PRED) (W::NAME -)
<                                  (W::PRO -) (W::CHANGEAGR -) (W::LEX W::A)
<                                  (W::HEADCAT W::VALUE) (W::TRANSFORM -)
<                                  (W::REFL -) (1 RNUMBER184683))
< *last-utt-id*=NIL  utt-id+29
< *last-utt-id*=29  utt-id+29
< *last-utt-id*=29  utt-id+NIL
< 
<  FOUNDS SEQUENCE from constit (% W::NP (W::BARE-SEQUENCE -) (W::CONSTRAINT -)
<                                  (W::MASS W::BARE) (W::GENERATED +)
<                                  (W::POSTADVBL +)
<                                  (W::SEM ?8607:(?26613:(F::PHYS-OBJ
<                                                         F::ABSTR-OBJ) NIL))
<                                  (W::LF (% W::DESCRIPTION (W::STATUS ONT::DEFINITE)
<                                            (W::VAR V190060)
<                                            (W::SORT W::INDIVIDUAL)
<                                            (W::LEX (W::A))
<                                            (W::CLASS ONT::SEQUENCE)
<                                            (W::CONSTRAINT (% &amp; (W::NAME-OF (W::A))
<                                                              (W::VAL (W::A))))
<                                            (W::LEX W::A) (W::SEM ?26611)
<                                            (W::TRANSFORM ?26612)))
<                                  (W::CASE ?26610:(W::SUB W::OBJ -))
<                                  (W::AGR ?26609) (W::CLASS ONT::ANY-SEM)
<                                  (W::VAR V190060) (W::SORT W::PRED) (W::NAME -)
<                                  (W::PRO -) (W::CHANGEAGR -) (W::LEX W::A)
<                                  (W::HEADCAT W::VALUE) (W::TRANSFORM -)
<                                  (W::REFL -) (1 RNUMBER190112))
< 
<  FOUNDS SEQUENCE from constit (% W::NP (W::BARE-SEQUENCE -) (W::CONSTRAINT -)
<                                  (W::MASS W::BARE) (W::GENERATED +)
<                                  (W::POSTADVBL +)
<                                  (W::SEM ?8607:(?26914:(F::PHYS-OBJ
<                                                         F::ABSTR-OBJ) NIL))
<                                  (W::LF (% W::DESCRIPTION (W::STATUS ONT::DEFINITE)
<                                            (W::VAR V190063)
<                                            (W::SORT W::INDIVIDUAL)
<                                            (W::LEX (W::A))
<                                            (W::CLASS ONT::SEQUENCE)
<                                            (W::CONSTRAINT (% &amp; (W::NAME-OF (W::A))
<                                                              (W::VAL (W::A))))
<                                            (W::LEX W::A) (W::SEM ?26912)
<                                            (W::TRANSFORM ?26913)))
<                                  (W::CASE ?26911:(W::SUB W::OBJ -))
<                                  (W::AGR ?26910) (W::CLASS ONT::ANY-SEM)
<                                  (W::VAR V190063) (W::SORT W::PRED) (W::NAME -)
<                                  (W::PRO -) (W::CHANGEAGR -) (W::LEX W::A)
<                                  (W::HEADCAT W::VALUE) (W::TRANSFORM -)
<                                  (W::REFL -) (1 RNUMBER190114))
< *last-utt-id*=NIL  utt-id+29
< *last-utt-id*=29  utt-id+NIL</debug><compound-communication-act>
< <utt><words><lisp>(W::A W::DARK W::PUNC-MINUS W::HAIRED W::DARK W::PUNC-MINUS W::SKINNED W::GIRL)</lisp><word>A</word><word>DARK</word><word>PUNC-MINUS</word><word>HAIRED</word><word>DARK</word><word>PUNC-MINUS</word><word>SKINNED</word><word>GIRL</word></words><tags><lisp>((WORD &quot;a&quot; :FRAME (0 1) :SENSE-INFO
<   ((:PENN-PARTS-OF-SPEECH (DT) :TRIPS-PARTS-OF-SPEECH (W::ART W::QUAN W::PRO)))
<   :UTTNUM 29 :CHANNEL DESKTOP :DIRECTION INPUT)
<  (WORD &quot;dark&quot; :FRAME (2 5) :SENSE-INFO
<   ((:PENN-PARTS-OF-SPEECH (NN) :TRIPS-PARTS-OF-SPEECH (W::N))) :UTTNUM 29
<   :CHANNEL DESKTOP :DIRECTION INPUT)
<  (WORD &quot;-&quot; :FRAME (6 6) :SENSE-INFO
<   ((:PENN-PARTS-OF-SPEECH (COLON) :TRIPS-PARTS-OF-SPEECH (W::PUNC))) :UTTNUM 29
<   :CHANNEL DESKTOP :DIRECTION INPUT)
<  (WORD &quot;haired&quot; :FRAME (7 13) :SENSE-INFO
<   ((:PENN-PARTS-OF-SPEECH (JJ) :TRIPS-PARTS-OF-SPEECH (W::ADJ))) :UTTNUM 29
<   :CHANNEL DESKTOP :DIRECTION INPUT)
<  (WORD &quot;dark-haired&quot; :FRAME (2 13) :SENSE-INFO
<   ((:PENN-PARTS-OF-SPEECH (JJ) :TRIPS-PARTS-OF-SPEECH (W::ADJ) :WN-SENSE-KEYS
<     (&quot;dark-haired%5:00:00&quot;)))
<   :UTTNUM 29 :CHANNEL DESKTOP :DIRECTION INPUT)
<  (WORD &quot;,&quot; :FRAME (14 15) :SENSE-INFO
<   ((:PENN-PARTS-OF-SPEECH (COMMA) :TRIPS-PARTS-OF-SPEECH (W::PUNC))) :UTTNUM 29
<   :CHANNEL DESKTOP :DIRECTION INPUT)
<  (WORD &quot;dark&quot; :FRAME (16 19) :SENSE-INFO
<   ((:PENN-PARTS-OF-SPEECH (JJ) :TRIPS-PARTS-OF-SPEECH (W::ADJ))) :UTTNUM 29
<   :CHANNEL DESKTOP :DIRECTION INPUT)
<  (WORD &quot;-&quot; :FRAME (20 20) :SENSE-INFO
<   ((:PENN-PARTS-OF-SPEECH (COLON) :TRIPS-PARTS-OF-SPEECH (W::PUNC))) :UTTNUM 29
<   :CHANNEL DESKTOP :DIRECTION INPUT)
<  (WORD &quot;skinned&quot; :FRAME (21 28) :SENSE-INFO
<   ((:PENN-PARTS-OF-SPEECH (VBN) :TRIPS-PARTS-OF-SPEECH (W::V))) :UTTNUM 29
<   :CHANNEL DESKTOP :DIRECTION INPUT)
<  (WORD &quot;dark-skinned&quot; :FRAME (16 28) :SENSE-INFO
<   ((:PENN-PARTS-OF-SPEECH (JJ) :TRIPS-PARTS-OF-SPEECH (W::ADJ) :WN-SENSE-KEYS
<     (&quot;dark-skinned%5:00:00&quot;)))
<   :UTTNUM 29 :CHANNEL DESKTOP :DIRECTION INPUT)
<  (WORD &quot;girl&quot; :FRAME (29 33) :SENSE-INFO
<   ((:PENN-PARTS-OF-SPEECH (NN) :TRIPS-PARTS-OF-SPEECH (W::N))) :UTTNUM 29
<   :CHANNEL DESKTOP :DIRECTION INPUT)
<  (PREFER &quot;a dark-haired , dark-skinned girl&quot; :FRAME (0 33) :PENN-CATS (NP)
<   :TRIPS-CATS (W::NP) :SCORE 41.32 :UTTNUM 29 :CHANNEL DESKTOP :DIRECTION
<   INPUT))</lisp><word lex="a" start="0" end="1"><sense-info penn-parts-of-speech="DT" trips-parts-of-speech="ART,QUAN,PRO" /></word><word lex="dark" start="2" end="5"><sense-info penn-parts-of-speech="NN" trips-parts-of-speech="N" /></word><word lex="-" start="6" end="6"><sense-info penn-parts-of-speech="COLON" trips-parts-of-speech="PUNC" /></word><word lex="haired" start="7" end="13"><sense-info penn-parts-of-speech="JJ" trips-parts-of-speech="ADJ" /></word><word lex="dark-haired" start="2" end="13"><sense-info penn-parts-of-speech="JJ" trips-parts-of-speech="ADJ" wn-sense-keys="dark-haired%5:00:00" /></word><word lex="," start="14" end="15"><sense-info penn-parts-of-speech="COMMA" trips-parts-of-speech="PUNC" /></word><word lex="dark" start="16" end="19"><sense-info penn-parts-of-speech="JJ" trips-parts-of-speech="ADJ" /></word><word lex="-" start="20" end="20"><sense-info penn-parts-of-speech="COLON" trips-parts-of-speech="PUNC" /></word><word lex="skinned" start="21" end="28"><sense-info penn-parts-of-speech="VBN" trips-parts-of-speech="V" /></word><word lex="dark-skinned" start="16" end="28"><sense-info penn-parts-of-speech="JJ" trips-parts-of-speech="ADJ" wn-sense-keys="dark-skinned%5:00:00" /></word><word lex="girl" start="29" end="33"><sense-info penn-parts-of-speech="NN" trips-parts-of-speech="N" /></word><prefer text="a dark-haired , dark-skinned girl" start="0" end="33" penn-cats="NP" score="41.32" /></tags><tree><lisp>(NP (SPEC (DET (ART A)))
<  (N1 (ADJP (ADJ1 (ADJ DARK PUNC-MINUS HAIRED)))
<   (N1 (ADJP (ADJ1 (ADJ DARK))) (WORD PUNC-MINUS)
<    (N1 (ADJP (VP- (V SKINNED))) (N1 (N GIRL))))))</lisp><NP><SPEC><DET><ART>A</ART></DET></SPEC><N1><ADJP><ADJ1><ADJ>DARK PUNC-MINUS HAIRED</ADJ></ADJ1></ADJP><N1><ADJP><ADJ1><ADJ>DARK</ADJ></ADJ1></ADJP><WORD>PUNC-MINUS</WORD><N1><ADJP><VP-><V>SKINNED</V></VP-></ADJP><N1><N>GIRL</N></N1></N1></N1></N1></NP></tree><terms root="#V180285"><lisp>((ONT::A ONT::V180285 (:* ONT::FEMALE-CHILD W::GIRL) :MOD ONT::V180251 :MOD
<   ONT::V180258 :MOD ONT::V180268 :START 0 :END 34)
<  (ONT::F ONT::V180251 (:* ONT::MODIFIER W::DARK-PUNC-MINUS-HAIRED) :FIGURE
<   ONT::V180285 :START 2 :END 14 :WNSENSE &quot;dark-haired%5:00:00&quot;)
<  (ONT::F ONT::V180258 (:* ONT::DARK-IN-COLOR-VAL W::DARK) :FIGURE ONT::V180285
<   :START 16 :END 20)
<  (ONT::F ONT::V180268 (:* ONT::MOVE W::SKINNED) :AFFECTED ONT::V180285 :START
<   21 :END 29))</lisp><rdf:RDF
<   xmlns:rdf="http://www.w3.org/1999/02/22-rdf-syntax-ns#"
<   xmlns:role="http://www.cs.rochester.edu/research/trips/role#"
<   xmlns:LF="http://www.cs.rochester.edu/research/trips/LF#">
<   <rdf:Description rdf:ID="V180285">
<     <LF:indicator>A</LF:indicator>
<     <LF:type>FEMALE-CHILD</LF:type>
<     <LF:word>GIRL</LF:word>
<     <role:MOD rdf:resource="#V180251" />
<     <role:MOD rdf:resource="#V180258" />
<     <role:MOD rdf:resource="#V180268" />
<     <LF:start>0</LF:start>
<     <LF:end>34</LF:end>
<   </rdf:Description>
<   <rdf:Description rdf:ID="V180251">
<     <LF:indicator>F</LF:indicator>
<     <LF:type>MODIFIER</LF:type>
<     <LF:word>DARK-PUNC-MINUS-HAIRED</LF:word>
<     <role:FIGURE rdf:resource="#V180285" />
<     <LF:start>2</LF:start>
<     <LF:end>14</LF:end>
<     <role:WNSENSE>dark-haired%5:00:00</role:WNSENSE>
<   </rdf:Description>
<   <rdf:Description rdf:ID="V180258">
<     <LF:indicator>F</LF:indicator>
<     <LF:type>DARK-IN-COLOR-VAL</LF:type>
<     <LF:word>DARK</LF:word>
<     <role:FIGURE rdf:resource="#V180285" />
<     <LF:start>16</LF:start>
<     <LF:end>20</LF:end>
<   </rdf:Description>
<   <rdf:Description rdf:ID="V180268">
<     <LF:indicator>F</LF:indicator>
<     <LF:type>MOVE</LF:type>
<     <LF:word>SKINNED</LF:word>
<     <role:AFFECTED rdf:resource="#V180285" />
<     <LF:start>21</LF:start>
<     <LF:end>29</LF:end>
<   </rdf:Description>
< </rdf:RDF>
< </terms></utt><utt><words><lisp>(W::WEARING W::A W::DARK W::GREEN W::HAT W::PUNC-COMMA)</lisp><word>WEARING</word><word>A</word><word>DARK</word><word>GREEN</word><word>HAT</word><word>PUNC-COMMA</word></words><tags><lisp>((WORD &quot;wearing&quot; :FRAME (34 41) :SENSE-INFO
<   ((:PENN-PARTS-OF-SPEECH (VBG) :TRIPS-PARTS-OF-SPEECH (W::V))) :UTTNUM 29
<   :CHANNEL DESKTOP :DIRECTION INPUT)
<  (WORD &quot;a&quot; :FRAME (42 43) :SENSE-INFO
<   ((:PENN-PARTS-OF-SPEECH (DT) :TRIPS-PARTS-OF-SPEECH (W::ART W::QUAN W::PRO)))
<   :UTTNUM 29 :CHANNEL DESKTOP :DIRECTION INPUT)
<  (WORD &quot;dark&quot; :FRAME (44 48) :SENSE-INFO
<   ((:PENN-PARTS-OF-SPEECH (JJ) :TRIPS-PARTS-OF-SPEECH (W::ADJ))) :UTTNUM 29
<   :CHANNEL DESKTOP :DIRECTION INPUT)
<  (WORD &quot;green&quot; :FRAME (49 54) :SENSE-INFO
<   ((:PENN-PARTS-OF-SPEECH (NN JJ) :TRIPS-PARTS-OF-SPEECH (W::N W::ADJ)))
<   :UTTNUM 29 :CHANNEL DESKTOP :DIRECTION INPUT)
<  (WORD &quot;hat&quot; :FRAME (55 58) :SENSE-INFO
<   ((:PENN-PARTS-OF-SPEECH (NN) :TRIPS-PARTS-OF-SPEECH (W::N))) :UTTNUM 29
<   :CHANNEL DESKTOP :DIRECTION INPUT)
<  (PREFER &quot;a dark green hat&quot; :FRAME (42 58) :PENN-CATS (NP) :TRIPS-CATS (W::NP)
<   :SCORE 33.578 :UTTNUM 29 :CHANNEL DESKTOP :DIRECTION INPUT)
<  (WORD &quot;,&quot; :FRAME (59 59) :SENSE-INFO
<   ((:PENN-PARTS-OF-SPEECH (COMMA) :TRIPS-PARTS-OF-SPEECH (W::PUNC))) :UTTNUM 29
<   :CHANNEL DESKTOP :DIRECTION INPUT))</lisp><word lex="wearing" start="34" end="41"><sense-info penn-parts-of-speech="VBG" trips-parts-of-speech="V" /></word><word lex="a" start="42" end="43"><sense-info penn-parts-of-speech="DT" trips-parts-of-speech="ART,QUAN,PRO" /></word><word lex="dark" start="44" end="48"><sense-info penn-parts-of-speech="JJ" trips-parts-of-speech="ADJ" /></word><word lex="green" start="49" end="54"><sense-info penn-parts-of-speech="NN,JJ" trips-parts-of-speech="N,ADJ" /></word><word lex="hat" start="55" end="58"><sense-info penn-parts-of-speech="NN" trips-parts-of-speech="N" /></word><prefer text="a dark green hat" start="42" end="58" penn-cats="NP" score="33.578" /><word lex="," start="59" end="59"><sense-info penn-parts-of-speech="COMMA" trips-parts-of-speech="PUNC" /></word></tags><tree><lisp>(VP
<  (VP- (V WEARING)
<   (NP
<    (NP (SPEC (DET (ART A)))
<     (N1 (ADJP (ADJ1 (ADJ DARK))) (N1 (ADJP (ADJ1 (ADJ GREEN))) (N1 (N HAT)))))
<    (PUNC PUNC-COMMA))))</lisp><VP><VP-><V>WEARING</V><NP><NP><SPEC><DET><ART>A</ART></DET></SPEC><N1><ADJP><ADJ1><ADJ>DARK</ADJ></ADJ1></ADJP><N1><ADJP><ADJ1><ADJ>GREEN</ADJ></ADJ1></ADJP><N1><N>HAT</N></N1></N1></N1></NP><PUNC>PUNC-COMMA</PUNC></NP></VP-></VP></tree><terms root="#V180291"><lisp>((ONT::F ONT::V180291 (:* ONT::WEAR W::WEAR) :NEUTRAL ONT::V180356 :VFORM
<   W::ING :START 34 :END 59)
<  (ONT::A ONT::V180356 (:* ONT::ATTIRE W::HAT) :MOD ONT::V180338 :MOD
<   ONT::V180345 :START 42 :END 59)
<  (ONT::F ONT::V180338 (:* ONT::DARK-VAL W::DARK) :FIGURE ONT::V180356 :START 44
<   :END 49)
<  (ONT::F ONT::V180345 (:* ONT::GREEN W::GREEN) :FIGURE ONT::V180356 :SCALE
<   ONT::GREEN*1--07--00 :START 49 :END 55))</lisp><rdf:RDF
<   xmlns:rdf="http://www.w3.org/1999/02/22-rdf-syntax-ns#"
<   xmlns:role="http://www.cs.rochester.edu/research/trips/role#"
<   xmlns:LF="http://www.cs.rochester.edu/research/trips/LF#">
<   <rdf:Description rdf:ID="V180291">
<     <LF:indicator>F</LF:indicator>
<     <LF:type>WEAR</LF:type>
<     <LF:word>WEAR</LF:word>
<     <role:NEUTRAL rdf:resource="#V180356" />
<     <role:VFORM>ING</role:VFORM>
<     <LF:start>34</LF:start>
<     <LF:end>59</LF:end>
<   </rdf:Description>
<   <rdf:Description rdf:ID="V180356">
<     <LF:indicator>A</LF:indicator>
<     <LF:type>ATTIRE</LF:type>
<     <LF:word>HAT</LF:word>
<     <role:MOD rdf:resource="#V180338" />
<     <role:MOD rdf:resource="#V180345" />
<     <LF:start>42</LF:start>
<     <LF:end>59</LF:end>
<   </rdf:Description>
<   <rdf:Description rdf:ID="V180338">
<     <LF:indicator>F</LF:indicator>
<     <LF:type>DARK-VAL</LF:type>
<     <LF:word>DARK</LF:word>
<     <role:FIGURE rdf:resource="#V180356" />
<     <LF:start>44</LF:start>
<     <LF:end>49</LF:end>
<   </rdf:Description>
<   <rdf:Description rdf:ID="V180345">
<     <LF:indicator>F</LF:indicator>
<     <LF:type>GREEN</LF:type>
<     <LF:word>GREEN</LF:word>
<     <role:FIGURE rdf:resource="#V180356" />
<     <role:SCALE>GREEN*1--07--00</role:SCALE>
<     <LF:start>49</LF:start>
<     <LF:end>55</LF:end>
<   </rdf:Description>
< </rdf:RDF>
< </terms></utt></compound-communication-act>
< <utt><words><lisp>(W::A W::GREY W::PULLOVER W::WITH W::BLUE W::SLEEVES W::AND W::A W::LIGHT
<  W::BLUE W::AND W::YELLOW W::NECKLACE W::PUNC-PERIOD)</lisp><word>A</word><word>GREY</word><word>PULLOVER</word><word>WITH</word><word>BLUE</word><word>SLEEVES</word><word>AND</word><word>A</word><word>LIGHT</word><word>BLUE</word><word>AND</word><word>YELLOW</word><word>NECKLACE</word><word>PUNC-PERIOD</word></words><tags><lisp>((WORD &quot;a&quot; :FRAME (61 62) :SENSE-INFO
<   ((:PENN-PARTS-OF-SPEECH (DT) :TRIPS-PARTS-OF-SPEECH (W::ART W::QUAN W::PRO)))
<   :UTTNUM 29 :CHANNEL DESKTOP :DIRECTION INPUT)
<  (WORD &quot;grey&quot; :FRAME (63 67) :SENSE-INFO
<   ((:PENN-PARTS-OF-SPEECH (NN JJ) :TRIPS-PARTS-OF-SPEECH (W::N W::ADJ)
<     :ALTERNATE-SPELLINGS (&quot;gray&quot;)))
<   :UTTNUM 29 :CHANNEL DESKTOP :DIRECTION INPUT)
<  (WORD &quot;pullover&quot; :FRAME (68 76) :SENSE-INFO
<   ((:PENN-PARTS-OF-SPEECH (NN) :TRIPS-PARTS-OF-SPEECH (W::N))) :UTTNUM 29
<   :CHANNEL DESKTOP :DIRECTION INPUT)
<  (PREFER &quot;a grey pullover&quot; :FRAME (61 76) :PENN-CATS (NP) :TRIPS-CATS (W::NP)
<   :SCORE 25.395 :UTTNUM 29 :CHANNEL DESKTOP :DIRECTION INPUT)
<  (WORD &quot;with&quot; :FRAME (77 81) :SENSE-INFO
<   ((:PENN-PARTS-OF-SPEECH (IN) :TRIPS-PARTS-OF-SPEECH (W::PREP W::ADV)))
<   :UTTNUM 29 :CHANNEL DESKTOP :DIRECTION INPUT)
<  (WORD &quot;blue&quot; :FRAME (82 86) :SENSE-INFO
<   ((:PENN-PARTS-OF-SPEECH (JJ) :TRIPS-PARTS-OF-SPEECH (W::ADJ))) :UTTNUM 29
<   :CHANNEL DESKTOP :DIRECTION INPUT)
<  (WORD &quot;sleeves&quot; :FRAME (87 94) :SENSE-INFO
<   ((:PENN-PARTS-OF-SPEECH (NNS) :TRIPS-PARTS-OF-SPEECH (W::N))) :UTTNUM 29
<   :CHANNEL DESKTOP :DIRECTION INPUT)
<  (PREFER &quot;blue sleeves&quot; :FRAME (82 94) :PENN-CATS (NP) :TRIPS-CATS (W::NP)
<   :SCORE 22.323 :UTTNUM 29 :CHANNEL DESKTOP :DIRECTION INPUT)
<  (PREFER &quot;with blue sleeves&quot; :FRAME (77 94) :PENN-CATS (PP) :TRIPS-CATS (W::PP)
<   :SCORE 26.122 :UTTNUM 29 :CHANNEL DESKTOP :DIRECTION INPUT)
<  (PREFER &quot;a grey pullover with blue sleeves&quot; :FRAME (61 94) :PENN-CATS (NP)
<   :TRIPS-CATS (W::NP) :SCORE 52.179 :UTTNUM 29 :CHANNEL DESKTOP :DIRECTION
<   INPUT)
<  (WORD &quot;and&quot; :FRAME (95 98) :SENSE-INFO
<   ((:PENN-PARTS-OF-SPEECH (CC) :TRIPS-PARTS-OF-SPEECH (W::CONJ))) :UTTNUM 29
<   :CHANNEL DESKTOP :DIRECTION INPUT)
<  (WORD &quot;a&quot; :FRAME (99 100) :SENSE-INFO
<   ((:PENN-PARTS-OF-SPEECH (DT) :TRIPS-PARTS-OF-SPEECH (W::ART W::QUAN W::PRO)))
<   :UTTNUM 29 :CHANNEL DESKTOP :DIRECTION INPUT)
<  (WORD &quot;light&quot; :FRAME (101 106) :SENSE-INFO
<   ((:PENN-PARTS-OF-SPEECH (NN JJ) :TRIPS-PARTS-OF-SPEECH (W::N W::ADJ)))
<   :UTTNUM 29 :CHANNEL DESKTOP :DIRECTION INPUT)
<  (WORD &quot;blue&quot; :FRAME (107 111) :SENSE-INFO
<   ((:PENN-PARTS-OF-SPEECH (JJ) :TRIPS-PARTS-OF-SPEECH (W::ADJ))) :UTTNUM 29
<   :CHANNEL DESKTOP :DIRECTION INPUT)
<  (WORD &quot;and&quot; :FRAME (112 115) :SENSE-INFO
<   ((:PENN-PARTS-OF-SPEECH (CC) :TRIPS-PARTS-OF-SPEECH (W::CONJ))) :UTTNUM 29
<   :CHANNEL DESKTOP :DIRECTION INPUT)
<  (WORD &quot;yellow&quot; :FRAME (116 122) :SENSE-INFO
<   ((:PENN-PARTS-OF-SPEECH (JJ) :TRIPS-PARTS-OF-SPEECH (W::ADJ))) :UTTNUM 29
<   :CHANNEL DESKTOP :DIRECTION INPUT)
<  (PREFER &quot;blue and yellow&quot; :FRAME (107 122) :PENN-CATS (ADJP) :TRIPS-CATS
<   (W::ADJP) :SCORE 20.621 :UTTNUM 29 :CHANNEL DESKTOP :DIRECTION INPUT)
<  (WORD &quot;necklace&quot; :FRAME (123 131) :SENSE-INFO
<   ((:PENN-PARTS-OF-SPEECH (NN) :TRIPS-PARTS-OF-SPEECH (W::N))) :UTTNUM 29
<   :CHANNEL DESKTOP :DIRECTION INPUT)
<  (PREFER &quot;a light blue and yellow necklace&quot; :FRAME (99 131) :PENN-CATS (NP)
<   :TRIPS-CATS (W::NP) :SCORE 47.141 :UTTNUM 29 :CHANNEL DESKTOP :DIRECTION
<   INPUT)
<  (WORD &quot;.&quot; :FRAME (132 132) :SENSE-INFO
<   ((:PENN-PARTS-OF-SPEECH (FULL_STOP) :TRIPS-PARTS-OF-SPEECH (W::PUNC)))
<   :UTTNUM 29 :CHANNEL DESKTOP :DIRECTION INPUT))</lisp><word lex="a" start="61" end="62"><sense-info penn-parts-of-speech="DT" trips-parts-of-speech="ART,QUAN,PRO" /></word><word lex="grey" start="63" end="67"><sense-info penn-parts-of-speech="NN,JJ" trips-parts-of-speech="N,ADJ" alternate-spellings="gray" /></word><word lex="pullover" start="68" end="76"><sense-info penn-parts-of-speech="NN" trips-parts-of-speech="N" /></word><prefer text="a grey pullover" start="61" end="76" penn-cats="NP" score="25.395" /><word lex="with" start="77" end="81"><sense-info penn-parts-of-speech="IN" trips-parts-of-speech="PREP,ADV" /></word><word lex="blue" start="82" end="86"><sense-info penn-parts-of-speech="JJ" trips-parts-of-speech="ADJ" /></word><word lex="sleeves" start="87" end="94"><sense-info penn-parts-of-speech="NNS" trips-parts-of-speech="N" /></word><prefer text="blue sleeves" start="82" end="94" penn-cats="NP" score="22.323" /><prefer text="with blue sleeves" start="77" end="94" penn-cats="PP" score="26.122" /><prefer text="a grey pullover with blue sleeves" start="61" end="94" penn-cats="NP" score="52.179" /><word lex="and" start="95" end="98"><sense-info penn-parts-of-speech="CC" trips-parts-of-speech="CONJ" /></word><word lex="a" start="99" end="100"><sense-info penn-parts-of-speech="DT" trips-parts-of-speech="ART,QUAN,PRO" /></word><word lex="light" start="101" end="106"><sense-info penn-parts-of-speech="NN,JJ" trips-parts-of-speech="N,ADJ" /></word><word lex="blue" start="107" end="111"><sense-info penn-parts-of-speech="JJ" trips-parts-of-speech="ADJ" /></word><word lex="and" start="112" end="115"><sense-info penn-parts-of-speech="CC" trips-parts-of-speech="CONJ" /></word><word lex="yellow" start="116" end="122"><sense-info penn-parts-of-speech="JJ" trips-parts-of-speech="ADJ" /></word><prefer text="blue and yellow" start="107" end="122" penn-cats="ADJP" score="20.621" /><word lex="necklace" start="123" end="131"><sense-info penn-parts-of-speech="NN" trips-parts-of-speech="N" /></word><prefer text="a light blue and yellow necklace" start="99" end="131" penn-cats="NP" score="47.141" /><word lex="." start="132" end="132"><sense-info penn-parts-of-speech="FULL_STOP" trips-parts-of-speech="PUNC" /></word></tags><tree><lisp>(UTT
<  (UTT
<   (NP
<    (NP (SPEC (DET (ART A)))
<     (N1 (N1 (ADJP (ADJ1 (ADJ GREY))) (N1 (N PULLOVER)))
<      (ADVBL (ADV WITH) (NP (N1 (ADJP (ADJ1 (ADJ BLUE))) (N1 (N SLEEVES)))))))
<    (CONJ AND)
<    (NP (SPEC (DET (ART A)))
<     (N1 (ADJP (ADJ1 (ADJ LIGHT)))
<      (N1 (ADJP (ADJP (ADJ1 (ADJ BLUE))) (CONJ AND) (ADJP (ADJ1 (ADJ YELLOW))))
<       (N1 (N NECKLACE)))))))
<  (PUNC PUNC-PERIOD))</lisp><UTT><UTT><NP><NP><SPEC><DET><ART>A</ART></DET></SPEC><N1><N1><ADJP><ADJ1><ADJ>GREY</ADJ></ADJ1></ADJP><N1><N>PULLOVER</N></N1></N1><ADVBL><ADV>WITH</ADV><NP><N1><ADJP><ADJ1><ADJ>BLUE</ADJ></ADJ1></ADJP><N1><N>SLEEVES</N></N1></N1></NP></ADVBL></N1></NP><CONJ>AND</CONJ><NP><SPEC><DET><ART>A</ART></DET></SPEC><N1><ADJP><ADJ1><ADJ>LIGHT</ADJ></ADJ1></ADJP><N1><ADJP><ADJP><ADJ1><ADJ>BLUE</ADJ></ADJ1></ADJP><CONJ>AND</CONJ><ADJP><ADJ1><ADJ>YELLOW</ADJ></ADJ1></ADJP></ADJP><N1><N>NECKLACE</N></N1></N1></N1></NP></NP></UTT><PUNC>PUNC-PERIOD</PUNC></UTT></tree><terms root="#V190604"><lisp>((ONT::SPEECHACT ONT::V190604 ONT::SA_IDENTIFY :PUNCTYPE W::DECL :CONTENT
<   ONT::V189647 :START 61 :END 132)
<  (ONT::INDEF-SET ONT::V189647 ONT::MANUFACTURED-OBJECT :OPERATOR ONT::AND
<   :SEQUENCE (ONT::V189617 ONT::V189744) :START 61 :END 132)
<  (ONT::A ONT::V189617 (:* ONT::ATTIRE W::PULLOVER) :MOD ONT::V189621 :MOD
<   ONT::V189607 :START 61 :END 95)
<  (ONT::F ONT::V189607 (:* ONT::GRAY W::GREY) :FIGURE ONT::V189617 :SCALE
<   ONT::GREYNESS*1--07--00 :START 63 :END 68)
<  (ONT::F ONT::V189621 (:* ONT::ASSOC-WITH W::WITH) :GROUND ONT::V189640 :FIGURE
<   ONT::V189617 :START 77 :END 95)
<  (ONT::INDEF-SET ONT::V189640 (:* ONT::COVERING W::SLEEVES) :MOD ONT::V189633
<   :START 82 :END 95)
<  (ONT::F ONT::V189633 (:* ONT::BLUE W::BLUE) :FIGURE ONT::V189640 :SCALE
<   ONT::COLOR-SCALE :START 82 :END 87)
<  (ONT::A ONT::V189744 (:* ONT::MANUFACTURED-OBJECT W::NECKLACE) :MOD
<   ONT::V189699 :MOD ONT::V189790 :START 99 :END 132)
<  (ONT::F ONT::V189699 (:* ONT::LIGHT-IN-COLOR-VAL W::LIGHT) :FIGURE
<   ONT::V189744 :START 101 :END 107)
<  (ONT::F ONT::V189790 ONT::COLOR-VAL :SEQUENCE (ONT::V189722 ONT::V189738)
<   :OPERATOR ONT::AND :START 107 :END 123)
<  (ONT::F ONT::V189722 (:* ONT::BLUE W::BLUE) :FIGURE ONT::V189744 :SCALE
<   ONT::COLOR-SCALE :START 107 :END 112)
<  (ONT::F ONT::V189738 (:* ONT::YELLOW W::YELLOW) :FIGURE ONT::V189744 :SCALE
<   ONT::YELLOW*1--07--00 :START 116 :END 123))</lisp><rdf:RDF
<   xmlns:rdf="http://www.w3.org/1999/02/22-rdf-syntax-ns#"
<   xmlns:role="http://www.cs.rochester.edu/research/trips/role#"
<   xmlns:LF="http://www.cs.rochester.edu/research/trips/LF#">
<   <rdf:Description rdf:ID="V190604">
<     <LF:indicator>SPEECHACT</LF:indicator>
<     <LF:type>SA_IDENTIFY</LF:type>
<     <role:PUNCTYPE>DECL</role:PUNCTYPE>
<     <role:CONTENT rdf:resource="#V189647" />
<     <LF:start>61</LF:start>
<     <LF:end>132</LF:end>
<   </rdf:Description>
<   <rdf:Description rdf:ID="V189647">
<     <LF:indicator>INDEF-SET</LF:indicator>
<     <LF:type>MANUFACTURED-OBJECT</LF:type>
<     <role:OPERATOR>AND</role:OPERATOR>
<     <role:SEQUENCE rdf:resource="#V189617" />
<     <role:SEQUENCE1 rdf:resource="#V189744" />
<     <LF:start>61</LF:start>
<     <LF:end>132</LF:end>
<   </rdf:Description>
<   <rdf:Description rdf:ID="V189617">
<     <LF:indicator>A</LF:indicator>
<     <LF:type>ATTIRE</LF:type>
<     <LF:word>PULLOVER</LF:word>
<     <role:MOD rdf:resource="#V189621" />
<     <role:MOD rdf:resource="#V189607" />
<     <LF:start>61</LF:start>
<     <LF:end>95</LF:end>
<   </rdf:Description>
<   <rdf:Description rdf:ID="V189607">
<     <LF:indicator>F</LF:indicator>
<     <LF:type>GRAY</LF:type>
<     <LF:word>GREY</LF:word>
<     <role:FIGURE rdf:resource="#V189617" />
<     <role:SCALE>GREYNESS*1--07--00</role:SCALE>
<     <LF:start>63</LF:start>
<     <LF:end>68</LF:end>
<   </rdf:Description>
<   <rdf:Description rdf:ID="V189621">
<     <LF:indicator>F</LF:indicator>
<     <LF:type>ASSOC-WITH</LF:type>
<     <LF:word>WITH</LF:word>
<     <role:GROUND rdf:resource="#V189640" />
<     <role:FIGURE rdf:resource="#V189617" />
<     <LF:start>77</LF:start>
<     <LF:end>95</LF:end>
<   </rdf:Description>
<   <rdf:Description rdf:ID="V189640">
<     <LF:indicator>INDEF-SET</LF:indicator>
<     <LF:type>COVERING</LF:type>
<     <LF:word>SLEEVES</LF:word>
<     <role:MOD rdf:resource="#V189633" />
<     <LF:start>82</LF:start>
<     <LF:end>95</LF:end>
<   </rdf:Description>
<   <rdf:Description rdf:ID="V189633">
<     <LF:indicator>F</LF:indicator>
<     <LF:type>BLUE</LF:type>
<     <LF:word>BLUE</LF:word>
<     <role:FIGURE rdf:resource="#V189640" />
<     <role:SCALE>COLOR-SCALE</role:SCALE>
<     <LF:start>82</LF:start>
<     <LF:end>87</LF:end>
<   </rdf:Description>
<   <rdf:Description rdf:ID="V189744">
<     <LF:indicator>A</LF:indicator>
<     <LF:type>MANUFACTURED-OBJECT</LF:type>
<     <LF:word>NECKLACE</LF:word>
<     <role:MOD rdf:resource="#V189699" />
<     <role:MOD rdf:resource="#V189790" />
<     <LF:start>99</LF:start>
<     <LF:end>132</LF:end>
<   </rdf:Description>
<   <rdf:Description rdf:ID="V189699">
<     <LF:indicator>F</LF:indicator>
<     <LF:type>LIGHT-IN-COLOR-VAL</LF:type>
<     <LF:word>LIGHT</LF:word>
<     <role:FIGURE rdf:resource="#V189744" />
<     <LF:start>101</LF:start>
<     <LF:end>107</LF:end>
<   </rdf:Description>
<   <rdf:Description rdf:ID="V189790">
<     <LF:indicator>F</LF:indicator>
<     <LF:type>COLOR-VAL</LF:type>
<     <role:SEQUENCE rdf:resource="#V189722" />
<     <role:SEQUENCE1 rdf:resource="#V189738" />
<     <role:OPERATOR>AND</role:OPERATOR>
<     <LF:start>107</LF:start>
<     <LF:end>123</LF:end>
<   </rdf:Description>
<   <rdf:Description rdf:ID="V189722">
<     <LF:indicator>F</LF:indicator>
<     <LF:type>BLUE</LF:type>
<     <LF:word>BLUE</LF:word>
<     <role:FIGURE rdf:resource="#V189744" />
<     <role:SCALE>COLOR-SCALE</role:SCALE>
<     <LF:start>107</LF:start>
<     <LF:end>112</LF:end>
<   </rdf:Description>
<   <rdf:Description rdf:ID="V189738">
<     <LF:indicator>F</LF:indicator>
<     <LF:type>YELLOW</LF:type>
<     <LF:word>YELLOW</LF:word>
<     <role:FIGURE rdf:resource="#V189744" />
<     <role:SCALE>YELLOW*1--07--00</role:SCALE>
<     <LF:start>116</LF:start>
<     <LF:end>123</LF:end>
<   </rdf:Description>
< </rdf:RDF>
< </terms></utt></trips-parser-output>
\ No newline at end of file
---
> <SpRL>
>  <SCENE>
>   <SENTENCE id="s1" indicator="A" type="FEMALE-CHILD" text="GIRL" start="0" end="34">
>    <TEXT>a dark-haired , dark-skinned girl w</TEXT>
>    <RELATION id="1" head="V180285" res="V180251" label="MOD"/>
>    <RELATION id="2" head="V180285" res="V180258" label="MOD"/>
>    <RELATION id="3" head="V180285" res="V180268" label="MOD"/>
>    <PHRASE id="V180251" indicator="F" type="MODIFIER" text="DARK-PUNC-MINUS-HAIRED" start="2" end="14" WNSENSE="dark-haired%5:00:00"/>
>    <RELATION id="4" head="V180251" res="V180285" label="FIGURE"/>
>    <PHRASE id="V180258" indicator="F" type="DARK-IN-COLOR-VAL" text="DARK" start="16" end="20"/>
>    <RELATION id="5" head="V180258" res="V180285" label="FIGURE"/>
>    <PHRASE id="V180268" indicator="F" type="MOVE" text="SKINNED" start="21" end="29"/>
>    <RELATION id="6" head="V180268" res="V180285" label="AFFECTED"/>
>   </SENTENCE>
>   <SENTENCE id="s2" indicator="F" type="WEAR" text="WEAR" VFORM="ING" start="34" end="59">
>    <TEXT>wearing a dark green hat ,</TEXT>
>    <RELATION id="7" head="V180291" res="V180356" label="NEUTRAL"/>
>    <PHRASE id="V180356" indicator="A" type="ATTIRE" text="HAT" start="42" end="59"/>
>    <RELATION id="8" head="V180356" res="V180338" label="MOD"/>
>    <RELATION id="9" head="V180356" res="V180345" label="MOD"/>
>    <PHRASE id="V180338" indicator="F" type="DARK-VAL" text="DARK" start="44" end="49"/>
>    <RELATION id="10" head="V180338" res="V180356" label="FIGURE"/>
>    <PHRASE id="V180345" indicator="F" type="GREEN" text="GREEN" SCALE="GREEN*1--07--00" start="49" end="55"/>
>    <RELATION id="11" head="V180345" res="V180356" label="FIGURE"/>
>   </SENTENCE>
>   <SENTENCE id="s3" indicator="SPEECHACT" type="SA_IDENTIFY" PUNCTYPE="DECL" start="61" end="132">
>    <TEXT>a grey pullover with blue sleeves and a light blue and yellow necklace .</TEXT>
>    <RELATION id="12" head="V190604" res="V189647" label="CONTENT"/>
>    <PHRASE id="V189647" indicator="INDEF-SET" type="MANUFACTURED-OBJECT" OPERATOR="AND" start="61" end="132"/>
>    <RELATION id="13" head="V189647" res="V189617" label="SEQUENCE"/>
>    <RELATION id="14" head="V189647" res="V189744" label="SEQUENCE1"/>
>    <PHRASE id="V189617" indicator="A" type="ATTIRE" text="PULLOVER" start="61" end="95"/>
>    <RELATION id="15" head="V189617" res="V189621" label="MOD"/>
>    <RELATION id="16" head="V189617" res="V189607" label="MOD"/>
>    <PHRASE id="V189607" indicator="F" type="GRAY" text="GREY" SCALE="GREYNESS*1--07--00" start="63" end="68"/>
>    <RELATION id="17" head="V189607" res="V189617" label="FIGURE"/>
>    <PHRASE id="V189621" indicator="F" type="ASSOC-WITH" text="WITH" start="77" end="95"/>
>    <RELATION id="18" head="V189621" res="V189640" label="GROUND"/>
>    <RELATION id="19" head="V189621" res="V189617" label="FIGURE"/>
>    <PHRASE id="V189640" indicator="INDEF-SET" type="COVERING" text="SLEEVES" start="82" end="95"/>
>    <RELATION id="20" head="V189640" res="V189633" label="MOD"/>
>    <PHRASE id="V189633" indicator="F" type="BLUE" text="BLUE" SCALE="COLOR-SCALE" start="82" end="87"/>
>    <RELATION id="21" head="V189633" res="V189640" label="FIGURE"/>
>    <PHRASE id="V189744" indicator="A" type="MANUFACTURED-OBJECT" text="NECKLACE" start="99" end="132"/>
>    <RELATION id="22" head="V189744" res="V189699" label="MOD"/>
>    <RELATION id="23" head="V189744" res="V189790" label="MOD"/>
>    <PHRASE id="V189699" indicator="F" type="LIGHT-IN-COLOR-VAL" text="LIGHT" start="101" end="107"/>
>    <RELATION id="24" head="V189699" res="V189744" label="FIGURE"/>
>    <PHRASE id="V189790" indicator="F" type="COLOR-VAL" OPERATOR="AND" start="107" end="123"/>
>    <RELATION id="25" head="V189790" res="V189722" label="SEQUENCE"/>
>    <RELATION id="26" head="V189790" res="V189738" label="SEQUENCE1"/>
>    <PHRASE id="V189722" indicator="F" type="BLUE" text="BLUE" SCALE="COLOR-SCALE" start="107" end="112"/>
>    <RELATION id="27" head="V189722" res="V189744" label="FIGURE"/>
>    <PHRASE id="V189738" indicator="F" type="YELLOW" text="YELLOW" SCALE="YELLOW*1--07--00" start="116" end="123"/>
>    <RELATION id="28" head="V189738" res="V189744" label="FIGURE"/>
>   </SENTENCE>
>  </SCENE>
> </SpRL>
