2,291c2,29
< <?xml-stylesheet type="text/xsl" href="../style/parser-interface.xsl"?>
< <!DOCTYPE trips-parser-output SYSTEM "../trips-parser-output.dtd">
< <trips-parser-output parser-build-date="2017-09-20T12:11:02-0500" system="STEP" extsformat="svg" tagsformat="hidden" treecontents="phrase" treeformat="LinGO" lfformat="svg" semantic-skeleton-scoring="T" rule-sets="" input="there is a large window , a blackboard and a shelf at the back of the classroom .
< ">
< <debug>
< 
<  FOUNDS SEQUENCE from constit (% W::NP (W::BARE-SEQUENCE -) (W::CONSTRAINT -)
<                                  (W::MASS W::BARE) (W::GENERATED +)
<                                  (W::POSTADVBL +)
<                                  (W::SEM ?8607:(?48077:(F::PHYS-OBJ
<                                                         F::ABSTR-OBJ) NIL))
<                                  (W::LF (% W::DESCRIPTION (W::STATUS ONT::DEFINITE)
<                                            (W::VAR V48343)
<                                            (W::SORT W::INDIVIDUAL)
<                                            (W::LEX (W::A))
<                                            (W::CLASS ONT::SEQUENCE)
<                                            (W::CONSTRAINT (% &amp; (W::NAME-OF (W::A))
<                                                              (W::VAL (W::A))))
<                                            (W::LEX W::A) (W::SEM ?48075)
<                                            (W::TRANSFORM ?48076)))
<                                  (W::CASE ?48074:(W::SUB W::OBJ -))
<                                  (W::AGR ?48073) (W::CLASS ONT::ANY-SEM)
<                                  (W::VAR V48343) (W::SORT W::PRED) (W::NAME -)
<                                  (W::PRO -) (W::CHANGEAGR -) (W::LEX W::A)
<                                  (W::HEADCAT W::VALUE) (W::TRANSFORM -)
<                                  (W::REFL -) (1 RNUMBER48412))
< 
<  FOUNDS SEQUENCE from constit (% W::NP (W::BARE-SEQUENCE -) (W::CONSTRAINT -)
<                                  (W::MASS W::BARE) (W::GENERATED +)
<                                  (W::POSTADVBL +)
<                                  (W::SEM ?8607:(?48413:(F::PHYS-OBJ
<                                                         F::ABSTR-OBJ) NIL))
<                                  (W::LF (% W::DESCRIPTION (W::STATUS ONT::DEFINITE)
<                                            (W::VAR V48346)
<                                            (W::SORT W::INDIVIDUAL)
<                                            (W::LEX (W::A))
<                                            (W::CLASS ONT::SEQUENCE)
<                                            (W::CONSTRAINT (% &amp; (W::NAME-OF (W::A))
<                                                              (W::VAL (W::A))))
<                                            (W::LEX W::A) (W::SEM ?48411)
<                                            (W::TRANSFORM ?48412)))
<                                  (W::CASE ?48410:(W::SUB W::OBJ -))
<                                  (W::AGR ?48409) (W::CLASS ONT::ANY-SEM)
<                                  (W::VAR V48346) (W::SORT W::PRED) (W::NAME -)
<                                  (W::PRO -) (W::CHANGEAGR -) (W::LEX W::A)
<                                  (W::HEADCAT W::VALUE) (W::TRANSFORM -)
<                                  (W::REFL -) (1 RNUMBER48414))
< 
<  FOUNDS SEQUENCE from constit (% W::NP (W::BARE-SEQUENCE -) (W::CONSTRAINT -)
<                                  (W::MASS W::BARE) (W::GENERATED +)
<                                  (W::POSTADVBL +)
<                                  (W::SEM ?8607:(?48726:(F::PHYS-OBJ
<                                                         F::ABSTR-OBJ) NIL))
<                                  (W::LF (% W::DESCRIPTION (W::STATUS ONT::DEFINITE)
<                                            (W::VAR V48349)
<                                            (W::SORT W::INDIVIDUAL)
<                                            (W::LEX (W::A))
<                                            (W::CLASS ONT::SEQUENCE)
<                                            (W::CONSTRAINT (% &amp; (W::NAME-OF (W::A))
<                                                              (W::VAL (W::A))))
<                                            (W::LEX W::A) (W::SEM ?48724)
<                                            (W::TRANSFORM ?48725)))
<                                  (W::CASE ?48723:(W::SUB W::OBJ -))
<                                  (W::AGR ?48722) (W::CLASS ONT::ANY-SEM)
<                                  (W::VAR V48349) (W::SORT W::PRED) (W::NAME -)
<                                  (W::PRO -) (W::CHANGEAGR -) (W::LEX W::A)
<                                  (W::HEADCAT W::VALUE) (W::TRANSFORM -)
<                                  (W::REFL -) (1 RNUMBER48416))
< *last-utt-id*=NIL  utt-id+3
< *last-utt-id*=3  utt-id+NIL</debug><utt><words><lisp>(W::THERE W::IS W::A W::LARGE W::WINDOW W::PUNC-COMMA W::A W::BLACKBOARD W::AND
<  W::A W::SHELF W::AT W::THE W::BACK W::OF W::THE W::CLASSROOM W::PUNC-PERIOD)</lisp><word>THERE</word><word>IS</word><word>A</word><word>LARGE</word><word>WINDOW</word><word>PUNC-COMMA</word><word>A</word><word>BLACKBOARD</word><word>AND</word><word>A</word><word>SHELF</word><word>AT</word><word>THE</word><word>BACK</word><word>OF</word><word>THE</word><word>CLASSROOM</word><word>PUNC-PERIOD</word></words><tags><lisp>((WORD &quot;there&quot; :FRAME (0 5) :SENSE-INFO
<   ((:PENN-PARTS-OF-SPEECH (EX) :TRIPS-PARTS-OF-SPEECH (W::PRO))) :UTTNUM 3
<   :CHANNEL DESKTOP :DIRECTION INPUT)
<  (PREFER &quot;there&quot; :FRAME (0 5) :PENN-CATS (NP) :TRIPS-CATS (W::NP) :SCORE 4.519
<   :UTTNUM 3 :CHANNEL DESKTOP :DIRECTION INPUT)
<  (WORD &quot;is&quot; :FRAME (6 8) :SENSE-INFO
<   ((:PENN-PARTS-OF-SPEECH (VBZ) :TRIPS-PARTS-OF-SPEECH (W::V))) :UTTNUM 3
<   :CHANNEL DESKTOP :DIRECTION INPUT)
<  (WORD &quot;a&quot; :FRAME (9 10) :SENSE-INFO
<   ((:PENN-PARTS-OF-SPEECH (DT) :TRIPS-PARTS-OF-SPEECH (W::ART W::QUAN W::PRO)))
<   :UTTNUM 3 :CHANNEL DESKTOP :DIRECTION INPUT)
<  (WORD &quot;large&quot; :FRAME (11 16) :SENSE-INFO
<   ((:PENN-PARTS-OF-SPEECH (JJ) :TRIPS-PARTS-OF-SPEECH (W::ADJ))) :UTTNUM 3
<   :CHANNEL DESKTOP :DIRECTION INPUT)
<  (WORD &quot;window&quot; :FRAME (17 23) :SENSE-INFO
<   ((:PENN-PARTS-OF-SPEECH (NN) :TRIPS-PARTS-OF-SPEECH (W::N))) :UTTNUM 3
<   :CHANNEL DESKTOP :DIRECTION INPUT)
<  (PREFER &quot;a large window&quot; :FRAME (9 23) :PENN-CATS (NP) :TRIPS-CATS (W::NP)
<   :SCORE 18.372 :UTTNUM 3 :CHANNEL DESKTOP :DIRECTION INPUT)
<  (WORD &quot;,&quot; :FRAME (24 25) :SENSE-INFO
<   ((:PENN-PARTS-OF-SPEECH (COMMA) :TRIPS-PARTS-OF-SPEECH (W::PUNC))) :UTTNUM 3
<   :CHANNEL DESKTOP :DIRECTION INPUT)
<  (WORD &quot;a&quot; :FRAME (26 27) :SENSE-INFO
<   ((:PENN-PARTS-OF-SPEECH (DT) :TRIPS-PARTS-OF-SPEECH (W::ART W::QUAN W::PRO)))
<   :UTTNUM 3 :CHANNEL DESKTOP :DIRECTION INPUT)
<  (WORD &quot;blackboard&quot; :FRAME (28 38) :SENSE-INFO
<   ((:PENN-PARTS-OF-SPEECH (NN) :TRIPS-PARTS-OF-SPEECH (W::N))) :UTTNUM 3
<   :CHANNEL DESKTOP :DIRECTION INPUT)
<  (PREFER &quot;a blackboard&quot; :FRAME (26 38) :PENN-CATS (NP) :TRIPS-CATS (W::NP)
<   :SCORE 15.171 :UTTNUM 3 :CHANNEL DESKTOP :DIRECTION INPUT)
<  (WORD &quot;and&quot; :FRAME (39 42) :SENSE-INFO
<   ((:PENN-PARTS-OF-SPEECH (CC) :TRIPS-PARTS-OF-SPEECH (W::CONJ))) :UTTNUM 3
<   :CHANNEL DESKTOP :DIRECTION INPUT)
<  (WORD &quot;a&quot; :FRAME (43 44) :SENSE-INFO
<   ((:PENN-PARTS-OF-SPEECH (DT) :TRIPS-PARTS-OF-SPEECH (W::ART W::QUAN W::PRO)))
<   :UTTNUM 3 :CHANNEL DESKTOP :DIRECTION INPUT)
<  (WORD &quot;shelf&quot; :FRAME (45 50) :SENSE-INFO
<   ((:PENN-PARTS-OF-SPEECH (NN) :TRIPS-PARTS-OF-SPEECH (W::N))) :UTTNUM 3
<   :CHANNEL DESKTOP :DIRECTION INPUT)
<  (PREFER &quot;a shelf&quot; :FRAME (43 50) :PENN-CATS (NP) :TRIPS-CATS (W::NP) :SCORE
<   12.088 :UTTNUM 3 :CHANNEL DESKTOP :DIRECTION INPUT)
<  (WORD &quot;at&quot; :FRAME (51 53) :SENSE-INFO
<   ((:PENN-PARTS-OF-SPEECH (IN) :TRIPS-PARTS-OF-SPEECH (W::PREP W::ADV)))
<   :UTTNUM 3 :CHANNEL DESKTOP :DIRECTION INPUT)
<  (WORD &quot;the&quot; :FRAME (54 57) :SENSE-INFO
<   ((:PENN-PARTS-OF-SPEECH (DT) :TRIPS-PARTS-OF-SPEECH (W::ART W::QUAN W::PRO)))
<   :UTTNUM 3 :CHANNEL DESKTOP :DIRECTION INPUT)
<  (WORD &quot;back&quot; :FRAME (58 62) :SENSE-INFO
<   ((:PENN-PARTS-OF-SPEECH (NN) :TRIPS-PARTS-OF-SPEECH (W::N))) :UTTNUM 3
<   :CHANNEL DESKTOP :DIRECTION INPUT)
<  (PREFER &quot;the back&quot; :FRAME (54 62) :PENN-CATS (NP) :TRIPS-CATS (W::NP) :SCORE
<   11.119 :UTTNUM 3 :CHANNEL DESKTOP :DIRECTION INPUT)
<  (WORD &quot;of&quot; :FRAME (63 65) :SENSE-INFO
<   ((:PENN-PARTS-OF-SPEECH (IN) :TRIPS-PARTS-OF-SPEECH (W::PREP W::ADV)))
<   :UTTNUM 3 :CHANNEL DESKTOP :DIRECTION INPUT)
<  (WORD &quot;the&quot; :FRAME (66 69) :SENSE-INFO
<   ((:PENN-PARTS-OF-SPEECH (DT) :TRIPS-PARTS-OF-SPEECH (W::ART W::QUAN W::PRO)))
<   :UTTNUM 3 :CHANNEL DESKTOP :DIRECTION INPUT)
<  (WORD &quot;classroom&quot; :FRAME (70 79) :SENSE-INFO
<   ((:PENN-PARTS-OF-SPEECH (NN) :TRIPS-PARTS-OF-SPEECH (W::N))) :UTTNUM 3
<   :CHANNEL DESKTOP :DIRECTION INPUT)
<  (PREFER &quot;the classroom&quot; :FRAME (66 79) :PENN-CATS (NP) :TRIPS-CATS (W::NP)
<   :SCORE 13.092 :UTTNUM 3 :CHANNEL DESKTOP :DIRECTION INPUT)
<  (PREFER &quot;of the classroom&quot; :FRAME (63 79) :PENN-CATS (PP) :TRIPS-CATS (W::PP)
<   :SCORE 14.16 :UTTNUM 3 :CHANNEL DESKTOP :DIRECTION INPUT)
<  (PREFER &quot;the back of the classroom&quot; :FRAME (54 79) :PENN-CATS (NP) :TRIPS-CATS
<   (W::NP) :SCORE 25.82 :UTTNUM 3 :CHANNEL DESKTOP :DIRECTION INPUT)
<  (PREFER &quot;at the back of the classroom&quot; :FRAME (51 79) :PENN-CATS (PP)
<   :TRIPS-CATS (W::PP) :SCORE 31.09 :UTTNUM 3 :CHANNEL DESKTOP :DIRECTION INPUT)
<  (PREFER &quot;a shelf at the back of the classroom&quot; :FRAME (43 79) :PENN-CATS (NP)
<   :TRIPS-CATS (W::NP) :SCORE 43.839 :UTTNUM 3 :CHANNEL DESKTOP :DIRECTION
<   INPUT)
<  (PREFER
<   &quot;a large window , a blackboard and a shelf at the back of the classroom&quot;
<   :FRAME (9 79) :PENN-CATS (NP) :TRIPS-CATS (W::NP) :SCORE 84.866 :UTTNUM 3
<   :CHANNEL DESKTOP :DIRECTION INPUT)
<  (PREFER
<   &quot;is a large window , a blackboard and a shelf at the back of the classroom&quot;
<   :FRAME (6 79) :PENN-CATS (VP) :TRIPS-CATS (W::VP) :SCORE 89.982 :UTTNUM 3
<   :CHANNEL DESKTOP :DIRECTION INPUT)
<  (WORD &quot;.&quot; :FRAME (80 80) :SENSE-INFO
<   ((:PENN-PARTS-OF-SPEECH (FULL_STOP) :TRIPS-PARTS-OF-SPEECH (W::PUNC)))
<   :UTTNUM 3 :CHANNEL DESKTOP :DIRECTION INPUT)
<  (PREFER
<   &quot;there is a large window , a blackboard and a shelf at the back of the classroom .&quot;
<   :FRAME (0 80) :PENN-CATS (S) :SCORE 95.642 :UTTNUM 3 :CHANNEL DESKTOP
<   :DIRECTION INPUT))</lisp><word lex="there" start="0" end="5"><sense-info penn-parts-of-speech="EX" trips-parts-of-speech="PRO" /></word><prefer text="there" start="0" end="5" penn-cats="NP" score="4.519" /><word lex="is" start="6" end="8"><sense-info penn-parts-of-speech="VBZ" trips-parts-of-speech="V" /></word><word lex="a" start="9" end="10"><sense-info penn-parts-of-speech="DT" trips-parts-of-speech="ART,QUAN,PRO" /></word><word lex="large" start="11" end="16"><sense-info penn-parts-of-speech="JJ" trips-parts-of-speech="ADJ" /></word><word lex="window" start="17" end="23"><sense-info penn-parts-of-speech="NN" trips-parts-of-speech="N" /></word><prefer text="a large window" start="9" end="23" penn-cats="NP" score="18.372" /><word lex="," start="24" end="25"><sense-info penn-parts-of-speech="COMMA" trips-parts-of-speech="PUNC" /></word><word lex="a" start="26" end="27"><sense-info penn-parts-of-speech="DT" trips-parts-of-speech="ART,QUAN,PRO" /></word><word lex="blackboard" start="28" end="38"><sense-info penn-parts-of-speech="NN" trips-parts-of-speech="N" /></word><prefer text="a blackboard" start="26" end="38" penn-cats="NP" score="15.171" /><word lex="and" start="39" end="42"><sense-info penn-parts-of-speech="CC" trips-parts-of-speech="CONJ" /></word><word lex="a" start="43" end="44"><sense-info penn-parts-of-speech="DT" trips-parts-of-speech="ART,QUAN,PRO" /></word><word lex="shelf" start="45" end="50"><sense-info penn-parts-of-speech="NN" trips-parts-of-speech="N" /></word><prefer text="a shelf" start="43" end="50" penn-cats="NP" score="12.088" /><word lex="at" start="51" end="53"><sense-info penn-parts-of-speech="IN" trips-parts-of-speech="PREP,ADV" /></word><word lex="the" start="54" end="57"><sense-info penn-parts-of-speech="DT" trips-parts-of-speech="ART,QUAN,PRO" /></word><word lex="back" start="58" end="62"><sense-info penn-parts-of-speech="NN" trips-parts-of-speech="N" /></word><prefer text="the back" start="54" end="62" penn-cats="NP" score="11.119" /><word lex="of" start="63" end="65"><sense-info penn-parts-of-speech="IN" trips-parts-of-speech="PREP,ADV" /></word><word lex="the" start="66" end="69"><sense-info penn-parts-of-speech="DT" trips-parts-of-speech="ART,QUAN,PRO" /></word><word lex="classroom" start="70" end="79"><sense-info penn-parts-of-speech="NN" trips-parts-of-speech="N" /></word><prefer text="the classroom" start="66" end="79" penn-cats="NP" score="13.092" /><prefer text="of the classroom" start="63" end="79" penn-cats="PP" score="14.16" /><prefer text="the back of the classroom" start="54" end="79" penn-cats="NP" score="25.82" /><prefer text="at the back of the classroom" start="51" end="79" penn-cats="PP" score="31.09" /><prefer text="a shelf at the back of the classroom" start="43" end="79" penn-cats="NP" score="43.839" /><prefer text="a large window , a blackboard and a shelf at the back of the classroom" start="9" end="79" penn-cats="NP" score="84.866" /><prefer text="is a large window , a blackboard and a shelf at the back of the classroom" start="6" end="79" penn-cats="VP" score="89.982" /><word lex="." start="80" end="80"><sense-info penn-parts-of-speech="FULL_STOP" trips-parts-of-speech="PUNC" /></word><prefer text="there is a large window , a blackboard and a shelf at the back of the classroom ." start="0" end="80" penn-cats="S" score="95.642" /></tags><tree><lisp>(UTT
<  (UTT
<   (S (NP (PRO THERE))
<    (VP
<     (VP- (V IS)
<      (NP
<       (NPSEQ
<        (NP (SPEC (DET (ART A))) (N1 (ADJP (ADJ1 (ADJ LARGE))) (N1 (N WINDOW))))
<        (PUNC PUNC-COMMA) (NP (SPEC (DET (ART A))) (N1 (N BLACKBOARD))))
<       (CONJ AND)
<       (NP (SPEC (DET (ART A)))
<        (N1 (N1 (N SHELF))
<         (ADVBL (ADV AT)
<          (NP (SPEC (DET (ART THE)))
<           (N1 (N BACK)
<            (PP (PREP OF)
<             (NP (SPEC (DET (ART THE))) (N1 (N CLASSROOM))))))))))))))
<  (PUNC PUNC-PERIOD))</lisp><UTT><UTT><S><NP><PRO>THERE</PRO></NP><VP><VP-><V>IS</V><NP><NPSEQ><NP><SPEC><DET><ART>A</ART></DET></SPEC><N1><ADJP><ADJ1><ADJ>LARGE</ADJ></ADJ1></ADJP><N1><N>WINDOW</N></N1></N1></NP><PUNC>PUNC-COMMA</PUNC><NP><SPEC><DET><ART>A</ART></DET></SPEC><N1><N>BLACKBOARD</N></N1></NP></NPSEQ><CONJ>AND</CONJ><NP><SPEC><DET><ART>A</ART></DET></SPEC><N1><N1><N>SHELF</N></N1><ADVBL><ADV>AT</ADV><NP><SPEC><DET><ART>THE</ART></DET></SPEC><N1><N>BACK</N><PP><PREP>OF</PREP><NP><SPEC><DET><ART>THE</ART></DET></SPEC><N1><N>CLASSROOM</N></N1></NP></PP></N1></NP></ADVBL></N1></NP></NP></VP-></VP></S></UTT><PUNC>PUNC-PERIOD</PUNC></UTT></tree><terms root="#V48383"><lisp>((ONT::SPEECHACT ONT::V48383 ONT::SA_TELL :PUNCTYPE W::DECL :CONTENT
<   ONT::V47190 :START 0 :END 80)
<  (ONT::F ONT::V47190 (:* ONT::EXISTS W::BE) :NEUTRAL ONT::V47306 :TENSE W::PRES
<   :START 0 :END 80)
<  (ONT::PRO ONT::V47185 ONT::EXPLETIVE :PROFORM W::THERE :START 0 :END 6)
<  (ONT::A ONT::V47306 ONT::PHYS-OBJECT :OPERATOR ONT::AND :SEQUENCE
<   (ONT::V47356 ONT::V47253 ONT::V47302) :START 9 :END 80)
<  (ONT::A ONT::V47253 (:* ONT::DISPLAY W::WINDOW) :MOD ONT::V47250 :START 9 :END
<   24)
<  (ONT::F ONT::V47250 (:* ONT::LARGE W::LARGE) :ORIENTATION ONT::MORE :INTENSITY
<   ONT::MED :FIGURE ONT::V47253 :SCALE ONT::SIZE-SCALE :START 11 :END 17)
<  (ONT::A ONT::V47302 (:* ONT::DISPLAY W::BLACKBOARD) :START 26 :END 39)
<  (ONT::A ONT::V47356 (:* ONT::FURNISHINGS W::SHELF) :LOCATION ONT::V47365
<   :START 43 :END 80)
<  (ONT::F ONT::V47365 (:* ONT::AT-LOC W::AT) :GROUND ONT::V47390 :FIGURE
<   ONT::V47356 :START 51 :END 80)
<  (ONT::THE ONT::V47390 (:* ONT::OBJECT-DEPENDENT-LOCATION W::BACK) :FIGURE
<   ONT::V47411 :START 54 :END 80)
<  (ONT::THE ONT::V47411 (:* ONT::INTERNAL-ENCLOSURE W::CLASSROOM) :START 63 :END
<   80))</lisp><rdf:RDF
<   xmlns:rdf="http://www.w3.org/1999/02/22-rdf-syntax-ns#"
<   xmlns:role="http://www.cs.rochester.edu/research/trips/role#"
<   xmlns:LF="http://www.cs.rochester.edu/research/trips/LF#">
<   <rdf:Description rdf:ID="V48383">
<     <LF:indicator>SPEECHACT</LF:indicator>
<     <LF:type>SA_TELL</LF:type>
<     <role:PUNCTYPE>DECL</role:PUNCTYPE>
<     <role:CONTENT rdf:resource="#V47190" />
<     <LF:start>0</LF:start>
<     <LF:end>80</LF:end>
<   </rdf:Description>
<   <rdf:Description rdf:ID="V47190">
<     <LF:indicator>F</LF:indicator>
<     <LF:type>EXISTS</LF:type>
<     <LF:word>BE</LF:word>
<     <role:NEUTRAL rdf:resource="#V47306" />
<     <role:TENSE>PRES</role:TENSE>
<     <LF:start>0</LF:start>
<     <LF:end>80</LF:end>
<   </rdf:Description>
<   <rdf:Description rdf:ID="V47185">
<     <LF:indicator>PRO</LF:indicator>
<     <LF:type>EXPLETIVE</LF:type>
<     <role:PROFORM>THERE</role:PROFORM>
<     <LF:start>0</LF:start>
<     <LF:end>6</LF:end>
<   </rdf:Description>
<   <rdf:Description rdf:ID="V47306">
<     <LF:indicator>A</LF:indicator>
<     <LF:type>PHYS-OBJECT</LF:type>
<     <role:OPERATOR>AND</role:OPERATOR>
<     <role:SEQUENCE rdf:resource="#V47356" />
<     <role:SEQUENCE1 rdf:resource="#V47253" />
<     <role:SEQUENCE2 rdf:resource="#V47302" />
<     <LF:start>9</LF:start>
<     <LF:end>80</LF:end>
<   </rdf:Description>
<   <rdf:Description rdf:ID="V47253">
<     <LF:indicator>A</LF:indicator>
<     <LF:type>DISPLAY</LF:type>
<     <LF:word>WINDOW</LF:word>
<     <role:MOD rdf:resource="#V47250" />
<     <LF:start>9</LF:start>
<     <LF:end>24</LF:end>
<   </rdf:Description>
<   <rdf:Description rdf:ID="V47250">
<     <LF:indicator>F</LF:indicator>
<     <LF:type>LARGE</LF:type>
<     <LF:word>LARGE</LF:word>
<     <role:ORIENTATION>MORE</role:ORIENTATION>
<     <role:INTENSITY>MED</role:INTENSITY>
<     <role:FIGURE rdf:resource="#V47253" />
<     <role:SCALE>SIZE-SCALE</role:SCALE>
<     <LF:start>11</LF:start>
<     <LF:end>17</LF:end>
<   </rdf:Description>
<   <rdf:Description rdf:ID="V47302">
<     <LF:indicator>A</LF:indicator>
<     <LF:type>DISPLAY</LF:type>
<     <LF:word>BLACKBOARD</LF:word>
<     <LF:start>26</LF:start>
<     <LF:end>39</LF:end>
<   </rdf:Description>
<   <rdf:Description rdf:ID="V47356">
<     <LF:indicator>A</LF:indicator>
<     <LF:type>FURNISHINGS</LF:type>
<     <LF:word>SHELF</LF:word>
<     <role:LOCATION rdf:resource="#V47365" />
<     <LF:start>43</LF:start>
<     <LF:end>80</LF:end>
<   </rdf:Description>
<   <rdf:Description rdf:ID="V47365">
<     <LF:indicator>F</LF:indicator>
<     <LF:type>AT-LOC</LF:type>
<     <LF:word>AT</LF:word>
<     <role:GROUND rdf:resource="#V47390" />
<     <role:FIGURE rdf:resource="#V47356" />
<     <LF:start>51</LF:start>
<     <LF:end>80</LF:end>
<   </rdf:Description>
<   <rdf:Description rdf:ID="V47390">
<     <LF:indicator>THE</LF:indicator>
<     <LF:type>OBJECT-DEPENDENT-LOCATION</LF:type>
<     <LF:word>BACK</LF:word>
<     <role:FIGURE rdf:resource="#V47411" />
<     <LF:start>54</LF:start>
<     <LF:end>80</LF:end>
<   </rdf:Description>
<   <rdf:Description rdf:ID="V47411">
<     <LF:indicator>THE</LF:indicator>
<     <LF:type>INTERNAL-ENCLOSURE</LF:type>
<     <LF:word>CLASSROOM</LF:word>
<     <LF:start>63</LF:start>
<     <LF:end>80</LF:end>
<   </rdf:Description>
< </rdf:RDF>
< </terms></utt></trips-parser-output>
\ No newline at end of file
---
> <SpRL>
>  <SCENE>
>   <SENTENCE id="s1" indicator="SPEECHACT" type="SA_TELL" PUNCTYPE="DECL" start="0" end="80">
>    <TEXT>there is a large window , a blackboard and a shelf at the back of the classroom .</TEXT>
>    <RELATION id="1" head="V48383" res="V47190" label="CONTENT"/>
>    <PHRASE id="V47190" indicator="F" type="EXISTS" text="BE" TENSE="PRES" start="0" end="80"/>
>    <RELATION id="2" head="V47190" res="V47306" label="NEUTRAL"/>
>    <PHRASE id="V47185" indicator="PRO" type="EXPLETIVE" PROFORM="THERE" start="0" end="6"/>
>    <PHRASE id="V47306" indicator="A" type="PHYS-OBJECT" OPERATOR="AND" start="9" end="80"/>
>    <RELATION id="3" head="V47306" res="V47356" label="SEQUENCE"/>
>    <RELATION id="4" head="V47306" res="V47253" label="SEQUENCE1"/>
>    <RELATION id="5" head="V47306" res="V47302" label="SEQUENCE2"/>
>    <PHRASE id="V47253" indicator="A" type="DISPLAY" text="WINDOW" start="9" end="24"/>
>    <RELATION id="6" head="V47253" res="V47250" label="MOD"/>
>    <PHRASE id="V47250" indicator="F" type="LARGE" text="LARGE" ORIENTATION="MORE" INTENSITY="MED" SCALE="SIZE-SCALE" start="11" end="17"/>
>    <RELATION id="7" head="V47250" res="V47253" label="FIGURE"/>
>    <PHRASE id="V47302" indicator="A" type="DISPLAY" text="BLACKBOARD" start="26" end="39"/>
>    <PHRASE id="V47356" indicator="A" type="FURNISHINGS" text="SHELF" start="43" end="80"/>
>    <RELATION id="8" head="V47356" res="V47365" label="LOCATION"/>
>    <PHRASE id="V47365" indicator="F" type="AT-LOC" text="AT" start="51" end="80"/>
>    <RELATION id="9" head="V47365" res="V47390" label="GROUND"/>
>    <RELATION id="10" head="V47365" res="V47356" label="FIGURE"/>
>    <PHRASE id="V47390" indicator="THE" type="OBJECT-DEPENDENT-LOCATION" text="BACK" start="54" end="80"/>
>    <RELATION id="11" head="V47390" res="V47411" label="FIGURE"/>
>    <PHRASE id="V47411" indicator="THE" type="INTERNAL-ENCLOSURE" text="CLASSROOM" start="63" end="80"/>
>   </SENTENCE>
>  </SCENE>
> </SpRL>
