2,220c2,36
< <?xml-stylesheet type="text/xsl" href="../style/parser-interface.xsl"?>
< <!DOCTYPE trips-parser-output SYSTEM "../trips-parser-output.dtd">
< <trips-parser-output parser-build-date="2017-09-20T12:11:02-0500" system="STEP" extsformat="svg" tagsformat="hidden" treecontents="phrase" treeformat="LinGO" lfformat="svg" semantic-skeleton-scoring="T" rule-sets="" input="a destroyed house with the wreckage lying around in front it .
< ">
< <debug>
< 
<  FOUNDS SEQUENCE from constit (% W::NP (W::BARE-SEQUENCE -) (W::CONSTRAINT -)
<                                  (W::MASS W::BARE) (W::GENERATED +)
<                                  (W::POSTADVBL +)
<                                  (W::SEM ?8607:(?108900:(F::PHYS-OBJ
<                                                          F::ABSTR-OBJ) NIL))
<                                  (W::LF (% W::DESCRIPTION (W::STATUS ONT::DEFINITE)
<                                            (W::VAR V254434)
<                                            (W::SORT W::INDIVIDUAL)
<                                            (W::LEX (W::A))
<                                            (W::CLASS ONT::SEQUENCE)
<                                            (W::CONSTRAINT (% &amp; (W::NAME-OF (W::A))
<                                                              (W::VAL (W::A))))
<                                            (W::LEX W::A) (W::SEM ?108898)
<                                            (W::TRANSFORM ?108899)))
<                                  (W::CASE ?108897:(W::SUB W::OBJ -))
<                                  (W::AGR ?108896) (W::CLASS ONT::ANY-SEM)
<                                  (W::VAR V254434) (W::SORT W::PRED) (W::NAME -)
<                                  (W::PRO -) (W::CHANGEAGR -) (W::LEX W::A)
<                                  (W::HEADCAT W::VALUE) (W::TRANSFORM -)
<                                  (W::REFL -) (1 RNUMBER254799))
< *last-utt-id*=NIL  utt-id+50
< *last-utt-id*=50  utt-id+50
< *last-utt-id*=50  utt-id+NIL</debug><compound-communication-act>
< <utt><words><lisp>(W::A W::DESTROYED W::HOUSE W::WITH W::THE W::WRECKAGE W::LYING W::AROUND W::IN
<  W::FRONT)</lisp><word>A</word><word>DESTROYED</word><word>HOUSE</word><word>WITH</word><word>THE</word><word>WRECKAGE</word><word>LYING</word><word>AROUND</word><word>IN</word><word>FRONT</word></words><tags><lisp>((WORD &quot;a&quot; :FRAME (0 1) :SENSE-INFO
<   ((:PENN-PARTS-OF-SPEECH (DT) :TRIPS-PARTS-OF-SPEECH (W::ART W::QUAN W::PRO)))
<   :UTTNUM 50 :CHANNEL DESKTOP :DIRECTION INPUT)
<  (WORD &quot;destroyed&quot; :FRAME (2 11) :SENSE-INFO
<   ((:PENN-PARTS-OF-SPEECH (VBN JJ) :TRIPS-PARTS-OF-SPEECH (W::V W::ADJ)))
<   :UTTNUM 50 :CHANNEL DESKTOP :DIRECTION INPUT)
<  (WORD &quot;house&quot; :FRAME (12 17) :SENSE-INFO
<   ((:PENN-PARTS-OF-SPEECH (NN) :TRIPS-PARTS-OF-SPEECH (W::N))) :UTTNUM 50
<   :CHANNEL DESKTOP :DIRECTION INPUT)
<  (PREFER &quot;a destroyed house&quot; :FRAME (0 17) :PENN-CATS (NP) :TRIPS-CATS (W::NP)
<   :SCORE 25.536 :UTTNUM 50 :CHANNEL DESKTOP :DIRECTION INPUT)
<  (WORD &quot;with&quot; :FRAME (18 22) :SENSE-INFO
<   ((:PENN-PARTS-OF-SPEECH (IN) :TRIPS-PARTS-OF-SPEECH (W::PREP W::ADV)))
<   :UTTNUM 50 :CHANNEL DESKTOP :DIRECTION INPUT)
<  (WORD &quot;the&quot; :FRAME (23 26) :SENSE-INFO
<   ((:PENN-PARTS-OF-SPEECH (DT) :TRIPS-PARTS-OF-SPEECH (W::ART W::QUAN W::PRO)))
<   :UTTNUM 50 :CHANNEL DESKTOP :DIRECTION INPUT)
<  (WORD &quot;wreckage&quot; :FRAME (27 35) :SENSE-INFO
<   ((:PENN-PARTS-OF-SPEECH (NN) :TRIPS-PARTS-OF-SPEECH (W::N))) :UTTNUM 50
<   :CHANNEL DESKTOP :DIRECTION INPUT)
<  (PREFER &quot;the wreckage&quot; :FRAME (23 35) :PENN-CATS (NP) :TRIPS-CATS (W::NP)
<   :SCORE 12.908 :UTTNUM 50 :CHANNEL DESKTOP :DIRECTION INPUT)
<  (WORD &quot;lying&quot; :FRAME (36 41) :SENSE-INFO
<   ((:PENN-PARTS-OF-SPEECH (VBG) :TRIPS-PARTS-OF-SPEECH (W::V))) :UTTNUM 50
<   :CHANNEL DESKTOP :DIRECTION INPUT)
<  (WORD &quot;around&quot; :FRAME (42 48) :SENSE-INFO
<   ((:PENN-PARTS-OF-SPEECH (IN) :TRIPS-PARTS-OF-SPEECH (W::PREP W::ADV)))
<   :UTTNUM 50 :CHANNEL DESKTOP :DIRECTION INPUT)
<  (WORD &quot;in&quot; :FRAME (49 51) :SENSE-INFO
<   ((:PENN-PARTS-OF-SPEECH (IN) :TRIPS-PARTS-OF-SPEECH (W::PREP W::ADV)))
<   :UTTNUM 50 :CHANNEL DESKTOP :DIRECTION INPUT)
<  (WORD &quot;front&quot; :FRAME (52 57) :SENSE-INFO
<   ((:PENN-PARTS-OF-SPEECH (NN) :TRIPS-PARTS-OF-SPEECH (W::N))) :UTTNUM 50
<   :CHANNEL DESKTOP :DIRECTION INPUT)
<  (PREFER &quot;front&quot; :FRAME (52 57) :PENN-CATS (NP) :TRIPS-CATS (W::NP) :SCORE
<   10.668 :UTTNUM 50 :CHANNEL DESKTOP :DIRECTION INPUT)
<  (WORD &quot;in front&quot; :FRAME (49 57) :SENSE-INFO
<   ((:PENN-PARTS-OF-SPEECH (RB) :TRIPS-PARTS-OF-SPEECH (W::ADV) :WN-SENSE-KEYS
<     (&quot;in_front%4:02:00&quot;)))
<   :UTTNUM 50 :CHANNEL DESKTOP :DIRECTION INPUT)
<  (PREFER &quot;in front&quot; :FRAME (49 57) :PENN-CATS (PP) :TRIPS-CATS (W::PP) :SCORE
<   13.111 :UTTNUM 50 :CHANNEL DESKTOP :DIRECTION INPUT)
<  (PREFER &quot;around in front&quot; :FRAME (42 57) :PENN-CATS (ADVP) :TRIPS-CATS
<   (W::ADVBL) :SCORE 22.413 :UTTNUM 50 :CHANNEL DESKTOP :DIRECTION INPUT))</lisp><word lex="a" start="0" end="1"><sense-info penn-parts-of-speech="DT" trips-parts-of-speech="ART,QUAN,PRO" /></word><word lex="destroyed" start="2" end="11"><sense-info penn-parts-of-speech="VBN,JJ" trips-parts-of-speech="V,ADJ" /></word><word lex="house" start="12" end="17"><sense-info penn-parts-of-speech="NN" trips-parts-of-speech="N" /></word><prefer text="a destroyed house" start="0" end="17" penn-cats="NP" score="25.536" /><word lex="with" start="18" end="22"><sense-info penn-parts-of-speech="IN" trips-parts-of-speech="PREP,ADV" /></word><word lex="the" start="23" end="26"><sense-info penn-parts-of-speech="DT" trips-parts-of-speech="ART,QUAN,PRO" /></word><word lex="wreckage" start="27" end="35"><sense-info penn-parts-of-speech="NN" trips-parts-of-speech="N" /></word><prefer text="the wreckage" start="23" end="35" penn-cats="NP" score="12.908" /><word lex="lying" start="36" end="41"><sense-info penn-parts-of-speech="VBG" trips-parts-of-speech="V" /></word><word lex="around" start="42" end="48"><sense-info penn-parts-of-speech="IN" trips-parts-of-speech="PREP,ADV" /></word><word lex="in" start="49" end="51"><sense-info penn-parts-of-speech="IN" trips-parts-of-speech="PREP,ADV" /></word><word lex="front" start="52" end="57"><sense-info penn-parts-of-speech="NN" trips-parts-of-speech="N" /></word><prefer text="front" start="52" end="57" penn-cats="NP" score="10.668" /><word lex="in front" start="49" end="57"><sense-info penn-parts-of-speech="RB" trips-parts-of-speech="ADV" wn-sense-keys="in_front%4:02:00" /></word><prefer text="in front" start="49" end="57" penn-cats="PP" score="13.111" /><prefer text="around in front" start="42" end="57" penn-cats="ADVP" score="22.413" /></tags><tree><lisp>(NP (SPEC (DET (ART A)))
<  (N1 (N1 (ADJP (VP- (V (V DESTROYED)))) (N1 (N HOUSE)))
<   (ADVBL (ADV WITH)
<    (NP
<     (N1
<      (N1 (N1 (NP (SPEC (DET (ART THE))) (N1 (N WRECKAGE))) (N1 (V LYING)))
<       (ADVBL (ADV AROUND)))
<      (ADVBL (ADV (WORD IN) (WORD FRONT))))))))</lisp><NP><SPEC><DET><ART>A</ART></DET></SPEC><N1><N1><ADJP><VP-><V><V>DESTROYED</V></V></VP-></ADJP><N1><N>HOUSE</N></N1></N1><ADVBL><ADV>WITH</ADV><NP><N1><N1><N1><NP><SPEC><DET><ART>THE</ART></DET></SPEC><N1><N>WRECKAGE</N></N1></NP><N1><V>LYING</V></N1></N1><ADVBL><ADV>AROUND</ADV></ADVBL></N1><ADVBL><ADV><WORD>IN</WORD><WORD>FRONT</WORD></ADV></ADVBL></N1></NP></ADVBL></N1></NP></tree><terms root="#V252925"><lisp>((ONT::A ONT::V252925 (:* ONT::LODGING W::HOUSE) :MOD ONT::V252930 :MOD
<   ONT::V252916 :START 0 :END 58)
<  (ONT::F ONT::V252916 (:* ONT::DESTROY W::DESTROY) :AFFECTED ONT::V252925
<   :START 2 :END 12)
<  (ONT::F ONT::V252930 (:* ONT::ASSOC-WITH W::WITH) :GROUND ONT::V252960 :FIGURE
<   ONT::V252925 :START 18 :END 58)
<  (ONT::BARE ONT::V252960 (:* ONT::BE-AT-LOC W::LIE) :NEUTRAL ONT::V252950
<   :LOCATION ONT::V252994 :MOD ONT::V252969 :START 23 :END 58)
<  (ONT::THE ONT::V252950 (:* ONT::PHYS-OBJECT W::WRECKAGE) :START 23 :END 36)
<  (ONT::F ONT::V252969 (:* ONT::AROUND W::AROUND) :GROUND ONT::V253213 :FIGURE
<   ONT::V252960 :START 42 :END 49)
<  (ONT::IMPRO ONT::V253213 ONT::ANY-SEM :START 42 :END 49 :COREF ONT::V252925)
<  (ONT::F ONT::V252994 (:* ONT::FRONT W::IN-FRONT) :GROUND ONT::V253223 :FIGURE
<   ONT::V252960 :START 49 :END 58)
<  (ONT::IMPRO ONT::V253223 ONT::ANY-SEM :START 49 :END 58 :COREF ONT::V252925))</lisp><rdf:RDF
<   xmlns:rdf="http://www.w3.org/1999/02/22-rdf-syntax-ns#"
<   xmlns:role="http://www.cs.rochester.edu/research/trips/role#"
<   xmlns:LF="http://www.cs.rochester.edu/research/trips/LF#">
<   <rdf:Description rdf:ID="V252925">
<     <LF:indicator>A</LF:indicator>
<     <LF:type>LODGING</LF:type>
<     <LF:word>HOUSE</LF:word>
<     <role:MOD rdf:resource="#V252930" />
<     <role:MOD rdf:resource="#V252916" />
<     <LF:start>0</LF:start>
<     <LF:end>58</LF:end>
<   </rdf:Description>
<   <rdf:Description rdf:ID="V252916">
<     <LF:indicator>F</LF:indicator>
<     <LF:type>DESTROY</LF:type>
<     <LF:word>DESTROY</LF:word>
<     <role:AFFECTED rdf:resource="#V252925" />
<     <LF:start>2</LF:start>
<     <LF:end>12</LF:end>
<   </rdf:Description>
<   <rdf:Description rdf:ID="V252930">
<     <LF:indicator>F</LF:indicator>
<     <LF:type>ASSOC-WITH</LF:type>
<     <LF:word>WITH</LF:word>
<     <role:GROUND rdf:resource="#V252960" />
<     <role:FIGURE rdf:resource="#V252925" />
<     <LF:start>18</LF:start>
<     <LF:end>58</LF:end>
<   </rdf:Description>
<   <rdf:Description rdf:ID="V252960">
<     <LF:indicator>BARE</LF:indicator>
<     <LF:type>BE-AT-LOC</LF:type>
<     <LF:word>LIE</LF:word>
<     <role:NEUTRAL rdf:resource="#V252950" />
<     <role:LOCATION rdf:resource="#V252994" />
<     <role:MOD rdf:resource="#V252969" />
<     <LF:start>23</LF:start>
<     <LF:end>58</LF:end>
<   </rdf:Description>
<   <rdf:Description rdf:ID="V252950">
<     <LF:indicator>THE</LF:indicator>
<     <LF:type>PHYS-OBJECT</LF:type>
<     <LF:word>WRECKAGE</LF:word>
<     <LF:start>23</LF:start>
<     <LF:end>36</LF:end>
<   </rdf:Description>
<   <rdf:Description rdf:ID="V252969">
<     <LF:indicator>F</LF:indicator>
<     <LF:type>AROUND</LF:type>
<     <LF:word>AROUND</LF:word>
<     <role:GROUND rdf:resource="#V253213" />
<     <role:FIGURE rdf:resource="#V252960" />
<     <LF:start>42</LF:start>
<     <LF:end>49</LF:end>
<   </rdf:Description>
<   <rdf:Description rdf:ID="V253213">
<     <LF:indicator>IMPRO</LF:indicator>
<     <LF:type>ANY-SEM</LF:type>
<     <LF:start>42</LF:start>
<     <LF:end>49</LF:end>
<     <role:COREF rdf:resource="#V252925" />
<   </rdf:Description>
<   <rdf:Description rdf:ID="V252994">
<     <LF:indicator>F</LF:indicator>
<     <LF:type>FRONT</LF:type>
<     <LF:word>IN-FRONT</LF:word>
<     <role:GROUND rdf:resource="#V253223" />
<     <role:FIGURE rdf:resource="#V252960" />
<     <LF:start>49</LF:start>
<     <LF:end>58</LF:end>
<   </rdf:Description>
<   <rdf:Description rdf:ID="V253223">
<     <LF:indicator>IMPRO</LF:indicator>
<     <LF:type>ANY-SEM</LF:type>
<     <LF:start>49</LF:start>
<     <LF:end>58</LF:end>
<     <role:COREF rdf:resource="#V252925" />
<   </rdf:Description>
< </rdf:RDF>
< </terms></utt><utt><words><lisp>(W::IT W::PUNC-PERIOD)</lisp><word>IT</word><word>PUNC-PERIOD</word></words><tags><lisp>((WORD &quot;it&quot; :FRAME (58 60) :SENSE-INFO
<   ((:PENN-PARTS-OF-SPEECH (PRP) :TRIPS-PARTS-OF-SPEECH (W::PRO))) :UTTNUM 50
<   :CHANNEL DESKTOP :DIRECTION INPUT)
<  (PREFER &quot;it&quot; :FRAME (58 60) :PENN-CATS (NP) :TRIPS-CATS (W::NP) :SCORE 3.957
<   :UTTNUM 50 :CHANNEL DESKTOP :DIRECTION INPUT)
<  (PREFER &quot;lying around in front it&quot; :FRAME (36 60) :PENN-CATS (VP) :TRIPS-CATS
<   (W::VP) :SCORE 40.919 :UTTNUM 50 :CHANNEL DESKTOP :DIRECTION INPUT)
<  (PREFER &quot;the wreckage lying around in front it&quot; :FRAME (23 60) :PENN-CATS (NP)
<   :TRIPS-CATS (W::NP) :SCORE 56.865 :UTTNUM 50 :CHANNEL DESKTOP :DIRECTION
<   INPUT)
<  (PREFER &quot;with the wreckage lying around in front it&quot; :FRAME (18 60) :PENN-CATS
<   (PP) :TRIPS-CATS (W::PP) :SCORE 60.924 :UTTNUM 50 :CHANNEL DESKTOP :DIRECTION
<   INPUT)
<  (WORD &quot;.&quot; :FRAME (61 61) :SENSE-INFO
<   ((:PENN-PARTS-OF-SPEECH (FULL_STOP) :TRIPS-PARTS-OF-SPEECH (W::PUNC)))
<   :UTTNUM 50 :CHANNEL DESKTOP :DIRECTION INPUT)
<  (PREFER &quot;a destroyed house with the wreckage lying around in front it .&quot;
<   :FRAME (0 61) :PENN-CATS (NP) :TRIPS-CATS (W::NP) :SCORE 89.533 :UTTNUM 50
<   :CHANNEL DESKTOP :DIRECTION INPUT))</lisp><word lex="it" start="58" end="60"><sense-info penn-parts-of-speech="PRP" trips-parts-of-speech="PRO" /></word><prefer text="it" start="58" end="60" penn-cats="NP" score="3.957" /><prefer text="lying around in front it" start="36" end="60" penn-cats="VP" score="40.919" /><prefer text="the wreckage lying around in front it" start="23" end="60" penn-cats="NP" score="56.865" /><prefer text="with the wreckage lying around in front it" start="18" end="60" penn-cats="PP" score="60.924" /><word lex="." start="61" end="61"><sense-info penn-parts-of-speech="FULL_STOP" trips-parts-of-speech="PUNC" /></word><prefer text="a destroyed house with the wreckage lying around in front it ." start="0" end="61" penn-cats="NP" score="89.533" /></tags><tree><lisp>(UTT (UTT (NP (PRO IT))) (PUNC PUNC-PERIOD))</lisp><UTT><UTT><NP><PRO>IT</PRO></NP></UTT><PUNC>PUNC-PERIOD</PUNC></UTT></tree><terms root="#V253191"><lisp>((ONT::SPEECHACT ONT::V253191 ONT::SA_IDENTIFY :PUNCTYPE W::DECL :CONTENT
<   ONT::V253086 :START 58 :END 61)
<  (ONT::PRO ONT::V253086 (:* ONT::REFERENTIAL-SEM W::IT) :PROFORM W::IT :START
<   58 :END 61 :COREF ONT::V252925))</lisp><rdf:RDF
<   xmlns:rdf="http://www.w3.org/1999/02/22-rdf-syntax-ns#"
<   xmlns:role="http://www.cs.rochester.edu/research/trips/role#"
<   xmlns:LF="http://www.cs.rochester.edu/research/trips/LF#">
<   <rdf:Description rdf:ID="V253191">
<     <LF:indicator>SPEECHACT</LF:indicator>
<     <LF:type>SA_IDENTIFY</LF:type>
<     <role:PUNCTYPE>DECL</role:PUNCTYPE>
<     <role:CONTENT rdf:resource="#V253086" />
<     <LF:start>58</LF:start>
<     <LF:end>61</LF:end>
<   </rdf:Description>
<   <rdf:Description rdf:ID="V253086">
<     <LF:indicator>PRO</LF:indicator>
<     <LF:type>REFERENTIAL-SEM</LF:type>
<     <LF:word>IT</LF:word>
<     <role:PROFORM>IT</role:PROFORM>
<     <LF:start>58</LF:start>
<     <LF:end>61</LF:end>
<     <role:COREF rdf:resource="#V252925" />
<   </rdf:Description>
< </rdf:RDF>
< </terms></utt></compound-communication-act>
< </trips-parser-output>
\ No newline at end of file
---
> <SpRL>
>  <SCENE>
>   <SENTENCE id="s1" indicator="A" type="LODGING" text="HOUSE" start="0" end="58">
>    <TEXT>a destroyed house with the wreckage lying around in front i</TEXT>
>    <RELATION id="1" head="V252925" res="V252930" label="MOD"/>
>    <RELATION id="2" head="V252925" res="V252916" label="MOD"/>
>    <PHRASE id="V252916" indicator="F" type="DESTROY" text="DESTROY" start="2" end="12"/>
>    <RELATION id="3" head="V252916" res="V252925" label="AFFECTED"/>
>    <PHRASE id="V252930" indicator="F" type="ASSOC-WITH" text="WITH" start="18" end="58"/>
>    <RELATION id="4" head="V252930" res="V252960" label="GROUND"/>
>    <RELATION id="5" head="V252930" res="V252925" label="FIGURE"/>
>    <PHRASE id="V252960" indicator="BARE" type="BE-AT-LOC" text="LIE" start="23" end="58"/>
>    <RELATION id="6" head="V252960" res="V252950" label="NEUTRAL"/>
>    <RELATION id="7" head="V252960" res="V252994" label="LOCATION"/>
>    <RELATION id="8" head="V252960" res="V252969" label="MOD"/>
>    <PHRASE id="V252950" indicator="THE" type="PHYS-OBJECT" text="WRECKAGE" start="23" end="36"/>
>    <PHRASE id="V252969" indicator="F" type="AROUND" text="AROUND" start="42" end="49"/>
>    <RELATION id="9" head="V252969" res="V253213" label="GROUND"/>
>    <RELATION id="10" head="V252969" res="V252960" label="FIGURE"/>
>    <PHRASE id="V253213" indicator="IMPRO" type="ANY-SEM" start="42" end="49"/>
>    <RELATION id="11" head="V253213" res="V252925" label="COREF"/>
>    <PHRASE id="V252994" indicator="F" type="FRONT" text="IN-FRONT" start="49" end="58"/>
>    <RELATION id="12" head="V252994" res="V253223" label="GROUND"/>
>    <RELATION id="13" head="V252994" res="V252960" label="FIGURE"/>
>    <PHRASE id="V253223" indicator="IMPRO" type="ANY-SEM" start="49" end="58"/>
>    <RELATION id="14" head="V253223" res="V252925" label="COREF"/>
>   </SENTENCE>
>   <SENTENCE id="s2" indicator="SPEECHACT" type="SA_IDENTIFY" PUNCTYPE="DECL" start="58" end="61">
>    <TEXT>it .</TEXT>
>    <RELATION id="15" head="V253191" res="V253086" label="CONTENT"/>
>    <PHRASE id="V253086" indicator="PRO" type="REFERENTIAL-SEM" text="IT" PROFORM="IT" start="58" end="61"/>
>    <RELATION id="16" head="V253086" res="V252925" label="COREF"/>
>   </SENTENCE>
>  </SCENE>
> </SpRL>
