2,356c2,42
< <?xml-stylesheet type="text/xsl" href="../style/parser-interface.xsl"?>
< <!DOCTYPE trips-parser-output SYSTEM "../trips-parser-output.dtd">
< <trips-parser-output parser-build-date="2017-09-20T12:11:02-0500" system="STEP" extsformat="svg" tagsformat="hidden" treecontents="phrase" treeformat="LinGO" lfformat="svg" semantic-skeleton-scoring="T" rule-sets="" input="a dark-skinned , dark-haired girl in a grey tee-shirt is standing at her desk in a classroom .
< ">
< <debug>
< 
<  FOUNDS SEQUENCE from constit (% W::NP (W::BARE-SEQUENCE -) (W::CONSTRAINT -)
<                                  (W::MASS W::BARE) (W::GENERATED +)
<                                  (W::POSTADVBL +)
<                                  (W::SEM ?8607:(?153466:(F::PHYS-OBJ
<                                                          F::ABSTR-OBJ) NIL))
<                                  (W::LF (% W::DESCRIPTION (W::STATUS ONT::DEFINITE)
<                                            (W::VAR V250044)
<                                            (W::SORT W::INDIVIDUAL)
<                                            (W::LEX (W::A))
<                                            (W::CLASS ONT::SEQUENCE)
<                                            (W::CONSTRAINT (% &amp; (W::NAME-OF (W::A))
<                                                              (W::VAL (W::A))))
<                                            (W::LEX W::A) (W::SEM ?153464)
<                                            (W::TRANSFORM ?153465)))
<                                  (W::CASE ?153463:(W::SUB W::OBJ -))
<                                  (W::AGR ?153462) (W::CLASS ONT::ANY-SEM)
<                                  (W::VAR V250044) (W::SORT W::PRED) (W::NAME -)
<                                  (W::PRO -) (W::CHANGEAGR -) (W::LEX W::A)
<                                  (W::HEADCAT W::VALUE) (W::TRANSFORM -)
<                                  (W::REFL -) (1 RNUMBER250711))
< 
<  FOUNDS SEQUENCE from constit (% W::NP (W::BARE-SEQUENCE -) (W::CONSTRAINT -)
<                                  (W::MASS W::BARE) (W::GENERATED +)
<                                  (W::POSTADVBL +)
<                                  (W::SEM ?8607:(?153761:(F::PHYS-OBJ
<                                                          F::ABSTR-OBJ) NIL))
<                                  (W::LF (% W::DESCRIPTION (W::STATUS ONT::DEFINITE)
<                                            (W::VAR V250047)
<                                            (W::SORT W::INDIVIDUAL)
<                                            (W::LEX (W::A))
<                                            (W::CLASS ONT::SEQUENCE)
<                                            (W::CONSTRAINT (% &amp; (W::NAME-OF (W::A))
<                                                              (W::VAL (W::A))))
<                                            (W::LEX W::A) (W::SEM ?153759)
<                                            (W::TRANSFORM ?153760)))
<                                  (W::CASE ?153758:(W::SUB W::OBJ -))
<                                  (W::AGR ?153757) (W::CLASS ONT::ANY-SEM)
<                                  (W::VAR V250047) (W::SORT W::PRED) (W::NAME -)
<                                  (W::PRO -) (W::CHANGEAGR -) (W::LEX W::A)
<                                  (W::HEADCAT W::VALUE) (W::TRANSFORM -)
<                                  (W::REFL -) (1 RNUMBER250713))
< 
<  FOUNDS SEQUENCE from constit (% W::NP (W::BARE-SEQUENCE -) (W::CONSTRAINT -)
<                                  (W::MASS W::BARE) (W::GENERATED +)
<                                  (W::POSTADVBL +)
<                                  (W::SEM ?8607:(?154083:(F::PHYS-OBJ
<                                                          F::ABSTR-OBJ) NIL))
<                                  (W::LF (% W::DESCRIPTION (W::STATUS ONT::DEFINITE)
<                                            (W::VAR V250050)
<                                            (W::SORT W::INDIVIDUAL)
<                                            (W::LEX (W::A))
<                                            (W::CLASS ONT::SEQUENCE)
<                                            (W::CONSTRAINT (% &amp; (W::NAME-OF (W::A))
<                                                              (W::VAL (W::A))))
<                                            (W::LEX W::A) (W::SEM ?154081)
<                                            (W::TRANSFORM ?154082)))
<                                  (W::CASE ?154080:(W::SUB W::OBJ -))
<                                  (W::AGR ?154079) (W::CLASS ONT::ANY-SEM)
<                                  (W::VAR V250050) (W::SORT W::PRED) (W::NAME -)
<                                  (W::PRO -) (W::CHANGEAGR -) (W::LEX W::A)
<                                  (W::HEADCAT W::VALUE) (W::TRANSFORM -)
<                                  (W::REFL -) (1 RNUMBER250715))
< *last-utt-id*=NIL  utt-id+36
< *last-utt-id*=36  utt-id+36
< *last-utt-id*=36  utt-id+NIL</debug><compound-communication-act>
< <utt><words><lisp>(W::A W::DARK W::PUNC-MINUS W::SKINNED W::DARK W::PUNC-MINUS W::HAIRED W::GIRL)</lisp><word>A</word><word>DARK</word><word>PUNC-MINUS</word><word>SKINNED</word><word>DARK</word><word>PUNC-MINUS</word><word>HAIRED</word><word>GIRL</word></words><tags><lisp>((WORD &quot;a&quot; :FRAME (0 1) :SENSE-INFO
<   ((:PENN-PARTS-OF-SPEECH (DT) :TRIPS-PARTS-OF-SPEECH (W::ART W::QUAN W::PRO)))
<   :UTTNUM 36 :CHANNEL DESKTOP :DIRECTION INPUT)
<  (WORD &quot;dark&quot; :FRAME (2 5) :SENSE-INFO
<   ((:PENN-PARTS-OF-SPEECH (NN) :TRIPS-PARTS-OF-SPEECH (W::N))) :UTTNUM 36
<   :CHANNEL DESKTOP :DIRECTION INPUT)
<  (WORD &quot;-&quot; :FRAME (6 6) :SENSE-INFO
<   ((:PENN-PARTS-OF-SPEECH (COLON) :TRIPS-PARTS-OF-SPEECH (W::PUNC))) :UTTNUM 36
<   :CHANNEL DESKTOP :DIRECTION INPUT)
<  (WORD &quot;skinned&quot; :FRAME (7 14) :SENSE-INFO
<   ((:PENN-PARTS-OF-SPEECH (VBD) :TRIPS-PARTS-OF-SPEECH (W::V))) :UTTNUM 36
<   :CHANNEL DESKTOP :DIRECTION INPUT)
<  (WORD &quot;dark-skinned&quot; :FRAME (2 14) :SENSE-INFO
<   ((:PENN-PARTS-OF-SPEECH (JJ) :TRIPS-PARTS-OF-SPEECH (W::ADJ) :WN-SENSE-KEYS
<     (&quot;dark-skinned%5:00:00&quot;)))
<   :UTTNUM 36 :CHANNEL DESKTOP :DIRECTION INPUT)
<  (WORD &quot;,&quot; :FRAME (15 16) :SENSE-INFO
<   ((:PENN-PARTS-OF-SPEECH (COMMA) :TRIPS-PARTS-OF-SPEECH (W::PUNC))) :UTTNUM 36
<   :CHANNEL DESKTOP :DIRECTION INPUT)
<  (WORD &quot;dark&quot; :FRAME (17 20) :SENSE-INFO
<   ((:PENN-PARTS-OF-SPEECH (JJ) :TRIPS-PARTS-OF-SPEECH (W::ADJ))) :UTTNUM 36
<   :CHANNEL DESKTOP :DIRECTION INPUT)
<  (WORD &quot;-&quot; :FRAME (21 21) :SENSE-INFO
<   ((:PENN-PARTS-OF-SPEECH (COLON) :TRIPS-PARTS-OF-SPEECH (W::PUNC))) :UTTNUM 36
<   :CHANNEL DESKTOP :DIRECTION INPUT)
<  (WORD &quot;haired&quot; :FRAME (22 28) :SENSE-INFO
<   ((:PENN-PARTS-OF-SPEECH (VBN) :TRIPS-PARTS-OF-SPEECH (W::V))) :UTTNUM 36
<   :CHANNEL DESKTOP :DIRECTION INPUT)
<  (WORD &quot;dark-haired&quot; :FRAME (17 28) :SENSE-INFO
<   ((:PENN-PARTS-OF-SPEECH (JJ) :TRIPS-PARTS-OF-SPEECH (W::ADJ) :WN-SENSE-KEYS
<     (&quot;dark-haired%5:00:00&quot;)))
<   :UTTNUM 36 :CHANNEL DESKTOP :DIRECTION INPUT)
<  (WORD &quot;girl&quot; :FRAME (29 33) :SENSE-INFO
<   ((:PENN-PARTS-OF-SPEECH (NN) :TRIPS-PARTS-OF-SPEECH (W::N))) :UTTNUM 36
<   :CHANNEL DESKTOP :DIRECTION INPUT)
<  (PREFER &quot;a dark-skinned , dark-haired girl&quot; :FRAME (0 33) :PENN-CATS (NP)
<   :TRIPS-CATS (W::NP) :SCORE 41.32 :UTTNUM 36 :CHANNEL DESKTOP :DIRECTION
<   INPUT))</lisp><word lex="a" start="0" end="1"><sense-info penn-parts-of-speech="DT" trips-parts-of-speech="ART,QUAN,PRO" /></word><word lex="dark" start="2" end="5"><sense-info penn-parts-of-speech="NN" trips-parts-of-speech="N" /></word><word lex="-" start="6" end="6"><sense-info penn-parts-of-speech="COLON" trips-parts-of-speech="PUNC" /></word><word lex="skinned" start="7" end="14"><sense-info penn-parts-of-speech="VBD" trips-parts-of-speech="V" /></word><word lex="dark-skinned" start="2" end="14"><sense-info penn-parts-of-speech="JJ" trips-parts-of-speech="ADJ" wn-sense-keys="dark-skinned%5:00:00" /></word><word lex="," start="15" end="16"><sense-info penn-parts-of-speech="COMMA" trips-parts-of-speech="PUNC" /></word><word lex="dark" start="17" end="20"><sense-info penn-parts-of-speech="JJ" trips-parts-of-speech="ADJ" /></word><word lex="-" start="21" end="21"><sense-info penn-parts-of-speech="COLON" trips-parts-of-speech="PUNC" /></word><word lex="haired" start="22" end="28"><sense-info penn-parts-of-speech="VBN" trips-parts-of-speech="V" /></word><word lex="dark-haired" start="17" end="28"><sense-info penn-parts-of-speech="JJ" trips-parts-of-speech="ADJ" wn-sense-keys="dark-haired%5:00:00" /></word><word lex="girl" start="29" end="33"><sense-info penn-parts-of-speech="NN" trips-parts-of-speech="N" /></word><prefer text="a dark-skinned , dark-haired girl" start="0" end="33" penn-cats="NP" score="41.32" /></tags><tree><lisp>(NP (SPEC (DET (ART A)))
<  (N1 (ADJP (ADJ1 (ADJ DARK PUNC-MINUS SKINNED)))
<   (N1 (ADJP (ADJ1 (ADJ DARK PUNC-MINUS HAIRED))) (N1 (N GIRL)))))</lisp><NP><SPEC><DET><ART>A</ART></DET></SPEC><N1><ADJP><ADJ1><ADJ>DARK PUNC-MINUS SKINNED</ADJ></ADJ1></ADJP><N1><ADJP><ADJ1><ADJ>DARK PUNC-MINUS HAIRED</ADJ></ADJ1></ADJP><N1><N>GIRL</N></N1></N1></N1></NP></tree><terms root="#V244113"><lisp>((ONT::A ONT::V244113 (:* ONT::FEMALE-CHILD W::GIRL) :MOD ONT::V244086 :MOD
<   ONT::V244110 :START 0 :END 34)
<  (ONT::F ONT::V244086 (:* ONT::MODIFIER W::DARK-PUNC-MINUS-SKINNED) :FIGURE
<   ONT::V244113 :START 2 :END 15 :WNSENSE &quot;dark-skinned%5:00:00&quot;)
<  (ONT::F ONT::V244110 (:* ONT::MODIFIER W::DARK-PUNC-MINUS-HAIRED) :FIGURE
<   ONT::V244113 :START 17 :END 29 :WNSENSE &quot;dark-haired%5:00:00&quot;))</lisp><rdf:RDF
<   xmlns:rdf="http://www.w3.org/1999/02/22-rdf-syntax-ns#"
<   xmlns:role="http://www.cs.rochester.edu/research/trips/role#"
<   xmlns:LF="http://www.cs.rochester.edu/research/trips/LF#">
<   <rdf:Description rdf:ID="V244113">
<     <LF:indicator>A</LF:indicator>
<     <LF:type>FEMALE-CHILD</LF:type>
<     <LF:word>GIRL</LF:word>
<     <role:MOD rdf:resource="#V244086" />
<     <role:MOD rdf:resource="#V244110" />
<     <LF:start>0</LF:start>
<     <LF:end>34</LF:end>
<   </rdf:Description>
<   <rdf:Description rdf:ID="V244086">
<     <LF:indicator>F</LF:indicator>
<     <LF:type>MODIFIER</LF:type>
<     <LF:word>DARK-PUNC-MINUS-SKINNED</LF:word>
<     <role:FIGURE rdf:resource="#V244113" />
<     <LF:start>2</LF:start>
<     <LF:end>15</LF:end>
<     <role:WNSENSE>dark-skinned%5:00:00</role:WNSENSE>
<   </rdf:Description>
<   <rdf:Description rdf:ID="V244110">
<     <LF:indicator>F</LF:indicator>
<     <LF:type>MODIFIER</LF:type>
<     <LF:word>DARK-PUNC-MINUS-HAIRED</LF:word>
<     <role:FIGURE rdf:resource="#V244113" />
<     <LF:start>17</LF:start>
<     <LF:end>29</LF:end>
<     <role:WNSENSE>dark-haired%5:00:00</role:WNSENSE>
<   </rdf:Description>
< </rdf:RDF>
< </terms></utt><utt><words><lisp>(W::IN W::A W::GREY W::TEE W::PUNC-MINUS W::SHIRT W::IS W::STANDING W::AT
<  W::HER W::DESK W::IN W::A W::CLASSROOM W::PUNC-PERIOD)</lisp><word>IN</word><word>A</word><word>GREY</word><word>TEE</word><word>PUNC-MINUS</word><word>SHIRT</word><word>IS</word><word>STANDING</word><word>AT</word><word>HER</word><word>DESK</word><word>IN</word><word>A</word><word>CLASSROOM</word><word>PUNC-PERIOD</word></words><tags><lisp>((WORD &quot;in&quot; :FRAME (34 36) :SENSE-INFO
<   ((:PENN-PARTS-OF-SPEECH (IN) :TRIPS-PARTS-OF-SPEECH (W::PREP W::ADV)))
<   :UTTNUM 36 :CHANNEL DESKTOP :DIRECTION INPUT)
<  (WORD &quot;a&quot; :FRAME (37 38) :SENSE-INFO
<   ((:PENN-PARTS-OF-SPEECH (DT) :TRIPS-PARTS-OF-SPEECH (W::ART W::QUAN W::PRO)))
<   :UTTNUM 36 :CHANNEL DESKTOP :DIRECTION INPUT)
<  (WORD &quot;grey&quot; :FRAME (39 43) :SENSE-INFO
<   ((:PENN-PARTS-OF-SPEECH (NN JJ) :TRIPS-PARTS-OF-SPEECH (W::N W::ADJ)
<     :ALTERNATE-SPELLINGS (&quot;gray&quot;)))
<   :UTTNUM 36 :CHANNEL DESKTOP :DIRECTION INPUT)
<  (WORD &quot;tee&quot; :FRAME (44 46) :SENSE-INFO
<   ((:PENN-PARTS-OF-SPEECH (NN) :TRIPS-PARTS-OF-SPEECH (W::N))) :UTTNUM 36
<   :CHANNEL DESKTOP :DIRECTION INPUT)
<  (WORD &quot;-&quot; :FRAME (47 47) :SENSE-INFO
<   ((:PENN-PARTS-OF-SPEECH (COLON) :TRIPS-PARTS-OF-SPEECH (W::PUNC))) :UTTNUM 36
<   :CHANNEL DESKTOP :DIRECTION INPUT)
<  (WORD &quot;shirt&quot; :FRAME (48 53) :SENSE-INFO
<   ((:PENN-PARTS-OF-SPEECH (NN) :TRIPS-PARTS-OF-SPEECH (W::N))) :UTTNUM 36
<   :CHANNEL DESKTOP :DIRECTION INPUT)
<  (WORD &quot;tee-shirt&quot; :FRAME (44 53) :SENSE-INFO
<   ((:PENN-PARTS-OF-SPEECH (NN) :TRIPS-PARTS-OF-SPEECH (W::N))) :UTTNUM 36
<   :CHANNEL DESKTOP :DIRECTION INPUT)
<  (PREFER &quot;a grey tee-shirt&quot; :FRAME (37 53) :PENN-CATS (NP) :TRIPS-CATS (W::NP)
<   :SCORE 26.631 :UTTNUM 36 :CHANNEL DESKTOP :DIRECTION INPUT)
<  (PREFER &quot;in a grey tee-shirt&quot; :FRAME (34 53) :PENN-CATS (PP) :TRIPS-CATS
<   (W::PP) :SCORE 28.883 :UTTNUM 36 :CHANNEL DESKTOP :DIRECTION INPUT)
<  (PREFER &quot;a dark-skinned , dark-haired girl in a grey tee-shirt&quot; :FRAME (0 53)
<   :PENN-CATS (NP) :TRIPS-CATS (W::NP) :SCORE 70.57 :UTTNUM 36 :CHANNEL DESKTOP
<   :DIRECTION INPUT)
<  (WORD &quot;is&quot; :FRAME (54 56) :SENSE-INFO
<   ((:PENN-PARTS-OF-SPEECH (VBZ) :TRIPS-PARTS-OF-SPEECH (W::V))) :UTTNUM 36
<   :CHANNEL DESKTOP :DIRECTION INPUT)
<  (WORD &quot;standing&quot; :FRAME (57 65) :SENSE-INFO
<   ((:PENN-PARTS-OF-SPEECH (VBG) :TRIPS-PARTS-OF-SPEECH (W::V))) :UTTNUM 36
<   :CHANNEL DESKTOP :DIRECTION INPUT)
<  (WORD &quot;at&quot; :FRAME (66 68) :SENSE-INFO
<   ((:PENN-PARTS-OF-SPEECH (IN) :TRIPS-PARTS-OF-SPEECH (W::PREP W::ADV)))
<   :UTTNUM 36 :CHANNEL DESKTOP :DIRECTION INPUT)
<  (WORD &quot;her&quot; :FRAME (69 72) :SENSE-INFO
<   ((:PENN-PARTS-OF-SPEECH (PRP$) :TRIPS-PARTS-OF-SPEECH (W::PRO))) :UTTNUM 36
<   :CHANNEL DESKTOP :DIRECTION INPUT)
<  (WORD &quot;desk&quot; :FRAME (73 77) :SENSE-INFO
<   ((:PENN-PARTS-OF-SPEECH (NN) :TRIPS-PARTS-OF-SPEECH (W::N))) :UTTNUM 36
<   :CHANNEL DESKTOP :DIRECTION INPUT)
<  (PREFER &quot;her desk&quot; :FRAME (69 77) :PENN-CATS (NP) :TRIPS-CATS (W::NP) :SCORE
<   16.685 :UTTNUM 36 :CHANNEL DESKTOP :DIRECTION INPUT)
<  (WORD &quot;in&quot; :FRAME (78 80) :SENSE-INFO
<   ((:PENN-PARTS-OF-SPEECH (IN) :TRIPS-PARTS-OF-SPEECH (W::PREP W::ADV)))
<   :UTTNUM 36 :CHANNEL DESKTOP :DIRECTION INPUT)
<  (WORD &quot;a&quot; :FRAME (81 82) :SENSE-INFO
<   ((:PENN-PARTS-OF-SPEECH (DT) :TRIPS-PARTS-OF-SPEECH (W::ART W::QUAN W::PRO)))
<   :UTTNUM 36 :CHANNEL DESKTOP :DIRECTION INPUT)
<  (WORD &quot;classroom&quot; :FRAME (83 92) :SENSE-INFO
<   ((:PENN-PARTS-OF-SPEECH (NN) :TRIPS-PARTS-OF-SPEECH (W::N))) :UTTNUM 36
<   :CHANNEL DESKTOP :DIRECTION INPUT)
<  (PREFER &quot;a classroom&quot; :FRAME (81 92) :PENN-CATS (NP) :TRIPS-CATS (W::NP)
<   :SCORE 13.862 :UTTNUM 36 :CHANNEL DESKTOP :DIRECTION INPUT)
<  (PREFER &quot;in a classroom&quot; :FRAME (78 92) :PENN-CATS (PP) :TRIPS-CATS (W::PP)
<   :SCORE 16.114 :UTTNUM 36 :CHANNEL DESKTOP :DIRECTION INPUT)
<  (PREFER &quot;her desk in a classroom&quot; :FRAME (69 92) :PENN-CATS (NP) :TRIPS-CATS
<   (W::NP) :SCORE 33.34 :UTTNUM 36 :CHANNEL DESKTOP :DIRECTION INPUT)
<  (PREFER &quot;at her desk in a classroom&quot; :FRAME (66 92) :PENN-CATS (PP)
<   :TRIPS-CATS (W::PP) :SCORE 37.651 :UTTNUM 36 :CHANNEL DESKTOP :DIRECTION
<   INPUT)
<  (PREFER &quot;standing at her desk in a classroom&quot; :FRAME (57 92) :PENN-CATS (VP)
<   :TRIPS-CATS (W::VP) :SCORE 46.825 :UTTNUM 36 :CHANNEL DESKTOP :DIRECTION
<   INPUT)
<  (PREFER &quot;is standing at her desk in a classroom&quot; :FRAME (54 92) :PENN-CATS
<   (VP) :TRIPS-CATS (W::VP) :SCORE 51.085 :UTTNUM 36 :CHANNEL DESKTOP :DIRECTION
<   INPUT)
<  (WORD &quot;.&quot; :FRAME (93 93) :SENSE-INFO
<   ((:PENN-PARTS-OF-SPEECH (FULL_STOP) :TRIPS-PARTS-OF-SPEECH (W::PUNC)))
<   :UTTNUM 36 :CHANNEL DESKTOP :DIRECTION INPUT)
<  (PREFER
<   &quot;a dark-skinned , dark-haired girl in a grey tee-shirt is standing at her desk in a classroom .&quot;
<   :FRAME (0 93) :PENN-CATS (S) :SCORE 124.484 :UTTNUM 36 :CHANNEL DESKTOP
<   :DIRECTION INPUT))</lisp><word lex="in" start="34" end="36"><sense-info penn-parts-of-speech="IN" trips-parts-of-speech="PREP,ADV" /></word><word lex="a" start="37" end="38"><sense-info penn-parts-of-speech="DT" trips-parts-of-speech="ART,QUAN,PRO" /></word><word lex="grey" start="39" end="43"><sense-info penn-parts-of-speech="NN,JJ" trips-parts-of-speech="N,ADJ" alternate-spellings="gray" /></word><word lex="tee" start="44" end="46"><sense-info penn-parts-of-speech="NN" trips-parts-of-speech="N" /></word><word lex="-" start="47" end="47"><sense-info penn-parts-of-speech="COLON" trips-parts-of-speech="PUNC" /></word><word lex="shirt" start="48" end="53"><sense-info penn-parts-of-speech="NN" trips-parts-of-speech="N" /></word><word lex="tee-shirt" start="44" end="53"><sense-info penn-parts-of-speech="NN" trips-parts-of-speech="N" /></word><prefer text="a grey tee-shirt" start="37" end="53" penn-cats="NP" score="26.631" /><prefer text="in a grey tee-shirt" start="34" end="53" penn-cats="PP" score="28.883" /><prefer text="a dark-skinned , dark-haired girl in a grey tee-shirt" start="0" end="53" penn-cats="NP" score="70.57" /><word lex="is" start="54" end="56"><sense-info penn-parts-of-speech="VBZ" trips-parts-of-speech="V" /></word><word lex="standing" start="57" end="65"><sense-info penn-parts-of-speech="VBG" trips-parts-of-speech="V" /></word><word lex="at" start="66" end="68"><sense-info penn-parts-of-speech="IN" trips-parts-of-speech="PREP,ADV" /></word><word lex="her" start="69" end="72"><sense-info penn-parts-of-speech="PRP$" trips-parts-of-speech="PRO" /></word><word lex="desk" start="73" end="77"><sense-info penn-parts-of-speech="NN" trips-parts-of-speech="N" /></word><prefer text="her desk" start="69" end="77" penn-cats="NP" score="16.685" /><word lex="in" start="78" end="80"><sense-info penn-parts-of-speech="IN" trips-parts-of-speech="PREP,ADV" /></word><word lex="a" start="81" end="82"><sense-info penn-parts-of-speech="DT" trips-parts-of-speech="ART,QUAN,PRO" /></word><word lex="classroom" start="83" end="92"><sense-info penn-parts-of-speech="NN" trips-parts-of-speech="N" /></word><prefer text="a classroom" start="81" end="92" penn-cats="NP" score="13.862" /><prefer text="in a classroom" start="78" end="92" penn-cats="PP" score="16.114" /><prefer text="her desk in a classroom" start="69" end="92" penn-cats="NP" score="33.34" /><prefer text="at her desk in a classroom" start="66" end="92" penn-cats="PP" score="37.651" /><prefer text="standing at her desk in a classroom" start="57" end="92" penn-cats="VP" score="46.825" /><prefer text="is standing at her desk in a classroom" start="54" end="92" penn-cats="VP" score="51.085" /><word lex="." start="93" end="93"><sense-info penn-parts-of-speech="FULL_STOP" trips-parts-of-speech="PUNC" /></word><prefer text="a dark-skinned , dark-haired girl in a grey tee-shirt is standing at her desk in a classroom ." start="0" end="93" penn-cats="S" score="124.484" /></tags><tree><lisp>(UTT
<  (UTT
<   (S
<    (ADVBL (ADV IN)
<     (NP (SPEC (DET (ART A)))
<      (N1 (ADJP (ADJ1 (ADJ GREY))) (N1 (N TEE PUNC-MINUS SHIRT)))))
<    (S (V IS) (NP (N1 (V STANDING)))
<     (ADVBL (ADV AT) (NP (SPEC (DET (POSSESSOR (PRO HER)))) (N1 (N DESK))))
<     (PRED (ADVBL (ADV IN) (NP (SPEC (DET (ART A))) (N1 (N CLASSROOM))))))))
<  (PUNC PUNC-PERIOD))</lisp><UTT><UTT><S><ADVBL><ADV>IN</ADV><NP><SPEC><DET><ART>A</ART></DET></SPEC><N1><ADJP><ADJ1><ADJ>GREY</ADJ></ADJ1></ADJP><N1><N>TEE PUNC-MINUS SHIRT</N></N1></N1></NP></ADVBL><S><V>IS</V><NP><N1><V>STANDING</V></N1></NP><ADVBL><ADV>AT</ADV><NP><SPEC><DET><POSSESSOR><PRO>HER</PRO></POSSESSOR></DET></SPEC><N1><N>DESK</N></N1></NP></ADVBL><PRED><ADVBL><ADV>IN</ADV><NP><SPEC><DET><ART>A</ART></DET></SPEC><N1><N>CLASSROOM</N></N1></NP></ADVBL></PRED></S></S></UTT><PUNC>PUNC-PERIOD</PUNC></UTT></tree><terms root="#V249908"><lisp>((ONT::SPEECHACT ONT::V249908 ONT::SA_YN-QUESTION :PUNCTYPE W::DECL :CONTENT
<   ONT::V244242 :START 34 :END 93)
<  (ONT::F ONT::V244242 (:* ONT::HAVE-PROPERTY W::BE) :NEUTRAL ONT::V244260
<   :FORMAL ONT::V244296 :LOCATION ONT::V244120 :LOCATION ONT::V244271 :START 34
<   :END 93)
<  (ONT::F ONT::V244120 (:* ONT::IN-LOC W::IN) :GROUND ONT::V244234 :FIGURE
<   ONT::V244242 :START 34 :END 54)
<  (ONT::A ONT::V244234 (:* ONT::ATTIRE W::TEE-PUNC-MINUS-SHIRT) :MOD
<   ONT::V244210 :START 37 :END 54)
<  (ONT::F ONT::V244210 (:* ONT::GRAY W::GREY) :FIGURE ONT::V244234 :SCALE
<   ONT::GREYNESS*1--07--00 :START 39 :END 44)
<  (ONT::BARE ONT::V244260 (:* ONT::BE-AT-LOC W::STAND) :START 57 :END 66)
<  (ONT::F ONT::V244271 (:* ONT::AT-LOC W::AT) :GROUND ONT::V244289 :FIGURE
<   ONT::V244242 :START 66 :END 78)
<  (ONT::THE ONT::V244289 (:* ONT::FURNISHINGS W::DESK) :ASSOC-POSS ONT::V244284
<   :START 69 :END 78)
<  (ONT::PRO ONT::V244284 (:* ONT::FEMALE-PERSON W::HER) :PROFORM W::HER :START
<   69 :END 78 :COREF ONT::V244113)
<  (ONT::F ONT::V244296 (:* ONT::IN-LOC W::IN) :GROUND ONT::V244386 :FIGURE
<   ONT::V244260 :START 78 :END 93)
<  (ONT::A ONT::V244386 (:* ONT::INTERNAL-ENCLOSURE W::CLASSROOM) :START 81 :END
<   93))</lisp><rdf:RDF
<   xmlns:rdf="http://www.w3.org/1999/02/22-rdf-syntax-ns#"
<   xmlns:role="http://www.cs.rochester.edu/research/trips/role#"
<   xmlns:LF="http://www.cs.rochester.edu/research/trips/LF#">
<   <rdf:Description rdf:ID="V249908">
<     <LF:indicator>SPEECHACT</LF:indicator>
<     <LF:type>SA_YN-QUESTION</LF:type>
<     <role:PUNCTYPE>DECL</role:PUNCTYPE>
<     <role:CONTENT rdf:resource="#V244242" />
<     <LF:start>34</LF:start>
<     <LF:end>93</LF:end>
<   </rdf:Description>
<   <rdf:Description rdf:ID="V244242">
<     <LF:indicator>F</LF:indicator>
<     <LF:type>HAVE-PROPERTY</LF:type>
<     <LF:word>BE</LF:word>
<     <role:NEUTRAL rdf:resource="#V244260" />
<     <role:FORMAL rdf:resource="#V244296" />
<     <role:LOCATION rdf:resource="#V244120" />
<     <role:LOCATION rdf:resource="#V244271" />
<     <LF:start>34</LF:start>
<     <LF:end>93</LF:end>
<   </rdf:Description>
<   <rdf:Description rdf:ID="V244120">
<     <LF:indicator>F</LF:indicator>
<     <LF:type>IN-LOC</LF:type>
<     <LF:word>IN</LF:word>
<     <role:GROUND rdf:resource="#V244234" />
<     <role:FIGURE rdf:resource="#V244242" />
<     <LF:start>34</LF:start>
<     <LF:end>54</LF:end>
<   </rdf:Description>
<   <rdf:Description rdf:ID="V244234">
<     <LF:indicator>A</LF:indicator>
<     <LF:type>ATTIRE</LF:type>
<     <LF:word>TEE-PUNC-MINUS-SHIRT</LF:word>
<     <role:MOD rdf:resource="#V244210" />
<     <LF:start>37</LF:start>
<     <LF:end>54</LF:end>
<   </rdf:Description>
<   <rdf:Description rdf:ID="V244210">
<     <LF:indicator>F</LF:indicator>
<     <LF:type>GRAY</LF:type>
<     <LF:word>GREY</LF:word>
<     <role:FIGURE rdf:resource="#V244234" />
<     <role:SCALE>GREYNESS*1--07--00</role:SCALE>
<     <LF:start>39</LF:start>
<     <LF:end>44</LF:end>
<   </rdf:Description>
<   <rdf:Description rdf:ID="V244260">
<     <LF:indicator>BARE</LF:indicator>
<     <LF:type>BE-AT-LOC</LF:type>
<     <LF:word>STAND</LF:word>
<     <LF:start>57</LF:start>
<     <LF:end>66</LF:end>
<   </rdf:Description>
<   <rdf:Description rdf:ID="V244271">
<     <LF:indicator>F</LF:indicator>
<     <LF:type>AT-LOC</LF:type>
<     <LF:word>AT</LF:word>
<     <role:GROUND rdf:resource="#V244289" />
<     <role:FIGURE rdf:resource="#V244242" />
<     <LF:start>66</LF:start>
<     <LF:end>78</LF:end>
<   </rdf:Description>
<   <rdf:Description rdf:ID="V244289">
<     <LF:indicator>THE</LF:indicator>
<     <LF:type>FURNISHINGS</LF:type>
<     <LF:word>DESK</LF:word>
<     <role:ASSOC-POSS rdf:resource="#V244284" />
<     <LF:start>69</LF:start>
<     <LF:end>78</LF:end>
<   </rdf:Description>
<   <rdf:Description rdf:ID="V244284">
<     <LF:indicator>PRO</LF:indicator>
<     <LF:type>FEMALE-PERSON</LF:type>
<     <LF:word>HER</LF:word>
<     <role:PROFORM>HER</role:PROFORM>
<     <LF:start>69</LF:start>
<     <LF:end>78</LF:end>
<     <role:COREF rdf:resource="#V244113" />
<   </rdf:Description>
<   <rdf:Description rdf:ID="V244296">
<     <LF:indicator>F</LF:indicator>
<     <LF:type>IN-LOC</LF:type>
<     <LF:word>IN</LF:word>
<     <role:GROUND rdf:resource="#V244386" />
<     <role:FIGURE rdf:resource="#V244260" />
<     <LF:start>78</LF:start>
<     <LF:end>93</LF:end>
<   </rdf:Description>
<   <rdf:Description rdf:ID="V244386">
<     <LF:indicator>A</LF:indicator>
<     <LF:type>INTERNAL-ENCLOSURE</LF:type>
<     <LF:word>CLASSROOM</LF:word>
<     <LF:start>81</LF:start>
<     <LF:end>93</LF:end>
<   </rdf:Description>
< </rdf:RDF>
< </terms></utt></compound-communication-act>
< </trips-parser-output>
\ No newline at end of file
---
> <SpRL>
>  <SCENE>
>   <SENTENCE id="s1" indicator="A" type="FEMALE-CHILD" text="GIRL" start="0" end="34">
>    <TEXT>a dark-skinned , dark-haired girl i</TEXT>
>    <RELATION id="1" head="V244113" res="V244086" label="MOD"/>
>    <RELATION id="2" head="V244113" res="V244110" label="MOD"/>
>    <PHRASE id="V244086" indicator="F" type="MODIFIER" text="DARK-PUNC-MINUS-SKINNED" start="2" end="15" WNSENSE="dark-skinned%5:00:00"/>
>    <RELATION id="3" head="V244086" res="V244113" label="FIGURE"/>
>    <PHRASE id="V244110" indicator="F" type="MODIFIER" text="DARK-PUNC-MINUS-HAIRED" start="17" end="29" WNSENSE="dark-haired%5:00:00"/>
>    <RELATION id="4" head="V244110" res="V244113" label="FIGURE"/>
>   </SENTENCE>
>   <SENTENCE id="s2" indicator="SPEECHACT" type="SA_YN-QUESTION" PUNCTYPE="DECL" start="34" end="93">
>    <TEXT>in a grey tee-shirt is standing at her desk in a classroom .</TEXT>
>    <RELATION id="5" head="V249908" res="V244242" label="CONTENT"/>
>    <PHRASE id="V244242" indicator="F" type="HAVE-PROPERTY" text="BE" start="34" end="93"/>
>    <RELATION id="6" head="V244242" res="V244260" label="NEUTRAL"/>
>    <RELATION id="7" head="V244242" res="V244296" label="FORMAL"/>
>    <RELATION id="8" head="V244242" res="V244120" label="LOCATION"/>
>    <RELATION id="9" head="V244242" res="V244271" label="LOCATION"/>
>    <PHRASE id="V244120" indicator="F" type="IN-LOC" text="IN" start="34" end="54"/>
>    <RELATION id="10" head="V244120" res="V244234" label="GROUND"/>
>    <RELATION id="11" head="V244120" res="V244242" label="FIGURE"/>
>    <PHRASE id="V244234" indicator="A" type="ATTIRE" text="TEE-PUNC-MINUS-SHIRT" start="37" end="54"/>
>    <RELATION id="12" head="V244234" res="V244210" label="MOD"/>
>    <PHRASE id="V244210" indicator="F" type="GRAY" text="GREY" SCALE="GREYNESS*1--07--00" start="39" end="44"/>
>    <RELATION id="13" head="V244210" res="V244234" label="FIGURE"/>
>    <PHRASE id="V244260" indicator="BARE" type="BE-AT-LOC" text="STAND" start="57" end="66"/>
>    <PHRASE id="V244271" indicator="F" type="AT-LOC" text="AT" start="66" end="78"/>
>    <RELATION id="14" head="V244271" res="V244289" label="GROUND"/>
>    <RELATION id="15" head="V244271" res="V244242" label="FIGURE"/>
>    <PHRASE id="V244289" indicator="THE" type="FURNISHINGS" text="DESK" start="69" end="78"/>
>    <RELATION id="16" head="V244289" res="V244284" label="ASSOC-POSS"/>
>    <PHRASE id="V244284" indicator="PRO" type="FEMALE-PERSON" text="HER" PROFORM="HER" start="69" end="78"/>
>    <RELATION id="17" head="V244284" res="V244113" label="COREF"/>
>    <PHRASE id="V244296" indicator="F" type="IN-LOC" text="IN" start="78" end="93"/>
>    <RELATION id="18" head="V244296" res="V244386" label="GROUND"/>
>    <RELATION id="19" head="V244296" res="V244260" label="FIGURE"/>
>    <PHRASE id="V244386" indicator="A" type="INTERNAL-ENCLOSURE" text="CLASSROOM" start="81" end="93"/>
>   </SENTENCE>
>  </SCENE>
> </SpRL>
