2,322c2,42
< <?xml-stylesheet type="text/xsl" href="../style/parser-interface.xsl"?>
< <!DOCTYPE trips-parser-output SYSTEM "../trips-parser-output.dtd">
< <trips-parser-output parser-build-date="2017-09-20T12:11:02-0500" system="STEP" extsformat="svg" tagsformat="hidden" treecontents="phrase" treeformat="LinGO" lfformat="svg" semantic-skeleton-scoring="T" rule-sets="" input="a dark-skinned , dark-haired girl in a black pullover is sitting at her desk in the classroom .
< ">
< <debug>
< 
<  FOUNDS SEQUENCE from constit (% W::NP (W::BARE-SEQUENCE -) (W::CONSTRAINT -)
<                                  (W::MASS W::BARE) (W::GENERATED +)
<                                  (W::POSTADVBL +)
<                                  (W::SEM ?8607:(?129278:(F::PHYS-OBJ
<                                                          F::ABSTR-OBJ) NIL))
<                                  (W::LF (% W::DESCRIPTION (W::STATUS ONT::DEFINITE)
<                                            (W::VAR V99210)
<                                            (W::SORT W::INDIVIDUAL)
<                                            (W::LEX (W::A))
<                                            (W::CLASS ONT::SEQUENCE)
<                                            (W::CONSTRAINT (% &amp; (W::NAME-OF (W::A))
<                                                              (W::VAL (W::A))))
<                                            (W::LEX W::A) (W::SEM ?129276)
<                                            (W::TRANSFORM ?129277)))
<                                  (W::CASE ?129275:(W::SUB W::OBJ -))
<                                  (W::AGR ?129274) (W::CLASS ONT::ANY-SEM)
<                                  (W::VAR V99210) (W::SORT W::PRED) (W::NAME -)
<                                  (W::PRO -) (W::CHANGEAGR -) (W::LEX W::A)
<                                  (W::HEADCAT W::VALUE) (W::TRANSFORM -)
<                                  (W::REFL -) (1 RNUMBER99409))
< 
<  FOUNDS SEQUENCE from constit (% W::NP (W::BARE-SEQUENCE -) (W::CONSTRAINT -)
<                                  (W::MASS W::BARE) (W::GENERATED +)
<                                  (W::POSTADVBL +)
<                                  (W::SEM ?8607:(?129573:(F::PHYS-OBJ
<                                                          F::ABSTR-OBJ) NIL))
<                                  (W::LF (% W::DESCRIPTION (W::STATUS ONT::DEFINITE)
<                                            (W::VAR V99213)
<                                            (W::SORT W::INDIVIDUAL)
<                                            (W::LEX (W::A))
<                                            (W::CLASS ONT::SEQUENCE)
<                                            (W::CONSTRAINT (% &amp; (W::NAME-OF (W::A))
<                                                              (W::VAL (W::A))))
<                                            (W::LEX W::A) (W::SEM ?129571)
<                                            (W::TRANSFORM ?129572)))
<                                  (W::CASE ?129570:(W::SUB W::OBJ -))
<                                  (W::AGR ?129569) (W::CLASS ONT::ANY-SEM)
<                                  (W::VAR V99213) (W::SORT W::PRED) (W::NAME -)
<                                  (W::PRO -) (W::CHANGEAGR -) (W::LEX W::A)
<                                  (W::HEADCAT W::VALUE) (W::TRANSFORM -)
<                                  (W::REFL -) (1 RNUMBER99411))
< *last-utt-id*=NIL  utt-id+9
< *last-utt-id*=9  utt-id+9
< *last-utt-id*=9  utt-id+NIL</debug><compound-communication-act>
< <utt><words><lisp>(W::A W::DARK W::PUNC-MINUS W::SKINNED W::DARK W::PUNC-MINUS W::HAIRED W::GIRL)</lisp><word>A</word><word>DARK</word><word>PUNC-MINUS</word><word>SKINNED</word><word>DARK</word><word>PUNC-MINUS</word><word>HAIRED</word><word>GIRL</word></words><tags><lisp>((WORD &quot;a&quot; :FRAME (0 1) :SENSE-INFO
<   ((:PENN-PARTS-OF-SPEECH (DT) :TRIPS-PARTS-OF-SPEECH (W::ART W::QUAN W::PRO)))
<   :UTTNUM 9 :CHANNEL DESKTOP :DIRECTION INPUT)
<  (WORD &quot;dark&quot; :FRAME (2 5) :SENSE-INFO
<   ((:PENN-PARTS-OF-SPEECH (NN) :TRIPS-PARTS-OF-SPEECH (W::N))) :UTTNUM 9
<   :CHANNEL DESKTOP :DIRECTION INPUT)
<  (WORD &quot;-&quot; :FRAME (6 6) :SENSE-INFO
<   ((:PENN-PARTS-OF-SPEECH (COLON) :TRIPS-PARTS-OF-SPEECH (W::PUNC))) :UTTNUM 9
<   :CHANNEL DESKTOP :DIRECTION INPUT)
<  (WORD &quot;skinned&quot; :FRAME (7 14) :SENSE-INFO
<   ((:PENN-PARTS-OF-SPEECH (VBD) :TRIPS-PARTS-OF-SPEECH (W::V))) :UTTNUM 9
<   :CHANNEL DESKTOP :DIRECTION INPUT)
<  (WORD &quot;dark-skinned&quot; :FRAME (2 14) :SENSE-INFO
<   ((:PENN-PARTS-OF-SPEECH (JJ) :TRIPS-PARTS-OF-SPEECH (W::ADJ) :WN-SENSE-KEYS
<     (&quot;dark-skinned%5:00:00&quot;)))
<   :UTTNUM 9 :CHANNEL DESKTOP :DIRECTION INPUT)
<  (WORD &quot;,&quot; :FRAME (15 16) :SENSE-INFO
<   ((:PENN-PARTS-OF-SPEECH (COMMA) :TRIPS-PARTS-OF-SPEECH (W::PUNC))) :UTTNUM 9
<   :CHANNEL DESKTOP :DIRECTION INPUT)
<  (WORD &quot;dark&quot; :FRAME (17 20) :SENSE-INFO
<   ((:PENN-PARTS-OF-SPEECH (JJ) :TRIPS-PARTS-OF-SPEECH (W::ADJ))) :UTTNUM 9
<   :CHANNEL DESKTOP :DIRECTION INPUT)
<  (WORD &quot;-&quot; :FRAME (21 21) :SENSE-INFO
<   ((:PENN-PARTS-OF-SPEECH (COLON) :TRIPS-PARTS-OF-SPEECH (W::PUNC))) :UTTNUM 9
<   :CHANNEL DESKTOP :DIRECTION INPUT)
<  (WORD &quot;haired&quot; :FRAME (22 28) :SENSE-INFO
<   ((:PENN-PARTS-OF-SPEECH (VBN) :TRIPS-PARTS-OF-SPEECH (W::V))) :UTTNUM 9
<   :CHANNEL DESKTOP :DIRECTION INPUT)
<  (WORD &quot;dark-haired&quot; :FRAME (17 28) :SENSE-INFO
<   ((:PENN-PARTS-OF-SPEECH (JJ) :TRIPS-PARTS-OF-SPEECH (W::ADJ) :WN-SENSE-KEYS
<     (&quot;dark-haired%5:00:00&quot;)))
<   :UTTNUM 9 :CHANNEL DESKTOP :DIRECTION INPUT)
<  (WORD &quot;girl&quot; :FRAME (29 33) :SENSE-INFO
<   ((:PENN-PARTS-OF-SPEECH (NN) :TRIPS-PARTS-OF-SPEECH (W::N))) :UTTNUM 9
<   :CHANNEL DESKTOP :DIRECTION INPUT)
<  (PREFER &quot;a dark-skinned , dark-haired girl&quot; :FRAME (0 33) :PENN-CATS (NP)
<   :TRIPS-CATS (W::NP) :SCORE 41.32 :UTTNUM 9 :CHANNEL DESKTOP :DIRECTION INPUT))</lisp><word lex="a" start="0" end="1"><sense-info penn-parts-of-speech="DT" trips-parts-of-speech="ART,QUAN,PRO" /></word><word lex="dark" start="2" end="5"><sense-info penn-parts-of-speech="NN" trips-parts-of-speech="N" /></word><word lex="-" start="6" end="6"><sense-info penn-parts-of-speech="COLON" trips-parts-of-speech="PUNC" /></word><word lex="skinned" start="7" end="14"><sense-info penn-parts-of-speech="VBD" trips-parts-of-speech="V" /></word><word lex="dark-skinned" start="2" end="14"><sense-info penn-parts-of-speech="JJ" trips-parts-of-speech="ADJ" wn-sense-keys="dark-skinned%5:00:00" /></word><word lex="," start="15" end="16"><sense-info penn-parts-of-speech="COMMA" trips-parts-of-speech="PUNC" /></word><word lex="dark" start="17" end="20"><sense-info penn-parts-of-speech="JJ" trips-parts-of-speech="ADJ" /></word><word lex="-" start="21" end="21"><sense-info penn-parts-of-speech="COLON" trips-parts-of-speech="PUNC" /></word><word lex="haired" start="22" end="28"><sense-info penn-parts-of-speech="VBN" trips-parts-of-speech="V" /></word><word lex="dark-haired" start="17" end="28"><sense-info penn-parts-of-speech="JJ" trips-parts-of-speech="ADJ" wn-sense-keys="dark-haired%5:00:00" /></word><word lex="girl" start="29" end="33"><sense-info penn-parts-of-speech="NN" trips-parts-of-speech="N" /></word><prefer text="a dark-skinned , dark-haired girl" start="0" end="33" penn-cats="NP" score="41.32" /></tags><tree><lisp>(NP (SPEC (DET (ART A)))
<  (N1 (ADJP (ADJ1 (ADJ DARK PUNC-MINUS SKINNED)))
<   (N1 (ADJP (ADJ1 (ADJ DARK PUNC-MINUS HAIRED))) (N1 (N GIRL)))))</lisp><NP><SPEC><DET><ART>A</ART></DET></SPEC><N1><ADJP><ADJ1><ADJ>DARK PUNC-MINUS SKINNED</ADJ></ADJ1></ADJP><N1><ADJP><ADJ1><ADJ>DARK PUNC-MINUS HAIRED</ADJ></ADJ1></ADJP><N1><N>GIRL</N></N1></N1></N1></NP></tree><terms root="#V94278"><lisp>((ONT::A ONT::V94278 (:* ONT::FEMALE-CHILD W::GIRL) :MOD ONT::V94251 :MOD
<   ONT::V94275 :START 0 :END 34)
<  (ONT::F ONT::V94251 (:* ONT::MODIFIER W::DARK-PUNC-MINUS-SKINNED) :FIGURE
<   ONT::V94278 :START 2 :END 15 :WNSENSE &quot;dark-skinned%5:00:00&quot;)
<  (ONT::F ONT::V94275 (:* ONT::MODIFIER W::DARK-PUNC-MINUS-HAIRED) :FIGURE
<   ONT::V94278 :START 17 :END 29 :WNSENSE &quot;dark-haired%5:00:00&quot;))</lisp><rdf:RDF
<   xmlns:rdf="http://www.w3.org/1999/02/22-rdf-syntax-ns#"
<   xmlns:role="http://www.cs.rochester.edu/research/trips/role#"
<   xmlns:LF="http://www.cs.rochester.edu/research/trips/LF#">
<   <rdf:Description rdf:ID="V94278">
<     <LF:indicator>A</LF:indicator>
<     <LF:type>FEMALE-CHILD</LF:type>
<     <LF:word>GIRL</LF:word>
<     <role:MOD rdf:resource="#V94251" />
<     <role:MOD rdf:resource="#V94275" />
<     <LF:start>0</LF:start>
<     <LF:end>34</LF:end>
<   </rdf:Description>
<   <rdf:Description rdf:ID="V94251">
<     <LF:indicator>F</LF:indicator>
<     <LF:type>MODIFIER</LF:type>
<     <LF:word>DARK-PUNC-MINUS-SKINNED</LF:word>
<     <role:FIGURE rdf:resource="#V94278" />
<     <LF:start>2</LF:start>
<     <LF:end>15</LF:end>
<     <role:WNSENSE>dark-skinned%5:00:00</role:WNSENSE>
<   </rdf:Description>
<   <rdf:Description rdf:ID="V94275">
<     <LF:indicator>F</LF:indicator>
<     <LF:type>MODIFIER</LF:type>
<     <LF:word>DARK-PUNC-MINUS-HAIRED</LF:word>
<     <role:FIGURE rdf:resource="#V94278" />
<     <LF:start>17</LF:start>
<     <LF:end>29</LF:end>
<     <role:WNSENSE>dark-haired%5:00:00</role:WNSENSE>
<   </rdf:Description>
< </rdf:RDF>
< </terms></utt><utt><words><lisp>(W::IN W::A W::BLACK W::PULLOVER W::IS W::SITTING W::AT W::HER W::DESK W::IN
<  W::THE W::CLASSROOM W::PUNC-PERIOD)</lisp><word>IN</word><word>A</word><word>BLACK</word><word>PULLOVER</word><word>IS</word><word>SITTING</word><word>AT</word><word>HER</word><word>DESK</word><word>IN</word><word>THE</word><word>CLASSROOM</word><word>PUNC-PERIOD</word></words><tags><lisp>((WORD &quot;in&quot; :FRAME (34 36) :SENSE-INFO
<   ((:PENN-PARTS-OF-SPEECH (IN) :TRIPS-PARTS-OF-SPEECH (W::PREP W::ADV)))
<   :UTTNUM 9 :CHANNEL DESKTOP :DIRECTION INPUT)
<  (WORD &quot;a&quot; :FRAME (37 38) :SENSE-INFO
<   ((:PENN-PARTS-OF-SPEECH (DT) :TRIPS-PARTS-OF-SPEECH (W::ART W::QUAN W::PRO)))
<   :UTTNUM 9 :CHANNEL DESKTOP :DIRECTION INPUT)
<  (WORD &quot;black&quot; :FRAME (39 44) :SENSE-INFO
<   ((:PENN-PARTS-OF-SPEECH (JJ) :TRIPS-PARTS-OF-SPEECH (W::ADJ))) :UTTNUM 9
<   :CHANNEL DESKTOP :DIRECTION INPUT)
<  (WORD &quot;pullover&quot; :FRAME (45 53) :SENSE-INFO
<   ((:PENN-PARTS-OF-SPEECH (NN) :TRIPS-PARTS-OF-SPEECH (W::N))) :UTTNUM 9
<   :CHANNEL DESKTOP :DIRECTION INPUT)
<  (PREFER &quot;a black pullover&quot; :FRAME (37 53) :PENN-CATS (NP) :TRIPS-CATS (W::NP)
<   :SCORE 22.829 :UTTNUM 9 :CHANNEL DESKTOP :DIRECTION INPUT)
<  (PREFER &quot;in a black pullover&quot; :FRAME (34 53) :PENN-CATS (PP) :TRIPS-CATS
<   (W::PP) :SCORE 25.08 :UTTNUM 9 :CHANNEL DESKTOP :DIRECTION INPUT)
<  (PREFER &quot;a dark-skinned , dark-haired girl in a black pullover&quot; :FRAME (0 53)
<   :PENN-CATS (NP) :TRIPS-CATS (W::NP) :SCORE 66.767 :UTTNUM 9 :CHANNEL DESKTOP
<   :DIRECTION INPUT)
<  (WORD &quot;is&quot; :FRAME (54 56) :SENSE-INFO
<   ((:PENN-PARTS-OF-SPEECH (VBZ) :TRIPS-PARTS-OF-SPEECH (W::V))) :UTTNUM 9
<   :CHANNEL DESKTOP :DIRECTION INPUT)
<  (WORD &quot;sitting&quot; :FRAME (57 64) :SENSE-INFO
<   ((:PENN-PARTS-OF-SPEECH (VBG) :TRIPS-PARTS-OF-SPEECH (W::V))) :UTTNUM 9
<   :CHANNEL DESKTOP :DIRECTION INPUT)
<  (WORD &quot;at&quot; :FRAME (65 67) :SENSE-INFO
<   ((:PENN-PARTS-OF-SPEECH (IN) :TRIPS-PARTS-OF-SPEECH (W::PREP W::ADV)))
<   :UTTNUM 9 :CHANNEL DESKTOP :DIRECTION INPUT)
<  (WORD &quot;her&quot; :FRAME (68 71) :SENSE-INFO
<   ((:PENN-PARTS-OF-SPEECH (PRP$) :TRIPS-PARTS-OF-SPEECH (W::PRO))) :UTTNUM 9
<   :CHANNEL DESKTOP :DIRECTION INPUT)
<  (WORD &quot;desk&quot; :FRAME (72 76) :SENSE-INFO
<   ((:PENN-PARTS-OF-SPEECH (NN) :TRIPS-PARTS-OF-SPEECH (W::N))) :UTTNUM 9
<   :CHANNEL DESKTOP :DIRECTION INPUT)
<  (PREFER &quot;her desk&quot; :FRAME (68 76) :PENN-CATS (NP) :TRIPS-CATS (W::NP) :SCORE
<   16.685 :UTTNUM 9 :CHANNEL DESKTOP :DIRECTION INPUT)
<  (WORD &quot;in&quot; :FRAME (77 79) :SENSE-INFO
<   ((:PENN-PARTS-OF-SPEECH (IN) :TRIPS-PARTS-OF-SPEECH (W::PREP W::ADV)))
<   :UTTNUM 9 :CHANNEL DESKTOP :DIRECTION INPUT)
<  (WORD &quot;the&quot; :FRAME (80 83) :SENSE-INFO
<   ((:PENN-PARTS-OF-SPEECH (DT) :TRIPS-PARTS-OF-SPEECH (W::ART W::QUAN W::PRO)))
<   :UTTNUM 9 :CHANNEL DESKTOP :DIRECTION INPUT)
<  (WORD &quot;classroom&quot; :FRAME (84 93) :SENSE-INFO
<   ((:PENN-PARTS-OF-SPEECH (NN) :TRIPS-PARTS-OF-SPEECH (W::N))) :UTTNUM 9
<   :CHANNEL DESKTOP :DIRECTION INPUT)
<  (PREFER &quot;the classroom&quot; :FRAME (80 93) :PENN-CATS (NP) :TRIPS-CATS (W::NP)
<   :SCORE 13.092 :UTTNUM 9 :CHANNEL DESKTOP :DIRECTION INPUT)
<  (PREFER &quot;in the classroom&quot; :FRAME (77 93) :PENN-CATS (PP) :TRIPS-CATS (W::PP)
<   :SCORE 15.344 :UTTNUM 9 :CHANNEL DESKTOP :DIRECTION INPUT)
<  (PREFER &quot;her desk in the classroom&quot; :FRAME (68 93) :PENN-CATS (NP) :TRIPS-CATS
<   (W::NP) :SCORE 32.57 :UTTNUM 9 :CHANNEL DESKTOP :DIRECTION INPUT)
<  (PREFER &quot;at her desk in the classroom&quot; :FRAME (65 93) :PENN-CATS (PP)
<   :TRIPS-CATS (W::PP) :SCORE 36.881 :UTTNUM 9 :CHANNEL DESKTOP :DIRECTION
<   INPUT)
<  (PREFER &quot;sitting at her desk in the classroom&quot; :FRAME (57 93) :PENN-CATS (VP)
<   :TRIPS-CATS (W::VP) :SCORE 45.578 :UTTNUM 9 :CHANNEL DESKTOP :DIRECTION
<   INPUT)
<  (PREFER &quot;is sitting at her desk in the classroom&quot; :FRAME (54 93) :PENN-CATS
<   (VP) :TRIPS-CATS (W::VP) :SCORE 49.838 :UTTNUM 9 :CHANNEL DESKTOP :DIRECTION
<   INPUT)
<  (WORD &quot;.&quot; :FRAME (94 94) :SENSE-INFO
<   ((:PENN-PARTS-OF-SPEECH (FULL_STOP) :TRIPS-PARTS-OF-SPEECH (W::PUNC)))
<   :UTTNUM 9 :CHANNEL DESKTOP :DIRECTION INPUT)
<  (PREFER
<   &quot;a dark-skinned , dark-haired girl in a black pullover is sitting at her desk in the classroom .&quot;
<   :FRAME (0 94) :PENN-CATS (S) :SCORE 119.434 :UTTNUM 9 :CHANNEL DESKTOP
<   :DIRECTION INPUT))</lisp><word lex="in" start="34" end="36"><sense-info penn-parts-of-speech="IN" trips-parts-of-speech="PREP,ADV" /></word><word lex="a" start="37" end="38"><sense-info penn-parts-of-speech="DT" trips-parts-of-speech="ART,QUAN,PRO" /></word><word lex="black" start="39" end="44"><sense-info penn-parts-of-speech="JJ" trips-parts-of-speech="ADJ" /></word><word lex="pullover" start="45" end="53"><sense-info penn-parts-of-speech="NN" trips-parts-of-speech="N" /></word><prefer text="a black pullover" start="37" end="53" penn-cats="NP" score="22.829" /><prefer text="in a black pullover" start="34" end="53" penn-cats="PP" score="25.08" /><prefer text="a dark-skinned , dark-haired girl in a black pullover" start="0" end="53" penn-cats="NP" score="66.767" /><word lex="is" start="54" end="56"><sense-info penn-parts-of-speech="VBZ" trips-parts-of-speech="V" /></word><word lex="sitting" start="57" end="64"><sense-info penn-parts-of-speech="VBG" trips-parts-of-speech="V" /></word><word lex="at" start="65" end="67"><sense-info penn-parts-of-speech="IN" trips-parts-of-speech="PREP,ADV" /></word><word lex="her" start="68" end="71"><sense-info penn-parts-of-speech="PRP$" trips-parts-of-speech="PRO" /></word><word lex="desk" start="72" end="76"><sense-info penn-parts-of-speech="NN" trips-parts-of-speech="N" /></word><prefer text="her desk" start="68" end="76" penn-cats="NP" score="16.685" /><word lex="in" start="77" end="79"><sense-info penn-parts-of-speech="IN" trips-parts-of-speech="PREP,ADV" /></word><word lex="the" start="80" end="83"><sense-info penn-parts-of-speech="DT" trips-parts-of-speech="ART,QUAN,PRO" /></word><word lex="classroom" start="84" end="93"><sense-info penn-parts-of-speech="NN" trips-parts-of-speech="N" /></word><prefer text="the classroom" start="80" end="93" penn-cats="NP" score="13.092" /><prefer text="in the classroom" start="77" end="93" penn-cats="PP" score="15.344" /><prefer text="her desk in the classroom" start="68" end="93" penn-cats="NP" score="32.57" /><prefer text="at her desk in the classroom" start="65" end="93" penn-cats="PP" score="36.881" /><prefer text="sitting at her desk in the classroom" start="57" end="93" penn-cats="VP" score="45.578" /><prefer text="is sitting at her desk in the classroom" start="54" end="93" penn-cats="VP" score="49.838" /><word lex="." start="94" end="94"><sense-info penn-parts-of-speech="FULL_STOP" trips-parts-of-speech="PUNC" /></word><prefer text="a dark-skinned , dark-haired girl in a black pullover is sitting at her desk in the classroom ." start="0" end="94" penn-cats="S" score="119.434" /></tags><tree><lisp>(UTT
<  (UTT
<   (S
<    (ADVBL (ADV IN)
<     (NP (SPEC (DET (ART A))) (N1 (ADJP (ADJ1 (ADJ BLACK))) (N1 (N PULLOVER)))))
<    (S (V IS) (NP (N1 (V SITTING)))
<     (ADVBL (ADV AT) (NP (SPEC (DET (POSSESSOR (PRO HER)))) (N1 (N DESK))))
<     (PRED (ADVBL (ADV IN) (NP (SPEC (DET (ART THE))) (N1 (N CLASSROOM))))))))
<  (PUNC PUNC-PERIOD))</lisp><UTT><UTT><S><ADVBL><ADV>IN</ADV><NP><SPEC><DET><ART>A</ART></DET></SPEC><N1><ADJP><ADJ1><ADJ>BLACK</ADJ></ADJ1></ADJP><N1><N>PULLOVER</N></N1></N1></NP></ADVBL><S><V>IS</V><NP><N1><V>SITTING</V></N1></NP><ADVBL><ADV>AT</ADV><NP><SPEC><DET><POSSESSOR><PRO>HER</PRO></POSSESSOR></DET></SPEC><N1><N>DESK</N></N1></NP></ADVBL><PRED><ADVBL><ADV>IN</ADV><NP><SPEC><DET><ART>THE</ART></DET></SPEC><N1><N>CLASSROOM</N></N1></NP></ADVBL></PRED></S></S></UTT><PUNC>PUNC-PERIOD</PUNC></UTT></tree><terms root="#V99348"><lisp>((ONT::SPEECHACT ONT::V99348 ONT::SA_YN-QUESTION :PUNCTYPE W::DECL :CONTENT
<   ONT::V94387 :START 34 :END 94)
<  (ONT::F ONT::V94387 (:* ONT::HAVE-PROPERTY W::BE) :NEUTRAL ONT::V94404 :FORMAL
<   ONT::V94449 :LOCATION ONT::V94285 :LOCATION ONT::V94424 :START 34 :END 94)
<  (ONT::F ONT::V94285 (:* ONT::IN-LOC W::IN) :GROUND ONT::V94379 :FIGURE
<   ONT::V94387 :START 34 :END 54)
<  (ONT::A ONT::V94379 (:* ONT::ATTIRE W::PULLOVER) :MOD ONT::V94375 :START 37
<   :END 54)
<  (ONT::F ONT::V94375 (:* ONT::BLACK W::BLACK) :FIGURE ONT::V94379 :SCALE
<   ONT::BLACKNESS*1--07--00 :START 39 :END 45)
<  (ONT::BARE ONT::V94404 (:* ONT::BODY-MOVEMENT W::SIT-DOWN) :START 57 :END 65)
<  (ONT::F ONT::V94424 (:* ONT::AT-LOC W::AT) :GROUND ONT::V94442 :FIGURE
<   ONT::V94387 :START 65 :END 77)
<  (ONT::THE ONT::V94442 (:* ONT::FURNISHINGS W::DESK) :ASSOC-POSS ONT::V94437
<   :START 68 :END 77)
<  (ONT::PRO ONT::V94437 (:* ONT::FEMALE-PERSON W::HER) :PROFORM W::HER :START 68
<   :END 77 :COREF ONT::V94278)
<  (ONT::F ONT::V94449 (:* ONT::IN-LOC W::IN) :GROUND ONT::V94505 :FIGURE
<   ONT::V94404 :START 77 :END 94)
<  (ONT::THE ONT::V94505 (:* ONT::INTERNAL-ENCLOSURE W::CLASSROOM) :START 80 :END
<   94))</lisp><rdf:RDF
<   xmlns:rdf="http://www.w3.org/1999/02/22-rdf-syntax-ns#"
<   xmlns:role="http://www.cs.rochester.edu/research/trips/role#"
<   xmlns:LF="http://www.cs.rochester.edu/research/trips/LF#">
<   <rdf:Description rdf:ID="V99348">
<     <LF:indicator>SPEECHACT</LF:indicator>
<     <LF:type>SA_YN-QUESTION</LF:type>
<     <role:PUNCTYPE>DECL</role:PUNCTYPE>
<     <role:CONTENT rdf:resource="#V94387" />
<     <LF:start>34</LF:start>
<     <LF:end>94</LF:end>
<   </rdf:Description>
<   <rdf:Description rdf:ID="V94387">
<     <LF:indicator>F</LF:indicator>
<     <LF:type>HAVE-PROPERTY</LF:type>
<     <LF:word>BE</LF:word>
<     <role:NEUTRAL rdf:resource="#V94404" />
<     <role:FORMAL rdf:resource="#V94449" />
<     <role:LOCATION rdf:resource="#V94285" />
<     <role:LOCATION rdf:resource="#V94424" />
<     <LF:start>34</LF:start>
<     <LF:end>94</LF:end>
<   </rdf:Description>
<   <rdf:Description rdf:ID="V94285">
<     <LF:indicator>F</LF:indicator>
<     <LF:type>IN-LOC</LF:type>
<     <LF:word>IN</LF:word>
<     <role:GROUND rdf:resource="#V94379" />
<     <role:FIGURE rdf:resource="#V94387" />
<     <LF:start>34</LF:start>
<     <LF:end>54</LF:end>
<   </rdf:Description>
<   <rdf:Description rdf:ID="V94379">
<     <LF:indicator>A</LF:indicator>
<     <LF:type>ATTIRE</LF:type>
<     <LF:word>PULLOVER</LF:word>
<     <role:MOD rdf:resource="#V94375" />
<     <LF:start>37</LF:start>
<     <LF:end>54</LF:end>
<   </rdf:Description>
<   <rdf:Description rdf:ID="V94375">
<     <LF:indicator>F</LF:indicator>
<     <LF:type>BLACK</LF:type>
<     <LF:word>BLACK</LF:word>
<     <role:FIGURE rdf:resource="#V94379" />
<     <role:SCALE>BLACKNESS*1--07--00</role:SCALE>
<     <LF:start>39</LF:start>
<     <LF:end>45</LF:end>
<   </rdf:Description>
<   <rdf:Description rdf:ID="V94404">
<     <LF:indicator>BARE</LF:indicator>
<     <LF:type>BODY-MOVEMENT</LF:type>
<     <LF:word>SIT-DOWN</LF:word>
<     <LF:start>57</LF:start>
<     <LF:end>65</LF:end>
<   </rdf:Description>
<   <rdf:Description rdf:ID="V94424">
<     <LF:indicator>F</LF:indicator>
<     <LF:type>AT-LOC</LF:type>
<     <LF:word>AT</LF:word>
<     <role:GROUND rdf:resource="#V94442" />
<     <role:FIGURE rdf:resource="#V94387" />
<     <LF:start>65</LF:start>
<     <LF:end>77</LF:end>
<   </rdf:Description>
<   <rdf:Description rdf:ID="V94442">
<     <LF:indicator>THE</LF:indicator>
<     <LF:type>FURNISHINGS</LF:type>
<     <LF:word>DESK</LF:word>
<     <role:ASSOC-POSS rdf:resource="#V94437" />
<     <LF:start>68</LF:start>
<     <LF:end>77</LF:end>
<   </rdf:Description>
<   <rdf:Description rdf:ID="V94437">
<     <LF:indicator>PRO</LF:indicator>
<     <LF:type>FEMALE-PERSON</LF:type>
<     <LF:word>HER</LF:word>
<     <role:PROFORM>HER</role:PROFORM>
<     <LF:start>68</LF:start>
<     <LF:end>77</LF:end>
<     <role:COREF rdf:resource="#V94278" />
<   </rdf:Description>
<   <rdf:Description rdf:ID="V94449">
<     <LF:indicator>F</LF:indicator>
<     <LF:type>IN-LOC</LF:type>
<     <LF:word>IN</LF:word>
<     <role:GROUND rdf:resource="#V94505" />
<     <role:FIGURE rdf:resource="#V94404" />
<     <LF:start>77</LF:start>
<     <LF:end>94</LF:end>
<   </rdf:Description>
<   <rdf:Description rdf:ID="V94505">
<     <LF:indicator>THE</LF:indicator>
<     <LF:type>INTERNAL-ENCLOSURE</LF:type>
<     <LF:word>CLASSROOM</LF:word>
<     <LF:start>80</LF:start>
<     <LF:end>94</LF:end>
<   </rdf:Description>
< </rdf:RDF>
< </terms></utt></compound-communication-act>
< </trips-parser-output>
\ No newline at end of file
---
> <SpRL>
>  <SCENE>
>   <SENTENCE id="s1" indicator="A" type="FEMALE-CHILD" text="GIRL" start="0" end="34">
>    <TEXT>a dark-skinned , dark-haired girl i</TEXT>
>    <RELATION id="1" head="V94278" res="V94251" label="MOD"/>
>    <RELATION id="2" head="V94278" res="V94275" label="MOD"/>
>    <PHRASE id="V94251" indicator="F" type="MODIFIER" text="DARK-PUNC-MINUS-SKINNED" start="2" end="15" WNSENSE="dark-skinned%5:00:00"/>
>    <RELATION id="3" head="V94251" res="V94278" label="FIGURE"/>
>    <PHRASE id="V94275" indicator="F" type="MODIFIER" text="DARK-PUNC-MINUS-HAIRED" start="17" end="29" WNSENSE="dark-haired%5:00:00"/>
>    <RELATION id="4" head="V94275" res="V94278" label="FIGURE"/>
>   </SENTENCE>
>   <SENTENCE id="s2" indicator="SPEECHACT" type="SA_YN-QUESTION" PUNCTYPE="DECL" start="34" end="94">
>    <TEXT>in a black pullover is sitting at her desk in the classroom .</TEXT>
>    <RELATION id="5" head="V99348" res="V94387" label="CONTENT"/>
>    <PHRASE id="V94387" indicator="F" type="HAVE-PROPERTY" text="BE" start="34" end="94"/>
>    <RELATION id="6" head="V94387" res="V94404" label="NEUTRAL"/>
>    <RELATION id="7" head="V94387" res="V94449" label="FORMAL"/>
>    <RELATION id="8" head="V94387" res="V94285" label="LOCATION"/>
>    <RELATION id="9" head="V94387" res="V94424" label="LOCATION"/>
>    <PHRASE id="V94285" indicator="F" type="IN-LOC" text="IN" start="34" end="54"/>
>    <RELATION id="10" head="V94285" res="V94379" label="GROUND"/>
>    <RELATION id="11" head="V94285" res="V94387" label="FIGURE"/>
>    <PHRASE id="V94379" indicator="A" type="ATTIRE" text="PULLOVER" start="37" end="54"/>
>    <RELATION id="12" head="V94379" res="V94375" label="MOD"/>
>    <PHRASE id="V94375" indicator="F" type="BLACK" text="BLACK" SCALE="BLACKNESS*1--07--00" start="39" end="45"/>
>    <RELATION id="13" head="V94375" res="V94379" label="FIGURE"/>
>    <PHRASE id="V94404" indicator="BARE" type="BODY-MOVEMENT" text="SIT-DOWN" start="57" end="65"/>
>    <PHRASE id="V94424" indicator="F" type="AT-LOC" text="AT" start="65" end="77"/>
>    <RELATION id="14" head="V94424" res="V94442" label="GROUND"/>
>    <RELATION id="15" head="V94424" res="V94387" label="FIGURE"/>
>    <PHRASE id="V94442" indicator="THE" type="FURNISHINGS" text="DESK" start="68" end="77"/>
>    <RELATION id="16" head="V94442" res="V94437" label="ASSOC-POSS"/>
>    <PHRASE id="V94437" indicator="PRO" type="FEMALE-PERSON" text="HER" PROFORM="HER" start="68" end="77"/>
>    <RELATION id="17" head="V94437" res="V94278" label="COREF"/>
>    <PHRASE id="V94449" indicator="F" type="IN-LOC" text="IN" start="77" end="94"/>
>    <RELATION id="18" head="V94449" res="V94505" label="GROUND"/>
>    <RELATION id="19" head="V94449" res="V94404" label="FIGURE"/>
>    <PHRASE id="V94505" indicator="THE" type="INTERNAL-ENCLOSURE" text="CLASSROOM" start="80" end="94"/>
>   </SENTENCE>
>  </SCENE>
> </SpRL>
