2,327c2,49
< <?xml-stylesheet type="text/xsl" href="../style/parser-interface.xsl"?>
< <!DOCTYPE trips-parser-output SYSTEM "../trips-parser-output.dtd">
< <trips-parser-output parser-build-date="2017-09-20T12:11:02-0500" system="STEP" extsformat="svg" tagsformat="hidden" treecontents="phrase" treeformat="LinGO" lfformat="svg" semantic-skeleton-scoring="T" rule-sets="" input="a dark-haired , dark-skinned girl wearing a red vest and a long necklace standing in the backyard of two grey houses .
< ">
< <debug>
< *last-utt-id*=NIL  utt-id+17
< *last-utt-id*=17  utt-id+17
< *last-utt-id*=17  utt-id+17
< *last-utt-id*=17  utt-id+17
< *last-utt-id*=17  utt-id+NIL</debug><compound-communication-act>
< <utt><words><lisp>(W::DARK W::PUNC-MINUS W::HAIRED)</lisp><word>DARK</word><word>PUNC-MINUS</word><word>HAIRED</word></words><tags><lisp>((WORD &quot;a&quot; :FRAME (0 1) :SENSE-INFO
<   ((:PENN-PARTS-OF-SPEECH (DT) :TRIPS-PARTS-OF-SPEECH (W::ART W::QUAN W::PRO)))
<   :UTTNUM 17 :CHANNEL DESKTOP :DIRECTION INPUT)
<  (WORD &quot;dark&quot; :FRAME (2 5) :SENSE-INFO
<   ((:PENN-PARTS-OF-SPEECH (NN) :TRIPS-PARTS-OF-SPEECH (W::N))) :UTTNUM 17
<   :CHANNEL DESKTOP :DIRECTION INPUT)
<  (WORD &quot;-&quot; :FRAME (6 6) :SENSE-INFO
<   ((:PENN-PARTS-OF-SPEECH (COLON) :TRIPS-PARTS-OF-SPEECH (W::PUNC))) :UTTNUM 17
<   :CHANNEL DESKTOP :DIRECTION INPUT)
<  (WORD &quot;haired&quot; :FRAME (7 13) :SENSE-INFO
<   ((:PENN-PARTS-OF-SPEECH (JJ) :TRIPS-PARTS-OF-SPEECH (W::ADJ))) :UTTNUM 17
<   :CHANNEL DESKTOP :DIRECTION INPUT)
<  (WORD &quot;dark-haired&quot; :FRAME (2 13) :SENSE-INFO
<   ((:PENN-PARTS-OF-SPEECH (JJ) :TRIPS-PARTS-OF-SPEECH (W::ADJ) :WN-SENSE-KEYS
<     (&quot;dark-haired%5:00:00&quot;)))
<   :UTTNUM 17 :CHANNEL DESKTOP :DIRECTION INPUT)
<  (WORD &quot;,&quot; :FRAME (14 15) :SENSE-INFO
<   ((:PENN-PARTS-OF-SPEECH (COMMA) :TRIPS-PARTS-OF-SPEECH (W::PUNC))) :UTTNUM 17
<   :CHANNEL DESKTOP :DIRECTION INPUT))</lisp><word lex="a" start="0" end="1"><sense-info penn-parts-of-speech="DT" trips-parts-of-speech="ART,QUAN,PRO" /></word><word lex="dark" start="2" end="5"><sense-info penn-parts-of-speech="NN" trips-parts-of-speech="N" /></word><word lex="-" start="6" end="6"><sense-info penn-parts-of-speech="COLON" trips-parts-of-speech="PUNC" /></word><word lex="haired" start="7" end="13"><sense-info penn-parts-of-speech="JJ" trips-parts-of-speech="ADJ" /></word><word lex="dark-haired" start="2" end="13"><sense-info penn-parts-of-speech="JJ" trips-parts-of-speech="ADJ" wn-sense-keys="dark-haired%5:00:00" /></word><word lex="," start="14" end="15"><sense-info penn-parts-of-speech="COMMA" trips-parts-of-speech="PUNC" /></word></tags><tree><lisp>(DET (ART A))</lisp><DET><ART>A</ART></DET></tree><terms root="#V117510"><lisp>((ONT::F ONT::V117510 (:* ONT::MODIFIER W::DARK-PUNC-MINUS-HAIRED) :START 2
<   :END 14 :WNSENSE &quot;dark-haired%5:00:00&quot;))</lisp><rdf:RDF
<   xmlns:rdf="http://www.w3.org/1999/02/22-rdf-syntax-ns#"
<   xmlns:role="http://www.cs.rochester.edu/research/trips/role#"
<   xmlns:LF="http://www.cs.rochester.edu/research/trips/LF#">
<   <rdf:Description rdf:ID="V117510">
<     <LF:indicator>F</LF:indicator>
<     <LF:type>MODIFIER</LF:type>
<     <LF:word>DARK-PUNC-MINUS-HAIRED</LF:word>
<     <LF:start>2</LF:start>
<     <LF:end>14</LF:end>
<     <role:WNSENSE>dark-haired%5:00:00</role:WNSENSE>
<   </rdf:Description>
< </rdf:RDF>
< </terms></utt><utt><words><lisp>(W::DARK W::PUNC-MINUS W::SKINNED W::GIRL)</lisp><word>DARK</word><word>PUNC-MINUS</word><word>SKINNED</word><word>GIRL</word></words><tags><lisp>((WORD &quot;dark&quot; :FRAME (16 19) :SENSE-INFO
<   ((:PENN-PARTS-OF-SPEECH (JJ) :TRIPS-PARTS-OF-SPEECH (W::ADJ))) :UTTNUM 17
<   :CHANNEL DESKTOP :DIRECTION INPUT)
<  (WORD &quot;-&quot; :FRAME (20 20) :SENSE-INFO
<   ((:PENN-PARTS-OF-SPEECH (COLON) :TRIPS-PARTS-OF-SPEECH (W::PUNC))) :UTTNUM 17
<   :CHANNEL DESKTOP :DIRECTION INPUT)
<  (WORD &quot;skinned&quot; :FRAME (21 28) :SENSE-INFO
<   ((:PENN-PARTS-OF-SPEECH (VBN) :TRIPS-PARTS-OF-SPEECH (W::V))) :UTTNUM 17
<   :CHANNEL DESKTOP :DIRECTION INPUT)
<  (WORD &quot;dark-skinned&quot; :FRAME (16 28) :SENSE-INFO
<   ((:PENN-PARTS-OF-SPEECH (JJ) :TRIPS-PARTS-OF-SPEECH (W::ADJ) :WN-SENSE-KEYS
<     (&quot;dark-skinned%5:00:00&quot;)))
<   :UTTNUM 17 :CHANNEL DESKTOP :DIRECTION INPUT)
<  (WORD &quot;girl&quot; :FRAME (29 33) :SENSE-INFO
<   ((:PENN-PARTS-OF-SPEECH (NN) :TRIPS-PARTS-OF-SPEECH (W::N))) :UTTNUM 17
<   :CHANNEL DESKTOP :DIRECTION INPUT)
<  (PREFER &quot;a dark-haired , dark-skinned girl&quot; :FRAME (0 33) :PENN-CATS (NP)
<   :TRIPS-CATS (W::NP) :SCORE 41.32 :UTTNUM 17 :CHANNEL DESKTOP :DIRECTION
<   INPUT))</lisp><word lex="dark" start="16" end="19"><sense-info penn-parts-of-speech="JJ" trips-parts-of-speech="ADJ" /></word><word lex="-" start="20" end="20"><sense-info penn-parts-of-speech="COLON" trips-parts-of-speech="PUNC" /></word><word lex="skinned" start="21" end="28"><sense-info penn-parts-of-speech="VBN" trips-parts-of-speech="V" /></word><word lex="dark-skinned" start="16" end="28"><sense-info penn-parts-of-speech="JJ" trips-parts-of-speech="ADJ" wn-sense-keys="dark-skinned%5:00:00" /></word><word lex="girl" start="29" end="33"><sense-info penn-parts-of-speech="NN" trips-parts-of-speech="N" /></word><prefer text="a dark-haired , dark-skinned girl" start="0" end="33" penn-cats="NP" score="41.32" /></tags><tree><lisp>(ADJP (ADJ1 (ADJ DARK PUNC-MINUS HAIRED)))</lisp><ADJP><ADJ1><ADJ>DARK PUNC-MINUS HAIRED</ADJ></ADJ1></ADJP></tree><terms root="#V117544"><lisp>((ONT::BARE ONT::V117544 (:* ONT::FEMALE-CHILD W::GIRL) :MOD ONT::V117516 :MOD
<   ONT::V117529 :START 16 :END 34)
<  (ONT::F ONT::V117516 (:* ONT::DARK-VAL W::DARK) :FIGURE ONT::V117544 :START 16
<   :END 20)
<  (ONT::F ONT::V117529 (:* ONT::MOVE W::SKINNED) :AFFECTED ONT::V117544 :START
<   21 :END 29))</lisp><rdf:RDF
<   xmlns:rdf="http://www.w3.org/1999/02/22-rdf-syntax-ns#"
<   xmlns:role="http://www.cs.rochester.edu/research/trips/role#"
<   xmlns:LF="http://www.cs.rochester.edu/research/trips/LF#">
<   <rdf:Description rdf:ID="V117544">
<     <LF:indicator>BARE</LF:indicator>
<     <LF:type>FEMALE-CHILD</LF:type>
<     <LF:word>GIRL</LF:word>
<     <role:MOD rdf:resource="#V117516" />
<     <role:MOD rdf:resource="#V117529" />
<     <LF:start>16</LF:start>
<     <LF:end>34</LF:end>
<   </rdf:Description>
<   <rdf:Description rdf:ID="V117516">
<     <LF:indicator>F</LF:indicator>
<     <LF:type>DARK-VAL</LF:type>
<     <LF:word>DARK</LF:word>
<     <role:FIGURE rdf:resource="#V117544" />
<     <LF:start>16</LF:start>
<     <LF:end>20</LF:end>
<   </rdf:Description>
<   <rdf:Description rdf:ID="V117529">
<     <LF:indicator>F</LF:indicator>
<     <LF:type>MOVE</LF:type>
<     <LF:word>SKINNED</LF:word>
<     <role:AFFECTED rdf:resource="#V117544" />
<     <LF:start>21</LF:start>
<     <LF:end>29</LF:end>
<   </rdf:Description>
< </rdf:RDF>
< </terms></utt><utt><words><lisp>(W::WEARING W::A W::RED W::VEST W::AND W::A W::LONG W::NECKLACE)</lisp><word>WEARING</word><word>A</word><word>RED</word><word>VEST</word><word>AND</word><word>A</word><word>LONG</word><word>NECKLACE</word></words><tags><lisp>((WORD &quot;wearing&quot; :FRAME (34 41) :SENSE-INFO
<   ((:PENN-PARTS-OF-SPEECH (VBG) :TRIPS-PARTS-OF-SPEECH (W::V))) :UTTNUM 17
<   :CHANNEL DESKTOP :DIRECTION INPUT)
<  (WORD &quot;a&quot; :FRAME (42 43) :SENSE-INFO
<   ((:PENN-PARTS-OF-SPEECH (DT) :TRIPS-PARTS-OF-SPEECH (W::ART W::QUAN W::PRO)))
<   :UTTNUM 17 :CHANNEL DESKTOP :DIRECTION INPUT)
<  (WORD &quot;red&quot; :FRAME (44 47) :SENSE-INFO
<   ((:PENN-PARTS-OF-SPEECH (JJ) :TRIPS-PARTS-OF-SPEECH (W::ADJ))) :UTTNUM 17
<   :CHANNEL DESKTOP :DIRECTION INPUT)
<  (WORD &quot;vest&quot; :FRAME (48 52) :SENSE-INFO
<   ((:PENN-PARTS-OF-SPEECH (NN) :TRIPS-PARTS-OF-SPEECH (W::N))) :UTTNUM 17
<   :CHANNEL DESKTOP :DIRECTION INPUT)
<  (PREFER &quot;a red vest&quot; :FRAME (42 52) :PENN-CATS (NP) :TRIPS-CATS (W::NP) :SCORE
<   23.292 :UTTNUM 17 :CHANNEL DESKTOP :DIRECTION INPUT)
<  (WORD &quot;and&quot; :FRAME (53 56) :SENSE-INFO
<   ((:PENN-PARTS-OF-SPEECH (CC) :TRIPS-PARTS-OF-SPEECH (W::CONJ))) :UTTNUM 17
<   :CHANNEL DESKTOP :DIRECTION INPUT)
<  (WORD &quot;a&quot; :FRAME (57 58) :SENSE-INFO
<   ((:PENN-PARTS-OF-SPEECH (DT) :TRIPS-PARTS-OF-SPEECH (W::ART W::QUAN W::PRO)))
<   :UTTNUM 17 :CHANNEL DESKTOP :DIRECTION INPUT)
<  (WORD &quot;long&quot; :FRAME (59 63) :SENSE-INFO
<   ((:PENN-PARTS-OF-SPEECH (JJ) :TRIPS-PARTS-OF-SPEECH (W::ADJ))) :UTTNUM 17
<   :CHANNEL DESKTOP :DIRECTION INPUT)
<  (WORD &quot;necklace&quot; :FRAME (64 72) :SENSE-INFO
<   ((:PENN-PARTS-OF-SPEECH (NN) :TRIPS-PARTS-OF-SPEECH (W::N))) :UTTNUM 17
<   :CHANNEL DESKTOP :DIRECTION INPUT))</lisp><word lex="wearing" start="34" end="41"><sense-info penn-parts-of-speech="VBG" trips-parts-of-speech="V" /></word><word lex="a" start="42" end="43"><sense-info penn-parts-of-speech="DT" trips-parts-of-speech="ART,QUAN,PRO" /></word><word lex="red" start="44" end="47"><sense-info penn-parts-of-speech="JJ" trips-parts-of-speech="ADJ" /></word><word lex="vest" start="48" end="52"><sense-info penn-parts-of-speech="NN" trips-parts-of-speech="N" /></word><prefer text="a red vest" start="42" end="52" penn-cats="NP" score="23.292" /><word lex="and" start="53" end="56"><sense-info penn-parts-of-speech="CC" trips-parts-of-speech="CONJ" /></word><word lex="a" start="57" end="58"><sense-info penn-parts-of-speech="DT" trips-parts-of-speech="ART,QUAN,PRO" /></word><word lex="long" start="59" end="63"><sense-info penn-parts-of-speech="JJ" trips-parts-of-speech="ADJ" /></word><word lex="necklace" start="64" end="72"><sense-info penn-parts-of-speech="NN" trips-parts-of-speech="N" /></word></tags><tree><lisp>(PUNC PUNC-COMMA)</lisp><PUNC>PUNC-COMMA</PUNC></tree><terms root="#V117550"><lisp>((ONT::F ONT::V117550 (:* ONT::WEAR W::WEAR) :NEUTRAL ONT::V117609 :VFORM
<   W::ING :START 34 :END 73)
<  (ONT::INDEF-SET ONT::V117609 ONT::MANUFACTURED-OBJECT :OPERATOR ONT::AND
<   :SEQUENCE (ONT::V117605 ONT::V117667) :START 42 :END 73)
<  (ONT::A ONT::V117605 (:* ONT::ATTIRE W::VEST) :MOD ONT::V117597 :START 42 :END
<   53)
<  (ONT::F ONT::V117597 (:* ONT::RED W::RED) :FIGURE ONT::V117605 :SCALE
<   ONT::COLOR-SCALE :START 44 :END 48)
<  (ONT::A ONT::V117667 (:* ONT::MANUFACTURED-OBJECT W::NECKLACE) :MOD
<   ONT::V117659 :START 57 :END 73)
<  (ONT::F ONT::V117659 (:* ONT::LONG W::LONG) :FIGURE ONT::V117667 :SCALE
<   ONT::SIZE-SCALE :START 59 :END 64))</lisp><rdf:RDF
<   xmlns:rdf="http://www.w3.org/1999/02/22-rdf-syntax-ns#"
<   xmlns:role="http://www.cs.rochester.edu/research/trips/role#"
<   xmlns:LF="http://www.cs.rochester.edu/research/trips/LF#">
<   <rdf:Description rdf:ID="V117550">
<     <LF:indicator>F</LF:indicator>
<     <LF:type>WEAR</LF:type>
<     <LF:word>WEAR</LF:word>
<     <role:NEUTRAL rdf:resource="#V117609" />
<     <role:VFORM>ING</role:VFORM>
<     <LF:start>34</LF:start>
<     <LF:end>73</LF:end>
<   </rdf:Description>
<   <rdf:Description rdf:ID="V117609">
<     <LF:indicator>INDEF-SET</LF:indicator>
<     <LF:type>MANUFACTURED-OBJECT</LF:type>
<     <role:OPERATOR>AND</role:OPERATOR>
<     <role:SEQUENCE rdf:resource="#V117605" />
<     <role:SEQUENCE1 rdf:resource="#V117667" />
<     <LF:start>42</LF:start>
<     <LF:end>73</LF:end>
<   </rdf:Description>
<   <rdf:Description rdf:ID="V117605">
<     <LF:indicator>A</LF:indicator>
<     <LF:type>ATTIRE</LF:type>
<     <LF:word>VEST</LF:word>
<     <role:MOD rdf:resource="#V117597" />
<     <LF:start>42</LF:start>
<     <LF:end>53</LF:end>
<   </rdf:Description>
<   <rdf:Description rdf:ID="V117597">
<     <LF:indicator>F</LF:indicator>
<     <LF:type>RED</LF:type>
<     <LF:word>RED</LF:word>
<     <role:FIGURE rdf:resource="#V117605" />
<     <role:SCALE>COLOR-SCALE</role:SCALE>
<     <LF:start>44</LF:start>
<     <LF:end>48</LF:end>
<   </rdf:Description>
<   <rdf:Description rdf:ID="V117667">
<     <LF:indicator>A</LF:indicator>
<     <LF:type>MANUFACTURED-OBJECT</LF:type>
<     <LF:word>NECKLACE</LF:word>
<     <role:MOD rdf:resource="#V117659" />
<     <LF:start>57</LF:start>
<     <LF:end>73</LF:end>
<   </rdf:Description>
<   <rdf:Description rdf:ID="V117659">
<     <LF:indicator>F</LF:indicator>
<     <LF:type>LONG</LF:type>
<     <LF:word>LONG</LF:word>
<     <role:FIGURE rdf:resource="#V117667" />
<     <role:SCALE>SIZE-SCALE</role:SCALE>
<     <LF:start>59</LF:start>
<     <LF:end>64</LF:end>
<   </rdf:Description>
< </rdf:RDF>
< </terms></utt><utt><words><lisp>(W::STANDING W::IN W::THE W::BACKYARD W::OF W::TWO W::GREY W::HOUSES
<  W::PUNC-PERIOD)</lisp><word>STANDING</word><word>IN</word><word>THE</word><word>BACKYARD</word><word>OF</word><word>TWO</word><word>GREY</word><word>HOUSES</word><word>PUNC-PERIOD</word></words><tags><lisp>((WORD &quot;standing&quot; :FRAME (73 81) :SENSE-INFO
<   ((:PENN-PARTS-OF-SPEECH (NN) :TRIPS-PARTS-OF-SPEECH (W::N))) :UTTNUM 17
<   :CHANNEL DESKTOP :DIRECTION INPUT)
<  (PREFER &quot;a long necklace standing&quot; :FRAME (57 81) :PENN-CATS (NP) :TRIPS-CATS
<   (W::NP) :SCORE 33.329 :UTTNUM 17 :CHANNEL DESKTOP :DIRECTION INPUT)
<  (PREFER &quot;a red vest and a long necklace standing&quot; :FRAME (42 81) :PENN-CATS
<   (NP) :TRIPS-CATS (W::NP) :SCORE 60.511 :UTTNUM 17 :CHANNEL DESKTOP :DIRECTION
<   INPUT)
<  (WORD &quot;in&quot; :FRAME (82 84) :SENSE-INFO
<   ((:PENN-PARTS-OF-SPEECH (IN) :TRIPS-PARTS-OF-SPEECH (W::PREP W::ADV)))
<   :UTTNUM 17 :CHANNEL DESKTOP :DIRECTION INPUT)
<  (WORD &quot;standing in&quot; :FRAME (73 84) :SENSE-INFO
<   ((:PENN-PARTS-OF-SPEECH (VBG) :TRIPS-PARTS-OF-SPEECH (W::V) :WN-SENSE-KEYS
<     (&quot;stand_in%2:40:00&quot;)))
<   :UTTNUM 17 :CHANNEL DESKTOP :DIRECTION INPUT)
<  (WORD &quot;the&quot; :FRAME (85 88) :SENSE-INFO
<   ((:PENN-PARTS-OF-SPEECH (DT) :TRIPS-PARTS-OF-SPEECH (W::ART W::QUAN W::PRO)))
<   :UTTNUM 17 :CHANNEL DESKTOP :DIRECTION INPUT)
<  (WORD &quot;backyard&quot; :FRAME (89 97) :SENSE-INFO
<   ((:PENN-PARTS-OF-SPEECH (NN) :TRIPS-PARTS-OF-SPEECH (W::N))) :UTTNUM 17
<   :CHANNEL DESKTOP :DIRECTION INPUT)
<  (PREFER &quot;the backyard&quot; :FRAME (85 97) :PENN-CATS (NP) :TRIPS-CATS (W::NP)
<   :SCORE 13.639 :UTTNUM 17 :CHANNEL DESKTOP :DIRECTION INPUT)
<  (WORD &quot;of&quot; :FRAME (98 100) :SENSE-INFO
<   ((:PENN-PARTS-OF-SPEECH (IN) :TRIPS-PARTS-OF-SPEECH (W::PREP W::ADV)))
<   :UTTNUM 17 :CHANNEL DESKTOP :DIRECTION INPUT)
<  (WORD &quot;two&quot; :FRAME (101 104) :SENSE-INFO
<   ((:PENN-PARTS-OF-SPEECH (CD) :TRIPS-PARTS-OF-SPEECH
<     (W::NUMBER W::NUMBER-UNIT)))
<   :UTTNUM 17 :CHANNEL DESKTOP :DIRECTION INPUT)
<  (WORD &quot;grey&quot; :FRAME (105 109) :SENSE-INFO
<   ((:PENN-PARTS-OF-SPEECH (NN JJ) :TRIPS-PARTS-OF-SPEECH (W::N W::ADJ)
<     :ALTERNATE-SPELLINGS (&quot;gray&quot;)))
<   :UTTNUM 17 :CHANNEL DESKTOP :DIRECTION INPUT)
<  (WORD &quot;houses&quot; :FRAME (110 116) :SENSE-INFO
<   ((:PENN-PARTS-OF-SPEECH (NNS) :TRIPS-PARTS-OF-SPEECH (W::N))) :UTTNUM 17
<   :CHANNEL DESKTOP :DIRECTION INPUT)
<  (PREFER &quot;two grey houses&quot; :FRAME (101 116) :PENN-CATS (NP) :TRIPS-CATS (W::NP)
<   :SCORE 25.346 :UTTNUM 17 :CHANNEL DESKTOP :DIRECTION INPUT)
<  (PREFER &quot;of two grey houses&quot; :FRAME (98 116) :PENN-CATS (PP) :TRIPS-CATS
<   (W::PP) :SCORE 26.413 :UTTNUM 17 :CHANNEL DESKTOP :DIRECTION INPUT)
<  (PREFER &quot;the backyard of two grey houses&quot; :FRAME (85 116) :PENN-CATS (NP)
<   :TRIPS-CATS (W::NP) :SCORE 40.593 :UTTNUM 17 :CHANNEL DESKTOP :DIRECTION
<   INPUT)
<  (PREFER &quot;in the backyard of two grey houses&quot; :FRAME (82 116) :PENN-CATS (PP)
<   :TRIPS-CATS (W::PP) :SCORE 43.801 :UTTNUM 17 :CHANNEL DESKTOP :DIRECTION
<   INPUT)
<  (PREFER
<   &quot;wearing a red vest and a long necklace standing in the backyard of two grey houses&quot;
<   :FRAME (34 116) :PENN-CATS (VP) :TRIPS-CATS (W::VP) :SCORE 115.825 :UTTNUM 17
<   :CHANNEL DESKTOP :DIRECTION INPUT)
<  (WORD &quot;.&quot; :FRAME (117 117) :SENSE-INFO
<   ((:PENN-PARTS-OF-SPEECH (FULL_STOP) :TRIPS-PARTS-OF-SPEECH (W::PUNC)))
<   :UTTNUM 17 :CHANNEL DESKTOP :DIRECTION INPUT)
<  (PREFER
<   &quot;a dark-haired , dark-skinned girl wearing a red vest and a long necklace standing in the backyard of two grey houses .&quot;
<   :FRAME (0 117) :PENN-CATS (NP) :TRIPS-CATS (W::NP) :SCORE 160.587 :UTTNUM 17
<   :CHANNEL DESKTOP :DIRECTION INPUT))</lisp><word lex="standing" start="73" end="81"><sense-info penn-parts-of-speech="NN" trips-parts-of-speech="N" /></word><prefer text="a long necklace standing" start="57" end="81" penn-cats="NP" score="33.329" /><prefer text="a red vest and a long necklace standing" start="42" end="81" penn-cats="NP" score="60.511" /><word lex="in" start="82" end="84"><sense-info penn-parts-of-speech="IN" trips-parts-of-speech="PREP,ADV" /></word><word lex="standing in" start="73" end="84"><sense-info penn-parts-of-speech="VBG" trips-parts-of-speech="V" wn-sense-keys="stand_in%2:40:00" /></word><word lex="the" start="85" end="88"><sense-info penn-parts-of-speech="DT" trips-parts-of-speech="ART,QUAN,PRO" /></word><word lex="backyard" start="89" end="97"><sense-info penn-parts-of-speech="NN" trips-parts-of-speech="N" /></word><prefer text="the backyard" start="85" end="97" penn-cats="NP" score="13.639" /><word lex="of" start="98" end="100"><sense-info penn-parts-of-speech="IN" trips-parts-of-speech="PREP,ADV" /></word><word lex="two" start="101" end="104"><sense-info penn-parts-of-speech="CD" trips-parts-of-speech="NUMBER,NUMBER-UNIT" /></word><word lex="grey" start="105" end="109"><sense-info penn-parts-of-speech="NN,JJ" trips-parts-of-speech="N,ADJ" alternate-spellings="gray" /></word><word lex="houses" start="110" end="116"><sense-info penn-parts-of-speech="NNS" trips-parts-of-speech="N" /></word><prefer text="two grey houses" start="101" end="116" penn-cats="NP" score="25.346" /><prefer text="of two grey houses" start="98" end="116" penn-cats="PP" score="26.413" /><prefer text="the backyard of two grey houses" start="85" end="116" penn-cats="NP" score="40.593" /><prefer text="in the backyard of two grey houses" start="82" end="116" penn-cats="PP" score="43.801" /><prefer text="wearing a red vest and a long necklace standing in the backyard of two grey houses" start="34" end="116" penn-cats="VP" score="115.825" /><word lex="." start="117" end="117"><sense-info penn-parts-of-speech="FULL_STOP" trips-parts-of-speech="PUNC" /></word><prefer text="a dark-haired , dark-skinned girl wearing a red vest and a long necklace standing in the backyard of two grey houses ." start="0" end="117" penn-cats="NP" score="160.587" /></tags><tree><lisp>(NP
<  (N1 (ADJP (ADJ1 (ADJ DARK))) (WORD PUNC-MINUS)
<   (N1 (ADJP (VP- (V (V SKINNED)))) (N1 (N GIRL)))))</lisp><NP><N1><ADJP><ADJ1><ADJ>DARK</ADJ></ADJ1></ADJP><WORD>PUNC-MINUS</WORD><N1><ADJP><VP-><V><V>SKINNED</V></V></VP-></ADJP><N1><N>GIRL</N></N1></N1></N1></NP></tree><terms root="#V120054"><lisp>((ONT::SPEECHACT ONT::V120054 ONT::SA_IDENTIFY :PUNCTYPE W::DECL :CONTENT
<   ONT::V117744 :START 73 :END 117)
<  (ONT::BARE ONT::V117744 (:* ONT::EXCHANGE W::STANDING-IN) :AFFECTED
<   ONT::V117758 :START 73 :END 117 :WNSENSE &quot;stand_in%2:40:00&quot;)
<  (ONT::THE ONT::V117758 (:* ONT::GEO-OBJECT W::BACKYARD) :MOD ONT::V117763
<   :START 85 :END 117)
<  (ONT::F ONT::V117763 (:* ONT::CONTAIN-RELN W::OF) :GROUND ONT::V117783 :FIGURE
<   ONT::V117758 :START 98 :END 117)
<  (ONT::INDEF-SET ONT::V117783 (:* ONT::LODGING W::HOUSE) :SIZE ONT::V117770
<   :MOD ONT::V117772 :START 101 :END 117)
<  (ONT::A ONT::V117770 ONT::NUMBER :VALUE 2 :START 101 :END 105)
<  (ONT::F ONT::V117772 (:* ONT::GRAY W::GREY) :FIGURE ONT::V117783 :SCALE
<   ONT::GREYNESS*1--07--00 :START 105 :END 110))</lisp><rdf:RDF
<   xmlns:rdf="http://www.w3.org/1999/02/22-rdf-syntax-ns#"
<   xmlns:role="http://www.cs.rochester.edu/research/trips/role#"
<   xmlns:LF="http://www.cs.rochester.edu/research/trips/LF#">
<   <rdf:Description rdf:ID="V120054">
<     <LF:indicator>SPEECHACT</LF:indicator>
<     <LF:type>SA_IDENTIFY</LF:type>
<     <role:PUNCTYPE>DECL</role:PUNCTYPE>
<     <role:CONTENT rdf:resource="#V117744" />
<     <LF:start>73</LF:start>
<     <LF:end>117</LF:end>
<   </rdf:Description>
<   <rdf:Description rdf:ID="V117744">
<     <LF:indicator>BARE</LF:indicator>
<     <LF:type>EXCHANGE</LF:type>
<     <LF:word>STANDING-IN</LF:word>
<     <role:AFFECTED rdf:resource="#V117758" />
<     <LF:start>73</LF:start>
<     <LF:end>117</LF:end>
<     <role:WNSENSE>stand_in%2:40:00</role:WNSENSE>
<   </rdf:Description>
<   <rdf:Description rdf:ID="V117758">
<     <LF:indicator>THE</LF:indicator>
<     <LF:type>GEO-OBJECT</LF:type>
<     <LF:word>BACKYARD</LF:word>
<     <role:MOD rdf:resource="#V117763" />
<     <LF:start>85</LF:start>
<     <LF:end>117</LF:end>
<   </rdf:Description>
<   <rdf:Description rdf:ID="V117763">
<     <LF:indicator>F</LF:indicator>
<     <LF:type>CONTAIN-RELN</LF:type>
<     <LF:word>OF</LF:word>
<     <role:GROUND rdf:resource="#V117783" />
<     <role:FIGURE rdf:resource="#V117758" />
<     <LF:start>98</LF:start>
<     <LF:end>117</LF:end>
<   </rdf:Description>
<   <rdf:Description rdf:ID="V117783">
<     <LF:indicator>INDEF-SET</LF:indicator>
<     <LF:type>LODGING</LF:type>
<     <LF:word>HOUSE</LF:word>
<     <role:SIZE rdf:resource="#V117770" />
<     <role:MOD rdf:resource="#V117772" />
<     <LF:start>101</LF:start>
<     <LF:end>117</LF:end>
<   </rdf:Description>
<   <rdf:Description rdf:ID="V117770">
<     <LF:indicator>A</LF:indicator>
<     <LF:type>NUMBER</LF:type>
<     <role:VALUE>2</role:VALUE>
<     <LF:start>101</LF:start>
<     <LF:end>105</LF:end>
<   </rdf:Description>
<   <rdf:Description rdf:ID="V117772">
<     <LF:indicator>F</LF:indicator>
<     <LF:type>GRAY</LF:type>
<     <LF:word>GREY</LF:word>
<     <role:FIGURE rdf:resource="#V117783" />
<     <role:SCALE>GREYNESS*1--07--00</role:SCALE>
<     <LF:start>105</LF:start>
<     <LF:end>110</LF:end>
<   </rdf:Description>
< </rdf:RDF>
< </terms></utt></compound-communication-act>
< </trips-parser-output>
\ No newline at end of file
---
> <SpRL>
>  <SCENE>
>   <SENTENCE id="s1" indicator="F" type="MODIFIER" text="DARK-PUNC-MINUS-HAIRED" start="2" end="14" WNSENSE="dark-haired%5:00:00">
>    <TEXT>dark-haired ,</TEXT>
>   </SENTENCE>
>   <SENTENCE id="s2" indicator="BARE" type="FEMALE-CHILD" text="GIRL" start="16" end="34">
>    <TEXT>dark-skinned girl w</TEXT>
>    <RELATION id="1" head="V117544" res="V117516" label="MOD"/>
>    <RELATION id="2" head="V117544" res="V117529" label="MOD"/>
>    <PHRASE id="V117516" indicator="F" type="DARK-VAL" text="DARK" start="16" end="20"/>
>    <RELATION id="3" head="V117516" res="V117544" label="FIGURE"/>
>    <PHRASE id="V117529" indicator="F" type="MOVE" text="SKINNED" start="21" end="29"/>
>    <RELATION id="4" head="V117529" res="V117544" label="AFFECTED"/>
>   </SENTENCE>
>   <SENTENCE id="s3" indicator="F" type="WEAR" text="WEAR" VFORM="ING" start="34" end="73">
>    <TEXT>wearing a red vest and a long necklace s</TEXT>
>    <RELATION id="5" head="V117550" res="V117609" label="NEUTRAL"/>
>    <PHRASE id="V117609" indicator="INDEF-SET" type="MANUFACTURED-OBJECT" OPERATOR="AND" start="42" end="73"/>
>    <RELATION id="6" head="V117609" res="V117605" label="SEQUENCE"/>
>    <RELATION id="7" head="V117609" res="V117667" label="SEQUENCE1"/>
>    <PHRASE id="V117605" indicator="A" type="ATTIRE" text="VEST" start="42" end="53"/>
>    <RELATION id="8" head="V117605" res="V117597" label="MOD"/>
>    <PHRASE id="V117597" indicator="F" type="RED" text="RED" SCALE="COLOR-SCALE" start="44" end="48"/>
>    <RELATION id="9" head="V117597" res="V117605" label="FIGURE"/>
>    <PHRASE id="V117667" indicator="A" type="MANUFACTURED-OBJECT" text="NECKLACE" start="57" end="73"/>
>    <RELATION id="10" head="V117667" res="V117659" label="MOD"/>
>    <PHRASE id="V117659" indicator="F" type="LONG" text="LONG" SCALE="SIZE-SCALE" start="59" end="64"/>
>    <RELATION id="11" head="V117659" res="V117667" label="FIGURE"/>
>   </SENTENCE>
>   <SENTENCE id="s4" indicator="SPEECHACT" type="SA_IDENTIFY" PUNCTYPE="DECL" start="73" end="117">
>    <TEXT>standing in the backyard of two grey houses .</TEXT>
>    <RELATION id="12" head="V120054" res="V117744" label="CONTENT"/>
>    <PHRASE id="V117744" indicator="BARE" type="EXCHANGE" text="STANDING-IN" start="73" end="117" WNSENSE="stand_in%2:40:00"/>
>    <RELATION id="13" head="V117744" res="V117758" label="AFFECTED"/>
>    <PHRASE id="V117758" indicator="THE" type="GEO-OBJECT" text="BACKYARD" start="85" end="117"/>
>    <RELATION id="14" head="V117758" res="V117763" label="MOD"/>
>    <PHRASE id="V117763" indicator="F" type="CONTAIN-RELN" text="OF" start="98" end="117"/>
>    <RELATION id="15" head="V117763" res="V117783" label="GROUND"/>
>    <RELATION id="16" head="V117763" res="V117758" label="FIGURE"/>
>    <PHRASE id="V117783" indicator="INDEF-SET" type="LODGING" text="HOUSE" start="101" end="117"/>
>    <RELATION id="17" head="V117783" res="V117770" label="SIZE"/>
>    <RELATION id="18" head="V117783" res="V117772" label="MOD"/>
>    <PHRASE id="V117770" indicator="A" type="NUMBER" VALUE="2" start="101" end="105"/>
>    <PHRASE id="V117772" indicator="F" type="GRAY" text="GREY" SCALE="GREYNESS*1--07--00" start="105" end="110"/>
>    <RELATION id="19" head="V117772" res="V117783" label="FIGURE"/>
>   </SENTENCE>
>  </SCENE>
> </SpRL>
