2,506c2,59
< <?xml-stylesheet type="text/xsl" href="../style/parser-interface.xsl"?>
< <!DOCTYPE trips-parser-output SYSTEM "../trips-parser-output.dtd">
< <trips-parser-output parser-build-date="2017-09-20T12:11:02-0500" system="STEP" extsformat="svg" tagsformat="hidden" treecontents="phrase" treeformat="LinGO" lfformat="svg" semantic-skeleton-scoring="T" rule-sets="" input="a dark-skinned boy with a sceptic look , white cap and purple pullover standing in front of a red door with a glasswindow and children's paintings attached .
< ">
< <debug>
< 
<  FOUNDS SEQUENCE from constit (% W::NP (W::BARE-SEQUENCE -) (W::CONSTRAINT -)
<                                  (W::MASS W::BARE) (W::GENERATED +)
<                                  (W::POSTADVBL +)
<                                  (W::SEM ?8607:(?257991:(F::PHYS-OBJ
<                                                          F::ABSTR-OBJ) NIL))
<                                  (W::LF (% W::DESCRIPTION (W::STATUS ONT::DEFINITE)
<                                            (W::VAR V381790)
<                                            (W::SORT W::INDIVIDUAL)
<                                            (W::LEX (W::A))
<                                            (W::CLASS ONT::SEQUENCE)
<                                            (W::CONSTRAINT (% &amp; (W::NAME-OF (W::A))
<                                                              (W::VAL (W::A))))
<                                            (W::LEX W::A) (W::SEM ?257989)
<                                            (W::TRANSFORM ?257990)))
<                                  (W::CASE ?257988:(W::SUB W::OBJ -))
<                                  (W::AGR ?257987) (W::CLASS ONT::ANY-SEM)
<                                  (W::VAR V381790) (W::SORT W::PRED) (W::NAME -)
<                                  (W::PRO -) (W::CHANGEAGR -) (W::LEX W::A)
<                                  (W::HEADCAT W::VALUE) (W::TRANSFORM -)
<                                  (W::REFL -) (1 RNUMBER382566))
< 
<  FOUNDS SEQUENCE from constit (% W::NP (W::BARE-SEQUENCE -) (W::CONSTRAINT -)
<                                  (W::MASS W::BARE) (W::GENERATED +)
<                                  (W::POSTADVBL +)
<                                  (W::SEM ?8607:(?258304:(F::PHYS-OBJ
<                                                          F::ABSTR-OBJ) NIL))
<                                  (W::LF (% W::DESCRIPTION (W::STATUS ONT::DEFINITE)
<                                            (W::VAR V381793)
<                                            (W::SORT W::INDIVIDUAL)
<                                            (W::LEX (W::A))
<                                            (W::CLASS ONT::SEQUENCE)
<                                            (W::CONSTRAINT (% &amp; (W::NAME-OF (W::A))
<                                                              (W::VAL (W::A))))
<                                            (W::LEX W::A) (W::SEM ?258302)
<                                            (W::TRANSFORM ?258303)))
<                                  (W::CASE ?258301:(W::SUB W::OBJ -))
<                                  (W::AGR ?258300) (W::CLASS ONT::ANY-SEM)
<                                  (W::VAR V381793) (W::SORT W::PRED) (W::NAME -)
<                                  (W::PRO -) (W::CHANGEAGR -) (W::LEX W::A)
<                                  (W::HEADCAT W::VALUE) (W::TRANSFORM -)
<                                  (W::REFL -) (1 RNUMBER382568))
< 
<  FOUNDS SEQUENCE from constit (% W::NP (W::BARE-SEQUENCE -) (W::CONSTRAINT -)
<                                  (W::MASS W::BARE) (W::GENERATED +)
<                                  (W::POSTADVBL +)
<                                  (W::SEM ?8607:(?258616:(F::PHYS-OBJ
<                                                          F::ABSTR-OBJ) NIL))
<                                  (W::LF (% W::DESCRIPTION (W::STATUS ONT::DEFINITE)
<                                            (W::VAR V381796)
<                                            (W::SORT W::INDIVIDUAL)
<                                            (W::LEX (W::A))
<                                            (W::CLASS ONT::SEQUENCE)
<                                            (W::CONSTRAINT (% &amp; (W::NAME-OF (W::A))
<                                                              (W::VAL (W::A))))
<                                            (W::LEX W::A) (W::SEM ?258614)
<                                            (W::TRANSFORM ?258615)))
<                                  (W::CASE ?258613:(W::SUB W::OBJ -))
<                                  (W::AGR ?258612) (W::CLASS ONT::ANY-SEM)
<                                  (W::VAR V381796) (W::SORT W::PRED) (W::NAME -)
<                                  (W::PRO -) (W::CHANGEAGR -) (W::LEX W::A)
<                                  (W::HEADCAT W::VALUE) (W::TRANSFORM -)
<                                  (W::REFL -) (1 RNUMBER382570))
< 
<  FOUNDS SEQUENCE from constit (% W::NP (W::BARE-SEQUENCE -) (W::CONSTRAINT -)
<                                  (W::MASS W::BARE) (W::GENERATED +)
<                                  (W::POSTADVBL +)
<                                  (W::SEM ?8607:(?258919:(F::PHYS-OBJ
<                                                          F::ABSTR-OBJ) NIL))
<                                  (W::LF (% W::DESCRIPTION (W::STATUS ONT::DEFINITE)
<                                            (W::VAR V381799)
<                                            (W::SORT W::INDIVIDUAL)
<                                            (W::LEX (W::A))
<                                            (W::CLASS ONT::SEQUENCE)
<                                            (W::CONSTRAINT (% &amp; (W::NAME-OF (W::A))
<                                                              (W::VAL (W::A))))
<                                            (W::LEX W::A) (W::SEM ?258917)
<                                            (W::TRANSFORM ?258918)))
<                                  (W::CASE ?258916:(W::SUB W::OBJ -))
<                                  (W::AGR ?258915) (W::CLASS ONT::ANY-SEM)
<                                  (W::VAR V381799) (W::SORT W::PRED) (W::NAME -)
<                                  (W::PRO -) (W::CHANGEAGR -) (W::LEX W::A)
<                                  (W::HEADCAT W::VALUE) (W::TRANSFORM -)
<                                  (W::REFL -) (1 RNUMBER382572))
< *last-utt-id*=NIL  utt-id+59
< *last-utt-id*=59  utt-id+59
< *last-utt-id*=59  utt-id+59
< *last-utt-id*=59  utt-id+59
< *last-utt-id*=59  utt-id+NIL</debug><compound-communication-act>
< <utt><words><lisp>(W::A W::DARK W::PUNC-MINUS W::SKINNED W::BOY W::WITH W::A W::SCEPTIC W::LOOK
<  W::PUNC-COMMA)</lisp><word>A</word><word>DARK</word><word>PUNC-MINUS</word><word>SKINNED</word><word>BOY</word><word>WITH</word><word>A</word><word>SCEPTIC</word><word>LOOK</word><word>PUNC-COMMA</word></words><tags><lisp>((WORD &quot;a&quot; :FRAME (0 1) :SENSE-INFO
<   ((:PENN-PARTS-OF-SPEECH (DT) :TRIPS-PARTS-OF-SPEECH (W::ART W::QUAN W::PRO)))
<   :UTTNUM 59 :CHANNEL DESKTOP :DIRECTION INPUT)
<  (WORD &quot;dark&quot; :FRAME (2 5) :SENSE-INFO
<   ((:PENN-PARTS-OF-SPEECH (NN) :TRIPS-PARTS-OF-SPEECH (W::N))) :UTTNUM 59
<   :CHANNEL DESKTOP :DIRECTION INPUT)
<  (WORD &quot;-&quot; :FRAME (6 6) :SENSE-INFO
<   ((:PENN-PARTS-OF-SPEECH (COLON) :TRIPS-PARTS-OF-SPEECH (W::PUNC))) :UTTNUM 59
<   :CHANNEL DESKTOP :DIRECTION INPUT)
<  (WORD &quot;skinned&quot; :FRAME (7 14) :SENSE-INFO
<   ((:PENN-PARTS-OF-SPEECH (VBD) :TRIPS-PARTS-OF-SPEECH (W::V))) :UTTNUM 59
<   :CHANNEL DESKTOP :DIRECTION INPUT)
<  (WORD &quot;dark-skinned&quot; :FRAME (2 14) :SENSE-INFO
<   ((:PENN-PARTS-OF-SPEECH (JJ) :TRIPS-PARTS-OF-SPEECH (W::ADJ) :WN-SENSE-KEYS
<     (&quot;dark-skinned%5:00:00&quot;)))
<   :UTTNUM 59 :CHANNEL DESKTOP :DIRECTION INPUT)
<  (WORD &quot;boy&quot; :FRAME (15 18) :SENSE-INFO
<   ((:PENN-PARTS-OF-SPEECH (NN) :TRIPS-PARTS-OF-SPEECH (W::N))) :UTTNUM 59
<   :CHANNEL DESKTOP :DIRECTION INPUT)
<  (PREFER &quot;a dark-skinned boy&quot; :FRAME (0 18) :PENN-CATS (NP) :TRIPS-CATS (W::NP)
<   :SCORE 24.88 :UTTNUM 59 :CHANNEL DESKTOP :DIRECTION INPUT)
<  (WORD &quot;with&quot; :FRAME (19 23) :SENSE-INFO
<   ((:PENN-PARTS-OF-SPEECH (IN) :TRIPS-PARTS-OF-SPEECH (W::PREP W::ADV)))
<   :UTTNUM 59 :CHANNEL DESKTOP :DIRECTION INPUT)
<  (WORD &quot;a&quot; :FRAME (24 25) :SENSE-INFO
<   ((:PENN-PARTS-OF-SPEECH (DT) :TRIPS-PARTS-OF-SPEECH (W::ART W::QUAN W::PRO)))
<   :UTTNUM 59 :CHANNEL DESKTOP :DIRECTION INPUT)
<  (WORD &quot;sceptic&quot; :FRAME (26 33) :SENSE-INFO
<   ((:PENN-PARTS-OF-SPEECH (JJ) :TRIPS-PARTS-OF-SPEECH (W::ADJ)
<     :ALTERNATE-SPELLINGS (&quot;skeptic&quot;)))
<   :UTTNUM 59 :CHANNEL DESKTOP :DIRECTION INPUT)
<  (WORD &quot;look&quot; :FRAME (34 38) :SENSE-INFO
<   ((:PENN-PARTS-OF-SPEECH (NN) :TRIPS-PARTS-OF-SPEECH (W::N))) :UTTNUM 59
<   :CHANNEL DESKTOP :DIRECTION INPUT)
<  (PREFER &quot;a sceptic look&quot; :FRAME (24 38) :PENN-CATS (NP) :TRIPS-CATS (W::NP)
<   :SCORE 23.651 :UTTNUM 59 :CHANNEL DESKTOP :DIRECTION INPUT)
<  (WORD &quot;,&quot; :FRAME (39 40) :SENSE-INFO
<   ((:PENN-PARTS-OF-SPEECH (COMMA) :TRIPS-PARTS-OF-SPEECH (W::PUNC))) :UTTNUM 59
<   :CHANNEL DESKTOP :DIRECTION INPUT))</lisp><word lex="a" start="0" end="1"><sense-info penn-parts-of-speech="DT" trips-parts-of-speech="ART,QUAN,PRO" /></word><word lex="dark" start="2" end="5"><sense-info penn-parts-of-speech="NN" trips-parts-of-speech="N" /></word><word lex="-" start="6" end="6"><sense-info penn-parts-of-speech="COLON" trips-parts-of-speech="PUNC" /></word><word lex="skinned" start="7" end="14"><sense-info penn-parts-of-speech="VBD" trips-parts-of-speech="V" /></word><word lex="dark-skinned" start="2" end="14"><sense-info penn-parts-of-speech="JJ" trips-parts-of-speech="ADJ" wn-sense-keys="dark-skinned%5:00:00" /></word><word lex="boy" start="15" end="18"><sense-info penn-parts-of-speech="NN" trips-parts-of-speech="N" /></word><prefer text="a dark-skinned boy" start="0" end="18" penn-cats="NP" score="24.88" /><word lex="with" start="19" end="23"><sense-info penn-parts-of-speech="IN" trips-parts-of-speech="PREP,ADV" /></word><word lex="a" start="24" end="25"><sense-info penn-parts-of-speech="DT" trips-parts-of-speech="ART,QUAN,PRO" /></word><word lex="sceptic" start="26" end="33"><sense-info penn-parts-of-speech="JJ" trips-parts-of-speech="ADJ" alternate-spellings="skeptic" /></word><word lex="look" start="34" end="38"><sense-info penn-parts-of-speech="NN" trips-parts-of-speech="N" /></word><prefer text="a sceptic look" start="24" end="38" penn-cats="NP" score="23.651" /><word lex="," start="39" end="40"><sense-info penn-parts-of-speech="COMMA" trips-parts-of-speech="PUNC" /></word></tags><tree><lisp>(NP (SPEC (DET (ART A)))
<  (N1 (N1 (ADJP (ADJ1 (ADJ DARK PUNC-MINUS SKINNED))) (N1 (N BOY)))
<   (ADVBL (ADV WITH)
<    (NP (NP (N1 (NP (SPEC (DET (ART A))) (N1 (N SCEPTIC))) (N1 (N LOOK))))
<     (PUNC PUNC-COMMA)))))</lisp><NP><SPEC><DET><ART>A</ART></DET></SPEC><N1><N1><ADJP><ADJ1><ADJ>DARK PUNC-MINUS SKINNED</ADJ></ADJ1></ADJP><N1><N>BOY</N></N1></N1><ADVBL><ADV>WITH</ADV><NP><NP><N1><NP><SPEC><DET><ART>A</ART></DET></SPEC><N1><N>SCEPTIC</N></N1></NP><N1><N>LOOK</N></N1></N1></NP><PUNC>PUNC-COMMA</PUNC></NP></ADVBL></N1></NP></tree><terms root="#V378399"><lisp>((ONT::A ONT::V378399 (:* ONT::MALE-CHILD W::BOY) :MOD ONT::V378403 :MOD
<   ONT::V378396 :START 0 :END 41)
<  (ONT::F ONT::V378396 (:* ONT::MODIFIER W::DARK-PUNC-MINUS-SKINNED) :FIGURE
<   ONT::V378399 :START 2 :END 15 :WNSENSE &quot;dark-skinned%5:00:00&quot;)
<  (ONT::F ONT::V378403 (:* ONT::ASSOC-WITH W::WITH) :GROUND ONT::V378464 :FIGURE
<   ONT::V378399 :START 19 :END 41)
<  (ONT::BARE ONT::V378464 (:* ONT::APPEARS-TO-HAVE-PROPERTY W::LOOK) :NEUTRAL
<   ONT::V378457 :START 24 :END 41)
<  (ONT::A ONT::V378457 (:* ONT::PERSON W::SCEPTIC) :START 24 :END 34))</lisp><rdf:RDF
<   xmlns:rdf="http://www.w3.org/1999/02/22-rdf-syntax-ns#"
<   xmlns:role="http://www.cs.rochester.edu/research/trips/role#"
<   xmlns:LF="http://www.cs.rochester.edu/research/trips/LF#">
<   <rdf:Description rdf:ID="V378399">
<     <LF:indicator>A</LF:indicator>
<     <LF:type>MALE-CHILD</LF:type>
<     <LF:word>BOY</LF:word>
<     <role:MOD rdf:resource="#V378403" />
<     <role:MOD rdf:resource="#V378396" />
<     <LF:start>0</LF:start>
<     <LF:end>41</LF:end>
<   </rdf:Description>
<   <rdf:Description rdf:ID="V378396">
<     <LF:indicator>F</LF:indicator>
<     <LF:type>MODIFIER</LF:type>
<     <LF:word>DARK-PUNC-MINUS-SKINNED</LF:word>
<     <role:FIGURE rdf:resource="#V378399" />
<     <LF:start>2</LF:start>
<     <LF:end>15</LF:end>
<     <role:WNSENSE>dark-skinned%5:00:00</role:WNSENSE>
<   </rdf:Description>
<   <rdf:Description rdf:ID="V378403">
<     <LF:indicator>F</LF:indicator>
<     <LF:type>ASSOC-WITH</LF:type>
<     <LF:word>WITH</LF:word>
<     <role:GROUND rdf:resource="#V378464" />
<     <role:FIGURE rdf:resource="#V378399" />
<     <LF:start>19</LF:start>
<     <LF:end>41</LF:end>
<   </rdf:Description>
<   <rdf:Description rdf:ID="V378464">
<     <LF:indicator>BARE</LF:indicator>
<     <LF:type>APPEARS-TO-HAVE-PROPERTY</LF:type>
<     <LF:word>LOOK</LF:word>
<     <role:NEUTRAL rdf:resource="#V378457" />
<     <LF:start>24</LF:start>
<     <LF:end>41</LF:end>
<   </rdf:Description>
<   <rdf:Description rdf:ID="V378457">
<     <LF:indicator>A</LF:indicator>
<     <LF:type>PERSON</LF:type>
<     <LF:word>SCEPTIC</LF:word>
<     <LF:start>24</LF:start>
<     <LF:end>34</LF:end>
<   </rdf:Description>
< </rdf:RDF>
< </terms></utt><utt><words><lisp>(W::WHITE W::CAP W::AND W::PURPLE W::PULLOVER)</lisp><word>WHITE</word><word>CAP</word><word>AND</word><word>PURPLE</word><word>PULLOVER</word></words><tags><lisp>((WORD &quot;white&quot; :FRAME (41 46) :SENSE-INFO
<   ((:PENN-PARTS-OF-SPEECH (JJ) :TRIPS-PARTS-OF-SPEECH (W::ADJ))) :UTTNUM 59
<   :CHANNEL DESKTOP :DIRECTION INPUT)
<  (WORD &quot;cap&quot; :FRAME (47 50) :SENSE-INFO
<   ((:PENN-PARTS-OF-SPEECH (NN) :TRIPS-PARTS-OF-SPEECH (W::N))) :UTTNUM 59
<   :CHANNEL DESKTOP :DIRECTION INPUT)
<  (WORD &quot;and&quot; :FRAME (51 54) :SENSE-INFO
<   ((:PENN-PARTS-OF-SPEECH (CC) :TRIPS-PARTS-OF-SPEECH (W::CONJ))) :UTTNUM 59
<   :CHANNEL DESKTOP :DIRECTION INPUT)
<  (WORD &quot;purple&quot; :FRAME (55 61) :SENSE-INFO
<   ((:PENN-PARTS-OF-SPEECH (JJ) :TRIPS-PARTS-OF-SPEECH (W::ADJ))) :UTTNUM 59
<   :CHANNEL DESKTOP :DIRECTION INPUT)
<  (WORD &quot;pullover&quot; :FRAME (62 70) :SENSE-INFO
<   ((:PENN-PARTS-OF-SPEECH (NN) :TRIPS-PARTS-OF-SPEECH (W::N))) :UTTNUM 59
<   :CHANNEL DESKTOP :DIRECTION INPUT))</lisp><word lex="white" start="41" end="46"><sense-info penn-parts-of-speech="JJ" trips-parts-of-speech="ADJ" /></word><word lex="cap" start="47" end="50"><sense-info penn-parts-of-speech="NN" trips-parts-of-speech="N" /></word><word lex="and" start="51" end="54"><sense-info penn-parts-of-speech="CC" trips-parts-of-speech="CONJ" /></word><word lex="purple" start="55" end="61"><sense-info penn-parts-of-speech="JJ" trips-parts-of-speech="ADJ" /></word><word lex="pullover" start="62" end="70"><sense-info penn-parts-of-speech="NN" trips-parts-of-speech="N" /></word></tags><tree><lisp>(NP (NP (N1 (ADJP (ADJ1 (ADJ WHITE))) (N1 (N CAP)))) (CONJ AND)
<  (NP (N1 (ADJP (ADJ1 (ADJ PURPLE))) (N1 (N PULLOVER)))))</lisp><NP><NP><N1><ADJP><ADJ1><ADJ>WHITE</ADJ></ADJ1></ADJP><N1><N>CAP</N></N1></N1></NP><CONJ>AND</CONJ><NP><N1><ADJP><ADJ1><ADJ>PURPLE</ADJ></ADJ1></ADJP><N1><N>PULLOVER</N></N1></N1></NP></NP></tree><terms root="#V378510"><lisp>((ONT::INDEF-SET ONT::V378510 ONT::ATTIRE :OPERATOR ONT::AND :SEQUENCE
<   (ONT::V378504 ONT::V378523) :START 41 :END 71)
<  (ONT::BARE ONT::V378504 (:* ONT::ATTIRE W::CAP) :MOD ONT::V378497 :START 41
<   :END 51)
<  (ONT::F ONT::V378497 (:* ONT::WHITE W::WHITE) :FIGURE ONT::V378504 :SCALE
<   ONT::WHITE*1--07--00 :START 41 :END 47)
<  (ONT::BARE ONT::V378523 (:* ONT::ATTIRE W::PULLOVER) :MOD ONT::V378519 :START
<   55 :END 71)
<  (ONT::F ONT::V378519 (:* ONT::PURPLE W::PURPLE) :FIGURE ONT::V378523 :SCALE
<   ONT::PURPLE*1--07--00 :START 55 :END 62))</lisp><rdf:RDF
<   xmlns:rdf="http://www.w3.org/1999/02/22-rdf-syntax-ns#"
<   xmlns:role="http://www.cs.rochester.edu/research/trips/role#"
<   xmlns:LF="http://www.cs.rochester.edu/research/trips/LF#">
<   <rdf:Description rdf:ID="V378510">
<     <LF:indicator>INDEF-SET</LF:indicator>
<     <LF:type>ATTIRE</LF:type>
<     <role:OPERATOR>AND</role:OPERATOR>
<     <role:SEQUENCE rdf:resource="#V378504" />
<     <role:SEQUENCE1 rdf:resource="#V378523" />
<     <LF:start>41</LF:start>
<     <LF:end>71</LF:end>
<   </rdf:Description>
<   <rdf:Description rdf:ID="V378504">
<     <LF:indicator>BARE</LF:indicator>
<     <LF:type>ATTIRE</LF:type>
<     <LF:word>CAP</LF:word>
<     <role:MOD rdf:resource="#V378497" />
<     <LF:start>41</LF:start>
<     <LF:end>51</LF:end>
<   </rdf:Description>
<   <rdf:Description rdf:ID="V378497">
<     <LF:indicator>F</LF:indicator>
<     <LF:type>WHITE</LF:type>
<     <LF:word>WHITE</LF:word>
<     <role:FIGURE rdf:resource="#V378504" />
<     <role:SCALE>WHITE*1--07--00</role:SCALE>
<     <LF:start>41</LF:start>
<     <LF:end>47</LF:end>
<   </rdf:Description>
<   <rdf:Description rdf:ID="V378523">
<     <LF:indicator>BARE</LF:indicator>
<     <LF:type>ATTIRE</LF:type>
<     <LF:word>PULLOVER</LF:word>
<     <role:MOD rdf:resource="#V378519" />
<     <LF:start>55</LF:start>
<     <LF:end>71</LF:end>
<   </rdf:Description>
<   <rdf:Description rdf:ID="V378519">
<     <LF:indicator>F</LF:indicator>
<     <LF:type>PURPLE</LF:type>
<     <LF:word>PURPLE</LF:word>
<     <role:FIGURE rdf:resource="#V378523" />
<     <role:SCALE>PURPLE*1--07--00</role:SCALE>
<     <LF:start>55</LF:start>
<     <LF:end>62</LF:end>
<   </rdf:Description>
< </rdf:RDF>
< </terms></utt><utt><words><lisp>(W::STANDING W::IN W::FRONT W::OF W::A W::RED W::DOOR W::WITH W::A
<  W::GLASSWINDOW)</lisp><word>STANDING</word><word>IN</word><word>FRONT</word><word>OF</word><word>A</word><word>RED</word><word>DOOR</word><word>WITH</word><word>A</word><word>GLASSWINDOW</word></words><tags><lisp>((WORD &quot;standing&quot; :FRAME (71 79) :SENSE-INFO
<   ((:PENN-PARTS-OF-SPEECH (NN) :TRIPS-PARTS-OF-SPEECH (W::N))) :UTTNUM 59
<   :CHANNEL DESKTOP :DIRECTION INPUT)
<  (PREFER &quot;white cap and purple pullover standing&quot; :FRAME (41 79) :PENN-CATS
<   (NP) :TRIPS-CATS (W::NP) :SCORE 60.22 :UTTNUM 59 :CHANNEL DESKTOP :DIRECTION
<   INPUT)
<  (WORD &quot;in&quot; :FRAME (80 82) :SENSE-INFO
<   ((:PENN-PARTS-OF-SPEECH (IN) :TRIPS-PARTS-OF-SPEECH (W::PREP W::ADV)))
<   :UTTNUM 59 :CHANNEL DESKTOP :DIRECTION INPUT)
<  (WORD &quot;standing in&quot; :FRAME (71 82) :SENSE-INFO
<   ((:PENN-PARTS-OF-SPEECH (VBG) :TRIPS-PARTS-OF-SPEECH (W::V) :WN-SENSE-KEYS
<     (&quot;stand_in%2:40:00&quot;)))
<   :UTTNUM 59 :CHANNEL DESKTOP :DIRECTION INPUT)
<  (WORD &quot;front&quot; :FRAME (83 88) :SENSE-INFO
<   ((:PENN-PARTS-OF-SPEECH (NN) :TRIPS-PARTS-OF-SPEECH (W::N))) :UTTNUM 59
<   :CHANNEL DESKTOP :DIRECTION INPUT)
<  (PREFER &quot;front&quot; :FRAME (83 88) :PENN-CATS (NP) :TRIPS-CATS (W::NP) :SCORE
<   10.944 :UTTNUM 59 :CHANNEL DESKTOP :DIRECTION INPUT)
<  (WORD &quot;in front&quot; :FRAME (80 88) :SENSE-INFO
<   ((:PENN-PARTS-OF-SPEECH (RB) :TRIPS-PARTS-OF-SPEECH (W::ADV) :WN-SENSE-KEYS
<     (&quot;in_front%4:02:00&quot;)))
<   :UTTNUM 59 :CHANNEL DESKTOP :DIRECTION INPUT)
<  (WORD &quot;of&quot; :FRAME (89 91) :SENSE-INFO
<   ((:PENN-PARTS-OF-SPEECH (IN) :TRIPS-PARTS-OF-SPEECH (W::PREP W::ADV)))
<   :UTTNUM 59 :CHANNEL DESKTOP :DIRECTION INPUT)
<  (WORD &quot;a&quot; :FRAME (92 93) :SENSE-INFO
<   ((:PENN-PARTS-OF-SPEECH (DT) :TRIPS-PARTS-OF-SPEECH (W::ART W::QUAN W::PRO)))
<   :UTTNUM 59 :CHANNEL DESKTOP :DIRECTION INPUT)
<  (WORD &quot;red&quot; :FRAME (94 97) :SENSE-INFO
<   ((:PENN-PARTS-OF-SPEECH (JJ) :TRIPS-PARTS-OF-SPEECH (W::ADJ))) :UTTNUM 59
<   :CHANNEL DESKTOP :DIRECTION INPUT)
<  (WORD &quot;door&quot; :FRAME (98 102) :SENSE-INFO
<   ((:PENN-PARTS-OF-SPEECH (NN) :TRIPS-PARTS-OF-SPEECH (W::N))) :UTTNUM 59
<   :CHANNEL DESKTOP :DIRECTION INPUT)
<  (PREFER &quot;a red door&quot; :FRAME (92 102) :PENN-CATS (NP) :TRIPS-CATS (W::NP)
<   :SCORE 19.565 :UTTNUM 59 :CHANNEL DESKTOP :DIRECTION INPUT)
<  (WORD &quot;with&quot; :FRAME (103 107) :SENSE-INFO
<   ((:PENN-PARTS-OF-SPEECH (IN) :TRIPS-PARTS-OF-SPEECH (W::PREP W::ADV)))
<   :UTTNUM 59 :CHANNEL DESKTOP :DIRECTION INPUT)
<  (WORD &quot;a&quot; :FRAME (108 109) :SENSE-INFO
<   ((:PENN-PARTS-OF-SPEECH (DT) :TRIPS-PARTS-OF-SPEECH (W::ART W::QUAN W::PRO)))
<   :UTTNUM 59 :CHANNEL DESKTOP :DIRECTION INPUT)
<  (WORD &quot;glasswindow&quot; :FRAME (110 121) :SENSE-INFO
<   ((:PENN-PARTS-OF-SPEECH (NN) :TRIPS-PARTS-OF-SPEECH (W::N))) :UTTNUM 59
<   :CHANNEL DESKTOP :DIRECTION INPUT)
<  (PREFER &quot;a glasswindow&quot; :FRAME (108 121) :PENN-CATS (NP) :TRIPS-CATS (W::NP)
<   :SCORE 15.773 :UTTNUM 59 :CHANNEL DESKTOP :DIRECTION INPUT)
<  (PREFER &quot;with a glasswindow&quot; :FRAME (103 121) :PENN-CATS (PP) :TRIPS-CATS
<   (W::PP) :SCORE 19.573 :UTTNUM 59 :CHANNEL DESKTOP :DIRECTION INPUT)
<  (PREFER &quot;a red door with a glasswindow&quot; :FRAME (92 121) :PENN-CATS (NP)
<   :TRIPS-CATS (W::NP) :SCORE 39.679 :UTTNUM 59 :CHANNEL DESKTOP :DIRECTION
<   INPUT)
<  (PREFER &quot;of a red door with a glasswindow&quot; :FRAME (89 121) :PENN-CATS (PP)
<   :TRIPS-CATS (W::PP) :SCORE 42.091 :UTTNUM 59 :CHANNEL DESKTOP :DIRECTION
<   INPUT)
<  (PREFER &quot;front of a red door with a glasswindow&quot; :FRAME (83 121) :PENN-CATS
<   (NP) :TRIPS-CATS (W::NP) :SCORE 53.576 :UTTNUM 59 :CHANNEL DESKTOP :DIRECTION
<   INPUT)
<  (PREFER &quot;in front of a red door with a glasswindow&quot; :FRAME (80 121) :PENN-CATS
<   (PP) :TRIPS-CATS (W::PP) :SCORE 57.172 :UTTNUM 59 :CHANNEL DESKTOP :DIRECTION
<   INPUT)
<  (PREFER
<   &quot;white cap and purple pullover standing in front of a red door with a glasswindow&quot;
<   :FRAME (41 121) :PENN-CATS (NP) :TRIPS-CATS (W::NP) :SCORE 118.054 :UTTNUM 59
<   :CHANNEL DESKTOP :DIRECTION INPUT))</lisp><word lex="standing" start="71" end="79"><sense-info penn-parts-of-speech="NN" trips-parts-of-speech="N" /></word><prefer text="white cap and purple pullover standing" start="41" end="79" penn-cats="NP" score="60.22" /><word lex="in" start="80" end="82"><sense-info penn-parts-of-speech="IN" trips-parts-of-speech="PREP,ADV" /></word><word lex="standing in" start="71" end="82"><sense-info penn-parts-of-speech="VBG" trips-parts-of-speech="V" wn-sense-keys="stand_in%2:40:00" /></word><word lex="front" start="83" end="88"><sense-info penn-parts-of-speech="NN" trips-parts-of-speech="N" /></word><prefer text="front" start="83" end="88" penn-cats="NP" score="10.944" /><word lex="in front" start="80" end="88"><sense-info penn-parts-of-speech="RB" trips-parts-of-speech="ADV" wn-sense-keys="in_front%4:02:00" /></word><word lex="of" start="89" end="91"><sense-info penn-parts-of-speech="IN" trips-parts-of-speech="PREP,ADV" /></word><word lex="a" start="92" end="93"><sense-info penn-parts-of-speech="DT" trips-parts-of-speech="ART,QUAN,PRO" /></word><word lex="red" start="94" end="97"><sense-info penn-parts-of-speech="JJ" trips-parts-of-speech="ADJ" /></word><word lex="door" start="98" end="102"><sense-info penn-parts-of-speech="NN" trips-parts-of-speech="N" /></word><prefer text="a red door" start="92" end="102" penn-cats="NP" score="19.565" /><word lex="with" start="103" end="107"><sense-info penn-parts-of-speech="IN" trips-parts-of-speech="PREP,ADV" /></word><word lex="a" start="108" end="109"><sense-info penn-parts-of-speech="DT" trips-parts-of-speech="ART,QUAN,PRO" /></word><word lex="glasswindow" start="110" end="121"><sense-info penn-parts-of-speech="NN" trips-parts-of-speech="N" /></word><prefer text="a glasswindow" start="108" end="121" penn-cats="NP" score="15.773" /><prefer text="with a glasswindow" start="103" end="121" penn-cats="PP" score="19.573" /><prefer text="a red door with a glasswindow" start="92" end="121" penn-cats="NP" score="39.679" /><prefer text="of a red door with a glasswindow" start="89" end="121" penn-cats="PP" score="42.091" /><prefer text="front of a red door with a glasswindow" start="83" end="121" penn-cats="NP" score="53.576" /><prefer text="in front of a red door with a glasswindow" start="80" end="121" penn-cats="PP" score="57.172" /><prefer text="white cap and purple pullover standing in front of a red door with a glasswindow" start="41" end="121" penn-cats="NP" score="118.054" /></tags><tree><lisp>(VP
<  (VP- (V STANDING IN)
<   (NP
<    (N1 (N FRONT)
<     (PP (PREP OF)
<      (NP (SPEC (DET (ART A)))
<       (N1 (N1 (ADJP (ADJ1 (ADJ RED))) (N1 (N DOOR)))
<        (ADVBL (ADV WITH) (NP (SPEC (DET (ART A))) (N1 (N GLASSWINDOW)))))))))))</lisp><VP><VP-><V>STANDING IN</V><NP><N1><N>FRONT</N><PP><PREP>OF</PREP><NP><SPEC><DET><ART>A</ART></DET></SPEC><N1><N1><ADJP><ADJ1><ADJ>RED</ADJ></ADJ1></ADJP><N1><N>DOOR</N></N1></N1><ADVBL><ADV>WITH</ADV><NP><SPEC><DET><ART>A</ART></DET></SPEC><N1><N>GLASSWINDOW</N></N1></NP></ADVBL></N1></NP></PP></N1></NP></VP-></VP></tree><terms root="#V378600"><lisp>((ONT::F ONT::V378600 (:* ONT::EXCHANGE W::STANDING-IN) :AFFECTED ONT::V378606
<   :VFORM W::ING :START 71 :END 122 :WNSENSE &quot;stand_in%2:40:00&quot;)
<  (ONT::BARE ONT::V378606 (:* ONT::OBJECT-DEPENDENT-LOCATION W::FRONT) :FIGURE
<   ONT::V378715 :START 83 :END 122)
<  (ONT::A ONT::V378715 (:* ONT::STRUCTURAL-OPENING W::DOOR) :MOD ONT::V378719
<   :MOD ONT::V378708 :START 89 :END 122)
<  (ONT::F ONT::V378708 (:* ONT::RED W::RED) :FIGURE ONT::V378715 :SCALE
<   ONT::COLOR-SCALE :START 94 :END 98)
<  (ONT::F ONT::V378719 (:* ONT::ASSOC-WITH W::WITH) :GROUND ONT::V378774 :FIGURE
<   ONT::V378715 :START 103 :END 122)
<  (ONT::A ONT::V378774 (:* ONT::REFERENTIAL-SEM W::GLASSWINDOW) :START 108 :END
<   122))</lisp><rdf:RDF
<   xmlns:rdf="http://www.w3.org/1999/02/22-rdf-syntax-ns#"
<   xmlns:role="http://www.cs.rochester.edu/research/trips/role#"
<   xmlns:LF="http://www.cs.rochester.edu/research/trips/LF#">
<   <rdf:Description rdf:ID="V378600">
<     <LF:indicator>F</LF:indicator>
<     <LF:type>EXCHANGE</LF:type>
<     <LF:word>STANDING-IN</LF:word>
<     <role:AFFECTED rdf:resource="#V378606" />
<     <role:VFORM>ING</role:VFORM>
<     <LF:start>71</LF:start>
<     <LF:end>122</LF:end>
<     <role:WNSENSE>stand_in%2:40:00</role:WNSENSE>
<   </rdf:Description>
<   <rdf:Description rdf:ID="V378606">
<     <LF:indicator>BARE</LF:indicator>
<     <LF:type>OBJECT-DEPENDENT-LOCATION</LF:type>
<     <LF:word>FRONT</LF:word>
<     <role:FIGURE rdf:resource="#V378715" />
<     <LF:start>83</LF:start>
<     <LF:end>122</LF:end>
<   </rdf:Description>
<   <rdf:Description rdf:ID="V378715">
<     <LF:indicator>A</LF:indicator>
<     <LF:type>STRUCTURAL-OPENING</LF:type>
<     <LF:word>DOOR</LF:word>
<     <role:MOD rdf:resource="#V378719" />
<     <role:MOD rdf:resource="#V378708" />
<     <LF:start>89</LF:start>
<     <LF:end>122</LF:end>
<   </rdf:Description>
<   <rdf:Description rdf:ID="V378708">
<     <LF:indicator>F</LF:indicator>
<     <LF:type>RED</LF:type>
<     <LF:word>RED</LF:word>
<     <role:FIGURE rdf:resource="#V378715" />
<     <role:SCALE>COLOR-SCALE</role:SCALE>
<     <LF:start>94</LF:start>
<     <LF:end>98</LF:end>
<   </rdf:Description>
<   <rdf:Description rdf:ID="V378719">
<     <LF:indicator>F</LF:indicator>
<     <LF:type>ASSOC-WITH</LF:type>
<     <LF:word>WITH</LF:word>
<     <role:GROUND rdf:resource="#V378774" />
<     <role:FIGURE rdf:resource="#V378715" />
<     <LF:start>103</LF:start>
<     <LF:end>122</LF:end>
<   </rdf:Description>
<   <rdf:Description rdf:ID="V378774">
<     <LF:indicator>A</LF:indicator>
<     <LF:type>REFERENTIAL-SEM</LF:type>
<     <LF:word>GLASSWINDOW</LF:word>
<     <LF:start>108</LF:start>
<     <LF:end>122</LF:end>
<   </rdf:Description>
< </rdf:RDF>
< </terms></utt><utt><words><lisp>(W::AND W::CHILDREN W::^S W::PAINTINGS W::ATTACHED)</lisp><word>AND</word><word>CHILDREN</word><word>^S</word><word>PAINTINGS</word><word>ATTACHED</word></words><tags><lisp>((WORD &quot;and&quot; :FRAME (122 125) :SENSE-INFO
<   ((:PENN-PARTS-OF-SPEECH (CC) :TRIPS-PARTS-OF-SPEECH (W::CONJ))) :UTTNUM 59
<   :CHANNEL DESKTOP :DIRECTION INPUT)
<  (WORD &quot;children&quot; :FRAME (126 133) :SENSE-INFO
<   ((:PENN-PARTS-OF-SPEECH (NNS) :TRIPS-PARTS-OF-SPEECH (W::N))) :UTTNUM 59
<   :CHANNEL DESKTOP :DIRECTION INPUT)
<  (WORD &quot;'s&quot; :FRAME (134 136) :SENSE-INFO
<   ((:PENN-PARTS-OF-SPEECH (POS) :TRIPS-PARTS-OF-SPEECH (W::^S))) :UTTNUM 59
<   :CHANNEL DESKTOP :DIRECTION INPUT)
<  (WORD &quot;'&quot; :FRAME (134 136) :UTTNUM 59 :CHANNEL DESKTOP :DIRECTION INPUT)
<  (PREFER &quot;children's&quot; :FRAME (126 136) :PENN-CATS (NP) :TRIPS-CATS (W::NP)
<   :SCORE 10.156 :UTTNUM 59 :CHANNEL DESKTOP :DIRECTION INPUT)
<  (WORD &quot;children's&quot; :FRAME (126 136) :UTTNUM 59 :CHANNEL DESKTOP :DIRECTION
<   INPUT)
<  (WORD &quot;paintings&quot; :FRAME (137 146) :SENSE-INFO
<   ((:PENN-PARTS-OF-SPEECH (NNS) :TRIPS-PARTS-OF-SPEECH (W::N))) :UTTNUM 59
<   :CHANNEL DESKTOP :DIRECTION INPUT)
<  (PREFER &quot;children's paintings&quot; :FRAME (126 146) :PENN-CATS (NP) :TRIPS-CATS
<   (W::NP) :SCORE 20.98 :UTTNUM 59 :CHANNEL DESKTOP :DIRECTION INPUT)
<  (PREFER
<   &quot;a sceptic look , white cap and purple pullover standing in front of a red door with a glasswindow and children's paintings&quot;
<   :FRAME (24 146) :PENN-CATS (NP) :TRIPS-CATS (W::NP) :SCORE 172.769 :UTTNUM 59
<   :CHANNEL DESKTOP :DIRECTION INPUT)
<  (PREFER
<   &quot;with a sceptic look , white cap and purple pullover standing in front of a red door with a glasswindow and children's paintings&quot;
<   :FRAME (19 146) :PENN-CATS (PP) :TRIPS-CATS (W::PP) :SCORE 177.914 :UTTNUM 59
<   :CHANNEL DESKTOP :DIRECTION INPUT)
<  (PREFER
<   &quot;a dark-skinned boy with a sceptic look , white cap and purple pullover standing in front of a red door with a glasswindow and children's paintings&quot;
<   :FRAME (0 146) :PENN-CATS (NP) :TRIPS-CATS (W::NP) :SCORE 203.16 :UTTNUM 59
<   :CHANNEL DESKTOP :DIRECTION INPUT)
<  (WORD &quot;attached&quot; :FRAME (147 155) :SENSE-INFO
<   ((:PENN-PARTS-OF-SPEECH (VBD) :TRIPS-PARTS-OF-SPEECH (W::V))) :UTTNUM 59
<   :CHANNEL DESKTOP :DIRECTION INPUT)
<  (PREFER &quot;attached&quot; :FRAME (147 155) :PENN-CATS (VP) :TRIPS-CATS (W::VP) :SCORE
<   12.338 :UTTNUM 59 :CHANNEL DESKTOP :DIRECTION INPUT)
<  (WORD &quot;.&quot; :FRAME (156 156) :SENSE-INFO
<   ((:PENN-PARTS-OF-SPEECH (FULL_STOP) :TRIPS-PARTS-OF-SPEECH (W::PUNC)))
<   :UTTNUM 59 :CHANNEL DESKTOP :DIRECTION INPUT)
<  (PREFER
<   &quot;a dark-skinned boy with a sceptic look , white cap and purple pullover standing in front of a red door with a glasswindow and children's paintings attached .&quot;
<   :FRAME (0 156) :PENN-CATS (S) :SCORE 218.328 :UTTNUM 59 :CHANNEL DESKTOP
<   :DIRECTION INPUT))</lisp><word lex="and" start="122" end="125"><sense-info penn-parts-of-speech="CC" trips-parts-of-speech="CONJ" /></word><word lex="children" start="126" end="133"><sense-info penn-parts-of-speech="NNS" trips-parts-of-speech="N" /></word><word lex="'s" start="134" end="136"><sense-info penn-parts-of-speech="POS" trips-parts-of-speech="^S" /></word><word lex="'" start="134" end="136" /><prefer text="children's" start="126" end="136" penn-cats="NP" score="10.156" /><word lex="children's" start="126" end="136" /><word lex="paintings" start="137" end="146"><sense-info penn-parts-of-speech="NNS" trips-parts-of-speech="N" /></word><prefer text="children's paintings" start="126" end="146" penn-cats="NP" score="20.98" /><prefer text="a sceptic look , white cap and purple pullover standing in front of a red door with a glasswindow and children's paintings" start="24" end="146" penn-cats="NP" score="172.769" /><prefer text="with a sceptic look , white cap and purple pullover standing in front of a red door with a glasswindow and children's paintings" start="19" end="146" penn-cats="PP" score="177.914" /><prefer text="a dark-skinned boy with a sceptic look , white cap and purple pullover standing in front of a red door with a glasswindow and children's paintings" start="0" end="146" penn-cats="NP" score="203.16" /><word lex="attached" start="147" end="155"><sense-info penn-parts-of-speech="VBD" trips-parts-of-speech="V" /></word><prefer text="attached" start="147" end="155" penn-cats="VP" score="12.338" /><word lex="." start="156" end="156"><sense-info penn-parts-of-speech="FULL_STOP" trips-parts-of-speech="PUNC" /></word><prefer text="a dark-skinned boy with a sceptic look , white cap and purple pullover standing in front of a red door with a glasswindow and children's paintings attached ." start="0" end="156" penn-cats="S" score="218.328" /></tags><tree><lisp>(UTT (ADVBL (ADV AND))
<  (UTT
<   (NP (SPEC (DET (POSSESSOR (NP (N1 (N CHILDREN))) (^S ^S))))
<    (N1 (N1 (N PAINTINGS)) (CP (VP (VP- (V (V ATTACHED)))))))))</lisp><UTT><ADVBL><ADV>AND</ADV></ADVBL><UTT><NP><SPEC><DET><POSSESSOR><NP><N1><N>CHILDREN</N></N1></NP><apostrophe-S>^S</apostrophe-S></POSSESSOR></DET></SPEC><N1><N1><N>PAINTINGS</N></N1><CP><VP><VP-><V><V>ATTACHED</V></V></VP-></VP></CP></N1></NP></UTT></UTT></tree><terms root="#V382838"><lisp>((ONT::SPEECHACT ONT::V382838 ONT::SA_IDENTIFY :CONTENT ONT::V378840 :MOD
<   ONT::V378779 :START 122 :END 156)
<  (ONT::F ONT::V378779 (:* ONT::CONJUNCT W::AND) :FIGURE ONT::V382838 :START 122
<   :END 126)
<  (ONT::THE ONT::V378840 (:* ONT::REFERENTIAL-SEM W::PAINTINGS) :ASSOC-POSS
<   ONT::V378787 :MOD ONT::V378845 :START 126 :END 156)
<  (ONT::INDEF-SET ONT::V378787 (:* ONT::CHILD W::CHILD) :START 126 :END 134)
<  (ONT::F ONT::V378845 (:* ONT::ATTACH W::ATTACH) :AFFECTED ONT::V378840 :VFORM
<   W::PASSIVE :START 147 :END 156))</lisp><rdf:RDF
<   xmlns:rdf="http://www.w3.org/1999/02/22-rdf-syntax-ns#"
<   xmlns:role="http://www.cs.rochester.edu/research/trips/role#"
<   xmlns:LF="http://www.cs.rochester.edu/research/trips/LF#">
<   <rdf:Description rdf:ID="V382838">
<     <LF:indicator>SPEECHACT</LF:indicator>
<     <LF:type>SA_IDENTIFY</LF:type>
<     <role:CONTENT rdf:resource="#V378840" />
<     <role:MOD rdf:resource="#V378779" />
<     <LF:start>122</LF:start>
<     <LF:end>156</LF:end>
<   </rdf:Description>
<   <rdf:Description rdf:ID="V378779">
<     <LF:indicator>F</LF:indicator>
<     <LF:type>CONJUNCT</LF:type>
<     <LF:word>AND</LF:word>
<     <role:FIGURE rdf:resource="#V382838" />
<     <LF:start>122</LF:start>
<     <LF:end>126</LF:end>
<   </rdf:Description>
<   <rdf:Description rdf:ID="V378840">
<     <LF:indicator>THE</LF:indicator>
<     <LF:type>REFERENTIAL-SEM</LF:type>
<     <LF:word>PAINTINGS</LF:word>
<     <role:ASSOC-POSS rdf:resource="#V378787" />
<     <role:MOD rdf:resource="#V378845" />
<     <LF:start>126</LF:start>
<     <LF:end>156</LF:end>
<   </rdf:Description>
<   <rdf:Description rdf:ID="V378787">
<     <LF:indicator>INDEF-SET</LF:indicator>
<     <LF:type>CHILD</LF:type>
<     <LF:word>CHILD</LF:word>
<     <LF:start>126</LF:start>
<     <LF:end>134</LF:end>
<   </rdf:Description>
<   <rdf:Description rdf:ID="V378845">
<     <LF:indicator>F</LF:indicator>
<     <LF:type>ATTACH</LF:type>
<     <LF:word>ATTACH</LF:word>
<     <role:AFFECTED rdf:resource="#V378840" />
<     <role:VFORM>PASSIVE</role:VFORM>
<     <LF:start>147</LF:start>
<     <LF:end>156</LF:end>
<   </rdf:Description>
< </rdf:RDF>
< </terms></utt></compound-communication-act>
< </trips-parser-output>
\ No newline at end of file
---
> <SpRL>
>  <SCENE>
>   <SENTENCE id="s1" indicator="A" type="MALE-CHILD" text="BOY" start="0" end="41">
>    <TEXT>a dark-skinned boy with a sceptic look , w</TEXT>
>    <RELATION id="1" head="V378399" res="V378403" label="MOD"/>
>    <RELATION id="2" head="V378399" res="V378396" label="MOD"/>
>    <PHRASE id="V378396" indicator="F" type="MODIFIER" text="DARK-PUNC-MINUS-SKINNED" start="2" end="15" WNSENSE="dark-skinned%5:00:00"/>
>    <RELATION id="3" head="V378396" res="V378399" label="FIGURE"/>
>    <PHRASE id="V378403" indicator="F" type="ASSOC-WITH" text="WITH" start="19" end="41"/>
>    <RELATION id="4" head="V378403" res="V378464" label="GROUND"/>
>    <RELATION id="5" head="V378403" res="V378399" label="FIGURE"/>
>    <PHRASE id="V378464" indicator="BARE" type="APPEARS-TO-HAVE-PROPERTY" text="LOOK" start="24" end="41"/>
>    <RELATION id="6" head="V378464" res="V378457" label="NEUTRAL"/>
>    <PHRASE id="V378457" indicator="A" type="PERSON" text="SCEPTIC" start="24" end="34"/>
>   </SENTENCE>
>   <SENTENCE id="s2" indicator="INDEF-SET" type="ATTIRE" OPERATOR="AND" start="41" end="71">
>    <TEXT>white cap and purple pullover s</TEXT>
>    <RELATION id="7" head="V378510" res="V378504" label="SEQUENCE"/>
>    <RELATION id="8" head="V378510" res="V378523" label="SEQUENCE1"/>
>    <PHRASE id="V378504" indicator="BARE" type="ATTIRE" text="CAP" start="41" end="51"/>
>    <RELATION id="9" head="V378504" res="V378497" label="MOD"/>
>    <PHRASE id="V378497" indicator="F" type="WHITE" text="WHITE" SCALE="WHITE*1--07--00" start="41" end="47"/>
>    <RELATION id="10" head="V378497" res="V378504" label="FIGURE"/>
>    <PHRASE id="V378523" indicator="BARE" type="ATTIRE" text="PULLOVER" start="55" end="71"/>
>    <RELATION id="11" head="V378523" res="V378519" label="MOD"/>
>    <PHRASE id="V378519" indicator="F" type="PURPLE" text="PURPLE" SCALE="PURPLE*1--07--00" start="55" end="62"/>
>    <RELATION id="12" head="V378519" res="V378523" label="FIGURE"/>
>   </SENTENCE>
>   <SENTENCE id="s3" indicator="F" type="EXCHANGE" text="STANDING-IN" VFORM="ING" start="71" end="122" WNSENSE="stand_in%2:40:00">
>    <TEXT>standing in front of a red door with a glasswindow a</TEXT>
>    <RELATION id="13" head="V378600" res="V378606" label="AFFECTED"/>
>    <PHRASE id="V378606" indicator="BARE" type="OBJECT-DEPENDENT-LOCATION" text="FRONT" start="83" end="122"/>
>    <RELATION id="14" head="V378606" res="V378715" label="FIGURE"/>
>    <PHRASE id="V378715" indicator="A" type="STRUCTURAL-OPENING" text="DOOR" start="89" end="122"/>
>    <RELATION id="15" head="V378715" res="V378719" label="MOD"/>
>    <RELATION id="16" head="V378715" res="V378708" label="MOD"/>
>    <PHRASE id="V378708" indicator="F" type="RED" text="RED" SCALE="COLOR-SCALE" start="94" end="98"/>
>    <RELATION id="17" head="V378708" res="V378715" label="FIGURE"/>
>    <PHRASE id="V378719" indicator="F" type="ASSOC-WITH" text="WITH" start="103" end="122"/>
>    <RELATION id="18" head="V378719" res="V378774" label="GROUND"/>
>    <RELATION id="19" head="V378719" res="V378715" label="FIGURE"/>
>    <PHRASE id="V378774" indicator="A" type="REFERENTIAL-SEM" text="GLASSWINDOW" start="108" end="122"/>
>   </SENTENCE>
>   <SENTENCE id="s4" indicator="SPEECHACT" type="SA_IDENTIFY" start="122" end="156">
>    <TEXT>and children's paintings attached .</TEXT>
>    <RELATION id="20" head="V382838" res="V378840" label="CONTENT"/>
>    <RELATION id="21" head="V382838" res="V378779" label="MOD"/>
>    <PHRASE id="V378779" indicator="F" type="CONJUNCT" text="AND" start="122" end="126"/>
>    <RELATION id="22" head="V378779" res="V382838" label="FIGURE"/>
>    <PHRASE id="V378840" indicator="THE" type="REFERENTIAL-SEM" text="PAINTINGS" start="126" end="156"/>
>    <RELATION id="23" head="V378840" res="V378787" label="ASSOC-POSS"/>
>    <RELATION id="24" head="V378840" res="V378845" label="MOD"/>
>    <PHRASE id="V378787" indicator="INDEF-SET" type="CHILD" text="CHILD" start="126" end="134"/>
>    <PHRASE id="V378845" indicator="F" type="ATTACH" text="ATTACH" VFORM="PASSIVE" start="147" end="156"/>
>    <RELATION id="25" head="V378845" res="V378840" label="AFFECTED"/>
>   </SENTENCE>
>  </SCENE>
> </SpRL>
