2,264c2,36
< <?xml-stylesheet type="text/xsl" href="../style/parser-interface.xsl"?>
< <!DOCTYPE trips-parser-output SYSTEM "../trips-parser-output.dtd">
< <trips-parser-output parser-build-date="2017-09-20T12:11:02-0500" system="STEP" extsformat="svg" tagsformat="hidden" treecontents="phrase" treeformat="LinGO" lfformat="svg" semantic-skeleton-scoring="T" rule-sets="" input="two tourists , both of them wearing backpacks , are visiting a school with ten pupils .
< ">
< <debug>
< 
<  FOUNDS SEQUENCE from constit (% W::NP (W::BARE-SEQUENCE -) (W::CONSTRAINT -)
<                                  (W::MASS W::BARE) (W::GENERATED +)
<                                  (W::POSTADVBL +)
<                                  (W::SEM ?8607:(?29368:(F::PHYS-OBJ
<                                                         F::ABSTR-OBJ) NIL))
<                                  (W::LF (% W::DESCRIPTION (W::STATUS ONT::DEFINITE)
<                                            (W::VAR V266656)
<                                            (W::SORT W::INDIVIDUAL)
<                                            (W::LEX (W::A))
<                                            (W::CLASS ONT::SEQUENCE)
<                                            (W::CONSTRAINT (% &amp; (W::NAME-OF (W::A))
<                                                              (W::VAL (W::A))))
<                                            (W::LEX W::A) (W::SEM ?29366)
<                                            (W::TRANSFORM ?29367)))
<                                  (W::CASE ?29365:(W::SUB W::OBJ -))
<                                  (W::AGR ?29364) (W::CLASS ONT::ANY-SEM)
<                                  (W::VAR V266656) (W::SORT W::PRED) (W::NAME -)
<                                  (W::PRO -) (W::CHANGEAGR -) (W::LEX W::A)
<                                  (W::HEADCAT W::VALUE) (W::TRANSFORM -)
<                                  (W::REFL -) (1 RNUMBER266684))
< *last-utt-id*=NIL  utt-id+53
< *last-utt-id*=53  utt-id+53
< *last-utt-id*=53  utt-id+53
< *last-utt-id*=53  utt-id+NIL</debug><compound-communication-act>
< <utt><words><lisp>(W::TWO W::TOURISTS W::PUNC-COMMA)</lisp><word>TWO</word><word>TOURISTS</word><word>PUNC-COMMA</word></words><tags><lisp>((WORD &quot;two&quot; :FRAME (0 3) :SENSE-INFO
<   ((:PENN-PARTS-OF-SPEECH (CD) :TRIPS-PARTS-OF-SPEECH
<     (W::NUMBER W::NUMBER-UNIT)))
<   :UTTNUM 53 :CHANNEL DESKTOP :DIRECTION INPUT)
<  (WORD &quot;tourists&quot; :FRAME (4 12) :SENSE-INFO
<   ((:PENN-PARTS-OF-SPEECH (NNS) :TRIPS-PARTS-OF-SPEECH (W::N))) :UTTNUM 53
<   :CHANNEL DESKTOP :DIRECTION INPUT)
<  (PREFER &quot;two tourists&quot; :FRAME (0 12) :PENN-CATS (NP) :TRIPS-CATS (W::NP)
<   :SCORE 14.836 :UTTNUM 53 :CHANNEL DESKTOP :DIRECTION INPUT)
<  (WORD &quot;,&quot; :FRAME (13 14) :SENSE-INFO
<   ((:PENN-PARTS-OF-SPEECH (COMMA) :TRIPS-PARTS-OF-SPEECH (W::PUNC))) :UTTNUM 53
<   :CHANNEL DESKTOP :DIRECTION INPUT))</lisp><word lex="two" start="0" end="3"><sense-info penn-parts-of-speech="CD" trips-parts-of-speech="NUMBER,NUMBER-UNIT" /></word><word lex="tourists" start="4" end="12"><sense-info penn-parts-of-speech="NNS" trips-parts-of-speech="N" /></word><prefer text="two tourists" start="0" end="12" penn-cats="NP" score="14.836" /><word lex="," start="13" end="14"><sense-info penn-parts-of-speech="COMMA" trips-parts-of-speech="PUNC" /></word></tags><tree><lisp>(NP (NP (N1 (ADJP (NUMBER TWO)) (N1 (N TOURISTS)))) (PUNC PUNC-COMMA))</lisp><NP><NP><N1><ADJP><NUMBER>TWO</NUMBER></ADJP><N1><N>TOURISTS</N></N1></N1></NP><PUNC>PUNC-COMMA</PUNC></NP></tree><terms root="#V265913"><lisp>((ONT::INDEF-SET ONT::V265913 (:* ONT::TRAVELLER W::TOURISTS) :SIZE
<   ONT::V265910 :START 0 :END 15)
<  (ONT::A ONT::V265910 ONT::NUMBER :VALUE 2 :START 0 :END 4))</lisp><rdf:RDF
<   xmlns:rdf="http://www.w3.org/1999/02/22-rdf-syntax-ns#"
<   xmlns:role="http://www.cs.rochester.edu/research/trips/role#"
<   xmlns:LF="http://www.cs.rochester.edu/research/trips/LF#">
<   <rdf:Description rdf:ID="V265913">
<     <LF:indicator>INDEF-SET</LF:indicator>
<     <LF:type>TRAVELLER</LF:type>
<     <LF:word>TOURISTS</LF:word>
<     <role:SIZE rdf:resource="#V265910" />
<     <LF:start>0</LF:start>
<     <LF:end>15</LF:end>
<   </rdf:Description>
<   <rdf:Description rdf:ID="V265910">
<     <LF:indicator>A</LF:indicator>
<     <LF:type>NUMBER</LF:type>
<     <role:VALUE>2</role:VALUE>
<     <LF:start>0</LF:start>
<     <LF:end>4</LF:end>
<   </rdf:Description>
< </rdf:RDF>
< </terms></utt><utt><words><lisp>(W::BOTH W::OF W::THEM)</lisp><word>BOTH</word><word>OF</word><word>THEM</word></words><tags><lisp>((WORD &quot;both&quot; :FRAME (15 19) :SENSE-INFO
<   ((:PENN-PARTS-OF-SPEECH (DT) :TRIPS-PARTS-OF-SPEECH (W::ART W::QUAN W::PRO)))
<   :UTTNUM 53 :CHANNEL DESKTOP :DIRECTION INPUT)
<  (PREFER &quot;both&quot; :FRAME (15 19) :PENN-CATS (NP) :TRIPS-CATS (W::NP) :SCORE 8.735
<   :UTTNUM 53 :CHANNEL DESKTOP :DIRECTION INPUT)
<  (WORD &quot;of&quot; :FRAME (20 22) :SENSE-INFO
<   ((:PENN-PARTS-OF-SPEECH (IN) :TRIPS-PARTS-OF-SPEECH (W::PREP W::ADV)))
<   :UTTNUM 53 :CHANNEL DESKTOP :DIRECTION INPUT)
<  (WORD &quot;them&quot; :FRAME (23 27) :SENSE-INFO
<   ((:PENN-PARTS-OF-SPEECH (PRP) :TRIPS-PARTS-OF-SPEECH (W::PRO))) :UTTNUM 53
<   :CHANNEL DESKTOP :DIRECTION INPUT)
<  (PREFER &quot;them&quot; :FRAME (23 27) :PENN-CATS (NP) :TRIPS-CATS (W::NP) :SCORE 4.492
<   :UTTNUM 53 :CHANNEL DESKTOP :DIRECTION INPUT))</lisp><word lex="both" start="15" end="19"><sense-info penn-parts-of-speech="DT" trips-parts-of-speech="ART,QUAN,PRO" /></word><prefer text="both" start="15" end="19" penn-cats="NP" score="8.735" /><word lex="of" start="20" end="22"><sense-info penn-parts-of-speech="IN" trips-parts-of-speech="PREP,ADV" /></word><word lex="them" start="23" end="27"><sense-info penn-parts-of-speech="PRP" trips-parts-of-speech="PRO" /></word><prefer text="them" start="23" end="27" penn-cats="NP" score="4.492" /></tags><tree><lisp>(NP (SPEC (QUAN BOTH)) (PP (PREP OF) (NP (PRO THEM))))</lisp><NP><SPEC><QUAN>BOTH</QUAN></SPEC><PP><PREP>OF</PREP><NP><PRO>THEM</PRO></NP></PP></NP></tree><terms root="#V266129"><lisp>((ONT::THE-SET ONT::V266129 (:* ONT::REFERENTIAL-SEM W::THEM) :REFSET
<   ONT::V265934 :SIZE ONT::BOTH :START 15 :END 28 :COREF ONT::V265913)
<  (ONT::PRO-SET ONT::V265934 (:* ONT::REFERENTIAL-SEM W::THEM) :PROFORM W::THEM
<   :START 20 :END 28 :COREF ONT::V266129))</lisp><rdf:RDF
<   xmlns:rdf="http://www.w3.org/1999/02/22-rdf-syntax-ns#"
<   xmlns:role="http://www.cs.rochester.edu/research/trips/role#"
<   xmlns:LF="http://www.cs.rochester.edu/research/trips/LF#">
<   <rdf:Description rdf:ID="V266129">
<     <LF:indicator>THE-SET</LF:indicator>
<     <LF:type>REFERENTIAL-SEM</LF:type>
<     <LF:word>THEM</LF:word>
<     <role:REFSET rdf:resource="#V265934" />
<     <role:SIZE>BOTH</role:SIZE>
<     <LF:start>15</LF:start>
<     <LF:end>28</LF:end>
<     <role:COREF rdf:resource="#V265913" />
<   </rdf:Description>
<   <rdf:Description rdf:ID="V265934">
<     <LF:indicator>PRO-SET</LF:indicator>
<     <LF:type>REFERENTIAL-SEM</LF:type>
<     <LF:word>THEM</LF:word>
<     <role:PROFORM>THEM</role:PROFORM>
<     <LF:start>20</LF:start>
<     <LF:end>28</LF:end>
<     <role:COREF rdf:resource="#V266129" />
<   </rdf:Description>
< </rdf:RDF>
< </terms></utt><utt><words><lisp>(W::WEARING W::BACKPACKS W::PUNC-COMMA W::ARE W::VISITING W::A W::SCHOOL
<  W::WITH W::TEN W::PUPILS W::PUNC-PERIOD)</lisp><word>WEARING</word><word>BACKPACKS</word><word>PUNC-COMMA</word><word>ARE</word><word>VISITING</word><word>A</word><word>SCHOOL</word><word>WITH</word><word>TEN</word><word>PUPILS</word><word>PUNC-PERIOD</word></words><tags><lisp>((WORD &quot;wearing&quot; :FRAME (28 35) :SENSE-INFO
<   ((:PENN-PARTS-OF-SPEECH (VBG) :TRIPS-PARTS-OF-SPEECH (W::V))) :UTTNUM 53
<   :CHANNEL DESKTOP :DIRECTION INPUT)
<  (WORD &quot;backpacks&quot; :FRAME (36 45) :SENSE-INFO
<   ((:PENN-PARTS-OF-SPEECH (NNS) :TRIPS-PARTS-OF-SPEECH (W::N))) :UTTNUM 53
<   :CHANNEL DESKTOP :DIRECTION INPUT)
<  (PREFER &quot;backpacks&quot; :FRAME (36 45) :PENN-CATS (NP) :TRIPS-CATS (W::NP) :SCORE
<   13.808 :UTTNUM 53 :CHANNEL DESKTOP :DIRECTION INPUT)
<  (PREFER &quot;wearing backpacks&quot; :FRAME (28 45) :PENN-CATS (VP) :TRIPS-CATS (W::VP)
<   :SCORE 22.143 :UTTNUM 53 :CHANNEL DESKTOP :DIRECTION INPUT)
<  (PREFER &quot;them wearing backpacks&quot; :FRAME (23 45) :PENN-CATS (S) :SCORE 27.293
<   :UTTNUM 53 :CHANNEL DESKTOP :DIRECTION INPUT)
<  (PREFER &quot;of them wearing backpacks&quot; :FRAME (20 45) :PENN-CATS (PP) :TRIPS-CATS
<   (W::PP) :SCORE 33.078 :UTTNUM 53 :CHANNEL DESKTOP :DIRECTION INPUT)
<  (PREFER &quot;both of them wearing backpacks&quot; :FRAME (15 45) :PENN-CATS (NP)
<   :TRIPS-CATS (W::NP) :SCORE 43.622 :UTTNUM 53 :CHANNEL DESKTOP :DIRECTION
<   INPUT)
<  (WORD &quot;,&quot; :FRAME (46 47) :SENSE-INFO
<   ((:PENN-PARTS-OF-SPEECH (COMMA) :TRIPS-PARTS-OF-SPEECH (W::PUNC))) :UTTNUM 53
<   :CHANNEL DESKTOP :DIRECTION INPUT)
<  (PREFER &quot;two tourists , both of them wearing backpacks ,&quot; :FRAME (0 47)
<   :PENN-CATS (NP) :TRIPS-CATS (W::NP) :SCORE 60.942 :UTTNUM 53 :CHANNEL DESKTOP
<   :DIRECTION INPUT)
<  (WORD &quot;are&quot; :FRAME (48 51) :SENSE-INFO
<   ((:PENN-PARTS-OF-SPEECH (VBP) :TRIPS-PARTS-OF-SPEECH (W::V))) :UTTNUM 53
<   :CHANNEL DESKTOP :DIRECTION INPUT)
<  (WORD &quot;visiting&quot; :FRAME (52 60) :SENSE-INFO
<   ((:PENN-PARTS-OF-SPEECH (VBG) :TRIPS-PARTS-OF-SPEECH (W::V))) :UTTNUM 53
<   :CHANNEL DESKTOP :DIRECTION INPUT)
<  (WORD &quot;a&quot; :FRAME (61 62) :SENSE-INFO
<   ((:PENN-PARTS-OF-SPEECH (DT) :TRIPS-PARTS-OF-SPEECH (W::ART W::QUAN W::PRO)))
<   :UTTNUM 53 :CHANNEL DESKTOP :DIRECTION INPUT)
<  (WORD &quot;school&quot; :FRAME (63 69) :SENSE-INFO
<   ((:PENN-PARTS-OF-SPEECH (NN) :TRIPS-PARTS-OF-SPEECH (W::N))) :UTTNUM 53
<   :CHANNEL DESKTOP :DIRECTION INPUT)
<  (PREFER &quot;a school&quot; :FRAME (61 69) :PENN-CATS (NP) :TRIPS-CATS (W::NP) :SCORE
<   10.704 :UTTNUM 53 :CHANNEL DESKTOP :DIRECTION INPUT)
<  (WORD &quot;with&quot; :FRAME (70 74) :SENSE-INFO
<   ((:PENN-PARTS-OF-SPEECH (IN) :TRIPS-PARTS-OF-SPEECH (W::PREP W::ADV)))
<   :UTTNUM 53 :CHANNEL DESKTOP :DIRECTION INPUT)
<  (WORD &quot;ten&quot; :FRAME (75 78) :SENSE-INFO
<   ((:PENN-PARTS-OF-SPEECH (CD NN) :TRIPS-PARTS-OF-SPEECH
<     (W::NUMBER W::NUMBER-UNIT W::N)))
<   :UTTNUM 53 :CHANNEL DESKTOP :DIRECTION INPUT)
<  (WORD &quot;pupils&quot; :FRAME (79 85) :SENSE-INFO
<   ((:PENN-PARTS-OF-SPEECH (NNS) :TRIPS-PARTS-OF-SPEECH (W::N))) :UTTNUM 53
<   :CHANNEL DESKTOP :DIRECTION INPUT)
<  (PREFER &quot;ten pupils&quot; :FRAME (75 85) :PENN-CATS (NP) :TRIPS-CATS (W::NP) :SCORE
<   27.197 :UTTNUM 53 :CHANNEL DESKTOP :DIRECTION INPUT)
<  (PREFER &quot;with ten pupils&quot; :FRAME (70 85) :PENN-CATS (PP) :TRIPS-CATS (W::PP)
<   :SCORE 30.464 :UTTNUM 53 :CHANNEL DESKTOP :DIRECTION INPUT)
<  (PREFER &quot;visiting a school with ten pupils&quot; :FRAME (52 85) :PENN-CATS (VP)
<   :TRIPS-CATS (W::VP) :SCORE 51.641 :UTTNUM 53 :CHANNEL DESKTOP :DIRECTION
<   INPUT)
<  (PREFER &quot;are visiting a school with ten pupils&quot; :FRAME (48 85) :PENN-CATS (VP)
<   :TRIPS-CATS (W::VP) :SCORE 56.004 :UTTNUM 53 :CHANNEL DESKTOP :DIRECTION
<   INPUT)
<  (WORD &quot;.&quot; :FRAME (86 86) :SENSE-INFO
<   ((:PENN-PARTS-OF-SPEECH (FULL_STOP) :TRIPS-PARTS-OF-SPEECH (W::PUNC)))
<   :UTTNUM 53 :CHANNEL DESKTOP :DIRECTION INPUT)
<  (PREFER
<   &quot;two tourists , both of them wearing backpacks , are visiting a school with ten pupils .&quot;
<   :FRAME (0 86) :PENN-CATS (S) :SCORE 120.464 :UTTNUM 53 :CHANNEL DESKTOP
<   :DIRECTION INPUT))</lisp><word lex="wearing" start="28" end="35"><sense-info penn-parts-of-speech="VBG" trips-parts-of-speech="V" /></word><word lex="backpacks" start="36" end="45"><sense-info penn-parts-of-speech="NNS" trips-parts-of-speech="N" /></word><prefer text="backpacks" start="36" end="45" penn-cats="NP" score="13.808" /><prefer text="wearing backpacks" start="28" end="45" penn-cats="VP" score="22.143" /><prefer text="them wearing backpacks" start="23" end="45" penn-cats="S" score="27.293" /><prefer text="of them wearing backpacks" start="20" end="45" penn-cats="PP" score="33.078" /><prefer text="both of them wearing backpacks" start="15" end="45" penn-cats="NP" score="43.622" /><word lex="," start="46" end="47"><sense-info penn-parts-of-speech="COMMA" trips-parts-of-speech="PUNC" /></word><prefer text="two tourists , both of them wearing backpacks ," start="0" end="47" penn-cats="NP" score="60.942" /><word lex="are" start="48" end="51"><sense-info penn-parts-of-speech="VBP" trips-parts-of-speech="V" /></word><word lex="visiting" start="52" end="60"><sense-info penn-parts-of-speech="VBG" trips-parts-of-speech="V" /></word><word lex="a" start="61" end="62"><sense-info penn-parts-of-speech="DT" trips-parts-of-speech="ART,QUAN,PRO" /></word><word lex="school" start="63" end="69"><sense-info penn-parts-of-speech="NN" trips-parts-of-speech="N" /></word><prefer text="a school" start="61" end="69" penn-cats="NP" score="10.704" /><word lex="with" start="70" end="74"><sense-info penn-parts-of-speech="IN" trips-parts-of-speech="PREP,ADV" /></word><word lex="ten" start="75" end="78"><sense-info penn-parts-of-speech="CD,NN" trips-parts-of-speech="NUMBER,NUMBER-UNIT,N" /></word><word lex="pupils" start="79" end="85"><sense-info penn-parts-of-speech="NNS" trips-parts-of-speech="N" /></word><prefer text="ten pupils" start="75" end="85" penn-cats="NP" score="27.197" /><prefer text="with ten pupils" start="70" end="85" penn-cats="PP" score="30.464" /><prefer text="visiting a school with ten pupils" start="52" end="85" penn-cats="VP" score="51.641" /><prefer text="are visiting a school with ten pupils" start="48" end="85" penn-cats="VP" score="56.004" /><word lex="." start="86" end="86"><sense-info penn-parts-of-speech="FULL_STOP" trips-parts-of-speech="PUNC" /></word><prefer text="two tourists , both of them wearing backpacks , are visiting a school with ten pupils ." start="0" end="86" penn-cats="S" score="120.464" /></tags><tree><lisp>(UTT
<  (UTT
<   (S (NP (NP (N1 (ADJP (V WEARING)) (N1 (N BACKPACKS)))) (PUNC PUNC-COMMA))
<    (VP
<     (VP- (AUX (V ARE))
<      (VP- (V VISITING)
<       (NP (SPEC (DET (ART A)))
<        (N1 (N1 (N SCHOOL))
<         (ADVBL (ADV WITH) (NP (N1 (ADJP (NUMBER TEN)) (N1 (N PUPILS))))))))))))
<  (PUNC PUNC-PERIOD))</lisp><UTT><UTT><S><NP><NP><N1><ADJP><V>WEARING</V></ADJP><N1><N>BACKPACKS</N></N1></N1></NP><PUNC>PUNC-COMMA</PUNC></NP><VP><VP-><AUX><V>ARE</V></AUX><VP-><V>VISITING</V><NP><SPEC><DET><ART>A</ART></DET></SPEC><N1><N1><N>SCHOOL</N></N1><ADVBL><ADV>WITH</ADV><NP><N1><ADJP><NUMBER>TEN</NUMBER></ADJP><N1><N>PUPILS</N></N1></N1></NP></ADVBL></N1></NP></VP-></VP-></VP></S></UTT><PUNC>PUNC-PERIOD</PUNC></UTT></tree><terms root="#V267031"><lisp>((ONT::SPEECHACT ONT::V267031 ONT::SA_TELL :PUNCTYPE W::DECL :CONTENT
<   ONT::V265974 :START 28 :END 86)
<  (ONT::F ONT::V265974 (:* ONT::SOCIAL-ACTIVITY W::VISIT) :AGENT ONT::V265948
<   :AFFECTED ONT::V266021 :TENSE W::PRES :PROGR + :START 28 :END 86)
<  (ONT::INDEF-SET ONT::V265948 (:* ONT::SMALL-CONTAINER W::BACKPACK) :MOD
<   ONT::V265940 :START 28 :END 48)
<  (ONT::F ONT::V265940 (:* ONT::WEAR W::WEAR) :AGENT ONT::V265948 :START 28 :END
<   36)
<  (ONT::A ONT::V266021 (:* ONT::ACADEMIC-INSTITUTION W::SCHOOL) :MOD
<   ONT::V266025 :START 61 :END 86)
<  (ONT::F ONT::V266025 (:* ONT::ASSOC-WITH W::WITH) :GROUND ONT::V266040 :FIGURE
<   ONT::V266021 :START 70 :END 86)
<  (ONT::INDEF-SET ONT::V266040 (:* ONT::EXTERNAL-BODY-PART W::PUPIL) :SIZE
<   ONT::V266038 :START 75 :END 86)
<  (ONT::A ONT::V266038 ONT::NUMBER :VALUE 10 :START 75 :END 79))</lisp><rdf:RDF
<   xmlns:rdf="http://www.w3.org/1999/02/22-rdf-syntax-ns#"
<   xmlns:role="http://www.cs.rochester.edu/research/trips/role#"
<   xmlns:LF="http://www.cs.rochester.edu/research/trips/LF#">
<   <rdf:Description rdf:ID="V267031">
<     <LF:indicator>SPEECHACT</LF:indicator>
<     <LF:type>SA_TELL</LF:type>
<     <role:PUNCTYPE>DECL</role:PUNCTYPE>
<     <role:CONTENT rdf:resource="#V265974" />
<     <LF:start>28</LF:start>
<     <LF:end>86</LF:end>
<   </rdf:Description>
<   <rdf:Description rdf:ID="V265974">
<     <LF:indicator>F</LF:indicator>
<     <LF:type>SOCIAL-ACTIVITY</LF:type>
<     <LF:word>VISIT</LF:word>
<     <role:AGENT rdf:resource="#V265948" />
<     <role:AFFECTED rdf:resource="#V266021" />
<     <role:TENSE>PRES</role:TENSE>
<     <role:PROGR>+</role:PROGR>
<     <LF:start>28</LF:start>
<     <LF:end>86</LF:end>
<   </rdf:Description>
<   <rdf:Description rdf:ID="V265948">
<     <LF:indicator>INDEF-SET</LF:indicator>
<     <LF:type>SMALL-CONTAINER</LF:type>
<     <LF:word>BACKPACK</LF:word>
<     <role:MOD rdf:resource="#V265940" />
<     <LF:start>28</LF:start>
<     <LF:end>48</LF:end>
<   </rdf:Description>
<   <rdf:Description rdf:ID="V265940">
<     <LF:indicator>F</LF:indicator>
<     <LF:type>WEAR</LF:type>
<     <LF:word>WEAR</LF:word>
<     <role:AGENT rdf:resource="#V265948" />
<     <LF:start>28</LF:start>
<     <LF:end>36</LF:end>
<   </rdf:Description>
<   <rdf:Description rdf:ID="V266021">
<     <LF:indicator>A</LF:indicator>
<     <LF:type>ACADEMIC-INSTITUTION</LF:type>
<     <LF:word>SCHOOL</LF:word>
<     <role:MOD rdf:resource="#V266025" />
<     <LF:start>61</LF:start>
<     <LF:end>86</LF:end>
<   </rdf:Description>
<   <rdf:Description rdf:ID="V266025">
<     <LF:indicator>F</LF:indicator>
<     <LF:type>ASSOC-WITH</LF:type>
<     <LF:word>WITH</LF:word>
<     <role:GROUND rdf:resource="#V266040" />
<     <role:FIGURE rdf:resource="#V266021" />
<     <LF:start>70</LF:start>
<     <LF:end>86</LF:end>
<   </rdf:Description>
<   <rdf:Description rdf:ID="V266040">
<     <LF:indicator>INDEF-SET</LF:indicator>
<     <LF:type>EXTERNAL-BODY-PART</LF:type>
<     <LF:word>PUPIL</LF:word>
<     <role:SIZE rdf:resource="#V266038" />
<     <LF:start>75</LF:start>
<     <LF:end>86</LF:end>
<   </rdf:Description>
<   <rdf:Description rdf:ID="V266038">
<     <LF:indicator>A</LF:indicator>
<     <LF:type>NUMBER</LF:type>
<     <role:VALUE>10</role:VALUE>
<     <LF:start>75</LF:start>
<     <LF:end>79</LF:end>
<   </rdf:Description>
< </rdf:RDF>
< </terms></utt></compound-communication-act>
< </trips-parser-output>
\ No newline at end of file
---
> <SpRL>
>  <SCENE>
>   <SENTENCE id="s1" indicator="INDEF-SET" type="TRAVELLER" text="TOURISTS" start="0" end="15">
>    <TEXT>two tourists , b</TEXT>
>    <RELATION id="1" head="V265913" res="V265910" label="SIZE"/>
>    <PHRASE id="V265910" indicator="A" type="NUMBER" VALUE="2" start="0" end="4"/>
>   </SENTENCE>
>   <SENTENCE id="s2" indicator="THE-SET" type="REFERENTIAL-SEM" text="THEM" SIZE="BOTH" start="15" end="28">
>    <TEXT>both of them w</TEXT>
>    <RELATION id="2" head="V266129" res="V265934" label="REFSET"/>
>    <RELATION id="3" head="V266129" res="V265913" label="COREF"/>
>    <PHRASE id="V265934" indicator="PRO-SET" type="REFERENTIAL-SEM" text="THEM" PROFORM="THEM" start="20" end="28"/>
>    <RELATION id="4" head="V265934" res="V266129" label="COREF"/>
>   </SENTENCE>
>   <SENTENCE id="s3" indicator="SPEECHACT" type="SA_TELL" PUNCTYPE="DECL" start="28" end="86">
>    <TEXT>wearing backpacks , are visiting a school with ten pupils .</TEXT>
>    <RELATION id="5" head="V267031" res="V265974" label="CONTENT"/>
>    <PHRASE id="V265974" indicator="F" type="SOCIAL-ACTIVITY" text="VISIT" TENSE="PRES" PROGR="+" start="28" end="86"/>
>    <RELATION id="6" head="V265974" res="V265948" label="AGENT"/>
>    <RELATION id="7" head="V265974" res="V266021" label="AFFECTED"/>
>    <PHRASE id="V265948" indicator="INDEF-SET" type="SMALL-CONTAINER" text="BACKPACK" start="28" end="48"/>
>    <RELATION id="8" head="V265948" res="V265940" label="MOD"/>
>    <PHRASE id="V265940" indicator="F" type="WEAR" text="WEAR" start="28" end="36"/>
>    <RELATION id="9" head="V265940" res="V265948" label="AGENT"/>
>    <PHRASE id="V266021" indicator="A" type="ACADEMIC-INSTITUTION" text="SCHOOL" start="61" end="86"/>
>    <RELATION id="10" head="V266021" res="V266025" label="MOD"/>
>    <PHRASE id="V266025" indicator="F" type="ASSOC-WITH" text="WITH" start="70" end="86"/>
>    <RELATION id="11" head="V266025" res="V266040" label="GROUND"/>
>    <RELATION id="12" head="V266025" res="V266021" label="FIGURE"/>
>    <PHRASE id="V266040" indicator="INDEF-SET" type="EXTERNAL-BODY-PART" text="PUPIL" start="75" end="86"/>
>    <RELATION id="13" head="V266040" res="V266038" label="SIZE"/>
>    <PHRASE id="V266038" indicator="A" type="NUMBER" VALUE="10" start="75" end="79"/>
>   </SENTENCE>
>  </SCENE>
> </SpRL>
