<LOG DATE="23/10/2017" TIME="13:11:16" FILE="/Users/parisakordjamshidi/step/TRIPS/Systems/STEP/batch2/LEXICONMANAGER.log">

<SEND T="13:11:16">
  (REGISTER :NAME LEXICONMANAGER :GROUP SYSTEM)
</SEND>

<SEND T="13:11:16">
  (SUBSCRIBE :CONTENT (REQUEST &KEY :CONTENT (GET-LF . *)))
</SEND>

<SEND T="13:11:16">
  (SUBSCRIBE :CONTENT (REQUEST &KEY :CONTENT (ADD-NAMES . *)))
</SEND>

<SEND T="13:11:16">
  (SUBSCRIBE :CONTENT (REQUEST &KEY :CONTENT (ADD-LEX-ENTRY . *)))
</SEND>

<SEND T="13:11:16">
  (SUBSCRIBE :CONTENT (REQUEST &KEY :CONTENT (GET-ALIASES . *)))
</SEND>

<SEND T="13:11:16">
  (TELL :CONTENT (MODULE-STATUS READY))
</SEND>

<RECEIVE T="13:11:33">
  (REQUEST :RECEIVER LEXICONMANAGER :CONTENT (IS-DEFINED-WORD W::PANORAMA)
   :REPLY-WITH TEXTTAGGER1 :SENDER TEXTTAGGER)
</RECEIVE>

<SEND T="13:11:33">
  (TELL :RECEIVER TEXTTAGGER :IN-REPLY-TO TEXTTAGGER1 :CONTENT T)
</SEND>

<RECEIVE T="13:11:36">
  (REQUEST :RECEIVER LEXICONMANAGER :CONTENT (IS-DEFINED-WORD W::FOREGROUND)
   :REPLY-WITH TEXTTAGGER2 :SENDER TEXTTAGGER)
</RECEIVE>

<SEND T="13:11:36">
  (TELL :RECEIVER TEXTTAGGER :IN-REPLY-TO TEXTTAGGER2 :CONTENT T)
</SEND>

<RECEIVE T="13:11:46">
  (REQUEST :RECEIVER LEXICONMANAGER :CONTENT (IS-DEFINED-WORD W::COURT)
   :REPLY-WITH TEXTTAGGER3 :SENDER TEXTTAGGER)
</RECEIVE>

<SEND T="13:11:46">
  (TELL :RECEIVER TEXTTAGGER :IN-REPLY-TO TEXTTAGGER3 :CONTENT T)
</SEND>

<RECEIVE T="13:12:11">
  (REQUEST :RECEIVER LEXICONMANAGER :CONTENT (IS-DEFINED-WORD W::DISTANT)
   :REPLY-WITH TEXTTAGGER4 :SENDER TEXTTAGGER)
</RECEIVE>

<SEND T="13:12:11">
  (TELL :RECEIVER TEXTTAGGER :IN-REPLY-TO TEXTTAGGER4 :CONTENT T)
</SEND>

<RECEIVE T="13:12:58">
  (REQUEST :RECEIVER LEXICONMANAGER :CONTENT (IS-DEFINED-WORD W::COVERED)
   :REPLY-WITH TEXTTAGGER5 :SENDER TEXTTAGGER)
</RECEIVE>

<SEND T="13:12:58">
  (TELL :RECEIVER TEXTTAGGER :IN-REPLY-TO TEXTTAGGER5 :CONTENT T)
</SEND>

<RECEIVE T="13:13:50">
  (REQUEST :RECEIVER LEXICONMANAGER :CONTENT (IS-DEFINED-WORD W::PROTECT)
   :REPLY-WITH TEXTTAGGER6 :SENDER TEXTTAGGER)
</RECEIVE>

<WARN T="13:13:50">
  " Incompatible feature values (F::ASPECT F::STAGE-LEVEL) and (F::ASPECT
                                                             F::DYNAMIC) in for child ((F::ASPECT
                                                                                        F::STAGE-LEVEL)
                                                                                       (F::TIME-SPAN
                                                                                        F::EXTENDED)) of parent ((F::TYPE
                                                                                                                  ONT::PROTECTING)
                                                                                                                 (F::CAUSE
                                                                                                                  F::FORCE)
                                                                                                                 (F::ASPECT
                                                                                                                  F::DYNAMIC)
                                                                                                                 (F::CONTAINER
                                                                                                                  -)
                                                                                                                 (F::INFORMATION
                                                                                                                  F::MENTAL-CONSTRUCT)
                                                                                                                 (F::INTENTIONAL
                                                                                                                  -))
"
</WARN>

<SEND T="13:13:50">
  (TELL :RECEIVER TEXTTAGGER :IN-REPLY-TO TEXTTAGGER6 :CONTENT T)
</SEND>

<RECEIVE T="13:14:03">
  (REQUEST :RECEIVER LEXICONMANAGER :CONTENT (IS-DEFINED-WORD W::PANTS)
   :REPLY-WITH TEXTTAGGER7 :SENDER TEXTTAGGER)
</RECEIVE>

<SEND T="13:14:03">
  (TELL :RECEIVER TEXTTAGGER :IN-REPLY-TO TEXTTAGGER7 :CONTENT T)
</SEND>

<RECEIVE T="13:14:50">
  (REQUEST :RECEIVER LEXICONMANAGER :CONTENT (IS-DEFINED-WORD W::POSTERS)
   :REPLY-WITH TEXTTAGGER8 :SENDER TEXTTAGGER)
</RECEIVE>

<SEND T="13:14:50">
  (TELL :RECEIVER TEXTTAGGER :IN-REPLY-TO TEXTTAGGER8 :CONTENT T)
</SEND>

<RECEIVE T="13:15:00">
  (REQUEST :RECEIVER LEXICONMANAGER :CONTENT (IS-DEFINED-WORD W::DESKS)
   :REPLY-WITH TEXTTAGGER9 :SENDER TEXTTAGGER)
</RECEIVE>

<SEND T="13:15:00">
  (TELL :RECEIVER TEXTTAGGER :IN-REPLY-TO TEXTTAGGER9 :CONTENT T)
</SEND>

<RECEIVE T="13:15:04">
  (REQUEST :RECEIVER LEXICONMANAGER :CONTENT (IS-DEFINED-WORD W::CORNER)
   :REPLY-WITH TEXTTAGGER10 :SENDER TEXTTAGGER)
</RECEIVE>

<SEND T="13:15:04">
  (TELL :RECEIVER TEXTTAGGER :IN-REPLY-TO TEXTTAGGER10 :CONTENT T)
</SEND>

<RECEIVE T="13:15:20">
  (REQUEST :RECEIVER LEXICONMANAGER :CONTENT (IS-DEFINED-WORD W::DESK)
   :REPLY-WITH TEXTTAGGER11 :SENDER TEXTTAGGER)
</RECEIVE>

<SEND T="13:15:20">
  (TELL :RECEIVER TEXTTAGGER :IN-REPLY-TO TEXTTAGGER11 :CONTENT T)
</SEND>

<RECEIVE T="13:15:39">
  (REQUEST :RECEIVER LEXICONMANAGER :CONTENT (IS-DEFINED-WORD W::CONSTRUCTION)
   :REPLY-WITH TEXTTAGGER12 :SENDER TEXTTAGGER)
</RECEIVE>

<SEND T="13:15:39">
  (TELL :RECEIVER TEXTTAGGER :IN-REPLY-TO TEXTTAGGER12 :CONTENT T)
</SEND>

<RECEIVE T="13:21:54">
  (REQUEST :RECEIVER LEXICONMANAGER :CONTENT (IS-DEFINED-WORD W::DECORATED)
   :REPLY-WITH TEXTTAGGER13 :SENDER TEXTTAGGER)
</RECEIVE>

<SEND T="13:21:54">
  (TELL :RECEIVER TEXTTAGGER :IN-REPLY-TO TEXTTAGGER13 :CONTENT T)
</SEND>

<RECEIVE T="13:26:26">
  (REQUEST :RECEIVER LEXICONMANAGER :CONTENT (IS-DEFINED-WORD W::DESTROYED)
   :REPLY-WITH TEXTTAGGER14 :SENDER TEXTTAGGER)
</RECEIVE>

<SEND T="13:26:26">
  (TELL :RECEIVER TEXTTAGGER :IN-REPLY-TO TEXTTAGGER14 :CONTENT T)
</SEND>

<RECEIVE T="13:26:50">
  (REQUEST :RECEIVER LEXICONMANAGER :CONTENT (IS-DEFINED-WORD W::COMICS)
   :REPLY-WITH TEXTTAGGER15 :SENDER TEXTTAGGER)
</RECEIVE>

<SEND T="13:26:50">
  (TELL :RECEIVER TEXTTAGGER :IN-REPLY-TO TEXTTAGGER15 :CONTENT T)
</SEND>

<RECEIVE T="13:48:21">
  (REQUEST :RECEIVER LEXICONMANAGER :CONTENT (IS-DEFINED-WORD W::PRESENT)
   :REPLY-WITH TEXTTAGGER16 :SENDER TEXTTAGGER)
</RECEIVE>

<SEND T="13:48:21">
  (TELL :RECEIVER TEXTTAGGER :IN-REPLY-TO TEXTTAGGER16 :CONTENT T)
</SEND>

<RECEIVE T="13:58:53">
  (REQUEST :RECEIVER LEXICONMANAGER :CONTENT (IS-DEFINED-WORD W::DIOS)
   :REPLY-WITH TEXTTAGGER17 :SENDER TEXTTAGGER)
</RECEIVE>

<SEND T="13:58:53">
  (TELL :RECEIVER TEXTTAGGER :IN-REPLY-TO TEXTTAGGER17 :CONTENT NIL)
</SEND>

<RECEIVE T="13:58:53">
  (REQUEST :RECEIVER LEXICONMANAGER :CONTENT (IS-DEFINED-WORD W::OS)
   :REPLY-WITH TEXTTAGGER18 :SENDER TEXTTAGGER)
</RECEIVE>

<SEND T="13:58:53">
  (TELL :RECEIVER TEXTTAGGER :IN-REPLY-TO TEXTTAGGER18 :CONTENT T)
</SEND>

<RECEIVE T="13:59:29">
  NIL
</RECEIVE>

