2,197c2,31
< <?xml-stylesheet type="text/xsl" href="../style/parser-interface.xsl"?>
< <!DOCTYPE trips-parser-output SYSTEM "../trips-parser-output.dtd">
< <trips-parser-output parser-build-date="2017-09-20T12:11:02-0500" system="STEP" extsformat="svg" tagsformat="hidden" treecontents="phrase" treeformat="LinGO" lfformat="svg" semantic-skeleton-scoring="T" rule-sets="" input="others are just sitting around or are standing in the background .
< ">
< <debug>
< *last-utt-id*=NIL  utt-id+9
< *last-utt-id*=9  utt-id+9
< *last-utt-id*=9  utt-id+NIL</debug><compound-communication-act>
< <utt><words><lisp>(W::OTHERS)</lisp><word>OTHERS</word></words><tags><lisp>((WORD &quot;others&quot; :FRAME (0 6) :SENSE-INFO
<   ((:PENN-PARTS-OF-SPEECH (NNS) :TRIPS-PARTS-OF-SPEECH (W::N))) :UTTNUM 9
<   :CHANNEL DESKTOP :DIRECTION INPUT)
<  (PREFER &quot;others&quot; :FRAME (0 6) :PENN-CATS (NP) :TRIPS-CATS (W::NP) :SCORE 8.519
<   :UTTNUM 9 :CHANNEL DESKTOP :DIRECTION INPUT))</lisp><word lex="others" start="0" end="6"><sense-info penn-parts-of-speech="NNS" trips-parts-of-speech="N" /></word><prefer text="others" start="0" end="6" penn-cats="NP" score="8.519" /></tags><tree><lisp>(NP (N1 (N OTHERS)))</lisp><NP><N1><N>OTHERS</N></N1></NP></tree><terms root="#V61829"><lisp>((ONT::BARE ONT::V61829 (:* ONT::OTHER W::OTHERS) :START 0 :END 7))</lisp><rdf:RDF
<   xmlns:rdf="http://www.w3.org/1999/02/22-rdf-syntax-ns#"
<   xmlns:role="http://www.cs.rochester.edu/research/trips/role#"
<   xmlns:LF="http://www.cs.rochester.edu/research/trips/LF#">
<   <rdf:Description rdf:ID="V61829">
<     <LF:indicator>BARE</LF:indicator>
<     <LF:type>OTHER</LF:type>
<     <LF:word>OTHERS</LF:word>
<     <LF:start>0</LF:start>
<     <LF:end>7</LF:end>
<   </rdf:Description>
< </rdf:RDF>
< </terms></utt><utt><words><lisp>(W::ARE W::JUST W::SITTING W::AROUND W::OR W::ARE W::STANDING W::IN W::THE
<  W::BACKGROUND W::PUNC-PERIOD)</lisp><word>ARE</word><word>JUST</word><word>SITTING</word><word>AROUND</word><word>OR</word><word>ARE</word><word>STANDING</word><word>IN</word><word>THE</word><word>BACKGROUND</word><word>PUNC-PERIOD</word></words><tags><lisp>((WORD &quot;are&quot; :FRAME (7 10) :SENSE-INFO
<   ((:PENN-PARTS-OF-SPEECH (VBP) :TRIPS-PARTS-OF-SPEECH (W::V))) :UTTNUM 9
<   :CHANNEL DESKTOP :DIRECTION INPUT)
<  (WORD &quot;just&quot; :FRAME (11 15) :SENSE-INFO
<   ((:PENN-PARTS-OF-SPEECH (RB) :TRIPS-PARTS-OF-SPEECH (W::ADV))) :UTTNUM 9
<   :CHANNEL DESKTOP :DIRECTION INPUT)
<  (PREFER &quot;just&quot; :FRAME (11 15) :PENN-CATS (ADVP) :TRIPS-CATS (W::ADVBL) :SCORE
<   4.387 :UTTNUM 9 :CHANNEL DESKTOP :DIRECTION INPUT)
<  (WORD &quot;sitting&quot; :FRAME (16 23) :SENSE-INFO
<   ((:PENN-PARTS-OF-SPEECH (VBG) :TRIPS-PARTS-OF-SPEECH (W::V))) :UTTNUM 9
<   :CHANNEL DESKTOP :DIRECTION INPUT)
<  (WORD &quot;around&quot; :FRAME (24 30) :SENSE-INFO
<   ((:PENN-PARTS-OF-SPEECH (RP) :TRIPS-PARTS-OF-SPEECH (W::PART))) :UTTNUM 9
<   :CHANNEL DESKTOP :DIRECTION INPUT)
<  (PREFER &quot;around&quot; :FRAME (24 30) :PENN-CATS (PRT) :TRIPS-CATS (W::PART) :SCORE
<   4.777 :UTTNUM 9 :CHANNEL DESKTOP :DIRECTION INPUT)
<  (WORD &quot;sitting around&quot; :FRAME (16 30) :SENSE-INFO
<   ((:PENN-PARTS-OF-SPEECH (VBG) :TRIPS-PARTS-OF-SPEECH (W::V) :WN-SENSE-KEYS
<     (&quot;sit_around%2:42:00&quot;)))
<   :UTTNUM 9 :CHANNEL DESKTOP :DIRECTION INPUT)
<  (PREFER &quot;sitting around&quot; :FRAME (16 30) :PENN-CATS (VP) :TRIPS-CATS (W::VP)
<   :SCORE 16.404 :UTTNUM 9 :CHANNEL DESKTOP :DIRECTION INPUT)
<  (PREFER &quot;are just sitting around&quot; :FRAME (7 30) :PENN-CATS (VP) :TRIPS-CATS
<   (W::VP) :SCORE 28.452 :UTTNUM 9 :CHANNEL DESKTOP :DIRECTION INPUT)
<  (WORD &quot;or&quot; :FRAME (31 33) :SENSE-INFO
<   ((:PENN-PARTS-OF-SPEECH (CC) :TRIPS-PARTS-OF-SPEECH (W::CONJ))) :UTTNUM 9
<   :CHANNEL DESKTOP :DIRECTION INPUT)
<  (WORD &quot;are&quot; :FRAME (34 37) :SENSE-INFO
<   ((:PENN-PARTS-OF-SPEECH (VBP) :TRIPS-PARTS-OF-SPEECH (W::V))) :UTTNUM 9
<   :CHANNEL DESKTOP :DIRECTION INPUT)
<  (WORD &quot;standing&quot; :FRAME (38 46) :SENSE-INFO
<   ((:PENN-PARTS-OF-SPEECH (VBG) :TRIPS-PARTS-OF-SPEECH (W::V))) :UTTNUM 9
<   :CHANNEL DESKTOP :DIRECTION INPUT)
<  (WORD &quot;in&quot; :FRAME (47 49) :SENSE-INFO
<   ((:PENN-PARTS-OF-SPEECH (IN) :TRIPS-PARTS-OF-SPEECH (W::PREP W::ADV)))
<   :UTTNUM 9 :CHANNEL DESKTOP :DIRECTION INPUT)
<  (WORD &quot;standing in&quot; :FRAME (38 49) :SENSE-INFO
<   ((:PENN-PARTS-OF-SPEECH (VBG) :TRIPS-PARTS-OF-SPEECH (W::V) :WN-SENSE-KEYS
<     (&quot;stand_in%2:40:00&quot;)))
<   :UTTNUM 9 :CHANNEL DESKTOP :DIRECTION INPUT)
<  (WORD &quot;the&quot; :FRAME (50 53) :SENSE-INFO
<   ((:PENN-PARTS-OF-SPEECH (DT) :TRIPS-PARTS-OF-SPEECH (W::ART W::QUAN W::PRO)))
<   :UTTNUM 9 :CHANNEL DESKTOP :DIRECTION INPUT)
<  (WORD &quot;background&quot; :FRAME (54 64) :SENSE-INFO
<   ((:PENN-PARTS-OF-SPEECH (NN) :TRIPS-PARTS-OF-SPEECH (W::N))) :UTTNUM 9
<   :CHANNEL DESKTOP :DIRECTION INPUT)
<  (PREFER &quot;the background&quot; :FRAME (50 64) :PENN-CATS (NP) :TRIPS-CATS (W::NP)
<   :SCORE 11.972 :UTTNUM 9 :CHANNEL DESKTOP :DIRECTION INPUT)
<  (PREFER &quot;in the background&quot; :FRAME (47 64) :PENN-CATS (PP) :TRIPS-CATS (W::PP)
<   :SCORE 14.197 :UTTNUM 9 :CHANNEL DESKTOP :DIRECTION INPUT)
<  (PREFER &quot;standing in the background&quot; :FRAME (38 64) :PENN-CATS (VP)
<   :TRIPS-CATS (W::VP) :SCORE 23.371 :UTTNUM 9 :CHANNEL DESKTOP :DIRECTION
<   INPUT)
<  (PREFER &quot;are standing in the background&quot; :FRAME (34 64) :PENN-CATS (VP)
<   :TRIPS-CATS (W::VP) :SCORE 29.086 :UTTNUM 9 :CHANNEL DESKTOP :DIRECTION
<   INPUT)
<  (PREFER &quot;are just sitting around or are standing in the background&quot; :FRAME
<   (7 64) :PENN-CATS (VP) :TRIPS-CATS (W::VP) :SCORE 64.006 :UTTNUM 9 :CHANNEL
<   DESKTOP :DIRECTION INPUT)
<  (WORD &quot;.&quot; :FRAME (65 65) :SENSE-INFO
<   ((:PENN-PARTS-OF-SPEECH (FULL_STOP) :TRIPS-PARTS-OF-SPEECH (W::PUNC)))
<   :UTTNUM 9 :CHANNEL DESKTOP :DIRECTION INPUT)
<  (PREFER &quot;others are just sitting around or are standing in the background .&quot;
<   :FRAME (0 65) :PENN-CATS (S) :SCORE 73.666 :UTTNUM 9 :CHANNEL DESKTOP
<   :DIRECTION INPUT))</lisp><word lex="are" start="7" end="10"><sense-info penn-parts-of-speech="VBP" trips-parts-of-speech="V" /></word><word lex="just" start="11" end="15"><sense-info penn-parts-of-speech="RB" trips-parts-of-speech="ADV" /></word><prefer text="just" start="11" end="15" penn-cats="ADVP" score="4.387" /><word lex="sitting" start="16" end="23"><sense-info penn-parts-of-speech="VBG" trips-parts-of-speech="V" /></word><word lex="around" start="24" end="30"><sense-info penn-parts-of-speech="RP" trips-parts-of-speech="PART" /></word><prefer text="around" start="24" end="30" penn-cats="PRT" score="4.777" /><word lex="sitting around" start="16" end="30"><sense-info penn-parts-of-speech="VBG" trips-parts-of-speech="V" wn-sense-keys="sit_around%2:42:00" /></word><prefer text="sitting around" start="16" end="30" penn-cats="VP" score="16.404" /><prefer text="are just sitting around" start="7" end="30" penn-cats="VP" score="28.452" /><word lex="or" start="31" end="33"><sense-info penn-parts-of-speech="CC" trips-parts-of-speech="CONJ" /></word><word lex="are" start="34" end="37"><sense-info penn-parts-of-speech="VBP" trips-parts-of-speech="V" /></word><word lex="standing" start="38" end="46"><sense-info penn-parts-of-speech="VBG" trips-parts-of-speech="V" /></word><word lex="in" start="47" end="49"><sense-info penn-parts-of-speech="IN" trips-parts-of-speech="PREP,ADV" /></word><word lex="standing in" start="38" end="49"><sense-info penn-parts-of-speech="VBG" trips-parts-of-speech="V" wn-sense-keys="stand_in%2:40:00" /></word><word lex="the" start="50" end="53"><sense-info penn-parts-of-speech="DT" trips-parts-of-speech="ART,QUAN,PRO" /></word><word lex="background" start="54" end="64"><sense-info penn-parts-of-speech="NN" trips-parts-of-speech="N" /></word><prefer text="the background" start="50" end="64" penn-cats="NP" score="11.972" /><prefer text="in the background" start="47" end="64" penn-cats="PP" score="14.197" /><prefer text="standing in the background" start="38" end="64" penn-cats="VP" score="23.371" /><prefer text="are standing in the background" start="34" end="64" penn-cats="VP" score="29.086" /><prefer text="are just sitting around or are standing in the background" start="7" end="64" penn-cats="VP" score="64.006" /><word lex="." start="65" end="65"><sense-info penn-parts-of-speech="FULL_STOP" trips-parts-of-speech="PUNC" /></word><prefer text="others are just sitting around or are standing in the background ." start="0" end="65" penn-cats="S" score="73.666" /></tags><tree><lisp>(UTT
<  (UTT
<   (VP
<    (VP-
<     (VP- (AUX (V ARE))
<      (VP- (ADVBL (ADV JUST)) (VP- (VP- (V SITTING)) (ADVBL (ADV AROUND)))))
<     (CONJ OR)
<     (VP- (AUX (V ARE))
<      (VP- (V STANDING IN) (NP (SPEC (DET (ART THE))) (N1 (N BACKGROUND))))))))
<  (PUNC PUNC-PERIOD))</lisp><UTT><UTT><VP><VP-><VP-><AUX><V>ARE</V></AUX><VP-><ADVBL><ADV>JUST</ADV></ADVBL><VP-><VP-><V>SITTING</V></VP-><ADVBL><ADV>AROUND</ADV></ADVBL></VP-></VP-></VP-><CONJ>OR</CONJ><VP-><AUX><V>ARE</V></AUX><VP-><V>STANDING IN</V><NP><SPEC><DET><ART>THE</ART></DET></SPEC><N1><N>BACKGROUND</N></N1></NP></VP-></VP-></VP-></VP></UTT><PUNC>PUNC-PERIOD</PUNC></UTT></tree><terms root="#V62856"><lisp>((ONT::SPEECHACT ONT::V62856 ONT::SA_TELL :PUNCTYPE W::DECL :CONTENT
<   ONT::V62551 :START 7 :END 65)
<  (ONT::F ONT::V62551 ONT::EVENT-OF-CAUSATION :OPERATOR ONT::OR :SEQUENCE
<   (ONT::V61868 ONT::V62000) :TENSE W::PRES :START 7 :END 65)
<  (ONT::F ONT::V62000 (:* ONT::EXCHANGE W::STANDING-IN) :AGENT ONT::V62857
<   :AFFECTED ONT::V62013 :START 7 :END 65 :WNSENSE &quot;stand_in%2:40:00&quot;)
<  (ONT::F ONT::V61868 (:* ONT::BODY-MOVEMENT-PLACE W::SIT) :RESULT ONT::V61881
<   :AGENT ONT::V62857 :MOD ONT::V61855 :START 7 :END 65)
<  (ONT::IMPRO ONT::V62857 ONT::REFERENTIAL-SEM :PROFORM W::SUBJ :START 7 :END 65
<   :COREF ONT::V61829)
<  (ONT::F ONT::V61855 (:* ONT::MODIFIER W::JUST) :FIGURE ONT::V61868 :START 11
<   :END 16)
<  (ONT::F ONT::V61881 (:* ONT::AROUND W::AROUND) :GROUND ONT::V62279 :FIGURE
<   ONT::V62857 :START 24 :END 31)
<  (ONT::IMPRO ONT::V62279 ONT::ANY-SEM :START 24 :END 31)
<  (ONT::THE ONT::V62013 (:* ONT::IMAGE W::BACKGROUND) :START 50 :END 65))</lisp><rdf:RDF
<   xmlns:rdf="http://www.w3.org/1999/02/22-rdf-syntax-ns#"
<   xmlns:role="http://www.cs.rochester.edu/research/trips/role#"
<   xmlns:LF="http://www.cs.rochester.edu/research/trips/LF#">
<   <rdf:Description rdf:ID="V62856">
<     <LF:indicator>SPEECHACT</LF:indicator>
<     <LF:type>SA_TELL</LF:type>
<     <role:PUNCTYPE>DECL</role:PUNCTYPE>
<     <role:CONTENT rdf:resource="#V62551" />
<     <LF:start>7</LF:start>
<     <LF:end>65</LF:end>
<   </rdf:Description>
<   <rdf:Description rdf:ID="V62551">
<     <LF:indicator>F</LF:indicator>
<     <LF:type>EVENT-OF-CAUSATION</LF:type>
<     <role:OPERATOR>OR</role:OPERATOR>
<     <role:SEQUENCE rdf:resource="#V61868" />
<     <role:SEQUENCE1 rdf:resource="#V62000" />
<     <role:TENSE>PRES</role:TENSE>
<     <LF:start>7</LF:start>
<     <LF:end>65</LF:end>
<   </rdf:Description>
<   <rdf:Description rdf:ID="V62000">
<     <LF:indicator>F</LF:indicator>
<     <LF:type>EXCHANGE</LF:type>
<     <LF:word>STANDING-IN</LF:word>
<     <role:AGENT rdf:resource="#V62857" />
<     <role:AFFECTED rdf:resource="#V62013" />
<     <LF:start>7</LF:start>
<     <LF:end>65</LF:end>
<     <role:WNSENSE>stand_in%2:40:00</role:WNSENSE>
<   </rdf:Description>
<   <rdf:Description rdf:ID="V61868">
<     <LF:indicator>F</LF:indicator>
<     <LF:type>BODY-MOVEMENT-PLACE</LF:type>
<     <LF:word>SIT</LF:word>
<     <role:RESULT rdf:resource="#V61881" />
<     <role:AGENT rdf:resource="#V62857" />
<     <role:MOD rdf:resource="#V61855" />
<     <LF:start>7</LF:start>
<     <LF:end>65</LF:end>
<   </rdf:Description>
<   <rdf:Description rdf:ID="V62857">
<     <LF:indicator>IMPRO</LF:indicator>
<     <LF:type>REFERENTIAL-SEM</LF:type>
<     <role:PROFORM>SUBJ</role:PROFORM>
<     <LF:start>7</LF:start>
<     <LF:end>65</LF:end>
<     <role:COREF rdf:resource="#V61829" />
<   </rdf:Description>
<   <rdf:Description rdf:ID="V61855">
<     <LF:indicator>F</LF:indicator>
<     <LF:type>MODIFIER</LF:type>
<     <LF:word>JUST</LF:word>
<     <role:FIGURE rdf:resource="#V61868" />
<     <LF:start>11</LF:start>
<     <LF:end>16</LF:end>
<   </rdf:Description>
<   <rdf:Description rdf:ID="V61881">
<     <LF:indicator>F</LF:indicator>
<     <LF:type>AROUND</LF:type>
<     <LF:word>AROUND</LF:word>
<     <role:GROUND rdf:resource="#V62279" />
<     <role:FIGURE rdf:resource="#V62857" />
<     <LF:start>24</LF:start>
<     <LF:end>31</LF:end>
<   </rdf:Description>
<   <rdf:Description rdf:ID="V62279">
<     <LF:indicator>IMPRO</LF:indicator>
<     <LF:type>ANY-SEM</LF:type>
<     <LF:start>24</LF:start>
<     <LF:end>31</LF:end>
<   </rdf:Description>
<   <rdf:Description rdf:ID="V62013">
<     <LF:indicator>THE</LF:indicator>
<     <LF:type>IMAGE</LF:type>
<     <LF:word>BACKGROUND</LF:word>
<     <LF:start>50</LF:start>
<     <LF:end>65</LF:end>
<   </rdf:Description>
< </rdf:RDF>
< </terms></utt></compound-communication-act>
< </trips-parser-output>
\ No newline at end of file
---
> <SpRL>
>  <SCENE>
>   <SENTENCE id="s1" indicator="BARE" type="OTHER" text="OTHERS" start="0" end="7">
>    <TEXT>others a</TEXT>
>   </SENTENCE>
>   <SENTENCE id="s2" indicator="SPEECHACT" type="SA_TELL" PUNCTYPE="DECL" start="7" end="65">
>    <TEXT>are just sitting around or are standing in the background .</TEXT>
>    <RELATION id="1" head="V62856" res="V62551" label="CONTENT"/>
>    <PHRASE id="V62551" indicator="F" type="EVENT-OF-CAUSATION" OPERATOR="OR" TENSE="PRES" start="7" end="65"/>
>    <RELATION id="2" head="V62551" res="V61868" label="SEQUENCE"/>
>    <RELATION id="3" head="V62551" res="V62000" label="SEQUENCE1"/>
>    <PHRASE id="V62000" indicator="F" type="EXCHANGE" text="STANDING-IN" start="7" end="65" WNSENSE="stand_in%2:40:00"/>
>    <RELATION id="4" head="V62000" res="V62857" label="AGENT"/>
>    <RELATION id="5" head="V62000" res="V62013" label="AFFECTED"/>
>    <PHRASE id="V61868" indicator="F" type="BODY-MOVEMENT-PLACE" text="SIT" start="7" end="65"/>
>    <RELATION id="6" head="V61868" res="V61881" label="RESULT"/>
>    <RELATION id="7" head="V61868" res="V62857" label="AGENT"/>
>    <RELATION id="8" head="V61868" res="V61855" label="MOD"/>
>    <PHRASE id="V62857" indicator="IMPRO" type="REFERENTIAL-SEM" PROFORM="SUBJ" start="7" end="65"/>
>    <RELATION id="9" head="V62857" res="V61829" label="COREF"/>
>    <PHRASE id="V61855" indicator="F" type="MODIFIER" text="JUST" start="11" end="16"/>
>    <RELATION id="10" head="V61855" res="V61868" label="FIGURE"/>
>    <PHRASE id="V61881" indicator="F" type="AROUND" text="AROUND" start="24" end="31"/>
>    <RELATION id="11" head="V61881" res="V62279" label="GROUND"/>
>    <RELATION id="12" head="V61881" res="V62857" label="FIGURE"/>
>    <PHRASE id="V62279" indicator="IMPRO" type="ANY-SEM" start="24" end="31"/>
>    <PHRASE id="V62013" indicator="THE" type="IMAGE" text="BACKGROUND" start="50" end="65"/>
>   </SENTENCE>
>  </SCENE>
> </SpRL>
