2,176c2,24
< <?xml-stylesheet type="text/xsl" href="../style/parser-interface.xsl"?>
< <!DOCTYPE trips-parser-output SYSTEM "../trips-parser-output.dtd">
< <trips-parser-output parser-build-date="2017-09-20T12:11:02-0500" system="STEP" extsformat="svg" tagsformat="hidden" treecontents="phrase" treeformat="LinGO" lfformat="svg" semantic-skeleton-scoring="T" rule-sets="" input="one kid in the foreground is wearing a green hat .
< ">
< <debug>
< 
<  FOUNDS SEQUENCE from constit (% W::NP (W::BARE-SEQUENCE -) (W::CONSTRAINT -)
<                                  (W::MASS W::BARE) (W::GENERATED +)
<                                  (W::POSTADVBL +)
<                                  (W::SEM ?8607:(?33415:(F::PHYS-OBJ
<                                                         F::ABSTR-OBJ) NIL))
<                                  (W::LF (% W::DESCRIPTION (W::STATUS ONT::DEFINITE)
<                                            (W::VAR V398909)
<                                            (W::SORT W::INDIVIDUAL)
<                                            (W::LEX (W::A))
<                                            (W::CLASS ONT::SEQUENCE)
<                                            (W::CONSTRAINT (% &amp; (W::NAME-OF (W::A))
<                                                              (W::VAL (W::A))))
<                                            (W::LEX W::A) (W::SEM ?33413)
<                                            (W::TRANSFORM ?33414)))
<                                  (W::CASE ?33412:(W::SUB W::OBJ -))
<                                  (W::AGR ?33411) (W::CLASS ONT::ANY-SEM)
<                                  (W::VAR V398909) (W::SORT W::PRED) (W::NAME -)
<                                  (W::PRO -) (W::CHANGEAGR -) (W::LEX W::A)
<                                  (W::HEADCAT W::VALUE) (W::TRANSFORM -)
<                                  (W::REFL -) (1 RNUMBER398955))
< *last-utt-id*=NIL  utt-id+71
< *last-utt-id*=71  utt-id+NIL</debug><utt><words><lisp>(W::ONE W::KID W::IN W::THE W::FOREGROUND W::IS W::WEARING W::A W::GREEN W::HAT
<  W::PUNC-PERIOD)</lisp><word>ONE</word><word>KID</word><word>IN</word><word>THE</word><word>FOREGROUND</word><word>IS</word><word>WEARING</word><word>A</word><word>GREEN</word><word>HAT</word><word>PUNC-PERIOD</word></words><tags><lisp>((WORD &quot;one&quot; :FRAME (0 3) :SENSE-INFO
<   ((:PENN-PARTS-OF-SPEECH (CD) :TRIPS-PARTS-OF-SPEECH
<     (W::NUMBER W::NUMBER-UNIT)))
<   :UTTNUM 71 :CHANNEL DESKTOP :DIRECTION INPUT)
<  (WORD &quot;kid&quot; :FRAME (4 7) :SENSE-INFO
<   ((:PENN-PARTS-OF-SPEECH (NN) :TRIPS-PARTS-OF-SPEECH (W::N))) :UTTNUM 71
<   :CHANNEL DESKTOP :DIRECTION INPUT)
<  (PREFER &quot;one kid&quot; :FRAME (0 7) :PENN-CATS (NP) :TRIPS-CATS (W::NP) :SCORE
<   18.472 :UTTNUM 71 :CHANNEL DESKTOP :DIRECTION INPUT)
<  (WORD &quot;in&quot; :FRAME (8 10) :SENSE-INFO
<   ((:PENN-PARTS-OF-SPEECH (IN) :TRIPS-PARTS-OF-SPEECH (W::PREP W::ADV)))
<   :UTTNUM 71 :CHANNEL DESKTOP :DIRECTION INPUT)
<  (WORD &quot;the&quot; :FRAME (11 14) :SENSE-INFO
<   ((:PENN-PARTS-OF-SPEECH (DT) :TRIPS-PARTS-OF-SPEECH (W::ART W::QUAN W::PRO)))
<   :UTTNUM 71 :CHANNEL DESKTOP :DIRECTION INPUT)
<  (WORD &quot;foreground&quot; :FRAME (15 25) :SENSE-INFO
<   ((:PENN-PARTS-OF-SPEECH (NN) :TRIPS-PARTS-OF-SPEECH (W::N))) :UTTNUM 71
<   :CHANNEL DESKTOP :DIRECTION INPUT)
<  (PREFER &quot;the foreground&quot; :FRAME (11 25) :PENN-CATS (NP) :TRIPS-CATS (W::NP)
<   :SCORE 14.817 :UTTNUM 71 :CHANNEL DESKTOP :DIRECTION INPUT)
<  (PREFER &quot;in the foreground&quot; :FRAME (8 25) :PENN-CATS (PP) :TRIPS-CATS (W::PP)
<   :SCORE 17.068 :UTTNUM 71 :CHANNEL DESKTOP :DIRECTION INPUT)
<  (PREFER &quot;one kid in the foreground&quot; :FRAME (0 25) :PENN-CATS (NP) :TRIPS-CATS
<   (W::NP) :SCORE 35.907 :UTTNUM 71 :CHANNEL DESKTOP :DIRECTION INPUT)
<  (WORD &quot;is&quot; :FRAME (26 28) :SENSE-INFO
<   ((:PENN-PARTS-OF-SPEECH (VBZ) :TRIPS-PARTS-OF-SPEECH (W::V))) :UTTNUM 71
<   :CHANNEL DESKTOP :DIRECTION INPUT)
<  (WORD &quot;wearing&quot; :FRAME (29 36) :SENSE-INFO
<   ((:PENN-PARTS-OF-SPEECH (VBG) :TRIPS-PARTS-OF-SPEECH (W::V))) :UTTNUM 71
<   :CHANNEL DESKTOP :DIRECTION INPUT)
<  (WORD &quot;a&quot; :FRAME (37 38) :SENSE-INFO
<   ((:PENN-PARTS-OF-SPEECH (DT) :TRIPS-PARTS-OF-SPEECH (W::ART W::QUAN W::PRO)))
<   :UTTNUM 71 :CHANNEL DESKTOP :DIRECTION INPUT)
<  (WORD &quot;green&quot; :FRAME (39 44) :SENSE-INFO
<   ((:PENN-PARTS-OF-SPEECH (NN JJ) :TRIPS-PARTS-OF-SPEECH (W::N W::ADJ)))
<   :UTTNUM 71 :CHANNEL DESKTOP :DIRECTION INPUT)
<  (WORD &quot;hat&quot; :FRAME (45 48) :SENSE-INFO
<   ((:PENN-PARTS-OF-SPEECH (NN) :TRIPS-PARTS-OF-SPEECH (W::N))) :UTTNUM 71
<   :CHANNEL DESKTOP :DIRECTION INPUT)
<  (PREFER &quot;a green hat&quot; :FRAME (37 48) :PENN-CATS (NP) :TRIPS-CATS (W::NP)
<   :SCORE 22.344 :UTTNUM 71 :CHANNEL DESKTOP :DIRECTION INPUT)
<  (PREFER &quot;wearing a green hat&quot; :FRAME (29 48) :PENN-CATS (VP) :TRIPS-CATS
<   (W::VP) :SCORE 31.031 :UTTNUM 71 :CHANNEL DESKTOP :DIRECTION INPUT)
<  (PREFER &quot;is wearing a green hat&quot; :FRAME (26 48) :PENN-CATS (VP) :TRIPS-CATS
<   (W::VP) :SCORE 35.291 :UTTNUM 71 :CHANNEL DESKTOP :DIRECTION INPUT)
<  (WORD &quot;.&quot; :FRAME (49 49) :SENSE-INFO
<   ((:PENN-PARTS-OF-SPEECH (FULL_STOP) :TRIPS-PARTS-OF-SPEECH (W::PUNC)))
<   :UTTNUM 71 :CHANNEL DESKTOP :DIRECTION INPUT)
<  (PREFER &quot;one kid in the foreground is wearing a green hat .&quot; :FRAME (0 49)
<   :PENN-CATS (S) :SCORE 74.027 :UTTNUM 71 :CHANNEL DESKTOP :DIRECTION INPUT))</lisp><word lex="one" start="0" end="3"><sense-info penn-parts-of-speech="CD" trips-parts-of-speech="NUMBER,NUMBER-UNIT" /></word><word lex="kid" start="4" end="7"><sense-info penn-parts-of-speech="NN" trips-parts-of-speech="N" /></word><prefer text="one kid" start="0" end="7" penn-cats="NP" score="18.472" /><word lex="in" start="8" end="10"><sense-info penn-parts-of-speech="IN" trips-parts-of-speech="PREP,ADV" /></word><word lex="the" start="11" end="14"><sense-info penn-parts-of-speech="DT" trips-parts-of-speech="ART,QUAN,PRO" /></word><word lex="foreground" start="15" end="25"><sense-info penn-parts-of-speech="NN" trips-parts-of-speech="N" /></word><prefer text="the foreground" start="11" end="25" penn-cats="NP" score="14.817" /><prefer text="in the foreground" start="8" end="25" penn-cats="PP" score="17.068" /><prefer text="one kid in the foreground" start="0" end="25" penn-cats="NP" score="35.907" /><word lex="is" start="26" end="28"><sense-info penn-parts-of-speech="VBZ" trips-parts-of-speech="V" /></word><word lex="wearing" start="29" end="36"><sense-info penn-parts-of-speech="VBG" trips-parts-of-speech="V" /></word><word lex="a" start="37" end="38"><sense-info penn-parts-of-speech="DT" trips-parts-of-speech="ART,QUAN,PRO" /></word><word lex="green" start="39" end="44"><sense-info penn-parts-of-speech="NN,JJ" trips-parts-of-speech="N,ADJ" /></word><word lex="hat" start="45" end="48"><sense-info penn-parts-of-speech="NN" trips-parts-of-speech="N" /></word><prefer text="a green hat" start="37" end="48" penn-cats="NP" score="22.344" /><prefer text="wearing a green hat" start="29" end="48" penn-cats="VP" score="31.031" /><prefer text="is wearing a green hat" start="26" end="48" penn-cats="VP" score="35.291" /><word lex="." start="49" end="49"><sense-info penn-parts-of-speech="FULL_STOP" trips-parts-of-speech="PUNC" /></word><prefer text="one kid in the foreground is wearing a green hat ." start="0" end="49" penn-cats="S" score="74.027" /></tags><tree><lisp>(UTT
<  (UTT
<   (S
<    (NP (SPEC (NUMBER ONE))
<     (N1 (N1 (N KID))
<      (ADVBL (ADV IN) (NP (SPEC (DET (ART THE))) (N1 (N FOREGROUND))))))
<    (VP
<     (VP- (AUX (V IS))
<      (VP- (V WEARING)
<       (NP (SPEC (DET (ART A)))
<        (N1 (ADJP (ADJ1 (ADJ GREEN))) (N1 (N HAT)))))))))
<  (PUNC PUNC-PERIOD))</lisp><UTT><UTT><S><NP><SPEC><NUMBER>ONE</NUMBER></SPEC><N1><N1><N>KID</N></N1><ADVBL><ADV>IN</ADV><NP><SPEC><DET><ART>THE</ART></DET></SPEC><N1><N>FOREGROUND</N></N1></NP></ADVBL></N1></NP><VP><VP-><AUX><V>IS</V></AUX><VP-><V>WEARING</V><NP><SPEC><DET><ART>A</ART></DET></SPEC><N1><ADJP><ADJ1><ADJ>GREEN</ADJ></ADJ1></ADJP><N1><N>HAT</N></N1></N1></NP></VP-></VP-></VP></S></UTT><PUNC>PUNC-PERIOD</PUNC></UTT></tree><terms root="#V399012"><lisp>((ONT::SPEECHACT ONT::V399012 ONT::SA_TELL :PUNCTYPE W::DECL :CONTENT
<   ONT::V398055 :START 0 :END 49)
<  (ONT::F ONT::V398055 (:* ONT::WEAR W::WEAR) :AGENT ONT::V397963 :NEUTRAL
<   ONT::V398113 :TENSE W::PRES :PROGR + :START 0 :END 49)
<  (ONT::A ONT::V397963 (:* ONT::CHILD W::KID) :SIZE ONT::V398121 :LOCATION
<   ONT::V397970 :START 0 :END 26)
<  (ONT::A ONT::V398121 ONT::NUMBER :VALUE 1 :START 0 :END 26)
<  (ONT::F ONT::V397970 (:* ONT::IN-LOC W::IN) :GROUND ONT::V398029 :FIGURE
<   ONT::V397963 :START 8 :END 26)
<  (ONT::THE ONT::V398029 (:* ONT::DEVICE W::FOREGROUND) :START 11 :END 26)
<  (ONT::A ONT::V398113 (:* ONT::ATTIRE W::HAT) :MOD ONT::V398102 :START 37 :END
<   49)
<  (ONT::F ONT::V398102 (:* ONT::GREEN W::GREEN) :FIGURE ONT::V398113 :SCALE
<   ONT::GREEN*1--07--00 :START 39 :END 45))</lisp><rdf:RDF
<   xmlns:rdf="http://www.w3.org/1999/02/22-rdf-syntax-ns#"
<   xmlns:role="http://www.cs.rochester.edu/research/trips/role#"
<   xmlns:LF="http://www.cs.rochester.edu/research/trips/LF#">
<   <rdf:Description rdf:ID="V399012">
<     <LF:indicator>SPEECHACT</LF:indicator>
<     <LF:type>SA_TELL</LF:type>
<     <role:PUNCTYPE>DECL</role:PUNCTYPE>
<     <role:CONTENT rdf:resource="#V398055" />
<     <LF:start>0</LF:start>
<     <LF:end>49</LF:end>
<   </rdf:Description>
<   <rdf:Description rdf:ID="V398055">
<     <LF:indicator>F</LF:indicator>
<     <LF:type>WEAR</LF:type>
<     <LF:word>WEAR</LF:word>
<     <role:AGENT rdf:resource="#V397963" />
<     <role:NEUTRAL rdf:resource="#V398113" />
<     <role:TENSE>PRES</role:TENSE>
<     <role:PROGR>+</role:PROGR>
<     <LF:start>0</LF:start>
<     <LF:end>49</LF:end>
<   </rdf:Description>
<   <rdf:Description rdf:ID="V397963">
<     <LF:indicator>A</LF:indicator>
<     <LF:type>CHILD</LF:type>
<     <LF:word>KID</LF:word>
<     <role:SIZE rdf:resource="#V398121" />
<     <role:LOCATION rdf:resource="#V397970" />
<     <LF:start>0</LF:start>
<     <LF:end>26</LF:end>
<   </rdf:Description>
<   <rdf:Description rdf:ID="V398121">
<     <LF:indicator>A</LF:indicator>
<     <LF:type>NUMBER</LF:type>
<     <role:VALUE>1</role:VALUE>
<     <LF:start>0</LF:start>
<     <LF:end>26</LF:end>
<   </rdf:Description>
<   <rdf:Description rdf:ID="V397970">
<     <LF:indicator>F</LF:indicator>
<     <LF:type>IN-LOC</LF:type>
<     <LF:word>IN</LF:word>
<     <role:GROUND rdf:resource="#V398029" />
<     <role:FIGURE rdf:resource="#V397963" />
<     <LF:start>8</LF:start>
<     <LF:end>26</LF:end>
<   </rdf:Description>
<   <rdf:Description rdf:ID="V398029">
<     <LF:indicator>THE</LF:indicator>
<     <LF:type>DEVICE</LF:type>
<     <LF:word>FOREGROUND</LF:word>
<     <LF:start>11</LF:start>
<     <LF:end>26</LF:end>
<   </rdf:Description>
<   <rdf:Description rdf:ID="V398113">
<     <LF:indicator>A</LF:indicator>
<     <LF:type>ATTIRE</LF:type>
<     <LF:word>HAT</LF:word>
<     <role:MOD rdf:resource="#V398102" />
<     <LF:start>37</LF:start>
<     <LF:end>49</LF:end>
<   </rdf:Description>
<   <rdf:Description rdf:ID="V398102">
<     <LF:indicator>F</LF:indicator>
<     <LF:type>GREEN</LF:type>
<     <LF:word>GREEN</LF:word>
<     <role:FIGURE rdf:resource="#V398113" />
<     <role:SCALE>GREEN*1--07--00</role:SCALE>
<     <LF:start>39</LF:start>
<     <LF:end>45</LF:end>
<   </rdf:Description>
< </rdf:RDF>
< </terms></utt></trips-parser-output>
\ No newline at end of file
---
> <SpRL>
>  <SCENE>
>   <SENTENCE id="s1" indicator="SPEECHACT" type="SA_TELL" PUNCTYPE="DECL" start="0" end="49">
>    <TEXT>one kid in the foreground is wearing a green hat .</TEXT>
>    <RELATION id="1" head="V399012" res="V398055" label="CONTENT"/>
>    <PHRASE id="V398055" indicator="F" type="WEAR" text="WEAR" TENSE="PRES" PROGR="+" start="0" end="49"/>
>    <RELATION id="2" head="V398055" res="V397963" label="AGENT"/>
>    <RELATION id="3" head="V398055" res="V398113" label="NEUTRAL"/>
>    <PHRASE id="V397963" indicator="A" type="CHILD" text="KID" start="0" end="26"/>
>    <RELATION id="4" head="V397963" res="V398121" label="SIZE"/>
>    <RELATION id="5" head="V397963" res="V397970" label="LOCATION"/>
>    <PHRASE id="V398121" indicator="A" type="NUMBER" VALUE="1" start="0" end="26"/>
>    <PHRASE id="V397970" indicator="F" type="IN-LOC" text="IN" start="8" end="26"/>
>    <RELATION id="6" head="V397970" res="V398029" label="GROUND"/>
>    <RELATION id="7" head="V397970" res="V397963" label="FIGURE"/>
>    <PHRASE id="V398029" indicator="THE" type="DEVICE" text="FOREGROUND" start="11" end="26"/>
>    <PHRASE id="V398113" indicator="A" type="ATTIRE" text="HAT" start="37" end="49"/>
>    <RELATION id="8" head="V398113" res="V398102" label="MOD"/>
>    <PHRASE id="V398102" indicator="F" type="GREEN" text="GREEN" SCALE="GREEN*1--07--00" start="39" end="45"/>
>    <RELATION id="9" head="V398102" res="V398113" label="FIGURE"/>
>   </SENTENCE>
>  </SCENE>
> </SpRL>
