2,445c2,63
< <?xml-stylesheet type="text/xsl" href="../style/parser-interface.xsl"?>
< <!DOCTYPE trips-parser-output SYSTEM "../trips-parser-output.dtd">
< <trips-parser-output parser-build-date="2017-09-20T12:11:02-0500" system="STEP" extsformat="svg" tagsformat="hidden" treecontents="phrase" treeformat="LinGO" lfformat="svg" semantic-skeleton-scoring="T" rule-sets="" input="School kids are posing for the camera in a football-like setup - nine are standing at the back , ten are squatting at the front .
< ">
< <debug>
< 
<  FOUNDS SEQUENCE from constit (% W::NP (W::BARE-SEQUENCE -) (W::CONSTRAINT -)
<                                  (W::MASS W::BARE) (W::GENERATED +)
<                                  (W::POSTADVBL +)
<                                  (W::SEM ?8607:(?76146:(F::PHYS-OBJ
<                                                         F::ABSTR-OBJ) NIL))
<                                  (W::LF (% W::DESCRIPTION (W::STATUS ONT::DEFINITE)
<                                            (W::VAR V295574)
<                                            (W::SORT W::INDIVIDUAL)
<                                            (W::LEX (W::A))
<                                            (W::CLASS ONT::SEQUENCE)
<                                            (W::CONSTRAINT (% &amp; (W::NAME-OF (W::A))
<                                                              (W::VAL (W::A))))
<                                            (W::LEX W::A) (W::SEM ?76144)
<                                            (W::TRANSFORM ?76145)))
<                                  (W::CASE ?76143:(W::SUB W::OBJ -))
<                                  (W::AGR ?76142) (W::CLASS ONT::ANY-SEM)
<                                  (W::VAR V295574) (W::SORT W::PRED) (W::NAME -)
<                                  (W::PRO -) (W::CHANGEAGR -) (W::LEX W::A)
<                                  (W::HEADCAT W::VALUE) (W::TRANSFORM -)
<                                  (W::REFL -) (1 RNUMBER295673))
< *last-utt-id*=NIL  utt-id+58
< *last-utt-id*=58  utt-id+58
< *last-utt-id*=58  utt-id+58
< *last-utt-id*=58  utt-id+NIL
< *last-utt-id*=NIL  utt-id+58
< *last-utt-id*=58  utt-id+NIL</debug><compound-communication-act>
< <utt><words><lisp>(W::SCHOOL W::KIDS W::ARE)</lisp><word>SCHOOL</word><word>KIDS</word><word>ARE</word></words><tags><lisp>((WORD &quot;School&quot; :FRAME (0 6) :SENSE-INFO
<   ((:PENN-PARTS-OF-SPEECH (NNP) :TRIPS-PARTS-OF-SPEECH (W::NAME) :ONT-TYPES
<     (ONT::GEOGRAPHIC-REGION)))
<   :UTTNUM 58 :CHANNEL DESKTOP :DIRECTION INPUT)
<  (WORD &quot;kids&quot; :FRAME (7 11) :SENSE-INFO
<   ((:PENN-PARTS-OF-SPEECH (NNS) :TRIPS-PARTS-OF-SPEECH (W::N))) :UTTNUM 58
<   :CHANNEL DESKTOP :DIRECTION INPUT)
<  (PREFER &quot;School kids&quot; :FRAME (0 11) :PENN-CATS (NP) :TRIPS-CATS (W::NP) :SCORE
<   20.888 :UTTNUM 58 :CHANNEL DESKTOP :DIRECTION INPUT)
<  (WORD &quot;are&quot; :FRAME (12 15) :SENSE-INFO
<   ((:PENN-PARTS-OF-SPEECH (VBP) :TRIPS-PARTS-OF-SPEECH (W::V))) :UTTNUM 58
<   :CHANNEL DESKTOP :DIRECTION INPUT))</lisp><word lex="School" start="0" end="6"><sense-info penn-parts-of-speech="NNP" trips-parts-of-speech="NAME" ont-types="GEOGRAPHIC-REGION" /></word><word lex="kids" start="7" end="11"><sense-info penn-parts-of-speech="NNS" trips-parts-of-speech="N" /></word><prefer text="School kids" start="0" end="11" penn-cats="NP" score="20.888" /><word lex="are" start="12" end="15"><sense-info penn-parts-of-speech="VBP" trips-parts-of-speech="V" /></word></tags><tree><lisp>(UTT (S (NP (N1 (NP (NAME SCHOOL)) (N1 (N KIDS)))) (VP (VP- (AUX (V ARE))))))</lisp><UTT><S><NP><N1><NP><NAME>SCHOOL</NAME></NP><N1><N>KIDS</N></N1></N1></NP><VP><VP-><AUX><V>ARE</V></AUX></VP-></VP></S></UTT></tree><terms root="#V295331"><lisp>((ONT::SPEECHACT ONT::V295331 ONT::SA_TELL :CONTENT ONT::V293634 :START 0 :END
<   16)
<  (ONT::F ONT::V293634 (:* ONT::ELLIPSIS) :NEUTRAL ONT::V293630 :TENSE W::PRES
<   :PROGR + :START 0 :END 16)
<  (ONT::INDEF-SET ONT::V293630 (:* ONT::CHILD W::KID) :ASSOC-WITH ONT::V293625
<   :START 0 :END 12)
<  (ONT::THE ONT::V293625 (:* ONT::GEOGRAPHIC-REGION W::SCHOOL) :NAME-OF
<   (W::SCHOOL) :START 0 :END 7))</lisp><rdf:RDF
<   xmlns:rdf="http://www.w3.org/1999/02/22-rdf-syntax-ns#"
<   xmlns:role="http://www.cs.rochester.edu/research/trips/role#"
<   xmlns:LF="http://www.cs.rochester.edu/research/trips/LF#">
<   <rdf:Description rdf:ID="V295331">
<     <LF:indicator>SPEECHACT</LF:indicator>
<     <LF:type>SA_TELL</LF:type>
<     <role:CONTENT rdf:resource="#V293634" />
<     <LF:start>0</LF:start>
<     <LF:end>16</LF:end>
<   </rdf:Description>
<   <rdf:Description rdf:ID="V293634">
<     <LF:indicator>F</LF:indicator>
<     <LF:type>ELLIPSIS</LF:type>
<     <role:NEUTRAL rdf:resource="#V293630" />
<     <role:TENSE>PRES</role:TENSE>
<     <role:PROGR>+</role:PROGR>
<     <LF:start>0</LF:start>
<     <LF:end>16</LF:end>
<   </rdf:Description>
<   <rdf:Description rdf:ID="V293630">
<     <LF:indicator>INDEF-SET</LF:indicator>
<     <LF:type>CHILD</LF:type>
<     <LF:word>KID</LF:word>
<     <role:ASSOC-WITH rdf:resource="#V293625" />
<     <LF:start>0</LF:start>
<     <LF:end>12</LF:end>
<   </rdf:Description>
<   <rdf:Description rdf:ID="V293625">
<     <LF:indicator>THE</LF:indicator>
<     <LF:type>GEOGRAPHIC-REGION</LF:type>
<     <LF:word>SCHOOL</LF:word>
<     <role:NAME-OF>(SCHOOL)</role:NAME-OF>
<     <LF:start>0</LF:start>
<     <LF:end>7</LF:end>
<   </rdf:Description>
< </rdf:RDF>
< </terms></utt><utt><words><lisp>(W::POSING W::FOR W::THE W::CAMERA W::IN W::A W::FOOTBALL W::LIKE W::SETUP
<  W::PUNC-MINUS W::NINE)</lisp><word>POSING</word><word>FOR</word><word>THE</word><word>CAMERA</word><word>IN</word><word>A</word><word>FOOTBALL</word><word>LIKE</word><word>SETUP</word><word>PUNC-MINUS</word><word>NINE</word></words><tags><lisp>((WORD &quot;posing&quot; :FRAME (16 22) :SENSE-INFO
<   ((:PENN-PARTS-OF-SPEECH (VBG) :TRIPS-PARTS-OF-SPEECH (W::V))) :UTTNUM 58
<   :CHANNEL DESKTOP :DIRECTION INPUT)
<  (WORD &quot;for&quot; :FRAME (23 26) :SENSE-INFO
<   ((:PENN-PARTS-OF-SPEECH (IN) :TRIPS-PARTS-OF-SPEECH (W::PREP W::ADV)))
<   :UTTNUM 58 :CHANNEL DESKTOP :DIRECTION INPUT)
<  (WORD &quot;the&quot; :FRAME (27 30) :SENSE-INFO
<   ((:PENN-PARTS-OF-SPEECH (DT) :TRIPS-PARTS-OF-SPEECH (W::ART W::QUAN W::PRO)))
<   :UTTNUM 58 :CHANNEL DESKTOP :DIRECTION INPUT)
<  (WORD &quot;camera&quot; :FRAME (31 37) :SENSE-INFO
<   ((:PENN-PARTS-OF-SPEECH (NN) :TRIPS-PARTS-OF-SPEECH (W::N))) :UTTNUM 58
<   :CHANNEL DESKTOP :DIRECTION INPUT)
<  (PREFER &quot;the camera&quot; :FRAME (27 37) :PENN-CATS (NP) :TRIPS-CATS (W::NP) :SCORE
<   11.627 :UTTNUM 58 :CHANNEL DESKTOP :DIRECTION INPUT)
<  (WORD &quot;in&quot; :FRAME (38 40) :SENSE-INFO
<   ((:PENN-PARTS-OF-SPEECH (IN) :TRIPS-PARTS-OF-SPEECH (W::PREP W::ADV)))
<   :UTTNUM 58 :CHANNEL DESKTOP :DIRECTION INPUT)
<  (WORD &quot;a&quot; :FRAME (41 42) :SENSE-INFO
<   ((:PENN-PARTS-OF-SPEECH (DT) :TRIPS-PARTS-OF-SPEECH (W::ART W::QUAN W::PRO)))
<   :UTTNUM 58 :CHANNEL DESKTOP :DIRECTION INPUT)
<  (WORD &quot;football&quot; :FRAME (43 50) :SENSE-INFO
<   ((:PENN-PARTS-OF-SPEECH (NN) :TRIPS-PARTS-OF-SPEECH (W::N)
<     :ALTERNATE-SPELLINGS (&quot;soccer&quot;)))
<   :UTTNUM 58 :CHANNEL DESKTOP :DIRECTION INPUT)
<  (WORD &quot;-&quot; :FRAME (51 51) :SENSE-INFO
<   ((:PENN-PARTS-OF-SPEECH (COLON) :TRIPS-PARTS-OF-SPEECH (W::PUNC))) :UTTNUM 58
<   :CHANNEL DESKTOP :DIRECTION INPUT)
<  (WORD &quot;like&quot; :FRAME (52 56) :SENSE-INFO
<   ((:PENN-PARTS-OF-SPEECH (IN) :TRIPS-PARTS-OF-SPEECH (W::PREP W::ADV)))
<   :UTTNUM 58 :CHANNEL DESKTOP :DIRECTION INPUT)
<  (WORD &quot;football-like&quot; :FRAME (43 56) :SENSE-INFO
<   ((:PENN-PARTS-OF-SPEECH (JJ) :TRIPS-PARTS-OF-SPEECH (W::ADJ))) :UTTNUM 58
<   :CHANNEL DESKTOP :DIRECTION INPUT)
<  (WORD &quot;setup&quot; :FRAME (57 62) :SENSE-INFO
<   ((:PENN-PARTS-OF-SPEECH (NN) :TRIPS-PARTS-OF-SPEECH (W::N))) :UTTNUM 58
<   :CHANNEL DESKTOP :DIRECTION INPUT)
<  (PREFER &quot;a football-like setup&quot; :FRAME (41 62) :PENN-CATS (NP) :TRIPS-CATS
<   (W::NP) :SCORE 26.006 :UTTNUM 58 :CHANNEL DESKTOP :DIRECTION INPUT)
<  (PREFER &quot;in a football-like setup&quot; :FRAME (38 62) :PENN-CATS (PP) :TRIPS-CATS
<   (W::PP) :SCORE 28.258 :UTTNUM 58 :CHANNEL DESKTOP :DIRECTION INPUT)
<  (PREFER &quot;the camera in a football-like setup&quot; :FRAME (27 62) :PENN-CATS (NP)
<   :TRIPS-CATS (W::NP) :SCORE 40.425 :UTTNUM 58 :CHANNEL DESKTOP :DIRECTION
<   INPUT)
<  (PREFER &quot;for the camera in a football-like setup&quot; :FRAME (23 62) :PENN-CATS
<   (PP) :TRIPS-CATS (W::PP) :SCORE 44.342 :UTTNUM 58 :CHANNEL DESKTOP :DIRECTION
<   INPUT)
<  (PREFER &quot;posing for the camera in a football-like setup&quot; :FRAME (16 62)
<   :PENN-CATS (VP) :TRIPS-CATS (W::VP) :SCORE 54.736 :UTTNUM 58 :CHANNEL DESKTOP
<   :DIRECTION INPUT)
<  (PREFER &quot;are posing for the camera in a football-like setup&quot; :FRAME (12 62)
<   :PENN-CATS (VP) :TRIPS-CATS (W::VP) :SCORE 59.1 :UTTNUM 58 :CHANNEL DESKTOP
<   :DIRECTION INPUT)
<  (PREFER &quot;School kids are posing for the camera in a football-like setup&quot;
<   :FRAME (0 62) :PENN-CATS (S) :SCORE 80.543 :UTTNUM 58 :CHANNEL DESKTOP
<   :DIRECTION INPUT)
<  (WORD &quot;-&quot; :FRAME (63 64) :SENSE-INFO
<   ((:PENN-PARTS-OF-SPEECH (COLON) :TRIPS-PARTS-OF-SPEECH (W::PUNC))) :UTTNUM 58
<   :CHANNEL DESKTOP :DIRECTION INPUT)
<  (WORD &quot;nine&quot; :FRAME (65 69) :SENSE-INFO
<   ((:PENN-PARTS-OF-SPEECH (CD) :TRIPS-PARTS-OF-SPEECH
<     (W::NUMBER W::NUMBER-UNIT)))
<   :UTTNUM 58 :CHANNEL DESKTOP :DIRECTION INPUT)
<  (PREFER &quot;nine&quot; :FRAME (65 69) :PENN-CATS (NP) :TRIPS-CATS (W::NP) :SCORE
<   11.109 :UTTNUM 58 :CHANNEL DESKTOP :DIRECTION INPUT))</lisp><word lex="posing" start="16" end="22"><sense-info penn-parts-of-speech="VBG" trips-parts-of-speech="V" /></word><word lex="for" start="23" end="26"><sense-info penn-parts-of-speech="IN" trips-parts-of-speech="PREP,ADV" /></word><word lex="the" start="27" end="30"><sense-info penn-parts-of-speech="DT" trips-parts-of-speech="ART,QUAN,PRO" /></word><word lex="camera" start="31" end="37"><sense-info penn-parts-of-speech="NN" trips-parts-of-speech="N" /></word><prefer text="the camera" start="27" end="37" penn-cats="NP" score="11.627" /><word lex="in" start="38" end="40"><sense-info penn-parts-of-speech="IN" trips-parts-of-speech="PREP,ADV" /></word><word lex="a" start="41" end="42"><sense-info penn-parts-of-speech="DT" trips-parts-of-speech="ART,QUAN,PRO" /></word><word lex="football" start="43" end="50"><sense-info penn-parts-of-speech="NN" trips-parts-of-speech="N" alternate-spellings="soccer" /></word><word lex="-" start="51" end="51"><sense-info penn-parts-of-speech="COLON" trips-parts-of-speech="PUNC" /></word><word lex="like" start="52" end="56"><sense-info penn-parts-of-speech="IN" trips-parts-of-speech="PREP,ADV" /></word><word lex="football-like" start="43" end="56"><sense-info penn-parts-of-speech="JJ" trips-parts-of-speech="ADJ" /></word><word lex="setup" start="57" end="62"><sense-info penn-parts-of-speech="NN" trips-parts-of-speech="N" /></word><prefer text="a football-like setup" start="41" end="62" penn-cats="NP" score="26.006" /><prefer text="in a football-like setup" start="38" end="62" penn-cats="PP" score="28.258" /><prefer text="the camera in a football-like setup" start="27" end="62" penn-cats="NP" score="40.425" /><prefer text="for the camera in a football-like setup" start="23" end="62" penn-cats="PP" score="44.342" /><prefer text="posing for the camera in a football-like setup" start="16" end="62" penn-cats="VP" score="54.736" /><prefer text="are posing for the camera in a football-like setup" start="12" end="62" penn-cats="VP" score="59.1" /><prefer text="School kids are posing for the camera in a football-like setup" start="0" end="62" penn-cats="S" score="80.543" /><word lex="-" start="63" end="64"><sense-info penn-parts-of-speech="COLON" trips-parts-of-speech="PUNC" /></word><word lex="nine" start="65" end="69"><sense-info penn-parts-of-speech="CD" trips-parts-of-speech="NUMBER,NUMBER-UNIT" /></word><prefer text="nine" start="65" end="69" penn-cats="NP" score="11.109" /></tags><tree><lisp>(VP
<  (VP- (V POSING)
<   (ADVBL (ADV FOR)
<    (NP (SPEC (DET (ART THE)))
<     (N1 (N1 (N CAMERA))
<      (ADVBL (ADV IN)
<       (NP (SPEC (DET (ART A)))
<        (N1 (N1 (N FOOTBALL)) (ADVBL (ADV LIKE) (NP (N1 (N SETUP))))))))))
<   (NP (NUMBER (PUNC PUNC-MINUS) (NUMBER NINE)))))</lisp><VP><VP-><V>POSING</V><ADVBL><ADV>FOR</ADV><NP><SPEC><DET><ART>THE</ART></DET></SPEC><N1><N1><N>CAMERA</N></N1><ADVBL><ADV>IN</ADV><NP><SPEC><DET><ART>A</ART></DET></SPEC><N1><N1><N>FOOTBALL</N></N1><ADVBL><ADV>LIKE</ADV><NP><N1><N>SETUP</N></N1></NP></ADVBL></N1></NP></ADVBL></N1></NP></ADVBL><NP><NUMBER><PUNC>PUNC-MINUS</PUNC><NUMBER>NINE</NUMBER></NUMBER></NP></VP-></VP></tree><terms root="#V293653"><lisp>((ONT::F ONT::V293653 (:* ONT::VISUAL-DISPLAY W::POSING) :AFFECTED ONT::V293948
<   :REASON ONT::V293662 :VFORM W::ING :START 16 :END 70)
<  (ONT::F ONT::V293662 (:* ONT::PURPOSE W::FOR) :GROUND ONT::V293693 :FIGURE
<   ONT::V293653 :START 23 :END 63)
<  (ONT::THE ONT::V293693 (:* ONT::RECORDING-DEVICE W::CAMERA) :MOD ONT::V293697
<   :START 27 :END 63)
<  (ONT::F ONT::V293697 (:* ONT::SITUATED-IN W::IN) :GROUND ONT::V293790 :FIGURE
<   ONT::V293693 :START 38 :END 63)
<  (ONT::A ONT::V293790 (:* ONT::ATHLETIC-GAME W::FOOTBALL) :MOD ONT::V293796
<   :START 41 :END 63)
<  (ONT::F ONT::V293796 (:* ONT::PARENTHETICAL W::LIKE) :GROUND ONT::V293822
<   :FIGURE ONT::V293790 :START 52 :END 63)
<  (ONT::BARE ONT::V293822 (:* ONT::EQUIPMENT W::SETUP) :START 57 :END 63)
<  (ONT::INDEF-SET ONT::V293948 ONT::NUMBER :NUMBER -9 :START 63 :END 70))</lisp><rdf:RDF
<   xmlns:rdf="http://www.w3.org/1999/02/22-rdf-syntax-ns#"
<   xmlns:role="http://www.cs.rochester.edu/research/trips/role#"
<   xmlns:LF="http://www.cs.rochester.edu/research/trips/LF#">
<   <rdf:Description rdf:ID="V293653">
<     <LF:indicator>F</LF:indicator>
<     <LF:type>VISUAL-DISPLAY</LF:type>
<     <LF:word>POSING</LF:word>
<     <role:AFFECTED rdf:resource="#V293948" />
<     <role:REASON rdf:resource="#V293662" />
<     <role:VFORM>ING</role:VFORM>
<     <LF:start>16</LF:start>
<     <LF:end>70</LF:end>
<   </rdf:Description>
<   <rdf:Description rdf:ID="V293662">
<     <LF:indicator>F</LF:indicator>
<     <LF:type>PURPOSE</LF:type>
<     <LF:word>FOR</LF:word>
<     <role:GROUND rdf:resource="#V293693" />
<     <role:FIGURE rdf:resource="#V293653" />
<     <LF:start>23</LF:start>
<     <LF:end>63</LF:end>
<   </rdf:Description>
<   <rdf:Description rdf:ID="V293693">
<     <LF:indicator>THE</LF:indicator>
<     <LF:type>RECORDING-DEVICE</LF:type>
<     <LF:word>CAMERA</LF:word>
<     <role:MOD rdf:resource="#V293697" />
<     <LF:start>27</LF:start>
<     <LF:end>63</LF:end>
<   </rdf:Description>
<   <rdf:Description rdf:ID="V293697">
<     <LF:indicator>F</LF:indicator>
<     <LF:type>SITUATED-IN</LF:type>
<     <LF:word>IN</LF:word>
<     <role:GROUND rdf:resource="#V293790" />
<     <role:FIGURE rdf:resource="#V293693" />
<     <LF:start>38</LF:start>
<     <LF:end>63</LF:end>
<   </rdf:Description>
<   <rdf:Description rdf:ID="V293790">
<     <LF:indicator>A</LF:indicator>
<     <LF:type>ATHLETIC-GAME</LF:type>
<     <LF:word>FOOTBALL</LF:word>
<     <role:MOD rdf:resource="#V293796" />
<     <LF:start>41</LF:start>
<     <LF:end>63</LF:end>
<   </rdf:Description>
<   <rdf:Description rdf:ID="V293796">
<     <LF:indicator>F</LF:indicator>
<     <LF:type>PARENTHETICAL</LF:type>
<     <LF:word>LIKE</LF:word>
<     <role:GROUND rdf:resource="#V293822" />
<     <role:FIGURE rdf:resource="#V293790" />
<     <LF:start>52</LF:start>
<     <LF:end>63</LF:end>
<   </rdf:Description>
<   <rdf:Description rdf:ID="V293822">
<     <LF:indicator>BARE</LF:indicator>
<     <LF:type>EQUIPMENT</LF:type>
<     <LF:word>SETUP</LF:word>
<     <LF:start>57</LF:start>
<     <LF:end>63</LF:end>
<   </rdf:Description>
<   <rdf:Description rdf:ID="V293948">
<     <LF:indicator>INDEF-SET</LF:indicator>
<     <LF:type>NUMBER</LF:type>
<     <role:NUMBER>-9</role:NUMBER>
<     <LF:start>63</LF:start>
<     <LF:end>70</LF:end>
<   </rdf:Description>
< </rdf:RDF>
< </terms></utt><utt><words><lisp>(W::ARE W::STANDING W::AT W::THE W::BACK W::PUNC-COMMA)</lisp><word>ARE</word><word>STANDING</word><word>AT</word><word>THE</word><word>BACK</word><word>PUNC-COMMA</word></words><tags><lisp>((WORD &quot;are&quot; :FRAME (70 73) :SENSE-INFO
<   ((:PENN-PARTS-OF-SPEECH (VBP) :TRIPS-PARTS-OF-SPEECH (W::V))) :UTTNUM 58
<   :CHANNEL DESKTOP :DIRECTION INPUT)
<  (WORD &quot;standing&quot; :FRAME (74 82) :SENSE-INFO
<   ((:PENN-PARTS-OF-SPEECH (VBG) :TRIPS-PARTS-OF-SPEECH (W::V))) :UTTNUM 58
<   :CHANNEL DESKTOP :DIRECTION INPUT)
<  (WORD &quot;at&quot; :FRAME (83 85) :SENSE-INFO
<   ((:PENN-PARTS-OF-SPEECH (IN) :TRIPS-PARTS-OF-SPEECH (W::PREP W::ADV)))
<   :UTTNUM 58 :CHANNEL DESKTOP :DIRECTION INPUT)
<  (WORD &quot;the&quot; :FRAME (86 89) :SENSE-INFO
<   ((:PENN-PARTS-OF-SPEECH (DT) :TRIPS-PARTS-OF-SPEECH (W::ART W::QUAN W::PRO)))
<   :UTTNUM 58 :CHANNEL DESKTOP :DIRECTION INPUT)
<  (WORD &quot;back&quot; :FRAME (90 94) :SENSE-INFO
<   ((:PENN-PARTS-OF-SPEECH (NN) :TRIPS-PARTS-OF-SPEECH (W::N))) :UTTNUM 58
<   :CHANNEL DESKTOP :DIRECTION INPUT)
<  (PREFER &quot;the back&quot; :FRAME (86 94) :PENN-CATS (NP) :TRIPS-CATS (W::NP) :SCORE
<   11.534 :UTTNUM 58 :CHANNEL DESKTOP :DIRECTION INPUT)
<  (PREFER &quot;at the back&quot; :FRAME (83 94) :PENN-CATS (PP) :TRIPS-CATS (W::PP)
<   :SCORE 14.862 :UTTNUM 58 :CHANNEL DESKTOP :DIRECTION INPUT)
<  (PREFER &quot;standing at the back&quot; :FRAME (74 94) :PENN-CATS (VP) :TRIPS-CATS
<   (W::VP) :SCORE 24.036 :UTTNUM 58 :CHANNEL DESKTOP :DIRECTION INPUT)
<  (PREFER &quot;are standing at the back&quot; :FRAME (70 94) :PENN-CATS (VP) :TRIPS-CATS
<   (W::VP) :SCORE 28.399 :UTTNUM 58 :CHANNEL DESKTOP :DIRECTION INPUT)
<  (PREFER &quot;nine are standing at the back&quot; :FRAME (65 94) :PENN-CATS (S) :SCORE
<   40.065 :UTTNUM 58 :CHANNEL DESKTOP :DIRECTION INPUT)
<  (PREFER
<   &quot;School kids are posing for the camera in a football-like setup - nine are standing at the back&quot;
<   :FRAME (0 94) :PENN-CATS (S) :SCORE 131.716 :UTTNUM 58 :CHANNEL DESKTOP
<   :DIRECTION INPUT)
<  (WORD &quot;,&quot; :FRAME (95 95) :SENSE-INFO
<   ((:PENN-PARTS-OF-SPEECH (COMMA) :TRIPS-PARTS-OF-SPEECH (W::PUNC))) :UTTNUM 58
<   :CHANNEL DESKTOP :DIRECTION INPUT))</lisp><word lex="are" start="70" end="73"><sense-info penn-parts-of-speech="VBP" trips-parts-of-speech="V" /></word><word lex="standing" start="74" end="82"><sense-info penn-parts-of-speech="VBG" trips-parts-of-speech="V" /></word><word lex="at" start="83" end="85"><sense-info penn-parts-of-speech="IN" trips-parts-of-speech="PREP,ADV" /></word><word lex="the" start="86" end="89"><sense-info penn-parts-of-speech="DT" trips-parts-of-speech="ART,QUAN,PRO" /></word><word lex="back" start="90" end="94"><sense-info penn-parts-of-speech="NN" trips-parts-of-speech="N" /></word><prefer text="the back" start="86" end="94" penn-cats="NP" score="11.534" /><prefer text="at the back" start="83" end="94" penn-cats="PP" score="14.862" /><prefer text="standing at the back" start="74" end="94" penn-cats="VP" score="24.036" /><prefer text="are standing at the back" start="70" end="94" penn-cats="VP" score="28.399" /><prefer text="nine are standing at the back" start="65" end="94" penn-cats="S" score="40.065" /><prefer text="School kids are posing for the camera in a football-like setup - nine are standing at the back" start="0" end="94" penn-cats="S" score="131.716" /><word lex="," start="95" end="95"><sense-info penn-parts-of-speech="COMMA" trips-parts-of-speech="PUNC" /></word></tags><tree><lisp>(UTT
<  (UTT
<   (VP
<    (VP- (V ARE)
<     (NP
<      (N1 (N1 (V STANDING))
<       (ADVBL (ADV AT) (NP (SPEC (DET (ART THE))) (N1 (N BACK)))))))))
<  (PUNC PUNC-COMMA))</lisp><UTT><UTT><VP><VP-><V>ARE</V><NP><N1><N1><V>STANDING</V></N1><ADVBL><ADV>AT</ADV><NP><SPEC><DET><ART>THE</ART></DET></SPEC><N1><N>BACK</N></N1></NP></ADVBL></N1></NP></VP-></VP></UTT><PUNC>PUNC-COMMA</PUNC></UTT></tree><terms root="#V294174"><lisp>((ONT::SPEECHACT ONT::V294174 ONT::SA_TELL :CONTENT ONT::V293839 :START 70 :END
<   95)
<  (ONT::F ONT::V293839 (:* ONT::BE W::BE) :NEUTRAL ONT::V294175 :NEUTRAL1
<   ONT::V293855 :TENSE W::PRES :START 70 :END 95)
<  (ONT::IMPRO ONT::V294175 ONT::REFERENTIAL-SEM :PROFORM W::SUBJ :START 70 :END
<   95 :COREF ONT::V293693)
<  (ONT::BARE ONT::V293855 (:* ONT::BE-AT-LOC W::STAND) :LOCATION ONT::V293866
<   :START 74 :END 95)
<  (ONT::F ONT::V293866 (:* ONT::AT-LOC W::AT) :GROUND ONT::V293891 :FIGURE
<   ONT::V293855 :START 83 :END 95)
<  (ONT::THE ONT::V293891 (:* ONT::OBJECT-DEPENDENT-LOCATION W::BACK) :START 86
<   :END 95 :COREF ONT::V293625))</lisp><rdf:RDF
<   xmlns:rdf="http://www.w3.org/1999/02/22-rdf-syntax-ns#"
<   xmlns:role="http://www.cs.rochester.edu/research/trips/role#"
<   xmlns:LF="http://www.cs.rochester.edu/research/trips/LF#">
<   <rdf:Description rdf:ID="V294174">
<     <LF:indicator>SPEECHACT</LF:indicator>
<     <LF:type>SA_TELL</LF:type>
<     <role:CONTENT rdf:resource="#V293839" />
<     <LF:start>70</LF:start>
<     <LF:end>95</LF:end>
<   </rdf:Description>
<   <rdf:Description rdf:ID="V293839">
<     <LF:indicator>F</LF:indicator>
<     <LF:type>BE</LF:type>
<     <LF:word>BE</LF:word>
<     <role:NEUTRAL rdf:resource="#V294175" />
<     <role:NEUTRAL1 rdf:resource="#V293855" />
<     <role:TENSE>PRES</role:TENSE>
<     <LF:start>70</LF:start>
<     <LF:end>95</LF:end>
<   </rdf:Description>
<   <rdf:Description rdf:ID="V294175">
<     <LF:indicator>IMPRO</LF:indicator>
<     <LF:type>REFERENTIAL-SEM</LF:type>
<     <role:PROFORM>SUBJ</role:PROFORM>
<     <LF:start>70</LF:start>
<     <LF:end>95</LF:end>
<     <role:COREF rdf:resource="#V293693" />
<   </rdf:Description>
<   <rdf:Description rdf:ID="V293855">
<     <LF:indicator>BARE</LF:indicator>
<     <LF:type>BE-AT-LOC</LF:type>
<     <LF:word>STAND</LF:word>
<     <role:LOCATION rdf:resource="#V293866" />
<     <LF:start>74</LF:start>
<     <LF:end>95</LF:end>
<   </rdf:Description>
<   <rdf:Description rdf:ID="V293866">
<     <LF:indicator>F</LF:indicator>
<     <LF:type>AT-LOC</LF:type>
<     <LF:word>AT</LF:word>
<     <role:GROUND rdf:resource="#V293891" />
<     <role:FIGURE rdf:resource="#V293855" />
<     <LF:start>83</LF:start>
<     <LF:end>95</LF:end>
<   </rdf:Description>
<   <rdf:Description rdf:ID="V293891">
<     <LF:indicator>THE</LF:indicator>
<     <LF:type>OBJECT-DEPENDENT-LOCATION</LF:type>
<     <LF:word>BACK</LF:word>
<     <LF:start>86</LF:start>
<     <LF:end>95</LF:end>
<     <role:COREF rdf:resource="#V293625" />
<   </rdf:Description>
< </rdf:RDF>
< </terms></utt></compound-communication-act>
< <utt><words><lisp>(W::TEN W::ARE W::SQUATTING W::AT W::THE W::FRONT W::PUNC-PERIOD)</lisp><word>TEN</word><word>ARE</word><word>SQUATTING</word><word>AT</word><word>THE</word><word>FRONT</word><word>PUNC-PERIOD</word></words><tags><lisp>((WORD &quot;ten&quot; :FRAME (97 100) :SENSE-INFO
<   ((:PENN-PARTS-OF-SPEECH (NN) :TRIPS-PARTS-OF-SPEECH (W::N))) :UTTNUM 58
<   :CHANNEL DESKTOP :DIRECTION INPUT)
<  (PREFER &quot;ten&quot; :FRAME (97 100) :PENN-CATS (NP) :TRIPS-CATS (W::NP) :SCORE
<   15.925 :UTTNUM 58 :CHANNEL DESKTOP :DIRECTION INPUT)
<  (WORD &quot;are&quot; :FRAME (101 104) :SENSE-INFO
<   ((:PENN-PARTS-OF-SPEECH (VBP) :TRIPS-PARTS-OF-SPEECH (W::V))) :UTTNUM 58
<   :CHANNEL DESKTOP :DIRECTION INPUT)
<  (WORD &quot;squatting&quot; :FRAME (105 114) :SENSE-INFO
<   ((:PENN-PARTS-OF-SPEECH (VBG) :TRIPS-PARTS-OF-SPEECH (W::V))) :UTTNUM 58
<   :CHANNEL DESKTOP :DIRECTION INPUT)
<  (WORD &quot;at&quot; :FRAME (115 117) :SENSE-INFO
<   ((:PENN-PARTS-OF-SPEECH (IN) :TRIPS-PARTS-OF-SPEECH (W::PREP W::ADV)))
<   :UTTNUM 58 :CHANNEL DESKTOP :DIRECTION INPUT)
<  (WORD &quot;the&quot; :FRAME (118 121) :SENSE-INFO
<   ((:PENN-PARTS-OF-SPEECH (DT) :TRIPS-PARTS-OF-SPEECH (W::ART W::QUAN W::PRO)))
<   :UTTNUM 58 :CHANNEL DESKTOP :DIRECTION INPUT)
<  (WORD &quot;front&quot; :FRAME (122 127) :SENSE-INFO
<   ((:PENN-PARTS-OF-SPEECH (NN) :TRIPS-PARTS-OF-SPEECH (W::N))) :UTTNUM 58
<   :CHANNEL DESKTOP :DIRECTION INPUT)
<  (PREFER &quot;the front&quot; :FRAME (118 127) :PENN-CATS (NP) :TRIPS-CATS (W::NP)
<   :SCORE 11.176 :UTTNUM 58 :CHANNEL DESKTOP :DIRECTION INPUT)
<  (PREFER &quot;at the front&quot; :FRAME (115 127) :PENN-CATS (PP) :TRIPS-CATS (W::PP)
<   :SCORE 14.504 :UTTNUM 58 :CHANNEL DESKTOP :DIRECTION INPUT)
<  (PREFER &quot;squatting at the front&quot; :FRAME (105 127) :PENN-CATS (VP) :TRIPS-CATS
<   (W::VP) :SCORE 26.74 :UTTNUM 58 :CHANNEL DESKTOP :DIRECTION INPUT)
<  (PREFER &quot;are squatting at the front&quot; :FRAME (101 127) :PENN-CATS (VP)
<   :TRIPS-CATS (W::VP) :SCORE 31.104 :UTTNUM 58 :CHANNEL DESKTOP :DIRECTION
<   INPUT)
<  (WORD &quot;.&quot; :FRAME (128 128) :SENSE-INFO
<   ((:PENN-PARTS-OF-SPEECH (FULL_STOP) :TRIPS-PARTS-OF-SPEECH (W::PUNC)))
<   :UTTNUM 58 :CHANNEL DESKTOP :DIRECTION INPUT))</lisp><word lex="ten" start="97" end="100"><sense-info penn-parts-of-speech="NN" trips-parts-of-speech="N" /></word><prefer text="ten" start="97" end="100" penn-cats="NP" score="15.925" /><word lex="are" start="101" end="104"><sense-info penn-parts-of-speech="VBP" trips-parts-of-speech="V" /></word><word lex="squatting" start="105" end="114"><sense-info penn-parts-of-speech="VBG" trips-parts-of-speech="V" /></word><word lex="at" start="115" end="117"><sense-info penn-parts-of-speech="IN" trips-parts-of-speech="PREP,ADV" /></word><word lex="the" start="118" end="121"><sense-info penn-parts-of-speech="DT" trips-parts-of-speech="ART,QUAN,PRO" /></word><word lex="front" start="122" end="127"><sense-info penn-parts-of-speech="NN" trips-parts-of-speech="N" /></word><prefer text="the front" start="118" end="127" penn-cats="NP" score="11.176" /><prefer text="at the front" start="115" end="127" penn-cats="PP" score="14.504" /><prefer text="squatting at the front" start="105" end="127" penn-cats="VP" score="26.74" /><prefer text="are squatting at the front" start="101" end="127" penn-cats="VP" score="31.104" /><word lex="." start="128" end="128"><sense-info penn-parts-of-speech="FULL_STOP" trips-parts-of-speech="PUNC" /></word></tags><tree><lisp>(UTT
<  (UTT
<   (S (NP (NUMBER TEN))
<    (VP
<     (VP- (AUX (V ARE))
<      (VP- (VP- (V SQUATTING))
<       (ADVBL (ADV AT) (NP (SPEC (DET (ART THE))) (N1 (N FRONT)))))))))
<  (PUNC PUNC-PERIOD))</lisp><UTT><UTT><S><NP><NUMBER>TEN</NUMBER></NP><VP><VP-><AUX><V>ARE</V></AUX><VP-><VP-><V>SQUATTING</V></VP-><ADVBL><ADV>AT</ADV><NP><SPEC><DET><ART>THE</ART></DET></SPEC><N1><N>FRONT</N></N1></NP></ADVBL></VP-></VP-></VP></S></UTT><PUNC>PUNC-PERIOD</PUNC></UTT></tree><terms root="#V305408"><lisp>((ONT::SPEECHACT ONT::V305408 ONT::SA_TELL :PUNCTYPE W::DECL :CONTENT
<   ONT::V305194 :START 97 :END 128)
<  (ONT::F ONT::V305194 (:* ONT::BODY-MOVEMENT-SELF W::SQUAT) :RESULT
<   ONT::V305203 :AGENT ONT::V305174 :TENSE W::PRES :PROGR + :START 97 :END 128)
<  (ONT::INDEF-SET ONT::V305174 ONT::NUMBER :NUMBER 10 :START 97 :END 101)
<  (ONT::F ONT::V305203 (:* ONT::AT-LOC W::AT) :GROUND ONT::V305222 :FIGURE
<   ONT::V305174 :START 115 :END 128)
<  (ONT::THE ONT::V305222 (:* ONT::OBJECT-DEPENDENT-LOCATION W::FRONT) :START 118
<   :END 128 :COREF ONT::V293625))</lisp><rdf:RDF
<   xmlns:rdf="http://www.w3.org/1999/02/22-rdf-syntax-ns#"
<   xmlns:role="http://www.cs.rochester.edu/research/trips/role#"
<   xmlns:LF="http://www.cs.rochester.edu/research/trips/LF#">
<   <rdf:Description rdf:ID="V305408">
<     <LF:indicator>SPEECHACT</LF:indicator>
<     <LF:type>SA_TELL</LF:type>
<     <role:PUNCTYPE>DECL</role:PUNCTYPE>
<     <role:CONTENT rdf:resource="#V305194" />
<     <LF:start>97</LF:start>
<     <LF:end>128</LF:end>
<   </rdf:Description>
<   <rdf:Description rdf:ID="V305194">
<     <LF:indicator>F</LF:indicator>
<     <LF:type>BODY-MOVEMENT-SELF</LF:type>
<     <LF:word>SQUAT</LF:word>
<     <role:RESULT rdf:resource="#V305203" />
<     <role:AGENT rdf:resource="#V305174" />
<     <role:TENSE>PRES</role:TENSE>
<     <role:PROGR>+</role:PROGR>
<     <LF:start>97</LF:start>
<     <LF:end>128</LF:end>
<   </rdf:Description>
<   <rdf:Description rdf:ID="V305174">
<     <LF:indicator>INDEF-SET</LF:indicator>
<     <LF:type>NUMBER</LF:type>
<     <role:NUMBER>10</role:NUMBER>
<     <LF:start>97</LF:start>
<     <LF:end>101</LF:end>
<   </rdf:Description>
<   <rdf:Description rdf:ID="V305203">
<     <LF:indicator>F</LF:indicator>
<     <LF:type>AT-LOC</LF:type>
<     <LF:word>AT</LF:word>
<     <role:GROUND rdf:resource="#V305222" />
<     <role:FIGURE rdf:resource="#V305174" />
<     <LF:start>115</LF:start>
<     <LF:end>128</LF:end>
<   </rdf:Description>
<   <rdf:Description rdf:ID="V305222">
<     <LF:indicator>THE</LF:indicator>
<     <LF:type>OBJECT-DEPENDENT-LOCATION</LF:type>
<     <LF:word>FRONT</LF:word>
<     <LF:start>118</LF:start>
<     <LF:end>128</LF:end>
<     <role:COREF rdf:resource="#V293625" />
<   </rdf:Description>
< </rdf:RDF>
< </terms></utt></trips-parser-output>
\ No newline at end of file
---
> <SpRL>
>  <SCENE>
>   <SENTENCE id="s1" indicator="SPEECHACT" type="SA_TELL" start="0" end="16">
>    <TEXT>School kids are p</TEXT>
>    <RELATION id="1" head="V295331" res="V293634" label="CONTENT"/>
>    <PHRASE id="V293634" indicator="F" type="ELLIPSIS" TENSE="PRES" PROGR="+" start="0" end="16"/>
>    <RELATION id="2" head="V293634" res="V293630" label="NEUTRAL"/>
>    <PHRASE id="V293630" indicator="INDEF-SET" type="CHILD" text="KID" start="0" end="12"/>
>    <RELATION id="3" head="V293630" res="V293625" label="ASSOC-WITH"/>
>    <PHRASE id="V293625" indicator="THE" type="GEOGRAPHIC-REGION" text="SCHOOL" NAME-OF="(SCHOOL)" start="0" end="7"/>
>   </SENTENCE>
>   <SENTENCE id="s2" indicator="F" type="VISUAL-DISPLAY" text="POSING" VFORM="ING" start="16" end="70">
>    <TEXT>posing for the camera in a football-like setup - nine a</TEXT>
>    <RELATION id="4" head="V293653" res="V293948" label="AFFECTED"/>
>    <RELATION id="5" head="V293653" res="V293662" label="REASON"/>
>    <PHRASE id="V293662" indicator="F" type="PURPOSE" text="FOR" start="23" end="63"/>
>    <RELATION id="6" head="V293662" res="V293693" label="GROUND"/>
>    <RELATION id="7" head="V293662" res="V293653" label="FIGURE"/>
>    <PHRASE id="V293693" indicator="THE" type="RECORDING-DEVICE" text="CAMERA" start="27" end="63"/>
>    <RELATION id="8" head="V293693" res="V293697" label="MOD"/>
>    <PHRASE id="V293697" indicator="F" type="SITUATED-IN" text="IN" start="38" end="63"/>
>    <RELATION id="9" head="V293697" res="V293790" label="GROUND"/>
>    <RELATION id="10" head="V293697" res="V293693" label="FIGURE"/>
>    <PHRASE id="V293790" indicator="A" type="ATHLETIC-GAME" text="FOOTBALL" start="41" end="63"/>
>    <RELATION id="11" head="V293790" res="V293796" label="MOD"/>
>    <PHRASE id="V293796" indicator="F" type="PARENTHETICAL" text="LIKE" start="52" end="63"/>
>    <RELATION id="12" head="V293796" res="V293822" label="GROUND"/>
>    <RELATION id="13" head="V293796" res="V293790" label="FIGURE"/>
>    <PHRASE id="V293822" indicator="BARE" type="EQUIPMENT" text="SETUP" start="57" end="63"/>
>    <PHRASE id="V293948" indicator="INDEF-SET" type="NUMBER" NUMBER="-9" start="63" end="70"/>
>   </SENTENCE>
>   <SENTENCE id="s3" indicator="SPEECHACT" type="SA_TELL" start="70" end="95">
>    <TEXT>are standing at the back ,</TEXT>
>    <RELATION id="14" head="V294174" res="V293839" label="CONTENT"/>
>    <PHRASE id="V293839" indicator="F" type="BE" text="BE" TENSE="PRES" start="70" end="95"/>
>    <RELATION id="15" head="V293839" res="V294175" label="NEUTRAL"/>
>    <RELATION id="16" head="V293839" res="V293855" label="NEUTRAL1"/>
>    <PHRASE id="V294175" indicator="IMPRO" type="REFERENTIAL-SEM" PROFORM="SUBJ" start="70" end="95"/>
>    <RELATION id="17" head="V294175" res="V293693" label="COREF"/>
>    <PHRASE id="V293855" indicator="BARE" type="BE-AT-LOC" text="STAND" start="74" end="95"/>
>    <RELATION id="18" head="V293855" res="V293866" label="LOCATION"/>
>    <PHRASE id="V293866" indicator="F" type="AT-LOC" text="AT" start="83" end="95"/>
>    <RELATION id="19" head="V293866" res="V293891" label="GROUND"/>
>    <RELATION id="20" head="V293866" res="V293855" label="FIGURE"/>
>    <PHRASE id="V293891" indicator="THE" type="OBJECT-DEPENDENT-LOCATION" text="BACK" start="86" end="95"/>
>    <RELATION id="21" head="V293891" res="V293625" label="COREF"/>
>   </SENTENCE>
>   <SENTENCE id="s4" indicator="SPEECHACT" type="SA_TELL" PUNCTYPE="DECL" start="97" end="128">
>    <TEXT>ten are squatting at the front .</TEXT>
>    <RELATION id="22" head="V305408" res="V305194" label="CONTENT"/>
>    <PHRASE id="V305194" indicator="F" type="BODY-MOVEMENT-SELF" text="SQUAT" TENSE="PRES" PROGR="+" start="97" end="128"/>
>    <RELATION id="23" head="V305194" res="V305203" label="RESULT"/>
>    <RELATION id="24" head="V305194" res="V305174" label="AGENT"/>
>    <PHRASE id="V305174" indicator="INDEF-SET" type="NUMBER" NUMBER="10" start="97" end="101"/>
>    <PHRASE id="V305203" indicator="F" type="AT-LOC" text="AT" start="115" end="128"/>
>    <RELATION id="25" head="V305203" res="V305222" label="GROUND"/>
>    <RELATION id="26" head="V305203" res="V305174" label="FIGURE"/>
>    <PHRASE id="V305222" indicator="THE" type="OBJECT-DEPENDENT-LOCATION" text="FRONT" start="118" end="128"/>
>    <RELATION id="27" head="V305222" res="V293625" label="COREF"/>
>   </SENTENCE>
>  </SCENE>
> </SpRL>
