2,223c2,31
< <?xml-stylesheet type="text/xsl" href="../style/parser-interface.xsl"?>
< <!DOCTYPE trips-parser-output SYSTEM "../trips-parser-output.dtd">
< <trips-parser-output parser-build-date="2017-09-20T12:11:02-0500" system="STEP" extsformat="svg" tagsformat="hidden" treecontents="phrase" treeformat="LinGO" lfformat="svg" semantic-skeleton-scoring="T" rule-sets="" input="three children are standing on the left , looking at a map of Peru .
< ">
< <debug>
< *last-utt-id*=NIL  utt-id+65
< *last-utt-id*=65  utt-id+65
< *last-utt-id*=65  utt-id+NIL</debug><compound-communication-act>
< <utt><words><lisp>(W::THREE W::CHILDREN W::ARE W::STANDING W::ON W::THE W::LEFT W::PUNC-COMMA)</lisp><word>THREE</word><word>CHILDREN</word><word>ARE</word><word>STANDING</word><word>ON</word><word>THE</word><word>LEFT</word><word>PUNC-COMMA</word></words><tags><lisp>((WORD &quot;three&quot; :FRAME (0 5) :SENSE-INFO
<   ((:PENN-PARTS-OF-SPEECH (CD) :TRIPS-PARTS-OF-SPEECH
<     (W::NUMBER W::NUMBER-UNIT)))
<   :UTTNUM 65 :CHANNEL DESKTOP :DIRECTION INPUT)
<  (WORD &quot;children&quot; :FRAME (6 14) :SENSE-INFO
<   ((:PENN-PARTS-OF-SPEECH (NNS) :TRIPS-PARTS-OF-SPEECH (W::N))) :UTTNUM 65
<   :CHANNEL DESKTOP :DIRECTION INPUT)
<  (PREFER &quot;three children&quot; :FRAME (0 14) :PENN-CATS (NP) :TRIPS-CATS (W::NP)
<   :SCORE 16.578 :UTTNUM 65 :CHANNEL DESKTOP :DIRECTION INPUT)
<  (WORD &quot;are&quot; :FRAME (15 18) :SENSE-INFO
<   ((:PENN-PARTS-OF-SPEECH (VBP) :TRIPS-PARTS-OF-SPEECH (W::V))) :UTTNUM 65
<   :CHANNEL DESKTOP :DIRECTION INPUT)
<  (WORD &quot;standing&quot; :FRAME (19 27) :SENSE-INFO
<   ((:PENN-PARTS-OF-SPEECH (VBG) :TRIPS-PARTS-OF-SPEECH (W::V))) :UTTNUM 65
<   :CHANNEL DESKTOP :DIRECTION INPUT)
<  (WORD &quot;on&quot; :FRAME (28 30) :SENSE-INFO
<   ((:PENN-PARTS-OF-SPEECH (IN) :TRIPS-PARTS-OF-SPEECH (W::PREP W::ADV)))
<   :UTTNUM 65 :CHANNEL DESKTOP :DIRECTION INPUT)
<  (WORD &quot;the&quot; :FRAME (31 34) :SENSE-INFO
<   ((:PENN-PARTS-OF-SPEECH (DT) :TRIPS-PARTS-OF-SPEECH (W::ART W::QUAN W::PRO)))
<   :UTTNUM 65 :CHANNEL DESKTOP :DIRECTION INPUT)
<  (WORD &quot;left&quot; :FRAME (35 39) :SENSE-INFO
<   ((:PENN-PARTS-OF-SPEECH (NN) :TRIPS-PARTS-OF-SPEECH (W::N))) :UTTNUM 65
<   :CHANNEL DESKTOP :DIRECTION INPUT)
<  (PREFER &quot;the left&quot; :FRAME (31 39) :PENN-CATS (NP) :TRIPS-CATS (W::NP) :SCORE
<   13.061 :UTTNUM 65 :CHANNEL DESKTOP :DIRECTION INPUT)
<  (PREFER &quot;on the left&quot; :FRAME (28 39) :PENN-CATS (PP) :TRIPS-CATS (W::PP)
<   :SCORE 16.272 :UTTNUM 65 :CHANNEL DESKTOP :DIRECTION INPUT)
<  (WORD &quot;,&quot; :FRAME (40 41) :SENSE-INFO
<   ((:PENN-PARTS-OF-SPEECH (COMMA) :TRIPS-PARTS-OF-SPEECH (W::PUNC))) :UTTNUM 65
<   :CHANNEL DESKTOP :DIRECTION INPUT))</lisp><word lex="three" start="0" end="5"><sense-info penn-parts-of-speech="CD" trips-parts-of-speech="NUMBER,NUMBER-UNIT" /></word><word lex="children" start="6" end="14"><sense-info penn-parts-of-speech="NNS" trips-parts-of-speech="N" /></word><prefer text="three children" start="0" end="14" penn-cats="NP" score="16.578" /><word lex="are" start="15" end="18"><sense-info penn-parts-of-speech="VBP" trips-parts-of-speech="V" /></word><word lex="standing" start="19" end="27"><sense-info penn-parts-of-speech="VBG" trips-parts-of-speech="V" /></word><word lex="on" start="28" end="30"><sense-info penn-parts-of-speech="IN" trips-parts-of-speech="PREP,ADV" /></word><word lex="the" start="31" end="34"><sense-info penn-parts-of-speech="DT" trips-parts-of-speech="ART,QUAN,PRO" /></word><word lex="left" start="35" end="39"><sense-info penn-parts-of-speech="NN" trips-parts-of-speech="N" /></word><prefer text="the left" start="31" end="39" penn-cats="NP" score="13.061" /><prefer text="on the left" start="28" end="39" penn-cats="PP" score="16.272" /><word lex="," start="40" end="41"><sense-info penn-parts-of-speech="COMMA" trips-parts-of-speech="PUNC" /></word></tags><tree><lisp>(UTT
<  (S (NP (N1 (ADJP (NUMBER THREE)) (N1 (N CHILDREN))))
<   (VP
<    (VP- (AUX (V ARE))
<     (VP- (VP- (V STANDING))
<      (ADVBL (ADV ON)
<       (NP (NP (SPEC (DET (ART THE))) (ADJP (ADJ1 (ADJ LEFT))))
<        (PUNC PUNC-COMMA))))))))</lisp><UTT><S><NP><N1><ADJP><NUMBER>THREE</NUMBER></ADJP><N1><N>CHILDREN</N></N1></N1></NP><VP><VP-><AUX><V>ARE</V></AUX><VP-><VP-><V>STANDING</V></VP-><ADVBL><ADV>ON</ADV><NP><NP><SPEC><DET><ART>THE</ART></DET></SPEC><ADJP><ADJ1><ADJ>LEFT</ADJ></ADJ1></ADJP></NP><PUNC>PUNC-COMMA</PUNC></NP></ADVBL></VP-></VP-></VP></S></UTT></tree><terms root="#V353653"><lisp>((ONT::SPEECHACT ONT::V353653 ONT::SA_TELL :CONTENT ONT::V344955 :START 0 :END
<   42)
<  (ONT::F ONT::V344955 (:* ONT::BE-AT-LOC W::STAND) :NEUTRAL ONT::V344931 :TIME
<   ONT::V344963 :TENSE W::PRES :PROGR + :START 0 :END 42)
<  (ONT::INDEF-SET ONT::V344931 (:* ONT::CHILD W::CHILD) :SIZE ONT::V344929
<   :START 0 :END 15)
<  (ONT::A ONT::V344929 ONT::NUMBER :VALUE 3 :START 0 :END 6)
<  (ONT::F ONT::V344963 (:* ONT::TIME-WEEKDAY-REL W::ON) :GROUND ONT::V345501
<   :FIGURE ONT::V344955 :START 28 :END 42)
<  (ONT::THE-SET ONT::V345501 ONT::ANY-SEM :MOD ONT::V344998 :START 31 :END 42)
<  (ONT::F ONT::V344998 (:* ONT::REMAINING-VAL W::REMAINING) :FIGURE ONT::V345501
<   :START 35 :END 40))</lisp><rdf:RDF
<   xmlns:rdf="http://www.w3.org/1999/02/22-rdf-syntax-ns#"
<   xmlns:role="http://www.cs.rochester.edu/research/trips/role#"
<   xmlns:LF="http://www.cs.rochester.edu/research/trips/LF#">
<   <rdf:Description rdf:ID="V353653">
<     <LF:indicator>SPEECHACT</LF:indicator>
<     <LF:type>SA_TELL</LF:type>
<     <role:CONTENT rdf:resource="#V344955" />
<     <LF:start>0</LF:start>
<     <LF:end>42</LF:end>
<   </rdf:Description>
<   <rdf:Description rdf:ID="V344955">
<     <LF:indicator>F</LF:indicator>
<     <LF:type>BE-AT-LOC</LF:type>
<     <LF:word>STAND</LF:word>
<     <role:NEUTRAL rdf:resource="#V344931" />
<     <role:TIME rdf:resource="#V344963" />
<     <role:TENSE>PRES</role:TENSE>
<     <role:PROGR>+</role:PROGR>
<     <LF:start>0</LF:start>
<     <LF:end>42</LF:end>
<   </rdf:Description>
<   <rdf:Description rdf:ID="V344931">
<     <LF:indicator>INDEF-SET</LF:indicator>
<     <LF:type>CHILD</LF:type>
<     <LF:word>CHILD</LF:word>
<     <role:SIZE rdf:resource="#V344929" />
<     <LF:start>0</LF:start>
<     <LF:end>15</LF:end>
<   </rdf:Description>
<   <rdf:Description rdf:ID="V344929">
<     <LF:indicator>A</LF:indicator>
<     <LF:type>NUMBER</LF:type>
<     <role:VALUE>3</role:VALUE>
<     <LF:start>0</LF:start>
<     <LF:end>6</LF:end>
<   </rdf:Description>
<   <rdf:Description rdf:ID="V344963">
<     <LF:indicator>F</LF:indicator>
<     <LF:type>TIME-WEEKDAY-REL</LF:type>
<     <LF:word>ON</LF:word>
<     <role:GROUND rdf:resource="#V345501" />
<     <role:FIGURE rdf:resource="#V344955" />
<     <LF:start>28</LF:start>
<     <LF:end>42</LF:end>
<   </rdf:Description>
<   <rdf:Description rdf:ID="V345501">
<     <LF:indicator>THE-SET</LF:indicator>
<     <LF:type>ANY-SEM</LF:type>
<     <role:MOD rdf:resource="#V344998" />
<     <LF:start>31</LF:start>
<     <LF:end>42</LF:end>
<   </rdf:Description>
<   <rdf:Description rdf:ID="V344998">
<     <LF:indicator>F</LF:indicator>
<     <LF:type>REMAINING-VAL</LF:type>
<     <LF:word>REMAINING</LF:word>
<     <role:FIGURE rdf:resource="#V345501" />
<     <LF:start>35</LF:start>
<     <LF:end>40</LF:end>
<   </rdf:Description>
< </rdf:RDF>
< </terms></utt><utt><words><lisp>(W::LOOKING W::AT W::A W::MAP W::OF W::PERU W::PUNC-PERIOD)</lisp><word>LOOKING</word><word>AT</word><word>A</word><word>MAP</word><word>OF</word><word>PERU</word><word>PUNC-PERIOD</word></words><tags><lisp>((WORD &quot;looking&quot; :FRAME (42 49) :SENSE-INFO
<   ((:PENN-PARTS-OF-SPEECH (VBG) :TRIPS-PARTS-OF-SPEECH (W::V))) :UTTNUM 65
<   :CHANNEL DESKTOP :DIRECTION INPUT)
<  (WORD &quot;at&quot; :FRAME (50 52) :SENSE-INFO
<   ((:PENN-PARTS-OF-SPEECH (IN) :TRIPS-PARTS-OF-SPEECH (W::PREP W::ADV)))
<   :UTTNUM 65 :CHANNEL DESKTOP :DIRECTION INPUT)
<  (WORD &quot;looking at&quot; :FRAME (42 52) :SENSE-INFO
<   ((:PENN-PARTS-OF-SPEECH (NN) :TRIPS-PARTS-OF-SPEECH (W::N) :WN-SENSE-KEYS
<     (&quot;looking_at%1:04:00&quot;))
<    (:PENN-PARTS-OF-SPEECH (VBG) :TRIPS-PARTS-OF-SPEECH (W::V) :WN-SENSE-KEYS
<     (&quot;look_at%2:31:00&quot; &quot;look_at%2:39:01&quot;)))
<   :UTTNUM 65 :CHANNEL DESKTOP :DIRECTION INPUT)
<  (WORD &quot;a&quot; :FRAME (53 54) :SENSE-INFO
<   ((:PENN-PARTS-OF-SPEECH (DT) :TRIPS-PARTS-OF-SPEECH (W::ART W::QUAN W::PRO)))
<   :UTTNUM 65 :CHANNEL DESKTOP :DIRECTION INPUT)
<  (WORD &quot;map&quot; :FRAME (55 58) :SENSE-INFO
<   ((:PENN-PARTS-OF-SPEECH (NN) :TRIPS-PARTS-OF-SPEECH (W::N))) :UTTNUM 65
<   :CHANNEL DESKTOP :DIRECTION INPUT)
<  (PREFER &quot;a map&quot; :FRAME (53 58) :PENN-CATS (NP) :TRIPS-CATS (W::NP) :SCORE
<   13.668 :UTTNUM 65 :CHANNEL DESKTOP :DIRECTION INPUT)
<  (WORD &quot;of&quot; :FRAME (59 61) :SENSE-INFO
<   ((:PENN-PARTS-OF-SPEECH (IN) :TRIPS-PARTS-OF-SPEECH (W::PREP W::ADV)))
<   :UTTNUM 65 :CHANNEL DESKTOP :DIRECTION INPUT)
<  (WORD &quot;Peru&quot; :FRAME (62 66) :SENSE-INFO
<   ((:PENN-PARTS-OF-SPEECH (NNP) :TRIPS-PARTS-OF-SPEECH (W::NAME) :ONT-TYPES
<     (ONT::GEOGRAPHIC-REGION)))
<   :UTTNUM 65 :CHANNEL DESKTOP :DIRECTION INPUT)
<  (PREFER &quot;Peru&quot; :FRAME (62 66) :PENN-CATS (NP) :TRIPS-CATS (W::NP) :SCORE
<   11.656 :UTTNUM 65 :CHANNEL DESKTOP :DIRECTION INPUT)
<  (PREFER &quot;of Peru&quot; :FRAME (59 66) :PENN-CATS (PP) :TRIPS-CATS (W::PP) :SCORE
<   12.723 :UTTNUM 65 :CHANNEL DESKTOP :DIRECTION INPUT)
<  (PREFER &quot;a map of Peru&quot; :FRAME (53 66) :PENN-CATS (NP) :TRIPS-CATS (W::NP)
<   :SCORE 26.932 :UTTNUM 65 :CHANNEL DESKTOP :DIRECTION INPUT)
<  (PREFER &quot;at a map of Peru&quot; :FRAME (50 66) :PENN-CATS (PP) :TRIPS-CATS (W::PP)
<   :SCORE 31.243 :UTTNUM 65 :CHANNEL DESKTOP :DIRECTION INPUT)
<  (PREFER &quot;looking at a map of Peru&quot; :FRAME (42 66) :PENN-CATS (VP) :TRIPS-CATS
<   (W::VP) :SCORE 38.3 :UTTNUM 65 :CHANNEL DESKTOP :DIRECTION INPUT)
<  (PREFER &quot;looking at a map of Peru&quot; :FRAME (42 66) :PENN-CATS (S) :SCORE 39.951
<   :UTTNUM 65 :CHANNEL DESKTOP :DIRECTION INPUT)
<  (PREFER &quot;standing on the left , looking at a map of Peru&quot; :FRAME (19 66)
<   :PENN-CATS (VP) :TRIPS-CATS (W::VP) :SCORE 69.579 :UTTNUM 65 :CHANNEL DESKTOP
<   :DIRECTION INPUT)
<  (PREFER &quot;are standing on the left , looking at a map of Peru&quot; :FRAME (15 66)
<   :PENN-CATS (VP) :TRIPS-CATS (W::VP) :SCORE 73.943 :UTTNUM 65 :CHANNEL DESKTOP
<   :DIRECTION INPUT)
<  (WORD &quot;.&quot; :FRAME (67 67) :SENSE-INFO
<   ((:PENN-PARTS-OF-SPEECH (FULL_STOP) :TRIPS-PARTS-OF-SPEECH (W::PUNC)))
<   :UTTNUM 65 :CHANNEL DESKTOP :DIRECTION INPUT)
<  (PREFER &quot;three children are standing on the left , looking at a map of Peru .&quot;
<   :FRAME (0 67) :PENN-CATS (S) :SCORE 91.663 :UTTNUM 65 :CHANNEL DESKTOP
<   :DIRECTION INPUT))</lisp><word lex="looking" start="42" end="49"><sense-info penn-parts-of-speech="VBG" trips-parts-of-speech="V" /></word><word lex="at" start="50" end="52"><sense-info penn-parts-of-speech="IN" trips-parts-of-speech="PREP,ADV" /></word><word lex="looking at" start="42" end="52"><sense-info penn-parts-of-speech="NN" trips-parts-of-speech="N" wn-sense-keys="looking_at%1:04:00" /><sense-info penn-parts-of-speech="VBG" trips-parts-of-speech="V" wn-sense-keys="look_at%2:31:00,look_at%2:39:01" /></word><word lex="a" start="53" end="54"><sense-info penn-parts-of-speech="DT" trips-parts-of-speech="ART,QUAN,PRO" /></word><word lex="map" start="55" end="58"><sense-info penn-parts-of-speech="NN" trips-parts-of-speech="N" /></word><prefer text="a map" start="53" end="58" penn-cats="NP" score="13.668" /><word lex="of" start="59" end="61"><sense-info penn-parts-of-speech="IN" trips-parts-of-speech="PREP,ADV" /></word><word lex="Peru" start="62" end="66"><sense-info penn-parts-of-speech="NNP" trips-parts-of-speech="NAME" ont-types="GEOGRAPHIC-REGION" /></word><prefer text="Peru" start="62" end="66" penn-cats="NP" score="11.656" /><prefer text="of Peru" start="59" end="66" penn-cats="PP" score="12.723" /><prefer text="a map of Peru" start="53" end="66" penn-cats="NP" score="26.932" /><prefer text="at a map of Peru" start="50" end="66" penn-cats="PP" score="31.243" /><prefer text="looking at a map of Peru" start="42" end="66" penn-cats="VP" score="38.3" /><prefer text="looking at a map of Peru" start="42" end="66" penn-cats="S" score="39.951" /><prefer text="standing on the left , looking at a map of Peru" start="19" end="66" penn-cats="VP" score="69.579" /><prefer text="are standing on the left , looking at a map of Peru" start="15" end="66" penn-cats="VP" score="73.943" /><word lex="." start="67" end="67"><sense-info penn-parts-of-speech="FULL_STOP" trips-parts-of-speech="PUNC" /></word><prefer text="three children are standing on the left , looking at a map of Peru ." start="0" end="67" penn-cats="S" score="91.663" /></tags><tree><lisp>(UTT
<  (UTT
<   (NP
<    (VP
<     (VP- (V LOOKING)
<      (PP (PREP AT)
<       (NP (SPEC (DET (ART A)))
<        (N1 (N MAP) (PP (PREP OF) (NP (NAME PERU))))))))))
<  (PUNC PUNC-PERIOD))</lisp><UTT><UTT><NP><VP><VP-><V>LOOKING</V><PP><PREP>AT</PREP><NP><SPEC><DET><ART>A</ART></DET></SPEC><N1><N>MAP</N><PP><PREP>OF</PREP><NP><NAME>PERU</NAME></NP></PP></N1></NP></PP></VP-></VP></NP></UTT><PUNC>PUNC-PERIOD</PUNC></UTT></tree><terms root="#V345988"><lisp>((ONT::SPEECHACT ONT::V345988 ONT::SA_IDENTIFY :PUNCTYPE W::DECL :CONTENT
<   ONT::V345032 :START 42 :END 67)
<  (ONT::BARE ONT::V345032 (:* ONT::SCRUTINY W::LOOK) :NEUTRAL ONT::V345158
<   :START 42 :END 67)
<  (ONT::A ONT::V345158 (:* ONT::MAP W::MAP) :FIGURE ONT::V345171 :START 50 :END
<   67)
<  (ONT::THE ONT::V345171 (:* ONT::GEOGRAPHIC-REGION W::PERU) :NAME-OF (W::PERU)
<   :START 59 :END 67))</lisp><rdf:RDF
<   xmlns:rdf="http://www.w3.org/1999/02/22-rdf-syntax-ns#"
<   xmlns:role="http://www.cs.rochester.edu/research/trips/role#"
<   xmlns:LF="http://www.cs.rochester.edu/research/trips/LF#">
<   <rdf:Description rdf:ID="V345988">
<     <LF:indicator>SPEECHACT</LF:indicator>
<     <LF:type>SA_IDENTIFY</LF:type>
<     <role:PUNCTYPE>DECL</role:PUNCTYPE>
<     <role:CONTENT rdf:resource="#V345032" />
<     <LF:start>42</LF:start>
<     <LF:end>67</LF:end>
<   </rdf:Description>
<   <rdf:Description rdf:ID="V345032">
<     <LF:indicator>BARE</LF:indicator>
<     <LF:type>SCRUTINY</LF:type>
<     <LF:word>LOOK</LF:word>
<     <role:NEUTRAL rdf:resource="#V345158" />
<     <LF:start>42</LF:start>
<     <LF:end>67</LF:end>
<   </rdf:Description>
<   <rdf:Description rdf:ID="V345158">
<     <LF:indicator>A</LF:indicator>
<     <LF:type>MAP</LF:type>
<     <LF:word>MAP</LF:word>
<     <role:FIGURE rdf:resource="#V345171" />
<     <LF:start>50</LF:start>
<     <LF:end>67</LF:end>
<   </rdf:Description>
<   <rdf:Description rdf:ID="V345171">
<     <LF:indicator>THE</LF:indicator>
<     <LF:type>GEOGRAPHIC-REGION</LF:type>
<     <LF:word>PERU</LF:word>
<     <role:NAME-OF>(PERU)</role:NAME-OF>
<     <LF:start>59</LF:start>
<     <LF:end>67</LF:end>
<   </rdf:Description>
< </rdf:RDF>
< </terms></utt></compound-communication-act>
< </trips-parser-output>
\ No newline at end of file
---
> <SpRL>
>  <SCENE>
>   <SENTENCE id="s1" indicator="SPEECHACT" type="SA_TELL" start="0" end="42">
>    <TEXT>three children are standing on the left , l</TEXT>
>    <RELATION id="1" head="V353653" res="V344955" label="CONTENT"/>
>    <PHRASE id="V344955" indicator="F" type="BE-AT-LOC" text="STAND" TENSE="PRES" PROGR="+" start="0" end="42"/>
>    <RELATION id="2" head="V344955" res="V344931" label="NEUTRAL"/>
>    <RELATION id="3" head="V344955" res="V344963" label="TIME"/>
>    <PHRASE id="V344931" indicator="INDEF-SET" type="CHILD" text="CHILD" start="0" end="15"/>
>    <RELATION id="4" head="V344931" res="V344929" label="SIZE"/>
>    <PHRASE id="V344929" indicator="A" type="NUMBER" VALUE="3" start="0" end="6"/>
>    <PHRASE id="V344963" indicator="F" type="TIME-WEEKDAY-REL" text="ON" start="28" end="42"/>
>    <RELATION id="5" head="V344963" res="V345501" label="GROUND"/>
>    <RELATION id="6" head="V344963" res="V344955" label="FIGURE"/>
>    <PHRASE id="V345501" indicator="THE-SET" type="ANY-SEM" start="31" end="42"/>
>    <RELATION id="7" head="V345501" res="V344998" label="MOD"/>
>    <PHRASE id="V344998" indicator="F" type="REMAINING-VAL" text="REMAINING" start="35" end="40"/>
>    <RELATION id="8" head="V344998" res="V345501" label="FIGURE"/>
>   </SENTENCE>
>   <SENTENCE id="s2" indicator="SPEECHACT" type="SA_IDENTIFY" PUNCTYPE="DECL" start="42" end="67">
>    <TEXT>looking at a map of Peru .</TEXT>
>    <RELATION id="9" head="V345988" res="V345032" label="CONTENT"/>
>    <PHRASE id="V345032" indicator="BARE" type="SCRUTINY" text="LOOK" start="42" end="67"/>
>    <RELATION id="10" head="V345032" res="V345158" label="NEUTRAL"/>
>    <PHRASE id="V345158" indicator="A" type="MAP" text="MAP" start="50" end="67"/>
>    <RELATION id="11" head="V345158" res="V345171" label="FIGURE"/>
>    <PHRASE id="V345171" indicator="THE" type="GEOGRAPHIC-REGION" text="PERU" NAME-OF="(PERU)" start="59" end="67"/>
>   </SENTENCE>
>  </SCENE>
> </SpRL>
