2,233c2,31
< <?xml-stylesheet type="text/xsl" href="../style/parser-interface.xsl"?>
< <!DOCTYPE trips-parser-output SYSTEM "../trips-parser-output.dtd">
< <trips-parser-output parser-build-date="2017-09-20T12:11:02-0500" system="STEP" extsformat="svg" tagsformat="hidden" treecontents="phrase" treeformat="LinGO" lfformat="svg" semantic-skeleton-scoring="T" rule-sets="" input="Lots of locals ( both kids and adults ) in front of a blue building .
< ">
< <debug>
< *last-utt-id*=NIL  utt-id+8
< *last-utt-id*=8  utt-id+NIL
< 
<  FOUNDS SEQUENCE from constit (% W::NP (W::BARE-SEQUENCE -) (W::CONSTRAINT -)
<                                  (W::MASS W::BARE) (W::GENERATED +)
<                                  (W::POSTADVBL +)
<                                  (W::SEM ?8607:(?52745:(F::PHYS-OBJ
<                                                         F::ABSTR-OBJ) NIL))
<                                  (W::LF (% W::DESCRIPTION (W::STATUS ONT::DEFINITE)
<                                            (W::VAR V54132)
<                                            (W::SORT W::INDIVIDUAL)
<                                            (W::LEX (W::A))
<                                            (W::CLASS ONT::SEQUENCE)
<                                            (W::CONSTRAINT (% &amp; (W::NAME-OF (W::A))
<                                                              (W::VAL (W::A))))
<                                            (W::LEX W::A) (W::SEM ?52743)
<                                            (W::TRANSFORM ?52744)))
<                                  (W::CASE ?52742:(W::SUB W::OBJ -))
<                                  (W::AGR ?52741) (W::CLASS ONT::ANY-SEM)
<                                  (W::VAR V54132) (W::SORT W::PRED) (W::NAME -)
<                                  (W::PRO -) (W::CHANGEAGR -) (W::LEX W::A)
<                                  (W::HEADCAT W::VALUE) (W::TRANSFORM -)
<                                  (W::REFL -) (1 RNUMBER54353))
< *last-utt-id*=NIL  utt-id+8
< *last-utt-id*=8  utt-id+NIL</debug><utt><words><lisp>(W::LOTS W::OF W::LOCALS W::START-PAREN W::BOTH W::KIDS W::AND W::ADULTS
<  W::END-PAREN)</lisp><word>LOTS</word><word>OF</word><word>LOCALS</word><word>START-PAREN</word><word>BOTH</word><word>KIDS</word><word>AND</word><word>ADULTS</word><word>END-PAREN</word></words><tags><lisp>((WORD &quot;Lots&quot; :FRAME (0 4) :SENSE-INFO
<   ((:PENN-PARTS-OF-SPEECH (NNS) :TRIPS-PARTS-OF-SPEECH (W::N))) :UTTNUM 8
<   :CHANNEL DESKTOP :DIRECTION INPUT)
<  (PREFER &quot;Lots&quot; :FRAME (0 4) :PENN-CATS (NP) :TRIPS-CATS (W::NP) :SCORE 13.851
<   :UTTNUM 8 :CHANNEL DESKTOP :DIRECTION INPUT)
<  (WORD &quot;of&quot; :FRAME (5 7) :SENSE-INFO
<   ((:PENN-PARTS-OF-SPEECH (IN) :TRIPS-PARTS-OF-SPEECH (W::PREP W::ADV)))
<   :UTTNUM 8 :CHANNEL DESKTOP :DIRECTION INPUT)
<  (WORD &quot;locals&quot; :FRAME (8 14) :SENSE-INFO
<   ((:PENN-PARTS-OF-SPEECH (NNS) :TRIPS-PARTS-OF-SPEECH (W::N))) :UTTNUM 8
<   :CHANNEL DESKTOP :DIRECTION INPUT)
<  (PREFER &quot;locals&quot; :FRAME (8 14) :PENN-CATS (NP) :TRIPS-CATS (W::NP) :SCORE
<   13.463 :UTTNUM 8 :CHANNEL DESKTOP :DIRECTION INPUT)
<  (PREFER &quot;of locals&quot; :FRAME (5 14) :PENN-CATS (PP) :TRIPS-CATS (W::PP) :SCORE
<   14.53 :UTTNUM 8 :CHANNEL DESKTOP :DIRECTION INPUT)
<  (WORD &quot;(&quot; :FRAME (15 16) :SENSE-INFO
<   ((:PENN-PARTS-OF-SPEECH (VBP -LRB-) :TRIPS-PARTS-OF-SPEECH (W::V))) :UTTNUM 8
<   :CHANNEL DESKTOP :DIRECTION INPUT)
<  (WORD &quot;both&quot; :FRAME (17 21) :SENSE-INFO
<   ((:PENN-PARTS-OF-SPEECH (DT) :TRIPS-PARTS-OF-SPEECH (W::ART W::QUAN W::PRO)))
<   :UTTNUM 8 :CHANNEL DESKTOP :DIRECTION INPUT)
<  (WORD &quot;kids&quot; :FRAME (22 26) :SENSE-INFO
<   ((:PENN-PARTS-OF-SPEECH (NNS) :TRIPS-PARTS-OF-SPEECH (W::N))) :UTTNUM 8
<   :CHANNEL DESKTOP :DIRECTION INPUT)
<  (PREFER &quot;both kids&quot; :FRAME (17 26) :PENN-CATS (NP) :TRIPS-CATS (W::NP) :SCORE
<   17.586 :UTTNUM 8 :CHANNEL DESKTOP :DIRECTION INPUT)
<  (WORD &quot;and&quot; :FRAME (27 30) :SENSE-INFO
<   ((:PENN-PARTS-OF-SPEECH (CC) :TRIPS-PARTS-OF-SPEECH (W::CONJ))) :UTTNUM 8
<   :CHANNEL DESKTOP :DIRECTION INPUT)
<  (WORD &quot;adults&quot; :FRAME (31 37) :SENSE-INFO
<   ((:PENN-PARTS-OF-SPEECH (NNS) :TRIPS-PARTS-OF-SPEECH (W::N))) :UTTNUM 8
<   :CHANNEL DESKTOP :DIRECTION INPUT)
<  (PREFER &quot;adults&quot; :FRAME (31 37) :PENN-CATS (NP) :TRIPS-CATS (W::NP) :SCORE
<   10.873 :UTTNUM 8 :CHANNEL DESKTOP :DIRECTION INPUT)
<  (PREFER &quot;both kids and adults&quot; :FRAME (17 37) :PENN-CATS (NP) :TRIPS-CATS
<   (W::NP) :SCORE 31.168 :UTTNUM 8 :CHANNEL DESKTOP :DIRECTION INPUT)
<  (WORD &quot;)&quot; :FRAME (38 38) :SENSE-INFO
<   ((:PENN-PARTS-OF-SPEECH (VBP -RRB-) :TRIPS-PARTS-OF-SPEECH (W::V))) :UTTNUM 8
<   :CHANNEL DESKTOP :DIRECTION INPUT)
<  (PREFER &quot;( both kids and adults )&quot; :FRAME (15 38) :PENN-CATS (PRN) :SCORE
<   33.643 :UTTNUM 8 :CHANNEL DESKTOP :DIRECTION INPUT))</lisp><word lex="Lots" start="0" end="4"><sense-info penn-parts-of-speech="NNS" trips-parts-of-speech="N" /></word><prefer text="Lots" start="0" end="4" penn-cats="NP" score="13.851" /><word lex="of" start="5" end="7"><sense-info penn-parts-of-speech="IN" trips-parts-of-speech="PREP,ADV" /></word><word lex="locals" start="8" end="14"><sense-info penn-parts-of-speech="NNS" trips-parts-of-speech="N" /></word><prefer text="locals" start="8" end="14" penn-cats="NP" score="13.463" /><prefer text="of locals" start="5" end="14" penn-cats="PP" score="14.53" /><word lex="(" start="15" end="16"><sense-info penn-parts-of-speech="VBP,-LRB-" trips-parts-of-speech="V" /></word><word lex="both" start="17" end="21"><sense-info penn-parts-of-speech="DT" trips-parts-of-speech="ART,QUAN,PRO" /></word><word lex="kids" start="22" end="26"><sense-info penn-parts-of-speech="NNS" trips-parts-of-speech="N" /></word><prefer text="both kids" start="17" end="26" penn-cats="NP" score="17.586" /><word lex="and" start="27" end="30"><sense-info penn-parts-of-speech="CC" trips-parts-of-speech="CONJ" /></word><word lex="adults" start="31" end="37"><sense-info penn-parts-of-speech="NNS" trips-parts-of-speech="N" /></word><prefer text="adults" start="31" end="37" penn-cats="NP" score="10.873" /><prefer text="both kids and adults" start="17" end="37" penn-cats="NP" score="31.168" /><word lex=")" start="38" end="38"><sense-info penn-parts-of-speech="VBP,-RRB-" trips-parts-of-speech="V" /></word><prefer text="( both kids and adults )" start="15" end="38" penn-cats="PRN" score="33.643" /></tags><tree><lisp>(NP (NP (N1 (N1 (N LOTS)) (ADVBL (ADV OF) (NP (N1 (N LOCALS))))))
<  (PARENTHETICAL (PUNC START-PAREN)
<   (UTT
<    (NP (NP (SPEC (QUAN BOTH)) (N1 (N KIDS))) (CONJ AND) (NP (N1 (N ADULTS)))))
<   (PUNC END-PAREN)))</lisp><NP><NP><N1><N1><N>LOTS</N></N1><ADVBL><ADV>OF</ADV><NP><N1><N>LOCALS</N></N1></NP></ADVBL></N1></NP><PARENTHETICAL><PUNC>START-PAREN</PUNC><UTT><NP><NP><SPEC><QUAN>BOTH</QUAN></SPEC><N1><N>KIDS</N></N1></NP><CONJ>AND</CONJ><NP><N1><N>ADULTS</N></N1></NP></NP></UTT><PUNC>END-PAREN</PUNC></PARENTHETICAL></NP></tree><terms root="#V53035"><lisp>((ONT::INDEF-SET ONT::V53035 (:* ONT::AREA-DEF-BY-USE W::LOT) :PARENTHETICAL
<   ONT::V53070 :MOD ONT::V53042 :START 0 :END 38)
<  (ONT::F ONT::V53042 (:* ONT::CONTAIN-RELN W::OF) :GROUND ONT::V53049 :FIGURE
<   ONT::V53035 :START 5 :END 15)
<  (ONT::INDEF-SET ONT::V53049 (:* ONT::VEHICLE W::LOCALS) :START 8 :END 15)
<  (ONT::SPEECHACT ONT::V53165 ONT::SA_IDENTIFY :CONTENT ONT::V53070 :START 17
<   :END 38)
<  (ONT::INDEF-SET ONT::V53070 ONT::PERSON :OPERATOR ONT::AND :SEQUENCE
<   (ONT::V53066 ONT::V53079) :START 17 :END 38)
<  (ONT::THE-SET ONT::V53066 (:* ONT::CHILD W::KID) :SIZE ONT::BOTH :START 17
<   :END 27)
<  (ONT::INDEF-SET ONT::V53079 (:* ONT::PERSON W::ADULT) :START 31 :END 38))</lisp><rdf:RDF
<   xmlns:rdf="http://www.w3.org/1999/02/22-rdf-syntax-ns#"
<   xmlns:role="http://www.cs.rochester.edu/research/trips/role#"
<   xmlns:LF="http://www.cs.rochester.edu/research/trips/LF#">
<   <rdf:Description rdf:ID="V53035">
<     <LF:indicator>INDEF-SET</LF:indicator>
<     <LF:type>AREA-DEF-BY-USE</LF:type>
<     <LF:word>LOT</LF:word>
<     <role:PARENTHETICAL rdf:resource="#V53070" />
<     <role:MOD rdf:resource="#V53042" />
<     <LF:start>0</LF:start>
<     <LF:end>38</LF:end>
<   </rdf:Description>
<   <rdf:Description rdf:ID="V53042">
<     <LF:indicator>F</LF:indicator>
<     <LF:type>CONTAIN-RELN</LF:type>
<     <LF:word>OF</LF:word>
<     <role:GROUND rdf:resource="#V53049" />
<     <role:FIGURE rdf:resource="#V53035" />
<     <LF:start>5</LF:start>
<     <LF:end>15</LF:end>
<   </rdf:Description>
<   <rdf:Description rdf:ID="V53049">
<     <LF:indicator>INDEF-SET</LF:indicator>
<     <LF:type>VEHICLE</LF:type>
<     <LF:word>LOCALS</LF:word>
<     <LF:start>8</LF:start>
<     <LF:end>15</LF:end>
<   </rdf:Description>
<   <rdf:Description rdf:ID="V53165">
<     <LF:indicator>SPEECHACT</LF:indicator>
<     <LF:type>SA_IDENTIFY</LF:type>
<     <role:CONTENT rdf:resource="#V53070" />
<     <LF:start>17</LF:start>
<     <LF:end>38</LF:end>
<   </rdf:Description>
<   <rdf:Description rdf:ID="V53070">
<     <LF:indicator>INDEF-SET</LF:indicator>
<     <LF:type>PERSON</LF:type>
<     <role:OPERATOR>AND</role:OPERATOR>
<     <role:SEQUENCE rdf:resource="#V53066" />
<     <role:SEQUENCE1 rdf:resource="#V53079" />
<     <LF:start>17</LF:start>
<     <LF:end>38</LF:end>
<   </rdf:Description>
<   <rdf:Description rdf:ID="V53066">
<     <LF:indicator>THE-SET</LF:indicator>
<     <LF:type>CHILD</LF:type>
<     <LF:word>KID</LF:word>
<     <role:SIZE>BOTH</role:SIZE>
<     <LF:start>17</LF:start>
<     <LF:end>27</LF:end>
<   </rdf:Description>
<   <rdf:Description rdf:ID="V53079">
<     <LF:indicator>INDEF-SET</LF:indicator>
<     <LF:type>PERSON</LF:type>
<     <LF:word>ADULT</LF:word>
<     <LF:start>31</LF:start>
<     <LF:end>38</LF:end>
<   </rdf:Description>
< </rdf:RDF>
< </terms></utt><utt><words><lisp>(W::IN W::FRONT W::OF W::A W::BLUE W::BUILDING)</lisp><word>IN</word><word>FRONT</word><word>OF</word><word>A</word><word>BLUE</word><word>BUILDING</word></words><tags><lisp>((WORD &quot;in&quot; :FRAME (40 42) :SENSE-INFO
<   ((:PENN-PARTS-OF-SPEECH (IN) :TRIPS-PARTS-OF-SPEECH (W::PREP W::ADV)))
<   :UTTNUM 8 :CHANNEL DESKTOP :DIRECTION INPUT)
<  (WORD &quot;front&quot; :FRAME (43 48) :SENSE-INFO
<   ((:PENN-PARTS-OF-SPEECH (NN) :TRIPS-PARTS-OF-SPEECH (W::N))) :UTTNUM 8
<   :CHANNEL DESKTOP :DIRECTION INPUT)
<  (PREFER &quot;front&quot; :FRAME (43 48) :PENN-CATS (NP) :TRIPS-CATS (W::NP) :SCORE
<   10.944 :UTTNUM 8 :CHANNEL DESKTOP :DIRECTION INPUT)
<  (WORD &quot;in front&quot; :FRAME (40 48) :SENSE-INFO
<   ((:PENN-PARTS-OF-SPEECH (RB) :TRIPS-PARTS-OF-SPEECH (W::ADV) :WN-SENSE-KEYS
<     (&quot;in_front%4:02:00&quot;)))
<   :UTTNUM 8 :CHANNEL DESKTOP :DIRECTION INPUT)
<  (WORD &quot;of&quot; :FRAME (49 51) :SENSE-INFO
<   ((:PENN-PARTS-OF-SPEECH (IN) :TRIPS-PARTS-OF-SPEECH (W::PREP W::ADV)))
<   :UTTNUM 8 :CHANNEL DESKTOP :DIRECTION INPUT)
<  (WORD &quot;a&quot; :FRAME (52 53) :SENSE-INFO
<   ((:PENN-PARTS-OF-SPEECH (DT) :TRIPS-PARTS-OF-SPEECH (W::ART W::QUAN W::PRO)))
<   :UTTNUM 8 :CHANNEL DESKTOP :DIRECTION INPUT)
<  (WORD &quot;blue&quot; :FRAME (54 58) :SENSE-INFO
<   ((:PENN-PARTS-OF-SPEECH (NN JJ) :TRIPS-PARTS-OF-SPEECH (W::N W::ADJ)))
<   :UTTNUM 8 :CHANNEL DESKTOP :DIRECTION INPUT)
<  (WORD &quot;building&quot; :FRAME (59 67) :SENSE-INFO
<   ((:PENN-PARTS-OF-SPEECH (NN) :TRIPS-PARTS-OF-SPEECH (W::N))) :UTTNUM 8
<   :CHANNEL DESKTOP :DIRECTION INPUT)
<  (PREFER &quot;a blue building&quot; :FRAME (52 67) :PENN-CATS (NP) :TRIPS-CATS (W::NP)
<   :SCORE 19.333 :UTTNUM 8 :CHANNEL DESKTOP :DIRECTION INPUT)
<  (PREFER &quot;of a blue building&quot; :FRAME (49 67) :PENN-CATS (PP) :TRIPS-CATS
<   (W::PP) :SCORE 20.4 :UTTNUM 8 :CHANNEL DESKTOP :DIRECTION INPUT)
<  (PREFER &quot;front of a blue building&quot; :FRAME (43 67) :PENN-CATS (NP) :TRIPS-CATS
<   (W::NP) :SCORE 31.885 :UTTNUM 8 :CHANNEL DESKTOP :DIRECTION INPUT)
<  (PREFER &quot;in front of a blue building&quot; :FRAME (40 67) :PENN-CATS (PP)
<   :TRIPS-CATS (W::PP) :SCORE 35.482 :UTTNUM 8 :CHANNEL DESKTOP :DIRECTION
<   INPUT)
<  (WORD &quot;.&quot; :FRAME (68 68) :SENSE-INFO
<   ((:PENN-PARTS-OF-SPEECH (FULL_STOP) :TRIPS-PARTS-OF-SPEECH (W::PUNC)))
<   :UTTNUM 8 :CHANNEL DESKTOP :DIRECTION INPUT))</lisp><word lex="in" start="40" end="42"><sense-info penn-parts-of-speech="IN" trips-parts-of-speech="PREP,ADV" /></word><word lex="front" start="43" end="48"><sense-info penn-parts-of-speech="NN" trips-parts-of-speech="N" /></word><prefer text="front" start="43" end="48" penn-cats="NP" score="10.944" /><word lex="in front" start="40" end="48"><sense-info penn-parts-of-speech="RB" trips-parts-of-speech="ADV" wn-sense-keys="in_front%4:02:00" /></word><word lex="of" start="49" end="51"><sense-info penn-parts-of-speech="IN" trips-parts-of-speech="PREP,ADV" /></word><word lex="a" start="52" end="53"><sense-info penn-parts-of-speech="DT" trips-parts-of-speech="ART,QUAN,PRO" /></word><word lex="blue" start="54" end="58"><sense-info penn-parts-of-speech="NN,JJ" trips-parts-of-speech="N,ADJ" /></word><word lex="building" start="59" end="67"><sense-info penn-parts-of-speech="NN" trips-parts-of-speech="N" /></word><prefer text="a blue building" start="52" end="67" penn-cats="NP" score="19.333" /><prefer text="of a blue building" start="49" end="67" penn-cats="PP" score="20.4" /><prefer text="front of a blue building" start="43" end="67" penn-cats="NP" score="31.885" /><prefer text="in front of a blue building" start="40" end="67" penn-cats="PP" score="35.482" /><word lex="." start="68" end="68"><sense-info penn-parts-of-speech="FULL_STOP" trips-parts-of-speech="PUNC" /></word></tags><tree><lisp>(ADVBL (ADV IN)
<  (NP
<   (N1 (N FRONT)
<    (PP (PREP OF)
<     (NP (SPEC (DET (ART A)))
<      (N1 (ADJP (ADJ1 (ADJ BLUE))) (N1 (N BUILDING))))))))</lisp><ADVBL><ADV>IN</ADV><NP><N1><N>FRONT</N><PP><PREP>OF</PREP><NP><SPEC><DET><ART>A</ART></DET></SPEC><N1><ADJP><ADJ1><ADJ>BLUE</ADJ></ADJ1></ADJP><N1><N>BUILDING</N></N1></N1></NP></PP></N1></NP></ADVBL></tree><terms root="#V53397"><lisp>((ONT::F ONT::V53397 (:* ONT::IN-LOC W::IN) :GROUND ONT::V53446 :START 40 :END
<   68)
<  (ONT::BARE ONT::V53446 (:* ONT::OBJECT-DEPENDENT-LOCATION W::FRONT) :FIGURE
<   ONT::V53564 :START 43 :END 68)
<  (ONT::A ONT::V53564 (:* ONT::GENERAL-STRUCTURE W::BUILDING) :MOD ONT::V53548
<   :START 49 :END 68)
<  (ONT::F ONT::V53548 (:* ONT::BLUE W::BLUE) :FIGURE ONT::V53564 :SCALE
<   ONT::COLOR-SCALE :START 54 :END 59))</lisp><rdf:RDF
<   xmlns:rdf="http://www.w3.org/1999/02/22-rdf-syntax-ns#"
<   xmlns:role="http://www.cs.rochester.edu/research/trips/role#"
<   xmlns:LF="http://www.cs.rochester.edu/research/trips/LF#">
<   <rdf:Description rdf:ID="V53397">
<     <LF:indicator>F</LF:indicator>
<     <LF:type>IN-LOC</LF:type>
<     <LF:word>IN</LF:word>
<     <role:GROUND rdf:resource="#V53446" />
<     <LF:start>40</LF:start>
<     <LF:end>68</LF:end>
<   </rdf:Description>
<   <rdf:Description rdf:ID="V53446">
<     <LF:indicator>BARE</LF:indicator>
<     <LF:type>OBJECT-DEPENDENT-LOCATION</LF:type>
<     <LF:word>FRONT</LF:word>
<     <role:FIGURE rdf:resource="#V53564" />
<     <LF:start>43</LF:start>
<     <LF:end>68</LF:end>
<   </rdf:Description>
<   <rdf:Description rdf:ID="V53564">
<     <LF:indicator>A</LF:indicator>
<     <LF:type>GENERAL-STRUCTURE</LF:type>
<     <LF:word>BUILDING</LF:word>
<     <role:MOD rdf:resource="#V53548" />
<     <LF:start>49</LF:start>
<     <LF:end>68</LF:end>
<   </rdf:Description>
<   <rdf:Description rdf:ID="V53548">
<     <LF:indicator>F</LF:indicator>
<     <LF:type>BLUE</LF:type>
<     <LF:word>BLUE</LF:word>
<     <role:FIGURE rdf:resource="#V53564" />
<     <role:SCALE>COLOR-SCALE</role:SCALE>
<     <LF:start>54</LF:start>
<     <LF:end>59</LF:end>
<   </rdf:Description>
< </rdf:RDF>
< </terms></utt></trips-parser-output>
\ No newline at end of file
---
> <SpRL>
>  <SCENE>
>   <SENTENCE id="s1" indicator="INDEF-SET" type="AREA-DEF-BY-USE" text="LOT" start="0" end="38">
>    <TEXT>Lots of locals ( both kids and adults )</TEXT>
>    <RELATION id="1" head="V53035" res="V53070" label="PARENTHETICAL"/>
>    <RELATION id="2" head="V53035" res="V53042" label="MOD"/>
>    <PHRASE id="V53042" indicator="F" type="CONTAIN-RELN" text="OF" start="5" end="15"/>
>    <RELATION id="3" head="V53042" res="V53049" label="GROUND"/>
>    <RELATION id="4" head="V53042" res="V53035" label="FIGURE"/>
>    <PHRASE id="V53049" indicator="INDEF-SET" type="VEHICLE" text="LOCALS" start="8" end="15"/>
>    <PHRASE id="V53165" indicator="SPEECHACT" type="SA_IDENTIFY" start="17" end="38"/>
>    <RELATION id="5" head="V53165" res="V53070" label="CONTENT"/>
>    <PHRASE id="V53070" indicator="INDEF-SET" type="PERSON" OPERATOR="AND" start="17" end="38"/>
>    <RELATION id="6" head="V53070" res="V53066" label="SEQUENCE"/>
>    <RELATION id="7" head="V53070" res="V53079" label="SEQUENCE1"/>
>    <PHRASE id="V53066" indicator="THE-SET" type="CHILD" text="KID" SIZE="BOTH" start="17" end="27"/>
>    <PHRASE id="V53079" indicator="INDEF-SET" type="PERSON" text="ADULT" start="31" end="38"/>
>   </SENTENCE>
>   <SENTENCE id="s2" indicator="F" type="IN-LOC" text="IN" start="40" end="68">
>    <TEXT>in front of a blue building .</TEXT>
>    <RELATION id="8" head="V53397" res="V53446" label="GROUND"/>
>    <PHRASE id="V53446" indicator="BARE" type="OBJECT-DEPENDENT-LOCATION" text="FRONT" start="43" end="68"/>
>    <RELATION id="9" head="V53446" res="V53564" label="FIGURE"/>
>    <PHRASE id="V53564" indicator="A" type="GENERAL-STRUCTURE" text="BUILDING" start="49" end="68"/>
>    <RELATION id="10" head="V53564" res="V53548" label="MOD"/>
>    <PHRASE id="V53548" indicator="F" type="BLUE" text="BLUE" SCALE="COLOR-SCALE" start="54" end="59"/>
>    <RELATION id="11" head="V53548" res="V53564" label="FIGURE"/>
>   </SENTENCE>
>  </SCENE>
> </SpRL>
