2,251c2,33
< <?xml-stylesheet type="text/xsl" href="../style/parser-interface.xsl"?>
< <!DOCTYPE trips-parser-output SYSTEM "../trips-parser-output.dtd">
< <trips-parser-output parser-build-date="2017-09-20T12:11:02-0500" system="STEP" extsformat="svg" tagsformat="hidden" treecontents="phrase" treeformat="LinGO" lfformat="svg" semantic-skeleton-scoring="T" rule-sets="" input="red roofed houses in the foreground , with a hill and rugged rocks in the background .
< ">
< <debug>
< 
<  FOUNDS SEQUENCE from constit (% W::NP (W::BARE-SEQUENCE -) (W::CONSTRAINT -)
<                                  (W::MASS W::BARE) (W::GENERATED +)
<                                  (W::POSTADVBL +)
<                                  (W::SEM ?8607:(?39975:(F::PHYS-OBJ
<                                                         F::ABSTR-OBJ) NIL))
<                                  (W::LF (% W::DESCRIPTION (W::STATUS ONT::DEFINITE)
<                                            (W::VAR V38438)
<                                            (W::SORT W::INDIVIDUAL)
<                                            (W::LEX (W::A))
<                                            (W::CLASS ONT::SEQUENCE)
<                                            (W::CONSTRAINT (% &amp; (W::NAME-OF (W::A))
<                                                              (W::VAL (W::A))))
<                                            (W::LEX W::A) (W::SEM ?39973)
<                                            (W::TRANSFORM ?39974)))
<                                  (W::CASE ?39972:(W::SUB W::OBJ -))
<                                  (W::AGR ?39971) (W::CLASS ONT::ANY-SEM)
<                                  (W::VAR V38438) (W::SORT W::PRED) (W::NAME -)
<                                  (W::PRO -) (W::CHANGEAGR -) (W::LEX W::A)
<                                  (W::HEADCAT W::VALUE) (W::TRANSFORM -)
<                                  (W::REFL -) (1 RNUMBER38545))
< *last-utt-id*=NIL  utt-id+4
< *last-utt-id*=4  utt-id+NIL</debug><utt><words><lisp>(W::RED W::ROOFED W::HOUSES W::IN W::THE W::FOREGROUND W::PUNC-COMMA W::WITH
<  W::A W::HILL W::AND W::RUGGED W::ROCKS W::IN W::THE W::BACKGROUND
<  W::PUNC-PERIOD)</lisp><word>RED</word><word>ROOFED</word><word>HOUSES</word><word>IN</word><word>THE</word><word>FOREGROUND</word><word>PUNC-COMMA</word><word>WITH</word><word>A</word><word>HILL</word><word>AND</word><word>RUGGED</word><word>ROCKS</word><word>IN</word><word>THE</word><word>BACKGROUND</word><word>PUNC-PERIOD</word></words><tags><lisp>((WORD &quot;red&quot; :FRAME (0 3) :SENSE-INFO
<   ((:PENN-PARTS-OF-SPEECH (JJ NN) :TRIPS-PARTS-OF-SPEECH (W::ADJ W::N)))
<   :UTTNUM 4 :CHANNEL DESKTOP :DIRECTION INPUT)
<  (PREFER &quot;red&quot; :FRAME (0 3) :PENN-CATS (NP) :TRIPS-CATS (W::NP) :SCORE 13.231
<   :UTTNUM 4 :CHANNEL DESKTOP :DIRECTION INPUT)
<  (WORD &quot;roofed&quot; :FRAME (4 10) :SENSE-INFO
<   ((:PENN-PARTS-OF-SPEECH (VBD) :TRIPS-PARTS-OF-SPEECH (W::V))) :UTTNUM 4
<   :CHANNEL DESKTOP :DIRECTION INPUT)
<  (WORD &quot;houses&quot; :FRAME (11 17) :SENSE-INFO
<   ((:PENN-PARTS-OF-SPEECH (NNS) :TRIPS-PARTS-OF-SPEECH (W::N))) :UTTNUM 4
<   :CHANNEL DESKTOP :DIRECTION INPUT)
<  (PREFER &quot;houses&quot; :FRAME (11 17) :PENN-CATS (NP) :TRIPS-CATS (W::NP) :SCORE
<   9.329 :UTTNUM 4 :CHANNEL DESKTOP :DIRECTION INPUT)
<  (WORD &quot;in&quot; :FRAME (18 20) :SENSE-INFO
<   ((:PENN-PARTS-OF-SPEECH (IN) :TRIPS-PARTS-OF-SPEECH (W::PREP W::ADV)))
<   :UTTNUM 4 :CHANNEL DESKTOP :DIRECTION INPUT)
<  (WORD &quot;the&quot; :FRAME (21 24) :SENSE-INFO
<   ((:PENN-PARTS-OF-SPEECH (DT) :TRIPS-PARTS-OF-SPEECH (W::ART W::QUAN W::PRO)))
<   :UTTNUM 4 :CHANNEL DESKTOP :DIRECTION INPUT)
<  (WORD &quot;foreground&quot; :FRAME (25 35) :SENSE-INFO
<   ((:PENN-PARTS-OF-SPEECH (NN) :TRIPS-PARTS-OF-SPEECH (W::N))) :UTTNUM 4
<   :CHANNEL DESKTOP :DIRECTION INPUT)
<  (PREFER &quot;the foreground&quot; :FRAME (21 35) :PENN-CATS (NP) :TRIPS-CATS (W::NP)
<   :SCORE 14.817 :UTTNUM 4 :CHANNEL DESKTOP :DIRECTION INPUT)
<  (PREFER &quot;in the foreground&quot; :FRAME (18 35) :PENN-CATS (PP) :TRIPS-CATS (W::PP)
<   :SCORE 17.042 :UTTNUM 4 :CHANNEL DESKTOP :DIRECTION INPUT)
<  (WORD &quot;,&quot; :FRAME (36 37) :SENSE-INFO
<   ((:PENN-PARTS-OF-SPEECH (COMMA) :TRIPS-PARTS-OF-SPEECH (W::PUNC))) :UTTNUM 4
<   :CHANNEL DESKTOP :DIRECTION INPUT)
<  (WORD &quot;with&quot; :FRAME (38 42) :SENSE-INFO
<   ((:PENN-PARTS-OF-SPEECH (IN) :TRIPS-PARTS-OF-SPEECH (W::PREP W::ADV)))
<   :UTTNUM 4 :CHANNEL DESKTOP :DIRECTION INPUT)
<  (WORD &quot;a&quot; :FRAME (43 44) :SENSE-INFO
<   ((:PENN-PARTS-OF-SPEECH (DT) :TRIPS-PARTS-OF-SPEECH (W::ART W::QUAN W::PRO)))
<   :UTTNUM 4 :CHANNEL DESKTOP :DIRECTION INPUT)
<  (WORD &quot;hill&quot; :FRAME (45 49) :SENSE-INFO
<   ((:PENN-PARTS-OF-SPEECH (NN) :TRIPS-PARTS-OF-SPEECH (W::N))) :UTTNUM 4
<   :CHANNEL DESKTOP :DIRECTION INPUT)
<  (PREFER &quot;a hill&quot; :FRAME (43 49) :PENN-CATS (NP) :TRIPS-CATS (W::NP) :SCORE
<   13.678 :UTTNUM 4 :CHANNEL DESKTOP :DIRECTION INPUT)
<  (WORD &quot;and&quot; :FRAME (50 53) :SENSE-INFO
<   ((:PENN-PARTS-OF-SPEECH (CC) :TRIPS-PARTS-OF-SPEECH (W::CONJ))) :UTTNUM 4
<   :CHANNEL DESKTOP :DIRECTION INPUT)
<  (WORD &quot;rugged&quot; :FRAME (54 60) :SENSE-INFO
<   ((:PENN-PARTS-OF-SPEECH (JJ) :TRIPS-PARTS-OF-SPEECH (W::ADJ))) :UTTNUM 4
<   :CHANNEL DESKTOP :DIRECTION INPUT)
<  (WORD &quot;rocks&quot; :FRAME (61 66) :SENSE-INFO
<   ((:PENN-PARTS-OF-SPEECH (NNS) :TRIPS-PARTS-OF-SPEECH (W::N))) :UTTNUM 4
<   :CHANNEL DESKTOP :DIRECTION INPUT)
<  (PREFER &quot;rugged rocks&quot; :FRAME (54 66) :PENN-CATS (NP) :TRIPS-CATS (W::NP)
<   :SCORE 23.316 :UTTNUM 4 :CHANNEL DESKTOP :DIRECTION INPUT)
<  (WORD &quot;in&quot; :FRAME (67 69) :SENSE-INFO
<   ((:PENN-PARTS-OF-SPEECH (IN) :TRIPS-PARTS-OF-SPEECH (W::PREP W::ADV)))
<   :UTTNUM 4 :CHANNEL DESKTOP :DIRECTION INPUT)
<  (WORD &quot;the&quot; :FRAME (70 73) :SENSE-INFO
<   ((:PENN-PARTS-OF-SPEECH (DT) :TRIPS-PARTS-OF-SPEECH (W::ART W::QUAN W::PRO)))
<   :UTTNUM 4 :CHANNEL DESKTOP :DIRECTION INPUT)
<  (WORD &quot;background&quot; :FRAME (74 84) :SENSE-INFO
<   ((:PENN-PARTS-OF-SPEECH (NN) :TRIPS-PARTS-OF-SPEECH (W::N))) :UTTNUM 4
<   :CHANNEL DESKTOP :DIRECTION INPUT)
<  (PREFER &quot;the background&quot; :FRAME (70 84) :PENN-CATS (NP) :TRIPS-CATS (W::NP)
<   :SCORE 11.972 :UTTNUM 4 :CHANNEL DESKTOP :DIRECTION INPUT)
<  (PREFER &quot;in the background&quot; :FRAME (67 84) :PENN-CATS (PP) :TRIPS-CATS (W::PP)
<   :SCORE 14.224 :UTTNUM 4 :CHANNEL DESKTOP :DIRECTION INPUT)
<  (PREFER &quot;rugged rocks in the background&quot; :FRAME (54 84) :PENN-CATS (NP)
<   :TRIPS-CATS (W::NP) :SCORE 38.201 :UTTNUM 4 :CHANNEL DESKTOP :DIRECTION
<   INPUT)
<  (PREFER &quot;a hill and rugged rocks in the background&quot; :FRAME (43 84) :PENN-CATS
<   (NP) :TRIPS-CATS (W::NP) :SCORE 56.61 :UTTNUM 4 :CHANNEL DESKTOP :DIRECTION
<   INPUT)
<  (PREFER &quot;with a hill and rugged rocks in the background&quot; :FRAME (38 84)
<   :PENN-CATS (PP) :TRIPS-CATS (W::PP) :SCORE 60.86 :UTTNUM 4 :CHANNEL DESKTOP
<   :DIRECTION INPUT)
<  (PREFER
<   &quot;roofed houses in the foreground , with a hill and rugged rocks in the background&quot;
<   :FRAME (4 84) :PENN-CATS (VP) :TRIPS-CATS (W::VP) :SCORE 106.708 :UTTNUM 4
<   :CHANNEL DESKTOP :DIRECTION INPUT)
<  (WORD &quot;.&quot; :FRAME (85 85) :SENSE-INFO
<   ((:PENN-PARTS-OF-SPEECH (FULL_STOP) :TRIPS-PARTS-OF-SPEECH (W::PUNC)))
<   :UTTNUM 4 :CHANNEL DESKTOP :DIRECTION INPUT)
<  (PREFER
<   &quot;red roofed houses in the foreground , with a hill and rugged rocks in the background .&quot;
<   :FRAME (0 85) :PENN-CATS (S) :SCORE 121.081 :UTTNUM 4 :CHANNEL DESKTOP
<   :DIRECTION INPUT))</lisp><word lex="red" start="0" end="3"><sense-info penn-parts-of-speech="JJ,NN" trips-parts-of-speech="ADJ,N" /></word><prefer text="red" start="0" end="3" penn-cats="NP" score="13.231" /><word lex="roofed" start="4" end="10"><sense-info penn-parts-of-speech="VBD" trips-parts-of-speech="V" /></word><word lex="houses" start="11" end="17"><sense-info penn-parts-of-speech="NNS" trips-parts-of-speech="N" /></word><prefer text="houses" start="11" end="17" penn-cats="NP" score="9.329" /><word lex="in" start="18" end="20"><sense-info penn-parts-of-speech="IN" trips-parts-of-speech="PREP,ADV" /></word><word lex="the" start="21" end="24"><sense-info penn-parts-of-speech="DT" trips-parts-of-speech="ART,QUAN,PRO" /></word><word lex="foreground" start="25" end="35"><sense-info penn-parts-of-speech="NN" trips-parts-of-speech="N" /></word><prefer text="the foreground" start="21" end="35" penn-cats="NP" score="14.817" /><prefer text="in the foreground" start="18" end="35" penn-cats="PP" score="17.042" /><word lex="," start="36" end="37"><sense-info penn-parts-of-speech="COMMA" trips-parts-of-speech="PUNC" /></word><word lex="with" start="38" end="42"><sense-info penn-parts-of-speech="IN" trips-parts-of-speech="PREP,ADV" /></word><word lex="a" start="43" end="44"><sense-info penn-parts-of-speech="DT" trips-parts-of-speech="ART,QUAN,PRO" /></word><word lex="hill" start="45" end="49"><sense-info penn-parts-of-speech="NN" trips-parts-of-speech="N" /></word><prefer text="a hill" start="43" end="49" penn-cats="NP" score="13.678" /><word lex="and" start="50" end="53"><sense-info penn-parts-of-speech="CC" trips-parts-of-speech="CONJ" /></word><word lex="rugged" start="54" end="60"><sense-info penn-parts-of-speech="JJ" trips-parts-of-speech="ADJ" /></word><word lex="rocks" start="61" end="66"><sense-info penn-parts-of-speech="NNS" trips-parts-of-speech="N" /></word><prefer text="rugged rocks" start="54" end="66" penn-cats="NP" score="23.316" /><word lex="in" start="67" end="69"><sense-info penn-parts-of-speech="IN" trips-parts-of-speech="PREP,ADV" /></word><word lex="the" start="70" end="73"><sense-info penn-parts-of-speech="DT" trips-parts-of-speech="ART,QUAN,PRO" /></word><word lex="background" start="74" end="84"><sense-info penn-parts-of-speech="NN" trips-parts-of-speech="N" /></word><prefer text="the background" start="70" end="84" penn-cats="NP" score="11.972" /><prefer text="in the background" start="67" end="84" penn-cats="PP" score="14.224" /><prefer text="rugged rocks in the background" start="54" end="84" penn-cats="NP" score="38.201" /><prefer text="a hill and rugged rocks in the background" start="43" end="84" penn-cats="NP" score="56.61" /><prefer text="with a hill and rugged rocks in the background" start="38" end="84" penn-cats="PP" score="60.86" /><prefer text="roofed houses in the foreground , with a hill and rugged rocks in the background" start="4" end="84" penn-cats="VP" score="106.708" /><word lex="." start="85" end="85"><sense-info penn-parts-of-speech="FULL_STOP" trips-parts-of-speech="PUNC" /></word><prefer text="red roofed houses in the foreground , with a hill and rugged rocks in the background ." start="0" end="85" penn-cats="S" score="121.081" /></tags><tree><lisp>(UTT
<  (UTT
<   (S (NP (N1 (N RED)))
<    (VP
<     (VP- (V ROOFED) (NP (N1 (N HOUSES)))
<      (PP (PREP IN)
<       (NP (SPEC (DET (ART THE)))
<        (N1 (N1 (N FOREGROUND))
<         (ADVBL (ADV (PUNC PUNC-COMMA) (ADV WITH))
<          (NP (NP (SPEC (DET (ART A))) (N1 (N HILL))) (CONJ AND)
<           (NP
<            (N1 (N1 (ADJP (ADJ1 (ADJ RUGGED))) (N1 (N ROCKS)))
<             (ADVBL (ADV IN)
<              (NP (SPEC (DET (ART THE))) (N1 (N BACKGROUND)))))))))))))))
<  (PUNC PUNC-PERIOD))</lisp><UTT><UTT><S><NP><N1><N>RED</N></N1></NP><VP><VP-><V>ROOFED</V><NP><N1><N>HOUSES</N></N1></NP><PP><PREP>IN</PREP><NP><SPEC><DET><ART>THE</ART></DET></SPEC><N1><N1><N>FOREGROUND</N></N1><ADVBL><ADV><PUNC>PUNC-COMMA</PUNC><ADV>WITH</ADV></ADV><NP><NP><SPEC><DET><ART>A</ART></DET></SPEC><N1><N>HILL</N></N1></NP><CONJ>AND</CONJ><NP><N1><N1><ADJP><ADJ1><ADJ>RUGGED</ADJ></ADJ1></ADJP><N1><N>ROCKS</N></N1></N1><ADVBL><ADV>IN</ADV><NP><SPEC><DET><ART>THE</ART></DET></SPEC><N1><N>BACKGROUND</N></N1></NP></ADVBL></N1></NP></NP></ADVBL></N1></NP></PP></VP-></VP></S></UTT><PUNC>PUNC-PERIOD</PUNC></UTT></tree><terms root="#V40197"><lisp>((ONT::SPEECHACT ONT::V40197 ONT::SA_TELL :PUNCTYPE W::DECL :CONTENT
<   ONT::V37428 :START 0 :END 85)
<  (ONT::F ONT::V37428 (:* ONT::COVER W::ROOFED) :AGENT ONT::V37419 :AFFECTED
<   ONT::V37435 :AFFECTED1 ONT::V37500 :TENSE W::PAST :START 0 :END 85)
<  (ONT::BARE ONT::V37419 (:* ONT::PERSON W::RED) :START 0 :END 4)
<  (ONT::INDEF-SET ONT::V37435 (:* ONT::LODGING W::HOUSE) :START 11 :END 18)
<  (ONT::THE ONT::V37500 (:* ONT::KNOWLEDGE-BELIEF W::FOREGROUND) :MOD
<   ONT::V37510 :START 18 :END 85)
<  (ONT::F ONT::V37510 (:* ONT::ASSOC-WITH W::WITH) :GROUND ONT::V37571 :FIGURE
<   ONT::V37500 :START 36 :END 85)
<  (ONT::INDEF-SET ONT::V37571 ONT::PHYS-OBJECT :OPERATOR ONT::AND :SEQUENCE
<   (ONT::V37566 ONT::V37589) :START 43 :END 85)
<  (ONT::A ONT::V37566 (:* ONT::MANUFACTURED-OBJECT W::HILL) :START 43 :END 50)
<  (ONT::INDEF-SET ONT::V37589 (:* ONT::NATURAL-OBJECT W::ROCK) :LOCATION
<   ONT::V37597 :MOD ONT::V37581 :START 54 :END 85)
<  (ONT::F ONT::V37581 (:* ONT::NOT-SMOOTH-VAL W::RUGGED) :FIGURE ONT::V37589
<   :START 54 :END 61)
<  (ONT::F ONT::V37597 (:* ONT::IN-LOC W::IN) :GROUND ONT::V37653 :FIGURE
<   ONT::V37589 :START 67 :END 85)
<  (ONT::THE ONT::V37653 (:* ONT::IMAGE W::BACKGROUND) :START 70 :END 85))</lisp><rdf:RDF
<   xmlns:rdf="http://www.w3.org/1999/02/22-rdf-syntax-ns#"
<   xmlns:role="http://www.cs.rochester.edu/research/trips/role#"
<   xmlns:LF="http://www.cs.rochester.edu/research/trips/LF#">
<   <rdf:Description rdf:ID="V40197">
<     <LF:indicator>SPEECHACT</LF:indicator>
<     <LF:type>SA_TELL</LF:type>
<     <role:PUNCTYPE>DECL</role:PUNCTYPE>
<     <role:CONTENT rdf:resource="#V37428" />
<     <LF:start>0</LF:start>
<     <LF:end>85</LF:end>
<   </rdf:Description>
<   <rdf:Description rdf:ID="V37428">
<     <LF:indicator>F</LF:indicator>
<     <LF:type>COVER</LF:type>
<     <LF:word>ROOFED</LF:word>
<     <role:AGENT rdf:resource="#V37419" />
<     <role:AFFECTED rdf:resource="#V37435" />
<     <role:AFFECTED1 rdf:resource="#V37500" />
<     <role:TENSE>PAST</role:TENSE>
<     <LF:start>0</LF:start>
<     <LF:end>85</LF:end>
<   </rdf:Description>
<   <rdf:Description rdf:ID="V37419">
<     <LF:indicator>BARE</LF:indicator>
<     <LF:type>PERSON</LF:type>
<     <LF:word>RED</LF:word>
<     <LF:start>0</LF:start>
<     <LF:end>4</LF:end>
<   </rdf:Description>
<   <rdf:Description rdf:ID="V37435">
<     <LF:indicator>INDEF-SET</LF:indicator>
<     <LF:type>LODGING</LF:type>
<     <LF:word>HOUSE</LF:word>
<     <LF:start>11</LF:start>
<     <LF:end>18</LF:end>
<   </rdf:Description>
<   <rdf:Description rdf:ID="V37500">
<     <LF:indicator>THE</LF:indicator>
<     <LF:type>KNOWLEDGE-BELIEF</LF:type>
<     <LF:word>FOREGROUND</LF:word>
<     <role:MOD rdf:resource="#V37510" />
<     <LF:start>18</LF:start>
<     <LF:end>85</LF:end>
<   </rdf:Description>
<   <rdf:Description rdf:ID="V37510">
<     <LF:indicator>F</LF:indicator>
<     <LF:type>ASSOC-WITH</LF:type>
<     <LF:word>WITH</LF:word>
<     <role:GROUND rdf:resource="#V37571" />
<     <role:FIGURE rdf:resource="#V37500" />
<     <LF:start>36</LF:start>
<     <LF:end>85</LF:end>
<   </rdf:Description>
<   <rdf:Description rdf:ID="V37571">
<     <LF:indicator>INDEF-SET</LF:indicator>
<     <LF:type>PHYS-OBJECT</LF:type>
<     <role:OPERATOR>AND</role:OPERATOR>
<     <role:SEQUENCE rdf:resource="#V37566" />
<     <role:SEQUENCE1 rdf:resource="#V37589" />
<     <LF:start>43</LF:start>
<     <LF:end>85</LF:end>
<   </rdf:Description>
<   <rdf:Description rdf:ID="V37566">
<     <LF:indicator>A</LF:indicator>
<     <LF:type>MANUFACTURED-OBJECT</LF:type>
<     <LF:word>HILL</LF:word>
<     <LF:start>43</LF:start>
<     <LF:end>50</LF:end>
<   </rdf:Description>
<   <rdf:Description rdf:ID="V37589">
<     <LF:indicator>INDEF-SET</LF:indicator>
<     <LF:type>NATURAL-OBJECT</LF:type>
<     <LF:word>ROCK</LF:word>
<     <role:LOCATION rdf:resource="#V37597" />
<     <role:MOD rdf:resource="#V37581" />
<     <LF:start>54</LF:start>
<     <LF:end>85</LF:end>
<   </rdf:Description>
<   <rdf:Description rdf:ID="V37581">
<     <LF:indicator>F</LF:indicator>
<     <LF:type>NOT-SMOOTH-VAL</LF:type>
<     <LF:word>RUGGED</LF:word>
<     <role:FIGURE rdf:resource="#V37589" />
<     <LF:start>54</LF:start>
<     <LF:end>61</LF:end>
<   </rdf:Description>
<   <rdf:Description rdf:ID="V37597">
<     <LF:indicator>F</LF:indicator>
<     <LF:type>IN-LOC</LF:type>
<     <LF:word>IN</LF:word>
<     <role:GROUND rdf:resource="#V37653" />
<     <role:FIGURE rdf:resource="#V37589" />
<     <LF:start>67</LF:start>
<     <LF:end>85</LF:end>
<   </rdf:Description>
<   <rdf:Description rdf:ID="V37653">
<     <LF:indicator>THE</LF:indicator>
<     <LF:type>IMAGE</LF:type>
<     <LF:word>BACKGROUND</LF:word>
<     <LF:start>70</LF:start>
<     <LF:end>85</LF:end>
<   </rdf:Description>
< </rdf:RDF>
< </terms></utt></trips-parser-output>
\ No newline at end of file
---
> <SpRL>
>  <SCENE>
>   <SENTENCE id="s1" indicator="SPEECHACT" type="SA_TELL" PUNCTYPE="DECL" start="0" end="85">
>    <TEXT>red roofed houses in the foreground , with a hill and rugged rocks in the background .</TEXT>
>    <RELATION id="1" head="V40197" res="V37428" label="CONTENT"/>
>    <PHRASE id="V37428" indicator="F" type="COVER" text="ROOFED" TENSE="PAST" start="0" end="85"/>
>    <RELATION id="2" head="V37428" res="V37419" label="AGENT"/>
>    <RELATION id="3" head="V37428" res="V37435" label="AFFECTED"/>
>    <RELATION id="4" head="V37428" res="V37500" label="AFFECTED1"/>
>    <PHRASE id="V37419" indicator="BARE" type="PERSON" text="RED" start="0" end="4"/>
>    <PHRASE id="V37435" indicator="INDEF-SET" type="LODGING" text="HOUSE" start="11" end="18"/>
>    <PHRASE id="V37500" indicator="THE" type="KNOWLEDGE-BELIEF" text="FOREGROUND" start="18" end="85"/>
>    <RELATION id="5" head="V37500" res="V37510" label="MOD"/>
>    <PHRASE id="V37510" indicator="F" type="ASSOC-WITH" text="WITH" start="36" end="85"/>
>    <RELATION id="6" head="V37510" res="V37571" label="GROUND"/>
>    <RELATION id="7" head="V37510" res="V37500" label="FIGURE"/>
>    <PHRASE id="V37571" indicator="INDEF-SET" type="PHYS-OBJECT" OPERATOR="AND" start="43" end="85"/>
>    <RELATION id="8" head="V37571" res="V37566" label="SEQUENCE"/>
>    <RELATION id="9" head="V37571" res="V37589" label="SEQUENCE1"/>
>    <PHRASE id="V37566" indicator="A" type="MANUFACTURED-OBJECT" text="HILL" start="43" end="50"/>
>    <PHRASE id="V37589" indicator="INDEF-SET" type="NATURAL-OBJECT" text="ROCK" start="54" end="85"/>
>    <RELATION id="10" head="V37589" res="V37597" label="LOCATION"/>
>    <RELATION id="11" head="V37589" res="V37581" label="MOD"/>
>    <PHRASE id="V37581" indicator="F" type="NOT-SMOOTH-VAL" text="RUGGED" start="54" end="61"/>
>    <RELATION id="12" head="V37581" res="V37589" label="FIGURE"/>
>    <PHRASE id="V37597" indicator="F" type="IN-LOC" text="IN" start="67" end="85"/>
>    <RELATION id="13" head="V37597" res="V37653" label="GROUND"/>
>    <RELATION id="14" head="V37597" res="V37589" label="FIGURE"/>
>    <PHRASE id="V37653" indicator="THE" type="IMAGE" text="BACKGROUND" start="70" end="85"/>
>   </SENTENCE>
>  </SCENE>
> </SpRL>
