2,213c2,27
< <?xml-stylesheet type="text/xsl" href="../style/parser-interface.xsl"?>
< <!DOCTYPE trips-parser-output SYSTEM "../trips-parser-output.dtd">
< <trips-parser-output parser-build-date="2017-09-20T12:11:02-0500" system="STEP" extsformat="svg" tagsformat="hidden" treecontents="phrase" treeformat="LinGO" lfformat="svg" semantic-skeleton-scoring="T" rule-sets="" input="a volunteer , squatting down and browsing through a school book .
< ">
< <debug>
< 
<  FOUNDS SEQUENCE from constit (% W::NP (W::BARE-SEQUENCE -) (W::CONSTRAINT -)
<                                  (W::MASS W::BARE) (W::GENERATED +)
<                                  (W::POSTADVBL +)
<                                  (W::SEM ?8607:(?17996:(F::PHYS-OBJ
<                                                         F::ABSTR-OBJ) NIL))
<                                  (W::LF (% W::DESCRIPTION (W::STATUS ONT::DEFINITE)
<                                            (W::VAR V402389)
<                                            (W::SORT W::INDIVIDUAL)
<                                            (W::LEX (W::A))
<                                            (W::CLASS ONT::SEQUENCE)
<                                            (W::CONSTRAINT (% &amp; (W::NAME-OF (W::A))
<                                                              (W::VAL (W::A))))
<                                            (W::LEX W::A) (W::SEM ?17994)
<                                            (W::TRANSFORM ?17995)))
<                                  (W::CASE ?17993:(W::SUB W::OBJ -))
<                                  (W::AGR ?17992) (W::CLASS ONT::ANY-SEM)
<                                  (W::VAR V402389) (W::SORT W::PRED) (W::NAME -)
<                                  (W::PRO -) (W::CHANGEAGR -) (W::LEX W::A)
<                                  (W::HEADCAT W::VALUE) (W::TRANSFORM -)
<                                  (W::REFL -) (1 RNUMBER402409))
< 
<  FOUNDS SEQUENCE from constit (% W::NP (W::BARE-SEQUENCE -) (W::CONSTRAINT -)
<                                  (W::MASS W::BARE) (W::GENERATED +)
<                                  (W::POSTADVBL +)
<                                  (W::SEM ?8607:(?18295:(F::PHYS-OBJ
<                                                         F::ABSTR-OBJ) NIL))
<                                  (W::LF (% W::DESCRIPTION (W::STATUS ONT::DEFINITE)
<                                            (W::VAR V402392)
<                                            (W::SORT W::INDIVIDUAL)
<                                            (W::LEX (W::A))
<                                            (W::CLASS ONT::SEQUENCE)
<                                            (W::CONSTRAINT (% &amp; (W::NAME-OF (W::A))
<                                                              (W::VAL (W::A))))
<                                            (W::LEX W::A) (W::SEM ?18293)
<                                            (W::TRANSFORM ?18294)))
<                                  (W::CASE ?18292:(W::SUB W::OBJ -))
<                                  (W::AGR ?18291) (W::CLASS ONT::ANY-SEM)
<                                  (W::VAR V402392) (W::SORT W::PRED) (W::NAME -)
<                                  (W::PRO -) (W::CHANGEAGR -) (W::LEX W::A)
<                                  (W::HEADCAT W::VALUE) (W::TRANSFORM -)
<                                  (W::REFL -) (1 RNUMBER402411))
< *last-utt-id*=NIL  utt-id+73
< *last-utt-id*=73  utt-id+NIL</debug><utt><words><lisp>(W::A W::VOLUNTEER W::SQUATTING W::DOWN W::AND W::BROWSING W::THROUGH W::A
<  W::SCHOOL W::BOOK W::PUNC-PERIOD)</lisp><word>A</word><word>VOLUNTEER</word><word>SQUATTING</word><word>DOWN</word><word>AND</word><word>BROWSING</word><word>THROUGH</word><word>A</word><word>SCHOOL</word><word>BOOK</word><word>PUNC-PERIOD</word></words><tags><lisp>((WORD &quot;a&quot; :FRAME (0 1) :SENSE-INFO
<   ((:PENN-PARTS-OF-SPEECH (DT) :TRIPS-PARTS-OF-SPEECH (W::ART W::QUAN W::PRO)))
<   :UTTNUM 73 :CHANNEL DESKTOP :DIRECTION INPUT)
<  (WORD &quot;volunteer&quot; :FRAME (2 11) :SENSE-INFO
<   ((:PENN-PARTS-OF-SPEECH (NN) :TRIPS-PARTS-OF-SPEECH (W::N))) :UTTNUM 73
<   :CHANNEL DESKTOP :DIRECTION INPUT)
<  (PREFER &quot;a volunteer&quot; :FRAME (0 11) :PENN-CATS (NP) :TRIPS-CATS (W::NP) :SCORE
<   13.786 :UTTNUM 73 :CHANNEL DESKTOP :DIRECTION INPUT)
<  (WORD &quot;,&quot; :FRAME (12 13) :SENSE-INFO
<   ((:PENN-PARTS-OF-SPEECH (COMMA) :TRIPS-PARTS-OF-SPEECH (W::PUNC))) :UTTNUM 73
<   :CHANNEL DESKTOP :DIRECTION INPUT)
<  (WORD &quot;squatting&quot; :FRAME (14 23) :SENSE-INFO
<   ((:PENN-PARTS-OF-SPEECH (VBG) :TRIPS-PARTS-OF-SPEECH (W::V))) :UTTNUM 73
<   :CHANNEL DESKTOP :DIRECTION INPUT)
<  (WORD &quot;down&quot; :FRAME (24 28) :SENSE-INFO
<   ((:PENN-PARTS-OF-SPEECH (RP) :TRIPS-PARTS-OF-SPEECH (W::PART))) :UTTNUM 73
<   :CHANNEL DESKTOP :DIRECTION INPUT)
<  (PREFER &quot;down&quot; :FRAME (24 28) :PENN-CATS (PRT) :TRIPS-CATS (W::PART) :SCORE
<   2.647 :UTTNUM 73 :CHANNEL DESKTOP :DIRECTION INPUT)
<  (PREFER &quot;squatting down&quot; :FRAME (14 28) :PENN-CATS (VP) :TRIPS-CATS (W::VP)
<   :SCORE 17.813 :UTTNUM 73 :CHANNEL DESKTOP :DIRECTION INPUT)
<  (WORD &quot;and&quot; :FRAME (29 32) :SENSE-INFO
<   ((:PENN-PARTS-OF-SPEECH (CC) :TRIPS-PARTS-OF-SPEECH (W::CONJ))) :UTTNUM 73
<   :CHANNEL DESKTOP :DIRECTION INPUT)
<  (WORD &quot;browsing&quot; :FRAME (33 41) :SENSE-INFO
<   ((:PENN-PARTS-OF-SPEECH (VBG) :TRIPS-PARTS-OF-SPEECH (W::V))) :UTTNUM 73
<   :CHANNEL DESKTOP :DIRECTION INPUT)
<  (WORD &quot;through&quot; :FRAME (42 49) :SENSE-INFO
<   ((:PENN-PARTS-OF-SPEECH (IN) :TRIPS-PARTS-OF-SPEECH (W::PREP W::ADV)))
<   :UTTNUM 73 :CHANNEL DESKTOP :DIRECTION INPUT)
<  (WORD &quot;a&quot; :FRAME (50 51) :SENSE-INFO
<   ((:PENN-PARTS-OF-SPEECH (DT) :TRIPS-PARTS-OF-SPEECH (W::ART W::QUAN W::PRO)))
<   :UTTNUM 73 :CHANNEL DESKTOP :DIRECTION INPUT)
<  (WORD &quot;school&quot; :FRAME (52 58) :SENSE-INFO
<   ((:PENN-PARTS-OF-SPEECH (NN) :TRIPS-PARTS-OF-SPEECH (W::N))) :UTTNUM 73
<   :CHANNEL DESKTOP :DIRECTION INPUT)
<  (WORD &quot;book&quot; :FRAME (59 63) :SENSE-INFO
<   ((:PENN-PARTS-OF-SPEECH (NN) :TRIPS-PARTS-OF-SPEECH (W::N))) :UTTNUM 73
<   :CHANNEL DESKTOP :DIRECTION INPUT)
<  (PREFER &quot;a school book&quot; :FRAME (50 63) :PENN-CATS (NP) :TRIPS-CATS (W::NP)
<   :SCORE 19.95 :UTTNUM 73 :CHANNEL DESKTOP :DIRECTION INPUT)
<  (PREFER &quot;through a school book&quot; :FRAME (42 63) :PENN-CATS (PP) :TRIPS-CATS
<   (W::PP) :SCORE 24.987 :UTTNUM 73 :CHANNEL DESKTOP :DIRECTION INPUT)
<  (PREFER &quot;browsing through a school book&quot; :FRAME (33 63) :PENN-CATS (VP)
<   :TRIPS-CATS (W::VP) :SCORE 37.223 :UTTNUM 73 :CHANNEL DESKTOP :DIRECTION
<   INPUT)
<  (PREFER &quot;squatting down and browsing through a school book&quot; :FRAME (14 63)
<   :PENN-CATS (VP) :TRIPS-CATS (W::VP) :SCORE 59.717 :UTTNUM 73 :CHANNEL DESKTOP
<   :DIRECTION INPUT)
<  (WORD &quot;.&quot; :FRAME (64 64) :SENSE-INFO
<   ((:PENN-PARTS-OF-SPEECH (FULL_STOP) :TRIPS-PARTS-OF-SPEECH (W::PUNC)))
<   :UTTNUM 73 :CHANNEL DESKTOP :DIRECTION INPUT)
<  (PREFER &quot;a volunteer , squatting down and browsing through a school book .&quot;
<   :FRAME (0 64) :PENN-CATS (FRAG) :SCORE 81.164 :UTTNUM 73 :CHANNEL DESKTOP
<   :DIRECTION INPUT))</lisp><word lex="a" start="0" end="1"><sense-info penn-parts-of-speech="DT" trips-parts-of-speech="ART,QUAN,PRO" /></word><word lex="volunteer" start="2" end="11"><sense-info penn-parts-of-speech="NN" trips-parts-of-speech="N" /></word><prefer text="a volunteer" start="0" end="11" penn-cats="NP" score="13.786" /><word lex="," start="12" end="13"><sense-info penn-parts-of-speech="COMMA" trips-parts-of-speech="PUNC" /></word><word lex="squatting" start="14" end="23"><sense-info penn-parts-of-speech="VBG" trips-parts-of-speech="V" /></word><word lex="down" start="24" end="28"><sense-info penn-parts-of-speech="RP" trips-parts-of-speech="PART" /></word><prefer text="down" start="24" end="28" penn-cats="PRT" score="2.647" /><prefer text="squatting down" start="14" end="28" penn-cats="VP" score="17.813" /><word lex="and" start="29" end="32"><sense-info penn-parts-of-speech="CC" trips-parts-of-speech="CONJ" /></word><word lex="browsing" start="33" end="41"><sense-info penn-parts-of-speech="VBG" trips-parts-of-speech="V" /></word><word lex="through" start="42" end="49"><sense-info penn-parts-of-speech="IN" trips-parts-of-speech="PREP,ADV" /></word><word lex="a" start="50" end="51"><sense-info penn-parts-of-speech="DT" trips-parts-of-speech="ART,QUAN,PRO" /></word><word lex="school" start="52" end="58"><sense-info penn-parts-of-speech="NN" trips-parts-of-speech="N" /></word><word lex="book" start="59" end="63"><sense-info penn-parts-of-speech="NN" trips-parts-of-speech="N" /></word><prefer text="a school book" start="50" end="63" penn-cats="NP" score="19.95" /><prefer text="through a school book" start="42" end="63" penn-cats="PP" score="24.987" /><prefer text="browsing through a school book" start="33" end="63" penn-cats="VP" score="37.223" /><prefer text="squatting down and browsing through a school book" start="14" end="63" penn-cats="VP" score="59.717" /><word lex="." start="64" end="64"><sense-info penn-parts-of-speech="FULL_STOP" trips-parts-of-speech="PUNC" /></word><prefer text="a volunteer , squatting down and browsing through a school book ." start="0" end="64" penn-cats="FRAG" score="81.164" /></tags><tree><lisp>(UTT
<  (UTT
<   (NP
<    (NP (SPEC (DET (ART A)))
<     (N1 (N1 (N VOLUNTEER))
<      (CP (VP (VP- (VP- (V SQUATTING)) (ADVBL (ADV DOWN)))))))
<    (CONJ AND)
<    (NP
<     (N1 (N1 (V BROWSING))
<      (ADVBL (ADV THROUGH)
<       (NP (SPEC (DET (ART A))) (N1 (N1 (N SCHOOL)) (N1 (N BOOK)))))))))
<  (PUNC PUNC-PERIOD))</lisp><UTT><UTT><NP><NP><SPEC><DET><ART>A</ART></DET></SPEC><N1><N1><N>VOLUNTEER</N></N1><CP><VP><VP-><VP-><V>SQUATTING</V></VP-><ADVBL><ADV>DOWN</ADV></ADVBL></VP-></VP></CP></N1></NP><CONJ>AND</CONJ><NP><N1><N1><V>BROWSING</V></N1><ADVBL><ADV>THROUGH</ADV><NP><SPEC><DET><ART>A</ART></DET></SPEC><N1><N1><N>SCHOOL</N></N1><N1><N>BOOK</N></N1></N1></NP></ADVBL></N1></NP></NP></UTT><PUNC>PUNC-PERIOD</PUNC></UTT></tree><terms root="#V403466"><lisp>((ONT::SPEECHACT ONT::V403466 ONT::SA_IDENTIFY :PUNCTYPE W::DECL :CONTENT
<   ONT::V402013 :START 0 :END 64)
<  (ONT::INDEF-SET ONT::V402013 ONT::REFERENTIAL-SEM :OPERATOR ONT::AND :SEQUENCE
<   (ONT::V401963 ONT::V402023) :START 0 :END 64)
<  (ONT::A ONT::V401963 (:* ONT::PERSON W::VOLUNTEER) :MOD ONT::V401970 :START 0
<   :END 29)
<  (ONT::F ONT::V401970 (:* ONT::BODY-MOVEMENT-SELF W::SQUAT) :RESULT
<   ONT::V402001 :AGENT ONT::V401963 :VFORM W::ING :START 14 :END 29)
<  (ONT::F ONT::V402001 (:* ONT::DIRECTION-DOWN W::DOWN) :FIGURE ONT::V401963
<   :START 24 :END 29)
<  (ONT::BARE ONT::V402023 (:* ONT::SCRUTINY W::BROWSE) :MOD ONT::V402026 :START
<   33 :END 64)
<  (ONT::F ONT::V402026 (:* ONT::THROUGH W::THROUGH) :GROUND ONT::V402086 :FIGURE
<   ONT::V402023 :START 42 :END 64)
<  (ONT::A ONT::V402086 (:* ONT::BOOK W::BOOK) :ASSOC-WITH ONT::V402080 :START 50
<   :END 64)
<  (ONT::KIND ONT::V402080 (:* ONT::ACADEMIC-INSTITUTION W::SCHOOL) :START 50
<   :END 64))</lisp><rdf:RDF
<   xmlns:rdf="http://www.w3.org/1999/02/22-rdf-syntax-ns#"
<   xmlns:role="http://www.cs.rochester.edu/research/trips/role#"
<   xmlns:LF="http://www.cs.rochester.edu/research/trips/LF#">
<   <rdf:Description rdf:ID="V403466">
<     <LF:indicator>SPEECHACT</LF:indicator>
<     <LF:type>SA_IDENTIFY</LF:type>
<     <role:PUNCTYPE>DECL</role:PUNCTYPE>
<     <role:CONTENT rdf:resource="#V402013" />
<     <LF:start>0</LF:start>
<     <LF:end>64</LF:end>
<   </rdf:Description>
<   <rdf:Description rdf:ID="V402013">
<     <LF:indicator>INDEF-SET</LF:indicator>
<     <LF:type>REFERENTIAL-SEM</LF:type>
<     <role:OPERATOR>AND</role:OPERATOR>
<     <role:SEQUENCE rdf:resource="#V401963" />
<     <role:SEQUENCE1 rdf:resource="#V402023" />
<     <LF:start>0</LF:start>
<     <LF:end>64</LF:end>
<   </rdf:Description>
<   <rdf:Description rdf:ID="V401963">
<     <LF:indicator>A</LF:indicator>
<     <LF:type>PERSON</LF:type>
<     <LF:word>VOLUNTEER</LF:word>
<     <role:MOD rdf:resource="#V401970" />
<     <LF:start>0</LF:start>
<     <LF:end>29</LF:end>
<   </rdf:Description>
<   <rdf:Description rdf:ID="V401970">
<     <LF:indicator>F</LF:indicator>
<     <LF:type>BODY-MOVEMENT-SELF</LF:type>
<     <LF:word>SQUAT</LF:word>
<     <role:RESULT rdf:resource="#V402001" />
<     <role:AGENT rdf:resource="#V401963" />
<     <role:VFORM>ING</role:VFORM>
<     <LF:start>14</LF:start>
<     <LF:end>29</LF:end>
<   </rdf:Description>
<   <rdf:Description rdf:ID="V402001">
<     <LF:indicator>F</LF:indicator>
<     <LF:type>DIRECTION-DOWN</LF:type>
<     <LF:word>DOWN</LF:word>
<     <role:FIGURE rdf:resource="#V401963" />
<     <LF:start>24</LF:start>
<     <LF:end>29</LF:end>
<   </rdf:Description>
<   <rdf:Description rdf:ID="V402023">
<     <LF:indicator>BARE</LF:indicator>
<     <LF:type>SCRUTINY</LF:type>
<     <LF:word>BROWSE</LF:word>
<     <role:MOD rdf:resource="#V402026" />
<     <LF:start>33</LF:start>
<     <LF:end>64</LF:end>
<   </rdf:Description>
<   <rdf:Description rdf:ID="V402026">
<     <LF:indicator>F</LF:indicator>
<     <LF:type>THROUGH</LF:type>
<     <LF:word>THROUGH</LF:word>
<     <role:GROUND rdf:resource="#V402086" />
<     <role:FIGURE rdf:resource="#V402023" />
<     <LF:start>42</LF:start>
<     <LF:end>64</LF:end>
<   </rdf:Description>
<   <rdf:Description rdf:ID="V402086">
<     <LF:indicator>A</LF:indicator>
<     <LF:type>BOOK</LF:type>
<     <LF:word>BOOK</LF:word>
<     <role:ASSOC-WITH rdf:resource="#V402080" />
<     <LF:start>50</LF:start>
<     <LF:end>64</LF:end>
<   </rdf:Description>
<   <rdf:Description rdf:ID="V402080">
<     <LF:indicator>KIND</LF:indicator>
<     <LF:type>ACADEMIC-INSTITUTION</LF:type>
<     <LF:word>SCHOOL</LF:word>
<     <LF:start>50</LF:start>
<     <LF:end>64</LF:end>
<   </rdf:Description>
< </rdf:RDF>
< </terms></utt></trips-parser-output>
\ No newline at end of file
---
> <SpRL>
>  <SCENE>
>   <SENTENCE id="s1" indicator="SPEECHACT" type="SA_IDENTIFY" PUNCTYPE="DECL" start="0" end="64">
>    <TEXT>a volunteer , squatting down and browsing through a school book .</TEXT>
>    <RELATION id="1" head="V403466" res="V402013" label="CONTENT"/>
>    <PHRASE id="V402013" indicator="INDEF-SET" type="REFERENTIAL-SEM" OPERATOR="AND" start="0" end="64"/>
>    <RELATION id="2" head="V402013" res="V401963" label="SEQUENCE"/>
>    <RELATION id="3" head="V402013" res="V402023" label="SEQUENCE1"/>
>    <PHRASE id="V401963" indicator="A" type="PERSON" text="VOLUNTEER" start="0" end="29"/>
>    <RELATION id="4" head="V401963" res="V401970" label="MOD"/>
>    <PHRASE id="V401970" indicator="F" type="BODY-MOVEMENT-SELF" text="SQUAT" VFORM="ING" start="14" end="29"/>
>    <RELATION id="5" head="V401970" res="V402001" label="RESULT"/>
>    <RELATION id="6" head="V401970" res="V401963" label="AGENT"/>
>    <PHRASE id="V402001" indicator="F" type="DIRECTION-DOWN" text="DOWN" start="24" end="29"/>
>    <RELATION id="7" head="V402001" res="V401963" label="FIGURE"/>
>    <PHRASE id="V402023" indicator="BARE" type="SCRUTINY" text="BROWSE" start="33" end="64"/>
>    <RELATION id="8" head="V402023" res="V402026" label="MOD"/>
>    <PHRASE id="V402026" indicator="F" type="THROUGH" text="THROUGH" start="42" end="64"/>
>    <RELATION id="9" head="V402026" res="V402086" label="GROUND"/>
>    <RELATION id="10" head="V402026" res="V402023" label="FIGURE"/>
>    <PHRASE id="V402086" indicator="A" type="BOOK" text="BOOK" start="50" end="64"/>
>    <RELATION id="11" head="V402086" res="V402080" label="ASSOC-WITH"/>
>    <PHRASE id="V402080" indicator="KIND" type="ACADEMIC-INSTITUTION" text="SCHOOL" start="50" end="64"/>
>   </SENTENCE>
>  </SCENE>
> </SpRL>
